The decision-making process for Player1 centered around evaluating suspicions regarding Player2 and Player4. Player1 leaned on several key observations to inform their decision:

1. **Lack of Consensus and Need for Analysis**: Initially, Player1 recognized that a clear consensus was lacking among the players. This highlights the importance of thorough discussion and critical analysis of each player's behavior.

2. **Argument against Player4**: 
   - Player4's quiet nature was noted as potentially evasive.
   - There were inconsistencies in Player4’s statements that raised suspicions.
   - The decision to target Player4 was seen as a way to gather more information from the group's reactions.

3. **Argument against Player2**:
   - Player2's behavior was more actively suspicious. They were dodging questions and seemed hesitant to contribute to discussions.
   - Multiple players expressed doubts about Player2, implying broader group suspicion.
   - Eliminating Player2 was seen as strategic to narrow down possible werewolves and provide more clarity.

4. **Final Decision**: Player1 eventually decided to vote against Player2. The decisive factors were the collective suspicion raised by their behavior, the importance of proactive contribution to discussions, and the potential for Player2’s elimination to illuminate other players' roles.

**Implications for Future Strategic Decisions**:

- **Proactive Engagement**: Encouraging active participation from all players is crucial as it helps in revealing inconsistencies and facilitates more accurate reads on intentions.

- **Evaluating Group Sentiment**: Understanding and weighing group sentiment is important. Multiple players’ doubts about an individual carry significant weight and should be factored heavily in decision-making.

- **Balancing Active vs. Passive Suspicion**: Passive behaviors (e.g., being quiet) should be reconsidered; they might not always indicate malintent as much as active behaviors like evasive answering or lack of engagement.

- **Using Eliminations for Clarity**: Strategic eliminations that clarify roles and foster insights into other players' strategies can position the group advantageously in subsequent rounds. Hence, decisions need to consider not just the immediate target but also the long-term impacts on game dynamics.
In the decision-making process observed during the game of Werewolf, Player1 focused on the elimination of Player4, citing their quiet demeanor and inconsistent statements as reasons for suspicion. Initially, Player1 considered the previous focus on Player2 owing to their evasive behavior. However, they shifted their prime target to Player4 because they believed it would provide valuable insights into the roles of other players by gauging reactions and revealing dynamics.

**Key Decisions and Implications:**

1. **Target Selection**: The decision to vote against Player4 was based on behavioral analysis, considering quietness and inconsistency as indicators of potential deceit. Player1 believed that this choice would offer strategic insight post-elimination, potentially clarifying the players' roles.

2. **Change in Strategy**: Player1 initially entertained the idea of voting against Player2, who had been under prior suspicion. However, they shifted focus to Player4 after evaluating the potential benefits of targeting someone who hadn’t been centrally focused in past discussions. This adaptability emphasizes the need for flexibility in strategy based on emerging group dynamics and behaviors.

3. **Outcome Assessment**: Player1's rationale reflected a calculated risk aiming to evoke reactions from other players, thus using Player4's elimination as a tool for broader clarity. They considered potential outcomes if Player4 was indeed a villager, indicating preparedness to reassess strategies based on new information.

**Future Strategic Implications:**

- **Monitoring Group Dynamics**: Continual assessment of player dynamics and behaviors is crucial. Subtle shifts can offer insights into alliances or deceptive tactics.
  
- **Balanced Risk-Taking**: Player1’s decision to change voting targets illustrates the importance of taking calculated risks based on available information. Flexibility in adapting strategies based on evolving discussions can enhance decision-making accuracy.

- **Information Gathering through Reactions**: The strategy to read reactions post-elimination underlines the importance of understanding psychological cues. Effective werewolf strategists should leverage these as informative sources for deducing player roles.

- **Preparedness for Adaptive Contingencies**: Always formulate plans for different outcomes, especially when unsure of a player's role, to pivot strategies quickly and thoughtfully as new information becomes available.

These reflections should inform future strategic decision-making by prioritizing adaptability, careful observation of subtleties in behavior, and leveraging outcomes to inform the ongoing approach in the game.