In this round of Werewolf, Player1 prioritized strategic decision-making by analyzing the behaviors of the other players, targeting Player2 and Player4 for elimination.

**Decisions and Arguments:**

1. **Identification of Threats:**
   - **Player2:** Refusing to provide direct answers and lack of contribution were seen as suspicious. Player1 interpreted these actions as indicative of a hidden agenda, potentially marking Player2 as a werewolf.
   - **Player4:** Similarly suspected due to minimal input during discussions. However, Player1 hypothesized that this could be due to Player4 being an uncertain villager rather than a strategic werewolf.

2. **Voting Strategy:**
   - **Final Decision:** Player1 ultimately favored voting for Player2. The decision-making process demonstrates an emphasis on choosing the target with clearer signs of strategic evasion, potentially identifying a werewolf.

**Implications for Future Strategic Decisions:**

1. **Behavioral Analysis:** Player1's strategy underscores the importance of behavioral observation and how a player's contribution and interaction style can reveal their role. Continuing this approach can provide further insights into other players' identities.

2. **Risk Evaluation:** There is a risk in interpreting minimal participation as signs of guilt. Future decisions should consider a balance, potentially integrating additional signals like role claims or alliances to corroborate suspicions.

3. **Reactions to Elimination:** Player1 plans to analyze reactions after voting, highlighting a longer-term strategy to gather information. Observing how remaining players respond to eliminations could offer more clues about their roles.

4. **Adaptation and Flexibility:** Decisions must remain adaptable, as changes in player behavior or unforeseen consequences from eliminations might necessitate a reevaluation of strategies.

Overall, Player1's approach could be refined by integrating a broader range of evidences, such as player alliances or night-time activities, alongside behavioral analysis. Keeping track of how players respond to eliminations could yield valuable insights for future rounds.
The strategic decisions made by Player1 reveal a complex approach focused on evaluating player behavior and encouraging strategic eliminations based on perceived evasiveness and lack of contribution to discussions. Player1 identified both Player2 and Player3 as potential werewolves due to their non-contributory behavior, but ultimately decided to vote for Player2, believing that eliminating Player2 would provide more information and clearer insights through reactions in subsequent rounds.

**Key Implications for Future Strategic Decisions:**

1. **Assessing Evasiveness and Participation:** Player1 highlights the significance of evaluating player engagement and contribution to discussions. Future games could benefit from maintaining close observations of each player's level of participation and how it correlates with their potential roles. It's crucial to differentiate between genuine quietness and evasion due to ulterior motives.

2. **Prioritizing the Reaction Chain:** Player1's decision underscores the importance of predicting and analyzing player reactions following an elimination. Observing how surviving players adjust their behavior after an elimination can offer additional clues about their identities and motives.

3. **Flexibility and Adaptability:** Player1 emphasizes the need to be adaptable and ready for new insights that might shift the course of action. This flexibility should be incorporated into any strategy, as reactions and emerging behaviors hold potential to overturn initial suspicions or reinforce them.

4. **Emphasizing Communication:** Ensuring open and strategic communication is critical, not only to accumulate votes required for elimination but also for interpreting the intentions of others. Consistent dialogue can uncover inconsistencies or alliances.

5. **Managing Ambiguous Situations:** While Player1 chose to act on existing suspicions, there is a risk inherent in making decisions based on insufficient evidence. Future strategies should incorporate a balance between action and the quest for clearer confirmations to avoid premature eliminations of non-threat players.

By learning from Player1’s decisions and reflections, future games can utilize a combination of tactical evaluations, adaptive strategies, and enhanced communication to navigate incomplete information and foster informed eliminations in the game of Werewolf.