In the past decisions outlined, Player1 engaged in strategic behavioral analysis to manage suspicion dynamics within the group and guide the decision-making process. Player1's approach was to subtly influence the group's perceptions by highlighting specific behaviors of others—namely, Player2, Player3, and Player4—to redirect suspicion and cast doubt on their actions or inactions.

Key Decisions and Strategies:
1. **Deflecting Suspicion**: Player1 attempted to subtly shift suspicion away from themselves by initiating doubt on the behaviors of others (e.g., Player2's evasiveness).
   
2. **Behavioral Analysis**: Player1 closely monitored and identified patterns in other players' behaviors, categorizing them as suspicious. Notably, they drew attention to the lack of engagement and meaningful contribution from Player4, which they posited as a deliberate tactic to avoid detection.

3. **Target Selection**: Player1 had two arguments ready—one against Player4 and another against Player3. However, their decision focused on Player4 as the primary target due to consistent patterns of suspicious behavior, ultimately leading to a vote against Player4.

**Implications for Future Strategic Decisions:**

1. **Effective Observation and Argumentation**: Future strategies should continue to leverage observation skills to identify and articulate specific behaviors that could indicate hidden motives. Effective argumentation relies on the ability to provide coherent reasoning for suspicion to sway the group's decision.

2. **Balance in Accusation**: While deflecting attention is a useful tactic, over-emphasis on accusing others can backfire if not sufficiently grounded in observable evidence or logical reasoning. Ensuring that accusations remain credible and align with group perceptions is crucial.

3. **Dynamic Flexibility**: Player1's flexible approach by preparing arguments against multiple players underscores the importance of adaptability. Being able to pivot focuses based on the evolving group dynamics can be crucial in managing the delicate balance of suspicion.

4. **Social Influence and Trust**: The effectiveness of Player1's strategy in steering the group's perception hinges on their ability to maintain social influence without generating counter-suspicions. Building trust and rapport with other players while subtly guiding decisions can be a potent strategy.

Overall, the decision-making process should prioritize strategic communication, evidence-based accusations, and the preservation of credibility within the group dynamics.
In reviewing the past decisions and strategies in Werewolf, a few key aspects stand out:

1. **Suspicion-Based Strategy**: Player1 focused on raising suspicion against other players, particularly Player3 and Player4. The strategic emphasis was on observing engagement levels and using those observations to cast doubt.

2. **Target Rotation**: Player1 initially targeted Player4, then decided to shift focus to Player3 when evaluating the behavior of both players. This decision was based on Player3’s behavior of deflecting questions and avoiding engagement, which Player1 interpreted as more suspicious than Player4's disengagement.

3. **Subtle Manipulation**: Player1 employed a strategy of subtly questioning others and creating divides within the group. By questioning Player2's silence, Player1 expanded the field of suspicion, which could lead to a broader array of targets.

4. **Strategic Decision-Making**: The decision to vote for Player3 over Player4 was a calculated move to gather more information and maintain strategic momentum. The idea was to use Player3's elimination as a stepping stone towards potentially incriminating Player4 later.

### Implications for Future Strategic Decisions

- **Behavior Analysis**: It’s crucial to analyze player behaviors thoroughly and consider how passive or deflective actions may indicate deceptive roles. However, over-reliance on disengagement as a sign of suspicion can be exploited by experienced players.

- **Flexibility in Strategy**: The ability to pivot and rotate targets based on evolving discussions is crucial. This flexibility allows for adaptive strategies depending on the group’s dynamics and provides the opportunity to gather more information before solidifying a strategy.

- **Subtle Influence**: Developing the skill to plant seeds of doubt without overtly drawing attention to oneself is a valuable tactic. It helps maintain a low profile while influencing the game’s narrative.

- **Collective Focus**: While it's essential to cast suspicion effectively, ensuring the collective focus of remaining group members is also important. A unified approach can amplify strategic effectiveness and lead to more decisive outcomes.

For future games, maintaining a balance between assertiveness and subtlety, leveraging flexibility in decisions, and understanding the dynamics of suspicion will be key to successful strategizing.