In reviewing the strategic decisions made by Player1, it is clear they were attempting to maintain their cover as a werewolf while influencing the game in their favor. Player1's primary strategy was to blend in by engaging in discussions that focused on analyzing player behaviors during the day phase. This approach serves to divert attention and avoid raising suspicions about their own role.

In their decision-making process, Player1 targeted Player2 for elimination, citing suspicious behavior and a tendency to deflect attention. This strategy suggests Player1 considered Player2 a significant threat, either due to their potential as a powerful role (such as a seer or witch) or as a strategically knowledgeable player who might expose Player1's role.

Conversely, Player4 was also a target, but they were not the preferred choice. Player1 referred to Player4's vague responses as indicative of werewolf behavior, yet ultimately, their decision leaned towards eliminating Player2. This highlights a critical consideration: the balance between perceived threats based on behavior versus potential impact on game dynamics and alignment with Player1’s ultimate objective as a werewolf.

For future strategic decisions, the implications are multifold:

1. **Read the Room**: As a werewolf, blending in by discussing general strategies without disclosing one's role helps in avoiding suspicion. This approach helps balance aggression with diplomacy.
   
2. **Target Prioritization**: Deciding who to eliminate based on behavior analysis is crucial. Target players who have the potential to disrupt one's strategy, whether by potentially holding important roles or by wielding influence over others.
   
3. **Manage Suspicion**: Ensure that arguments against other players are convincing yet not too aggressive, maintaining the guise of a cooperative team member instead of an opportunistic adversary.

4. **Adapt Strategies**: Remaining flexible with decisions allows for shifts based on evolving player dynamics and emerging behaviors from others, especially when key roles like the seer or witch might come into play.

5. **Consider Long-term Consequences**: The focus should be on not just immediate gains (e.g., removing a loud opponent) but also on long-term benefits, such as destabilizing any emerging role delineations among the villagers that could threaten the wolves.

By internalizing these reflections, future strategies can be more effectively tuned to maintain cover, identify and neutralize threats, and eventually position the werewolf team for victory.
In the strategic decision-making in the game of Werewolf, Player1 focuses on undermining Player2's credibility while planting seeds of doubt about other players to maintain their cover as a werewolf. The central strategy here involved manipulating group dynamics and conversations to cast suspicion on specific players, such as Player3 and Player4, while subtly attempting to isolate Player2.

Player1's approach included two main tactics: 
1. Casting doubt on Player2 by highlighting their non-engagement in discussions and suggesting they might be hiding something.
2. Elevating suspicion about Player3 and Player4 through targeted arguments highlighting their lack of contribution and vague responses, respectively.

Player1's decision ultimately favored voting out Player3, justified by their suspicious lack of contributions and misdirection in conversations, which could help avoid Player1 attracting suspicion themselves.

Reflections and implications for future strategic decisions include:

1. **Building Alliances and Maintaining Cover**: As a werewolf, it is vital to build alliances convincingly while maintaining the facade of a villager. This involves persuasive communication and influencing group opinion without becoming the focus of suspicion.

2. **Manipulating Perceptions and Tension**: Directing suspicion towards other players can be effective, but it must be balanced to avoid creating a backlash that could isolate the instigator. Subtlety and moderation in casting doubt are critical.

3. **Role of Contributions and Active Participation**: The roles discussed reminded how vital active participation and contribution are to appear helpful and less suspicious. Disengagement should be framed as suspicious behavior when targeting others.

4. **Preemptive Isolation of Threats**: Identifying and isolating players who pose a threat or are close to uncovering your identity is integral. This involves keen observation and adjusting tactics based on unfolding conversations.

By understanding these dynamics, future players—whether werewolves or villagers—can better navigate the social and strategic complexities of the game.