In this scenario, Player1, who is secretly a werewolf, employs a strategic approach to shift suspicion away from themselves and focus it on others. Player1 engages in discussions with seemingly genuine intentions by initiating conversation about the observations from the previous night, all the while subtly implicating Player2. They further build arguments against both Player2 and Player4, emphasizing their suspicions of Player4 by pointing out avoidance behavior and lack of contribution during group discussions.

### Key Strategies Employed by Player1:
1. **Redirection of Suspicion:** Player1 subtly redirects suspicion onto others, specifically Player4 and Player2, through careful argumentation aimed at influencing the group's perceptions without revealing their true identity.

2. **Target Selection Based on Behavioral Observations:** Player1 capitalizes on perceived behavioral cues such as avoidance and non-participation, which are common indicators looked for in deduction games like Werewolf.

3. **Use of Misleading Arguments:** Player1 manipulates information to create misleading narratives about Player4, leveraging typical werewolf behaviors. By creating the case for their elimination, Player1 seeks to neutralize threats while concealing their position.

### Implications for Future Strategic Decisions:

- **Discern Between Genuine and Deceptive Arguments:** Future decisions should involve a careful analysis of arguments presented by others, considering the possibility of manipulation of narratives by werewolves playing a double game.
  
- **Track Consistency and Engagement:** Player participation patterns, such as consistency in contributions and engagement levels, can provide critical insights. Those who engage differently may either be werewolves strategizing or villagers trying to survive.

- **Comprehensive Observation of Group Dynamics:** Beyond individual behavior, account for group dynamics and how interventions by different players influence the progression of discussions. Identify shifts in group suspicion for potential werewolf manipulation.

- **Preserve Detailed Records for Analytical Review:** In reviewing previous discussions, maintaining detailed notes on arguments made and behavioral cues will enhance accuracy in decisions, emphasizing patterns that differentiate villagers from werewolves.

These reflections can inform future strategic approaches within the game, enriching players' abilities to navigate complex social dynamics effectively.
In this game of Werewolf, Player1 is strategically trying to direct attention away from themselves while casting suspicion on Player2 and Player4. Player1's strategy involves two key components: maintaining their own innocence and sowing doubt about other players.

### Summary of Key Decisions and Arguments:

1. **Initial Argument Against Player2:**
   - **Thought Process:** Player1 notes Player2's unusual quietness and defensiveness during discussions. These behavioral cues are interpreted as potential signs of guilt.
   - **Strategy:** By emphasizing Player2's lack of engagement and defensive reactions, Player1 aims to shift collective suspicion towards them and frame their actions as indicative of a werewolf.

2. **Contingent Argument Against Player3:**
   - **Thought Process:** Player1 considers Player3's lack of engagement as suspicious, using similar logic to cast doubt on their innocence.
   - **Strategy:** Although Player3 is only a secondary target, Player1 includes them in the list of suspects to ensure there are multiple targets of suspicion, thereby increasing the likelihood of deflecting attention from themselves.

3. **Final Decision:**
   - **Thought Process:** Player1 decides that Player2 poses the more immediate threat due to their defensiveness and engagement patterns during votes. This culminates in a decision to vote against Player2, reinforcing the initial strategy of creating a focal point of suspicion away from themselves.

### Implications for Future Strategic Decisions:

1. **Multi-Tiered Suspicions:**
   - By identifying multiple targets, Player1 can adjust their strategy based on the dynamics of group discussion. Future strategists should consider developing parallel lines of suspicion to offer flexibility.

2. **Behavioral Cues as Evidence:**
   - Observing and interpreting behavior (such as defensiveness or lack of communication) is crucial. This should be emphasized in future games to manipulate the narrative effectively.

3. **Consistency and Confidence:**
   - Player1's confident alignment of their thought process with verbal arguments increases credibility. Future players should ensure alignment between inner thoughts and outward communication for persuasion to be effective.

4. **Attention Diversion:**
   - Successfully diverting attention involves not only accusing others but also providing logical and sustained reasons for doing so. Future tactics should integrate thorough and detailed reasoning that preemptively counters potential defenses.

By analyzing these strategic approaches, future participants can enhance their capacity to manipulate outcomes and shield themselves from suspicion effectively.