In the scenario outlined, Player1 is employing a strategic approach to casting suspicion and making elimination decisions. The main decision involved targeting Player4 as the primary suspect for elimination, based on their quiet demeanor and attempts to redirect discussions, which Player1 interpreted as potentially manipulative behaviors typical of a werewolf. The argument against Player3 was also considered but ultimately deemed less compelling due to the lack of substantial evidence compared to Player4's actions.

### Key Decisions and Implications:
1. **Suspicion Transfer Strategy:**
   - Player1 is deliberately pointing out behaviors of others (Player2 accusing Player3) to sow seeds of doubt among the group. This indicates a strategic approach to diverting attention away from themselves and creating confusion within the group about who the real threat is. 

2. **Analysis of Quiet Behavior:**
   - The decision to target Player4 hinged on the belief that quietness and minimal contribution to discussions are suspicious. This reflects a common strategy where quiet players are often targeted as they provide fewer clues about their allegiance. However, this strategy can be a double-edged sword, as it might lead to the loss of a key player if the quietness is due to cautiousness or genuine uncertainty instead of deceit.

3. **Strategy in Public Argumentation:**
   - Player1's arguments against Player4 were built around the latter's attempts to redirect conversations. This indicates Player1's awareness of communication tactics as a critical tool in identifying potential deceit. Understanding these tactics can be beneficial in future strategic decisions by observing who benefits from the shifting focus in group discussions.

4. **Player Dynamics and Behavior Insights:**
   - Recognizing patterns in player behavior, such as eagerness to accuse or reluctance to engage, can be vital in determining loyalty. This highlights the importance of paying attention to interaction dynamics, reinforcing the need to monitor both verbal and non-verbal cues for future strategic planning.

### Implications for Future Strategic Decisions:
- **Focus on Interaction Patterns:** Continuous monitoring of how players interact and react to accusations can provide clues about their roles. Future decisions should account for both verbal contributions and strategic silences.
  
- **Balance Between Caution and Action:** While it's important to be cautious with suspecting quieter players, it’s equally crucial to evaluate their actions or lack thereof contextually, ensuring that robust evidence supports any accusations to avoid misjudgment.
  
- **Use of Diversion Tactics:** Employing diversion tactics to keep one's own role hidden is emphasized, but this should be balanced with genuine involvement in discussions to maintain trustworthiness and influence group decision-making effectively.

Recognizing the inherent risks and potential benefits in these strategies will help in refining approaches, encouraging nuanced and evidence-based decision-making in future games.
Reflecting on Player1's strategy and decisions, we notice a balanced approach of suspicion and observation towards fellow players. The key strategic elements included:

1. **Suspicion towards Quietness**: Player1 consistently used the quiet behavior of other players, Player3 and Player4, as the basis for suspicion. Player1's argument was that quiet players may have a hidden agenda and might be trying to avoid drawing attention, which is a classic tell-tale sign often used in Werewolf games to identify suspects.

2. **Interaction with Other Players**: Player1 not only expressed their own suspicions but also capitalized on Player2's accusations towards Player3 to reinforce their decision. This interaction suggests that leveraging and aligning with other players' insights can strengthen one's own position and lead to a consensus, which is vital for decision-making in strategic deduction games like Werewolf.

3. **Multi-Pronged Argumentation**: The dual focus on Player3's silence and Player4's redirecting attempts shows an adaptable approach, preparing Player1 to pivot if necessary. It reflects a tactical foresight — having alternative arguments in case one doesn't work out.

4. **Final Decision on Player3**: Ultimately, the decision to vote against Player3 was based on combining personal observations with external accusations (Player2's input), displaying a strategic synthesis of internal logic and external validation.

**Implications for Future Strategic Decisions**:

- **Balancing Personal Observation with Group Dynamics**: Maintaining a balance between one's own deductions and taking into account others' inputs can be beneficial. This prevents the tunnel vision effect and can lead to more informed decision-making processes.

- **Adapting Arguments**: Being ready to modify or pivot arguments based on the game’s evolving circumstances, and the behaviors of other players is crucial. As demonstrated by Player1, keeping multiple options open allows for flexibility and strengthens strategic adaptability.

- **Proactive Communication**: Proposing clear, thought-out arguments and actively questioning others can help sway public opinion, build alliances, and navigate the game's social aspect more effectively.

- **Recognizing Player Patterns**: Monitoring the consistency of patterns in player behavior (such as frequent silence or frequent accusations) over several rounds could yield deeper insights into potential roles.

Player1's analysis highlights the importance of combining direct observation, strategic communication with others, adaptability, and the effective reading of social cues for making informed strategic decisions in deduction games like Werewolf.