{"basefilepath":"logs/fastslow","max_days_per_game":5,"num_games":20,"reflect_before_vectorstore":false,"max_werewolf_discussion_round":3,"similarity_top_k":2,"random_seed":42}
2025-03-01 17:26:38 - INFO - Starting game 1
2025-03-01 17:26:38 - INFO - Moderator: Player1, if you are the only werewolf, eliminate a player. Otherwise, discuss with your teammates and reach an agreement.
2025-03-01 17:26:38 - INFO - Moderator: Player1, if you are the only werewolf, eliminate a player. Otherwise, discuss with your teammates and reach an agreement.
2025-03-01 17:26:38 - INFO - ===
2025-03-01 17:26:38 - INFO - Query: Discussions related to villagers, seer, witch.
2025-03-01 17:26:38 - INFO - Retrieved similar documents: 
2025-03-01 17:26:38 - INFO - ===
2025-03-01 17:26:40 - INFO - Werewolves discussion: I think we should start by sharing our thoughts on who we suspect might be the werewolves. Player2, what do you think about Player3? I've noticed some odd behavior that could be worth discussing.
2025-03-01 17:26:40 - INFO - Moderator: Which player do you vote to kill?
2025-03-01 17:26:40 - INFO - Moderator: Which player do you vote to kill?
2025-03-01 17:26:40 - INFO - ===
2025-03-01 17:26:40 - INFO - Query: Discussions related to villagers, seer, witch.
2025-03-01 17:26:40 - INFO - Retrieved similar documents: Player1: {"thought": "I need to gather information about the players and their suspicions. It's crucial to navigate this phase carefully to avoid drawing attention to myself as a werewolf. I'll observe the discussions closely and look for clues in their interactions.", "speak": "I think we should start by sharing our thoughts on who we suspect might be the werewolves. Player2, what do you think about Player3? I've noticed some odd behavior that could be worth discussing.", "finish_discussion": "false"}
Player1: {"thought": "I need to gather information about the players and their suspicions. It's crucial to navigate this phase carefully to avoid drawing attention to myself as a werewolf. I'll observe the discussions closely and look for clues in their interactions.", "speak": "I think we should start by sharing our thoughts on who we suspect might be the werewolves. Player2, what do you think about Player3? I've noticed some odd behavior that could be worth discussing.", "finish_discussion": "false"}
2025-03-01 17:26:40 - INFO - ===
2025-03-01 17:26:42 - INFO - ===
2025-03-01 17:26:42 - INFO - Fast Response: {"thought": "I need to observe how the other players react to my suggestions. Player3's odd behavior could indeed make them a target for suspicion. However, I am cautious and want to ensure we are making the right choice before committing to a vote.", "vote": "Player3", "uncertainty_score": "0.3"}
2025-03-01 17:26:42 - INFO - Fast Uncertainty: 0.3
2025-03-01 17:26:42 - INFO - ===
2025-03-01 17:26:45 - INFO - ===
2025-03-01 17:26:45 - INFO - Slow Response: {"thought": "My goal is to draw suspicion away from myself and my teammate, so I need to vote in a way that aligns with the current discussions without looking too passive or aggressive. Based on my earlier conversation, I'm trying to sow some doubt about Player3. It's important to highlight any odd behavior and make it convincing enough to gather support.", "vote": "Player3", "uncertainty_score": 0.3}
2025-03-01 17:26:45 - INFO - ===
2025-03-01 17:26:45 - INFO - Moderator: The player with the most votes is Player3.
2025-03-01 17:26:45 - INFO - Moderator: Player4, you're the witch. Tonight Player3 is eliminated. Would you like to resurrect Player3?
2025-03-01 17:26:45 - INFO - ===
2025-03-01 17:26:45 - INFO - Query: Discussions related to werewolves.
2025-03-01 17:26:45 - INFO - Retrieved similar documents: 
2025-03-01 17:26:45 - INFO - ===
2025-03-01 17:26:47 - INFO - Witch resurrection response: I will not resurrect Player3 because I'm uncertain about how this will play out, and I may need to save my potion of life for a more critical moment.
2025-03-01 17:26:47 - INFO - Moderator: The witch has chosen not to resurrect the player.
2025-03-01 17:26:48 - INFO - ===
2025-03-01 17:26:48 - INFO - Query: Discussions related to werewolves.
2025-03-01 17:26:48 - INFO - Retrieved similar documents: Player4: {"thought": "I need to be strategic about this decision. Resurrecting Player3 could potentially help the villagers gain more information, and since I suspect that the werewolves are among Players 1 and 2, it\u2019s important I maintain the balance.", "speak": "I will not resurrect Player3 because I'm uncertain about how this will play out, and I may need to save my potion of life for a more critical moment.", "resurrect": false}
2025-03-01 17:26:48 - INFO - ===
2025-03-01 17:26:49 - INFO - Witch Poison Response: I believe we should discuss our suspicions further before making any decisions about eliminating anyone.
2025-03-01 17:26:49 - INFO - The witch has chosen not to poison a player.
2025-03-01 17:26:49 - INFO - Moderator: Player3, you're the seer. Which player in Player1, Player2, Player3 and Player4 would you like to check tonight?
2025-03-01 17:26:49 - INFO - ===
2025-03-01 17:26:49 - INFO - Query: Discussions related to werewolves.
2025-03-01 17:26:49 - INFO - Retrieved similar documents: 
2025-03-01 17:26:49 - INFO - ===
2025-03-01 17:26:50 - INFO - Seer response: Player1
2025-03-01 17:26:50 - INFO - Moderator: Okay, the role of Player1 is a werewolf.
2025-03-01 17:26:52 - INFO - ===
2025-03-01 17:26:52 - INFO - Query: Discussions related to villagers, seer, witch.
2025-03-01 17:26:52 - INFO - Retrieved similar documents: Player1: {"thought": "I need to gather information about the players and their suspicions. It's crucial to navigate this phase carefully to avoid drawing attention to myself as a werewolf. I'll observe the discussions closely and look for clues in their interactions.", "speak": "I think we should start by sharing our thoughts on who we suspect might be the werewolves. Player2, what do you think about Player3? I've noticed some odd behavior that could be worth discussing.", "finish_discussion": "false"}
Player1: {"thought": "My goal is to draw suspicion away from myself and my teammate, so I need to vote in a way that aligns with the current discussions without looking too passive or aggressive. Based on my earlier conversation, I'm trying to sow some doubt about Player3. It's important to highlight any odd behavior and make it convincing enough to gather support.", "vote": "Player3", "uncertainty_score": 0.3}
2025-03-01 17:26:52 - INFO - ===
2025-03-01 17:26:54 - INFO - ===
2025-03-01 17:26:54 - INFO - Query: Discussions related to werewolves.
2025-03-01 17:26:54 - INFO - Retrieved similar documents: 
2025-03-01 17:26:54 - INFO - ===
2025-03-01 17:26:56 - INFO - ===
2025-03-01 17:26:56 - INFO - Query: Discussions related to werewolves.
2025-03-01 17:26:56 - INFO - Retrieved similar documents: Player4: {"thought": "I need to be strategic about this decision. Resurrecting Player3 could potentially help the villagers gain more information, and since I suspect that the werewolves are among Players 1 and 2, it\u2019s important I maintain the balance.", "speak": "I will not resurrect Player3 because I'm uncertain about how this will play out, and I may need to save my potion of life for a more critical moment.", "resurrect": false}
2025-03-01 17:26:56 - INFO - ===
2025-03-01 17:26:57 - INFO - Survivors Discussion: I understand your concerns, Player2. I'm just trying to assess the situation based on the actions of everyone. What do you think about Player1? Do you find their behavior suspicious?
2025-03-01 17:26:57 - INFO - Moderator: Given the game rules and your role, based on the situation and the information you gain, to win the game, it's time to vote one player eliminated among the alive players. Which player do you vote to kill?
2025-03-01 17:26:58 - INFO - ===
2025-03-01 17:26:58 - INFO - Query: Discussions related to villagers, seer, witch.
2025-03-01 17:26:58 - INFO - Retrieved similar documents: Player1: {"thought": "With Player3 eliminated, I need to maintain the illusion of being a villager and keep the focus away from myself and Player2. I should steer the conversation to inspect Player4 and observe Player2's reactions closely.", "speak": "Now that Player3 is out, we should discuss Player4 more. Player2, what do you think about Player4's actions so far? I've noticed some things that could be suspicious."}
Player1: {"thought": "I need to gather information about the players and their suspicions. It's crucial to navigate this phase carefully to avoid drawing attention to myself as a werewolf. I'll observe the discussions closely and look for clues in their interactions.", "speak": "I think we should start by sharing our thoughts on who we suspect might be the werewolves. Player2, what do you think about Player3? I've noticed some odd behavior that could be worth discussing.", "finish_discussion": "false"}
2025-03-01 17:26:58 - INFO - ===
2025-03-01 17:26:59 - INFO - ===
2025-03-01 17:26:59 - INFO - Fast Response: {"thought": "I believe Player4 might be the werewolf, as they have been somewhat reserved in the discussions. However, I need to ensure Player2 doesn't suspect me, so I might still need to observe Player2's reactions carefully.", "vote": "Player4", "uncertainty_score": "0.3"}
2025-03-01 17:26:59 - INFO - Fast Uncertainty: 0.3
2025-03-01 17:26:59 - INFO - ===
2025-03-01 17:27:01 - INFO - ===
2025-03-01 17:27:01 - INFO - Slow Response: {"thought": "I need to maintain the pretense of being a villager while subtly steering the suspicion away from myself and focus it on another player. Player4 seems to be the best option to push for an elimination since they were previously under suspicion.", "vote": "Player4", "uncertainty_score": 0.4}
2025-03-01 17:27:01 - INFO - ===
2025-03-01 17:27:01 - INFO - ===
2025-03-01 17:27:01 - INFO - Query: Discussions related to werewolves.
2025-03-01 17:27:01 - INFO - Retrieved similar documents: Player2: {"thought": "I should consider Player4's actions and whether they align with villager behavior. I should also keep my own actions in check to ensure I don't reveal too much too soon.", "speak": "I think we should focus on Player4 and what they've done so far. Have you noticed anything specific about them that would make us suspicious?"}
Player2: {"thought": "I should consider Player4's actions and whether they align with villager behavior. I should also keep my own actions in check to ensure I don't reveal too much too soon.", "speak": "I think we should focus on Player4 and what they've done so far. Have you noticed anything specific about them that would make us suspicious?"}
2025-03-01 17:27:01 - INFO - ===
2025-03-01 17:27:03 - INFO - ===
2025-03-01 17:27:03 - INFO - Query: Discussions related to werewolves.
2025-03-01 17:27:03 - INFO - Retrieved similar documents: Player4: {"thought": "I need to be strategic about this decision. Resurrecting Player3 could potentially help the villagers gain more information, and since I suspect that the werewolves are among Players 1 and 2, it\u2019s important I maintain the balance.", "speak": "I will not resurrect Player3 because I'm uncertain about how this will play out, and I may need to save my potion of life for a more critical moment.", "resurrect": false}
2025-03-01 17:27:03 - INFO - ===
2025-03-01 17:27:05 - INFO - Moderator: Player4 has been voted out.
2025-03-01 17:27:05 - INFO - Moderator: The werewolves have prevailed and taken over the village. Better luck next time!
