{"basefilepath":"logs/fastslow","max_days_per_game":5,"num_games":20,"reflect_before_vectorstore":false,"max_werewolf_discussion_round":3,"similarity_top_k":2,"random_seed":42}
2025-03-01 17:35:14 - INFO - Starting game 17
2025-03-01 17:35:14 - INFO - Moderator: Player1, if you are the only werewolf, eliminate a player. Otherwise, discuss with your teammates and reach an agreement.
2025-03-01 17:35:14 - INFO - Moderator: Player1, if you are the only werewolf, eliminate a player. Otherwise, discuss with your teammates and reach an agreement.
2025-03-01 17:35:14 - INFO - ===
2025-03-01 17:35:14 - INFO - Query: Discussions related to villagers, seer, witch.
2025-03-01 17:35:14 - INFO - Retrieved similar documents: 
2025-03-01 17:35:14 - INFO - ===
2025-03-01 17:35:16 - INFO - Werewolves discussion: I've been observing our discussions, and I think it's important we examine Player2's behavior closely. They seem a bit off to me, and I wonder if anyone else feels the same way.
2025-03-01 17:35:16 - INFO - Moderator: Which player do you vote to kill?
2025-03-01 17:35:16 - INFO - Moderator: Which player do you vote to kill?
2025-03-01 17:35:17 - INFO - ===
2025-03-01 17:35:17 - INFO - Query: Discussions related to villagers, seer, witch.
2025-03-01 17:35:17 - INFO - Retrieved similar documents: Player1: {"thought": "I need to gather more information about the suspicions of other players while being careful not to reveal my interest in protecting the villagers too much. Establishing trust is crucial while keeping my identity hidden as a werewolf.", "speak": "I've been observing our discussions, and I think it's important we examine Player2's behavior closely. They seem a bit off to me, and I wonder if anyone else feels the same way.", "finish_discussion": "false"}
Player1: {"thought": "I need to gather more information about the suspicions of other players while being careful not to reveal my interest in protecting the villagers too much. Establishing trust is crucial while keeping my identity hidden as a werewolf.", "speak": "I've been observing our discussions, and I think it's important we examine Player2's behavior closely. They seem a bit off to me, and I wonder if anyone else feels the same way.", "finish_discussion": "false"}
2025-03-01 17:35:17 - INFO - ===
2025-03-01 17:35:18 - INFO - ===
2025-03-01 17:35:18 - INFO - Fast Response: {"thought": "I still believe Player2's behavior is suspicious, and it would be strategic to gather more consensus against them. However, I should be cautious and not appear too eager, as I don't want to draw attention to myself as a werewolf.", "vote": "Player2", "uncertainty_score": 0.3}
2025-03-01 17:35:18 - INFO - Fast Uncertainty: 0.3
2025-03-01 17:35:18 - INFO - ===
2025-03-01 17:35:20 - INFO - ===
2025-03-01 17:35:20 - INFO - Slow Response: {"thought": "I want to strategically pressure Player2, as I've previously suggested suspicion on them during our discussions, which could shift focus away from me.", "vote": "Player2", "uncertainty_score": 0.4}
2025-03-01 17:35:20 - INFO - ===
2025-03-01 17:35:20 - INFO - Moderator: The player with the most votes is Player2.
2025-03-01 17:35:20 - INFO - Moderator: Player4, you're the witch. Tonight Player2 is eliminated. Would you like to resurrect Player2?
2025-03-01 17:35:20 - INFO - ===
2025-03-01 17:35:20 - INFO - Query: Discussions related to werewolves.
2025-03-01 17:35:20 - INFO - Retrieved similar documents: 
2025-03-01 17:35:20 - INFO - ===
2025-03-01 17:35:22 - INFO - Witch resurrection response: I will resurrect Player2 because we need all the villagers we can get, and this might help us identify the werewolves.
2025-03-01 17:35:22 - INFO - Moderator: The witch has chosen to resurrect the player.
2025-03-01 17:35:22 - INFO - Moderator: Player3, you're the seer. Which player in Player1, Player2, Player3 and Player4 would you like to check tonight?
2025-03-01 17:35:22 - INFO - ===
2025-03-01 17:35:22 - INFO - Query: Discussions related to werewolves.
2025-03-01 17:35:22 - INFO - Retrieved similar documents: 
2025-03-01 17:35:22 - INFO - ===
2025-03-01 17:35:24 - INFO - Seer response: Player1
2025-03-01 17:35:24 - INFO - Moderator: Okay, the role of Player1 is a werewolf.
2025-03-01 17:35:25 - INFO - ===
2025-03-01 17:35:25 - INFO - Query: Discussions related to villagers, seer, witch.
2025-03-01 17:35:25 - INFO - Retrieved similar documents: Player1: {"thought": "I need to gather more information about the suspicions of other players while being careful not to reveal my interest in protecting the villagers too much. Establishing trust is crucial while keeping my identity hidden as a werewolf.", "speak": "I've been observing our discussions, and I think it's important we examine Player2's behavior closely. They seem a bit off to me, and I wonder if anyone else feels the same way.", "finish_discussion": "false"}
Player1: {"thought": "I want to strategically pressure Player2, as I've previously suggested suspicion on them during our discussions, which could shift focus away from me.", "vote": "Player2", "uncertainty_score": 0.4}
2025-03-01 17:35:25 - INFO - ===
2025-03-01 17:35:28 - INFO - ===
2025-03-01 17:35:28 - INFO - Query: Discussions related to werewolves.
2025-03-01 17:35:28 - INFO - Retrieved similar documents: 
2025-03-01 17:35:28 - INFO - ===
2025-03-01 17:35:30 - INFO - ===
2025-03-01 17:35:30 - INFO - Query: Discussions related to werewolves.
2025-03-01 17:35:30 - INFO - Retrieved similar documents: Moderator: Okay, the role of Player1 is a werewolf.
Player3: {"thought": "I need to choose carefully who to check tonight. Player1 or Player4 might be suspicious. I'll check Player1 to gather more information.", "speak": "Player1"}
2025-03-01 17:35:30 - INFO - ===
2025-03-01 17:35:31 - INFO - ===
2025-03-01 17:35:31 - INFO - Query: Discussions related to werewolves.
2025-03-01 17:35:31 - INFO - Retrieved similar documents: Player4: {"thought": "Since I have the power to save a player, I need to consider the implications. If Player2 is a villager, saving them could be beneficial for the villagers. However, if they are a werewolf, they might continue to pose a threat. Given the current uncertainty and the fact that Player2's role hasn't been revealed yet, I think it's cautious to resurrect them to gather more information on their role.", "speak": "I will resurrect Player2 because we need all the villagers we can get, and this might help us identify the werewolves.", "resurrect": true}
2025-03-01 17:35:31 - INFO - ===
2025-03-01 17:35:33 - INFO - Survivors Discussion: I think we should also consider the actions and statements of Player1. They could possibly be trying to divert attention away from themselves.
2025-03-01 17:35:33 - INFO - Moderator: Given the game rules and your role, based on the situation and the information you gain, to win the game, it's time to vote one player eliminated among the alive players. Which player do you vote to kill?
2025-03-01 17:35:33 - INFO - ===
2025-03-01 17:35:33 - INFO - Query: Discussions related to villagers, seer, witch.
2025-03-01 17:35:33 - INFO - Retrieved similar documents: Player1: {"thought": "I need to gather more information about the suspicions of other players while being careful not to reveal my interest in protecting the villagers too much. Establishing trust is crucial while keeping my identity hidden as a werewolf.", "speak": "I've been observing our discussions, and I think it's important we examine Player2's behavior closely. They seem a bit off to me, and I wonder if anyone else feels the same way.", "finish_discussion": "false"}
Player1: {"thought": "I need to stay cautious and assess the reactions of Player2 regarding my suspicion. If they seem defensive, it could indicate they're trying to cover their identity. I also want to keep my eye on Player3 and Player4 to gauge their responses to the discussion about Player2.", "speak": "I'm curious to hear what everyone else thinks about Player2. Do you all agree that their behavior is a bit suspicious, or are there other players we should consider?"}
2025-03-01 17:35:33 - INFO - ===
2025-03-01 17:35:35 - INFO - ===
2025-03-01 17:35:35 - INFO - Fast Response: {"thought": "I still think Player2's behavior is off, and I want to see how others respond to the idea of voting them out. It will also help me gauge Player3 and Player4's alignment. However, I\u2019m not entirely sure if this is the best choice, as some other players might have different suspicions. Keeping a close eye on Player3 and Player4 is important too.", "vote": "Player2", "uncertainty_score": 0.3}
2025-03-01 17:35:35 - INFO - Fast Uncertainty: 0.3
2025-03-01 17:35:35 - INFO - ===
2025-03-01 17:35:37 - INFO - ===
2025-03-01 17:35:37 - INFO - Slow Response: {"thought": "I need to maintain the suspicion on Player2 since I've already raised concerns about their behavior. It's strategic to stay consistent with my narrative and see if others follow along.", "vote": "Player2", "uncertainty_score": 0.3}
2025-03-01 17:35:37 - INFO - ===
2025-03-01 17:35:38 - INFO - ===
2025-03-01 17:35:38 - INFO - Query: Discussions related to werewolves.
2025-03-01 17:35:38 - INFO - Retrieved similar documents: Player2: {"thought": "I need to defend myself and steer the conversation towards identifying actual suspicions rather than baseless accusations. It's important to gather more information before jumping to conclusions about Player2.", "speak": "I understand your concerns, but I think we should focus on observing everyone's actions and behaviors throughout the game. Let\u2019s discuss what we all noticed about each other last night."}
Player2: {"thought": "I need to defend myself and steer the conversation towards identifying actual suspicions rather than baseless accusations. It's important to gather more information before jumping to conclusions about Player2.", "speak": "I understand your concerns, but I think we should focus on observing everyone's actions and behaviors throughout the game. Let\u2019s discuss what we all noticed about each other last night."}
2025-03-01 17:35:38 - INFO - ===
2025-03-01 17:35:39 - INFO - ===
2025-03-01 17:35:39 - INFO - Query: Discussions related to werewolves.
2025-03-01 17:35:39 - INFO - Retrieved similar documents: Moderator: Okay, the role of Player1 is a werewolf.
Player3: {"thought": "I need to reveal my information strategically. I already know Player1 is a werewolf, and I need to guide the discussion without revealing my role yet.", "speak": "I agree, Player2. I've been paying close attention, and I think Player1 is acting quite suspiciously. We should definitely discuss what we've all seen."}
2025-03-01 17:35:39 - INFO - ===
2025-03-01 17:35:41 - INFO - ===
2025-03-01 17:35:41 - INFO - Query: Discussions related to werewolves.
2025-03-01 17:35:41 - INFO - Retrieved similar documents: Player4: {"thought": "Since I have the power to save a player, I need to consider the implications. If Player2 is a villager, saving them could be beneficial for the villagers. However, if they are a werewolf, they might continue to pose a threat. Given the current uncertainty and the fact that Player2's role hasn't been revealed yet, I think it's cautious to resurrect them to gather more information on their role.", "speak": "I will resurrect Player2 because we need all the villagers we can get, and this might help us identify the werewolves.", "resurrect": true}
2025-03-01 17:35:41 - INFO - ===
2025-03-01 17:35:43 - INFO - Moderator: Player1 has been voted out.
2025-03-01 17:35:43 - INFO - Moderator: The game is over. The werewolves have been defeated, and the village is safe once again!
2025-03-01 17:35:43 - INFO - Moderator: The game is over. The werewolves have been defeated, and the village is safe once again!
