{"basefilepath":"logs/fastslow","max_days_per_game":5,"num_games":20,"reflect_before_vectorstore":false,"max_werewolf_discussion_round":3,"similarity_top_k":2,"random_seed":42}
2025-03-01 17:35:43 - INFO - Starting game 18
2025-03-01 17:35:43 - INFO - Moderator: Player1, if you are the only werewolf, eliminate a player. Otherwise, discuss with your teammates and reach an agreement.
2025-03-01 17:35:43 - INFO - Moderator: Player1, if you are the only werewolf, eliminate a player. Otherwise, discuss with your teammates and reach an agreement.
2025-03-01 17:35:43 - INFO - ===
2025-03-01 17:35:43 - INFO - Query: Discussions related to villagers, seer, witch.
2025-03-01 17:35:43 - INFO - Retrieved similar documents: 
2025-03-01 17:35:43 - INFO - ===
2025-03-01 17:35:45 - INFO - Werewolves discussion: I think we should consider who has been acting suspiciously recently. Has anyone noticed Player2's behavior? They seem to be deflecting accusations a lot.
2025-03-01 17:35:45 - INFO - Moderator: Which player do you vote to kill?
2025-03-01 17:35:45 - INFO - Moderator: Which player do you vote to kill?
2025-03-01 17:35:45 - INFO - ===
2025-03-01 17:35:45 - INFO - Query: Discussions related to villagers, seer, witch.
2025-03-01 17:35:45 - INFO - Retrieved similar documents: Player1: {"thought": "I need to observe how the other players interact and what they accuse each other of. It's important to pick a target that doesn't raise suspicions on me or my teammate.", "speak": "I think we should consider who has been acting suspiciously recently. Has anyone noticed Player2's behavior? They seem to be deflecting accusations a lot.", "finish_discussion": "false"}
Player1: {"thought": "I need to observe how the other players interact and what they accuse each other of. It's important to pick a target that doesn't raise suspicions on me or my teammate.", "speak": "I think we should consider who has been acting suspiciously recently. Has anyone noticed Player2's behavior? They seem to be deflecting accusations a lot.", "finish_discussion": "false"}
2025-03-01 17:35:45 - INFO - ===
2025-03-01 17:35:46 - INFO - ===
2025-03-01 17:35:46 - INFO - Fast Response: {"thought": "I still feel Player2 is acting suspiciously and has been deflecting accusations. I believe it would be strategic to vote for them to test the waters and gather more information.", "vote": "Player2", "uncertainty_score": "0.3"}
2025-03-01 17:35:46 - INFO - Fast Uncertainty: 0.3
2025-03-01 17:35:46 - INFO - ===
2025-03-01 17:35:49 - INFO - ===
2025-03-01 17:35:49 - INFO - Slow Response: {"thought": "As a werewolf, I need to choose someone who might already be suspected by others to minimize my own risk of exposure. Player2 was acting suspiciously, according to my previous observations, which could make them a good target to eliminate without drawing attention to myself.", "vote": "Player2", "uncertainty_score": "0.3"}
2025-03-01 17:35:49 - INFO - ===
2025-03-01 17:35:49 - INFO - Moderator: The player with the most votes is Player2.
2025-03-01 17:35:49 - INFO - Moderator: Player4, you're the witch. Tonight Player2 is eliminated. Would you like to resurrect Player2?
2025-03-01 17:35:49 - INFO - ===
2025-03-01 17:35:49 - INFO - Query: Discussions related to werewolves.
2025-03-01 17:35:49 - INFO - Retrieved similar documents: 
2025-03-01 17:35:49 - INFO - ===
2025-03-01 17:35:51 - INFO - Witch resurrection response: I will not resurrect Player2 because it's important to see if the villagers can deduce who the werewolves are without my intervention.
2025-03-01 17:35:51 - INFO - Moderator: The witch has chosen not to resurrect the player.
2025-03-01 17:35:51 - INFO - ===
2025-03-01 17:35:51 - INFO - Query: Discussions related to werewolves.
2025-03-01 17:35:51 - INFO - Retrieved similar documents: Player4: {"thought": "I need to consider if Player2 might be a valuable asset for the villagers or if they could potentially be a werewolf. Since we're all still alive, it's too early to tell.", "speak": "I will not resurrect Player2 because it's important to see if the villagers can deduce who the werewolves are without my intervention.", "resurrect": false}
2025-03-01 17:35:51 - INFO - ===
2025-03-01 17:35:53 - INFO - Witch Poison Response: I propose we discuss who everyone suspects might be a werewolf before making any eliminations. Transparency is key here.
2025-03-01 17:35:53 - INFO - The witch has chosen not to poison a player.
2025-03-01 17:35:53 - INFO - Moderator: Player3, you're the seer. Which player in Player1, Player2, Player3 and Player4 would you like to check tonight?
2025-03-01 17:35:53 - INFO - ===
2025-03-01 17:35:53 - INFO - Query: Discussions related to werewolves.
2025-03-01 17:35:53 - INFO - Retrieved similar documents: 
2025-03-01 17:35:53 - INFO - ===
2025-03-01 17:35:54 - INFO - Seer response: Player1
2025-03-01 17:35:54 - INFO - Moderator: Okay, the role of Player1 is a werewolf.
2025-03-01 17:35:55 - INFO - ===
2025-03-01 17:35:55 - INFO - Query: Discussions related to villagers, seer, witch.
2025-03-01 17:35:55 - INFO - Retrieved similar documents: Player1: {"thought": "I need to observe how the other players interact and what they accuse each other of. It's important to pick a target that doesn't raise suspicions on me or my teammate.", "speak": "I think we should consider who has been acting suspiciously recently. Has anyone noticed Player2's behavior? They seem to be deflecting accusations a lot.", "finish_discussion": "false"}
Player1: {"thought": "As a werewolf, I need to choose someone who might already be suspected by others to minimize my own risk of exposure. Player2 was acting suspiciously, according to my previous observations, which could make them a good target to eliminate without drawing attention to myself.", "vote": "Player2", "uncertainty_score": "0.3"}
2025-03-01 17:35:55 - INFO - ===
2025-03-01 17:35:57 - INFO - ===
2025-03-01 17:35:57 - INFO - Query: Discussions related to werewolves.
2025-03-01 17:35:57 - INFO - Retrieved similar documents: Moderator: Okay, the role of Player1 is a werewolf.
Player3: {"thought": "I need to gather information about one of the players to help identify the werewolves. I'll check Player1 tonight to see their role.", "speak": "Player1"}
2025-03-01 17:35:57 - INFO - ===
2025-03-01 17:35:59 - INFO - ===
2025-03-01 17:35:59 - INFO - Query: Discussions related to werewolves.
2025-03-01 17:35:59 - INFO - Retrieved similar documents: Player4: {"thought": "I think it's too early to eliminate anyone, as we haven't had any discussions or votes yet. I should wait and see if any insights come up during the day phase before making a decision.", "speak": "I propose we discuss who everyone suspects might be a werewolf before making any eliminations. Transparency is key here.", "eliminate": false}
2025-03-01 17:35:59 - INFO - ===
2025-03-01 17:36:01 - INFO - Survivors Discussion: I appreciate your thoughts, Player3, but I think it's important to focus on the overall behavior of everyone rather than just targeting individuals. Let’s analyze everyone's contributions to the discussion.
2025-03-01 17:36:01 - INFO - Moderator: Given the game rules and your role, based on the situation and the information you gain, to win the game, it's time to vote one player eliminated among the alive players. Which player do you vote to kill?
2025-03-01 17:36:01 - INFO - ===
2025-03-01 17:36:01 - INFO - Query: Discussions related to villagers, seer, witch.
2025-03-01 17:36:01 - INFO - Retrieved similar documents: Player1: {"thought": "With Player2 eliminated, I need to carefully assess the dynamics between Player3 and Player4. It's possible that one of them could be my remaining teammate or a villager. I should steer the conversation to gather more information without drawing suspicion on myself.", "speak": "Now that we\u2019ve eliminated Player2, I think we should discuss what we know about Player3 and Player4. What are your thoughts on their behaviors?"}
Player1: {"thought": "I need to observe how the other players interact and what they accuse each other of. It's important to pick a target that doesn't raise suspicions on me or my teammate.", "speak": "I think we should consider who has been acting suspiciously recently. Has anyone noticed Player2's behavior? They seem to be deflecting accusations a lot.", "finish_discussion": "false"}
2025-03-01 17:36:01 - INFO - ===
2025-03-01 17:36:02 - INFO - ===
2025-03-01 17:36:02 - INFO - Fast Response: {"thought": "I have my suspicions based on their behaviors, but I'm still evaluating the trustworthiness of both Player3 and Player4. It's a bit tricky, and I don't want to make a hasty decision that could expose me or my teammate.", "vote": "Player3", "uncertainty_score": 0.4}
2025-03-01 17:36:02 - INFO - Fast Uncertainty: 0.4
2025-03-01 17:36:02 - INFO - ===
2025-03-01 17:36:05 - INFO - ===
2025-03-01 17:36:05 - INFO - Slow Response: {"thought": "Given the current game dynamics, I need to ensure that my remaining teammate is not the target. If Player3 is not my teammate, they could be a valuable elimination since they might be aligned with the villagers. I've got to carefully weigh how much suspicion is on them to minimize backlash.", "vote": "Player3", "uncertainty_score": 0.4}
2025-03-01 17:36:05 - INFO - ===
2025-03-01 17:36:06 - INFO - ===
2025-03-01 17:36:06 - INFO - Query: Discussions related to werewolves.
2025-03-01 17:36:06 - INFO - Retrieved similar documents: Moderator: Okay, the role of Player1 is a werewolf.
Player3: {"thought": "I need to gather information about one of the players to help identify the werewolves. I'll check Player1 tonight to see their role.", "speak": "Player1"}
2025-03-01 17:36:06 - INFO - ===
2025-03-01 17:36:08 - INFO - ===
2025-03-01 17:36:08 - INFO - Query: Discussions related to werewolves.
2025-03-01 17:36:08 - INFO - Retrieved similar documents: Player4: {"thought": "I think it's too early to eliminate anyone, as we haven't had any discussions or votes yet. I should wait and see if any insights come up during the day phase before making a decision.", "speak": "I propose we discuss who everyone suspects might be a werewolf before making any eliminations. Transparency is key here.", "eliminate": false}
2025-03-01 17:36:08 - INFO - ===
2025-03-01 17:36:09 - INFO - Moderator: Player3 has been voted out.
2025-03-01 17:36:09 - INFO - Moderator: The werewolves have prevailed and taken over the village. Better luck next time!
