{"basefilepath":"logs/fastslow","max_days_per_game":5,"num_games":20,"reflect_before_vectorstore":false,"max_werewolf_discussion_round":3,"similarity_top_k":2,"random_seed":42}
2025-03-01 17:33:15 - INFO - Starting game 14
2025-03-01 17:33:15 - INFO - Moderator: Player1, if you are the only werewolf, eliminate a player. Otherwise, discuss with your teammates and reach an agreement.
2025-03-01 17:33:15 - INFO - Moderator: Player1, if you are the only werewolf, eliminate a player. Otherwise, discuss with your teammates and reach an agreement.
2025-03-01 17:33:15 - INFO - ===
2025-03-01 17:33:15 - INFO - Query: Discussions related to villagers, seer, witch.
2025-03-01 17:33:15 - INFO - Retrieved similar documents: 
2025-03-01 17:33:15 - INFO - ===
2025-03-01 17:33:17 - INFO - Werewolves discussion: I've been thinking about how we need to discuss our suspicions openly. I feel Player2 hasn't contributed much to our conversation. What does everyone else think about that?
2025-03-01 17:33:17 - INFO - Moderator: Which player do you vote to kill?
2025-03-01 17:33:17 - INFO - Moderator: Which player do you vote to kill?
2025-03-01 17:33:18 - INFO - ===
2025-03-01 17:33:18 - INFO - Query: Discussions related to villagers, seer, witch.
2025-03-01 17:33:18 - INFO - Retrieved similar documents: Player1: {"thought": "I need to be cautious in my suspicions, as I want to appear innocent while trying to identify the other werewolf and also divert suspicion away from myself. Player2 seems a bit too quiet, which can suggest they might be hiding something, but I need to gather more information.", "speak": "I've been thinking about how we need to discuss our suspicions openly. I feel Player2 hasn't contributed much to our conversation. What does everyone else think about that?", "finish_discussion": "false"}
Player1: {"thought": "I need to be cautious in my suspicions, as I want to appear innocent while trying to identify the other werewolf and also divert suspicion away from myself. Player2 seems a bit too quiet, which can suggest they might be hiding something, but I need to gather more information.", "speak": "I've been thinking about how we need to discuss our suspicions openly. I feel Player2 hasn't contributed much to our conversation. What does everyone else think about that?", "finish_discussion": "false"}
2025-03-01 17:33:18 - INFO - ===
2025-03-01 17:33:19 - INFO - ===
2025-03-01 17:33:19 - INFO - Fast Response: {"thought": "I'm still suspicious of Player2 due to their quietness and lack of contribution. However, I need to be cautious as to not draw too much attention to myself. I feel voting for Player2 is the best option for now.", "vote": "Player2", "uncertainty_score": 0.3}
2025-03-01 17:33:19 - INFO - Fast Uncertainty: 0.3
2025-03-01 17:33:19 - INFO - ===
2025-03-01 17:33:21 - INFO - ===
2025-03-01 17:33:21 - INFO - Slow Response: {"thought": "I need to be strategic and divert suspicion away from myself while also gathering more information. Since I previously pointed out Player2's quietness, I should follow that lead to maintain consistency. However, I'm not entirely sure of their role yet.", "vote": "Player2", "uncertainty_score": "0.7"}
2025-03-01 17:33:21 - INFO - ===
2025-03-01 17:33:21 - INFO - Moderator: The player with the most votes is Player2.
2025-03-01 17:33:21 - INFO - Moderator: Player4, you're the witch. Tonight Player2 is eliminated. Would you like to resurrect Player2?
2025-03-01 17:33:21 - INFO - ===
2025-03-01 17:33:21 - INFO - Query: Discussions related to werewolves.
2025-03-01 17:33:21 - INFO - Retrieved similar documents: 
2025-03-01 17:33:21 - INFO - ===
2025-03-01 17:33:23 - INFO - Witch resurrection response: I think I should resurrect Player2 to give us a chance to gain more information and to gather strength against the werewolves.
2025-03-01 17:33:23 - INFO - Moderator: The witch has chosen to resurrect the player.
2025-03-01 17:33:23 - INFO - Moderator: Player3, you're the seer. Which player in Player1, Player2, Player3 and Player4 would you like to check tonight?
2025-03-01 17:33:23 - INFO - ===
2025-03-01 17:33:23 - INFO - Query: Discussions related to werewolves.
2025-03-01 17:33:23 - INFO - Retrieved similar documents: 
2025-03-01 17:33:23 - INFO - ===
2025-03-01 17:33:24 - INFO - Seer response: Player1
2025-03-01 17:33:24 - INFO - Moderator: Okay, the role of Player1 is a werewolf.
2025-03-01 17:33:25 - INFO - ===
2025-03-01 17:33:25 - INFO - Query: Discussions related to villagers, seer, witch.
2025-03-01 17:33:25 - INFO - Retrieved similar documents: Player1: {"thought": "I need to be cautious in my suspicions, as I want to appear innocent while trying to identify the other werewolf and also divert suspicion away from myself. Player2 seems a bit too quiet, which can suggest they might be hiding something, but I need to gather more information.", "speak": "I've been thinking about how we need to discuss our suspicions openly. I feel Player2 hasn't contributed much to our conversation. What does everyone else think about that?", "finish_discussion": "false"}
Player1: {"thought": "I need to be strategic and divert suspicion away from myself while also gathering more information. Since I previously pointed out Player2's quietness, I should follow that lead to maintain consistency. However, I'm not entirely sure of their role yet.", "vote": "Player2", "uncertainty_score": "0.7"}
2025-03-01 17:33:25 - INFO - ===
2025-03-01 17:33:27 - INFO - ===
2025-03-01 17:33:27 - INFO - Query: Discussions related to werewolves.
2025-03-01 17:33:27 - INFO - Retrieved similar documents: 
2025-03-01 17:33:27 - INFO - ===
2025-03-01 17:33:29 - INFO - ===
2025-03-01 17:33:29 - INFO - Query: Discussions related to werewolves.
2025-03-01 17:33:29 - INFO - Retrieved similar documents: Moderator: Okay, the role of Player1 is a werewolf.
Player3: {"thought": "I need to check one of the players to gather information about their roles. I'll check Player1 tonight to see if they're a werewolf or not.", "speak": "Player1"}
2025-03-01 17:33:29 - INFO - ===
2025-03-01 17:33:42 - INFO - ===
2025-03-01 17:33:42 - INFO - Query: Discussions related to werewolves.
2025-03-01 17:33:42 - INFO - Retrieved similar documents: Player4: {"thought": "I need to consider the implications of resurrecting Player2. If they were a villager, resurrecting them will give us another chance to gather information. However, if Player2 is a werewolf, reviving them could aid the enemy. We must also consider if any of the other players might be targeting Player2.", "speak": "I think I should resurrect Player2 to give us a chance to gain more information and to gather strength against the werewolves.", "resurrect": true}
2025-03-01 17:33:42 - INFO - ===
2025-03-01 17:33:44 - INFO - Survivors Discussion: I agree, Player3. We should definitely pay attention to Player1's actions and see if they’re trying to create a distraction.
2025-03-01 17:33:44 - INFO - Moderator: Given the game rules and your role, based on the situation and the information you gain, to win the game, it's time to vote one player eliminated among the alive players. Which player do you vote to kill?
2025-03-01 17:33:44 - INFO - ===
2025-03-01 17:33:44 - INFO - Query: Discussions related to villagers, seer, witch.
2025-03-01 17:33:44 - INFO - Retrieved similar documents: Player1: {"thought": "I think it's critical to observe how Player2 responds to the votes. If they defend themselves well, it might indicate they're a villager. However, if they're anxious or overly defensive, that could point to them being a werewolf. I need to continue to gather insights while also maintaining my facade of innocence.", "speak": "I hope we can all be honest about our suspicions. It's crucial for our survival. I still have my doubts about Player2. Can anyone share their thoughts?"}
Player1: {"thought": "I need to be cautious in my suspicions, as I want to appear innocent while trying to identify the other werewolf and also divert suspicion away from myself. Player2 seems a bit too quiet, which can suggest they might be hiding something, but I need to gather more information.", "speak": "I've been thinking about how we need to discuss our suspicions openly. I feel Player2 hasn't contributed much to our conversation. What does everyone else think about that?", "finish_discussion": "false"}
2025-03-01 17:33:44 - INFO - ===
2025-03-01 17:33:46 - INFO - ===
2025-03-01 17:33:46 - INFO - Fast Response: {"thought": "I still have my suspicions about Player2, as they have been quiet and haven't contributed much to the discussion. I believe their low engagement could indicate they're trying to stay under the radar. The group seems to be unsure about who to vote for, which complicates my strategy. However, I need to take a stand and vote against Player2 to see how they react.", "vote": "Player2", "uncertainty_score": 0.3}
2025-03-01 17:33:46 - INFO - Fast Uncertainty: 0.3
2025-03-01 17:33:46 - INFO - ===
2025-03-01 17:33:50 - INFO - ===
2025-03-01 17:33:50 - INFO - Slow Response: {"thought": "I need to proceed carefully to maintain my position in the game. I've noticed that Player2 has been quiet and hasn't contributed much to our discussions, which can sometimes indicate they're hiding something. It's a safe bet to observe more, but I want to draw attention away from myself. However, I still don't have enough solid evidence, just observations, and Player2's demeanor.", "vote": "Player2", "uncertainty_score": "0.6"}
2025-03-01 17:33:50 - INFO - ===
2025-03-01 17:33:50 - INFO - ===
2025-03-01 17:33:50 - INFO - Query: Discussions related to werewolves.
2025-03-01 17:33:50 - INFO - Retrieved similar documents: Player2: {"thought": "I need to defend myself while also gathering more information about the others' suspicions. It's important to keep the focus on identifying the werewolves without revealing too much about my own thoughts.", "speak": "I understand your doubts, Player1. I'm feeling unsure about Player3's behavior as well. They seem to be acting a bit suspiciously. What do the rest of you think?"}
Player2: {"thought": "I need to defend myself while also gathering more information about the others' suspicions. It's important to keep the focus on identifying the werewolves without revealing too much about my own thoughts.", "speak": "I understand your doubts, Player1. I'm feeling unsure about Player3's behavior as well. They seem to be acting a bit suspiciously. What do the rest of you think?"}
2025-03-01 17:33:50 - INFO - ===
2025-03-01 17:33:52 - INFO - ===
2025-03-01 17:33:52 - INFO - Query: Discussions related to werewolves.
2025-03-01 17:33:52 - INFO - Retrieved similar documents: Moderator: Okay, the role of Player1 is a werewolf.
Player3: {"thought": "I need to check one of the players to gather information about their roles. I'll check Player1 tonight to see if they're a werewolf or not.", "speak": "Player1"}
2025-03-01 17:33:52 - INFO - ===
2025-03-01 17:33:54 - INFO - ===
2025-03-01 17:33:54 - INFO - Query: Discussions related to werewolves.
2025-03-01 17:33:54 - INFO - Retrieved similar documents: Player4: {"thought": "I need to consider the implications of resurrecting Player2. If they were a villager, resurrecting them will give us another chance to gather information. However, if Player2 is a werewolf, reviving them could aid the enemy. We must also consider if any of the other players might be targeting Player2.", "speak": "I think I should resurrect Player2 to give us a chance to gain more information and to gather strength against the werewolves.", "resurrect": true}
2025-03-01 17:33:54 - INFO - ===
2025-03-01 17:33:56 - INFO - Moderator: Player2 has been voted out.
2025-03-01 17:33:56 - INFO - Moderator: Player1, if you are the only werewolf, eliminate a player. Otherwise, discuss with your teammates and reach an agreement.
2025-03-01 17:33:56 - INFO - Moderator: Player1, if you are the only werewolf, eliminate a player. Otherwise, discuss with your teammates and reach an agreement.
2025-03-01 17:33:56 - INFO - ===
2025-03-01 17:33:56 - INFO - Query: Discussions related to villagers, seer, witch.
2025-03-01 17:33:56 - INFO - Retrieved similar documents: Player1: {"thought": "I think it's critical to observe how Player2 responds to the votes. If they defend themselves well, it might indicate they're a villager. However, if they're anxious or overly defensive, that could point to them being a werewolf. I need to continue to gather insights while also maintaining my facade of innocence.", "speak": "I hope we can all be honest about our suspicions. It's crucial for our survival. I still have my doubts about Player2. Can anyone share their thoughts?"}
Player1: {"thought": "I need to be cautious in my suspicions, as I want to appear innocent while trying to identify the other werewolf and also divert suspicion away from myself. Player2 seems a bit too quiet, which can suggest they might be hiding something, but I need to gather more information.", "speak": "I've been thinking about how we need to discuss our suspicions openly. I feel Player2 hasn't contributed much to our conversation. What does everyone else think about that?", "finish_discussion": "false"}
2025-03-01 17:33:56 - INFO - ===
2025-03-01 17:33:59 - INFO - Werewolves discussion: Now that Player2 is out, I think we need to reevaluate our trust in each other. Player3, Player4, what are your thoughts on who we should consider as potential werewolves?
2025-03-01 17:33:59 - INFO - Moderator: Which player do you vote to kill?
2025-03-01 17:33:59 - INFO - Moderator: Which player do you vote to kill?
2025-03-01 17:33:59 - INFO - ===
2025-03-01 17:33:59 - INFO - Query: Discussions related to villagers, seer, witch.
2025-03-01 17:33:59 - INFO - Retrieved similar documents: Player1: {"thought": "I think it's critical to observe how Player2 responds to the votes. If they defend themselves well, it might indicate they're a villager. However, if they're anxious or overly defensive, that could point to them being a werewolf. I need to continue to gather insights while also maintaining my facade of innocence.", "speak": "I hope we can all be honest about our suspicions. It's crucial for our survival. I still have my doubts about Player2. Can anyone share their thoughts?"}
Player1: {"thought": "I need to be cautious in my suspicions, as I want to appear innocent while trying to identify the other werewolf and also divert suspicion away from myself. Player2 seems a bit too quiet, which can suggest they might be hiding something, but I need to gather more information.", "speak": "I've been thinking about how we need to discuss our suspicions openly. I feel Player2 hasn't contributed much to our conversation. What does everyone else think about that?", "finish_discussion": "false"}
2025-03-01 17:33:59 - INFO - ===
2025-03-01 17:34:01 - INFO - ===
2025-03-01 17:34:01 - INFO - Fast Response: {"thought": "With Player2 eliminated, I need to be cautious about Player3 and Player4. Player3 has been fairly quiet as well, which could indicate they might be hiding their true intentions. However, I still need to gauge Player4's behavior before making a decision. For now, I think I will vote for Player3, as they seem the most suspicious at this moment.", "vote": "Player3", "uncertainty_score": 0.4}
2025-03-01 17:34:01 - INFO - Fast Uncertainty: 0.4
2025-03-01 17:34:01 - INFO - ===
2025-03-01 17:34:04 - INFO - ===
2025-03-01 17:34:04 - INFO - Slow Response: {"thought": "With Player2 gone, it narrows down the suspects. Player3 and Player4 are left, and I need to ensure that I can divert attention away from myself while still appearing to contribute to the discussion. Player4 hasn't openly shared too much, and that leaves them as a possible werewolf suspect. I must be strategic in voting to keep myself in the clear.", "vote": "Player4", "uncertainty_score": 0.6}
2025-03-01 17:34:04 - INFO - ===
2025-03-01 17:34:05 - INFO - Moderator: The player with the most votes is Player4.
2025-03-01 17:34:05 - INFO - ===
2025-03-01 17:34:05 - INFO - Query: Discussions related to werewolves.
2025-03-01 17:34:05 - INFO - Retrieved similar documents: Player4: {"thought": "I need to consider the implications of resurrecting Player2. If they were a villager, resurrecting them will give us another chance to gather information. However, if Player2 is a werewolf, reviving them could aid the enemy. We must also consider if any of the other players might be targeting Player2.", "speak": "I think I should resurrect Player2 to give us a chance to gain more information and to gather strength against the werewolves.", "resurrect": true}
2025-03-01 17:34:05 - INFO - ===
2025-03-01 17:34:07 - INFO - Witch Poison Response: I think we should discuss our suspicions. I believe Player1 could be a werewolf, but I'm open to hearing what everyone else thinks.
2025-03-01 17:34:07 - INFO - The witch has chosen not to poison a player.
2025-03-01 17:34:07 - INFO - Moderator: Player3, you're the seer. Which player in Player1, Player3 and Player4 would you like to check tonight?
2025-03-01 17:34:07 - INFO - ===
2025-03-01 17:34:07 - INFO - Query: Discussions related to werewolves.
2025-03-01 17:34:07 - INFO - Retrieved similar documents: Moderator: Okay, the role of Player1 is a werewolf.
Player3: {"thought": "I need to check one of the players to gather information about their roles. I'll check Player1 tonight to see if they're a werewolf or not.", "speak": "Player1"}
2025-03-01 17:34:07 - INFO - ===
2025-03-01 17:34:08 - INFO - Seer response: Player4
2025-03-01 17:34:08 - INFO - Moderator: Okay, the role of Player4 is a witch.
2025-03-01 17:34:09 - INFO - Moderator: The werewolves have prevailed and taken over the village. Better luck next time!
