{"basefilepath":"logs/fastslow","max_days_per_game":5,"num_games":20,"reflect_before_vectorstore":false,"max_werewolf_discussion_round":3,"similarity_top_k":2,"random_seed":42}
2025-03-01 17:36:10 - INFO - Starting game 19
2025-03-01 17:36:10 - INFO - Moderator: Player1, if you are the only werewolf, eliminate a player. Otherwise, discuss with your teammates and reach an agreement.
2025-03-01 17:36:10 - INFO - Moderator: Player1, if you are the only werewolf, eliminate a player. Otherwise, discuss with your teammates and reach an agreement.
2025-03-01 17:36:10 - INFO - ===
2025-03-01 17:36:10 - INFO - Query: Discussions related to villagers, seer, witch.
2025-03-01 17:36:10 - INFO - Retrieved similar documents: 
2025-03-01 17:36:10 - INFO - ===
2025-03-01 17:36:12 - INFO - Werewolves discussion: I think we should start by discussing who we suspect might be working together. Player2, you seemed a bit defensive yesterday. Do you want to share your thoughts on who might be a werewolf?
2025-03-01 17:36:12 - INFO - Moderator: Which player do you vote to kill?
2025-03-01 17:36:12 - INFO - Moderator: Which player do you vote to kill?
2025-03-01 17:36:12 - INFO - ===
2025-03-01 17:36:12 - INFO - Query: Discussions related to villagers, seer, witch.
2025-03-01 17:36:12 - INFO - Retrieved similar documents: Player1: {"thought": "I need to assess the behavior of the other players to identify potential werewolves. It\u2019s important to present my thoughts carefully to avoid drawing suspicion towards myself.", "speak": "I think we should start by discussing who we suspect might be working together. Player2, you seemed a bit defensive yesterday. Do you want to share your thoughts on who might be a werewolf?", "finish_discussion": "false"}
Player1: {"thought": "I need to assess the behavior of the other players to identify potential werewolves. It\u2019s important to present my thoughts carefully to avoid drawing suspicion towards myself.", "speak": "I think we should start by discussing who we suspect might be working together. Player2, you seemed a bit defensive yesterday. Do you want to share your thoughts on who might be a werewolf?", "finish_discussion": "false"}
2025-03-01 17:36:12 - INFO - ===
2025-03-01 17:36:14 - INFO - ===
2025-03-01 17:36:14 - INFO - Fast Response: {"thought": "I still feel that Player2 is acting a bit defensive, which could be a sign of trying to hide something. However, I want to keep a close eye on Player3 and Player4 as well. I'm leaning towards Player2 for now.", "vote": "Player2", "uncertainty_score": 0.3}
2025-03-01 17:36:14 - INFO - Fast Uncertainty: 0.3
2025-03-01 17:36:14 - INFO - ===
2025-03-01 17:36:16 - INFO - ===
2025-03-01 17:36:16 - INFO - Slow Response: {"thought": "At this stage, I don't have concrete evidence on any player's role. However, I noticed Player2's defensive behavior previously, which might be suspicious. But this is not definitive indication, so I need to consider carefully to avoid premature judgments.", "vote": "Player2", "uncertainty_score": 0.8}
2025-03-01 17:36:16 - INFO - ===
2025-03-01 17:36:17 - INFO - Moderator: The player with the most votes is Player2.
2025-03-01 17:36:17 - INFO - Moderator: Player4, you're the witch. Tonight Player2 is eliminated. Would you like to resurrect Player2?
2025-03-01 17:36:17 - INFO - ===
2025-03-01 17:36:17 - INFO - Query: Discussions related to werewolves.
2025-03-01 17:36:17 - INFO - Retrieved similar documents: 
2025-03-01 17:36:17 - INFO - ===
2025-03-01 17:36:18 - INFO - Witch resurrection response: I'll choose not to resurrect Player2 since keeping my abilities hidden could provide a strategic edge in later rounds, and we need to address the potential werewolf threat without revealing my identity too soon.
2025-03-01 17:36:19 - INFO - Moderator: The witch has chosen not to resurrect the player.
2025-03-01 17:36:19 - INFO - ===
2025-03-01 17:36:19 - INFO - Query: Discussions related to werewolves.
2025-03-01 17:36:19 - INFO - Retrieved similar documents: Player4: {"thought": "I need to be cautious. If I revive Player2, they might suspect I have the witch ability and use it to my advantage. However, Player2 could also be useful in eliminating the werewolves, should they be a villager or the seer. Understanding the game dynamics is crucial.", "speak": "I'll choose not to resurrect Player2 since keeping my abilities hidden could provide a strategic edge in later rounds, and we need to address the potential werewolf threat without revealing my identity too soon.", "resurrect": false}
2025-03-01 17:36:19 - INFO - ===
2025-03-01 17:36:21 - INFO - Witch Poison Response: Let's discuss who everyone suspects might be a werewolf. We need to gather our thoughts before we decide on any elimination.
2025-03-01 17:36:21 - INFO - The witch has chosen not to poison a player.
2025-03-01 17:36:21 - INFO - Moderator: Player3, you're the seer. Which player in Player1, Player2, Player3 and Player4 would you like to check tonight?
2025-03-01 17:36:21 - INFO - ===
2025-03-01 17:36:21 - INFO - Query: Discussions related to werewolves.
2025-03-01 17:36:21 - INFO - Retrieved similar documents: 
2025-03-01 17:36:21 - INFO - ===
2025-03-01 17:36:22 - INFO - Seer response: Player1
2025-03-01 17:36:22 - INFO - Moderator: Okay, the role of Player1 is a werewolf.
2025-03-01 17:36:22 - INFO - ===
2025-03-01 17:36:22 - INFO - Query: Discussions related to villagers, seer, witch.
2025-03-01 17:36:22 - INFO - Retrieved similar documents: Player1: {"thought": "I need to assess the behavior of the other players to identify potential werewolves. It\u2019s important to present my thoughts carefully to avoid drawing suspicion towards myself.", "speak": "I think we should start by discussing who we suspect might be working together. Player2, you seemed a bit defensive yesterday. Do you want to share your thoughts on who might be a werewolf?", "finish_discussion": "false"}
Player1: {"thought": "At this stage, I don't have concrete evidence on any player's role. However, I noticed Player2's defensive behavior previously, which might be suspicious. But this is not definitive indication, so I need to consider carefully to avoid premature judgments.", "vote": "Player2", "uncertainty_score": 0.8}
2025-03-01 17:36:22 - INFO - ===
2025-03-01 17:36:25 - INFO - ===
2025-03-01 17:36:25 - INFO - Query: Discussions related to werewolves.
2025-03-01 17:36:25 - INFO - Retrieved similar documents: Moderator: Okay, the role of Player1 is a werewolf.
Player3: {"thought": "I need to gather information wisely. I'll check Player1 tonight and see if they are a werewolf or not. This can help steer the conversation during the day phase.", "speak": "Player1"}
2025-03-01 17:36:25 - INFO - ===
2025-03-01 17:36:27 - INFO - ===
2025-03-01 17:36:27 - INFO - Query: Discussions related to werewolves.
2025-03-01 17:36:27 - INFO - Retrieved similar documents: Player4: {"thought": "I need to gauge the discussions among the players before making a decision on eliminating someone. It\u2019s crucial to identify who might be a werewolf, and I want to make sure my actions align with the villagers' interests.", "speak": "Let's discuss who everyone suspects might be a werewolf. We need to gather our thoughts before we decide on any elimination.", "eliminate": false}
2025-03-01 17:36:27 - INFO - ===
2025-03-01 17:36:29 - INFO - Survivors Discussion: I appreciate your observations, Player3. However, I think we should consider Player1's logic and confidence. It could be a strategy to distract us. Let's discuss what concrete suspicions we have.
2025-03-01 17:36:29 - INFO - Moderator: Given the game rules and your role, based on the situation and the information you gain, to win the game, it's time to vote one player eliminated among the alive players. Which player do you vote to kill?
2025-03-01 17:36:29 - INFO - ===
2025-03-01 17:36:29 - INFO - Query: Discussions related to villagers, seer, witch.
2025-03-01 17:36:29 - INFO - Retrieved similar documents: Player1: {"thought": "I need to assess the behavior of the other players to identify potential werewolves. It\u2019s important to present my thoughts carefully to avoid drawing suspicion towards myself.", "speak": "I think we should start by discussing who we suspect might be working together. Player2, you seemed a bit defensive yesterday. Do you want to share your thoughts on who might be a werewolf?", "finish_discussion": "false"}
Player1: {"thought": "With Player2 eliminated, I need to assess the remaining players more closely. I want to ensure I don't reveal too much about my own suspicions while trying to determine if Player3 or Player4 might be the werewolves. I should keep watch for any suspicious behavior or comments that could indicate their roles.", "speak": "Now that Player2 is out, we have to focus on Player3 and Player4. I didn't have strong suspicions towards Player2 before, and I wonder if either of you noticed anything odd about their behavior during the discussion. What are your thoughts on who might be the werewolf among us?"}
2025-03-01 17:36:29 - INFO - ===
2025-03-01 17:36:30 - INFO - ===
2025-03-01 17:36:30 - INFO - Fast Response: {"thought": "I'm feeling uncertain about whether Player3 or Player4 could be the werewolf. Both have had moments that could be interpreted as suspicious, but I can't pinpoint exactly why. I think I need to vote one of them to see how the other responds.", "vote": "Player3", "uncertainty_score": 0.5}
2025-03-01 17:36:30 - INFO - Fast Uncertainty: 0.5
2025-03-01 17:36:30 - INFO - ===
2025-03-01 17:36:34 - INFO - ===
2025-03-01 17:36:34 - INFO - Slow Response: {"thought": "Considering we need to identify the werewolves, and given our interaction where Player2 was previously voted out, I have to make a strategic choice to potentially identify the remaining werewolf by considering Player3 and Player4's behavior. Player4 has been relatively quiet, which could mean they're trying not to draw attention to themselves.", "vote": "Player4", "uncertainty_score": "0.7"}
2025-03-01 17:36:34 - INFO - ===
2025-03-01 17:36:36 - INFO - ===
2025-03-01 17:36:36 - INFO - Query: Discussions related to werewolves.
2025-03-01 17:36:36 - INFO - Retrieved similar documents: Moderator: Okay, the role of Player1 is a werewolf.
Player3: {"thought": "I need to gather information wisely. I'll check Player1 tonight and see if they are a werewolf or not. This can help steer the conversation during the day phase.", "speak": "Player1"}
2025-03-01 17:36:36 - INFO - ===
2025-03-01 17:36:37 - INFO - ===
2025-03-01 17:36:37 - INFO - Query: Discussions related to werewolves.
2025-03-01 17:36:37 - INFO - Retrieved similar documents: Player4: {"thought": "I need to be careful with my responses and gauge both Player1 and Player3's perceptions of me and each other. I suspect Player1 might be the werewolf based on their confidence and approach to discussions.", "speak": "I appreciate your observations, Player3. However, I think we should consider Player1's logic and confidence. It could be a strategy to distract us. Let's discuss what concrete suspicions we have."}
2025-03-01 17:36:37 - INFO - ===
2025-03-01 17:36:39 - INFO - Moderator: Player1 has been voted out.
2025-03-01 17:36:39 - INFO - Moderator: The game is over. The werewolves have been defeated, and the village is safe once again!
2025-03-01 17:36:39 - INFO - Moderator: The game is over. The werewolves have been defeated, and the village is safe once again!
