{"basefilepath":"logs/fastslow","max_days_per_game":5,"num_games":20,"reflect_before_vectorstore":false,"max_werewolf_discussion_round":3,"similarity_top_k":2,"random_seed":42}
2025-03-01 17:32:47 - INFO - Starting game 13
2025-03-01 17:32:47 - INFO - Moderator: Player1, if you are the only werewolf, eliminate a player. Otherwise, discuss with your teammates and reach an agreement.
2025-03-01 17:32:47 - INFO - Moderator: Player1, if you are the only werewolf, eliminate a player. Otherwise, discuss with your teammates and reach an agreement.
2025-03-01 17:32:47 - INFO - ===
2025-03-01 17:32:47 - INFO - Query: Discussions related to villagers, seer, witch.
2025-03-01 17:32:47 - INFO - Retrieved similar documents: 
2025-03-01 17:32:47 - INFO - ===
2025-03-01 17:32:50 - INFO - Werewolves discussion: I think we should focus on who has been acting suspiciously during the night. Has anyone had unusual behavior while voting or during discussions? We might be able to spot a werewolf if we look closely at how everyone interacts.
2025-03-01 17:32:50 - INFO - Moderator: Which player do you vote to kill?
2025-03-01 17:32:50 - INFO - Moderator: Which player do you vote to kill?
2025-03-01 17:32:50 - INFO - ===
2025-03-01 17:32:50 - INFO - Query: Discussions related to villagers, seer, witch.
2025-03-01 17:32:50 - INFO - Retrieved similar documents: Player1: {"thought": "I need to identify who the other werewolf is while keeping my identity hidden. I should be cautious about who I accuse and try to steer the conversation to sow doubt among the villagers.", "speak": "I think we should focus on who has been acting suspiciously during the night. Has anyone had unusual behavior while voting or during discussions? We might be able to spot a werewolf if we look closely at how everyone interacts.", "finish_discussion": "false"}
Player1: {"thought": "I need to identify who the other werewolf is while keeping my identity hidden. I should be cautious about who I accuse and try to steer the conversation to sow doubt among the villagers.", "speak": "I think we should focus on who has been acting suspiciously during the night. Has anyone had unusual behavior while voting or during discussions? We might be able to spot a werewolf if we look closely at how everyone interacts.", "finish_discussion": "false"}
2025-03-01 17:32:50 - INFO - ===
2025-03-01 17:32:52 - INFO - ===
2025-03-01 17:32:52 - INFO - Fast Response: {"thought": "I have suspicions about Player2 based on their previous comments, but I want to be cautious not to appear too obvious in my accusations. I need to maintain my cover as a villager.", "vote": "Player2", "uncertainty_score": 0.3}
2025-03-01 17:32:52 - INFO - Fast Uncertainty: 0.3
2025-03-01 17:32:52 - INFO - ===
2025-03-01 17:32:53 - INFO - ===
2025-03-01 17:32:53 - INFO - Slow Response: {"thought": "I need to eliminate a player without raising suspicion onto myself. I should pick someone who others might already consider suspicious but ensure it's not too obvious that I'm a werewolf.", "vote": "Player3", "uncertainty_score": 0.4}
2025-03-01 17:32:53 - INFO - ===
2025-03-01 17:32:54 - INFO - Moderator: The player with the most votes is Player3.
2025-03-01 17:32:54 - INFO - Moderator: Player4, you're the witch. Tonight Player3 is eliminated. Would you like to resurrect Player3?
2025-03-01 17:32:54 - INFO - ===
2025-03-01 17:32:54 - INFO - Query: Discussions related to werewolves.
2025-03-01 17:32:54 - INFO - Retrieved similar documents: 
2025-03-01 17:32:54 - INFO - ===
2025-03-01 17:32:56 - INFO - Witch resurrection response: I will not resurrect Player3 because I suspect that they may have been a threat to the villagers. Resurrecting them might lead to more complications.
2025-03-01 17:32:56 - INFO - Moderator: The witch has chosen not to resurrect the player.
2025-03-01 17:32:56 - INFO - ===
2025-03-01 17:32:56 - INFO - Query: Discussions related to werewolves.
2025-03-01 17:32:56 - INFO - Retrieved similar documents: Player4: {"thought": "I need to consider if Player3's elimination is beneficial for the team or if I can use my abilities strategically. It's crucial to analyze the situation carefully, especially since Player3 might have information about the werewolves.", "speak": "I will not resurrect Player3 because I suspect that they may have been a threat to the villagers. Resurrecting them might lead to more complications.", "resurrect": false}
2025-03-01 17:32:56 - INFO - ===
2025-03-01 17:32:57 - INFO - Witch Poison Response: I believe we should discuss more before making any decisions on elimination. There's still so much uncertainty about who the werewolves might be.
2025-03-01 17:32:57 - INFO - The witch has chosen not to poison a player.
2025-03-01 17:32:57 - INFO - Moderator: Player3, you're the seer. Which player in Player1, Player2, Player3 and Player4 would you like to check tonight?
2025-03-01 17:32:57 - INFO - ===
2025-03-01 17:32:57 - INFO - Query: Discussions related to werewolves.
2025-03-01 17:32:57 - INFO - Retrieved similar documents: 
2025-03-01 17:32:57 - INFO - ===
2025-03-01 17:32:58 - INFO - Seer response: Player1
2025-03-01 17:32:58 - INFO - Moderator: Okay, the role of Player1 is a werewolf.
2025-03-01 17:32:59 - INFO - ===
2025-03-01 17:32:59 - INFO - Query: Discussions related to villagers, seer, witch.
2025-03-01 17:32:59 - INFO - Retrieved similar documents: Player1: {"thought": "I need to identify who the other werewolf is while keeping my identity hidden. I should be cautious about who I accuse and try to steer the conversation to sow doubt among the villagers.", "speak": "I think we should focus on who has been acting suspiciously during the night. Has anyone had unusual behavior while voting or during discussions? We might be able to spot a werewolf if we look closely at how everyone interacts.", "finish_discussion": "false"}
Player1: {"thought": "I need to eliminate a player without raising suspicion onto myself. I should pick someone who others might already consider suspicious but ensure it's not too obvious that I'm a werewolf.", "vote": "Player3", "uncertainty_score": 0.4}
2025-03-01 17:32:59 - INFO - ===
2025-03-01 17:33:02 - INFO - ===
2025-03-01 17:33:02 - INFO - Query: Discussions related to werewolves.
2025-03-01 17:33:02 - INFO - Retrieved similar documents: 
2025-03-01 17:33:02 - INFO - ===
2025-03-01 17:33:04 - INFO - ===
2025-03-01 17:33:04 - INFO - Query: Discussions related to werewolves.
2025-03-01 17:33:04 - INFO - Retrieved similar documents: Player4: {"thought": "It's important to gather information from this discussion. I need to observe what Player1 and Player2 say to assess if one might be a werewolf. Elimination can be risky without sufficient evidence.", "speak": "I believe we should discuss more before making any decisions on elimination. There's still so much uncertainty about who the werewolves might be.", "eliminate": false}
2025-03-01 17:33:04 - INFO - ===
2025-03-01 17:33:06 - INFO - Survivors Discussion: I agree, Player2. We should reflect on the discussions we had before Player3's elimination. Did anyone seem overly defensive or evasive?
2025-03-01 17:33:06 - INFO - Moderator: Given the game rules and your role, based on the situation and the information you gain, to win the game, it's time to vote one player eliminated among the alive players. Which player do you vote to kill?
2025-03-01 17:33:06 - INFO - ===
2025-03-01 17:33:06 - INFO - Query: Discussions related to villagers, seer, witch.
2025-03-01 17:33:06 - INFO - Retrieved similar documents: Player1: {"thought": "I need to identify who the other werewolf is while keeping my identity hidden. I should be cautious about who I accuse and try to steer the conversation to sow doubt among the villagers.", "speak": "I think we should focus on who has been acting suspiciously during the night. Has anyone had unusual behavior while voting or during discussions? We might be able to spot a werewolf if we look closely at how everyone interacts.", "finish_discussion": "false"}
Player1: {"thought": "With Player3 eliminated, I need to keep the suspicion off me while still trying to figure out who the other werewolf is. I should encourage Player2 and Player4 to share their thoughts and perhaps steer their suspicion away from me.", "speak": "Now that Player3 is gone, I'd like to hear your thoughts on who might be the other werewolf. Player2, Player4, do either of you have suspicions based on the discussions we've had?"}
2025-03-01 17:33:06 - INFO - ===
2025-03-01 17:33:08 - INFO - ===
2025-03-01 17:33:08 - INFO - Fast Response: {"thought": "I'm concerned that Player2 might be the other werewolf, but I need to consider if Player4 is a potential threat as well. I have to make a decision based on the discussions we've had. I'm leaning towards voting for Player2 since they haven't shared as much information.", "vote": "Player2", "uncertainty_score": 0.3}
2025-03-01 17:33:08 - INFO - Fast Uncertainty: 0.3
2025-03-01 17:33:08 - INFO - ===
2025-03-01 17:33:10 - INFO - ===
2025-03-01 17:33:10 - INFO - Slow Response: {"thought": "Based on the previous discussions, I need to keep suspicion off of myself while also ensuring Player2 or Player4 gets eliminated. At this stage, I suspect Player4 may be more inclined to act against me, so subtly pushing the vote towards them may be strategic.", "vote": "Player4", "uncertainty_score": 0.3}
2025-03-01 17:33:10 - INFO - ===
2025-03-01 17:33:11 - INFO - ===
2025-03-01 17:33:11 - INFO - Query: Discussions related to werewolves.
2025-03-01 17:33:11 - INFO - Retrieved similar documents: Player2: {"thought": "I need to be careful about revealing my suspicions. Player1 seems a bit too eager to gather thoughts; could they be trying to divert attention? I should consider Player4's behavior as well.", "speak": "I think we should discuss what happened before Player3's elimination. It might give us more clues about who the werewolves are."}
Player2: {"thought": "I need to be careful about revealing my suspicions. Player1 seems a bit too eager to gather thoughts; could they be trying to divert attention? I should consider Player4's behavior as well.", "speak": "I think we should discuss what happened before Player3's elimination. It might give us more clues about who the werewolves are."}
2025-03-01 17:33:11 - INFO - ===
2025-03-01 17:33:12 - INFO - ===
2025-03-01 17:33:12 - INFO - Query: Discussions related to werewolves.
2025-03-01 17:33:12 - INFO - Retrieved similar documents: Player4: {"thought": "It's important to gather information from this discussion. I need to observe what Player1 and Player2 say to assess if one might be a werewolf. Elimination can be risky without sufficient evidence.", "speak": "I believe we should discuss more before making any decisions on elimination. There's still so much uncertainty about who the werewolves might be.", "eliminate": false}
2025-03-01 17:33:12 - INFO - ===
2025-03-01 17:33:15 - INFO - Moderator: Player1 has been voted out.
2025-03-01 17:33:15 - INFO - Moderator: The game is over. The werewolves have been defeated, and the village is safe once again!
2025-03-01 17:33:15 - INFO - Moderator: The game is over. The werewolves have been defeated, and the village is safe once again!
