{"basefilepath":"logs/fastslow","max_days_per_game":5,"num_games":20,"reflect_before_vectorstore":false,"max_werewolf_discussion_round":3,"similarity_top_k":2,"random_seed":42}
2025-03-01 17:31:41 - INFO - Starting game 11
2025-03-01 17:31:41 - INFO - Moderator: Player1, if you are the only werewolf, eliminate a player. Otherwise, discuss with your teammates and reach an agreement.
2025-03-01 17:31:41 - INFO - Moderator: Player1, if you are the only werewolf, eliminate a player. Otherwise, discuss with your teammates and reach an agreement.
2025-03-01 17:31:41 - INFO - ===
2025-03-01 17:31:41 - INFO - Query: Discussions related to villagers, seer, witch.
2025-03-01 17:31:41 - INFO - Retrieved similar documents: 
2025-03-01 17:31:41 - INFO - ===
2025-03-01 17:31:43 - INFO - Werewolves discussion: I think we should carefully consider each player's actions last night. Does anyone have any suspicions or insights? I feel like we need to gather more information before we vote anyone out.
2025-03-01 17:31:43 - INFO - Moderator: Which player do you vote to kill?
2025-03-01 17:31:43 - INFO - Moderator: Which player do you vote to kill?
2025-03-01 17:31:44 - INFO - ===
2025-03-01 17:31:44 - INFO - Query: Discussions related to villagers, seer, witch.
2025-03-01 17:31:44 - INFO - Retrieved similar documents: Player1: {"thought": "I need to carefully observe Player2, Player3, and Player4 for any suspicious behavior or comments that might indicate they are werewolves. I should also reinforce trust with the villagers while sowing doubt about any potential threats.", "speak": "I think we should carefully consider each player's actions last night. Does anyone have any suspicions or insights? I feel like we need to gather more information before we vote anyone out.", "finish_discussion": "false"}
Player1: {"thought": "I need to carefully observe Player2, Player3, and Player4 for any suspicious behavior or comments that might indicate they are werewolves. I should also reinforce trust with the villagers while sowing doubt about any potential threats.", "speak": "I think we should carefully consider each player's actions last night. Does anyone have any suspicions or insights? I feel like we need to gather more information before we vote anyone out.", "finish_discussion": "false"}
2025-03-01 17:31:44 - INFO - ===
2025-03-01 17:31:45 - INFO - ===
2025-03-01 17:31:45 - INFO - Fast Response: {"thought": "I still need to observe more behaviors before making a concrete choice, but Player2 seems a bit suspicious based on their comments. We should vote to gather more information.", "vote": "Player2", "uncertainty_score": "0.4"}
2025-03-01 17:31:45 - INFO - Fast Uncertainty: 0.4
2025-03-01 17:31:45 - INFO - ===
2025-03-01 17:31:48 - INFO - ===
2025-03-01 17:31:48 - INFO - Slow Response: {"thought": "I need to ensure that we, the werewolves, eliminate a villager, but it's crucial to make my decision seems justifiable in the context of our discussions. I need to be cautious not to show any hints of being a werewolf myself.", "vote": "Player2", "uncertainty_score": 0.6}
2025-03-01 17:31:48 - INFO - ===
2025-03-01 17:31:48 - INFO - Moderator: The player with the most votes is Player2.
2025-03-01 17:31:48 - INFO - Moderator: Player4, you're the witch. Tonight Player2 is eliminated. Would you like to resurrect Player2?
2025-03-01 17:31:48 - INFO - ===
2025-03-01 17:31:48 - INFO - Query: Discussions related to werewolves.
2025-03-01 17:31:48 - INFO - Retrieved similar documents: 
2025-03-01 17:31:48 - INFO - ===
2025-03-01 17:31:54 - INFO - Witch resurrection response: I choose to resurrect Player2 because they might have vital information for us, and I want to ensure we have enough villagers to work against the werewolves.
2025-03-01 17:31:54 - INFO - Moderator: The witch has chosen to resurrect the player.
2025-03-01 17:31:54 - INFO - Moderator: Player3, you're the seer. Which player in Player1, Player2, Player3 and Player4 would you like to check tonight?
2025-03-01 17:31:54 - INFO - ===
2025-03-01 17:31:54 - INFO - Query: Discussions related to werewolves.
2025-03-01 17:31:54 - INFO - Retrieved similar documents: 
2025-03-01 17:31:54 - INFO - ===
2025-03-01 17:31:56 - INFO - Seer response: Player1
2025-03-01 17:31:56 - INFO - Moderator: Okay, the role of Player1 is a werewolf.
2025-03-01 17:31:56 - INFO - ===
2025-03-01 17:31:56 - INFO - Query: Discussions related to villagers, seer, witch.
2025-03-01 17:31:56 - INFO - Retrieved similar documents: Player1: {"thought": "I need to carefully observe Player2, Player3, and Player4 for any suspicious behavior or comments that might indicate they are werewolves. I should also reinforce trust with the villagers while sowing doubt about any potential threats.", "speak": "I think we should carefully consider each player's actions last night. Does anyone have any suspicions or insights? I feel like we need to gather more information before we vote anyone out.", "finish_discussion": "false"}
Player1: {"thought": "I need to ensure that we, the werewolves, eliminate a villager, but it's crucial to make my decision seems justifiable in the context of our discussions. I need to be cautious not to show any hints of being a werewolf myself.", "vote": "Player2", "uncertainty_score": 0.6}
2025-03-01 17:31:56 - INFO - ===
2025-03-01 17:31:59 - INFO - ===
2025-03-01 17:31:59 - INFO - Query: Discussions related to werewolves.
2025-03-01 17:31:59 - INFO - Retrieved similar documents: 
2025-03-01 17:31:59 - INFO - ===
2025-03-01 17:32:01 - INFO - ===
2025-03-01 17:32:01 - INFO - Query: Discussions related to werewolves.
2025-03-01 17:32:01 - INFO - Retrieved similar documents: Moderator: Okay, the role of Player1 is a werewolf.
Player3: {"thought": "I need to gather information to help identify the werewolves. I'll check Player1 to see if they are one of the werewolves or a villager.", "speak": "Player1"}
2025-03-01 17:32:01 - INFO - ===
2025-03-01 17:32:03 - INFO - ===
2025-03-01 17:32:03 - INFO - Query: Discussions related to werewolves.
2025-03-01 17:32:03 - INFO - Retrieved similar documents: Player4: {"thought": "I need to decide if resurrecting Player2 is the best move. As a witch, I want to keep the game balanced, and there might be important information Player2 has that can help our team. However, if we resurrect a player and they are a villager, it could benefit the werewolves. I'll need to weigh the risks.", "speak": "I choose to resurrect Player2 because they might have vital information for us, and I want to ensure we have enough villagers to work against the werewolves.", "resurrect": true}
2025-03-01 17:32:03 - INFO - ===
2025-03-01 17:32:05 - INFO - Survivors Discussion: I understand your concerns about Player1, but let's make sure we consider all angles. Does anyone have thoughts on why they suspect Player1?
2025-03-01 17:32:05 - INFO - Moderator: Given the game rules and your role, based on the situation and the information you gain, to win the game, it's time to vote one player eliminated among the alive players. Which player do you vote to kill?
2025-03-01 17:32:05 - INFO - ===
2025-03-01 17:32:05 - INFO - Query: Discussions related to villagers, seer, witch.
2025-03-01 17:32:05 - INFO - Retrieved similar documents: Player1: {"thought": "I need to carefully observe Player2, Player3, and Player4 for any suspicious behavior or comments that might indicate they are werewolves. I should also reinforce trust with the villagers while sowing doubt about any potential threats.", "speak": "I think we should carefully consider each player's actions last night. Does anyone have any suspicions or insights? I feel like we need to gather more information before we vote anyone out.", "finish_discussion": "false"}
Player1: {"thought": "I should maintain a low profile while subtly guiding the discussion away from any suspicion towards me. It's important to keep the villagers uncertain and focused on each other.", "speak": "Let's not rush to a decision. We should look at all the arguments again. Player2, can you share your thoughts on last night? I want to hear everyone's perspective."}
2025-03-01 17:32:05 - INFO - ===
2025-03-01 17:32:07 - INFO - ===
2025-03-01 17:32:07 - INFO - Fast Response: {"thought": "I still need to gather more information before making a solid decision on who to vote out. Player2 seems a bit evasive with their thoughts, but I can't be too sure. I have to tread carefully.", "vote": "Player2", "uncertainty_score": 0.5}
2025-03-01 17:32:07 - INFO - Fast Uncertainty: 0.5
2025-03-01 17:32:07 - INFO - ===
2025-03-01 17:32:10 - INFO - ===
2025-03-01 17:32:10 - INFO - Slow Response: {"thought": "Given that we had some discussions previously and no one had clear suspicions, I'll push to eliminate Player4 if needed since Player2 and Player3 did try to engage in some discussions earlier. I think Player4 might see more silent which can be suspicious.", "vote": "Player4", "uncertainty_score": 0.7}
2025-03-01 17:32:10 - INFO - ===
2025-03-01 17:32:10 - INFO - ===
2025-03-01 17:32:10 - INFO - Query: Discussions related to werewolves.
2025-03-01 17:32:10 - INFO - Retrieved similar documents: Player2: {"thought": "Player1 is trying to understand the situation better, which can be a good sign of a villager. I need to think carefully about my response and the perspectives of others.", "speak": "I agree, Player1. It's important to listen to everyone's thoughts. Honestly, I didn't see anything suspicious last night, but I'm ready to hear what everyone else has to say."}
Player2: {"thought": "Player1 is trying to understand the situation better, which can be a good sign of a villager. I need to think carefully about my response and the perspectives of others.", "speak": "I agree, Player1. It's important to listen to everyone's thoughts. Honestly, I didn't see anything suspicious last night, but I'm ready to hear what everyone else has to say."}
2025-03-01 17:32:10 - INFO - ===
2025-03-01 17:32:13 - INFO - ===
2025-03-01 17:32:13 - INFO - Query: Discussions related to werewolves.
2025-03-01 17:32:13 - INFO - Retrieved similar documents: Moderator: Okay, the role of Player1 is a werewolf.
Player3: {"thought": "I need to gather information to help identify the werewolves. I'll check Player1 to see if they are one of the werewolves or a villager.", "speak": "Player1"}
2025-03-01 17:32:13 - INFO - ===
2025-03-01 17:32:15 - INFO - ===
2025-03-01 17:32:15 - INFO - Query: Discussions related to werewolves.
2025-03-01 17:32:15 - INFO - Retrieved similar documents: Player4: {"thought": "I agree that we should discuss Player1 further. They could potentially be one of the werewolves and their behavior is raising some suspicion. We need to gather more evidence before making any decisions.", "speak": "I understand your concerns about Player1, but let's make sure we consider all angles. Does anyone have thoughts on why they suspect Player1?"}
2025-03-01 17:32:15 - INFO - ===
2025-03-01 17:32:17 - INFO - Moderator: Player1 has been voted out.
2025-03-01 17:32:17 - INFO - Moderator: The game is over. The werewolves have been defeated, and the village is safe once again!
2025-03-01 17:32:17 - INFO - Moderator: The game is over. The werewolves have been defeated, and the village is safe once again!
