{"basefilepath":"logs/fastslow","max_days_per_game":5,"num_games":20,"reflect_before_vectorstore":false,"max_werewolf_discussion_round":3,"similarity_top_k":2,"random_seed":42}
2025-03-01 17:29:21 - INFO - Starting game 7
2025-03-01 17:29:21 - INFO - Moderator: Player1, if you are the only werewolf, eliminate a player. Otherwise, discuss with your teammates and reach an agreement.
2025-03-01 17:29:21 - INFO - Moderator: Player1, if you are the only werewolf, eliminate a player. Otherwise, discuss with your teammates and reach an agreement.
2025-03-01 17:29:21 - INFO - ===
2025-03-01 17:29:21 - INFO - Query: Discussions related to villagers, seer, witch.
2025-03-01 17:29:21 - INFO - Retrieved similar documents: 
2025-03-01 17:29:21 - INFO - ===
2025-03-01 17:29:22 - INFO - Werewolves discussion: I think we should all share our thoughts on who we suspect might be the werewolves. It's crucial for us to work together and identify any suspicious behavior.
2025-03-01 17:29:22 - INFO - Moderator: Which player do you vote to kill?
2025-03-01 17:29:22 - INFO - Moderator: Which player do you vote to kill?
2025-03-01 17:29:23 - INFO - ===
2025-03-01 17:29:23 - INFO - Query: Discussions related to villagers, seer, witch.
2025-03-01 17:29:23 - INFO - Retrieved similar documents: Player1: {"thought": "I need to assess who might be the villagers and who could be the other werewolf. I should be cautious about my statements to avoid raising suspicion while trying to assess others' reactions.", "speak": "I think we should all share our thoughts on who we suspect might be the werewolves. It's crucial for us to work together and identify any suspicious behavior.", "finish_discussion": "false"}
Player1: {"thought": "I need to assess who might be the villagers and who could be the other werewolf. I should be cautious about my statements to avoid raising suspicion while trying to assess others' reactions.", "speak": "I think we should all share our thoughts on who we suspect might be the werewolves. It's crucial for us to work together and identify any suspicious behavior.", "finish_discussion": "false"}
2025-03-01 17:29:23 - INFO - ===
2025-03-01 17:29:24 - INFO - ===
2025-03-01 17:29:24 - INFO - Fast Response: {"thought": "I still have doubts about who the werewolves might be, but Player2's behavior seems particularly suspicious. I think it would be a good strategy to vote against them this round.", "vote": "Player2", "uncertainty_score": 0.3}
2025-03-01 17:29:24 - INFO - Fast Uncertainty: 0.3
2025-03-01 17:29:24 - INFO - ===
2025-03-01 17:29:27 - INFO - ===
2025-03-01 17:29:27 - INFO - Slow Response: {"thought": "As one of the werewolves, I need to vote in a way that helps us not expose our identities. However, I need to remember that voting for a villager puts us in a better position. Player2 hasn't been saying much, which makes me suspicious that they might be useful to eliminate early on, as they might be a strategic player. I'll vote for now tentatively to gauge reactions from others.", "vote": "Player2", "uncertainty_score": 0.6}
2025-03-01 17:29:27 - INFO - ===
2025-03-01 17:29:27 - INFO - Moderator: The player with the most votes is Player2.
2025-03-01 17:29:27 - INFO - Moderator: Player4, you're the witch. Tonight Player2 is eliminated. Would you like to resurrect Player2?
2025-03-01 17:29:27 - INFO - ===
2025-03-01 17:29:27 - INFO - Query: Discussions related to werewolves.
2025-03-01 17:29:27 - INFO - Retrieved similar documents: 
2025-03-01 17:29:27 - INFO - ===
2025-03-01 17:29:29 - INFO - Witch resurrection response: I will choose to resurrect Player2 because they can help identify the werewolves based on previous discussions and voting patterns.
2025-03-01 17:29:29 - INFO - Moderator: The witch has chosen to resurrect the player.
2025-03-01 17:29:29 - INFO - Moderator: Player3, you're the seer. Which player in Player1, Player2, Player3 and Player4 would you like to check tonight?
2025-03-01 17:29:29 - INFO - ===
2025-03-01 17:29:29 - INFO - Query: Discussions related to werewolves.
2025-03-01 17:29:29 - INFO - Retrieved similar documents: 
2025-03-01 17:29:29 - INFO - ===
2025-03-01 17:29:30 - INFO - Seer response: Player1
2025-03-01 17:29:30 - INFO - Moderator: Okay, the role of Player1 is a werewolf.
2025-03-01 17:29:30 - INFO - ===
2025-03-01 17:29:30 - INFO - Query: Discussions related to villagers, seer, witch.
2025-03-01 17:29:30 - INFO - Retrieved similar documents: Player1: {"thought": "I need to assess who might be the villagers and who could be the other werewolf. I should be cautious about my statements to avoid raising suspicion while trying to assess others' reactions.", "speak": "I think we should all share our thoughts on who we suspect might be the werewolves. It's crucial for us to work together and identify any suspicious behavior.", "finish_discussion": "false"}
Player1: {"thought": "As one of the werewolves, I need to vote in a way that helps us not expose our identities. However, I need to remember that voting for a villager puts us in a better position. Player2 hasn't been saying much, which makes me suspicious that they might be useful to eliminate early on, as they might be a strategic player. I'll vote for now tentatively to gauge reactions from others.", "vote": "Player2", "uncertainty_score": 0.6}
2025-03-01 17:29:31 - INFO - ===
2025-03-01 17:29:49 - INFO - ===
2025-03-01 17:29:49 - INFO - Query: Discussions related to werewolves.
2025-03-01 17:29:49 - INFO - Retrieved similar documents: 
2025-03-01 17:29:49 - INFO - ===
2025-03-01 17:29:51 - INFO - ===
2025-03-01 17:29:51 - INFO - Query: Discussions related to werewolves.
2025-03-01 17:29:51 - INFO - Retrieved similar documents: Moderator: Okay, the role of Player1 is a werewolf.
Player3: {"thought": "I need to gather information to help the villagers. I'll check Player1 tonight to see if they are a werewolf or not.", "speak": "Player1"}
2025-03-01 17:29:51 - INFO - ===
2025-03-01 17:29:53 - INFO - ===
2025-03-01 17:29:53 - INFO - Query: Discussions related to werewolves.
2025-03-01 17:29:53 - INFO - Retrieved similar documents: Player4: {"thought": "I need to consider the dynamics of the game and the implications of resurrecting Player2 as they might provide useful insights during the day phase.", "speak": "I will choose to resurrect Player2 because they can help identify the werewolves based on previous discussions and voting patterns.", "resurrect": true}
2025-03-01 17:29:53 - INFO - ===
2025-03-01 17:29:54 - INFO - Survivors Discussion: I agree with Player3, Player1 has been acting suspiciously. We should seriously consider voting to eliminate them.
2025-03-01 17:29:54 - INFO - Moderator: Given the game rules and your role, based on the situation and the information you gain, to win the game, it's time to vote one player eliminated among the alive players. Which player do you vote to kill?
2025-03-01 17:29:54 - INFO - ===
2025-03-01 17:29:54 - INFO - Query: Discussions related to villagers, seer, witch.
2025-03-01 17:29:54 - INFO - Retrieved similar documents: Player1: {"thought": "I need to assess who might be the villagers and who could be the other werewolf. I should be cautious about my statements to avoid raising suspicion while trying to assess others' reactions.", "speak": "I think we should all share our thoughts on who we suspect might be the werewolves. It's crucial for us to work together and identify any suspicious behavior.", "finish_discussion": "false"}
Player1: {"thought": "I need to keep an eye on how Player3 and Player4 react to my vote for Player2. If they seem to agree, it could indicate they're villagers. If they dissent, I should consider adjusting my strategy accordingly.", "speak": "I cast my vote for Player2 because I'm suspicious of their lack of contribution. It feels like a strategic move to remove someone who could be a danger to us."}
2025-03-01 17:29:54 - INFO - ===
2025-03-01 17:29:57 - INFO - ===
2025-03-01 17:29:57 - INFO - Fast Response: {"thought": "I still have some suspicions about Player2, but I need to be cautious and observe the reactions of Player3 and Player4 after my vote. It's essential to maintain a level of uncertainty to avoid drawing attention to myself as a werewolf.", "vote": "Player2", "uncertainty_score": "0.3"}
2025-03-01 17:29:57 - INFO - Fast Uncertainty: 0.3
2025-03-01 17:29:57 - INFO - ===
2025-03-01 17:29:58 - INFO - ===
2025-03-01 17:29:58 - INFO - Slow Response: {"thought": "I previously suspected Player2 for their lack of contribution. I want to maintain consistency in my strategy and see how others react to my vote again.", "vote": "Player2", "uncertainty_score": 0.4}
2025-03-01 17:29:58 - INFO - ===
2025-03-01 17:29:59 - INFO - ===
2025-03-01 17:29:59 - INFO - Query: Discussions related to werewolves.
2025-03-01 17:29:59 - INFO - Retrieved similar documents: Player2: {"thought": "Player1 is trying to divert attention away from themselves. It's possible they're one of the werewolves. I need to defend myself and suggest we discuss who else might be suspicious.", "speak": "I understand your concerns, Player1, but I believe we should look at everyone\u2019s actions. I think it's important to consider Player3 and Player4's behavior as well before making a decision."}
Player2: {"thought": "Player1 is trying to divert attention away from themselves. It's possible they're one of the werewolves. I need to defend myself and suggest we discuss who else might be suspicious.", "speak": "I understand your concerns, Player1, but I believe we should look at everyone\u2019s actions. I think it's important to consider Player3 and Player4's behavior as well before making a decision."}
2025-03-01 17:29:59 - INFO - ===
2025-03-01 17:30:02 - INFO - ===
2025-03-01 17:30:02 - INFO - Query: Discussions related to werewolves.
2025-03-01 17:30:02 - INFO - Retrieved similar documents: Moderator: Okay, the role of Player1 is a werewolf.
Player3: {"thought": "I need to gather information to help the villagers. I'll check Player1 tonight to see if they are a werewolf or not.", "speak": "Player1"}
2025-03-01 17:30:02 - INFO - ===
2025-03-01 17:30:03 - INFO - ===
2025-03-01 17:30:03 - INFO - Query: Discussions related to werewolves.
2025-03-01 17:30:03 - INFO - Retrieved similar documents: Player4: {"thought": "I need to consider the dynamics of the game and the implications of resurrecting Player2 as they might provide useful insights during the day phase.", "speak": "I will choose to resurrect Player2 because they can help identify the werewolves based on previous discussions and voting patterns.", "resurrect": true}
2025-03-01 17:30:03 - INFO - ===
2025-03-01 17:30:05 - INFO - Moderator: Player1 has been voted out.
2025-03-01 17:30:05 - INFO - Moderator: The game is over. The werewolves have been defeated, and the village is safe once again!
2025-03-01 17:30:05 - INFO - Moderator: The game is over. The werewolves have been defeated, and the village is safe once again!
