{"basefilepath":"logs/fastslow","max_days_per_game":5,"num_games":20,"reflect_before_vectorstore":false,"max_werewolf_discussion_round":3,"similarity_top_k":2,"random_seed":42}
2025-03-01 17:32:17 - INFO - Starting game 12
2025-03-01 17:32:17 - INFO - Moderator: Player1, if you are the only werewolf, eliminate a player. Otherwise, discuss with your teammates and reach an agreement.
2025-03-01 17:32:17 - INFO - Moderator: Player1, if you are the only werewolf, eliminate a player. Otherwise, discuss with your teammates and reach an agreement.
2025-03-01 17:32:17 - INFO - ===
2025-03-01 17:32:17 - INFO - Query: Discussions related to villagers, seer, witch.
2025-03-01 17:32:17 - INFO - Retrieved similar documents: 
2025-03-01 17:32:17 - INFO - ===
2025-03-01 17:32:19 - INFO - Werewolves discussion: I think it's important for us to share our thoughts openly. Player2, what are your suspicions? Player3, do you have anyone you think we should be keeping an eye on? Let's discuss this thoroughly before we make a decision.
2025-03-01 17:32:19 - INFO - Moderator: Which player do you vote to kill?
2025-03-01 17:32:19 - INFO - Moderator: Which player do you vote to kill?
2025-03-01 17:32:19 - INFO - ===
2025-03-01 17:32:19 - INFO - Query: Discussions related to villagers, seer, witch.
2025-03-01 17:32:19 - INFO - Retrieved similar documents: Player1: {"thought": "We need to figure out who among us might be werewolves. I should observe how others are acting and responding. It's crucial to blend in and not reveal my identity too soon, while also planting seeds of doubt about the others.", "speak": "I think it's important for us to share our thoughts openly. Player2, what are your suspicions? Player3, do you have anyone you think we should be keeping an eye on? Let's discuss this thoroughly before we make a decision.", "finish_discussion": "false"}
Player1: {"thought": "We need to figure out who among us might be werewolves. I should observe how others are acting and responding. It's crucial to blend in and not reveal my identity too soon, while also planting seeds of doubt about the others.", "speak": "I think it's important for us to share our thoughts openly. Player2, what are your suspicions? Player3, do you have anyone you think we should be keeping an eye on? Let's discuss this thoroughly before we make a decision.", "finish_discussion": "false"}
2025-03-01 17:32:19 - INFO - ===
2025-03-01 17:32:21 - INFO - ===
2025-03-01 17:32:21 - INFO - Fast Response: {"thought": "I'm still trying to gauge everyone's reactions and behaviors. I have some suspicions, but I need to be cautious. Player3 hasn't said much, which makes me a bit wary. I think I should vote for Player3 to see how the others react.", "vote": "Player3", "uncertainty_score": 0.4}
2025-03-01 17:32:21 - INFO - Fast Uncertainty: 0.4
2025-03-01 17:32:21 - INFO - ===
2025-03-01 17:32:23 - INFO - ===
2025-03-01 17:32:23 - INFO - Slow Response: {"thought": "Since we haven't gathered much information yet, it's essential to make an educated guess based on the limited feedback and first impressions. I'm aiming to sow some doubt without drawing attention to myself, I'll pick Player3 to test how others react.", "vote": "Player3", "uncertainty_score": "0.7"}
2025-03-01 17:32:23 - INFO - ===
2025-03-01 17:32:23 - INFO - Moderator: The player with the most votes is Player3.
2025-03-01 17:32:24 - INFO - Moderator: Player4, you're the witch. Tonight Player3 is eliminated. Would you like to resurrect Player3?
2025-03-01 17:32:24 - INFO - ===
2025-03-01 17:32:24 - INFO - Query: Discussions related to werewolves.
2025-03-01 17:32:24 - INFO - Retrieved similar documents: 
2025-03-01 17:32:24 - INFO - ===
2025-03-01 17:32:25 - INFO - Witch resurrection response: I choose to resurrect Player3 because their role may be crucial for the villagers' survival, and eliminating them without using my potion of life would be a waste.
2025-03-01 17:32:25 - INFO - Moderator: The witch has chosen to resurrect the player.
2025-03-01 17:32:25 - INFO - Moderator: Player3, you're the seer. Which player in Player1, Player2, Player3 and Player4 would you like to check tonight?
2025-03-01 17:32:25 - INFO - ===
2025-03-01 17:32:25 - INFO - Query: Discussions related to werewolves.
2025-03-01 17:32:25 - INFO - Retrieved similar documents: 
2025-03-01 17:32:25 - INFO - ===
2025-03-01 17:32:27 - INFO - Seer response: Player1
2025-03-01 17:32:27 - INFO - Moderator: Okay, the role of Player1 is a werewolf.
2025-03-01 17:32:28 - INFO - ===
2025-03-01 17:32:28 - INFO - Query: Discussions related to villagers, seer, witch.
2025-03-01 17:32:28 - INFO - Retrieved similar documents: Player1: {"thought": "We need to figure out who among us might be werewolves. I should observe how others are acting and responding. It's crucial to blend in and not reveal my identity too soon, while also planting seeds of doubt about the others.", "speak": "I think it's important for us to share our thoughts openly. Player2, what are your suspicions? Player3, do you have anyone you think we should be keeping an eye on? Let's discuss this thoroughly before we make a decision.", "finish_discussion": "false"}
Player1: {"thought": "Since we haven't gathered much information yet, it's essential to make an educated guess based on the limited feedback and first impressions. I'm aiming to sow some doubt without drawing attention to myself, I'll pick Player3 to test how others react.", "vote": "Player3", "uncertainty_score": "0.7"}
2025-03-01 17:32:28 - INFO - ===
2025-03-01 17:32:30 - INFO - ===
2025-03-01 17:32:30 - INFO - Query: Discussions related to werewolves.
2025-03-01 17:32:30 - INFO - Retrieved similar documents: 
2025-03-01 17:32:30 - INFO - ===
2025-03-01 17:32:32 - INFO - ===
2025-03-01 17:32:32 - INFO - Query: Discussions related to werewolves.
2025-03-01 17:32:32 - INFO - Retrieved similar documents: Moderator: Okay, the role of Player1 is a werewolf.
Player3: {"thought": "I need to gather information to guide the villagers. I think checking Player1 first can provide insights since they might be acting suspiciously.", "speak": "Player1"}
2025-03-01 17:32:32 - INFO - ===
2025-03-01 17:32:35 - INFO - ===
2025-03-01 17:32:35 - INFO - Query: Discussions related to werewolves.
2025-03-01 17:32:35 - INFO - Retrieved similar documents: Player4: {"thought": "As the witch, I have the power to save a player, which can significantly impact the game. I suspect Player3 might hold valuable information or be a villager. If I don\u2019t save them, it could lead to a loss for the villagers.", "speak": "I choose to resurrect Player3 because their role may be crucial for the villagers' survival, and eliminating them without using my potion of life would be a waste.", "resurrect": true}
2025-03-01 17:32:35 - INFO - ===
2025-03-01 17:32:36 - INFO - Survivors Discussion: I think it's important we consider our suspicions widely rather than narrowing it down too heavily on one player. Player1 has been acting a bit defensively, which could either be due to being a villager or hiding something.
2025-03-01 17:32:36 - INFO - Moderator: Given the game rules and your role, based on the situation and the information you gain, to win the game, it's time to vote one player eliminated among the alive players. Which player do you vote to kill?
2025-03-01 17:32:36 - INFO - ===
2025-03-01 17:32:36 - INFO - Query: Discussions related to villagers, seer, witch.
2025-03-01 17:32:36 - INFO - Retrieved similar documents: Player1: {"thought": "We need to figure out who among us might be werewolves. I should observe how others are acting and responding. It's crucial to blend in and not reveal my identity too soon, while also planting seeds of doubt about the others.", "speak": "I think it's important for us to share our thoughts openly. Player2, what are your suspicions? Player3, do you have anyone you think we should be keeping an eye on? Let's discuss this thoroughly before we make a decision.", "finish_discussion": "false"}
Player1: {"thought": "It seems like my vote for Player3 will be a test to see how the group reacts. I need to stay observant and gather more information after that vote to see if any patterns or alliances start to form.", "speak": "I voted for Player3, but I'm curious to see how the rest of you feel about this. Player2, what's your take on Player3? And how do you feel about the current situation?"}
2025-03-01 17:32:36 - INFO - ===
2025-03-01 17:32:38 - INFO - ===
2025-03-01 17:32:38 - INFO - Fast Response: {"thought": "I feel that Player3 has been acting suspiciously, so my vote for them seems justified. However, I still need to be wary of how the others are responding to this decision, as alliances might shift.", "vote": "Player3", "uncertainty_score": 0.3}
2025-03-01 17:32:38 - INFO - Fast Uncertainty: 0.3
2025-03-01 17:32:38 - INFO - ===
2025-03-01 17:32:41 - INFO - ===
2025-03-01 17:32:41 - INFO - Slow Response: {"thought": "Observing Player3's behavior, I notice they haven't defended themselves or contributed effectively to the discussion which could be suspicious. Given my role as a werewolf, I want to ensure that suspicions are directed away from myself and my teammate. Voting for Player3 again keeps my behavior consistent.", "vote": "Player3", "uncertainty_score": 0.4}
2025-03-01 17:32:41 - INFO - ===
2025-03-01 17:32:42 - INFO - ===
2025-03-01 17:32:42 - INFO - Query: Discussions related to werewolves.
2025-03-01 17:32:42 - INFO - Retrieved similar documents: Player2: {"thought": "Player1 seems to have a suspicion about Player3, but I need to assess the situation further before openly agreeing or disagreeing. It's crucial to gather more opinions to identify the werewolves.", "speak": "I haven't really focused on Player3 yet. I'm open to discussing it, but I think we should also consider how Player1 reached that conclusion. What about you, Player4? What do you think of Player3?"}
Player2: {"thought": "Player1 seems to have a suspicion about Player3, but I need to assess the situation further before openly agreeing or disagreeing. It's crucial to gather more opinions to identify the werewolves.", "speak": "I haven't really focused on Player3 yet. I'm open to discussing it, but I think we should also consider how Player1 reached that conclusion. What about you, Player4? What do you think of Player3?"}
2025-03-01 17:32:42 - INFO - ===
2025-03-01 17:32:44 - INFO - ===
2025-03-01 17:32:44 - INFO - Query: Discussions related to werewolves.
2025-03-01 17:32:44 - INFO - Retrieved similar documents: Moderator: Okay, the role of Player1 is a werewolf.
Player3: {"thought": "I need to gather information to guide the villagers. I think checking Player1 first can provide insights since they might be acting suspiciously.", "speak": "Player1"}
2025-03-01 17:32:44 - INFO - ===
2025-03-01 17:32:45 - INFO - ===
2025-03-01 17:32:45 - INFO - Query: Discussions related to werewolves.
2025-03-01 17:32:45 - INFO - Retrieved similar documents: Player4: {"thought": "As the witch, I have the power to save a player, which can significantly impact the game. I suspect Player3 might hold valuable information or be a villager. If I don\u2019t save them, it could lead to a loss for the villagers.", "speak": "I choose to resurrect Player3 because their role may be crucial for the villagers' survival, and eliminating them without using my potion of life would be a waste.", "resurrect": true}
2025-03-01 17:32:45 - INFO - ===
2025-03-01 17:32:47 - INFO - Moderator: Player1 has been voted out.
2025-03-01 17:32:47 - INFO - Moderator: The game is over. The werewolves have been defeated, and the village is safe once again!
2025-03-01 17:32:47 - INFO - Moderator: The game is over. The werewolves have been defeated, and the village is safe once again!
