{"basefilepath":"logs/fastslow","max_days_per_game":5,"num_games":20,"reflect_before_vectorstore":false,"max_werewolf_discussion_round":3,"similarity_top_k":2,"random_seed":42}
2025-03-01 17:26:05 - INFO - Starting game 0
2025-03-01 17:26:05 - INFO - Moderator: Player1, if you are the only werewolf, eliminate a player. Otherwise, discuss with your teammates and reach an agreement.
2025-03-01 17:26:05 - INFO - Moderator: Player1, if you are the only werewolf, eliminate a player. Otherwise, discuss with your teammates and reach an agreement.
2025-03-01 17:26:05 - INFO - ===
2025-03-01 17:26:05 - INFO - Query: Discussions related to villagers, seer, witch.
2025-03-01 17:26:05 - INFO - Retrieved similar documents: 
2025-03-01 17:26:05 - INFO - ===
2025-03-01 17:26:07 - INFO - Werewolves discussion: Ok everyone, let's discuss who we think might be the werewolves. Have any of you noticed anything suspicious about another player's behavior?
2025-03-01 17:26:07 - INFO - Moderator: Which player do you vote to kill?
2025-03-01 17:26:07 - INFO - Moderator: Which player do you vote to kill?
2025-03-01 17:26:09 - INFO - ===
2025-03-01 17:26:09 - INFO - Query: Discussions related to villagers, seer, witch.
2025-03-01 17:26:09 - INFO - Retrieved similar documents: Player1: {"thought": "I need to assess the other players' reactions and gather information. We should start discussing potential suspicions and figure out who might be the werewolves.", "speak": "Ok everyone, let's discuss who we think might be the werewolves. Have any of you noticed anything suspicious about another player's behavior?", "finish_discussion": "false"}
Player1: {"thought": "I need to assess the other players' reactions and gather information. We should start discussing potential suspicions and figure out who might be the werewolves.", "speak": "Ok everyone, let's discuss who we think might be the werewolves. Have any of you noticed anything suspicious about another player's behavior?", "finish_discussion": "false"}
2025-03-01 17:26:09 - INFO - ===
2025-03-01 17:26:10 - INFO - ===
2025-03-01 17:26:10 - INFO - Fast Response: {"thought": "I'm still gathering information and evaluating the other players' behavior. I need to be cautious with my vote.", "vote": "Player2", "uncertainty_score": 0.5}
2025-03-01 17:26:10 - INFO - Fast Uncertainty: 0.5
2025-03-01 17:26:10 - INFO - ===
2025-03-01 17:26:12 - INFO - ===
2025-03-01 17:26:12 - INFO - Slow Response: {"thought": "Since there hasn't been much information revealed, and I haven't noticed any suspicious behavior yet, I need to make a random choice for now to gather more data in the future.", "vote": "Player2", "uncertainty_score": "0.8"}
2025-03-01 17:26:12 - INFO - ===
2025-03-01 17:26:12 - INFO - Moderator: The player with the most votes is Player2.
2025-03-01 17:26:12 - INFO - Moderator: Player4, you're the witch. Tonight Player2 is eliminated. Would you like to resurrect Player2?
2025-03-01 17:26:12 - INFO - ===
2025-03-01 17:26:12 - INFO - Query: Discussions related to werewolves.
2025-03-01 17:26:12 - INFO - Retrieved similar documents: 
2025-03-01 17:26:12 - INFO - ===
2025-03-01 17:26:15 - INFO - Witch resurrection response: I think I will resurrect Player2. It might give us a chance to gather more information about the roles of others as we discuss during the day.
2025-03-01 17:26:15 - INFO - Moderator: The witch has chosen to resurrect the player.
2025-03-01 17:26:15 - INFO - Moderator: Player3, you're the seer. Which player in Player1, Player2, Player3 and Player4 would you like to check tonight?
2025-03-01 17:26:15 - INFO - ===
2025-03-01 17:26:15 - INFO - Query: Discussions related to werewolves.
2025-03-01 17:26:15 - INFO - Retrieved similar documents: 
2025-03-01 17:26:15 - INFO - ===
2025-03-01 17:26:17 - INFO - Seer response: Player1
2025-03-01 17:26:17 - INFO - Moderator: Okay, the role of Player1 is a werewolf.
2025-03-01 17:26:18 - INFO - ===
2025-03-01 17:26:18 - INFO - Query: Discussions related to villagers, seer, witch.
2025-03-01 17:26:18 - INFO - Retrieved similar documents: Player1: {"thought": "I need to assess the other players' reactions and gather information. We should start discussing potential suspicions and figure out who might be the werewolves.", "speak": "Ok everyone, let's discuss who we think might be the werewolves. Have any of you noticed anything suspicious about another player's behavior?", "finish_discussion": "false"}
Player1: {"thought": "Since there hasn't been much information revealed, and I haven't noticed any suspicious behavior yet, I need to make a random choice for now to gather more data in the future.", "vote": "Player2", "uncertainty_score": "0.8"}
2025-03-01 17:26:18 - INFO - ===
2025-03-01 17:26:20 - INFO - ===
2025-03-01 17:26:20 - INFO - Query: Discussions related to werewolves.
2025-03-01 17:26:20 - INFO - Retrieved similar documents: 
2025-03-01 17:26:20 - INFO - ===
2025-03-01 17:26:22 - INFO - ===
2025-03-01 17:26:22 - INFO - Query: Discussions related to werewolves.
2025-03-01 17:26:22 - INFO - Retrieved similar documents: Moderator: Okay, the role of Player1 is a werewolf.
Player3: {"thought": "I need to gather information to identify the werewolves. I want to check Player1 tonight, as they seem to be a central figure in our discussions.", "speak": "Player1"}
2025-03-01 17:26:22 - INFO - ===
2025-03-01 17:26:24 - INFO - ===
2025-03-01 17:26:24 - INFO - Query: Discussions related to werewolves.
2025-03-01 17:26:24 - INFO - Retrieved similar documents: Player4: {"thought": "I need to assess the situation carefully. Since Player2 is a potential villager, resurrecting them could give us more insight during the day. However, we need to consider if they might be a threat if they were turned out to be a werewolf.", "speak": "I think I will resurrect Player2. It might give us a chance to gather more information about the roles of others as we discuss during the day.", "resurrect": true}
2025-03-01 17:26:24 - INFO - ===
2025-03-01 17:26:26 - INFO - Survivors Discussion: I've been observing Player1 as well. They seem a bit defensive in their arguments, which could be a sign of guilt. How do the rest of you feel about Player1's actions?
2025-03-01 17:26:26 - INFO - Moderator: Given the game rules and your role, based on the situation and the information you gain, to win the game, it's time to vote one player eliminated among the alive players. Which player do you vote to kill?
2025-03-01 17:26:27 - INFO - ===
2025-03-01 17:26:27 - INFO - Query: Discussions related to villagers, seer, witch.
2025-03-01 17:26:27 - INFO - Retrieved similar documents: Player1: {"thought": "I need to assess the other players' reactions and gather information. We should start discussing potential suspicions and figure out who might be the werewolves.", "speak": "Ok everyone, let's discuss who we think might be the werewolves. Have any of you noticed anything suspicious about another player's behavior?", "finish_discussion": "false"}
Player1: {"thought": "I need to keep observing the reactions from the other players to gather more clues about their identities. At this point, I\u2019ll wait to see how Player2 reacts to the vote and if any of the others have insightful observations.", "speak": "Now that I've cast my vote, what are everyone else's thoughts? Did anyone notice something that can help us identify the werewolves?"}
2025-03-01 17:26:27 - INFO - ===
2025-03-01 17:26:28 - INFO - ===
2025-03-01 17:26:28 - INFO - Fast Response: {"thought": "I'm still assessing the group, but I feel suspicious of Player2's behavior during our discussion. I might lean towards voting for them based on their lack of input.", "vote": "Player2", "uncertainty_score": 0.3}
2025-03-01 17:26:28 - INFO - Fast Uncertainty: 0.3
2025-03-01 17:26:28 - INFO - ===
2025-03-01 17:26:30 - INFO - ===
2025-03-01 17:26:30 - INFO - Slow Response: {"thought": "I suspect Player2 based on subtle cues and their previous reaction during discussions. As a werewolf, I need to strategically choose someone I think might be a villager or a special role.", "vote": "Player2", "uncertainty_score": "0.4"}
2025-03-01 17:26:30 - INFO - ===
2025-03-01 17:26:31 - INFO - ===
2025-03-01 17:26:31 - INFO - Query: Discussions related to werewolves.
2025-03-01 17:26:31 - INFO - Retrieved similar documents: Player2: {"thought": "I need to think carefully about how to approach this discussion. I want to encourage everyone to share their suspicions without revealing my own role. I should also keep an eye on Player1's behavior as they are leading the discussion.", "speak": "I think we should all share our suspicions. Does anyone have particular thoughts about who could be the werewolves? It's important we work together to figure this out."}
Player2: {"thought": "I need to think carefully about how to approach this discussion. I want to encourage everyone to share their suspicions without revealing my own role. I should also keep an eye on Player1's behavior as they are leading the discussion.", "speak": "I think we should all share our suspicions. Does anyone have particular thoughts about who could be the werewolves? It's important we work together to figure this out."}
2025-03-01 17:26:31 - INFO - ===
2025-03-01 17:26:34 - INFO - ===
2025-03-01 17:26:34 - INFO - Query: Discussions related to werewolves.
2025-03-01 17:26:34 - INFO - Retrieved similar documents: Moderator: Okay, the role of Player1 is a werewolf.
Player3: {"thought": "I need to gather information to identify the werewolves. I want to check Player1 tonight, as they seem to be a central figure in our discussions.", "speak": "Player1"}
2025-03-01 17:26:34 - INFO - ===
2025-03-01 17:26:36 - INFO - ===
2025-03-01 17:26:36 - INFO - Query: Discussions related to werewolves.
2025-03-01 17:26:36 - INFO - Retrieved similar documents: Player4: {"thought": "I need to steer the conversation towards Player1 and gauge everyone's reaction. If Player3 is targeting Player1, I need to figure out if they are actually a villager or a werewolf trying to shift the blame.", "speak": "I've been observing Player1 as well. They seem a bit defensive in their arguments, which could be a sign of guilt. How do the rest of you feel about Player1's actions?"}
2025-03-01 17:26:36 - INFO - ===
2025-03-01 17:26:37 - INFO - Moderator: Player1 has been voted out.
2025-03-01 17:26:37 - INFO - Moderator: The game is over. The werewolves have been defeated, and the village is safe once again!
2025-03-01 17:26:37 - INFO - Moderator: The game is over. The werewolves have been defeated, and the village is safe once again!
