{"basefilepath":"logs/fastslow","max_days_per_game":5,"num_games":20,"reflect_before_vectorstore":false,"max_werewolf_discussion_round":3,"similarity_top_k":2,"random_seed":42}
2025-03-01 17:30:05 - INFO - Starting game 8
2025-03-01 17:30:05 - INFO - Moderator: Player1, if you are the only werewolf, eliminate a player. Otherwise, discuss with your teammates and reach an agreement.
2025-03-01 17:30:05 - INFO - Moderator: Player1, if you are the only werewolf, eliminate a player. Otherwise, discuss with your teammates and reach an agreement.
2025-03-01 17:30:05 - INFO - ===
2025-03-01 17:30:05 - INFO - Query: Discussions related to villagers, seer, witch.
2025-03-01 17:30:05 - INFO - Retrieved similar documents: 
2025-03-01 17:30:05 - INFO - ===
2025-03-01 17:30:07 - INFO - Werewolves discussion: I think we should start by sharing who we suspect the werewolves might be. I've noticed some behaviors that could indicate who to keep an eye on. What do you all think?
2025-03-01 17:30:08 - INFO - Moderator: Which player do you vote to kill?
2025-03-01 17:30:08 - INFO - Moderator: Which player do you vote to kill?
2025-03-01 17:30:08 - INFO - ===
2025-03-01 17:30:08 - INFO - Query: Discussions related to villagers, seer, witch.
2025-03-01 17:30:08 - INFO - Retrieved similar documents: Player1: {"thought": "I need to gauge the suspicions of the other players to better understand their perspectives and possibly identify the werewolves. I should subtly steer the conversation to see if any of them slip up or express doubts about each other.", "speak": "I think we should start by sharing who we suspect the werewolves might be. I've noticed some behaviors that could indicate who to keep an eye on. What do you all think?", "finish_discussion": "false"}
Player1: {"thought": "I need to gauge the suspicions of the other players to better understand their perspectives and possibly identify the werewolves. I should subtly steer the conversation to see if any of them slip up or express doubts about each other.", "speak": "I think we should start by sharing who we suspect the werewolves might be. I've noticed some behaviors that could indicate who to keep an eye on. What do you all think?", "finish_discussion": "false"}
2025-03-01 17:30:08 - INFO - ===
2025-03-01 17:30:10 - INFO - ===
2025-03-01 17:30:10 - INFO - Fast Response: {"thought": "I haven't heard enough from everyone to confidently determine who the werewolves might be, but I need to make a choice based on the limited information. Player2 seems suspicious based on their reactions so far.", "vote": "Player2", "uncertainty_score": "0.5"}
2025-03-01 17:30:10 - INFO - Fast Uncertainty: 0.5
2025-03-01 17:30:10 - INFO - ===
2025-03-01 17:30:12 - INFO - ===
2025-03-01 17:30:12 - INFO - Slow Response: {"thought": "As a werewolf, I should evaluate which player seems most at risk of realizing our identities or which one is throwing suspicion towards the werewolves. If they've voiced suspicions or showed analytical behavior, they might pose a threat. The uncertainty is not too high because creating chaos early might benefit us.", "vote": "Player4", "uncertainty_score": "0.3"}
2025-03-01 17:30:12 - INFO - ===
2025-03-01 17:30:14 - INFO - Moderator: The player with the most votes is Player4.
2025-03-01 17:30:14 - INFO - Moderator: Player4, you're the witch. Tonight Player4 is eliminated. Would you like to resurrect Player4?
2025-03-01 17:30:14 - INFO - ===
2025-03-01 17:30:14 - INFO - Query: Discussions related to werewolves.
2025-03-01 17:30:14 - INFO - Retrieved similar documents: 
2025-03-01 17:30:14 - INFO - ===
2025-03-01 17:30:16 - INFO - Witch resurrection response: I think we should resurrect Player4. They might have important information for us to find the werewolves.
2025-03-01 17:30:16 - INFO - Moderator: The witch has chosen to resurrect the player.
2025-03-01 17:30:16 - INFO - Moderator: Player3, you're the seer. Which player in Player1, Player2, Player3 and Player4 would you like to check tonight?
2025-03-01 17:30:16 - INFO - ===
2025-03-01 17:30:16 - INFO - Query: Discussions related to werewolves.
2025-03-01 17:30:16 - INFO - Retrieved similar documents: 
2025-03-01 17:30:16 - INFO - ===
2025-03-01 17:30:17 - INFO - Seer response: Player1
2025-03-01 17:30:17 - INFO - Moderator: Okay, the role of Player1 is a werewolf.
2025-03-01 17:30:18 - INFO - ===
2025-03-01 17:30:18 - INFO - Query: Discussions related to villagers, seer, witch.
2025-03-01 17:30:18 - INFO - Retrieved similar documents: Player1: {"thought": "I need to gauge the suspicions of the other players to better understand their perspectives and possibly identify the werewolves. I should subtly steer the conversation to see if any of them slip up or express doubts about each other.", "speak": "I think we should start by sharing who we suspect the werewolves might be. I've noticed some behaviors that could indicate who to keep an eye on. What do you all think?", "finish_discussion": "false"}
Player1: {"thought": "As a werewolf, I should evaluate which player seems most at risk of realizing our identities or which one is throwing suspicion towards the werewolves. If they've voiced suspicions or showed analytical behavior, they might pose a threat. The uncertainty is not too high because creating chaos early might benefit us.", "vote": "Player4", "uncertainty_score": "0.3"}
2025-03-01 17:30:18 - INFO - ===
2025-03-01 17:30:19 - INFO - ===
2025-03-01 17:30:19 - INFO - Query: Discussions related to werewolves.
2025-03-01 17:30:19 - INFO - Retrieved similar documents: 
2025-03-01 17:30:19 - INFO - ===
2025-03-01 17:30:22 - INFO - ===
2025-03-01 17:30:22 - INFO - Query: Discussions related to werewolves.
2025-03-01 17:30:22 - INFO - Retrieved similar documents: Moderator: Okay, the role of Player1 is a werewolf.
Player3: {"thought": "I need to gather information for the villagers, so I should check one of the players who seem suspicious. I'll check Player1 tonight to see if they are a werewolf or a villager.", "speak": "Player1"}
2025-03-01 17:30:22 - INFO - ===
2025-03-01 17:30:24 - INFO - ===
2025-03-01 17:30:24 - INFO - Query: Discussions related to werewolves.
2025-03-01 17:30:24 - INFO - Retrieved similar documents: Player4: {"thought": "As the witch, I need to think strategically about the elimination. If Player4 is eliminated, that means I need to decide quickly whether to resurrect them or let them go. Resurrecting Player4 could give us another chance to find the werewolves, but I also need to consider the implications of this move on our overall strategy.", "speak": "I think we should resurrect Player4. They might have important information for us to find the werewolves.", "resurrect": true}
2025-03-01 17:30:24 - INFO - ===
2025-03-01 17:30:26 - INFO - Survivors Discussion: Interesting accusation, Player3. How can you be so sure about Player1 being a werewolf?
2025-03-01 17:30:26 - INFO - Moderator: Given the game rules and your role, based on the situation and the information you gain, to win the game, it's time to vote one player eliminated among the alive players. Which player do you vote to kill?
2025-03-01 17:30:26 - INFO - ===
2025-03-01 17:30:26 - INFO - Query: Discussions related to villagers, seer, witch.
2025-03-01 17:30:26 - INFO - Retrieved similar documents: Player1: {"thought": "I need to gauge the suspicions of the other players to better understand their perspectives and possibly identify the werewolves. I should subtly steer the conversation to see if any of them slip up or express doubts about each other.", "speak": "I think we should start by sharing who we suspect the werewolves might be. I've noticed some behaviors that could indicate who to keep an eye on. What do you all think?", "finish_discussion": "false"}
Player1: {"thought": "I need to make sure I can divert attention away from myself and my fellow werewolf. By eliminating a player who is suspicious but not revealing any new information, we can make our positions stronger.", "speak": "I really think Player4 has been acting a bit off. Has anyone else noticed that? Maybe we should focus on who we feel the least confident about."}
2025-03-01 17:30:26 - INFO - ===
2025-03-01 17:30:27 - INFO - ===
2025-03-01 17:30:27 - INFO - Fast Response: {"thought": "I believe that Player4's behavior is suspicious, and diverting attention towards them could help eliminate a potential threat while protecting my identity. It's a strategic move to strengthen my position and that of the werewolves.", "vote": "Player4", "uncertainty_score": 0.2}
2025-03-01 17:30:27 - INFO - Fast Uncertainty: 0.2
2025-03-01 17:30:27 - INFO - ===
2025-03-01 17:30:28 - INFO - ===
2025-03-01 17:30:28 - INFO - Query: Discussions related to werewolves.
2025-03-01 17:30:28 - INFO - Retrieved similar documents: Player2: {"thought": "I need to assess the situation and think carefully about who to trust. Player4 could be a potential suspect, but I should gather more evidence before jumping to conclusions. Player1 seems to be directing attention towards Player4, which could be a strategy to deflect suspicion from themselves.", "speak": "I get what you're saying, Player1. Player4 has been a bit quiet. But we should consider all viewpoints before pointing fingers. What about Player3? They haven't spoken much either."}
Player2: {"thought": "I need to assess the situation and think carefully about who to trust. Player4 could be a potential suspect, but I should gather more evidence before jumping to conclusions. Player1 seems to be directing attention towards Player4, which could be a strategy to deflect suspicion from themselves.", "speak": "I get what you're saying, Player1. Player4 has been a bit quiet. But we should consider all viewpoints before pointing fingers. What about Player3? They haven't spoken much either."}
2025-03-01 17:30:28 - INFO - ===
2025-03-01 17:30:30 - INFO - ===
2025-03-01 17:30:30 - INFO - Query: Discussions related to werewolves.
2025-03-01 17:30:30 - INFO - Retrieved similar documents: Moderator: Okay, the role of Player1 is a werewolf.
Player3: {"thought": "I need to make the villagers aware of Player1's true identity as a werewolf. I should be cautious in my approach to avoid revealing too much too soon, especially since players may doubt my role.", "speak": "I confirm that Player1 is indeed a werewolf. We must eliminate Player1 to protect ourselves."}
2025-03-01 17:30:30 - INFO - ===
2025-03-01 17:30:31 - INFO - ===
2025-03-01 17:30:31 - INFO - Query: Discussions related to werewolves.
2025-03-01 17:30:31 - INFO - Retrieved similar documents: Player4: {"thought": "Player3 just called out Player1 as a werewolf. I need to be cautious and assess the others' reactions. It might be a strategy to deflect attention away from themselves or another player. I should weigh the evidence and remain neutral for now.", "speak": "Interesting accusation, Player3. How can you be so sure about Player1 being a werewolf?"}
2025-03-01 17:30:31 - INFO - ===
2025-03-01 17:30:33 - INFO - Moderator: Player1 has been voted out.
2025-03-01 17:30:33 - INFO - Moderator: The game is over. The werewolves have been defeated, and the village is safe once again!
2025-03-01 17:30:33 - INFO - Moderator: The game is over. The werewolves have been defeated, and the village is safe once again!
