{"basefilepath":"logs/fastslow","max_days_per_game":5,"num_games":20,"reflect_before_vectorstore":false,"max_werewolf_discussion_round":3,"similarity_top_k":2,"random_seed":42}
2025-03-01 17:30:33 - INFO - Starting game 9
2025-03-01 17:30:33 - INFO - Moderator: Player1, if you are the only werewolf, eliminate a player. Otherwise, discuss with your teammates and reach an agreement.
2025-03-01 17:30:33 - INFO - Moderator: Player1, if you are the only werewolf, eliminate a player. Otherwise, discuss with your teammates and reach an agreement.
2025-03-01 17:30:33 - INFO - ===
2025-03-01 17:30:33 - INFO - Query: Discussions related to villagers, seer, witch.
2025-03-01 17:30:33 - INFO - Retrieved similar documents: 
2025-03-01 17:30:33 - INFO - ===
2025-03-01 17:30:35 - INFO - Werewolves discussion: I think we should discuss who seems the most suspicious so far. Player2 has been quite quiet, and that can sometimes mean they're trying to avoid suspicion. What do you all think?
2025-03-01 17:30:35 - INFO - ===
2025-03-01 17:30:35 - INFO - Query: Discussions related to villagers, seer, witch.
2025-03-01 17:30:35 - INFO - Retrieved similar documents: Player1: {"thought": "I need to keep my identity hidden while subtly sowing doubt among the other players. We need to focus on identifying who the seer and witch are to target them later.", "speak": "I think we should discuss who seems the most suspicious so far. Player2 has been quite quiet, and that can sometimes mean they're trying to avoid suspicion. What do you all think?", "finish_discussion": false}
Player1: {"thought": "I need to keep my identity hidden while subtly sowing doubt among the other players. We need to focus on identifying who the seer and witch are to target them later.", "speak": "I think we should discuss who seems the most suspicious so far. Player2 has been quite quiet, and that can sometimes mean they're trying to avoid suspicion. What do you all think?", "finish_discussion": false}
2025-03-01 17:30:35 - INFO - ===
2025-03-01 17:30:37 - INFO - Werewolves discussion: I think we should also consider Player3's behavior. Has anyone noticed anything unusual about their comments or actions?
2025-03-01 17:30:38 - INFO - ===
2025-03-01 17:30:38 - INFO - Query: Discussions related to villagers, seer, witch.
2025-03-01 17:30:38 - INFO - Retrieved similar documents: Player1: {"thought": "I need to keep my identity hidden while subtly sowing doubt among the other players. We need to focus on identifying who the seer and witch are to target them later.", "speak": "I think we should discuss who seems the most suspicious so far. Player2 has been quite quiet, and that can sometimes mean they're trying to avoid suspicion. What do you all think?", "finish_discussion": false}
Player1: {"thought": "I need to continue to build my strategy and sow more doubt among the players. I should also pay attention to Player3 and Player4's responses to gauge their suspicion levels.", "speak": "I think we should also consider Player3's behavior. Has anyone noticed anything unusual about their comments or actions?", "finish_discussion": false}
2025-03-01 17:30:38 - INFO - ===
2025-03-01 17:30:40 - INFO - Werewolves discussion: What about Player4? Have they been contributing enough to this discussion? Sometimes those who stay under the radar can be the sneakiest! Thoughts?
2025-03-01 17:30:40 - INFO - Moderator: Which player do you vote to kill?
2025-03-01 17:30:40 - INFO - Moderator: Which player do you vote to kill?
2025-03-01 17:30:40 - INFO - ===
2025-03-01 17:30:40 - INFO - Query: Discussions related to villagers, seer, witch.
2025-03-01 17:30:40 - INFO - Retrieved similar documents: Player1: {"thought": "I need to keep my identity hidden while subtly sowing doubt among the other players. We need to focus on identifying who the seer and witch are to target them later.", "speak": "I think we should discuss who seems the most suspicious so far. Player2 has been quite quiet, and that can sometimes mean they're trying to avoid suspicion. What do you all think?", "finish_discussion": false}
Player1: {"thought": "I need to continue to build my strategy and sow more doubt among the players. I should also pay attention to Player3 and Player4's responses to gauge their suspicion levels.", "speak": "I think we should also consider Player3's behavior. Has anyone noticed anything unusual about their comments or actions?", "finish_discussion": false}
2025-03-01 17:30:40 - INFO - ===
2025-03-01 17:30:42 - INFO - ===
2025-03-01 17:30:42 - INFO - Fast Response: {"thought": "I'm still unsure about the true identities of the other players, but Player2's quietness makes me suspicious. I'm leaning towards voting them out as there's little to gain from their silence.", "vote": "Player2", "uncertainty_score": 0.3}
2025-03-01 17:30:42 - INFO - Fast Uncertainty: 0.3
2025-03-01 17:30:42 - INFO - ===
2025-03-01 17:30:44 - INFO - ===
2025-03-01 17:30:44 - INFO - Slow Response: {"thought": "I think removing Player3 could be beneficial since they're a potential threat, especially if they're the seer or the witch. Their behavior has raised some suspicions, and eliminating them could be a strategic move for us werewolves.", "vote": "Player3", "uncertainty_score": 0.3}
2025-03-01 17:30:44 - INFO - ===
2025-03-01 17:30:44 - INFO - Moderator: The player with the most votes is Player3.
2025-03-01 17:30:44 - INFO - Moderator: Player4, you're the witch. Tonight Player3 is eliminated. Would you like to resurrect Player3?
2025-03-01 17:30:44 - INFO - ===
2025-03-01 17:30:44 - INFO - Query: Discussions related to werewolves.
2025-03-01 17:30:44 - INFO - Retrieved similar documents: 
2025-03-01 17:30:44 - INFO - ===
2025-03-01 17:30:46 - INFO - Witch resurrection response: I think it's too early to resurrect Player3. We need to see who is suspicious of whom during the day phase. I want to keep my potion of life as leverage.
2025-03-01 17:30:46 - INFO - Moderator: The witch has chosen not to resurrect the player.
2025-03-01 17:30:47 - INFO - ===
2025-03-01 17:30:47 - INFO - Query: Discussions related to werewolves.
2025-03-01 17:30:47 - INFO - Retrieved similar documents: Player4: {"thought": "We should consider who the real threats are in the game. If Player3 was eliminated, it might not be because they are a werewolf, but potentially something more strategic. I need more information about the dynamics of the remaining players before deciding.", "speak": "I think it's too early to resurrect Player3. We need to see who is suspicious of whom during the day phase. I want to keep my potion of life as leverage.", "resurrect": false}
2025-03-01 17:30:47 - INFO - ===
2025-03-01 17:30:48 - INFO - Witch Poison Response: I think we should take some time to discuss our suspicions before jumping to any conclusions. Let's hear everyone's thoughts first.
2025-03-01 17:30:48 - INFO - The witch has chosen not to poison a player.
2025-03-01 17:30:48 - INFO - Moderator: Player3, you're the seer. Which player in Player1, Player2, Player3 and Player4 would you like to check tonight?
2025-03-01 17:30:48 - INFO - ===
2025-03-01 17:30:48 - INFO - Query: Discussions related to werewolves.
2025-03-01 17:30:48 - INFO - Retrieved similar documents: 
2025-03-01 17:30:48 - INFO - ===
2025-03-01 17:30:50 - INFO - Seer response: Player1
2025-03-01 17:30:50 - INFO - Moderator: Okay, the role of Player1 is a werewolf.
2025-03-01 17:30:50 - INFO - ===
2025-03-01 17:30:50 - INFO - Query: Discussions related to villagers, seer, witch.
2025-03-01 17:30:50 - INFO - Retrieved similar documents: Player1: {"thought": "I need to keep my identity hidden while subtly sowing doubt among the other players. We need to focus on identifying who the seer and witch are to target them later.", "speak": "I think we should discuss who seems the most suspicious so far. Player2 has been quite quiet, and that can sometimes mean they're trying to avoid suspicion. What do you all think?", "finish_discussion": false}
Player1: {"thought": "I think removing Player3 could be beneficial since they're a potential threat, especially if they're the seer or the witch. Their behavior has raised some suspicions, and eliminating them could be a strategic move for us werewolves.", "vote": "Player3", "uncertainty_score": 0.3}
2025-03-01 17:30:50 - INFO - ===
2025-03-01 17:30:53 - INFO - ===
2025-03-01 17:30:53 - INFO - Query: Discussions related to werewolves.
2025-03-01 17:30:53 - INFO - Retrieved similar documents: 
2025-03-01 17:30:53 - INFO - ===
2025-03-01 17:30:59 - INFO - ===
2025-03-01 17:30:59 - INFO - Query: Discussions related to werewolves.
2025-03-01 17:30:59 - INFO - Retrieved similar documents: Player4: {"thought": "We should consider who the real threats are in the game. If Player3 was eliminated, it might not be because they are a werewolf, but potentially something more strategic. I need more information about the dynamics of the remaining players before deciding.", "speak": "I think it's too early to resurrect Player3. We need to see who is suspicious of whom during the day phase. I want to keep my potion of life as leverage.", "resurrect": false}
2025-03-01 17:30:59 - INFO - ===
2025-03-01 17:31:01 - INFO - Survivors Discussion: I agree with you, Player2. We can't narrow our suspicions down to just one person. I think we should discuss everyone’s behavior to gather more information.
2025-03-01 17:31:01 - INFO - Moderator: Given the game rules and your role, based on the situation and the information you gain, to win the game, it's time to vote one player eliminated among the alive players. Which player do you vote to kill?
2025-03-01 17:31:01 - INFO - ===
2025-03-01 17:31:01 - INFO - Query: Discussions related to villagers, seer, witch.
2025-03-01 17:31:01 - INFO - Retrieved similar documents: Player1: {"thought": "I need to keep my identity hidden while subtly sowing doubt among the other players. We need to focus on identifying who the seer and witch are to target them later.", "speak": "I think we should discuss who seems the most suspicious so far. Player2 has been quite quiet, and that can sometimes mean they're trying to avoid suspicion. What do you all think?", "finish_discussion": false}
Player1: {"thought": "With Player3 gone, I need to maintain the facade of a villager while trying to manipulate the remaining players. I should focus on sowing doubt about Player2, as it will help divert attention away from me.", "speak": "Now that Player3 is out, we need to be even more vigilant. I still think Player2 seems a bit suspicious with their quietness. What do you all think about their actions?"}
2025-03-01 17:31:01 - INFO - ===
2025-03-01 17:31:02 - INFO - ===
2025-03-01 17:31:02 - INFO - Fast Response: {"thought": "I need to keep the pressure on Player2 while appearing like a concerned villager. Since Player2 has been quiet, it's pivotal to cast suspicion on them.", "vote": "Player2", "uncertainty_score": 0.2}
2025-03-01 17:31:02 - INFO - Fast Uncertainty: 0.2
2025-03-01 17:31:02 - INFO - ===
2025-03-01 17:31:03 - INFO - ===
2025-03-01 17:31:03 - INFO - Query: Discussions related to werewolves.
2025-03-01 17:31:03 - INFO - Retrieved similar documents: Player2: {"thought": "Player1 is questioning Player2, which could be a strategy to divert attention from themselves or genuinely trying to probe. I should defend myself but also gather more information to deduce if they truly suspect me or are just trying to stir the pot.", "speak": "I understand your concern, Player1, but I think it's crucial that we all consider Player4's actions as well. We can't focus on just one person. What about you, Player4? Any thoughts?"}
Player2: {"thought": "Player1 is questioning Player2, which could be a strategy to divert attention from themselves or genuinely trying to probe. I should defend myself but also gather more information to deduce if they truly suspect me or are just trying to stir the pot.", "speak": "I understand your concern, Player1, but I think it's crucial that we all consider Player4's actions as well. We can't focus on just one person. What about you, Player4? Any thoughts?"}
2025-03-01 17:31:03 - INFO - ===
2025-03-01 17:31:05 - INFO - ===
2025-03-01 17:31:05 - INFO - Query: Discussions related to werewolves.
2025-03-01 17:31:05 - INFO - Retrieved similar documents: Player4: {"thought": "It's important to keep our focus on the bigger picture and not get sidetracked by individual suspicions. We need to work together to identify any clues about the werewolves among us.", "speak": "I agree with you, Player2. We can't narrow our suspicions down to just one person. I think we should discuss everyone\u2019s behavior to gather more information."}
2025-03-01 17:31:05 - INFO - ===
2025-03-01 17:31:07 - INFO - Moderator: Player1 has been voted out.
2025-03-01 17:31:07 - INFO - Moderator: The game is over. The werewolves have been defeated, and the village is safe once again!
2025-03-01 17:31:07 - INFO - Moderator: The game is over. The werewolves have been defeated, and the village is safe once again!
