{"basefilepath":"logs/fastslow","max_days_per_game":5,"num_games":20,"reflect_before_vectorstore":false,"max_werewolf_discussion_round":3,"similarity_top_k":2,"random_seed":42}
2025-03-01 17:34:09 - INFO - Starting game 15
2025-03-01 17:34:09 - INFO - Moderator: Player1, if you are the only werewolf, eliminate a player. Otherwise, discuss with your teammates and reach an agreement.
2025-03-01 17:34:09 - INFO - Moderator: Player1, if you are the only werewolf, eliminate a player. Otherwise, discuss with your teammates and reach an agreement.
2025-03-01 17:34:09 - INFO - ===
2025-03-01 17:34:09 - INFO - Query: Discussions related to villagers, seer, witch.
2025-03-01 17:34:09 - INFO - Retrieved similar documents: 
2025-03-01 17:34:09 - INFO - ===
2025-03-01 17:34:11 - INFO - Werewolves discussion: I think we should start discussing who seems suspicious to everyone. Player2, you seemed to be quite quiet last round, which makes me wonder what you're hiding. Can you share your thoughts on who might be a werewolf?
2025-03-01 17:34:11 - INFO - ===
2025-03-01 17:34:11 - INFO - Query: Discussions related to villagers, seer, witch.
2025-03-01 17:34:11 - INFO - Retrieved similar documents: Player1: {"thought": "I need to gauge the other players' suspicions and see if I can deflect any attention away from myself while trying to figure out who might be the other werewolf or finding the villagers' roles. It's crucial to create a believable narrative to protect myself in case I come under suspicion.", "speak": "I think we should start discussing who seems suspicious to everyone. Player2, you seemed to be quite quiet last round, which makes me wonder what you're hiding. Can you share your thoughts on who might be a werewolf?", "finish_discussion": false}
Player1: {"thought": "I need to gauge the other players' suspicions and see if I can deflect any attention away from myself while trying to figure out who might be the other werewolf or finding the villagers' roles. It's crucial to create a believable narrative to protect myself in case I come under suspicion.", "speak": "I think we should start discussing who seems suspicious to everyone. Player2, you seemed to be quite quiet last round, which makes me wonder what you're hiding. Can you share your thoughts on who might be a werewolf?", "finish_discussion": false}
2025-03-01 17:34:11 - INFO - ===
2025-03-01 17:34:13 - INFO - Werewolves discussion: Player3, what about you? Who do you think we should be focusing on? Player4 hasn't spoken much either. Do you have any thoughts?
2025-03-01 17:34:14 - INFO - ===
2025-03-01 17:34:14 - INFO - Query: Discussions related to villagers, seer, witch.
2025-03-01 17:34:14 - INFO - Retrieved similar documents: Player1: {"thought": "I need to gauge the other players' suspicions and see if I can deflect any attention away from myself while trying to figure out who might be the other werewolf or finding the villagers' roles. It's crucial to create a believable narrative to protect myself in case I come under suspicion.", "speak": "I think we should start discussing who seems suspicious to everyone. Player2, you seemed to be quite quiet last round, which makes me wonder what you're hiding. Can you share your thoughts on who might be a werewolf?", "finish_discussion": false}
Player1: {"thought": "I need to keep the pressure on Player2 and see if anyone else starts to share their suspicions. It's important for me to remain engaged and find ways to shift any suspicion off myself while still trying to learn more about the other players.", "speak": "Player3, what about you? Who do you think we should be focusing on? Player4 hasn't spoken much either. Do you have any thoughts?", "finish_discussion": false}
2025-03-01 17:34:14 - INFO - ===
2025-03-01 17:34:16 - INFO - Werewolves discussion: Player4, I'm curious to hear your thoughts since you've been quite silent. Do you have any suspicion towards anyone? Let's hear your perspective!
2025-03-01 17:34:16 - INFO - Moderator: Which player do you vote to kill?
2025-03-01 17:34:16 - INFO - Moderator: Which player do you vote to kill?
2025-03-01 17:34:16 - INFO - ===
2025-03-01 17:34:16 - INFO - Query: Discussions related to villagers, seer, witch.
2025-03-01 17:34:16 - INFO - Retrieved similar documents: Player1: {"thought": "I need to gauge the other players' suspicions and see if I can deflect any attention away from myself while trying to figure out who might be the other werewolf or finding the villagers' roles. It's crucial to create a believable narrative to protect myself in case I come under suspicion.", "speak": "I think we should start discussing who seems suspicious to everyone. Player2, you seemed to be quite quiet last round, which makes me wonder what you're hiding. Can you share your thoughts on who might be a werewolf?", "finish_discussion": false}
Player1: {"thought": "I'm trying to keep the discussion alive and apply pressure on the quieter players. It's vital to continue engaging them to gather more information and gauge their reactions. I also need to observe if any alliances form, which could be advantageous to me as a werewolf.", "speak": "Player4, I'm curious to hear your thoughts since you've been quite silent. Do you have any suspicion towards anyone? Let's hear your perspective!", "finish_discussion": false}
2025-03-01 17:34:16 - INFO - ===
2025-03-01 17:34:18 - INFO - ===
2025-03-01 17:34:18 - INFO - Fast Response: {"thought": "I'm still unsure about the other players' intentions, but Player2's silence last round makes me wary. I think it might be a good idea to vote for Player2 to test the waters and see how the others react. It could provide insights into their roles.", "vote": "Player2", "uncertainty_score": 0.3}
2025-03-01 17:34:18 - INFO - Fast Uncertainty: 0.3
2025-03-01 17:34:18 - INFO - ===
2025-03-01 17:34:21 - INFO - ===
2025-03-01 17:34:21 - INFO - Slow Response: {"thought": "I need to ensure that I keep deflecting suspicion away from myself and ideally onto someone else. Player2's previous silence might be a good opportunity to push suspicion their way if others agree. However, pushing too hard could draw attention to me as well, so I need to balance it carefully.", "vote": "Player2", "uncertainty_score": 0.4}
2025-03-01 17:34:21 - INFO - ===
2025-03-01 17:34:21 - INFO - Moderator: The player with the most votes is Player2.
2025-03-01 17:34:21 - INFO - Moderator: Player4, you're the witch. Tonight Player2 is eliminated. Would you like to resurrect Player2?
2025-03-01 17:34:21 - INFO - ===
2025-03-01 17:34:21 - INFO - Query: Discussions related to werewolves.
2025-03-01 17:34:21 - INFO - Retrieved similar documents: 
2025-03-01 17:34:21 - INFO - ===
2025-03-01 17:34:24 - INFO - Witch resurrection response: I believe it would be best to resurrect Player2. They might provide crucial insights into the identity of the werewolves. They have been vocal in the discussions, and I suspect they are a villager.
2025-03-01 17:34:24 - INFO - Moderator: The witch has chosen to resurrect the player.
2025-03-01 17:34:24 - INFO - Moderator: Player3, you're the seer. Which player in Player1, Player2, Player3 and Player4 would you like to check tonight?
2025-03-01 17:34:24 - INFO - ===
2025-03-01 17:34:24 - INFO - Query: Discussions related to werewolves.
2025-03-01 17:34:24 - INFO - Retrieved similar documents: 
2025-03-01 17:34:24 - INFO - ===
2025-03-01 17:34:25 - INFO - Seer response: Player1
2025-03-01 17:34:25 - INFO - Moderator: Okay, the role of Player1 is a werewolf.
2025-03-01 17:34:26 - INFO - ===
2025-03-01 17:34:26 - INFO - Query: Discussions related to villagers, seer, witch.
2025-03-01 17:34:26 - INFO - Retrieved similar documents: Player1: {"thought": "I need to gauge the other players' suspicions and see if I can deflect any attention away from myself while trying to figure out who might be the other werewolf or finding the villagers' roles. It's crucial to create a believable narrative to protect myself in case I come under suspicion.", "speak": "I think we should start discussing who seems suspicious to everyone. Player2, you seemed to be quite quiet last round, which makes me wonder what you're hiding. Can you share your thoughts on who might be a werewolf?", "finish_discussion": false}
Player1: {"thought": "I'm trying to keep the discussion alive and apply pressure on the quieter players. It's vital to continue engaging them to gather more information and gauge their reactions. I also need to observe if any alliances form, which could be advantageous to me as a werewolf.", "speak": "Player4, I'm curious to hear your thoughts since you've been quite silent. Do you have any suspicion towards anyone? Let's hear your perspective!", "finish_discussion": false}
2025-03-01 17:34:26 - INFO - ===
2025-03-01 17:34:28 - INFO - ===
2025-03-01 17:34:28 - INFO - Query: Discussions related to werewolves.
2025-03-01 17:34:28 - INFO - Retrieved similar documents: 
2025-03-01 17:34:28 - INFO - ===
2025-03-01 17:34:30 - INFO - ===
2025-03-01 17:34:30 - INFO - Query: Discussions related to werewolves.
2025-03-01 17:34:30 - INFO - Retrieved similar documents: Moderator: Okay, the role of Player1 is a werewolf.
Player3: {"thought": "I need to check Player1 to gather information for the group about potential werewolves.", "speak": "Player1"}
2025-03-01 17:34:30 - INFO - ===
2025-03-01 17:34:31 - INFO - ===
2025-03-01 17:34:31 - INFO - Query: Discussions related to werewolves.
2025-03-01 17:34:31 - INFO - Retrieved similar documents: Player4: {"thought": "Since I know that Player2 is eliminated, I need to consider whether resurrecting them will help our chances. Player2 might have valuable information; however, if they were a werewolf, I would be giving them another chance to eliminate a villager. I need to analyze the discussions and votes from the last days to gauge Player2's alignment before making this decision.", "speak": "I believe it would be best to resurrect Player2. They might provide crucial insights into the identity of the werewolves. They have been vocal in the discussions, and I suspect they are a villager.", "resurrect": "true"}
2025-03-01 17:34:31 - INFO - ===
2025-03-01 17:34:33 - INFO - Survivors Discussion: I have my doubts about Player3. Their attempts to create suspicion among us seem more like a strategy to divert attention from themselves. What do the rest of you think?
2025-03-01 17:34:33 - INFO - Moderator: Given the game rules and your role, based on the situation and the information you gain, to win the game, it's time to vote one player eliminated among the alive players. Which player do you vote to kill?
2025-03-01 17:34:33 - INFO - ===
2025-03-01 17:34:33 - INFO - Query: Discussions related to villagers, seer, witch.
2025-03-01 17:34:33 - INFO - Retrieved similar documents: Player1: {"thought": "I need to gauge the other players' suspicions and see if I can deflect any attention away from myself while trying to figure out who might be the other werewolf or finding the villagers' roles. It's crucial to create a believable narrative to protect myself in case I come under suspicion.", "speak": "I think we should start discussing who seems suspicious to everyone. Player2, you seemed to be quite quiet last round, which makes me wonder what you're hiding. Can you share your thoughts on who might be a werewolf?", "finish_discussion": false}
Player1: {"thought": "I need to continue applying pressure on the other players, especially those who are being quiet. Engaging them and making them speak could help in diverting suspicion away from me while also trying to assess their roles. I want to keep the conversation flowing to avoid drawing attention to myself as a werewolf.", "speak": "Player3, you've been quite vocal in the past, but I'm curious about your thoughts now. Who do you suspect might be the other werewolf or a potential threat to the villagers?"}
2025-03-01 17:34:33 - INFO - ===
2025-03-01 17:34:34 - INFO - ===
2025-03-01 17:34:34 - INFO - Fast Response: {"thought": "I'm still trying to assess Player2's and Player4's behavior, but I suspect Player2 due to their quietness. If we eliminate them, we might gain more insight into the remaining players' reactions and roles.", "vote": "Player2", "uncertainty_score": 0.3}
2025-03-01 17:34:34 - INFO - Fast Uncertainty: 0.3
2025-03-01 17:34:34 - INFO - ===
2025-03-01 17:34:36 - INFO - ===
2025-03-01 17:34:36 - INFO - Slow Response: {"thought": "I need to subtly steer the vote towards a player that's been quiet and not attracting much attention. It's best to target a player who might seem inactive or is avoiding attention, which helps divert suspicion from me if they get voted out.", "vote": "Player2", "uncertainty_score": 0.4}
2025-03-01 17:34:36 - INFO - ===
2025-03-01 17:34:37 - INFO - ===
2025-03-01 17:34:37 - INFO - Query: Discussions related to werewolves.
2025-03-01 17:34:37 - INFO - Retrieved similar documents: Player2: {"thought": "I need to gauge Player3's insights more deeply; they may have valuable thoughts on Player1 and Player4's behavior as well.", "speak": "I've been contemplating the behavior of Player1 and Player4. Player3, do you have any suspicions on them or anyone else that seems off?"}
Player2: {"thought": "I need to gauge Player3's insights more deeply; they may have valuable thoughts on Player1 and Player4's behavior as well.", "speak": "I've been contemplating the behavior of Player1 and Player4. Player3, do you have any suspicions on them or anyone else that seems off?"}
2025-03-01 17:34:37 - INFO - ===
2025-03-01 17:34:39 - INFO - ===
2025-03-01 17:34:39 - INFO - Query: Discussions related to werewolves.
2025-03-01 17:34:39 - INFO - Retrieved similar documents: Moderator: Okay, the role of Player1 is a werewolf.
Player3: {"thought": "I need to check Player1 to gather information for the group about potential werewolves.", "speak": "Player1"}
2025-03-01 17:34:39 - INFO - ===
2025-03-01 17:34:40 - INFO - ===
2025-03-01 17:34:40 - INFO - Query: Discussions related to werewolves.
2025-03-01 17:34:40 - INFO - Retrieved similar documents: Player4: {"thought": "Since I know that Player2 is eliminated, I need to consider whether resurrecting them will help our chances. Player2 might have valuable information; however, if they were a werewolf, I would be giving them another chance to eliminate a villager. I need to analyze the discussions and votes from the last days to gauge Player2's alignment before making this decision.", "speak": "I believe it would be best to resurrect Player2. They might provide crucial insights into the identity of the werewolves. They have been vocal in the discussions, and I suspect they are a villager.", "resurrect": "true"}
2025-03-01 17:34:40 - INFO - ===
2025-03-01 17:34:42 - INFO - Moderator: Player1 has been voted out.
2025-03-01 17:34:42 - INFO - Moderator: The game is over. The werewolves have been defeated, and the village is safe once again!
2025-03-01 17:34:42 - INFO - Moderator: The game is over. The werewolves have been defeated, and the village is safe once again!
