{"basefilepath":"logs/fastslow","max_days_per_game":5,"num_games":20,"reflect_before_vectorstore":false,"max_werewolf_discussion_round":3,"similarity_top_k":2,"random_seed":42}
2025-03-01 17:34:42 - INFO - Starting game 16
2025-03-01 17:34:42 - INFO - Moderator: Player1, if you are the only werewolf, eliminate a player. Otherwise, discuss with your teammates and reach an agreement.
2025-03-01 17:34:42 - INFO - Moderator: Player1, if you are the only werewolf, eliminate a player. Otherwise, discuss with your teammates and reach an agreement.
2025-03-01 17:34:42 - INFO - ===
2025-03-01 17:34:42 - INFO - Query: Discussions related to villagers, seer, witch.
2025-03-01 17:34:42 - INFO - Retrieved similar documents: 
2025-03-01 17:34:42 - INFO - ===
2025-03-01 17:34:44 - INFO - Werewolves discussion: I think we should consider what each of us has observed so far. It's important for us to exchange thoughts on any suspicious behavior. Player2, did you notice anything odd with Player3 or Player4?
2025-03-01 17:34:44 - INFO - Moderator: Which player do you vote to kill?
2025-03-01 17:34:44 - INFO - Moderator: Which player do you vote to kill?
2025-03-01 17:34:45 - INFO - ===
2025-03-01 17:34:45 - INFO - Query: Discussions related to villagers, seer, witch.
2025-03-01 17:34:45 - INFO - Retrieved similar documents: Player1: {"thought": "I need to navigate this discussion carefully to establish trust while also protecting my identity as a werewolf. I should subtly deflect suspicion away from myself and perhaps cast doubt on the others, especially if I can read their reactions.", "speak": "I think we should consider what each of us has observed so far. It's important for us to exchange thoughts on any suspicious behavior. Player2, did you notice anything odd with Player3 or Player4?", "finish_discussion": "false"}
Player1: {"thought": "I need to navigate this discussion carefully to establish trust while also protecting my identity as a werewolf. I should subtly deflect suspicion away from myself and perhaps cast doubt on the others, especially if I can read their reactions.", "speak": "I think we should consider what each of us has observed so far. It's important for us to exchange thoughts on any suspicious behavior. Player2, did you notice anything odd with Player3 or Player4?", "finish_discussion": "false"}
2025-03-01 17:34:45 - INFO - ===
2025-03-01 17:34:46 - INFO - ===
2025-03-01 17:34:46 - INFO - Fast Response: {"thought": "I suspect Player3 might be trying to deflect attention away from themselves, but I need to be cautious. I will vote for Player3 to see how others react to this move.", "vote": "Player3", "uncertainty_score": "0.4"}
2025-03-01 17:34:46 - INFO - Fast Uncertainty: 0.4
2025-03-01 17:34:46 - INFO - ===
2025-03-01 17:34:51 - INFO - ===
2025-03-01 17:34:51 - INFO - Slow Response: {"thought": "I suspect Player3 is trying to blend in too much and hasn't been contributing meaningfully to the discussions. This might mean they are a villager or a werewolf trying to lay low. Voting against them could deflect suspicion from myself.", "vote": "Player3", "uncertainty_score": "0.6"}
2025-03-01 17:34:51 - INFO - ===
2025-03-01 17:34:51 - INFO - Moderator: The player with the most votes is Player3.
2025-03-01 17:34:51 - INFO - Moderator: Player4, you're the witch. Tonight Player3 is eliminated. Would you like to resurrect Player3?
2025-03-01 17:34:51 - INFO - ===
2025-03-01 17:34:51 - INFO - Query: Discussions related to werewolves.
2025-03-01 17:34:51 - INFO - Retrieved similar documents: 
2025-03-01 17:34:51 - INFO - ===
2025-03-01 17:34:53 - INFO - Witch resurrection response: I will not resurrect Player3 because it's important to allow the village to confront their suspicions and learn from their mistakes. Resurrecting may tip the balance too much in our favor.
2025-03-01 17:34:53 - INFO - Moderator: The witch has chosen not to resurrect the player.
2025-03-01 17:34:53 - INFO - ===
2025-03-01 17:34:53 - INFO - Query: Discussions related to werewolves.
2025-03-01 17:34:53 - INFO - Retrieved similar documents: Player4: {"thought": "I need to consider the dynamics of the game and whether Player3's insights could be important to the villagers. However, if they were eliminated, they might have been a threat or a suspect. But I also want to maintain the balance and give the villagers a fair chance.", "speak": "I will not resurrect Player3 because it's important to allow the village to confront their suspicions and learn from their mistakes. Resurrecting may tip the balance too much in our favor.", "resurrect": false}
2025-03-01 17:34:53 - INFO - ===
2025-03-01 17:34:55 - INFO - Witch Poison Response: I think we need to discuss our suspicions further before making any decisions. Player1, Player2, what do you think about Player3's last comments?
2025-03-01 17:34:55 - INFO - The witch has chosen not to poison a player.
2025-03-01 17:34:55 - INFO - Moderator: Player3, you're the seer. Which player in Player1, Player2, Player3 and Player4 would you like to check tonight?
2025-03-01 17:34:55 - INFO - ===
2025-03-01 17:34:55 - INFO - Query: Discussions related to werewolves.
2025-03-01 17:34:55 - INFO - Retrieved similar documents: 
2025-03-01 17:34:55 - INFO - ===
2025-03-01 17:34:58 - INFO - Seer response: Player1
2025-03-01 17:34:58 - INFO - Moderator: Okay, the role of Player1 is a werewolf.
2025-03-01 17:34:58 - INFO - ===
2025-03-01 17:34:58 - INFO - Query: Discussions related to villagers, seer, witch.
2025-03-01 17:34:58 - INFO - Retrieved similar documents: Player1: {"thought": "I need to navigate this discussion carefully to establish trust while also protecting my identity as a werewolf. I should subtly deflect suspicion away from myself and perhaps cast doubt on the others, especially if I can read their reactions.", "speak": "I think we should consider what each of us has observed so far. It's important for us to exchange thoughts on any suspicious behavior. Player2, did you notice anything odd with Player3 or Player4?", "finish_discussion": "false"}
Player1: {"thought": "I suspect Player3 is trying to blend in too much and hasn't been contributing meaningfully to the discussions. This might mean they are a villager or a werewolf trying to lay low. Voting against them could deflect suspicion from myself.", "vote": "Player3", "uncertainty_score": "0.6"}
2025-03-01 17:34:58 - INFO - ===
2025-03-01 17:35:02 - INFO - ===
2025-03-01 17:35:02 - INFO - Query: Discussions related to werewolves.
2025-03-01 17:35:02 - INFO - Retrieved similar documents: 
2025-03-01 17:35:02 - INFO - ===
2025-03-01 17:35:03 - INFO - ===
2025-03-01 17:35:03 - INFO - Query: Discussions related to werewolves.
2025-03-01 17:35:03 - INFO - Retrieved similar documents: Player4: {"thought": "In this phase, I need to carefully consider who might be the werewolves and whether I should act to eliminate someone today. Since no one has been eliminated yet, I need to gauge the players' suspicions and their discussions. It\u2019s crucial to keep my role hidden while gathering more information about Player1, Player2, and Player3.", "speak": "I think we need to discuss our suspicions further before making any decisions. Player1, Player2, what do you think about Player3's last comments?", "eliminate": false}
2025-03-01 17:35:03 - INFO - ===
2025-03-01 17:35:05 - INFO - Survivors Discussion: I understand your concerns, Player2, but I believe we all need to keep an open mind. Player3 was a potential target, but now that they're out of the game, we need to focus on who remains.
2025-03-01 17:35:05 - INFO - Moderator: Given the game rules and your role, based on the situation and the information you gain, to win the game, it's time to vote one player eliminated among the alive players. Which player do you vote to kill?
2025-03-01 17:35:06 - INFO - ===
2025-03-01 17:35:06 - INFO - Query: Discussions related to villagers, seer, witch.
2025-03-01 17:35:06 - INFO - Retrieved similar documents: Player1: {"thought": "I need to navigate this discussion carefully to establish trust while also protecting my identity as a werewolf. I should subtly deflect suspicion away from myself and perhaps cast doubt on the others, especially if I can read their reactions.", "speak": "I think we should consider what each of us has observed so far. It's important for us to exchange thoughts on any suspicious behavior. Player2, did you notice anything odd with Player3 or Player4?", "finish_discussion": "false"}
Player1: {"thought": "With Player3 gone, I need to continue to observe Player2 and Player4 closely. I should find opportunities to steer the conversation in a way that protects my identity as a werewolf and consider how I can manipulate their suspicions towards each other.", "speak": "Now that Player3 is out, we need to focus on Player2 and Player4. What do you both think about the discussions we've had so far? Any suspicions we should address?"}
2025-03-01 17:35:06 - INFO - ===
2025-03-01 17:35:07 - INFO - ===
2025-03-01 17:35:07 - INFO - Fast Response: {"thought": "I believe Player2 has been more vocal and potentially leading the charge, making them a suspect. However, Player4 has been quieter and could also be playing a strategic game. I need to weigh my options carefully, but for now, I think eliminating Player2 is the best move to reduce the threat of being exposed.", "vote": "Player2", "uncertainty_score": 0.3}
2025-03-01 17:35:07 - INFO - Fast Uncertainty: 0.3
2025-03-01 17:35:07 - INFO - ===
2025-03-01 17:35:10 - INFO - ===
2025-03-01 17:35:10 - INFO - Slow Response: {"thought": "I need to ensure that Player4 is the one who gets eliminated so we can maintain our numbers as werewolves. Player2 might be suspicious of me, so it would be wise to vote against Player4 to shift focus away from myself and hopefully pin the blame on them.", "vote": "Player4", "uncertainty_score": 0.3}
2025-03-01 17:35:10 - INFO - ===
2025-03-01 17:35:11 - INFO - ===
2025-03-01 17:35:11 - INFO - Query: Discussions related to werewolves.
2025-03-01 17:35:11 - INFO - Retrieved similar documents: Player2: {"thought": "Player1 seems to be trying to gather information and get us to discuss, which can be good for villagers. However, I need to be cautious and observe Player4's reactions as well.", "speak": "I agree, Player1. I think we should consider how Player4 has been acting. Have either of you noticed anything suspicious about them?"}
Player2: {"thought": "Player1 seems to be trying to gather information and get us to discuss, which can be good for villagers. However, I need to be cautious and observe Player4's reactions as well.", "speak": "I agree, Player1. I think we should consider how Player4 has been acting. Have either of you noticed anything suspicious about them?"}
2025-03-01 17:35:11 - INFO - ===
2025-03-01 17:35:12 - INFO - ===
2025-03-01 17:35:12 - INFO - Query: Discussions related to werewolves.
2025-03-01 17:35:12 - INFO - Retrieved similar documents: Player4: {"thought": "In this phase, I need to carefully consider who might be the werewolves and whether I should act to eliminate someone today. Since no one has been eliminated yet, I need to gauge the players' suspicions and their discussions. It\u2019s crucial to keep my role hidden while gathering more information about Player1, Player2, and Player3.", "speak": "I think we need to discuss our suspicions further before making any decisions. Player1, Player2, what do you think about Player3's last comments?", "eliminate": false}
2025-03-01 17:35:12 - INFO - ===
2025-03-01 17:35:14 - INFO - Moderator: Player4 has been voted out.
2025-03-01 17:35:14 - INFO - Moderator: The werewolves have prevailed and taken over the village. Better luck next time!
