{"basefilepath":"logs/fastslow","max_days_per_game":5,"num_games":20,"reflect_before_vectorstore":false,"max_werewolf_discussion_round":3,"similarity_top_k":2,"random_seed":42}
2025-03-01 17:27:34 - INFO - Starting game 3
2025-03-01 17:27:34 - INFO - Moderator: Player1, if you are the only werewolf, eliminate a player. Otherwise, discuss with your teammates and reach an agreement.
2025-03-01 17:27:34 - INFO - Moderator: Player1, if you are the only werewolf, eliminate a player. Otherwise, discuss with your teammates and reach an agreement.
2025-03-01 17:27:34 - INFO - ===
2025-03-01 17:27:34 - INFO - Query: Discussions related to villagers, seer, witch.
2025-03-01 17:27:34 - INFO - Retrieved similar documents: 
2025-03-01 17:27:34 - INFO - ===
2025-03-01 17:27:35 - INFO - Werewolves discussion: I think Player2 has been a bit too quiet during the discussion. What do you all think about them?
2025-03-01 17:27:35 - INFO - Moderator: Which player do you vote to kill?
2025-03-01 17:27:35 - INFO - Moderator: Which player do you vote to kill?
2025-03-01 17:27:36 - INFO - ===
2025-03-01 17:27:36 - INFO - Query: Discussions related to villagers, seer, witch.
2025-03-01 17:27:36 - INFO - Retrieved similar documents: Player1: {"thought": "We need to be strategic in assessing who might be the werewolves among us. I suspect Player2 might be hiding something, as they have been quite quiet.", "speak": "I think Player2 has been a bit too quiet during the discussion. What do you all think about them?", "finish_discussion": "false"}
Player1: {"thought": "We need to be strategic in assessing who might be the werewolves among us. I suspect Player2 might be hiding something, as they have been quite quiet.", "speak": "I think Player2 has been a bit too quiet during the discussion. What do you all think about them?", "finish_discussion": "false"}
2025-03-01 17:27:36 - INFO - ===
2025-03-01 17:27:37 - INFO - ===
2025-03-01 17:27:37 - INFO - Fast Response: {"thought": "I still have my suspicions about Player2 being a werewolf due to their quietness during the discussions. We need to act before we lose more villagers.", "vote": "Player2", "uncertainty_score": 0.3}
2025-03-01 17:27:37 - INFO - Fast Uncertainty: 0.3
2025-03-01 17:27:37 - INFO - ===
2025-03-01 17:27:39 - INFO - ===
2025-03-01 17:27:39 - INFO - Slow Response: {"thought": "I suspect Player2 might be hiding something due to their quiet behavior during discussions, which makes me lean towards voting for them.", "vote": "Player2", "uncertainty_score": 0.3}
2025-03-01 17:27:39 - INFO - ===
2025-03-01 17:27:39 - INFO - Moderator: The player with the most votes is Player2.
2025-03-01 17:27:39 - INFO - Moderator: Player4, you're the witch. Tonight Player2 is eliminated. Would you like to resurrect Player2?
2025-03-01 17:27:39 - INFO - ===
2025-03-01 17:27:39 - INFO - Query: Discussions related to werewolves.
2025-03-01 17:27:39 - INFO - Retrieved similar documents: 
2025-03-01 17:27:39 - INFO - ===
2025-03-01 17:27:41 - INFO - Witch resurrection response: I will not resurrect Player2 because we need to focus on the day phase and gather insights from the discussions. Resurrecting might draw unnecessary attention to myself as the witch.
2025-03-01 17:27:41 - INFO - Moderator: The witch has chosen not to resurrect the player.
2025-03-01 17:27:41 - INFO - ===
2025-03-01 17:27:41 - INFO - Query: Discussions related to werewolves.
2025-03-01 17:27:41 - INFO - Retrieved similar documents: Player4: {"thought": "It's important to assess whether Player2 holds crucial information for the villagers or could be a suspect later on. However, since Player2 has been eliminated, I need to consider the dynamics and try to maintain my strategic advantage.", "speak": "I will not resurrect Player2 because we need to focus on the day phase and gather insights from the discussions. Resurrecting might draw unnecessary attention to myself as the witch.", "resurrect": false}
2025-03-01 17:27:41 - INFO - ===
2025-03-01 17:27:43 - INFO - Witch Poison Response: I think we should focus on discussing who might be the werewolves before making any rash decisions. Let's gather our thoughts first.
2025-03-01 17:27:43 - INFO - The witch has chosen not to poison a player.
2025-03-01 17:27:43 - INFO - Moderator: Player3, you're the seer. Which player in Player1, Player2, Player3 and Player4 would you like to check tonight?
2025-03-01 17:27:43 - INFO - ===
2025-03-01 17:27:43 - INFO - Query: Discussions related to werewolves.
2025-03-01 17:27:43 - INFO - Retrieved similar documents: 
2025-03-01 17:27:43 - INFO - ===
2025-03-01 17:27:45 - INFO - Seer response: Player1
2025-03-01 17:27:45 - INFO - Moderator: Okay, the role of Player1 is a werewolf.
2025-03-01 17:27:45 - INFO - ===
2025-03-01 17:27:45 - INFO - Query: Discussions related to villagers, seer, witch.
2025-03-01 17:27:45 - INFO - Retrieved similar documents: Player1: {"thought": "We need to be strategic in assessing who might be the werewolves among us. I suspect Player2 might be hiding something, as they have been quite quiet.", "speak": "I think Player2 has been a bit too quiet during the discussion. What do you all think about them?", "finish_discussion": "false"}
Player1: {"thought": "I suspect Player2 might be hiding something due to their quiet behavior during discussions, which makes me lean towards voting for them.", "vote": "Player2", "uncertainty_score": 0.3}
2025-03-01 17:27:45 - INFO - ===
2025-03-01 17:27:47 - INFO - ===
2025-03-01 17:27:47 - INFO - Query: Discussions related to werewolves.
2025-03-01 17:27:47 - INFO - Retrieved similar documents: Moderator: Okay, the role of Player1 is a werewolf.
Player3: {"thought": "I need to gather information about the players to help the villagers identify the werewolves. I suspect Player1 could be a werewolf based on their previous interactions.", "speak": "Player1"}
2025-03-01 17:27:47 - INFO - ===
2025-03-01 17:27:49 - INFO - ===
2025-03-01 17:27:49 - INFO - Query: Discussions related to werewolves.
2025-03-01 17:27:49 - INFO - Retrieved similar documents: Player4: {"thought": "I need to assess the situation carefully. Since Player2 is alive, they might have valuable information or could be a wolf. I should maintain a strategic advantage and avoid drawing attention to myself as the witch. It's better not to eliminate anyone right now and see how the next discussions unfold.", "speak": "I think we should focus on discussing who might be the werewolves before making any rash decisions. Let's gather our thoughts first.", "eliminate": false}
2025-03-01 17:27:49 - INFO - ===
2025-03-01 17:27:51 - INFO - Survivors Discussion: I agree, Player3. Player1 has been relatively quiet, which could be suspicious. We should discuss their behavior more closely to see if there are any signs that they might be a werewolf.
2025-03-01 17:27:51 - INFO - Moderator: Given the game rules and your role, based on the situation and the information you gain, to win the game, it's time to vote one player eliminated among the alive players. Which player do you vote to kill?
2025-03-01 17:27:51 - INFO - ===
2025-03-01 17:27:51 - INFO - Query: Discussions related to villagers, seer, witch.
2025-03-01 17:27:51 - INFO - Retrieved similar documents: Player1: {"thought": "We need to be strategic in assessing who might be the werewolves among us. I suspect Player2 might be hiding something, as they have been quite quiet.", "speak": "I think Player2 has been a bit too quiet during the discussion. What do you all think about them?", "finish_discussion": "false"}
Player1: {"thought": "With Player2 eliminated, we need to reassess our suspicions. Player3 and Player4 are still in the game, and I need to pay close attention to their behaviors.", "speak": "Now that Player2 is gone, what do you both think about Player3 and Player4? Do you have any suspicions?"}
2025-03-01 17:27:51 - INFO - ===
2025-03-01 17:27:52 - INFO - ===
2025-03-01 17:27:52 - INFO - Fast Response: {"thought": "I'm still unsure about Player3 and Player4, but Player4 has been acting a bit suspiciously with their responses. I think I will vote for Player4 this time to see how the others react.", "vote": "Player4", "uncertainty_score": 0.3}
2025-03-01 17:27:52 - INFO - Fast Uncertainty: 0.3
2025-03-01 17:27:52 - INFO - ===
2025-03-01 17:27:55 - INFO - ===
2025-03-01 17:27:55 - INFO - Slow Response: {"thought": "I'm still not fully sure who the werewolf is between Player3 and Player4, but Player4's recent behavior seemed more suspicious. They were more defensive during discussions, which could indicate they are trying to hide their identity as a werewolf.", "vote": "Player4", "uncertainty_score": 0.6}
2025-03-01 17:27:55 - INFO - ===
2025-03-01 17:27:56 - INFO - ===
2025-03-01 17:27:56 - INFO - Query: Discussions related to werewolves.
2025-03-01 17:27:56 - INFO - Retrieved similar documents: Moderator: Okay, the role of Player1 is a werewolf.
Player3: {"thought": "I need to gather information about the players to help the villagers identify the werewolves. I suspect Player1 could be a werewolf based on their previous interactions.", "speak": "Player1"}
2025-03-01 17:27:56 - INFO - ===
2025-03-01 17:27:57 - INFO - ===
2025-03-01 17:27:57 - INFO - Query: Discussions related to werewolves.
2025-03-01 17:27:57 - INFO - Retrieved similar documents: Player4: {"thought": "I need to steer the conversation towards Player1 without drawing too much attention to myself. It's crucial to keep the focus on them while still sounding collaborative. We need to act cautiously now.", "speak": "I agree, Player3. Player1 has been relatively quiet, which could be suspicious. We should discuss their behavior more closely to see if there are any signs that they might be a werewolf."}
2025-03-01 17:27:57 - INFO - ===
2025-03-01 17:27:59 - INFO - Moderator: Player1 has been voted out.
2025-03-01 17:27:59 - INFO - Moderator: The game is over. The werewolves have been defeated, and the village is safe once again!
2025-03-01 17:27:59 - INFO - Moderator: The game is over. The werewolves have been defeated, and the village is safe once again!
