{"basefilepath":"logs/fastslow","max_days_per_game":5,"num_games":20,"reflect_before_vectorstore":false,"max_werewolf_discussion_round":3,"similarity_top_k":2,"random_seed":42}
2025-03-01 17:27:05 - INFO - Starting game 2
2025-03-01 17:27:05 - INFO - Moderator: Player1, if you are the only werewolf, eliminate a player. Otherwise, discuss with your teammates and reach an agreement.
2025-03-01 17:27:05 - INFO - Moderator: Player1, if you are the only werewolf, eliminate a player. Otherwise, discuss with your teammates and reach an agreement.
2025-03-01 17:27:05 - INFO - ===
2025-03-01 17:27:05 - INFO - Query: Discussions related to villagers, seer, witch.
2025-03-01 17:27:05 - INFO - Retrieved similar documents: 
2025-03-01 17:27:05 - INFO - ===
2025-03-01 17:27:07 - INFO - Werewolves discussion: I think we need to be careful today. Let's discuss our suspicions. I feel like we should take a close look at how everyone is acting. I've noticed a few inconsistencies in Player2's statements.
2025-03-01 17:27:07 - INFO - Moderator: Which player do you vote to kill?
2025-03-01 17:27:07 - INFO - Moderator: Which player do you vote to kill?
2025-03-01 17:27:08 - INFO - ===
2025-03-01 17:27:08 - INFO - Query: Discussions related to villagers, seer, witch.
2025-03-01 17:27:08 - INFO - Retrieved similar documents: Player1: {"thought": "I need to figure out who the werewolves are while keeping my own identity hidden. Player2 and Player3 seem cautious, and Player4 is being somewhat vocal. I should probe them for information without drawing suspicion to myself.", "speak": "I think we need to be careful today. Let's discuss our suspicions. I feel like we should take a close look at how everyone is acting. I've noticed a few inconsistencies in Player2's statements.", "finish_discussion": "false"}
Player1: {"thought": "I need to figure out who the werewolves are while keeping my own identity hidden. Player2 and Player3 seem cautious, and Player4 is being somewhat vocal. I should probe them for information without drawing suspicion to myself.", "speak": "I think we need to be careful today. Let's discuss our suspicions. I feel like we should take a close look at how everyone is acting. I've noticed a few inconsistencies in Player2's statements.", "finish_discussion": "false"}
2025-03-01 17:27:08 - INFO - ===
2025-03-01 17:27:09 - INFO - ===
2025-03-01 17:27:09 - INFO - Fast Response: {"thought": "I still think Player2 has been acting inconsistently, and I want to bring attention to that. However, I'm not entirely certain since Player3 and Player4 have also been a bit vague. I need to take a calculated risk.", "vote": "Player2", "uncertainty_score": 0.3}
2025-03-01 17:27:09 - INFO - Fast Uncertainty: 0.3
2025-03-01 17:27:09 - INFO - ===
2025-03-01 17:27:11 - INFO - ===
2025-03-01 17:27:11 - INFO - Slow Response: {"thought": "I'm trying to gauge who might be the werewolf based on our discussions. Player2 has been somewhat inconsistent and cautious in their statements, which might be suspicious. However, I don't have concrete evidence, so I'm not entirely sure.", "vote": "Player2", "uncertainty_score": "0.7"}
2025-03-01 17:27:11 - INFO - ===
2025-03-01 17:27:11 - INFO - Moderator: The player with the most votes is Player2.
2025-03-01 17:27:11 - INFO - Moderator: Player4, you're the witch. Tonight Player2 is eliminated. Would you like to resurrect Player2?
2025-03-01 17:27:11 - INFO - ===
2025-03-01 17:27:11 - INFO - Query: Discussions related to werewolves.
2025-03-01 17:27:11 - INFO - Retrieved similar documents: 
2025-03-01 17:27:11 - INFO - ===
2025-03-01 17:27:13 - INFO - Witch resurrection response: I choose to resurrect Player2. Their input may help us narrow down the werewolf suspects if they are indeed a villager.
2025-03-01 17:27:13 - INFO - Moderator: The witch has chosen to resurrect the player.
2025-03-01 17:27:13 - INFO - Moderator: Player3, you're the seer. Which player in Player1, Player2, Player3 and Player4 would you like to check tonight?
2025-03-01 17:27:13 - INFO - ===
2025-03-01 17:27:13 - INFO - Query: Discussions related to werewolves.
2025-03-01 17:27:13 - INFO - Retrieved similar documents: 
2025-03-01 17:27:13 - INFO - ===
2025-03-01 17:27:14 - INFO - Seer response: Player1
2025-03-01 17:27:14 - INFO - Moderator: Okay, the role of Player1 is a werewolf.
2025-03-01 17:27:14 - INFO - ===
2025-03-01 17:27:14 - INFO - Query: Discussions related to villagers, seer, witch.
2025-03-01 17:27:14 - INFO - Retrieved similar documents: Player1: {"thought": "I need to figure out who the werewolves are while keeping my own identity hidden. Player2 and Player3 seem cautious, and Player4 is being somewhat vocal. I should probe them for information without drawing suspicion to myself.", "speak": "I think we need to be careful today. Let's discuss our suspicions. I feel like we should take a close look at how everyone is acting. I've noticed a few inconsistencies in Player2's statements.", "finish_discussion": "false"}
Player1: {"thought": "I'm trying to gauge who might be the werewolf based on our discussions. Player2 has been somewhat inconsistent and cautious in their statements, which might be suspicious. However, I don't have concrete evidence, so I'm not entirely sure.", "vote": "Player2", "uncertainty_score": "0.7"}
2025-03-01 17:27:14 - INFO - ===
2025-03-01 17:27:16 - INFO - ===
2025-03-01 17:27:16 - INFO - Query: Discussions related to werewolves.
2025-03-01 17:27:16 - INFO - Retrieved similar documents: 
2025-03-01 17:27:16 - INFO - ===
2025-03-01 17:27:22 - INFO - ===
2025-03-01 17:27:22 - INFO - Query: Discussions related to werewolves.
2025-03-01 17:27:22 - INFO - Retrieved similar documents: Moderator: Okay, the role of Player1 is a werewolf.
Player3: {"thought": "I need to gather crucial information tonight. I suspect Player1 based on their behavior in the previous discussions. If they turn out to be a werewolf, I'll have vital knowledge for the next day.", "speak": "Player1"}
2025-03-01 17:27:22 - INFO - ===
2025-03-01 17:27:24 - INFO - ===
2025-03-01 17:27:24 - INFO - Query: Discussions related to werewolves.
2025-03-01 17:27:24 - INFO - Retrieved similar documents: Player4: {"thought": "I need to assess whether resurrecting Player2 is strategically beneficial. It could provide more information and possibly sway the vote during the next day phase. However, if Player2 is a werewolf, it would be risky.", "speak": "I choose to resurrect Player2. Their input may help us narrow down the werewolf suspects if they are indeed a villager.", "resurrect": true}
2025-03-01 17:27:24 - INFO - ===
2025-03-01 17:27:26 - INFO - Survivors Discussion: I see your point, Player3. However, can you elaborate on why you suspect Player1? We need solid reasoning before making any accusations.
2025-03-01 17:27:26 - INFO - Moderator: Given the game rules and your role, based on the situation and the information you gain, to win the game, it's time to vote one player eliminated among the alive players. Which player do you vote to kill?
2025-03-01 17:27:26 - INFO - ===
2025-03-01 17:27:26 - INFO - Query: Discussions related to villagers, seer, witch.
2025-03-01 17:27:26 - INFO - Retrieved similar documents: Player1: {"thought": "I need to figure out who the werewolves are while keeping my own identity hidden. Player2 and Player3 seem cautious, and Player4 is being somewhat vocal. I should probe them for information without drawing suspicion to myself.", "speak": "I think we need to be careful today. Let's discuss our suspicions. I feel like we should take a close look at how everyone is acting. I've noticed a few inconsistencies in Player2's statements.", "finish_discussion": "false"}
Player1: {"thought": "I need to observe how Player2 reacts to the vote. If they seem overly defensive or try to divert attention, that might reinforce my suspicion. It's important to maintain a balance between gathering information and not revealing too much about myself.", "speak": "Let's go ahead and make our votes clear. I believe Player2 has been acting a bit suspiciously, and I think we should lynch them today."}
2025-03-01 17:27:26 - INFO - ===
2025-03-01 17:27:28 - INFO - ===
2025-03-01 17:27:28 - INFO - Fast Response: {"thought": "I still believe Player2 is acting suspiciously, and their reactions to our discussions have raised my doubts further. However, I should remain vigilant about the others too, in case they are trying to distract from Player2. But for now, my focus is on Player2.", "vote": "Player2", "uncertainty_score": 0.2}
2025-03-01 17:27:28 - INFO - Fast Uncertainty: 0.2
2025-03-01 17:27:28 - INFO - ===
2025-03-01 17:27:28 - INFO - ===
2025-03-01 17:27:28 - INFO - Query: Discussions related to werewolves.
2025-03-01 17:27:28 - INFO - Retrieved similar documents: Player2: {"thought": "I need to defend myself while also trying to gather more information about the other players. If Player1 is pushing for my elimination, I need to present a counter-argument and suggest they might be a werewolf themselves or try to divert attention to someone else.", "speak": "I disagree with you, Player1. I've been trying to contribute to the discussions and figure out who the werewolves are. Can you explain why you think I'm suspicious? Maybe we should focus on someone else who hasn\u2019t been as vocal."}
Player2: {"thought": "I need to defend myself while also trying to gather more information about the other players. If Player1 is pushing for my elimination, I need to present a counter-argument and suggest they might be a werewolf themselves or try to divert attention to someone else.", "speak": "I disagree with you, Player1. I've been trying to contribute to the discussions and figure out who the werewolves are. Can you explain why you think I'm suspicious? Maybe we should focus on someone else who hasn\u2019t been as vocal."}
2025-03-01 17:27:28 - INFO - ===
2025-03-01 17:27:30 - INFO - ===
2025-03-01 17:27:30 - INFO - Query: Discussions related to werewolves.
2025-03-01 17:27:30 - INFO - Retrieved similar documents: Moderator: Okay, the role of Player1 is a werewolf.
Player3: {"thought": "I need to share the information I learned about Player1 being a werewolf, but I also have to be careful not to reveal my role too early. I should frame my argument to convince the others of Player1's guilt without exposing myself as the seer.", "speak": "I think we need to reconsider Player1's behavior. Based on my observations and some interactions, I really believe they might not have the villagers' best interests in mind."}
2025-03-01 17:27:30 - INFO - ===
2025-03-01 17:27:32 - INFO - ===
2025-03-01 17:27:32 - INFO - Query: Discussions related to werewolves.
2025-03-01 17:27:32 - INFO - Retrieved similar documents: Player4: {"thought": "I need to assess whether resurrecting Player2 is strategically beneficial. It could provide more information and possibly sway the vote during the next day phase. However, if Player2 is a werewolf, it would be risky.", "speak": "I choose to resurrect Player2. Their input may help us narrow down the werewolf suspects if they are indeed a villager.", "resurrect": true}
2025-03-01 17:27:32 - INFO - ===
2025-03-01 17:27:34 - INFO - Moderator: Player1 has been voted out.
2025-03-01 17:27:34 - INFO - Moderator: The game is over. The werewolves have been defeated, and the village is safe once again!
2025-03-01 17:27:34 - INFO - Moderator: The game is over. The werewolves have been defeated, and the village is safe once again!
