{"basefilepath":"logs/fastslow","max_days_per_game":5,"num_games":20,"reflect_before_vectorstore":false,"max_werewolf_discussion_round":3,"similarity_top_k":2,"random_seed":42}
2025-03-01 17:27:59 - INFO - Starting game 4
2025-03-01 17:27:59 - INFO - Moderator: Player1, if you are the only werewolf, eliminate a player. Otherwise, discuss with your teammates and reach an agreement.
2025-03-01 17:27:59 - INFO - Moderator: Player1, if you are the only werewolf, eliminate a player. Otherwise, discuss with your teammates and reach an agreement.
2025-03-01 17:27:59 - INFO - ===
2025-03-01 17:27:59 - INFO - Query: Discussions related to villagers, seer, witch.
2025-03-01 17:27:59 - INFO - Retrieved similar documents: 
2025-03-01 17:27:59 - INFO - ===
2025-03-01 17:28:01 - INFO - Werewolves discussion: I think it's important we discuss what we observed during the night. Has anyone noticed anything unusual? I'm suspicious of Player2 because they were awfully quiet last night. What do you all think?
2025-03-01 17:28:01 - INFO - Moderator: Which player do you vote to kill?
2025-03-01 17:28:01 - INFO - Moderator: Which player do you vote to kill?
2025-03-01 17:28:01 - INFO - ===
2025-03-01 17:28:01 - INFO - Query: Discussions related to villagers, seer, witch.
2025-03-01 17:28:01 - INFO - Retrieved similar documents: Player1: {"thought": "I need to figure out who the werewolves are while also not giving away my own identity. There are only four of us, so the discussions can get intense. I should be cautious about blaming others without evidence, and I need to listen carefully to their reasoning.", "speak": "I think it's important we discuss what we observed during the night. Has anyone noticed anything unusual? I'm suspicious of Player2 because they were awfully quiet last night. What do you all think?", "finish_discussion": "false"}
Player1: {"thought": "I need to figure out who the werewolves are while also not giving away my own identity. There are only four of us, so the discussions can get intense. I should be cautious about blaming others without evidence, and I need to listen carefully to their reasoning.", "speak": "I think it's important we discuss what we observed during the night. Has anyone noticed anything unusual? I'm suspicious of Player2 because they were awfully quiet last night. What do you all think?", "finish_discussion": "false"}
2025-03-01 17:28:01 - INFO - ===
2025-03-01 17:28:03 - INFO - ===
2025-03-01 17:28:03 - INFO - Fast Response: {"thought": "I'm still suspicious of Player2 for being quiet and not contributing much to the discussion. However, I'm also aware that Player3 and Player4 could have hidden motives. I need to focus on Player2, as they stand out the most in this regard.", "vote": "Player2", "uncertainty_score": 0.3}
2025-03-01 17:28:03 - INFO - Fast Uncertainty: 0.3
2025-03-01 17:28:03 - INFO - ===
2025-03-01 17:28:05 - INFO - ===
2025-03-01 17:28:05 - INFO - Slow Response: {"thought": "I still suspect Player2 because they were unusually quiet last night. Quiet behavior might mean they're trying to lay low as a werewolf.", "vote": "Player2", "uncertainty_score": 0.5}
2025-03-01 17:28:05 - INFO - ===
2025-03-01 17:28:05 - INFO - Moderator: The player with the most votes is Player2.
2025-03-01 17:28:05 - INFO - Moderator: Player4, you're the witch. Tonight Player2 is eliminated. Would you like to resurrect Player2?
2025-03-01 17:28:05 - INFO - ===
2025-03-01 17:28:05 - INFO - Query: Discussions related to werewolves.
2025-03-01 17:28:05 - INFO - Retrieved similar documents: 
2025-03-01 17:28:05 - INFO - ===
2025-03-01 17:28:07 - INFO - Witch resurrection response: I choose to resurrect Player2 because it’s crucial to regain a potential ally for the villagers, especially if Player2 turns out to be a villager. We need all hands on deck to identify the werewolves.
2025-03-01 17:28:07 - INFO - Moderator: The witch has chosen to resurrect the player.
2025-03-01 17:28:07 - INFO - Moderator: Player3, you're the seer. Which player in Player1, Player2, Player3 and Player4 would you like to check tonight?
2025-03-01 17:28:07 - INFO - ===
2025-03-01 17:28:07 - INFO - Query: Discussions related to werewolves.
2025-03-01 17:28:07 - INFO - Retrieved similar documents: 
2025-03-01 17:28:07 - INFO - ===
2025-03-01 17:28:08 - INFO - Seer response: Player1
2025-03-01 17:28:08 - INFO - Moderator: Okay, the role of Player1 is a werewolf.
2025-03-01 17:28:09 - INFO - ===
2025-03-01 17:28:09 - INFO - Query: Discussions related to villagers, seer, witch.
2025-03-01 17:28:09 - INFO - Retrieved similar documents: Player1: {"thought": "I need to figure out who the werewolves are while also not giving away my own identity. There are only four of us, so the discussions can get intense. I should be cautious about blaming others without evidence, and I need to listen carefully to their reasoning.", "speak": "I think it's important we discuss what we observed during the night. Has anyone noticed anything unusual? I'm suspicious of Player2 because they were awfully quiet last night. What do you all think?", "finish_discussion": "false"}
Player1: {"thought": "I still suspect Player2 because they were unusually quiet last night. Quiet behavior might mean they're trying to lay low as a werewolf.", "vote": "Player2", "uncertainty_score": 0.5}
2025-03-01 17:28:09 - INFO - ===
2025-03-01 17:28:11 - INFO - ===
2025-03-01 17:28:11 - INFO - Query: Discussions related to werewolves.
2025-03-01 17:28:11 - INFO - Retrieved similar documents: 
2025-03-01 17:28:11 - INFO - ===
2025-03-01 17:28:13 - INFO - ===
2025-03-01 17:28:13 - INFO - Query: Discussions related to werewolves.
2025-03-01 17:28:13 - INFO - Retrieved similar documents: Moderator: Okay, the role of Player1 is a werewolf.
Player3: {"thought": "I need to gather more information to help identify the werewolves. I think I'll check Player1 tonight for any suspicions.", "speak": "Player1"}
2025-03-01 17:28:13 - INFO - ===
2025-03-01 17:28:15 - INFO - ===
2025-03-01 17:28:15 - INFO - Query: Discussions related to werewolves.
2025-03-01 17:28:15 - INFO - Retrieved similar documents: Player4: {"thought": "I recognize that Player2 was just eliminated, but I need to think strategically about this decision. If Player2 was a villager, resurrecting them could help strengthen our chances against the werewolves. However, if Player2 was a werewolf, it could cause issues later on. Since I don\u2019t have definite information about Player2's role, I need to proceed with caution.", "speak": "I choose to resurrect Player2 because it\u2019s crucial to regain a potential ally for the villagers, especially if Player2 turns out to be a villager. We need all hands on deck to identify the werewolves.", "resurrect": true}
2025-03-01 17:28:15 - INFO - ===
2025-03-01 17:28:17 - INFO - Survivors Discussion: I see your point, Player3. It’s important that we analyze Player1's behavior during gameplay. What specific things have led you to believe Player1 is a werewolf?
2025-03-01 17:28:17 - INFO - Moderator: Given the game rules and your role, based on the situation and the information you gain, to win the game, it's time to vote one player eliminated among the alive players. Which player do you vote to kill?
2025-03-01 17:28:17 - INFO - ===
2025-03-01 17:28:17 - INFO - Query: Discussions related to villagers, seer, witch.
2025-03-01 17:28:17 - INFO - Retrieved similar documents: Player1: {"thought": "I need to figure out who the werewolves are while also not giving away my own identity. There are only four of us, so the discussions can get intense. I should be cautious about blaming others without evidence, and I need to listen carefully to their reasoning.", "speak": "I think it's important we discuss what we observed during the night. Has anyone noticed anything unusual? I'm suspicious of Player2 because they were awfully quiet last night. What do you all think?", "finish_discussion": "false"}
Player1: {"thought": "I still feel that Player2's quietness is suspicious. I need to keep an eye on the other players' reactions and see if anyone else has any insights or doubts about Player2.", "speak": "I want to hear more from everyone. What are your thoughts on Player2 being quiet? Do you think that could mean anything?"}
2025-03-01 17:28:17 - INFO - ===
2025-03-01 17:28:19 - INFO - ===
2025-03-01 17:28:19 - INFO - Fast Response: {"thought": "I'm still suspicious of Player2's quietness, and I want to see if the others agree or provide more evidence. However, I'm considering voting Player3 if they don't support my claim against Player2.", "vote": "Player2", "uncertainty_score": 0.3}
2025-03-01 17:28:19 - INFO - Fast Uncertainty: 0.3
2025-03-01 17:28:19 - INFO - ===
2025-03-01 17:28:22 - INFO - ===
2025-03-01 17:28:22 - INFO - Slow Response: {"thought": "Given that Player2 has been very quiet and hasn't actively participated in discussions, I believe this could be a sign of hiding something, possibly being a werewolf. Therefore, my suspicion naturally leans towards Player2. However, it's delicate, as any wrong vote can be detrimental. I have to proceed with caution, observing if other players provide any evidence or offer insights that could reinforce or challenge my suspicion.", "vote": "Player2", "uncertainty_score": 0.3}
2025-03-01 17:28:22 - INFO - ===
2025-03-01 17:28:22 - INFO - ===
2025-03-01 17:28:22 - INFO - Query: Discussions related to werewolves.
2025-03-01 17:28:22 - INFO - Retrieved similar documents: Player2: {"thought": "Player1 is trying to stir up suspicion, but I need to stay calm and keep the focus on gathering information from everyone.", "speak": "I think it\u2019s important for everyone to share their thoughts. Silence can be just as suspicious as any accusation. What do you all think about Player3 and Player4?"}
Player2: {"thought": "Player1 is trying to stir up suspicion, but I need to stay calm and keep the focus on gathering information from everyone.", "speak": "I think it\u2019s important for everyone to share their thoughts. Silence can be just as suspicious as any accusation. What do you all think about Player3 and Player4?"}
2025-03-01 17:28:22 - INFO - ===
2025-03-01 17:28:24 - INFO - ===
2025-03-01 17:28:24 - INFO - Query: Discussions related to werewolves.
2025-03-01 17:28:24 - INFO - Retrieved similar documents: Moderator: Okay, the role of Player1 is a werewolf.
Player3: {"thought": "I need to gather more information to help identify the werewolves. I think I'll check Player1 tonight for any suspicions.", "speak": "Player1"}
2025-03-01 17:28:24 - INFO - ===
2025-03-01 17:28:25 - INFO - ===
2025-03-01 17:28:25 - INFO - Query: Discussions related to werewolves.
2025-03-01 17:28:25 - INFO - Retrieved similar documents: Player4: {"thought": "I need to be cautious in this discussion, especially since Player3 is accusing Player1. I don\u2019t want to reveal my role prematurely, but I still want to strategize effectively. I should also consider how to guide the conversation to our advantage without exposing myself too much.", "speak": "I see your point, Player3. It\u2019s important that we analyze Player1's behavior during gameplay. What specific things have led you to believe Player1 is a werewolf?"}
2025-03-01 17:28:25 - INFO - ===
2025-03-01 17:28:27 - INFO - Moderator: Player1 has been voted out.
2025-03-01 17:28:27 - INFO - Moderator: The game is over. The werewolves have been defeated, and the village is safe once again!
2025-03-01 17:28:27 - INFO - Moderator: The game is over. The werewolves have been defeated, and the village is safe once again!
