{"basefilepath":"logs/fastslow","max_days_per_game":5,"num_games":20,"reflect_before_vectorstore":false,"max_werewolf_discussion_round":3,"similarity_top_k":2,"random_seed":42}
2025-03-01 17:31:07 - INFO - Starting game 10
2025-03-01 17:31:07 - INFO - Moderator: Player1, if you are the only werewolf, eliminate a player. Otherwise, discuss with your teammates and reach an agreement.
2025-03-01 17:31:07 - INFO - Moderator: Player1, if you are the only werewolf, eliminate a player. Otherwise, discuss with your teammates and reach an agreement.
2025-03-01 17:31:07 - INFO - ===
2025-03-01 17:31:07 - INFO - Query: Discussions related to villagers, seer, witch.
2025-03-01 17:31:07 - INFO - Retrieved similar documents: 
2025-03-01 17:31:07 - INFO - ===
2025-03-01 17:31:09 - INFO - Werewolves discussion: I think we should consider how everyone is acting. Has anyone noticed Player2's responses? They seem a bit off to me.
2025-03-01 17:31:09 - INFO - Moderator: Which player do you vote to kill?
2025-03-01 17:31:09 - INFO - Moderator: Which player do you vote to kill?
2025-03-01 17:31:09 - INFO - ===
2025-03-01 17:31:09 - INFO - Query: Discussions related to villagers, seer, witch.
2025-03-01 17:31:09 - INFO - Retrieved similar documents: Player1: {"thought": "I need to analyze the players' behaviors and interactions to identify potential werewolves. I should observe who seems to be more defensive or accusatory.", "speak": "I think we should consider how everyone is acting. Has anyone noticed Player2's responses? They seem a bit off to me.", "finish_discussion": "false"}
Player1: {"thought": "I need to analyze the players' behaviors and interactions to identify potential werewolves. I should observe who seems to be more defensive or accusatory.", "speak": "I think we should consider how everyone is acting. Has anyone noticed Player2's responses? They seem a bit off to me.", "finish_discussion": "false"}
2025-03-01 17:31:09 - INFO - ===
2025-03-01 17:31:10 - INFO - ===
2025-03-01 17:31:10 - INFO - Fast Response: {"thought": "I still have my suspicions about Player2. Their responses haven't been convincing, and I feel they might have something to hide. I need to push forward with my vote before they gain more traction.", "vote": "Player2", "uncertainty_score": 0.3}
2025-03-01 17:31:10 - INFO - Fast Uncertainty: 0.3
2025-03-01 17:31:10 - INFO - ===
2025-03-01 17:31:13 - INFO - ===
2025-03-01 17:31:13 - INFO - Slow Response: {"thought": "Given the current situation, I noticed that Player2's responses have been a bit off, which makes me suspicious. However, I'm not entirely sure and need to rely on the group's votes.", "vote": "Player2", "uncertainty_score": 0.6}
2025-03-01 17:31:13 - INFO - ===
2025-03-01 17:31:13 - INFO - Moderator: The player with the most votes is Player2.
2025-03-01 17:31:13 - INFO - Moderator: Player4, you're the witch. Tonight Player2 is eliminated. Would you like to resurrect Player2?
2025-03-01 17:31:13 - INFO - ===
2025-03-01 17:31:13 - INFO - Query: Discussions related to werewolves.
2025-03-01 17:31:13 - INFO - Retrieved similar documents: 
2025-03-01 17:31:13 - INFO - ===
2025-03-01 17:31:15 - INFO - Witch resurrection response: I will resurrect Player2 because I believe they hold valuable information and could help us in our discussions.
2025-03-01 17:31:15 - INFO - Moderator: The witch has chosen to resurrect the player.
2025-03-01 17:31:15 - INFO - Moderator: Player3, you're the seer. Which player in Player1, Player2, Player3 and Player4 would you like to check tonight?
2025-03-01 17:31:15 - INFO - ===
2025-03-01 17:31:15 - INFO - Query: Discussions related to werewolves.
2025-03-01 17:31:15 - INFO - Retrieved similar documents: 
2025-03-01 17:31:15 - INFO - ===
2025-03-01 17:31:16 - INFO - Seer response: Player1
2025-03-01 17:31:16 - INFO - Moderator: Okay, the role of Player1 is a werewolf.
2025-03-01 17:31:16 - INFO - ===
2025-03-01 17:31:16 - INFO - Query: Discussions related to villagers, seer, witch.
2025-03-01 17:31:16 - INFO - Retrieved similar documents: Player1: {"thought": "I need to analyze the players' behaviors and interactions to identify potential werewolves. I should observe who seems to be more defensive or accusatory.", "speak": "I think we should consider how everyone is acting. Has anyone noticed Player2's responses? They seem a bit off to me.", "finish_discussion": "false"}
Player1: {"thought": "Given the current situation, I noticed that Player2's responses have been a bit off, which makes me suspicious. However, I'm not entirely sure and need to rely on the group's votes.", "vote": "Player2", "uncertainty_score": 0.6}
2025-03-01 17:31:16 - INFO - ===
2025-03-01 17:31:19 - INFO - ===
2025-03-01 17:31:19 - INFO - Query: Discussions related to werewolves.
2025-03-01 17:31:19 - INFO - Retrieved similar documents: 
2025-03-01 17:31:19 - INFO - ===
2025-03-01 17:31:21 - INFO - ===
2025-03-01 17:31:21 - INFO - Query: Discussions related to werewolves.
2025-03-01 17:31:21 - INFO - Retrieved similar documents: Moderator: Okay, the role of Player1 is a werewolf.
Player3: {"thought": "I need to gather information to help the villagers. I will check Player1 tonight to see if they're a werewolf or not.", "speak": "Player1"}
2025-03-01 17:31:21 - INFO - ===
2025-03-01 17:31:32 - INFO - ===
2025-03-01 17:31:32 - INFO - Query: Discussions related to werewolves.
2025-03-01 17:31:32 - INFO - Retrieved similar documents: Player4: {"thought": "As the witch, I have the power to save a player, and I need to assess the situation carefully. I suspect that Player2 may not be a werewolf based on the discussions so far, and saving them could help in our efforts to identify the werewolves.", "speak": "I will resurrect Player2 because I believe they hold valuable information and could help us in our discussions.", "resurrect": true}
2025-03-01 17:31:32 - INFO - ===
2025-03-01 17:31:33 - INFO - Survivors Discussion: Player1, can you clarify what you've found suspicious about Player2's behavior? It would help us all to understand better.
2025-03-01 17:31:33 - INFO - Moderator: Given the game rules and your role, based on the situation and the information you gain, to win the game, it's time to vote one player eliminated among the alive players. Which player do you vote to kill?
2025-03-01 17:31:34 - INFO - ===
2025-03-01 17:31:34 - INFO - Query: Discussions related to villagers, seer, witch.
2025-03-01 17:31:34 - INFO - Retrieved similar documents: Player1: {"thought": "I need to analyze the players' behaviors and interactions to identify potential werewolves. I should observe who seems to be more defensive or accusatory.", "speak": "I think we should consider how everyone is acting. Has anyone noticed Player2's responses? They seem a bit off to me.", "finish_discussion": "false"}
Player1: {"thought": "I need to keep an eye on Player2's actions and responses. If others start to agree with my suspicion, it might strengthen our case against them. I should also be cautious of how Player3 and Player4 react to my accusations.", "speak": "I still think Player2 is acting suspiciously. What does everyone else think about their behavior?"}
2025-03-01 17:31:34 - INFO - ===
2025-03-01 17:31:35 - INFO - ===
2025-03-01 17:31:35 - INFO - Fast Response: {"thought": "I believe Player2 is the most suspicious based on their behavior and responses. I think focusing on them could turn the tide in our favor.", "vote": "Player2", "uncertainty_score": 0.2}
2025-03-01 17:31:35 - INFO - Fast Uncertainty: 0.2
2025-03-01 17:31:35 - INFO - ===
2025-03-01 17:31:36 - INFO - ===
2025-03-01 17:31:36 - INFO - Query: Discussions related to werewolves.
2025-03-01 17:31:36 - INFO - Retrieved similar documents: Player2: {"thought": "Player1 is trying to deflect suspicion towards me. I need to pay attention to how Player3 and Player4 respond to this accusation.", "speak": "I understand your concerns, Player1, but I think we should discuss everyone\u2019s behavior to get a clearer picture. What specific actions of mine seemed suspicious to you?"}
Player2: {"thought": "Player1 is trying to deflect suspicion towards me. I need to pay attention to how Player3 and Player4 respond to this accusation.", "speak": "I understand your concerns, Player1, but I think we should discuss everyone\u2019s behavior to get a clearer picture. What specific actions of mine seemed suspicious to you?"}
2025-03-01 17:31:36 - INFO - ===
2025-03-01 17:31:37 - INFO - ===
2025-03-01 17:31:37 - INFO - Query: Discussions related to werewolves.
2025-03-01 17:31:37 - INFO - Retrieved similar documents: Moderator: Okay, the role of Player1 is a werewolf.
Player3: {"thought": "I need to steer the conversation towards Player1's behavior to gather insight from others. I already know Player1 is a werewolf, so I want to see how they react and what others think.", "speak": "Player1, can you clarify what you've found suspicious about Player2's behavior? It would help us all to understand better."}
2025-03-01 17:31:37 - INFO - ===
2025-03-01 17:31:39 - INFO - ===
2025-03-01 17:31:39 - INFO - Query: Discussions related to werewolves.
2025-03-01 17:31:39 - INFO - Retrieved similar documents: Player4: {"thought": "As the witch, I have the power to save a player, and I need to assess the situation carefully. I suspect that Player2 may not be a werewolf based on the discussions so far, and saving them could help in our efforts to identify the werewolves.", "speak": "I will resurrect Player2 because I believe they hold valuable information and could help us in our discussions.", "resurrect": true}
2025-03-01 17:31:39 - INFO - ===
2025-03-01 17:31:41 - INFO - Moderator: Player1 has been voted out.
2025-03-01 17:31:41 - INFO - Moderator: The game is over. The werewolves have been defeated, and the village is safe once again!
2025-03-01 17:31:41 - INFO - Moderator: The game is over. The werewolves have been defeated, and the village is safe once again!
