{"basefilepath":"logs/fastslow","max_days_per_game":5,"num_games":20,"reflect_before_vectorstore":false,"max_werewolf_discussion_round":3,"similarity_top_k":2,"random_seed":42}
2025-03-01 17:28:53 - INFO - Starting game 6
2025-03-01 17:28:53 - INFO - Moderator: Player1, if you are the only werewolf, eliminate a player. Otherwise, discuss with your teammates and reach an agreement.
2025-03-01 17:28:53 - INFO - Moderator: Player1, if you are the only werewolf, eliminate a player. Otherwise, discuss with your teammates and reach an agreement.
2025-03-01 17:28:53 - INFO - ===
2025-03-01 17:28:53 - INFO - Query: Discussions related to villagers, seer, witch.
2025-03-01 17:28:53 - INFO - Retrieved similar documents: 
2025-03-01 17:28:53 - INFO - ===
2025-03-01 17:28:55 - INFO - Werewolves discussion: I think we should consider who has been quiet during the discussions. It's usually the more talkative players who have something to hide. Any thoughts on who might be acting a little suspicious?
2025-03-01 17:28:55 - INFO - Moderator: Which player do you vote to kill?
2025-03-01 17:28:55 - INFO - Moderator: Which player do you vote to kill?
2025-03-01 17:28:55 - INFO - ===
2025-03-01 17:28:55 - INFO - Query: Discussions related to villagers, seer, witch.
2025-03-01 17:28:55 - INFO - Retrieved similar documents: Player1: {"thought": "I need to be cautious about how I navigate the discussions, as I don't want to reveal my role as a werewolf. I should try to deflect suspicion onto others while gathering information about their suspicions.", "speak": "I think we should consider who has been quiet during the discussions. It's usually the more talkative players who have something to hide. Any thoughts on who might be acting a little suspicious?", "finish_discussion": "false"}
Player1: {"thought": "I need to be cautious about how I navigate the discussions, as I don't want to reveal my role as a werewolf. I should try to deflect suspicion onto others while gathering information about their suspicions.", "speak": "I think we should consider who has been quiet during the discussions. It's usually the more talkative players who have something to hide. Any thoughts on who might be acting a little suspicious?", "finish_discussion": "false"}
2025-03-01 17:28:55 - INFO - ===
2025-03-01 17:28:56 - INFO - ===
2025-03-01 17:28:56 - INFO - Fast Response: {"thought": "I need to maintain my guise as a villager and vote for someone who seems suspicious to divert attention from myself. Player2 has been somewhat quiet, which may make them a target.", "vote": "Player2", "uncertainty_score": 0.3}
2025-03-01 17:28:56 - INFO - Fast Uncertainty: 0.3
2025-03-01 17:28:56 - INFO - ===
2025-03-01 17:28:58 - INFO - ===
2025-03-01 17:28:58 - INFO - Slow Response: {"thought": "I need to eliminate someone without drawing too much attention to myself. It might be strategic to target someone who hasn't been as actively contributing, as it could garner less suspicion.", "vote": "Player3", "uncertainty_score": 0.3}
2025-03-01 17:28:58 - INFO - ===
2025-03-01 17:28:58 - INFO - Moderator: The player with the most votes is Player3.
2025-03-01 17:28:58 - INFO - Moderator: Player4, you're the witch. Tonight Player3 is eliminated. Would you like to resurrect Player3?
2025-03-01 17:28:58 - INFO - ===
2025-03-01 17:28:58 - INFO - Query: Discussions related to werewolves.
2025-03-01 17:28:58 - INFO - Retrieved similar documents: 
2025-03-01 17:28:58 - INFO - ===
2025-03-01 17:29:00 - INFO - Witch resurrection response: I will choose to resurrect Player3 because having them in the game could provide critical information for the villagers. Plus, eliminating them without knowing their role could be a big mistake.
2025-03-01 17:29:00 - INFO - Moderator: The witch has chosen to resurrect the player.
2025-03-01 17:29:00 - INFO - Moderator: Player3, you're the seer. Which player in Player1, Player2, Player3 and Player4 would you like to check tonight?
2025-03-01 17:29:00 - INFO - ===
2025-03-01 17:29:00 - INFO - Query: Discussions related to werewolves.
2025-03-01 17:29:00 - INFO - Retrieved similar documents: 
2025-03-01 17:29:00 - INFO - ===
2025-03-01 17:29:03 - INFO - Seer response: Player2
2025-03-01 17:29:03 - INFO - Moderator: Okay, the role of Player2 is a villager.
2025-03-01 17:29:04 - INFO - ===
2025-03-01 17:29:04 - INFO - Query: Discussions related to villagers, seer, witch.
2025-03-01 17:29:04 - INFO - Retrieved similar documents: Player1: {"thought": "I need to be cautious about how I navigate the discussions, as I don't want to reveal my role as a werewolf. I should try to deflect suspicion onto others while gathering information about their suspicions.", "speak": "I think we should consider who has been quiet during the discussions. It's usually the more talkative players who have something to hide. Any thoughts on who might be acting a little suspicious?", "finish_discussion": "false"}
Player1: {"thought": "I need to eliminate someone without drawing too much attention to myself. It might be strategic to target someone who hasn't been as actively contributing, as it could garner less suspicion.", "vote": "Player3", "uncertainty_score": 0.3}
2025-03-01 17:29:04 - INFO - ===
2025-03-01 17:29:07 - INFO - ===
2025-03-01 17:29:07 - INFO - Query: Discussions related to werewolves.
2025-03-01 17:29:07 - INFO - Retrieved similar documents: 
2025-03-01 17:29:07 - INFO - ===
2025-03-01 17:29:09 - INFO - ===
2025-03-01 17:29:09 - INFO - Query: Discussions related to werewolves.
2025-03-01 17:29:09 - INFO - Retrieved similar documents: Player3: {"thought": "I need to gather information to help the villagers identify the werewolves. I suspect Player2 might be hiding something.", "speak": "Player2"}
Moderator: Okay, the role of Player2 is a villager.
2025-03-01 17:29:09 - INFO - ===
2025-03-01 17:29:11 - INFO - ===
2025-03-01 17:29:11 - INFO - Query: Discussions related to werewolves.
2025-03-01 17:29:11 - INFO - Retrieved similar documents: Player4: {"thought": "Tonight's elimination of Player3 seems suspicious. I need to think strategically about whether saving them would benefit the villagers or not. Since Player3 is still alive, they could provide valuable insights in the next round. However, if Player3 is indeed a villager, I need to ensure the survival of at least one villager. There's not enough information to ascertain the best move right now.", "speak": "I will choose to resurrect Player3 because having them in the game could provide critical information for the villagers. Plus, eliminating them without knowing their role could be a big mistake.", "resurrect": true}
2025-03-01 17:29:11 - INFO - ===
2025-03-01 17:29:13 - INFO - Survivors Discussion: I understand your concerns, Player1, but I believe it's crucial to analyze everyone's behavior. I'm here to work together as a villager, and I'd like us to focus on identifying suspicious patterns from all players.
2025-03-01 17:29:13 - INFO - Moderator: Given the game rules and your role, based on the situation and the information you gain, to win the game, it's time to vote one player eliminated among the alive players. Which player do you vote to kill?
2025-03-01 17:29:13 - INFO - ===
2025-03-01 17:29:13 - INFO - Query: Discussions related to villagers, seer, witch.
2025-03-01 17:29:13 - INFO - Retrieved similar documents: Player1: {"thought": "I need to be cautious about how I navigate the discussions, as I don't want to reveal my role as a werewolf. I should try to deflect suspicion onto others while gathering information about their suspicions.", "speak": "I think we should consider who has been quiet during the discussions. It's usually the more talkative players who have something to hide. Any thoughts on who might be acting a little suspicious?", "finish_discussion": "false"}
Player1: {"thought": "I need to maintain my cover and keep the conversation focused on others while downplaying any suspicion on myself. I should also subtly steer the discussion away from Player3, since I've already voted for them, and encourage scrutiny on Player2 or Player4 instead.", "speak": "I've noticed that Player2 has been a bit quiet too. Maybe we should consider everyone's contributions before making a final decision on who to eliminate."}
2025-03-01 17:29:13 - INFO - ===
2025-03-01 17:29:14 - INFO - ===
2025-03-01 17:29:14 - INFO - Fast Response: {"thought": "I've been trying to deflect suspicion away from myself and encourage others to focus on Player2. They have been quiet and seem less involved in the discussions, which might make them a target for elimination. I feel relatively confident about this vote.", "vote": "Player2", "uncertainty_score": 0.2}
2025-03-01 17:29:14 - INFO - Fast Uncertainty: 0.2
2025-03-01 17:29:14 - INFO - ===
2025-03-01 17:29:15 - INFO - ===
2025-03-01 17:29:15 - INFO - Query: Discussions related to werewolves.
2025-03-01 17:29:15 - INFO - Retrieved similar documents: Player2: {"thought": "Player1 is trying to shift focus away from themselves and might be trying to gather information before we make a move. I need to be cautious and observe how Player3 and Player4 respond to this as well.", "speak": "I agree, Player1. It's important to hear everyone's thoughts. Player3 and Player4, what do you think? Any suspicions on who might be the werewolves?"}
Player2: {"thought": "Player1 is trying to shift focus away from themselves and might be trying to gather information before we make a move. I need to be cautious and observe how Player3 and Player4 respond to this as well.", "speak": "I agree, Player1. It's important to hear everyone's thoughts. Player3 and Player4, what do you think? Any suspicions on who might be the werewolves?"}
2025-03-01 17:29:15 - INFO - ===
2025-03-01 17:29:17 - INFO - ===
2025-03-01 17:29:17 - INFO - Query: Discussions related to werewolves.
2025-03-01 17:29:17 - INFO - Retrieved similar documents: Player3: {"thought": "I suspect Player4 might be a werewolf. They haven't shared much information.", "speak": "I think Player4 might be worth looking into. They haven't contributed much to the discussion."}
Player3: {"thought": "I need to gather information to help the villagers identify the werewolves. I suspect Player2 might be hiding something.", "speak": "Player2"}
2025-03-01 17:29:17 - INFO - ===
2025-03-01 17:29:19 - INFO - ===
2025-03-01 17:29:19 - INFO - Query: Discussions related to werewolves.
2025-03-01 17:29:19 - INFO - Retrieved similar documents: Player4: {"thought": "Tonight's elimination of Player3 seems suspicious. I need to think strategically about whether saving them would benefit the villagers or not. Since Player3 is still alive, they could provide valuable insights in the next round. However, if Player3 is indeed a villager, I need to ensure the survival of at least one villager. There's not enough information to ascertain the best move right now.", "speak": "I will choose to resurrect Player3 because having them in the game could provide critical information for the villagers. Plus, eliminating them without knowing their role could be a big mistake.", "resurrect": true}
2025-03-01 17:29:19 - INFO - ===
2025-03-01 17:29:20 - INFO - Moderator: Player1 has been voted out.
2025-03-01 17:29:20 - INFO - Moderator: The game is over. The werewolves have been defeated, and the village is safe once again!
2025-03-01 17:29:20 - INFO - Moderator: The game is over. The werewolves have been defeated, and the village is safe once again!
