{"basefilepath":"logs/fastslow","max_days_per_game":5,"num_games":20,"reflect_before_vectorstore":true,"max_werewolf_discussion_round":3,"similarity_top_k":2,"random_seed":42}
2025-03-02 00:14:17 - INFO - Starting game 0
2025-03-02 00:14:17 - INFO - Moderator: Player1, if you are the only werewolf, eliminate a player. Otherwise, discuss with your teammates and reach an agreement.
2025-03-02 00:14:17 - INFO - Moderator: Player1, if you are the only werewolf, eliminate a player. Otherwise, discuss with your teammates and reach an agreement.
2025-03-02 00:14:17 - INFO - ===
2025-03-02 00:14:17 - INFO - Query: Discussions related to villagers, seer, witch.
2025-03-02 00:14:17 - INFO - Retrieved similar documents: 
2025-03-02 00:14:17 - INFO - ===
2025-03-02 00:14:19 - INFO - Werewolves discussion: I think we should discuss our suspicions openly. Player4, you seem to be quite quiet. What do you think about the rest of us? Anyone stand out to you as a potential werewolf?
2025-03-02 00:14:19 - INFO - Moderator: Which player do you vote to kill?
2025-03-02 00:14:19 - INFO - Moderator: Which player do you vote to kill?
2025-03-02 00:14:19 - INFO - ===
2025-03-02 00:14:19 - INFO - Query: Discussions related to villagers, seer, witch.
2025-03-02 00:14:19 - INFO - Retrieved similar documents: 
2025-03-02 00:14:19 - INFO - ===
2025-03-02 00:14:21 - INFO - ===
2025-03-02 00:14:21 - INFO - Fast Response: {"thought": "I'm trying to assess the behaviors and comments of the other players. I don't have enough information yet, but Player3 seems a bit suspicious due to their lack of contribution during discussions. I think it's worth taking a risk on them this time.", "vote": "Player3", "uncertainty_score": 0.4}
2025-03-02 00:14:21 - INFO - Fast Uncertainty: 0.4
2025-03-02 00:14:21 - INFO - ===
2025-03-02 00:14:24 - INFO - ===
2025-03-02 00:14:24 - INFO - Slow Response: {"thought": "As a werewolf, our strategy is to target players that might have special roles or influence the game heavily. However, I don't have enough information yet to distinguish between the villagers and the special roles. I will choose randomly at this point to maintain my cover as we gather more information.", "vote": "Player2", "uncertainty_score": "0.9"}
2025-03-02 00:14:24 - INFO - ===
2025-03-02 00:14:24 - INFO - Moderator: The player with the most votes is Player2.
2025-03-02 00:14:24 - INFO - Moderator: Player4, you're the witch. Tonight Player2 is eliminated. Would you like to resurrect Player2?
2025-03-02 00:14:24 - INFO - ===
2025-03-02 00:14:24 - INFO - Query: Discussions related to werewolves.
2025-03-02 00:14:24 - INFO - Retrieved similar documents: 
2025-03-02 00:14:24 - INFO - ===
2025-03-02 00:14:27 - INFO - Witch resurrection response: I choose not to resurrect Player2 because I believe it may be too risky. We need to gather more information about who the remaining players suspect.
2025-03-02 00:14:27 - INFO - Moderator: The witch has chosen not to resurrect the player.
2025-03-02 00:14:28 - INFO - ===
2025-03-02 00:14:28 - INFO - Query: Discussions related to werewolves.
2025-03-02 00:14:28 - INFO - Retrieved similar documents: Player4: {"thought": "I need to consider the implications of resurrecting Player2. If they were lynched by werewolves, it may not serve the villagers' interests. However, if they hold valuable information, it could tip the scales in our favor. However, I also need to be cautious about revealing too much.", "speak": "I choose not to resurrect Player2 because I believe it may be too risky. We need to gather more information about who the remaining players suspect.", "resurrect": false}
2025-03-02 00:14:28 - INFO - ===
2025-03-02 00:14:31 - INFO - Witch Poison Response: I think we should discuss our suspicions further before making any elimination decisions.
2025-03-02 00:14:31 - INFO - The witch has chosen not to poison a player.
2025-03-02 00:14:31 - INFO - Moderator: Player3, you're the seer. Which player in Player1, Player2, Player3 and Player4 would you like to check tonight?
2025-03-02 00:14:31 - INFO - ===
2025-03-02 00:14:31 - INFO - Query: Discussions related to werewolves.
2025-03-02 00:14:31 - INFO - Retrieved similar documents: 
2025-03-02 00:14:31 - INFO - ===
2025-03-02 00:14:33 - INFO - Seer response: Player1
2025-03-02 00:14:33 - INFO - Moderator: Okay, the role of Player1 is a werewolf.
2025-03-02 00:14:47 - INFO - ===
2025-03-02 00:14:47 - INFO - Query: Discussions related to villagers, seer, witch.
2025-03-02 00:14:47 - INFO - Retrieved similar documents: In reviewing Player1's decisions and actions, several strategic elements and implications for future games of Werewolf can be discerned:

1. **Blending with the Group**: Player1 recognizes the importance of blending in with villagers to avoid being detected as the werewolf. By advocating for open discussions, Player1 attempts to position themselves as neutral and trustworthy. This approach can be effective for maintaining cover but necessitates careful handling to avoid drawing suspicion if the conversation doesn't match Player1’s actions.

2. **Target Prioritization**: Player1's strategy involves eliminating players who may hold influential or special roles early in the game. However, due to a lack of information, Player1 opts for a random choice. While randomness can prevent predictable patterns that lead to exposure, it also risks elimination of potential allies or leaving strong adversaries in the game.

3. **Information Gathering**: Player1 identifies players that could be threats (Player2 and Player3), but still lacks enough information to make informed decisions. Collecting more data through observation and engaging in dialogue with other players could improve decision-making.

4. **Uncertainty Management**: The high uncertainty score (0.9) reflects that Player1 is highly conscious of not having sufficient data to confidently identify special roles among the players. This self-awareness of uncertainty is critical in Werewolf as it can guide the player to be cautious and adaptable, ensuring decisions are revisited as new information becomes available.

### Implications for Future Strategies:

- **Effective Communication and Questioning**: Encourage more open dialogue among players to extract valuable information while subtly guiding the conversation towards uncovering key roles without overtly attracting suspicion.

- **Adaptive Targeting**: Develop a framework for prioritizing targets based on patterns or tells that suggest a role's presence, even when information is incomplete. Prioritizing observation and adaptive strategy based on evolving game dynamics can increase effectiveness.

- **Improving Information Gathering**: Enhance strategies to gather and interpret information more effectively. This may include paying attention to players' voting patterns, verbal cues, and engagement levels.

- **Managing Uncertainty**: Develop methods to better handle uncertainty, such as setting up potential alliances or seeding misinformation to gauge reactions, which can help reveal roles as players react to shifting narratives.

In summary, Player1's blend of cautious interaction and strategic targeting suggests a nuanced understanding of the game that could be further refined through enhanced information strategies, adaptive targeting, and more active uncertainty management.
2025-03-02 00:14:47 - INFO - ===
2025-03-02 00:14:51 - INFO - ===
2025-03-02 00:14:51 - INFO - Query: Discussions related to werewolves.
2025-03-02 00:14:51 - INFO - Retrieved similar documents: Moderator: Okay, the role of Player1 is a werewolf.
Player3: {"thought": "I need to check one of the players to gather information for the next day. I suspect Player1 might be a werewolf based on their behavior so far in the discussions. This will help us determine our next steps.", "speak": "Player1"}
2025-03-02 00:14:51 - INFO - ===
2025-03-02 00:14:54 - INFO - ===
2025-03-02 00:14:54 - INFO - Query: Discussions related to werewolves.
2025-03-02 00:14:54 - INFO - Retrieved similar documents: Player4: {"thought": "I need to consider the implications of resurrecting Player2. If they were lynched by werewolves, it may not serve the villagers' interests. However, if they hold valuable information, it could tip the scales in our favor. However, I also need to be cautious about revealing too much.", "speak": "I choose not to resurrect Player2 because I believe it may be too risky. We need to gather more information about who the remaining players suspect.", "resurrect": false}
2025-03-02 00:14:54 - INFO - ===
2025-03-02 00:14:56 - INFO - Survivors Discussion: I think Player1 is indeed acting a bit suspiciously. We should discuss who we believe the werewolves might be and share our thoughts.
2025-03-02 00:14:56 - INFO - Moderator: Given the game rules and your role, based on the situation and the information you gain, to win the game, it's time to vote one player eliminated among the alive players. Which player do you vote to kill?
2025-03-02 00:14:56 - INFO - ===
2025-03-02 00:14:56 - INFO - Query: Discussions related to villagers, seer, witch.
2025-03-02 00:14:57 - INFO - Retrieved similar documents: In reviewing Player1's decisions and actions, several strategic elements and implications for future games of Werewolf can be discerned:

1. **Blending with the Group**: Player1 recognizes the importance of blending in with villagers to avoid being detected as the werewolf. By advocating for open discussions, Player1 attempts to position themselves as neutral and trustworthy. This approach can be effective for maintaining cover but necessitates careful handling to avoid drawing suspicion if the conversation doesn't match Player1’s actions.

2. **Target Prioritization**: Player1's strategy involves eliminating players who may hold influential or special roles early in the game. However, due to a lack of information, Player1 opts for a random choice. While randomness can prevent predictable patterns that lead to exposure, it also risks elimination of potential allies or leaving strong adversaries in the game.

3. **Information Gathering**: Player1 identifies players that could be threats (Player2 and Player3), but still lacks enough information to make informed decisions. Collecting more data through observation and engaging in dialogue with other players could improve decision-making.

4. **Uncertainty Management**: The high uncertainty score (0.9) reflects that Player1 is highly conscious of not having sufficient data to confidently identify special roles among the players. This self-awareness of uncertainty is critical in Werewolf as it can guide the player to be cautious and adaptable, ensuring decisions are revisited as new information becomes available.

### Implications for Future Strategies:

- **Effective Communication and Questioning**: Encourage more open dialogue among players to extract valuable information while subtly guiding the conversation towards uncovering key roles without overtly attracting suspicion.

- **Adaptive Targeting**: Develop a framework for prioritizing targets based on patterns or tells that suggest a role's presence, even when information is incomplete. Prioritizing observation and adaptive strategy based on evolving game dynamics can increase effectiveness.

- **Improving Information Gathering**: Enhance strategies to gather and interpret information more effectively. This may include paying attention to players' voting patterns, verbal cues, and engagement levels.

- **Managing Uncertainty**: Develop methods to better handle uncertainty, such as setting up potential alliances or seeding misinformation to gauge reactions, which can help reveal roles as players react to shifting narratives.

In summary, Player1's blend of cautious interaction and strategic targeting suggests a nuanced understanding of the game that could be further refined through enhanced information strategies, adaptive targeting, and more active uncertainty management.
2025-03-02 00:14:57 - INFO - ===
2025-03-02 00:14:58 - INFO - ===
2025-03-02 00:14:58 - INFO - Fast Response: {"thought": "Given that Player2 is already dead, I need to assess Player3 and Player4. I suspect Player3 due to some inconsistencies in their prior statements, while Player4 has been quieter, but I have less concrete suspicion against them. I believe Player3 may have been trying to divert attention. Thus, I vote for Player3.", "vote": "Player3", "uncertainty_score": "0.4"}
2025-03-02 00:14:58 - INFO - Fast Uncertainty: 0.4
2025-03-02 00:14:58 - INFO - ===
2025-03-02 00:15:02 - INFO - ===
2025-03-02 00:15:02 - INFO - Slow Response: {"thought": "With only Player3 and Player4 left, my strategy is to identify who might be a special role like the seer or witch, as they could be threats. Player4 was quiet last round, which in some games might indicate a special role trying to stay under the radar. I'm uncertain if they are the seer or witch or just a villager, but given they were more reserved, I'll vote for Player4.", "vote": "Player4", "uncertainty_score": 0.7}
2025-03-02 00:15:02 - INFO - ===
2025-03-02 00:15:03 - INFO - ===
2025-03-02 00:15:03 - INFO - Query: Discussions related to werewolves.
2025-03-02 00:15:03 - INFO - Retrieved similar documents: Moderator: Okay, the role of Player1 is a werewolf.
Player3: {"thought": "I need to be cautious in this discussion. Player1 is already identified as a werewolf, so I should focus on convincing Player4 of this fact without revealing my role.", "speak": "I agree, Player1 has been acting suspiciously. We should keep a close eye on their next moves."}
2025-03-02 00:15:03 - INFO - ===
2025-03-02 00:15:04 - INFO - ===
2025-03-02 00:15:04 - INFO - Query: Discussions related to werewolves.
2025-03-02 00:15:04 - INFO - Retrieved similar documents: Player4: {"thought": "I need to remain cautious and gather more insights about Player1 and Player3. Since Player2 is already dead and can't provide information, I should focus on the behaviors of the remaining players before making any moves.", "speak": "I think Player1 is indeed acting a bit suspiciously. We should discuss who we believe the werewolves might be and share our thoughts."}
2025-03-02 00:15:04 - INFO - ===
2025-03-02 00:15:06 - INFO - Moderator: Player1 has been voted out.
2025-03-02 00:15:06 - INFO - Moderator: The game is over. The werewolves have been defeated, and the village is safe once again!
2025-03-02 00:15:06 - INFO - Moderator: The game is over. The werewolves have been defeated, and the village is safe once again!
