{"basefilepath":"logs/fastslow","max_days_per_game":5,"num_games":20,"reflect_before_vectorstore":true,"max_werewolf_discussion_round":3,"similarity_top_k":2,"random_seed":42}
2025-03-02 00:16:37 - INFO - Starting game 3
2025-03-02 00:16:37 - INFO - Moderator: Player1, if you are the only werewolf, eliminate a player. Otherwise, discuss with your teammates and reach an agreement.
2025-03-02 00:16:37 - INFO - Moderator: Player1, if you are the only werewolf, eliminate a player. Otherwise, discuss with your teammates and reach an agreement.
2025-03-02 00:16:37 - INFO - ===
2025-03-02 00:16:37 - INFO - Query: Discussions related to villagers, seer, witch.
2025-03-02 00:16:37 - INFO - Retrieved similar documents: 
2025-03-02 00:16:37 - INFO - ===
2025-03-02 00:16:39 - INFO - Werewolves discussion: I think we need to share some suspicions about each other. Who does everyone feel might be acting suspiciously? I'm curious to hear your thoughts.
2025-03-02 00:16:39 - INFO - Moderator: Which player do you vote to kill?
2025-03-02 00:16:39 - INFO - Moderator: Which player do you vote to kill?
2025-03-02 00:16:39 - INFO - ===
2025-03-02 00:16:39 - INFO - Query: Discussions related to villagers, seer, witch.
2025-03-02 00:16:39 - INFO - Retrieved similar documents: 
2025-03-02 00:16:39 - INFO - ===
2025-03-02 00:16:40 - INFO - ===
2025-03-02 00:16:40 - INFO - Fast Response: {"thought": "I suspect Player2 seems a bit too quiet and not engaging in the discussions enough for my liking. They could be hiding their true intentions as a werewolf.", "vote": "Player2", "uncertainty_score": 0.3}
2025-03-02 00:16:40 - INFO - Fast Uncertainty: 0.3
2025-03-02 00:16:40 - INFO - ===
2025-03-02 00:16:43 - INFO - ===
2025-03-02 00:16:43 - INFO - Slow Response: {"thought": "As a werewolf, I want to eliminate villagers while avoiding suspicion. I need to choose someone who seems unlikely to have a special role like the witch or seer. Eliminating a player without raising suspicion is crucial. Since we have very little information initially, I'm going to vote to eliminate Player2 without strong evidence because any choice at this point is mostly guesswork.", "vote": "Player2", "uncertainty_score": "0.7"}
2025-03-02 00:16:43 - INFO - ===
2025-03-02 00:16:43 - INFO - Moderator: The player with the most votes is Player2.
2025-03-02 00:16:43 - INFO - Moderator: Player4, you're the witch. Tonight Player2 is eliminated. Would you like to resurrect Player2?
2025-03-02 00:16:43 - INFO - ===
2025-03-02 00:16:43 - INFO - Query: Discussions related to werewolves.
2025-03-02 00:16:43 - INFO - Retrieved similar documents: 
2025-03-02 00:16:43 - INFO - ===
2025-03-02 00:16:45 - INFO - Witch resurrection response: I will not resurrect Player2 tonight because I'm suspicious of their intentions and we might need to keep the vote unbiased.
2025-03-02 00:16:45 - INFO - Moderator: The witch has chosen not to resurrect the player.
2025-03-02 00:16:45 - INFO - ===
2025-03-02 00:16:45 - INFO - Query: Discussions related to werewolves.
2025-03-02 00:16:45 - INFO - Retrieved similar documents: Player4: {"thought": "I need to make a strategic decision based on who might be a werewolf. Player2 has been quite vocal, so it's important to assess if they are a threat. If Player2 is a werewolf, resurrecting them might be unwise. If they're a villager, I can gather more information from them if they come back.", "speak": "I will not resurrect Player2 tonight because I'm suspicious of their intentions and we might need to keep the vote unbiased.", "resurrect": false}
2025-03-02 00:16:45 - INFO - ===
2025-03-02 00:16:47 - INFO - Witch Poison Response: I think we should take some time to discuss who the real threats might be before jumping to any eliminations.
2025-03-02 00:16:47 - INFO - The witch has chosen not to poison a player.
2025-03-02 00:16:47 - INFO - Moderator: Player3, you're the seer. Which player in Player1, Player2, Player3 and Player4 would you like to check tonight?
2025-03-02 00:16:47 - INFO - ===
2025-03-02 00:16:47 - INFO - Query: Discussions related to werewolves.
2025-03-02 00:16:47 - INFO - Retrieved similar documents: 
2025-03-02 00:16:47 - INFO - ===
2025-03-02 00:16:48 - INFO - Seer response: Player1
2025-03-02 00:16:48 - INFO - Moderator: Okay, the role of Player1 is a werewolf.
2025-03-02 00:17:04 - INFO - ===
2025-03-02 00:17:04 - INFO - Query: Discussions related to villagers, seer, witch.
2025-03-02 00:17:04 - INFO - Retrieved similar documents: In reviewing the decisions made by Player1, we observe several strategic moves with implications for both immediate gameplay and future strategic decisions.

1. **Gathering Suspicion Information:**
   - **Decision & Implication:** Player1's decision to encourage discussion about suspicions among the group serves dual purposes. As a tactical approach, it allows a player to gauge the suspicions of others, potentially revealing useful information about other players' thought processes. This aligns with players' need to maintain a lower profile by diverting attention to the suspicions against others. However, there's a risk of exposing too much about one's own strategy or inadvertently aligning oneself with others' suspicions, which can backfire in the form of group focus shifting back onto the instigator.
   - **Strategy Reflection:** In future scenarios, this tactic should be employed with careful moderation and consideration of existing group dynamics, ensuring it doesn't spotlight the instigator as overly inquisitive or manipulative.

2. **Selecting Elimination Targets with Limited Information:**
   - **Decision & Implication:** The choice to eliminate Player2 is made with an uncertainty score of 0.7, indicating significant guesswork largely due to limited initial information. Player1 concludes that at the outset, any decision is mostly speculative, aiming to strike a balance between making a move and avoiding detection. The decision also reflects a calculated risk – since revealing roles like the witch or seer early can be detrimental, Player1 targets a player believed less likely to hold such roles at random.
   - **Strategy Reflection:** Going forward, refining this approach involves analyzing behavioral patterns and discussions more deeply to minimize reliance on guesswork. Introducing elements of deduction or leveraging alliances with responsive players could enhance the precision of early eliminations.

3. **Maintaining a Hidden Identity:**
   - **Decision & Implication:** Player1's internal focus on maintaining anonymity highlights the perennial werewolf objective of blending into the group without drawing attention or revealing their role. Their emphasis on cautious engagement balances risk with active participation, thereby sidestepping potential exposure. The duality, pretending to seek information as a villager while plotting eliminations as a werewolf, indicates a successful maintenance of duplicity given the survivor status.
   - **Strategy Reflection:** Future gameplay should continue leveraging this balance, potentially refining it by alternating assertive and recessive participations based on group shifts. Enhancing abilities such as strategic redirection (e.g., leading suspicions away from fellow wolves or allies) could further bolster this strategy.

Overall, Player1’s decisions reflect a nuanced understanding of the dual role they play in Werewolf – part investigator, part saboteur. The emphasis on early guesswork cautions against over-reliance on uncertainty, suggesting future decisions could benefit from deeper reading of player dynamics and employing obfuscation tactics to better protect identity and redirect suspicion.
2025-03-02 00:17:04 - INFO - ===
2025-03-02 00:17:08 - INFO - ===
2025-03-02 00:17:08 - INFO - Query: Discussions related to werewolves.
2025-03-02 00:17:08 - INFO - Retrieved similar documents: Moderator: Okay, the role of Player1 is a werewolf.
Player3: {"thought": "I need to check the identity of Player1 to gather crucial information about potential werewolves.", "speak": "Player1"}
2025-03-02 00:17:08 - INFO - ===
2025-03-02 00:17:09 - INFO - ===
2025-03-02 00:17:09 - INFO - Query: Discussions related to werewolves.
2025-03-02 00:17:09 - INFO - Retrieved similar documents: Player4: {"thought": "It's crucial to assess who the players are targeting and to identify any potential werewolves. Player2's vocal presence may need to be scrutinized further. However, eliminating anyone prematurely could backfire. I should hold off on eliminating a player for now and observe the discussions.", "speak": "I think we should take some time to discuss who the real threats might be before jumping to any eliminations.", "eliminate": false}
2025-03-02 00:17:09 - INFO - ===
2025-03-02 00:17:11 - INFO - Survivors Discussion: I agree that analyzing Player3 and Player4's actions can provide insight into their possible roles. However, I think it's essential to also consider what motives might drive their suspicions.
2025-03-02 00:17:11 - INFO - Moderator: Given the game rules and your role, based on the situation and the information you gain, to win the game, it's time to vote one player eliminated among the alive players. Which player do you vote to kill?
2025-03-02 00:17:12 - INFO - ===
2025-03-02 00:17:12 - INFO - Query: Discussions related to villagers, seer, witch.
2025-03-02 00:17:12 - INFO - Retrieved similar documents: In reviewing the decisions made by Player1, we observe several strategic moves with implications for both immediate gameplay and future strategic decisions.

1. **Gathering Suspicion Information:**
   - **Decision & Implication:** Player1's decision to encourage discussion about suspicions among the group serves dual purposes. As a tactical approach, it allows a player to gauge the suspicions of others, potentially revealing useful information about other players' thought processes. This aligns with players' need to maintain a lower profile by diverting attention to the suspicions against others. However, there's a risk of exposing too much about one's own strategy or inadvertently aligning oneself with others' suspicions, which can backfire in the form of group focus shifting back onto the instigator.
   - **Strategy Reflection:** In future scenarios, this tactic should be employed with careful moderation and consideration of existing group dynamics, ensuring it doesn't spotlight the instigator as overly inquisitive or manipulative.

2. **Selecting Elimination Targets with Limited Information:**
   - **Decision & Implication:** The choice to eliminate Player2 is made with an uncertainty score of 0.7, indicating significant guesswork largely due to limited initial information. Player1 concludes that at the outset, any decision is mostly speculative, aiming to strike a balance between making a move and avoiding detection. The decision also reflects a calculated risk – since revealing roles like the witch or seer early can be detrimental, Player1 targets a player believed less likely to hold such roles at random.
   - **Strategy Reflection:** Going forward, refining this approach involves analyzing behavioral patterns and discussions more deeply to minimize reliance on guesswork. Introducing elements of deduction or leveraging alliances with responsive players could enhance the precision of early eliminations.

3. **Maintaining a Hidden Identity:**
   - **Decision & Implication:** Player1's internal focus on maintaining anonymity highlights the perennial werewolf objective of blending into the group without drawing attention or revealing their role. Their emphasis on cautious engagement balances risk with active participation, thereby sidestepping potential exposure. The duality, pretending to seek information as a villager while plotting eliminations as a werewolf, indicates a successful maintenance of duplicity given the survivor status.
   - **Strategy Reflection:** Future gameplay should continue leveraging this balance, potentially refining it by alternating assertive and recessive participations based on group shifts. Enhancing abilities such as strategic redirection (e.g., leading suspicions away from fellow wolves or allies) could further bolster this strategy.

Overall, Player1’s decisions reflect a nuanced understanding of the dual role they play in Werewolf – part investigator, part saboteur. The emphasis on early guesswork cautions against over-reliance on uncertainty, suggesting future decisions could benefit from deeper reading of player dynamics and employing obfuscation tactics to better protect identity and redirect suspicion.
2025-03-02 00:17:12 - INFO - ===
2025-03-02 00:17:13 - INFO - ===
2025-03-02 00:17:13 - INFO - Fast Response: {"thought": "I suspect Player3 based on their behavior during the discussions. They seem to deflect attention away from themselves and avoid sharing concrete suspicions, which could indicate they have something to hide. Player4, on the other hand, has been more straightforward in their accusations. I believe Player3 poses a greater threat as a potential werewolf.", "vote": "Player3", "uncertainty_score": "0.6"}
2025-03-02 00:17:13 - INFO - Fast Uncertainty: 0.6
2025-03-02 00:17:13 - INFO - ===
2025-03-02 00:17:17 - INFO - ===
2025-03-02 00:17:17 - INFO - Slow Response: {"thought": "Given that only Player3 and Player4 are left alongside me, my priority is to reduce villagers while maintaining plausible deniability. Both players' behaviors need to be evaluated, but Player3 might be more insightful or dangerous due to their possible alignment with special roles like the seer or witch. Since any elimination increases the tension and need for quick decision-making, targeting Player3 aligns with a riskier strategy to get rid of a potentially strategic mind, while I maintain my identity as a cooperative player in discussions.", "vote": "Player3", "uncertainty_score": "0.6"}
2025-03-02 00:17:17 - INFO - ===
2025-03-02 00:17:17 - INFO - ===
2025-03-02 00:17:17 - INFO - Query: Discussions related to werewolves.
2025-03-02 00:17:17 - INFO - Retrieved similar documents: Moderator: Okay, the role of Player1 is a werewolf.
Player3: {"thought": "I need to check the identity of Player1 to gather crucial information about potential werewolves.", "speak": "Player1"}
2025-03-02 00:17:17 - INFO - ===
2025-03-02 00:17:18 - INFO - ===
2025-03-02 00:17:18 - INFO - Query: Discussions related to werewolves.
2025-03-02 00:17:18 - INFO - Retrieved similar documents: Player4: {"thought": "It's important to observe Player1's and Player3's discussions closely. Player1 seems to be trying to shift the focus away from themselves, which could be a sign of a werewolf. I need to be cautious about how I present myself so that I don't attract suspicion while still gathering information.", "speak": "I agree that analyzing Player3 and Player4's actions can provide insight into their possible roles. However, I think it's essential to also consider what motives might drive their suspicions."}
2025-03-02 00:17:18 - INFO - ===
2025-03-02 00:17:20 - INFO - Moderator: Player1 has been voted out.
2025-03-02 00:17:20 - INFO - Moderator: The game is over. The werewolves have been defeated, and the village is safe once again!
2025-03-02 00:17:20 - INFO - Moderator: The game is over. The werewolves have been defeated, and the village is safe once again!
