{"basefilepath":"logs/fastslow","max_days_per_game":5,"num_games":20,"reflect_before_vectorstore":true,"max_werewolf_discussion_round":3,"similarity_top_k":2,"random_seed":42}
2025-03-02 00:26:52 - INFO - Starting game 18
2025-03-02 00:26:52 - INFO - Moderator: Player1, if you are the only werewolf, eliminate a player. Otherwise, discuss with your teammates and reach an agreement.
2025-03-02 00:26:52 - INFO - Moderator: Player1, if you are the only werewolf, eliminate a player. Otherwise, discuss with your teammates and reach an agreement.
2025-03-02 00:26:52 - INFO - ===
2025-03-02 00:26:52 - INFO - Query: Discussions related to villagers, seer, witch.
2025-03-02 00:26:52 - INFO - Retrieved similar documents: 
2025-03-02 00:26:52 - INFO - ===
2025-03-02 00:26:54 - INFO - Werewolves discussion: I've noticed some patterns in our discussions that make me wonder about each of us. I'm curious about how everyone feels we should approach the next vote. Do you all have any suspicions?
2025-03-02 00:26:54 - INFO - ===
2025-03-02 00:26:54 - INFO - Query: Discussions related to villagers, seer, witch.
2025-03-02 00:26:54 - INFO - Retrieved similar documents: 
2025-03-02 00:26:54 - INFO - ===
2025-03-02 00:26:58 - INFO - Werewolves discussion: I feel like Player3 has been acting a bit suspicious lately. Their comments don’t seem very aligned with helping the villagers. We should consider them in our discussions today.
2025-03-02 00:26:58 - INFO - Moderator: Which player do you vote to kill?
2025-03-02 00:26:58 - INFO - Moderator: Which player do you vote to kill?
2025-03-02 00:26:58 - INFO - ===
2025-03-02 00:26:58 - INFO - Query: Discussions related to villagers, seer, witch.
2025-03-02 00:26:58 - INFO - Retrieved similar documents: 
2025-03-02 00:26:58 - INFO - ===
2025-03-02 00:27:00 - INFO - ===
2025-03-02 00:27:00 - INFO - Fast Response: {"thought": "I suspect Player2 based on their previous behavior, but I'm not entirely sure. There are still some uncertainties about the other players.", "vote": "Player2", "uncertainty_score": 0.3}
2025-03-02 00:27:00 - INFO - Fast Uncertainty: 0.3
2025-03-02 00:27:00 - INFO - ===
2025-03-02 00:27:03 - INFO - ===
2025-03-02 00:27:03 - INFO - Slow Response: {"thought": "As a werewolf, my goal is to eliminate a player without drawing suspicion to myself or my teammate. I should vote strategically to either eliminate a player who seems like a potential threat to werewolves or one who's been actively trying to deduce werewolf identities. However, with no past conversations or behavior patterns to analyze yet, we're in an early stage where making a random choice could be the safe bet, as every player is equally unknown to us at this point. This will reduce the risk of us hitting on a special role.", "vote": "Player2", "uncertainty_score": "0.7"}
2025-03-02 00:27:03 - INFO - ===
2025-03-02 00:27:03 - INFO - Moderator: The player with the most votes is Player2.
2025-03-02 00:27:03 - INFO - Moderator: Player4, you're the witch. Tonight Player2 is eliminated. Would you like to resurrect Player2?
2025-03-02 00:27:03 - INFO - ===
2025-03-02 00:27:03 - INFO - Query: Discussions related to werewolves.
2025-03-02 00:27:03 - INFO - Retrieved similar documents: 
2025-03-02 00:27:03 - INFO - ===
2025-03-02 00:27:04 - INFO - Witch resurrection response: I will use my potion of life to resurrect Player2; we need their knowledge.
2025-03-02 00:27:04 - INFO - Moderator: The witch has chosen to resurrect the player.
2025-03-02 00:27:04 - INFO - Moderator: Player3, you're the seer. Which player in Player1, Player2, Player3 and Player4 would you like to check tonight?
2025-03-02 00:27:04 - INFO - ===
2025-03-02 00:27:04 - INFO - Query: Discussions related to werewolves.
2025-03-02 00:27:04 - INFO - Retrieved similar documents: 
2025-03-02 00:27:04 - INFO - ===
2025-03-02 00:27:05 - INFO - Seer response: Player1
2025-03-02 00:27:05 - INFO - Moderator: Okay, the role of Player1 is a werewolf.
2025-03-02 00:27:17 - INFO - ===
2025-03-02 00:27:17 - INFO - Query: Discussions related to villagers, seer, witch.
2025-03-02 00:27:17 - INFO - Retrieved similar documents: In the scenario presented, Player1 demonstrates a strategic approach typical of someone in a hidden role, such as a werewolf, seeking to manipulate group dynamics without revealing their own position. The main strategic decisions made by Player1 include:

1. **Observational Strategy**: Player1 initially adopts an observational role, attempting to assess the dynamics and interactions between the other players. They withhold their role details while gathering information on potential suspects.

2. **Seeding Suspicion**: A shift in Player1's strategy can be observed as they start suggesting Player3 as a potential suspect. This indicates an attempt to divert attention away from themselves while subtly steering the group's focus toward another player.

3. **Voting Decision**: Player1 opts to vote for Player2, emphasizing the high level of uncertainty inherent in early-stage decisions. This decision reflects the understanding that in early rounds, any vote is largely a shot in the dark.

The implications from these decisions for future strategic consideration include:

- **The Importance of Early Game Observation**: Early in the game, careful observation and subtle influence are key. Player1's strategy focuses on gathering information without overcommitment, which is a prudent approach given the lack of data early in the game.

- **Strategic Distraction and Misdirection**: By planting seeds of doubt regarding Player3, Player1 illustrates the value of distraction and misdirection in deducing who might be a threat or ally. This can be a double-edged sword if not executed carefully, as it can backfire and cause suspicion to turn toward the instigator.

- **Calculated Voting**: Making a voting decision with high uncertainty acknowledges the unpredictability of player behavior early on. This highlights the necessity of balancing risk and reward, particularly when the consequences of targeting a strategic role (like the Seer) can heavily impact the game.

- **Being a Silent Influence**: Player1's approach of subtly guiding the conversation while withholding personal motives underlines the effectiveness of being a silent influencer. Future strategies might consider how best to blend into group conversations to reduce personal exposure.

This strategic analysis suggests that while early-game strategies are fraught with uncertainty, aligning group perceptions through subtle influence and carefully calculated choices can increase a player’s odds of success. Adapting these insights could improve decision-making in similar scenarios moving forward.
2025-03-02 00:27:17 - INFO - ===
2025-03-02 00:27:18 - INFO - ===
2025-03-02 00:27:18 - INFO - Query: Discussions related to werewolves.
2025-03-02 00:27:18 - INFO - Retrieved similar documents: 
2025-03-02 00:27:18 - INFO - ===
2025-03-02 00:27:20 - INFO - ===
2025-03-02 00:27:20 - INFO - Query: Discussions related to werewolves.
2025-03-02 00:27:20 - INFO - Retrieved similar documents: Moderator: Okay, the role of Player1 is a werewolf.
Player3: {"thought": "I need to gather information to guide my team. I will check Player1 tonight to see if they are a werewolf or a villager.", "speak": "Player1"}
2025-03-02 00:27:20 - INFO - ===
2025-03-02 00:27:21 - INFO - ===
2025-03-02 00:27:21 - INFO - Query: Discussions related to werewolves.
2025-03-02 00:27:21 - INFO - Retrieved similar documents: Player4: {"thought": "I need to save Player2 because their potential insights could help us identify the werewolves. Additionally, it could create distrust among the werewolves, as they might not expect Player2 to come back.", "speak": "I will use my potion of life to resurrect Player2; we need their knowledge.", "resurrect": true}
2025-03-02 00:27:21 - INFO - ===
2025-03-02 00:27:23 - INFO - Survivors Discussion: I agree with Player3; we should target Player1 based on the information that has been revealed. Let's vote to eliminate them.
2025-03-02 00:27:23 - INFO - Moderator: Given the game rules and your role, based on the situation and the information you gain, to win the game, it's time to vote one player eliminated among the alive players. Which player do you vote to kill?
2025-03-02 00:27:23 - INFO - ===
2025-03-02 00:27:23 - INFO - Query: Discussions related to villagers, seer, witch.
2025-03-02 00:27:23 - INFO - Retrieved similar documents: In the scenario presented, Player1 demonstrates a strategic approach typical of someone in a hidden role, such as a werewolf, seeking to manipulate group dynamics without revealing their own position. The main strategic decisions made by Player1 include:

1. **Observational Strategy**: Player1 initially adopts an observational role, attempting to assess the dynamics and interactions between the other players. They withhold their role details while gathering information on potential suspects.

2. **Seeding Suspicion**: A shift in Player1's strategy can be observed as they start suggesting Player3 as a potential suspect. This indicates an attempt to divert attention away from themselves while subtly steering the group's focus toward another player.

3. **Voting Decision**: Player1 opts to vote for Player2, emphasizing the high level of uncertainty inherent in early-stage decisions. This decision reflects the understanding that in early rounds, any vote is largely a shot in the dark.

The implications from these decisions for future strategic consideration include:

- **The Importance of Early Game Observation**: Early in the game, careful observation and subtle influence are key. Player1's strategy focuses on gathering information without overcommitment, which is a prudent approach given the lack of data early in the game.

- **Strategic Distraction and Misdirection**: By planting seeds of doubt regarding Player3, Player1 illustrates the value of distraction and misdirection in deducing who might be a threat or ally. This can be a double-edged sword if not executed carefully, as it can backfire and cause suspicion to turn toward the instigator.

- **Calculated Voting**: Making a voting decision with high uncertainty acknowledges the unpredictability of player behavior early on. This highlights the necessity of balancing risk and reward, particularly when the consequences of targeting a strategic role (like the Seer) can heavily impact the game.

- **Being a Silent Influence**: Player1's approach of subtly guiding the conversation while withholding personal motives underlines the effectiveness of being a silent influencer. Future strategies might consider how best to blend into group conversations to reduce personal exposure.

This strategic analysis suggests that while early-game strategies are fraught with uncertainty, aligning group perceptions through subtle influence and carefully calculated choices can increase a player’s odds of success. Adapting these insights could improve decision-making in similar scenarios moving forward.
2025-03-02 00:27:23 - INFO - ===
2025-03-02 00:27:24 - INFO - ===
2025-03-02 00:27:24 - INFO - Fast Response: {"thought": "I feel Player3 has been acting a bit suspicious and I want to steer the focus away from myself. However, I still have some uncertainty about whether they are truly a werewolf or not. Player2 could also be a candidate, but for now, I'll lean towards Player3.", "vote": "Player3", "uncertainty_score": 0.3}
2025-03-02 00:27:24 - INFO - Fast Uncertainty: 0.3
2025-03-02 00:27:24 - INFO - ===
2025-03-02 00:27:26 - INFO - ===
2025-03-02 00:27:26 - INFO - Slow Response: {"thought": "Based on previous conversations and current dynamics, I believe it's a strategic move to continue promoting suspicion towards Player3 to reduce attention on me. There's some initial uncertainty, but I have to act decisively.", "vote": "Player3", "uncertainty_score": "0.7"}
2025-03-02 00:27:26 - INFO - ===
2025-03-02 00:27:27 - INFO - ===
2025-03-02 00:27:27 - INFO - Query: Discussions related to werewolves.
2025-03-02 00:27:27 - INFO - Retrieved similar documents: Player2: {"thought": "Player3's behavior does seem a bit evasive, but I need to gather more information before making a strong accusation. We should also consider Player1's remarks and how we can collaborate to identify the werewolves.", "speak": "I see what you mean about Player3, Player1. Their avoidance of strong accusations does raise some flags. But maybe we should also discuss Player1's role and motivations in this conversation. What does Player4 think?"}
Player2: {"thought": "Player3's behavior does seem a bit evasive, but I need to gather more information before making a strong accusation. We should also consider Player1's remarks and how we can collaborate to identify the werewolves.", "speak": "I see what you mean about Player3, Player1. Their avoidance of strong accusations does raise some flags. But maybe we should also discuss Player1's role and motivations in this conversation. What does Player4 think?"}
2025-03-02 00:27:27 - INFO - ===
2025-03-02 00:27:28 - INFO - ===
2025-03-02 00:27:28 - INFO - Query: Discussions related to werewolves.
2025-03-02 00:27:28 - INFO - Retrieved similar documents: Moderator: Okay, the role of Player1 is a werewolf.
Player3: {"thought": "I need to gather information to guide my team. I will check Player1 tonight to see if they are a werewolf or a villager.", "speak": "Player1"}
2025-03-02 00:27:28 - INFO - ===
2025-03-02 00:27:29 - INFO - ===
2025-03-02 00:27:29 - INFO - Query: Discussions related to werewolves.
2025-03-02 00:27:29 - INFO - Retrieved similar documents: Player4: {"thought": "I need to save Player2 because their potential insights could help us identify the werewolves. Additionally, it could create distrust among the werewolves, as they might not expect Player2 to come back.", "speak": "I will use my potion of life to resurrect Player2; we need their knowledge.", "resurrect": true}
2025-03-02 00:27:29 - INFO - ===
2025-03-02 00:27:31 - INFO - Moderator: Player1 has been voted out.
2025-03-02 00:27:31 - INFO - Moderator: The game is over. The werewolves have been defeated, and the village is safe once again!
2025-03-02 00:27:31 - INFO - Moderator: The game is over. The werewolves have been defeated, and the village is safe once again!
