{"basefilepath":"logs/fastslow","max_days_per_game":5,"num_games":20,"reflect_before_vectorstore":true,"max_werewolf_discussion_round":3,"similarity_top_k":2,"random_seed":42}
2025-03-02 00:22:11 - INFO - Starting game 11
2025-03-02 00:22:11 - INFO - Moderator: Player1, if you are the only werewolf, eliminate a player. Otherwise, discuss with your teammates and reach an agreement.
2025-03-02 00:22:11 - INFO - Moderator: Player1, if you are the only werewolf, eliminate a player. Otherwise, discuss with your teammates and reach an agreement.
2025-03-02 00:22:11 - INFO - ===
2025-03-02 00:22:11 - INFO - Query: Discussions related to villagers, seer, witch.
2025-03-02 00:22:11 - INFO - Retrieved similar documents: 
2025-03-02 00:22:11 - INFO - ===
2025-03-02 00:22:13 - INFO - Werewolves discussion: I think we should discuss our suspicions openly. Maybe we can figure out who might be acting strangely. Has anyone noticed anything off about the others?
2025-03-02 00:22:13 - INFO - Moderator: Which player do you vote to kill?
2025-03-02 00:22:13 - INFO - Moderator: Which player do you vote to kill?
2025-03-02 00:22:13 - INFO - ===
2025-03-02 00:22:13 - INFO - Query: Discussions related to villagers, seer, witch.
2025-03-02 00:22:13 - INFO - Retrieved similar documents: 
2025-03-02 00:22:13 - INFO - ===
2025-03-02 00:22:13 - INFO - ===
2025-03-02 00:22:13 - INFO - Fast Response: {"thought": "I suspect Player2 is playing a bit too quietly, which could indicate they might be a werewolf. I need to eliminate a potential threat.", "vote": "Player2", "uncertainty_score": 0.3}
2025-03-02 00:22:13 - INFO - Fast Uncertainty: 0.3
2025-03-02 00:22:13 - INFO - ===
2025-03-02 00:22:16 - INFO - ===
2025-03-02 00:22:16 - INFO - Slow Response: {"thought": "It's the first night, and I need to rely on random selection since there's no information yet. Since I'm a werewolf, my goal is to eliminate a villager or special role.", "vote": "Player3", "uncertainty_score": "0.8"}
2025-03-02 00:22:16 - INFO - ===
2025-03-02 00:22:16 - INFO - Moderator: The player with the most votes is Player3.
2025-03-02 00:22:16 - INFO - Moderator: Player4, you're the witch. Tonight Player3 is eliminated. Would you like to resurrect Player3?
2025-03-02 00:22:16 - INFO - ===
2025-03-02 00:22:16 - INFO - Query: Discussions related to werewolves.
2025-03-02 00:22:16 - INFO - Retrieved similar documents: 
2025-03-02 00:22:16 - INFO - ===
2025-03-02 00:22:17 - INFO - Witch resurrection response: I will not resurrect Player3 because there is still uncertainty regarding their role and I suspect there are better targets for my actions later if we can gain more information.
2025-03-02 00:22:17 - INFO - Moderator: The witch has chosen not to resurrect the player.
2025-03-02 00:22:18 - INFO - ===
2025-03-02 00:22:18 - INFO - Query: Discussions related to werewolves.
2025-03-02 00:22:18 - INFO - Retrieved similar documents: Player4: {"thought": "Player3's elimination is concerning as it indicates a threat to the villagers. I need to consider if Player3 might have vital information or if the remaining players are more suspicious.", "speak": "I will not resurrect Player3 because there is still uncertainty regarding their role and I suspect there are better targets for my actions later if we can gain more information.", "resurrect": false}
2025-03-02 00:22:18 - INFO - ===
2025-03-02 00:22:19 - INFO - Witch Poison Response: I believe we should discuss who we suspect might be the werewolves today before jumping to any conclusions about an elimination.
2025-03-02 00:22:19 - INFO - The witch has chosen not to poison a player.
2025-03-02 00:22:20 - INFO - Moderator: Player3, you're the seer. Which player in Player1, Player2, Player3 and Player4 would you like to check tonight?
2025-03-02 00:22:20 - INFO - ===
2025-03-02 00:22:20 - INFO - Query: Discussions related to werewolves.
2025-03-02 00:22:20 - INFO - Retrieved similar documents: 
2025-03-02 00:22:20 - INFO - ===
2025-03-02 00:22:21 - INFO - Seer response: Player1
2025-03-02 00:22:21 - INFO - Moderator: Okay, the role of Player1 is a werewolf.
2025-03-02 00:22:32 - INFO - ===
2025-03-02 00:22:32 - INFO - Query: Discussions related to villagers, seer, witch.
2025-03-02 00:22:32 - INFO - Retrieved similar documents: In reviewing Player1's decisions, several key strategic elements can be discerned:

1. **Information Gathering and Communication:** Player1 opens by suggesting that the group openly discusses their suspicions. This approach can serve dual purposes:
   - **Proactive Role:** As a werewolf, suggesting open discussion could serve to throw the group off Player1's trail by appearing transparent and cooperative.
   - **Information Mining:** It encourages other players to share their thoughts, providing Player1 with insights into the villagers' perceptions and potential weaknesses.

2. **Maintaining Cover:** Player1 aims to maintain their cover by appearing an active participant in the group discussion, which is a classic strategic maneuver to deflect suspicion. 

3. **Selection Strategy:** In the absence of concrete information on the first night, Player1's choice to vote for Player3 seems largely random, although influenced by the goal of eliminating a villager rather than another werewolf. Their high uncertainty score (0.8) acknowledges this.

4. **Addressing Uncertainty:** Player1's thought process reflects a high degree of uncertainty, recognizing the challenge in distinguishing roles early in the game. However, leveraging early game discussion aids in positioning themselves to gain useful insights as the game progresses.

### Implications for Future Strategic Decisions:

1. **Balanced Participation:** While openness to discussion is valuable, it must be carefully balanced to avoid overexposure. Werewolves should contribute enough to seem credible without inadvertently revealing their true role.

2. **Voting Tactics:** Random voting is inevitable early on but should transition to more calculated choices as the game progresses and more information becomes available. Analyzing voting patterns and aligning them with game events can improve strategic accuracy.

3. **Adjusting Uncertainty:** It's crucial to adjust strategies as the uncertainty diminishes with more data or player eliminations. Player1 should refine their player analysis and suspicions accordingly.

4. **Observing Reactions:** Player1 should closely observe others' reactions during discussions and voting to detect alliances or suspect behaviors that might hint at special roles or werewolf intentions.

Future approaches should capitalize on the duality of appearing collaborative while discreetly advancing the werewolves' agenda. Building an adaptable strategy that evolves with the game's development will enhance success chances significantly.
2025-03-02 00:22:32 - INFO - ===
2025-03-02 00:22:34 - INFO - ===
2025-03-02 00:22:34 - INFO - Query: Discussions related to werewolves.
2025-03-02 00:22:34 - INFO - Retrieved similar documents: 
2025-03-02 00:22:34 - INFO - ===
2025-03-02 00:22:35 - INFO - ===
2025-03-02 00:22:35 - INFO - Query: Discussions related to werewolves.
2025-03-02 00:22:35 - INFO - Retrieved similar documents: Player4: {"thought": "I'm still gathering information and trying to understand the dynamics among the remaining players. Since there are still two werewolves among us, it's crucial to determine who those players might be before making any rash decisions. I need to observe their interactions closely.", "speak": "I believe we should discuss who we suspect might be the werewolves today before jumping to any conclusions about an elimination.", "eliminate": false}
2025-03-02 00:22:35 - INFO - ===
2025-03-02 00:22:37 - INFO - Survivors Discussion: I understand your concerns, Player2, but we should keep an open mind. It's essential we discuss all players equally and evaluate their actions before making a decision.
2025-03-02 00:22:37 - INFO - Moderator: Given the game rules and your role, based on the situation and the information you gain, to win the game, it's time to vote one player eliminated among the alive players. Which player do you vote to kill?
2025-03-02 00:22:38 - INFO - ===
2025-03-02 00:22:38 - INFO - Query: Discussions related to villagers, seer, witch.
2025-03-02 00:22:38 - INFO - Retrieved similar documents: In reviewing Player1's decisions, several key strategic elements can be discerned:

1. **Information Gathering and Communication:** Player1 opens by suggesting that the group openly discusses their suspicions. This approach can serve dual purposes:
   - **Proactive Role:** As a werewolf, suggesting open discussion could serve to throw the group off Player1's trail by appearing transparent and cooperative.
   - **Information Mining:** It encourages other players to share their thoughts, providing Player1 with insights into the villagers' perceptions and potential weaknesses.

2. **Maintaining Cover:** Player1 aims to maintain their cover by appearing an active participant in the group discussion, which is a classic strategic maneuver to deflect suspicion. 

3. **Selection Strategy:** In the absence of concrete information on the first night, Player1's choice to vote for Player3 seems largely random, although influenced by the goal of eliminating a villager rather than another werewolf. Their high uncertainty score (0.8) acknowledges this.

4. **Addressing Uncertainty:** Player1's thought process reflects a high degree of uncertainty, recognizing the challenge in distinguishing roles early in the game. However, leveraging early game discussion aids in positioning themselves to gain useful insights as the game progresses.

### Implications for Future Strategic Decisions:

1. **Balanced Participation:** While openness to discussion is valuable, it must be carefully balanced to avoid overexposure. Werewolves should contribute enough to seem credible without inadvertently revealing their true role.

2. **Voting Tactics:** Random voting is inevitable early on but should transition to more calculated choices as the game progresses and more information becomes available. Analyzing voting patterns and aligning them with game events can improve strategic accuracy.

3. **Adjusting Uncertainty:** It's crucial to adjust strategies as the uncertainty diminishes with more data or player eliminations. Player1 should refine their player analysis and suspicions accordingly.

4. **Observing Reactions:** Player1 should closely observe others' reactions during discussions and voting to detect alliances or suspect behaviors that might hint at special roles or werewolf intentions.

Future approaches should capitalize on the duality of appearing collaborative while discreetly advancing the werewolves' agenda. Building an adaptable strategy that evolves with the game's development will enhance success chances significantly.
2025-03-02 00:22:38 - INFO - ===
2025-03-02 00:22:39 - INFO - ===
2025-03-02 00:22:39 - INFO - Fast Response: {"thought": "I need to decide between Player2 and Player4, as Player3 is already out. Based on the discussions, Player2 seemed somewhat suspicious in their reasoning earlier, but I still have some uncertainty about Player4 as well. I will lean towards Player2 for now, hoping to eliminate a villager.", "vote": "Player2", "uncertainty_score": "0.6"}
2025-03-02 00:22:39 - INFO - Fast Uncertainty: 0.6
2025-03-02 00:22:39 - INFO - ===
2025-03-02 00:22:44 - INFO - ===
2025-03-02 00:22:44 - INFO - Slow Response: {"thought": "Now that Player3 is out, and there are only three players left, my strategy must focus on eliminating a villager in order to win. I need to consider who might be the most likely to suspect me as I maintain my cover. Player2 has been quite active in previous discussions, leading me to believe they might be capable of deduction as a villager, or hold a special role like the seer or the witch. Eliminating an active player might help in redirecting suspicion. Given that Player4 has been less vocal, choosing Player2 might advance our chances if they hold valuable insight or a special role. My uncertainty is a bit lower now due to narrowed options and known game dynamics, but still present since no concrete role clues are available yet.", "vote": "Player2", "uncertainty_score": "0.6"}
2025-03-02 00:22:44 - INFO - ===
2025-03-02 00:22:44 - INFO - ===
2025-03-02 00:22:44 - INFO - Query: Discussions related to werewolves.
2025-03-02 00:22:44 - INFO - Retrieved similar documents: Player2: {"thought": "I need to be careful about how I approach this conversation since I'm a villager. It's essential to gauge Player1's and Player4's reactions while subtly steering the conversation toward identifying any suspicious behavior.", "speak": "Honestly, I think we should closely examine Player4's actions. What do you think about their behavior so far, Player1?"}
Player2: {"thought": "I need to be careful about how I approach this conversation since I'm a villager. It's essential to gauge Player1's and Player4's reactions while subtly steering the conversation toward identifying any suspicious behavior.", "speak": "Honestly, I think we should closely examine Player4's actions. What do you think about their behavior so far, Player1?"}
2025-03-02 00:22:44 - INFO - ===
2025-03-02 00:22:46 - INFO - ===
2025-03-02 00:22:46 - INFO - Query: Discussions related to werewolves.
2025-03-02 00:22:46 - INFO - Retrieved similar documents: Player4: {"thought": "I'm still gathering information and trying to understand the dynamics among the remaining players. Since there are still two werewolves among us, it's crucial to determine who those players might be before making any rash decisions. I need to observe their interactions closely.", "speak": "I believe we should discuss who we suspect might be the werewolves today before jumping to any conclusions about an elimination.", "eliminate": false}
2025-03-02 00:22:46 - INFO - ===
2025-03-02 00:22:48 - INFO - Moderator: Player1 has been voted out.
2025-03-02 00:22:48 - INFO - Moderator: The game is over. The werewolves have been defeated, and the village is safe once again!
2025-03-02 00:22:48 - INFO - Moderator: The game is over. The werewolves have been defeated, and the village is safe once again!
