{"basefilepath":"logs/fastslow","max_days_per_game":5,"num_games":20,"reflect_before_vectorstore":true,"max_werewolf_discussion_round":3,"similarity_top_k":2,"random_seed":42}
2025-03-02 00:25:44 - INFO - Starting game 17
2025-03-02 00:25:44 - INFO - Moderator: Player1, if you are the only werewolf, eliminate a player. Otherwise, discuss with your teammates and reach an agreement.
2025-03-02 00:25:44 - INFO - Moderator: Player1, if you are the only werewolf, eliminate a player. Otherwise, discuss with your teammates and reach an agreement.
2025-03-02 00:25:44 - INFO - ===
2025-03-02 00:25:44 - INFO - Query: Discussions related to villagers, seer, witch.
2025-03-02 00:25:44 - INFO - Retrieved similar documents: 
2025-03-02 00:25:44 - INFO - ===
2025-03-02 00:25:45 - INFO - Werewolves discussion: I think we should consider the actions and behaviors of each player. Has anyone noticed anything suspicious about one of us? Maybe we can share our thoughts on who might be acting differently or unusually.
2025-03-02 00:25:45 - INFO - Moderator: Which player do you vote to kill?
2025-03-02 00:25:45 - INFO - Moderator: Which player do you vote to kill?
2025-03-02 00:25:45 - INFO - ===
2025-03-02 00:25:45 - INFO - Query: Discussions related to villagers, seer, witch.
2025-03-02 00:25:45 - INFO - Retrieved similar documents: 
2025-03-02 00:25:45 - INFO - ===
2025-03-02 00:25:47 - INFO - ===
2025-03-02 00:25:47 - INFO - Fast Response: {"thought": "I suspect Player2 based on some previous conversations where they seemed to deflect suspicion away from themselves too easily. We need to take action against someone who could be a threat.", "vote": "Player2", "uncertainty_score": "0.3"}
2025-03-02 00:25:47 - INFO - Fast Uncertainty: 0.3
2025-03-02 00:25:47 - INFO - ===
2025-03-02 00:25:49 - INFO - ===
2025-03-02 00:25:49 - INFO - Slow Response: {"thought": "As a werewolf, my goal is to eliminate a villager while remaining undetected. At this stage, I want to avoid suspicion falling upon me. Randomly selecting a player to eliminate might draw attention to me later. I feel less uncertain about targeting Player3.", "vote": "Player3", "uncertainty_score": "0.3"}
2025-03-02 00:25:49 - INFO - ===
2025-03-02 00:25:49 - INFO - Moderator: The player with the most votes is Player3.
2025-03-02 00:25:49 - INFO - Moderator: Player4, you're the witch. Tonight Player3 is eliminated. Would you like to resurrect Player3?
2025-03-02 00:25:49 - INFO - ===
2025-03-02 00:25:49 - INFO - Query: Discussions related to werewolves.
2025-03-02 00:25:49 - INFO - Retrieved similar documents: 
2025-03-02 00:25:49 - INFO - ===
2025-03-02 00:25:51 - INFO - Witch resurrection response: I will resurrect Player3 because they might have valuable information that can help us identify the werewolves.
2025-03-02 00:25:51 - INFO - Moderator: The witch has chosen to resurrect the player.
2025-03-02 00:25:51 - INFO - Moderator: Player3, you're the seer. Which player in Player1, Player2, Player3 and Player4 would you like to check tonight?
2025-03-02 00:25:51 - INFO - ===
2025-03-02 00:25:51 - INFO - Query: Discussions related to werewolves.
2025-03-02 00:25:51 - INFO - Retrieved similar documents: 
2025-03-02 00:25:51 - INFO - ===
2025-03-02 00:25:56 - INFO - Seer response: Player2
2025-03-02 00:25:56 - INFO - Moderator: Okay, the role of Player2 is a villager.
2025-03-02 00:26:09 - INFO - ===
2025-03-02 00:26:09 - INFO - Query: Discussions related to villagers, seer, witch.
2025-03-02 00:26:09 - INFO - Retrieved similar documents: Reflecting on Player1's decisions provides insight into the dual nature of strategy in social deduction games like Werewolf, especially from the perspective of a werewolf trying to blend in as a villager. Let's break down the key elements and their future implications:

### Key Decisions

1. **Maintaining a Low Profile:**
   - **Actions:** Player1 aims to gather information while deflecting suspicion, encouraging group discussion to identify werewolves.
   - **Implications:** By actively directing conversation without being overly aggressive, Player1 can blend into the group. This is crucial for werewolves who must appear engaged but not overly pointed to avoid being seen as manipulative or controlling.

2. **Target Selection and Risk Management:**
   - **Actions:** When voting, Player1 chooses Player3 as the target, with an uncertainty score indicating moderate confidence. This suggests an attempt to choose a target discreetly, without arousing suspicion that could backfire.
   - **Implications:** The careful selection aims to balance between making impactful moves and not appearing arbitrary in decision-making. This highlights the importance of calculating risk – targeting players perceived as more-or-less suspicious without drawing backlash.

### Important Implications for Future Strategy

1. **Conversation Steering:**
   - Werewolves should continue to subtly guide discussions, ensuring that attention is diverted away from themselves without being overly forceful. This requires strategic engagement so that their contributions are seen as helpful rather than controlling.

2. **Voting Strategy:**
   - The uncertainty score suggests that targeting decisions must balance personal suspicion with group consensus. Avoiding outlier decisions that could lead to isolation from the group strengthens a player’s social credibility.

3. **Adaptive Psyche:**
   - The strategic mindset requires adaptability to the evolving narrative and group dynamics. Werewolves must reassess suspicions and alliances, aligning themselves with the prevailing group’s suspicion pattern to avoid becoming the focal point.

Future strategies should focus on the seamless integration of Player1's behaviors, leaning into the subtle art of perception management—balancing engagement and caution, steering discussion without monopolizing it. This nuanced approach can guide strategic planning, ensuring werewolves maintain an unobtrusive presence while effectively executing their objectives.
2025-03-02 00:26:09 - INFO - ===
2025-03-02 00:26:10 - INFO - ===
2025-03-02 00:26:10 - INFO - Query: Discussions related to werewolves.
2025-03-02 00:26:10 - INFO - Retrieved similar documents: 
2025-03-02 00:26:10 - INFO - ===
2025-03-02 00:26:12 - INFO - ===
2025-03-02 00:26:12 - INFO - Query: Discussions related to werewolves.
2025-03-02 00:26:12 - INFO - Retrieved similar documents: Player3: {"thought": "I should check Player2 to see if they might be a werewolf, as they seem to be playing very cautiously and I've noticed some strange behavior.", "speak": "Player2"}
Moderator: Okay, the role of Player2 is a villager.
2025-03-02 00:26:12 - INFO - ===
2025-03-02 00:26:14 - INFO - ===
2025-03-02 00:26:14 - INFO - Query: Discussions related to werewolves.
2025-03-02 00:26:14 - INFO - Retrieved similar documents: Player4: {"thought": "As the witch, I need to carefully consider whether to resurrect Player3. Since Player3 was eliminated tonight, providing them the chance to come back could be beneficial for the villagers, especially if they have important information or a special role. However, we also need to think strategically about the remaining players and their roles. If I believe that resurrecting Player3 will help the villagers' chances of identifying the werewolves, I should do it.", "speak": "I will resurrect Player3 because they might have valuable information that can help us identify the werewolves.", "resurrect": true}
2025-03-02 00:26:14 - INFO - ===
2025-03-02 00:26:16 - INFO - Survivors Discussion: I agree, Player3. Let’s analyze Player1 and Player2 thoroughly. We can compare notes and see if there are any inconsistencies in their actions.
2025-03-02 00:26:16 - INFO - Moderator: Given the game rules and your role, based on the situation and the information you gain, to win the game, it's time to vote one player eliminated among the alive players. Which player do you vote to kill?
2025-03-02 00:26:16 - INFO - ===
2025-03-02 00:26:16 - INFO - Query: Discussions related to villagers, seer, witch.
2025-03-02 00:26:16 - INFO - Retrieved similar documents: Reflecting on Player1's decisions provides insight into the dual nature of strategy in social deduction games like Werewolf, especially from the perspective of a werewolf trying to blend in as a villager. Let's break down the key elements and their future implications:

### Key Decisions

1. **Maintaining a Low Profile:**
   - **Actions:** Player1 aims to gather information while deflecting suspicion, encouraging group discussion to identify werewolves.
   - **Implications:** By actively directing conversation without being overly aggressive, Player1 can blend into the group. This is crucial for werewolves who must appear engaged but not overly pointed to avoid being seen as manipulative or controlling.

2. **Target Selection and Risk Management:**
   - **Actions:** When voting, Player1 chooses Player3 as the target, with an uncertainty score indicating moderate confidence. This suggests an attempt to choose a target discreetly, without arousing suspicion that could backfire.
   - **Implications:** The careful selection aims to balance between making impactful moves and not appearing arbitrary in decision-making. This highlights the importance of calculating risk – targeting players perceived as more-or-less suspicious without drawing backlash.

### Important Implications for Future Strategy

1. **Conversation Steering:**
   - Werewolves should continue to subtly guide discussions, ensuring that attention is diverted away from themselves without being overly forceful. This requires strategic engagement so that their contributions are seen as helpful rather than controlling.

2. **Voting Strategy:**
   - The uncertainty score suggests that targeting decisions must balance personal suspicion with group consensus. Avoiding outlier decisions that could lead to isolation from the group strengthens a player’s social credibility.

3. **Adaptive Psyche:**
   - The strategic mindset requires adaptability to the evolving narrative and group dynamics. Werewolves must reassess suspicions and alliances, aligning themselves with the prevailing group’s suspicion pattern to avoid becoming the focal point.

Future strategies should focus on the seamless integration of Player1's behaviors, leaning into the subtle art of perception management—balancing engagement and caution, steering discussion without monopolizing it. This nuanced approach can guide strategic planning, ensuring werewolves maintain an unobtrusive presence while effectively executing their objectives.
2025-03-02 00:26:16 - INFO - ===
2025-03-02 00:26:18 - INFO - ===
2025-03-02 00:26:18 - INFO - Fast Response: {"thought": "I'm feeling somewhat uncertain about who to target this round. Player2 has been quiet, which can sometimes indicate they're a villager trying to avoid suspicion. However, I suspect Player3 could be a werewolf based on their recent behavior. I think I'll go with Player3 for now, as they seem to be the most suspicious.", "vote": "Player3", "uncertainty_score": 0.3}
2025-03-02 00:26:18 - INFO - Fast Uncertainty: 0.3
2025-03-02 00:26:18 - INFO - ===
2025-03-02 00:26:20 - INFO - ===
2025-03-02 00:26:20 - INFO - Slow Response: {"thought": "I need to avoid suspicion while eliminating players strategically. Player3 has been subtly leading discussions, which could indicate a mastermind role. However, I must ensure the vote doesn't isolate me from others; hence, my confidence in this is moderate.", "vote": "Player3", "uncertainty_score": 0.4}
2025-03-02 00:26:20 - INFO - ===
2025-03-02 00:26:21 - INFO - ===
2025-03-02 00:26:21 - INFO - Query: Discussions related to werewolves.
2025-03-02 00:26:21 - INFO - Retrieved similar documents: Player2: {"thought": "It's interesting that Player1 is focusing on me and Player4. I need to defend myself without revealing too much.", "speak": "I understand your concern, Player1. I think we should consider everyone's actions carefully. I've been trying to contribute as much as I can to the discussions."}
Player2: {"thought": "It's interesting that Player1 is focusing on me and Player4. I need to defend myself without revealing too much.", "speak": "I understand your concern, Player1. I think we should consider everyone's actions carefully. I've been trying to contribute as much as I can to the discussions."}
2025-03-02 00:26:21 - INFO - ===
2025-03-02 00:26:22 - INFO - ===
2025-03-02 00:26:22 - INFO - Query: Discussions related to werewolves.
2025-03-02 00:26:22 - INFO - Retrieved similar documents: Player3: {"thought": "Now that I know Player2 is a villager, I need to find out more about the remaining players, Player1 and Player4, to identify the werewolves.", "speak": "I believe Player1 and Player4 should be looked at closely. We need to analyze their actions and see if they exhibit signs of being werewolves."}
Player3: {"thought": "I should check Player2 to see if they might be a werewolf, as they seem to be playing very cautiously and I've noticed some strange behavior.", "speak": "Player2"}
2025-03-02 00:26:22 - INFO - ===
2025-03-02 00:26:24 - INFO - ===
2025-03-02 00:26:24 - INFO - Query: Discussions related to werewolves.
2025-03-02 00:26:24 - INFO - Retrieved similar documents: Player4: {"thought": "I need to back Player3 now that they have returned. We must work together and share any insights we have. I've already resurrected them, which is a strong move to help the villagers. It's important to keep the focus on identifying the werewolves and strategizing our next moves.", "speak": "I agree, Player3. Let\u2019s analyze Player1 and Player2 thoroughly. We can compare notes and see if there are any inconsistencies in their actions."}
2025-03-02 00:26:24 - INFO - ===
2025-03-02 00:26:25 - INFO - Moderator: Player4 has been voted out.
2025-03-02 00:26:43 - INFO - Moderator: Player1, if you are the only werewolf, eliminate a player. Otherwise, discuss with your teammates and reach an agreement.
2025-03-02 00:26:43 - INFO - Moderator: Player1, if you are the only werewolf, eliminate a player. Otherwise, discuss with your teammates and reach an agreement.
2025-03-02 00:26:43 - INFO - ===
2025-03-02 00:26:43 - INFO - Query: Discussions related to villagers, seer, witch.
2025-03-02 00:26:43 - INFO - Retrieved similar documents: Reflecting on Player1's decisions provides insight into the dual nature of strategy in social deduction games like Werewolf, especially from the perspective of a werewolf trying to blend in as a villager. Let's break down the key elements and their future implications:

### Key Decisions

1. **Maintaining a Low Profile:**
   - **Actions:** Player1 aims to gather information while deflecting suspicion, encouraging group discussion to identify werewolves.
   - **Implications:** By actively directing conversation without being overly aggressive, Player1 can blend into the group. This is crucial for werewolves who must appear engaged but not overly pointed to avoid being seen as manipulative or controlling.

2. **Target Selection and Risk Management:**
   - **Actions:** When voting, Player1 chooses Player3 as the target, with an uncertainty score indicating moderate confidence. This suggests an attempt to choose a target discreetly, without arousing suspicion that could backfire.
   - **Implications:** The careful selection aims to balance between making impactful moves and not appearing arbitrary in decision-making. This highlights the importance of calculating risk – targeting players perceived as more-or-less suspicious without drawing backlash.

### Important Implications for Future Strategy

1. **Conversation Steering:**
   - Werewolves should continue to subtly guide discussions, ensuring that attention is diverted away from themselves without being overly forceful. This requires strategic engagement so that their contributions are seen as helpful rather than controlling.

2. **Voting Strategy:**
   - The uncertainty score suggests that targeting decisions must balance personal suspicion with group consensus. Avoiding outlier decisions that could lead to isolation from the group strengthens a player’s social credibility.

3. **Adaptive Psyche:**
   - The strategic mindset requires adaptability to the evolving narrative and group dynamics. Werewolves must reassess suspicions and alliances, aligning themselves with the prevailing group’s suspicion pattern to avoid becoming the focal point.

Future strategies should focus on the seamless integration of Player1's behaviors, leaning into the subtle art of perception management—balancing engagement and caution, steering discussion without monopolizing it. This nuanced approach can guide strategic planning, ensuring werewolves maintain an unobtrusive presence while effectively executing their objectives.
The decisions made by Player1 during this round highlight a few key strategic elements of gameplay in Werewolf. Player1's approach centered around subtly guiding the discussion to shift attention onto others, while avoiding drawing suspicion towards themselves. By proposing to scrutinize Player2 and Player4's behavior, Player1 aimed to deflect potential scrutiny away and sow seeds of doubt about other players' roles. This is a classic tactic to manipulate the narrative and control the flow of the conversation without appearing too aggressive.

Player1's decision to vote for Player3, despite only having a moderate level of confidence (indicated by the uncertainty score of 0.4), reveals an understanding that the risk involved in targeting a potentially leading adversary deserves consideration. Player1 sensed Player3 could be orchestrating events from behind the scenes.

Reflecting on these decisions, the main implications for future strategic decisions include:
1. **Balancing Subtle Influence with Direct Action**: It's crucial to maintain a balance between influencing the group subtly and taking decisive actions. Being too passive can lead to irrelevance, while overt aggression might attract suspicion.
   
2. **Managing Uncertainty and Risk**: Voting decisions should consider the risk of exposure. An uncertainty score helps, but additional intelligence gathering and subtle probing of other players can mitigate risks.
   
3. **Manipulating Group Dynamics**: By steering discussion towards examining other players' behaviors, a player asserting control can deflect suspicion and create fractures within the group. Future strategies should leverage conversational control to shape perceptions and alliances.

4. **Identifying influencers and neutralizing threats**: Even with uncertainty, targeting a potentially influential player like Player3 can dismantle adversary plans. Identifying key influencers early can provide the strategic advantage needed for long-term survival. 

Considering these implications, Player1 should continue refining their ability to subtly manipulate discussions and votes, while vigilantly assessing group dynamics and choosing targets that threaten their position in the game.
2025-03-02 00:26:43 - INFO - ===
2025-03-02 00:26:45 - INFO - Werewolves discussion: So, what do you both think about Player3's earlier actions? I feel like we should scrutinize their behavior a bit more. It might give us some clues about who could be a werewolf. Player2, do you have any thoughts on that?
2025-03-02 00:26:45 - INFO - Moderator: Which player do you vote to kill?
2025-03-02 00:26:45 - INFO - Moderator: Which player do you vote to kill?
2025-03-02 00:26:45 - INFO - ===
2025-03-02 00:26:45 - INFO - Query: Discussions related to villagers, seer, witch.
2025-03-02 00:26:45 - INFO - Retrieved similar documents: Reflecting on Player1's decisions provides insight into the dual nature of strategy in social deduction games like Werewolf, especially from the perspective of a werewolf trying to blend in as a villager. Let's break down the key elements and their future implications:

### Key Decisions

1. **Maintaining a Low Profile:**
   - **Actions:** Player1 aims to gather information while deflecting suspicion, encouraging group discussion to identify werewolves.
   - **Implications:** By actively directing conversation without being overly aggressive, Player1 can blend into the group. This is crucial for werewolves who must appear engaged but not overly pointed to avoid being seen as manipulative or controlling.

2. **Target Selection and Risk Management:**
   - **Actions:** When voting, Player1 chooses Player3 as the target, with an uncertainty score indicating moderate confidence. This suggests an attempt to choose a target discreetly, without arousing suspicion that could backfire.
   - **Implications:** The careful selection aims to balance between making impactful moves and not appearing arbitrary in decision-making. This highlights the importance of calculating risk – targeting players perceived as more-or-less suspicious without drawing backlash.

### Important Implications for Future Strategy

1. **Conversation Steering:**
   - Werewolves should continue to subtly guide discussions, ensuring that attention is diverted away from themselves without being overly forceful. This requires strategic engagement so that their contributions are seen as helpful rather than controlling.

2. **Voting Strategy:**
   - The uncertainty score suggests that targeting decisions must balance personal suspicion with group consensus. Avoiding outlier decisions that could lead to isolation from the group strengthens a player’s social credibility.

3. **Adaptive Psyche:**
   - The strategic mindset requires adaptability to the evolving narrative and group dynamics. Werewolves must reassess suspicions and alliances, aligning themselves with the prevailing group’s suspicion pattern to avoid becoming the focal point.

Future strategies should focus on the seamless integration of Player1's behaviors, leaning into the subtle art of perception management—balancing engagement and caution, steering discussion without monopolizing it. This nuanced approach can guide strategic planning, ensuring werewolves maintain an unobtrusive presence while effectively executing their objectives.
The decisions made by Player1 during this round highlight a few key strategic elements of gameplay in Werewolf. Player1's approach centered around subtly guiding the discussion to shift attention onto others, while avoiding drawing suspicion towards themselves. By proposing to scrutinize Player2 and Player4's behavior, Player1 aimed to deflect potential scrutiny away and sow seeds of doubt about other players' roles. This is a classic tactic to manipulate the narrative and control the flow of the conversation without appearing too aggressive.

Player1's decision to vote for Player3, despite only having a moderate level of confidence (indicated by the uncertainty score of 0.4), reveals an understanding that the risk involved in targeting a potentially leading adversary deserves consideration. Player1 sensed Player3 could be orchestrating events from behind the scenes.

Reflecting on these decisions, the main implications for future strategic decisions include:
1. **Balancing Subtle Influence with Direct Action**: It's crucial to maintain a balance between influencing the group subtly and taking decisive actions. Being too passive can lead to irrelevance, while overt aggression might attract suspicion.
   
2. **Managing Uncertainty and Risk**: Voting decisions should consider the risk of exposure. An uncertainty score helps, but additional intelligence gathering and subtle probing of other players can mitigate risks.
   
3. **Manipulating Group Dynamics**: By steering discussion towards examining other players' behaviors, a player asserting control can deflect suspicion and create fractures within the group. Future strategies should leverage conversational control to shape perceptions and alliances.

4. **Identifying influencers and neutralizing threats**: Even with uncertainty, targeting a potentially influential player like Player3 can dismantle adversary plans. Identifying key influencers early can provide the strategic advantage needed for long-term survival. 

Considering these implications, Player1 should continue refining their ability to subtly manipulate discussions and votes, while vigilantly assessing group dynamics and choosing targets that threaten their position in the game.
2025-03-02 00:26:45 - INFO - ===
2025-03-02 00:26:46 - INFO - ===
2025-03-02 00:26:46 - INFO - Fast Response: {"thought": "I need to focus on Player3, as they seem to be orchestrating things from the shadows. However, Player2 is also somewhat suspicious. I feel a bit more confident about Player3's threat level than Player2, but I'm not completely certain.", "vote": "Player3", "uncertainty_score": "0.3"}
2025-03-02 00:26:46 - INFO - Fast Uncertainty: 0.3
2025-03-02 00:26:46 - INFO - ===
2025-03-02 00:26:50 - INFO - ===
2025-03-02 00:26:50 - INFO - Slow Response: {"thought": "Given the current situation and the fact that Player4 is already out of the game, the suspicion naturally falls on Player2 and Player3. I must consider who poses a greater threat or who has been acting most suspiciously. Since I previously suspected Player3 of being a potential leader or orchestrator within this game, I will focus on them. However, without any new information, my certainty isn't absolute.", "vote": "Player3", "uncertainty_score": 0.4}
2025-03-02 00:26:50 - INFO - ===
2025-03-02 00:26:50 - INFO - Moderator: The player with the most votes is Player3.
2025-03-02 00:26:50 - INFO - Moderator: Player3, you're the seer. Which player in Player1, Player2 and Player3 would you like to check tonight?
2025-03-02 00:26:50 - INFO - ===
2025-03-02 00:26:50 - INFO - Query: Discussions related to werewolves.
2025-03-02 00:26:50 - INFO - Retrieved similar documents: Player3: {"thought": "Now that I know Player2 is a villager, I need to find out more about the remaining players, Player1 and Player4, to identify the werewolves.", "speak": "I believe Player1 and Player4 should be looked at closely. We need to analyze their actions and see if they exhibit signs of being werewolves."}
Player3: {"thought": "I should check Player2 to see if they might be a werewolf, as they seem to be playing very cautiously and I've noticed some strange behavior.", "speak": "Player2"}
2025-03-02 00:26:50 - INFO - ===
2025-03-02 00:26:51 - INFO - Seer response: Player1
2025-03-02 00:26:51 - INFO - Moderator: Okay, the role of Player1 is a werewolf.
2025-03-02 00:26:52 - INFO - Moderator: The werewolves have prevailed and taken over the village. Better luck next time!
