{"basefilepath":"logs/fastslow","max_days_per_game":5,"num_games":20,"reflect_before_vectorstore":true,"max_werewolf_discussion_round":3,"similarity_top_k":2,"random_seed":42}
2025-03-02 00:27:31 - INFO - Starting game 19
2025-03-02 00:27:31 - INFO - Moderator: Player1, if you are the only werewolf, eliminate a player. Otherwise, discuss with your teammates and reach an agreement.
2025-03-02 00:27:31 - INFO - Moderator: Player1, if you are the only werewolf, eliminate a player. Otherwise, discuss with your teammates and reach an agreement.
2025-03-02 00:27:31 - INFO - ===
2025-03-02 00:27:31 - INFO - Query: Discussions related to villagers, seer, witch.
2025-03-02 00:27:31 - INFO - Retrieved similar documents: 
2025-03-02 00:27:31 - INFO - ===
2025-03-02 00:27:33 - INFO - Werewolves discussion: I think it might be wise to focus on Player2's behavior. They seemed quite defensive when we discussed potential suspects yesterday. What does everyone else think?
2025-03-02 00:27:33 - INFO - Moderator: Which player do you vote to kill?
2025-03-02 00:27:33 - INFO - Moderator: Which player do you vote to kill?
2025-03-02 00:27:33 - INFO - ===
2025-03-02 00:27:33 - INFO - Query: Discussions related to villagers, seer, witch.
2025-03-02 00:27:33 - INFO - Retrieved similar documents: 
2025-03-02 00:27:33 - INFO - ===
2025-03-02 00:27:34 - INFO - ===
2025-03-02 00:27:34 - INFO - Fast Response: {"thought": "I need to make an informed decision based on the discussions from the day phase. I suspect Player2 based on their behavior, but I'm not entirely sure. I'll vote for them to see if the group agrees.", "vote": "Player2", "uncertainty_score": 0.3}
2025-03-02 00:27:34 - INFO - Fast Uncertainty: 0.3
2025-03-02 00:27:34 - INFO - ===
2025-03-02 00:27:37 - INFO - ===
2025-03-02 00:27:37 - INFO - Slow Response: {"thought": "As a werewolf, my goal is to strategically eliminate villagers without exposing my identity. Since it's the night phase and all players are currently alive, it's crucial to act carefully. Given that nothing in the prior discussion suggests that Player3 or Player4 are special roles (like the Seer or Witch), I need to select a target that minimizes risk. Player4 has been quiet in our discussions, which might suggest they have a special role or are being cautious. Therefore, I will vote to eliminate Player4, hoping to weaken the villagers' ability without alerting the Seer or Witch.", "vote": "Player4", "uncertainty_score": 0.4}
2025-03-02 00:27:37 - INFO - ===
2025-03-02 00:27:37 - INFO - Moderator: The player with the most votes is Player4.
2025-03-02 00:27:37 - INFO - Moderator: Player4, you're the witch. Tonight Player4 is eliminated. Would you like to resurrect Player4?
2025-03-02 00:27:37 - INFO - ===
2025-03-02 00:27:37 - INFO - Query: Discussions related to werewolves.
2025-03-02 00:27:37 - INFO - Retrieved similar documents: 
2025-03-02 00:27:37 - INFO - ===
2025-03-02 00:27:39 - INFO - Witch resurrection response: I would like to resurrect myself, Player4, because my role can provide vital information that might help the villagers identify the werewolves more effectively.
2025-03-02 00:27:39 - INFO - Moderator: The witch has chosen to resurrect the player.
2025-03-02 00:27:39 - INFO - Moderator: Player3, you're the seer. Which player in Player1, Player2, Player3 and Player4 would you like to check tonight?
2025-03-02 00:27:39 - INFO - ===
2025-03-02 00:27:39 - INFO - Query: Discussions related to werewolves.
2025-03-02 00:27:39 - INFO - Retrieved similar documents: 
2025-03-02 00:27:39 - INFO - ===
2025-03-02 00:28:11 - INFO - Seer response: Player1
2025-03-02 00:28:11 - INFO - Moderator: Okay, the role of Player1 is a werewolf.
2025-03-02 00:28:20 - INFO - ===
2025-03-02 00:28:20 - INFO - Query: Discussions related to villagers, seer, witch.
2025-03-02 00:28:20 - INFO - Retrieved similar documents: In the decisions made by Player1, we see a blend of strategic reasoning as both a villager trying to point fingers at Player2 and as a werewolf considering eliminating Player4. 

Key Decisions:
1. **Suspicion on Player2:** During the day phase, Player1 publicly raises suspicion on Player2. This decision is a common strategic move to divert attention towards another player, subtly influencing the group's perception.
  
2. **Attempt to Eliminate Player4:** At night, Player1, acting as a werewolf, chooses to target Player4. This decision is driven by Player4's quietness, which Player1 interprets as potential caution or a special role like Seer or Witch. Eliminating Player4 is seen as minimizing risk while potentially harming the villagers' strategic capabilities.

Key Implications for Future Strategic Decisions:
- **Observation of Behavior:** Player1 highlights the importance of observing changes in player behavior, such as defensiveness or quietness, to infer possible roles. Future strategies should continue to incorporate behavior analysis, as it is crucial for both identifying threats and deflecting suspicion.
  
- **Role Awareness:** The choice to target potentially quiet or cautious players can be a double-edged sword. While it might eliminate a strategic threat, it could also result in unintentional exposure if the target was an influential village role. Future strategies should balance aggression with caution, perhaps targeting more vocal players if uncertain about others' roles.

- **Public Statements vs. Private Motives:** Player1’s public suspicion contrasts with their private werewolf agenda, indicating a dual strategy of deception. Future players should maintain this dual approach while carefully aligning public actions just close enough to private motives to avoid raising suspicions.

- **Risk Management:** With an uncertainty score of 0.4 in the werewolf decision, Player1 demonstrates how risk assessment plays into eliminating players. Future strategies could incorporate a similar risk evaluation metric to optimize decisions and predict possible game outcomes.

Overall, Player1’s strategic decisions focus on balancing deception with deduced inference, making behavior observation and calculated risk management the cornerstones of their Werewolf gameplay approach.
2025-03-02 00:28:20 - INFO - ===
2025-03-02 00:28:22 - INFO - ===
2025-03-02 00:28:22 - INFO - Query: Discussions related to werewolves.
2025-03-02 00:28:22 - INFO - Retrieved similar documents: 
2025-03-02 00:28:22 - INFO - ===
2025-03-02 00:28:23 - INFO - ===
2025-03-02 00:28:23 - INFO - Query: Discussions related to werewolves.
2025-03-02 00:28:23 - INFO - Retrieved similar documents: Moderator: Okay, the role of Player1 is a werewolf.
Player3: {"thought": "I need to gather information to help the villagers identify the werewolves. I suspect Player1 may be a werewolf based on their previous behavior, so I'll check Player1 tonight.", "speak": "Player1"}
2025-03-02 00:28:23 - INFO - ===
2025-03-02 00:28:25 - INFO - ===
2025-03-02 00:28:25 - INFO - Query: Discussions related to werewolves.
2025-03-02 00:28:25 - INFO - Retrieved similar documents: Player4: {"thought": "Since I am the witch, I have the power to save myself as Player4, which is crucial because my role can help in identifying and eliminating werewolves. However, if I'm already eliminated, I can't use that power, which diminishes our chances of winning as villagers. Therefore, it's essential to resurrect myself to gather more information and contribute to the discussions among the players.", "speak": "I would like to resurrect myself, Player4, because my role can provide vital information that might help the villagers identify the werewolves more effectively.", "resurrect": true}
2025-03-02 00:28:25 - INFO - ===
2025-03-02 00:28:27 - INFO - Survivors Discussion: Player1, can you explain what you did last night? It would help us gauge your intentions.
2025-03-02 00:28:27 - INFO - Moderator: Given the game rules and your role, based on the situation and the information you gain, to win the game, it's time to vote one player eliminated among the alive players. Which player do you vote to kill?
2025-03-02 00:28:27 - INFO - ===
2025-03-02 00:28:27 - INFO - Query: Discussions related to villagers, seer, witch.
2025-03-02 00:28:27 - INFO - Retrieved similar documents: In the decisions made by Player1, we see a blend of strategic reasoning as both a villager trying to point fingers at Player2 and as a werewolf considering eliminating Player4. 

Key Decisions:
1. **Suspicion on Player2:** During the day phase, Player1 publicly raises suspicion on Player2. This decision is a common strategic move to divert attention towards another player, subtly influencing the group's perception.
  
2. **Attempt to Eliminate Player4:** At night, Player1, acting as a werewolf, chooses to target Player4. This decision is driven by Player4's quietness, which Player1 interprets as potential caution or a special role like Seer or Witch. Eliminating Player4 is seen as minimizing risk while potentially harming the villagers' strategic capabilities.

Key Implications for Future Strategic Decisions:
- **Observation of Behavior:** Player1 highlights the importance of observing changes in player behavior, such as defensiveness or quietness, to infer possible roles. Future strategies should continue to incorporate behavior analysis, as it is crucial for both identifying threats and deflecting suspicion.
  
- **Role Awareness:** The choice to target potentially quiet or cautious players can be a double-edged sword. While it might eliminate a strategic threat, it could also result in unintentional exposure if the target was an influential village role. Future strategies should balance aggression with caution, perhaps targeting more vocal players if uncertain about others' roles.

- **Public Statements vs. Private Motives:** Player1’s public suspicion contrasts with their private werewolf agenda, indicating a dual strategy of deception. Future players should maintain this dual approach while carefully aligning public actions just close enough to private motives to avoid raising suspicions.

- **Risk Management:** With an uncertainty score of 0.4 in the werewolf decision, Player1 demonstrates how risk assessment plays into eliminating players. Future strategies could incorporate a similar risk evaluation metric to optimize decisions and predict possible game outcomes.

Overall, Player1’s strategic decisions focus on balancing deception with deduced inference, making behavior observation and calculated risk management the cornerstones of their Werewolf gameplay approach.
2025-03-02 00:28:27 - INFO - ===
2025-03-02 00:28:29 - INFO - ===
2025-03-02 00:28:29 - INFO - Fast Response: {"thought": "I believe Player2 may be a threat based on their behavior. I\u2019ll vote to eliminate Player4 since their quietness raises some concerns. However, targeting Player2 could also strengthen my position as it might sway suspicion away from me. I'm somewhat uncertain about this decision, considering how vocal the discussions are becoming and how Player3 may react.", "vote": "Player4", "uncertainty_score": "0.4"}
2025-03-02 00:28:29 - INFO - Fast Uncertainty: 0.4
2025-03-02 00:28:29 - INFO - ===
2025-03-02 00:28:31 - INFO - ===
2025-03-02 00:28:31 - INFO - Slow Response: {"thought": "Player4 has been acting quietly again, which often indicates caution or a special role. Eliminating them could potentially weaken the villagers' strategy if they hold a special role. However, Player3 hasn't said much either, which could also be strategic as a Werewolf move to remain undetected. I'll vote for Player4 to potentially take out a key village role and minimize the risk to my Werewolf team.", "vote": "Player4", "uncertainty_score": 0.3}
2025-03-02 00:28:31 - INFO - ===
2025-03-02 00:28:31 - INFO - ===
2025-03-02 00:28:31 - INFO - Query: Discussions related to werewolves.
2025-03-02 00:28:31 - INFO - Retrieved similar documents: Player2: {"thought": "Player1 seems to be targeting me without much evidence. I need to defend myself and shift the focus toward Player3 or Player4, as I believe one of them might be a werewolf.", "speak": "I understand that I might seem defensive, but I'm just trying to protect myself and figure out who among us is acting suspiciously. What do you all think about Player3 or Player4?"}
Player2: {"thought": "Player1 seems to be targeting me without much evidence. I need to defend myself and shift the focus toward Player3 or Player4, as I believe one of them might be a werewolf.", "speak": "I understand that I might seem defensive, but I'm just trying to protect myself and figure out who among us is acting suspiciously. What do you all think about Player3 or Player4?"}
2025-03-02 00:28:31 - INFO - ===
2025-03-02 00:28:33 - INFO - ===
2025-03-02 00:28:33 - INFO - Query: Discussions related to werewolves.
2025-03-02 00:28:33 - INFO - Retrieved similar documents: Moderator: Okay, the role of Player1 is a werewolf.
Player3: {"thought": "I need to be cautious about revealing my knowledge about Player1 being a werewolf, but I also need to guide the villagers in their discussions. I will subtly steer the conversation without revealing my role or knowledge directly.", "speak": "I find it interesting that we've narrowed down our suspicions. Player1, can you explain your actions from last night? It would help us understand your intentions."}
2025-03-02 00:28:33 - INFO - ===
2025-03-02 00:28:35 - INFO - ===
2025-03-02 00:28:35 - INFO - Query: Discussions related to werewolves.
2025-03-02 00:28:35 - INFO - Retrieved similar documents: Player4: {"thought": "Since I am the witch, I have the power to save myself as Player4, which is crucial because my role can help in identifying and eliminating werewolves. However, if I'm already eliminated, I can't use that power, which diminishes our chances of winning as villagers. Therefore, it's essential to resurrect myself to gather more information and contribute to the discussions among the players.", "speak": "I would like to resurrect myself, Player4, because my role can provide vital information that might help the villagers identify the werewolves more effectively.", "resurrect": true}
2025-03-02 00:28:35 - INFO - ===
2025-03-02 00:28:37 - INFO - Moderator: Player1 has been voted out.
2025-03-02 00:28:37 - INFO - Moderator: The game is over. The werewolves have been defeated, and the village is safe once again!
2025-03-02 00:28:37 - INFO - Moderator: The game is over. The werewolves have been defeated, and the village is safe once again!
