{"basefilepath":"logs/fastslow","max_days_per_game":5,"num_games":20,"reflect_before_vectorstore":true,"max_werewolf_discussion_round":3,"similarity_top_k":2,"random_seed":42}
2025-03-02 00:24:01 - INFO - Starting game 14
2025-03-02 00:24:01 - INFO - Moderator: Player1, if you are the only werewolf, eliminate a player. Otherwise, discuss with your teammates and reach an agreement.
2025-03-02 00:24:01 - INFO - Moderator: Player1, if you are the only werewolf, eliminate a player. Otherwise, discuss with your teammates and reach an agreement.
2025-03-02 00:24:01 - INFO - ===
2025-03-02 00:24:01 - INFO - Query: Discussions related to villagers, seer, witch.
2025-03-02 00:24:01 - INFO - Retrieved similar documents: 
2025-03-02 00:24:01 - INFO - ===
2025-03-02 00:24:03 - INFO - Werewolves discussion: I think we should discuss how each of us has been acting. Player2, you have been pretty quiet—what are your thoughts on who might be a werewolf?
2025-03-02 00:24:03 - INFO - Moderator: Which player do you vote to kill?
2025-03-02 00:24:03 - INFO - Moderator: Which player do you vote to kill?
2025-03-02 00:24:03 - INFO - ===
2025-03-02 00:24:03 - INFO - Query: Discussions related to villagers, seer, witch.
2025-03-02 00:24:03 - INFO - Retrieved similar documents: 
2025-03-02 00:24:03 - INFO - ===
2025-03-02 00:24:04 - INFO - ===
2025-03-02 00:24:04 - INFO - Fast Response: {"thought": "I suspect Player2 might be a werewolf based on their previous comments. They haven't contributed much to the discussion, which looks suspicious to me. I need to take a guess to lead the villagers in the right direction.", "vote": "Player2", "uncertainty_score": 0.3}
2025-03-02 00:24:04 - INFO - Fast Uncertainty: 0.3
2025-03-02 00:24:04 - INFO - ===
2025-03-02 00:24:07 - INFO - ===
2025-03-02 00:24:07 - INFO - Slow Response: {"thought": "At this early stage, there is very limited information about players' roles. No one has been eliminated, and there are no clues from previous actions or votes to go off of. I will have to vote randomly, as any choice now would be purely based on chance.", "vote": "Player2", "uncertainty_score": 0.9}
2025-03-02 00:24:07 - INFO - ===
2025-03-02 00:24:07 - INFO - Moderator: The player with the most votes is Player2.
2025-03-02 00:24:07 - INFO - Moderator: Player4, you're the witch. Tonight Player2 is eliminated. Would you like to resurrect Player2?
2025-03-02 00:24:07 - INFO - ===
2025-03-02 00:24:07 - INFO - Query: Discussions related to werewolves.
2025-03-02 00:24:07 - INFO - Retrieved similar documents: 
2025-03-02 00:24:07 - INFO - ===
2025-03-02 00:24:09 - INFO - Witch resurrection response: I will use my potion of life to resurrect Player2 because having another player alive will provide us with greater insight and help us strategize against the werewolves.
2025-03-02 00:24:09 - INFO - Moderator: The witch has chosen to resurrect the player.
2025-03-02 00:24:09 - INFO - Moderator: Player3, you're the seer. Which player in Player1, Player2, Player3 and Player4 would you like to check tonight?
2025-03-02 00:24:09 - INFO - ===
2025-03-02 00:24:09 - INFO - Query: Discussions related to werewolves.
2025-03-02 00:24:09 - INFO - Retrieved similar documents: 
2025-03-02 00:24:09 - INFO - ===
2025-03-02 00:24:10 - INFO - Seer response: Player1
2025-03-02 00:24:10 - INFO - Moderator: Okay, the role of Player1 is a werewolf.
2025-03-02 00:24:22 - INFO - ===
2025-03-02 00:24:22 - INFO - Query: Discussions related to villagers, seer, witch.
2025-03-02 00:24:22 - INFO - Retrieved similar documents: ### Decision Summary

1. **Assessment of Player2**: Player1 observed that Player2's quietness could be a sign of them hiding something, possibly indicating they could be a werewolf.

2. **Strategic Deflection**: Player1 aimed to deflect attention away from themselves by subtly casting suspicion on Player3.

3. **Engagement with Player2**: In the discourse, Player1 directly addressed Player2, prompting them to share their insights. This could either pressure Player2 to reveal something or expose inconsistencies in their behavior.

4. **Limited Information and Random Voting**: Given the lack of eliminations or actionable evidence, Player1 expressed substantial uncertainty in their vote, opting to vote randomly for Player2, with an uncertainty score of 0.9 indicating high indecision.

### Reflection and Implications for Future Decisions

1. **Careful Attention to Quiet Players**: Player1's focus on Player2 due to their quiet demeanor can be a strong strategic play, as it helps to apply pressure and potentially reveal deceptive behavior. Considering quiet players as potentially suspicious should be part of broader strategies moving forward.

2. **Importance of Subtlety in Deflection**: Player1's approach to subtly cast doubt on another player (Player3) showcases the importance of covert strategies. Future gameplay could involve crafting methods that effectively deflect suspicion without arousing concerns.

3. **Timely Engagement**: Engaging others to express their thoughts not only contributes to gathering more information but also shifts the focus. Continuous engagement with players perceived as suspicious could yield more information.

4. **Coping with Uncertainty**: Player1's decision demonstrates the challenge of decision-making under uncertainty, especially in early phases. Future strategies could involve developing better criteria or behavioral cues to reduce randomness and improve voting accuracy.

5. **Role Exposure Caution**: Since Player1 considered the risk of revealing their role, maintaining role secrecy while gathering information should remain a priority in suspicions and voting tactics.

Overall, these insights highlight the necessity of adaptive and nuanced strategies to improve suspicion management and voting decisions as more information becomes available.
2025-03-02 00:24:22 - INFO - ===
2025-03-02 00:24:23 - INFO - ===
2025-03-02 00:24:23 - INFO - Query: Discussions related to werewolves.
2025-03-02 00:24:23 - INFO - Retrieved similar documents: 
2025-03-02 00:24:23 - INFO - ===
2025-03-02 00:24:25 - INFO - ===
2025-03-02 00:24:25 - INFO - Query: Discussions related to werewolves.
2025-03-02 00:24:25 - INFO - Retrieved similar documents: Moderator: Okay, the role of Player1 is a werewolf.
Player3: {"thought": "I need to gain some information that can help the villagers. I'll check Player1 since they seem to be leading the discussions.", "speak": "Player1"}
2025-03-02 00:24:25 - INFO - ===
2025-03-02 00:24:27 - INFO - ===
2025-03-02 00:24:27 - INFO - Query: Discussions related to werewolves.
2025-03-02 00:24:27 - INFO - Retrieved similar documents: Player4: {"thought": "As the witch, I have a one-time ability to save a player, and I need to consider the strategy of the game. Since Player2 has been eliminated, I must decide whether to resurrect them, especially since the remaining players might have different roles, and Player2 could be important to our survival and victory.", "speak": "I will use my potion of life to resurrect Player2 because having another player alive will provide us with greater insight and help us strategize against the werewolves.", "resurrect": true}
2025-03-02 00:24:27 - INFO - ===
2025-03-02 00:24:29 - INFO - Survivors Discussion: I believe it’s important for us to share our thoughts on each other. Player1, you mentioned you had some suspicions. Can you elaborate more on that?
2025-03-02 00:24:29 - INFO - Moderator: Given the game rules and your role, based on the situation and the information you gain, to win the game, it's time to vote one player eliminated among the alive players. Which player do you vote to kill?
2025-03-02 00:24:29 - INFO - ===
2025-03-02 00:24:29 - INFO - Query: Discussions related to villagers, seer, witch.
2025-03-02 00:24:29 - INFO - Retrieved similar documents: ### Decision Summary

1. **Assessment of Player2**: Player1 observed that Player2's quietness could be a sign of them hiding something, possibly indicating they could be a werewolf.

2. **Strategic Deflection**: Player1 aimed to deflect attention away from themselves by subtly casting suspicion on Player3.

3. **Engagement with Player2**: In the discourse, Player1 directly addressed Player2, prompting them to share their insights. This could either pressure Player2 to reveal something or expose inconsistencies in their behavior.

4. **Limited Information and Random Voting**: Given the lack of eliminations or actionable evidence, Player1 expressed substantial uncertainty in their vote, opting to vote randomly for Player2, with an uncertainty score of 0.9 indicating high indecision.

### Reflection and Implications for Future Decisions

1. **Careful Attention to Quiet Players**: Player1's focus on Player2 due to their quiet demeanor can be a strong strategic play, as it helps to apply pressure and potentially reveal deceptive behavior. Considering quiet players as potentially suspicious should be part of broader strategies moving forward.

2. **Importance of Subtlety in Deflection**: Player1's approach to subtly cast doubt on another player (Player3) showcases the importance of covert strategies. Future gameplay could involve crafting methods that effectively deflect suspicion without arousing concerns.

3. **Timely Engagement**: Engaging others to express their thoughts not only contributes to gathering more information but also shifts the focus. Continuous engagement with players perceived as suspicious could yield more information.

4. **Coping with Uncertainty**: Player1's decision demonstrates the challenge of decision-making under uncertainty, especially in early phases. Future strategies could involve developing better criteria or behavioral cues to reduce randomness and improve voting accuracy.

5. **Role Exposure Caution**: Since Player1 considered the risk of revealing their role, maintaining role secrecy while gathering information should remain a priority in suspicions and voting tactics.

Overall, these insights highlight the necessity of adaptive and nuanced strategies to improve suspicion management and voting decisions as more information becomes available.
2025-03-02 00:24:29 - INFO - ===
2025-03-02 00:24:31 - INFO - ===
2025-03-02 00:24:31 - INFO - Fast Response: {"thought": "Player2's quiet demeanor still raises my suspicions as it could indicate they are hiding something. I feel uncomfortable with this uncertainty and want to address it by voting for them, but I also recognize that I may not have enough evidence to be entirely sure. Still, I think it's worth acting on my instinct this round.", "vote": "Player2", "uncertainty_score": "0.7"}
2025-03-02 00:24:31 - INFO - Fast Uncertainty: 0.7
2025-03-02 00:24:31 - INFO - ===
2025-03-02 00:24:33 - INFO - ===
2025-03-02 00:24:33 - INFO - Slow Response: {"thought": "Given Player2's earlier quietness and the lack of new information, I still suspect they might be hiding something. However, without substantial evidence, my decision is still uncertain.", "vote": "Player2", "uncertainty_score": "0.8"}
2025-03-02 00:24:33 - INFO - ===
2025-03-02 00:24:33 - INFO - ===
2025-03-02 00:24:33 - INFO - Query: Discussions related to werewolves.
2025-03-02 00:24:33 - INFO - Retrieved similar documents: Player2: {"thought": "I need to keep an eye on Player3 and Player4 since they've been quiet. It could mean they are either trying to blend in as villagers or are indeed werewolves. I should suggest we discuss Player3's and Player4's behavior more openly.", "speak": "I agree, Player1. It's important we keep an eye on Player3 and Player4 since they've been a bit quieter than the rest of us. Perhaps we should discuss their actions more, to see if they give anything away."}
Player2: {"thought": "I need to keep an eye on Player3 and Player4 since they've been quiet. It could mean they are either trying to blend in as villagers or are indeed werewolves. I should suggest we discuss Player3's and Player4's behavior more openly.", "speak": "I agree, Player1. It's important we keep an eye on Player3 and Player4 since they've been a bit quieter than the rest of us. Perhaps we should discuss their actions more, to see if they give anything away."}
2025-03-02 00:24:33 - INFO - ===
2025-03-02 00:24:36 - INFO - ===
2025-03-02 00:24:36 - INFO - Query: Discussions related to werewolves.
2025-03-02 00:24:36 - INFO - Retrieved similar documents: Moderator: Okay, the role of Player1 is a werewolf.
Player3: {"thought": "Player2 is trying to shift focus away from Player1, but I already know Player1 is a werewolf. I need to guide the conversation towards revealing Player1's true nature without exposing myself as the seer.", "speak": "I see your point, Player2. It's important that we discuss everyone. Player1, can you tell us more about your thoughts on Player3 and Player4?"}
2025-03-02 00:24:36 - INFO - ===
2025-03-02 00:24:38 - INFO - ===
2025-03-02 00:24:38 - INFO - Query: Discussions related to werewolves.
2025-03-02 00:24:38 - INFO - Retrieved similar documents: Player4: {"thought": "I need to think strategically about how to navigate this discussion without revealing my role as the witch. It\u2019s crucial to gather information about Player1, Player2, and Player3 to identify potential werewolves while maintaining my cover. I should steer the conversation towards Player1's opinions without drawing attention to myself.", "speak": "I believe it\u2019s important for us to share our thoughts on each other. Player1, you mentioned you had some suspicions. Can you elaborate more on that?"}
2025-03-02 00:24:38 - INFO - ===
2025-03-02 00:24:39 - INFO - Moderator: Player1 has been voted out.
2025-03-02 00:24:39 - INFO - Moderator: The game is over. The werewolves have been defeated, and the village is safe once again!
2025-03-02 00:24:39 - INFO - Moderator: The game is over. The werewolves have been defeated, and the village is safe once again!
