{"basefilepath":"logs/fastslow","max_days_per_game":5,"num_games":20,"reflect_before_vectorstore":true,"max_werewolf_discussion_round":3,"similarity_top_k":2,"random_seed":42}
2025-03-02 00:23:26 - INFO - Starting game 13
2025-03-02 00:23:26 - INFO - Moderator: Player1, if you are the only werewolf, eliminate a player. Otherwise, discuss with your teammates and reach an agreement.
2025-03-02 00:23:26 - INFO - Moderator: Player1, if you are the only werewolf, eliminate a player. Otherwise, discuss with your teammates and reach an agreement.
2025-03-02 00:23:26 - INFO - ===
2025-03-02 00:23:26 - INFO - Query: Discussions related to villagers, seer, witch.
2025-03-02 00:23:26 - INFO - Retrieved similar documents: 
2025-03-02 00:23:26 - INFO - ===
2025-03-02 00:23:27 - INFO - Werewolves discussion: I think we should start discussing everyone's suspicions and observations. It might help us to narrow down who the werewolves are. What does everyone think?
2025-03-02 00:23:27 - INFO - Moderator: Which player do you vote to kill?
2025-03-02 00:23:27 - INFO - Moderator: Which player do you vote to kill?
2025-03-02 00:23:27 - INFO - ===
2025-03-02 00:23:27 - INFO - Query: Discussions related to villagers, seer, witch.
2025-03-02 00:23:27 - INFO - Retrieved similar documents: 
2025-03-02 00:23:27 - INFO - ===
2025-03-02 00:23:28 - INFO - ===
2025-03-02 00:23:28 - INFO - Fast Response: {"thought": "I suspect Player3 may be a werewolf based on their lack of contribution in discussions and evasive responses. I think it's time to vote them out to see if I'm right.", "vote": "Player3", "uncertainty_score": 0.3}
2025-03-02 00:23:28 - INFO - Fast Uncertainty: 0.3
2025-03-02 00:23:28 - INFO - ===
2025-03-02 00:23:30 - INFO - ===
2025-03-02 00:23:30 - INFO - Slow Response: {"thought": "As a werewolf, I need to eliminate a villager without revealing my role. I have no information about others' roles yet, so this decision is random.", "vote": "Player2", "uncertainty_score": 0.8}
2025-03-02 00:23:30 - INFO - ===
2025-03-02 00:23:30 - INFO - Moderator: The player with the most votes is Player2.
2025-03-02 00:23:30 - INFO - Moderator: Player4, you're the witch. Tonight Player2 is eliminated. Would you like to resurrect Player2?
2025-03-02 00:23:30 - INFO - ===
2025-03-02 00:23:30 - INFO - Query: Discussions related to werewolves.
2025-03-02 00:23:30 - INFO - Retrieved similar documents: 
2025-03-02 00:23:30 - INFO - ===
2025-03-02 00:23:32 - INFO - Witch resurrection response: Yes, I would like to resurrect Player2 because I believe they can provide crucial insight into the player dynamics and help identify the werewolves.
2025-03-02 00:23:32 - INFO - Moderator: The witch has chosen to resurrect the player.
2025-03-02 00:23:32 - INFO - Moderator: Player3, you're the seer. Which player in Player1, Player2, Player3 and Player4 would you like to check tonight?
2025-03-02 00:23:32 - INFO - ===
2025-03-02 00:23:32 - INFO - Query: Discussions related to werewolves.
2025-03-02 00:23:32 - INFO - Retrieved similar documents: 
2025-03-02 00:23:32 - INFO - ===
2025-03-02 00:23:33 - INFO - Seer response: Player1
2025-03-02 00:23:33 - INFO - Moderator: Okay, the role of Player1 is a werewolf.
2025-03-02 00:23:43 - INFO - ===
2025-03-02 00:23:43 - INFO - Query: Discussions related to villagers, seer, witch.
2025-03-02 00:23:43 - INFO - Retrieved similar documents: In the current state of the game, Player1 is strategically positioning themselves as a villager in the discussion by encouraging open conversation among the group. This decision helps Player1 appear cooperative and trustworthy, which is crucial for concealing their identity as a werewolf. However, while their verbal strategy aims to build trust, their voting choice contradicts this approach with a vote against Player2, indicating an intent to eliminate them.

### Key Implications for Future Strategic Decisions:

1. **Balancing Verbal Strategy with Voting Actions**: It's essential to align verbal commitments with voting behavior. When Player1 engages in open discussions and consensus-building behavior, this should ideally be reflected in their voting patterns to avoid suspicion among other players.

2. **Managing Uncertainty**: Player1's vote is characterized by high uncertainty (0.8 score), suggesting that their choice lacks a strong basis. Future decisions should consider stronger evidence or strategic reasoning to reduce the uncertainty score, which can guide more targeted actions and minimize exposure.

3. **Misleading Through Encouraged Dialogue**: By promoting discussions, Player1 could gather information on other players' thought processes and potential alliances. This creates opportunities to mislead or manipulate players into targeting others, thereby deflecting attention from themselves.

4. **Role Concealment**: Player1's dual role as a werewolf demands a careful masking of intentions. Future strategic decisions should involve cultivating deeper alliances to ensure consistent claims across interactions and votes.

5. **Adaptability**: The game environment is dynamic, with other players likely changing strategies. Monitoring shifts in suspicion and adapting strategies proactively will be crucial for maintaining their cover as a villager.

In evaluating these factors, Player1 should focus on establishing credible and consistent behaviors, reducing decision uncertainty, and leveraging conversations to subtly influence group consensus further from their true nature as a werewolf.
2025-03-02 00:23:43 - INFO - ===
2025-03-02 00:23:45 - INFO - ===
2025-03-02 00:23:45 - INFO - Query: Discussions related to werewolves.
2025-03-02 00:23:45 - INFO - Retrieved similar documents: 
2025-03-02 00:23:45 - INFO - ===
2025-03-02 00:23:47 - INFO - ===
2025-03-02 00:23:47 - INFO - Query: Discussions related to werewolves.
2025-03-02 00:23:47 - INFO - Retrieved similar documents: Moderator: Okay, the role of Player1 is a werewolf.
Player3: {"thought": "I need to gather information to help the villagers identify the werewolves, so I will check Player1 to see their role tonight.", "speak": "Player1"}
2025-03-02 00:23:47 - INFO - ===
2025-03-02 00:23:49 - INFO - ===
2025-03-02 00:23:49 - INFO - Query: Discussions related to werewolves.
2025-03-02 00:23:49 - INFO - Retrieved similar documents: Player4: {"thought": "Player2 is likely a villager since they were targeted by the werewolves. Resurrecting them could help us identify the werewolves more effectively during the day phase.", "speak": "Yes, I would like to resurrect Player2 because I believe they can provide crucial insight into the player dynamics and help identify the werewolves.", "resurrect": true}
2025-03-02 00:23:49 - INFO - ===
2025-03-02 00:23:51 - INFO - Survivors Discussion: I think we should definitely evaluate Player4's intentions. They suggested the resurrection and might have their own agenda.
2025-03-02 00:23:51 - INFO - Moderator: Given the game rules and your role, based on the situation and the information you gain, to win the game, it's time to vote one player eliminated among the alive players. Which player do you vote to kill?
2025-03-02 00:23:52 - INFO - ===
2025-03-02 00:23:52 - INFO - Query: Discussions related to villagers, seer, witch.
2025-03-02 00:23:52 - INFO - Retrieved similar documents: In the current state of the game, Player1 is strategically positioning themselves as a villager in the discussion by encouraging open conversation among the group. This decision helps Player1 appear cooperative and trustworthy, which is crucial for concealing their identity as a werewolf. However, while their verbal strategy aims to build trust, their voting choice contradicts this approach with a vote against Player2, indicating an intent to eliminate them.

### Key Implications for Future Strategic Decisions:

1. **Balancing Verbal Strategy with Voting Actions**: It's essential to align verbal commitments with voting behavior. When Player1 engages in open discussions and consensus-building behavior, this should ideally be reflected in their voting patterns to avoid suspicion among other players.

2. **Managing Uncertainty**: Player1's vote is characterized by high uncertainty (0.8 score), suggesting that their choice lacks a strong basis. Future decisions should consider stronger evidence or strategic reasoning to reduce the uncertainty score, which can guide more targeted actions and minimize exposure.

3. **Misleading Through Encouraged Dialogue**: By promoting discussions, Player1 could gather information on other players' thought processes and potential alliances. This creates opportunities to mislead or manipulate players into targeting others, thereby deflecting attention from themselves.

4. **Role Concealment**: Player1's dual role as a werewolf demands a careful masking of intentions. Future strategic decisions should involve cultivating deeper alliances to ensure consistent claims across interactions and votes.

5. **Adaptability**: The game environment is dynamic, with other players likely changing strategies. Monitoring shifts in suspicion and adapting strategies proactively will be crucial for maintaining their cover as a villager.

In evaluating these factors, Player1 should focus on establishing credible and consistent behaviors, reducing decision uncertainty, and leveraging conversations to subtly influence group consensus further from their true nature as a werewolf.
2025-03-02 00:23:52 - INFO - ===
2025-03-02 00:23:53 - INFO - ===
2025-03-02 00:23:53 - INFO - Fast Response: {"thought": "I need to maintain my cover as a villager while trying to eliminate threats. Player2 seems less engaged in the discussion, making them a prime target to deflect suspicion from myself. However, I'm not completely sure about this choice, as I have a slight concern that Player2 might be a useful ally.", "vote": "Player2", "uncertainty_score": "0.6"}
2025-03-02 00:23:53 - INFO - Fast Uncertainty: 0.6
2025-03-02 00:23:53 - INFO - ===
2025-03-02 00:23:55 - INFO - ===
2025-03-02 00:23:55 - INFO - Slow Response: {"thought": "To sustain my strategy of appearing as a trustworthy villager, I'll vote against Player3. This decision builds on the subtle suspicion I want to project, since Player3 has not drawn much attention yet, which could make this vote seem less calculated. I must maintain the image of engaging in discussions without drawing direct suspicion towards myself.", "vote": "Player3", "uncertainty_score": 0.7}
2025-03-02 00:23:55 - INFO - ===
2025-03-02 00:23:56 - INFO - ===
2025-03-02 00:23:56 - INFO - Query: Discussions related to werewolves.
2025-03-02 00:23:56 - INFO - Retrieved similar documents: Player2: {"thought": "Player1 is trying to deflect attention onto me, which might indicate they're hiding something. I need to defend myself and keep the focus on identifying the werewolves.", "speak": "I appreciate your observation, Player1. However, I believe it's important for everyone to share their thoughts. I haven't noticed anything suspicious about my role or input. Let's discuss everyone's perspective."}
Player2: {"thought": "Player1 is trying to deflect attention onto me, which might indicate they're hiding something. I need to defend myself and keep the focus on identifying the werewolves.", "speak": "I appreciate your observation, Player1. However, I believe it's important for everyone to share their thoughts. I haven't noticed anything suspicious about my role or input. Let's discuss everyone's perspective."}
2025-03-02 00:23:56 - INFO - ===
2025-03-02 00:23:57 - INFO - ===
2025-03-02 00:23:57 - INFO - Query: Discussions related to werewolves.
2025-03-02 00:23:57 - INFO - Retrieved similar documents: Moderator: Okay, the role of Player1 is a werewolf.
Player3: {"thought": "I need to be careful about how I reveal information regarding Player1's identity as a werewolf. I should guide the conversation while keeping my role hidden.", "speak": "Player2, I can understand your perspective. It\u2019s crucial for us to figure out who the werewolves are. What do you think about discussing Player4's behavior?"}
2025-03-02 00:23:57 - INFO - ===
2025-03-02 00:23:59 - INFO - ===
2025-03-02 00:23:59 - INFO - Query: Discussions related to werewolves.
2025-03-02 00:23:59 - INFO - Retrieved similar documents: Player4: {"thought": "Player2 is likely a villager since they were targeted by the werewolves. Resurrecting them could help us identify the werewolves more effectively during the day phase.", "speak": "Yes, I would like to resurrect Player2 because I believe they can provide crucial insight into the player dynamics and help identify the werewolves.", "resurrect": true}
2025-03-02 00:23:59 - INFO - ===
2025-03-02 00:24:00 - INFO - Moderator: Player1 has been voted out.
2025-03-02 00:24:00 - INFO - Moderator: The game is over. The werewolves have been defeated, and the village is safe once again!
2025-03-02 00:24:00 - INFO - Moderator: The game is over. The werewolves have been defeated, and the village is safe once again!
