{"basefilepath":"logs/fastslow","max_days_per_game":5,"num_games":20,"reflect_before_vectorstore":true,"max_werewolf_discussion_round":3,"similarity_top_k":2,"random_seed":42}
2025-03-02 00:22:48 - INFO - Starting game 12
2025-03-02 00:22:48 - INFO - Moderator: Player1, if you are the only werewolf, eliminate a player. Otherwise, discuss with your teammates and reach an agreement.
2025-03-02 00:22:48 - INFO - Moderator: Player1, if you are the only werewolf, eliminate a player. Otherwise, discuss with your teammates and reach an agreement.
2025-03-02 00:22:48 - INFO - ===
2025-03-02 00:22:48 - INFO - Query: Discussions related to villagers, seer, witch.
2025-03-02 00:22:48 - INFO - Retrieved similar documents: 
2025-03-02 00:22:48 - INFO - ===
2025-03-02 00:22:49 - INFO - Werewolves discussion: I think we should discuss who we suspect might be the werewolves. I've noticed some inconsistencies in what Player2 has said during our discussions. What do you all think about that?
2025-03-02 00:22:49 - INFO - Moderator: Which player do you vote to kill?
2025-03-02 00:22:49 - INFO - Moderator: Which player do you vote to kill?
2025-03-02 00:22:49 - INFO - ===
2025-03-02 00:22:49 - INFO - Query: Discussions related to villagers, seer, witch.
2025-03-02 00:22:49 - INFO - Retrieved similar documents: 
2025-03-02 00:22:49 - INFO - ===
2025-03-02 00:22:50 - INFO - ===
2025-03-02 00:22:50 - INFO - Fast Response: {"thought": "I suspect Player2's behavior has been quite suspicious during our discussions, and I think it's time we consider voting them out. We need to eliminate any potential werewolves.", "vote": "Player2", "uncertainty_score": 0.3}
2025-03-02 00:22:50 - INFO - Fast Uncertainty: 0.3
2025-03-02 00:22:50 - INFO - ===
2025-03-02 00:22:53 - INFO - ===
2025-03-02 00:22:53 - INFO - Slow Response: {"thought": "Since I am a werewolf, my main goal is to eliminate the villagers while remaining undetected myself. I have no suspicion from previous discussions and have no special information about the identity of the others yet. Voting randomly might not be a good strategy, but during the night phase, we need to coordinate our attack. I'll vote for Player3 this round and hope my fellow werewolf does the same.", "vote": "Player3", "uncertainty_score": 0.6}
2025-03-02 00:22:53 - INFO - ===
2025-03-02 00:22:53 - INFO - Moderator: The player with the most votes is Player3.
2025-03-02 00:22:53 - INFO - Moderator: Player4, you're the witch. Tonight Player3 is eliminated. Would you like to resurrect Player3?
2025-03-02 00:22:53 - INFO - ===
2025-03-02 00:22:53 - INFO - Query: Discussions related to werewolves.
2025-03-02 00:22:53 - INFO - Retrieved similar documents: 
2025-03-02 00:22:53 - INFO - ===
2025-03-02 00:22:57 - INFO - Witch resurrection response: I believe it might be wise to resurrect Player3. We need all the help we can get to identify the werewolves. Their perspective could provide valuable information for our discussions.
2025-03-02 00:22:57 - INFO - Moderator: The witch has chosen to resurrect the player.
2025-03-02 00:22:57 - INFO - Moderator: Player3, you're the seer. Which player in Player1, Player2, Player3 and Player4 would you like to check tonight?
2025-03-02 00:22:57 - INFO - ===
2025-03-02 00:22:57 - INFO - Query: Discussions related to werewolves.
2025-03-02 00:22:57 - INFO - Retrieved similar documents: 
2025-03-02 00:22:57 - INFO - ===
2025-03-02 00:22:58 - INFO - Seer response: Player1
2025-03-02 00:22:58 - INFO - Moderator: Okay, the role of Player1 is a werewolf.
2025-03-02 00:23:10 - INFO - ===
2025-03-02 00:23:10 - INFO - Query: Discussions related to villagers, seer, witch.
2025-03-02 00:23:10 - INFO - Retrieved similar documents: The transcript reveals Player1's dual roles and strategic approaches throughout the game. Originally, they appear cautious, aiming to balance sharing information and gathering insights without exposing too much of their own suspicions. This shows an understanding of the importance of maintaining discretion when unsure of the roles of others.

However, upon discovering their role as a werewolf, Player1's strategies shift significantly. The primary goal becomes the elimination of villagers while maintaining their cover. The decision to cast suspicion on Player2 suggests an effort to divert attention away from themselves. Similarly, voting for Player3 shows a methodical approach to target selection, aligned with their role's objectives, while ensuring that their accomplice, another werewolf, potentially supports the plan by following suit.

The most critical implications for future strategic decisions are:

1. **Role Adaptability**: Players need to remain flexible and adapt quickly to their roles, particularly if their role in the game changes (e.g., finding out they are a werewolf). This might mean changing tactics or alliances as necessary.

2. **Discretion and Manipulation**: Successful strategic play for hidden roles like that of a werewolf hinges on balancing truth with misinformation. Planting doubt and diverting suspicion, as Player1 does when casting suspicion on Player2, are key tactics that could be studied for future games.

3. **Coordination with Teammates**: The player plans to align with their teammate, the other werewolf. Coordination is crucial, and future decisions should consider ways to subtly communicate and agree on strategy within the framework of the game, which might mean more guarded and strategic speech during group discussions.

4. **Uncertainty and Risk Management**: With an uncertainty score of 0.6, Player1 illustrates awareness of the inherent unpredictability in decision-making. Weighing risks, being prepared to pivot strategies, and assessing the likelihood of outcomes are crucial for effectively navigating the game's dynamics.

Overall, these decisions indicate how crucial understanding human behavior, calculated risk-taking, and strategic communication are to the success of werewolf roles, and similar deduction games, where deception plays a central role.
2025-03-02 00:23:10 - INFO - ===
2025-03-02 00:23:11 - INFO - ===
2025-03-02 00:23:11 - INFO - Query: Discussions related to werewolves.
2025-03-02 00:23:11 - INFO - Retrieved similar documents: 
2025-03-02 00:23:11 - INFO - ===
2025-03-02 00:23:13 - INFO - ===
2025-03-02 00:23:13 - INFO - Query: Discussions related to werewolves.
2025-03-02 00:23:13 - INFO - Retrieved similar documents: Moderator: Okay, the role of Player1 is a werewolf.
Player3: {"thought": "I need to gather information to help find the werewolves. I'll check Player1 tonight as they seem a bit suspicious.", "speak": "Player1"}
2025-03-02 00:23:13 - INFO - ===
2025-03-02 00:23:14 - INFO - ===
2025-03-02 00:23:14 - INFO - Query: Discussions related to werewolves.
2025-03-02 00:23:14 - INFO - Retrieved similar documents: Player4: {"thought": "It's essential for me to consider the potential threats and my strategic position in the game. If Player3 is alive, I can gain more insight into the dynamics of the game, especially regarding the werewolves. However, Player3's role is unknown to me, which adds uncertainty.", "speak": "I believe it might be wise to resurrect Player3. We need all the help we can get to identify the werewolves. Their perspective could provide valuable information for our discussions.", "resurrect": true}
2025-03-02 00:23:14 - INFO - ===
2025-03-02 00:23:16 - INFO - Survivors Discussion: I agree, Player3. It's important to look closely at Player1's actions. They could be playing a role that helps the werewolves. Let's discuss what we've observed.
2025-03-02 00:23:16 - INFO - Moderator: Given the game rules and your role, based on the situation and the information you gain, to win the game, it's time to vote one player eliminated among the alive players. Which player do you vote to kill?
2025-03-02 00:23:16 - INFO - ===
2025-03-02 00:23:16 - INFO - Query: Discussions related to villagers, seer, witch.
2025-03-02 00:23:16 - INFO - Retrieved similar documents: The transcript reveals Player1's dual roles and strategic approaches throughout the game. Originally, they appear cautious, aiming to balance sharing information and gathering insights without exposing too much of their own suspicions. This shows an understanding of the importance of maintaining discretion when unsure of the roles of others.

However, upon discovering their role as a werewolf, Player1's strategies shift significantly. The primary goal becomes the elimination of villagers while maintaining their cover. The decision to cast suspicion on Player2 suggests an effort to divert attention away from themselves. Similarly, voting for Player3 shows a methodical approach to target selection, aligned with their role's objectives, while ensuring that their accomplice, another werewolf, potentially supports the plan by following suit.

The most critical implications for future strategic decisions are:

1. **Role Adaptability**: Players need to remain flexible and adapt quickly to their roles, particularly if their role in the game changes (e.g., finding out they are a werewolf). This might mean changing tactics or alliances as necessary.

2. **Discretion and Manipulation**: Successful strategic play for hidden roles like that of a werewolf hinges on balancing truth with misinformation. Planting doubt and diverting suspicion, as Player1 does when casting suspicion on Player2, are key tactics that could be studied for future games.

3. **Coordination with Teammates**: The player plans to align with their teammate, the other werewolf. Coordination is crucial, and future decisions should consider ways to subtly communicate and agree on strategy within the framework of the game, which might mean more guarded and strategic speech during group discussions.

4. **Uncertainty and Risk Management**: With an uncertainty score of 0.6, Player1 illustrates awareness of the inherent unpredictability in decision-making. Weighing risks, being prepared to pivot strategies, and assessing the likelihood of outcomes are crucial for effectively navigating the game's dynamics.

Overall, these decisions indicate how crucial understanding human behavior, calculated risk-taking, and strategic communication are to the success of werewolf roles, and similar deduction games, where deception plays a central role.
2025-03-02 00:23:16 - INFO - ===
2025-03-02 00:23:18 - INFO - ===
2025-03-02 00:23:18 - INFO - Fast Response: {"thought": "I need to eliminate a villager to reduce our numbers; Player2 seems the most suspicious based on the previous discussions. I believe I can sway the others to follow my vote against them.", "vote": "Player2", "uncertainty_score": "0.4"}
2025-03-02 00:23:18 - INFO - Fast Uncertainty: 0.4
2025-03-02 00:23:18 - INFO - ===
2025-03-02 00:23:21 - INFO - ===
2025-03-02 00:23:21 - INFO - Slow Response: {"thought": "As a werewolf, my objective is to eliminate the villagers while staying undetected. I need to vote strategically to cast suspicion away from myself and my werewolf teammate. I will vote for a player who seems less likely to be suspected by others, such as Player3, as an attempt to spark suspicion among the villagers.", "vote": "Player3", "uncertainty_score": 0.4}
2025-03-02 00:23:21 - INFO - ===
2025-03-02 00:23:21 - INFO - ===
2025-03-02 00:23:21 - INFO - Query: Discussions related to werewolves.
2025-03-02 00:23:21 - INFO - Retrieved similar documents: Player2: {"thought": "Player1 is trying to divert attention towards me. I need to defend myself and get the conversation back on track to find the werewolves.", "speak": "I understand your concern, Player1, but I've been listening carefully to each of you. We've all been acting differently, especially when it's time to point fingers. Who else do you suspect?"}
Player2: {"thought": "Player1 is trying to divert attention towards me. I need to defend myself and get the conversation back on track to find the werewolves.", "speak": "I understand your concern, Player1, but I've been listening carefully to each of you. We've all been acting differently, especially when it's time to point fingers. Who else do you suspect?"}
2025-03-02 00:23:21 - INFO - ===
2025-03-02 00:23:23 - INFO - ===
2025-03-02 00:23:23 - INFO - Query: Discussions related to werewolves.
2025-03-02 00:23:23 - INFO - Retrieved similar documents: Moderator: Okay, the role of Player1 is a werewolf.
Player3: {"thought": "I need to gather information to help find the werewolves. I'll check Player1 tonight as they seem a bit suspicious.", "speak": "Player1"}
2025-03-02 00:23:23 - INFO - ===
2025-03-02 00:23:24 - INFO - ===
2025-03-02 00:23:24 - INFO - Query: Discussions related to werewolves.
2025-03-02 00:23:24 - INFO - Retrieved similar documents: Player4: {"thought": "I need to be cautious about how I approach this discussion. I can't reveal my identity as the witch, but I have to support the idea of analyzing Player1's behavior without raising suspicion.", "speak": "I agree, Player3. It's important to look closely at Player1's actions. They could be playing a role that helps the werewolves. Let's discuss what we've observed."}
2025-03-02 00:23:24 - INFO - ===
2025-03-02 00:23:26 - INFO - Moderator: Player1 has been voted out.
2025-03-02 00:23:26 - INFO - Moderator: The game is over. The werewolves have been defeated, and the village is safe once again!
2025-03-02 00:23:26 - INFO - Moderator: The game is over. The werewolves have been defeated, and the village is safe once again!
