{"basefilepath":"logs/fastslow","max_days_per_game":5,"num_games":20,"reflect_before_vectorstore":true,"max_werewolf_discussion_round":3,"similarity_top_k":2,"random_seed":42}
2025-03-02 00:19:55 - INFO - Starting game 8
2025-03-02 00:19:55 - INFO - Moderator: Player1, if you are the only werewolf, eliminate a player. Otherwise, discuss with your teammates and reach an agreement.
2025-03-02 00:19:55 - INFO - Moderator: Player1, if you are the only werewolf, eliminate a player. Otherwise, discuss with your teammates and reach an agreement.
2025-03-02 00:19:55 - INFO - ===
2025-03-02 00:19:55 - INFO - Query: Discussions related to villagers, seer, witch.
2025-03-02 00:19:55 - INFO - Retrieved similar documents: 
2025-03-02 00:19:55 - INFO - ===
2025-03-02 00:19:56 - INFO - Werewolves discussion: I think we should pay close attention to Player3's comments. They seem to be steering the conversation away from themselves a bit too much. What does everyone else think?
2025-03-02 00:19:56 - INFO - ===
2025-03-02 00:19:56 - INFO - Query: Discussions related to villagers, seer, witch.
2025-03-02 00:19:56 - INFO - Retrieved similar documents: 
2025-03-02 00:19:56 - INFO - ===
2025-03-02 00:19:58 - INFO - Werewolves discussion: I think we should consider Player2's behavior during our last discussion. They seemed more defensive than usual. What do you all think about them?
2025-03-02 00:19:58 - INFO - Moderator: Which player do you vote to kill?
2025-03-02 00:19:58 - INFO - Moderator: Which player do you vote to kill?
2025-03-02 00:19:58 - INFO - ===
2025-03-02 00:19:58 - INFO - Query: Discussions related to villagers, seer, witch.
2025-03-02 00:19:58 - INFO - Retrieved similar documents: 
2025-03-02 00:19:58 - INFO - ===
2025-03-02 00:19:59 - INFO - ===
2025-03-02 00:19:59 - INFO - Fast Response: {"thought": "I need to strategically assess the players' behaviors and statements to identify potential werewolves. I'm leaning towards Player3 because they've been a bit too quiet, which raises my suspicion.", "vote": "Player3", "uncertainty_score": "0.3"}
2025-03-02 00:19:59 - INFO - Fast Uncertainty: 0.3
2025-03-02 00:19:59 - INFO - ===
2025-03-02 00:20:01 - INFO - ===
2025-03-02 00:20:01 - INFO - Slow Response: {"thought": "As a werewolf, my goal is to eliminate a villager. Since there is no additional information available about the players' identities or their actions, I will randomly choose one player to cast my vote to kill.", "vote": "Player3", "uncertainty_score": 0.8}
2025-03-02 00:20:01 - INFO - ===
2025-03-02 00:20:01 - INFO - Moderator: The player with the most votes is Player3.
2025-03-02 00:20:01 - INFO - Moderator: Player4, you're the witch. Tonight Player3 is eliminated. Would you like to resurrect Player3?
2025-03-02 00:20:01 - INFO - ===
2025-03-02 00:20:01 - INFO - Query: Discussions related to werewolves.
2025-03-02 00:20:01 - INFO - Retrieved similar documents: 
2025-03-02 00:20:01 - INFO - ===
2025-03-02 00:20:04 - INFO - Witch resurrection response: I'm deciding whether to resurrect Player3. Given the context, I think we may need to keep players with information alive, it could help in identifying the werewolves more effectively.
2025-03-02 00:20:04 - INFO - Moderator: The witch has chosen to resurrect the player.
2025-03-02 00:20:04 - INFO - Moderator: Player3, you're the seer. Which player in Player1, Player2, Player3 and Player4 would you like to check tonight?
2025-03-02 00:20:04 - INFO - ===
2025-03-02 00:20:04 - INFO - Query: Discussions related to werewolves.
2025-03-02 00:20:04 - INFO - Retrieved similar documents: 
2025-03-02 00:20:04 - INFO - ===
2025-03-02 00:20:05 - INFO - Seer response: Player1
2025-03-02 00:20:05 - INFO - Moderator: Okay, the role of Player1 is a werewolf.
2025-03-02 00:20:16 - INFO - ===
2025-03-02 00:20:16 - INFO - Query: Discussions related to villagers, seer, witch.
2025-03-02 00:20:16 - INFO - Retrieved similar documents: In the past decisions reviewed, Player1 exhibited a nuanced strategy that straddles both caution and deception. Initially, Player1's thoughts reveal a methodical approach to casting doubt on potential werewolves while attempting to maintain anonymity and avoid making themselves a target. They focus on thoughtfully questioning Player3's motives and Player2's defensive behavior, subtly guiding group suspicion without explicitly declaring their stance or aligning with one player over another.

The shift in Player1's approach is evident later when they need to make a decision as a werewolf. The decision to randomly vote to kill Player3 indicates not just an element of uncertainty but a strategic consideration to maintain cover and prevent drawing undue suspicion under high uncertainty conditions. By randomly voting, Player1 reduces the risk of their actions appearing overly calculated or targeted, which could expose them as a werewolf.

For future strategic decisions:

1. **Balancing Subtlety and Leadership**: Player1's strategy highlights the importance of balance. Guiding conversation and suspicion without standing out is key, especially in a role requiring deception. Future strategies should focus on maintaining this balance, using evidence and inquiry to lead suspicion subtly.

2. **Handling Uncertainty**: When information is sparse, having an adaptive plan is crucial. Player1's decision to vote randomly when unsure suggests an understanding of managing visibility and risk. In future situations, developing a contingency strategy for times of uncertainty can aid in preserving anonymity while still progressing the game.

3. **Role-Specific Strategies**: As roles shift, so must strategies. Player1 initially acts with the intent to uncover werewolves but pivots to concealment and misinformation upon assuming the werewolf role. Recognizing how these perspective changes alter the dynamics can help craft more tailored approaches to each role in future games.

The overarching implication for future strategies is to stay agile, understanding the players' past behaviors and decision-making patterns to better predict and manipulate future interactions.
2025-03-02 00:20:16 - INFO - ===
2025-03-02 00:20:18 - INFO - ===
2025-03-02 00:20:18 - INFO - Query: Discussions related to werewolves.
2025-03-02 00:20:18 - INFO - Retrieved similar documents: 
2025-03-02 00:20:18 - INFO - ===
2025-03-02 00:20:20 - INFO - ===
2025-03-02 00:20:20 - INFO - Query: Discussions related to werewolves.
2025-03-02 00:20:20 - INFO - Retrieved similar documents: Moderator: Okay, the role of Player1 is a werewolf.
Player3: {"thought": "I need to gather more information to identify the werewolves. I will check Player1 tonight as they seem to be acting a bit suspicious.", "speak": "Player1"}
2025-03-02 00:20:20 - INFO - ===
2025-03-02 00:20:24 - INFO - ===
2025-03-02 00:20:24 - INFO - Query: Discussions related to werewolves.
2025-03-02 00:20:24 - INFO - Retrieved similar documents: Player4: {"thought": "As the witch, I need to decide if resurrecting Player3 is strategically beneficial. However, if Player3 is eliminated, it might be a sign that they were a threat to the werewolves. I have to think carefully about this.", "speak": "I'm deciding whether to resurrect Player3. Given the context, I think we may need to keep players with information alive, it could help in identifying the werewolves more effectively.", "resurrect": "true"}
2025-03-02 00:20:24 - INFO - ===
2025-03-02 00:20:25 - INFO - Survivors Discussion: I think we should share our thoughts on each player's actions during the last phase. It might help us figure out who the werewolves are.
2025-03-02 00:20:25 - INFO - Moderator: Given the game rules and your role, based on the situation and the information you gain, to win the game, it's time to vote one player eliminated among the alive players. Which player do you vote to kill?
2025-03-02 00:20:26 - INFO - ===
2025-03-02 00:20:26 - INFO - Query: Discussions related to villagers, seer, witch.
2025-03-02 00:20:26 - INFO - Retrieved similar documents: In the past decisions reviewed, Player1 exhibited a nuanced strategy that straddles both caution and deception. Initially, Player1's thoughts reveal a methodical approach to casting doubt on potential werewolves while attempting to maintain anonymity and avoid making themselves a target. They focus on thoughtfully questioning Player3's motives and Player2's defensive behavior, subtly guiding group suspicion without explicitly declaring their stance or aligning with one player over another.

The shift in Player1's approach is evident later when they need to make a decision as a werewolf. The decision to randomly vote to kill Player3 indicates not just an element of uncertainty but a strategic consideration to maintain cover and prevent drawing undue suspicion under high uncertainty conditions. By randomly voting, Player1 reduces the risk of their actions appearing overly calculated or targeted, which could expose them as a werewolf.

For future strategic decisions:

1. **Balancing Subtlety and Leadership**: Player1's strategy highlights the importance of balance. Guiding conversation and suspicion without standing out is key, especially in a role requiring deception. Future strategies should focus on maintaining this balance, using evidence and inquiry to lead suspicion subtly.

2. **Handling Uncertainty**: When information is sparse, having an adaptive plan is crucial. Player1's decision to vote randomly when unsure suggests an understanding of managing visibility and risk. In future situations, developing a contingency strategy for times of uncertainty can aid in preserving anonymity while still progressing the game.

3. **Role-Specific Strategies**: As roles shift, so must strategies. Player1 initially acts with the intent to uncover werewolves but pivots to concealment and misinformation upon assuming the werewolf role. Recognizing how these perspective changes alter the dynamics can help craft more tailored approaches to each role in future games.

The overarching implication for future strategies is to stay agile, understanding the players' past behaviors and decision-making patterns to better predict and manipulate future interactions.
2025-03-02 00:20:26 - INFO - ===
2025-03-02 00:20:27 - INFO - ===
2025-03-02 00:20:27 - INFO - Fast Response: {"thought": "I suspect Player3 due to their previous defensive behavior, but I'm aware that it could just be a strategy to mislead us. Still, it feels like a better choice than the others at the moment, although I'm not completely certain.", "vote": "Player3", "uncertainty_score": "0.3"}
2025-03-02 00:20:27 - INFO - Fast Uncertainty: 0.3
2025-03-02 00:20:27 - INFO - ===
2025-03-02 00:20:29 - INFO - ===
2025-03-02 00:20:29 - INFO - Slow Response: {"thought": "I need to ensure my actions aren't too conspicuous, yet still serve the werewolf goal. Given Player3's past behavior and our previous tactic, I'm leaning towards casting doubt on Player3 again. This helps maintain consistency with my prior actions and gives the least chance of drawing suspicion back to me.", "vote": "Player3", "uncertainty_score": "0.3"}
2025-03-02 00:20:29 - INFO - ===
2025-03-02 00:20:29 - INFO - ===
2025-03-02 00:20:29 - INFO - Query: Discussions related to werewolves.
2025-03-02 00:20:29 - INFO - Retrieved similar documents: Player2: {"thought": "Player1 is trying to point suspicion at me, which could be a tactic to deflect attention from themselves. I need to watch Player1 closely and see if they's trying to divert us from the real werewolves.", "speak": "I think it's important to consider everyone's actions, not just Player3. We should focus on any inconsistencies from all players, including ourselves. I feel like we should look at Player1's statements carefully; they might be trying to steer us away."}
Player2: {"thought": "Player1 is trying to point suspicion at me, which could be a tactic to deflect attention from themselves. I need to watch Player1 closely and see if they's trying to divert us from the real werewolves.", "speak": "I think it's important to consider everyone's actions, not just Player3. We should focus on any inconsistencies from all players, including ourselves. I feel like we should look at Player1's statements carefully; they might be trying to steer us away."}
2025-03-02 00:20:29 - INFO - ===
2025-03-02 00:20:31 - INFO - ===
2025-03-02 00:20:31 - INFO - Query: Discussions related to werewolves.
2025-03-02 00:20:31 - INFO - Retrieved similar documents: Moderator: Okay, the role of Player1 is a werewolf.
Player3: {"thought": "I need to gather more information to identify the werewolves. I will check Player1 tonight as they seem to be acting a bit suspicious.", "speak": "Player1"}
2025-03-02 00:20:31 - INFO - ===
2025-03-02 00:20:32 - INFO - ===
2025-03-02 00:20:32 - INFO - Query: Discussions related to werewolves.
2025-03-02 00:20:32 - INFO - Retrieved similar documents: Player4: {"thought": "I need to subtly encourage discussion among the players to gather more insight into their roles and sentiments, without revealing my own identity as the witch.", "speak": "I think we should share our thoughts on each player's actions during the last phase. It might help us figure out who the werewolves are."}
2025-03-02 00:20:32 - INFO - ===
2025-03-02 00:20:34 - INFO - Moderator: Player1 has been voted out.
2025-03-02 00:20:34 - INFO - Moderator: The game is over. The werewolves have been defeated, and the village is safe once again!
2025-03-02 00:20:34 - INFO - Moderator: The game is over. The werewolves have been defeated, and the village is safe once again!
