{"basefilepath":"logs/fastslow","max_days_per_game":5,"num_games":20,"reflect_before_vectorstore":true,"max_werewolf_discussion_round":3,"similarity_top_k":2,"random_seed":42}
2025-03-02 00:25:12 - INFO - Starting game 16
2025-03-02 00:25:12 - INFO - Moderator: Player1, if you are the only werewolf, eliminate a player. Otherwise, discuss with your teammates and reach an agreement.
2025-03-02 00:25:12 - INFO - Moderator: Player1, if you are the only werewolf, eliminate a player. Otherwise, discuss with your teammates and reach an agreement.
2025-03-02 00:25:12 - INFO - ===
2025-03-02 00:25:12 - INFO - Query: Discussions related to villagers, seer, witch.
2025-03-02 00:25:12 - INFO - Retrieved similar documents: 
2025-03-02 00:25:12 - INFO - ===
2025-03-02 00:25:13 - INFO - Werewolves discussion: I think we should discuss our suspicions. I've noticed some odd behavior from Player3 during the discussion yesterday. What do you all think?
2025-03-02 00:25:13 - INFO - Moderator: Which player do you vote to kill?
2025-03-02 00:25:13 - INFO - Moderator: Which player do you vote to kill?
2025-03-02 00:25:13 - INFO - ===
2025-03-02 00:25:13 - INFO - Query: Discussions related to villagers, seer, witch.
2025-03-02 00:25:13 - INFO - Retrieved similar documents: 
2025-03-02 00:25:13 - INFO - ===
2025-03-02 00:25:14 - INFO - ===
2025-03-02 00:25:14 - INFO - Fast Response: {"thought": "I suspect Player2 might be a werewolf because of their evasive responses during the last discussion. However, I am not completely certain about my judgment as there might be other factors at play. I need to be strategic about this vote.", "vote": "Player2", "uncertainty_score": 0.4}
2025-03-02 00:25:14 - INFO - Fast Uncertainty: 0.4
2025-03-02 00:25:14 - INFO - ===
2025-03-02 00:25:17 - INFO - ===
2025-03-02 00:25:17 - INFO - Slow Response: {"thought": "I have no concrete information on anyone's role yet since it's the beginning of the game, and I want to be cautious with choosing someone who could be valuable like the Seer or Witch.", "vote": "Player2", "uncertainty_score": "0.8"}
2025-03-02 00:25:17 - INFO - ===
2025-03-02 00:25:17 - INFO - Moderator: The player with the most votes is Player2.
2025-03-02 00:25:17 - INFO - Moderator: Player4, you're the witch. Tonight Player2 is eliminated. Would you like to resurrect Player2?
2025-03-02 00:25:17 - INFO - ===
2025-03-02 00:25:17 - INFO - Query: Discussions related to werewolves.
2025-03-02 00:25:17 - INFO - Retrieved similar documents: 
2025-03-02 00:25:17 - INFO - ===
2025-03-02 00:25:19 - INFO - Witch resurrection response: I will not resurrect Player2 because if they are a werewolf, it will give the werewolves an advantage. Instead, I will let the events unfold during the day to gather more information about the remaining players.
2025-03-02 00:25:19 - INFO - Moderator: The witch has chosen not to resurrect the player.
2025-03-02 00:25:19 - INFO - ===
2025-03-02 00:25:19 - INFO - Query: Discussions related to werewolves.
2025-03-02 00:25:19 - INFO - Retrieved similar documents: Player4: {"thought": "Tonight, Player2 has been targeted for elimination, indicating that there might be something suspicious about them. However, I need to carefully consider the implications of resurrecting them.", "speak": "I will not resurrect Player2 because if they are a werewolf, it will give the werewolves an advantage. Instead, I will let the events unfold during the day to gather more information about the remaining players.", "resurrect": false}
2025-03-02 00:25:19 - INFO - ===
2025-03-02 00:25:20 - INFO - Witch Poison Response: I'm unsure about eliminating someone tonight. Let's see how the day unfolds first before making any drastic decisions.
2025-03-02 00:25:20 - INFO - The witch has chosen not to poison a player.
2025-03-02 00:25:20 - INFO - Moderator: Player3, you're the seer. Which player in Player1, Player2, Player3 and Player4 would you like to check tonight?
2025-03-02 00:25:20 - INFO - ===
2025-03-02 00:25:20 - INFO - Query: Discussions related to werewolves.
2025-03-02 00:25:20 - INFO - Retrieved similar documents: 
2025-03-02 00:25:20 - INFO - ===
2025-03-02 00:25:21 - INFO - Seer response: Player1
2025-03-02 00:25:21 - INFO - Moderator: Okay, the role of Player1 is a werewolf.
2025-03-02 00:25:30 - INFO - ===
2025-03-02 00:25:30 - INFO - Query: Discussions related to villagers, seer, witch.
2025-03-02 00:25:30 - INFO - Retrieved similar documents: In this game of Werewolf, Player1 is strategically adopting a cautious and observant approach, attempting to gather information while maintaining a low profile. Their decision to subtly steer the conversation allows them to probe others' behaviors without exposing their own strategy or role prematurely. This is a key move, as it enables Player1 to assess the intentions of other players, potentially uncovering werewolves or other powerful roles.

Player1 mentions noticing "odd behavior" from Player3, which is a tactic to initiate conversation and encourage other players to voice their opinions. By doing so, Player1 can evaluate who aligns with their observations and who might be defensive or evasive, helping them to refine their suspicions.

In terms of the voting decision, Player1 opts to vote for Player2 with a high uncertainty score (0.8), indicating that they are quite unsure about this decision. The high uncertainty score suggests that Player1 does not have solid evidence or strong reads on any players yet. The avoidance of voting for Player3—despite expressing suspicion—might mean Player1 is keeping their options open or setting a strategy to observe Player3 for a little longer before making a decisive move.

**Implications for Future Strategic Decisions:**

1. **Balancing Caution and Influence:** Player1's strategy of staying low-key while influencing dialogue can help uncover information without drawing attention. However, excessive caution might lead to missed opportunities to catch werewolves or mislead the village decisively.

2. **Managing Uncertainty:** Player1's high uncertainty score suggests they should look for additional signals and evidence to increase their confidence in future votes. Accurate data gathering and interpretation are crucial in making impactful decisions.

3. **Diversifying Interaction:** Engaging more directly with multiple players rather than focusing on one can diversify information sources, potentially offering more reliable insights and creating less predictable voting patterns.

4. **Adjusting Strategies:** As the game progresses and more information becomes available, Player1 should be flexible and prepared to adjust their strategy. They must be ready to exercise influence and take risks when it becomes crucial to steer votes and decisions effectively.

In summary, while Player1's tactics are effective for early-game positioning, they will need to evolve to more assertive strategies, increasing their influence and relying on more concrete evidence to guide their decisions as the game unfolds.
2025-03-02 00:25:30 - INFO - ===
2025-03-02 00:25:32 - INFO - ===
2025-03-02 00:25:32 - INFO - Query: Discussions related to werewolves.
2025-03-02 00:25:32 - INFO - Retrieved similar documents: Moderator: Okay, the role of Player1 is a werewolf.
Player3: {"thought": "I need to check one of the players to gather information about their identity. I suspect either Player1 or Player4 might be a werewolf based on earlier discussions.", "speak": "Player1"}
2025-03-02 00:25:32 - INFO - ===
2025-03-02 00:25:34 - INFO - ===
2025-03-02 00:25:34 - INFO - Query: Discussions related to werewolves.
2025-03-02 00:25:34 - INFO - Retrieved similar documents: Player4: {"thought": "I need to consider the implications of my actions carefully. Given the limited information we have, it's important to identify potential werewolves without eliminating a key player by mistake.", "speak": "I'm unsure about eliminating someone tonight. Let's see how the day unfolds first before making any drastic decisions.", "eliminate": false}
2025-03-02 00:25:34 - INFO - ===
2025-03-02 00:25:35 - INFO - Survivors Discussion: I can see where you're coming from, Player3, but we need to be cautious before jumping to conclusions. What specific actions or words from Player1 led you to suspect them?
2025-03-02 00:25:35 - INFO - Moderator: Given the game rules and your role, based on the situation and the information you gain, to win the game, it's time to vote one player eliminated among the alive players. Which player do you vote to kill?
2025-03-02 00:25:35 - INFO - ===
2025-03-02 00:25:35 - INFO - Query: Discussions related to villagers, seer, witch.
2025-03-02 00:25:35 - INFO - Retrieved similar documents: In this game of Werewolf, Player1 is strategically adopting a cautious and observant approach, attempting to gather information while maintaining a low profile. Their decision to subtly steer the conversation allows them to probe others' behaviors without exposing their own strategy or role prematurely. This is a key move, as it enables Player1 to assess the intentions of other players, potentially uncovering werewolves or other powerful roles.

Player1 mentions noticing "odd behavior" from Player3, which is a tactic to initiate conversation and encourage other players to voice their opinions. By doing so, Player1 can evaluate who aligns with their observations and who might be defensive or evasive, helping them to refine their suspicions.

In terms of the voting decision, Player1 opts to vote for Player2 with a high uncertainty score (0.8), indicating that they are quite unsure about this decision. The high uncertainty score suggests that Player1 does not have solid evidence or strong reads on any players yet. The avoidance of voting for Player3—despite expressing suspicion—might mean Player1 is keeping their options open or setting a strategy to observe Player3 for a little longer before making a decisive move.

**Implications for Future Strategic Decisions:**

1. **Balancing Caution and Influence:** Player1's strategy of staying low-key while influencing dialogue can help uncover information without drawing attention. However, excessive caution might lead to missed opportunities to catch werewolves or mislead the village decisively.

2. **Managing Uncertainty:** Player1's high uncertainty score suggests they should look for additional signals and evidence to increase their confidence in future votes. Accurate data gathering and interpretation are crucial in making impactful decisions.

3. **Diversifying Interaction:** Engaging more directly with multiple players rather than focusing on one can diversify information sources, potentially offering more reliable insights and creating less predictable voting patterns.

4. **Adjusting Strategies:** As the game progresses and more information becomes available, Player1 should be flexible and prepared to adjust their strategy. They must be ready to exercise influence and take risks when it becomes crucial to steer votes and decisions effectively.

In summary, while Player1's tactics are effective for early-game positioning, they will need to evolve to more assertive strategies, increasing their influence and relying on more concrete evidence to guide their decisions as the game unfolds.
2025-03-02 00:25:35 - INFO - ===
2025-03-02 00:25:37 - INFO - ===
2025-03-02 00:25:37 - INFO - Fast Response: {"thought": "I'm becoming increasingly aware of Player3's behavior, and I'm also considering the possibility that Player4 may be trying to deflect attention. Given that Player2 is already dead, I need to pinpoint my suspicions carefully. For now, I am leaning towards voting for Player3 because they have been acting strangely, although I'm not completely certain.", "vote": "Player3", "uncertainty_score": "0.6"}
2025-03-02 00:25:37 - INFO - Fast Uncertainty: 0.6
2025-03-02 00:25:37 - INFO - ===
2025-03-02 00:25:40 - INFO - ===
2025-03-02 00:25:40 - INFO - Slow Response: {"thought": "Considering Player3 exhibited odd behavior earlier and I chose not to vote for them last time despite my initial suspicion, I will vote for Player3 this time. This decision allows me to test my earlier suspicion while keeping the game progressing. Player4 hasn't given me much reason to suspect them yet. However, my uncertainty remains high as there is limited direct evidence.", "vote": "Player3", "uncertainty_score": "0.7"}
2025-03-02 00:25:40 - INFO - ===
2025-03-02 00:25:40 - INFO - ===
2025-03-02 00:25:40 - INFO - Query: Discussions related to werewolves.
2025-03-02 00:25:40 - INFO - Retrieved similar documents: Moderator: Okay, the role of Player1 is a werewolf.
Player3: {"thought": "I need to keep my identity as the seer hidden while trying to convince Player4 to vote for Player1. It's critical to disclose who the werewolf is without revealing my role.", "speak": "I think it's essential to discuss our suspicions openly. I believe Player1 is a werewolf based on the information I've gathered."}
2025-03-02 00:25:40 - INFO - ===
2025-03-02 00:25:42 - INFO - ===
2025-03-02 00:25:42 - INFO - Query: Discussions related to werewolves.
2025-03-02 00:25:42 - INFO - Retrieved similar documents: Player4: {"thought": "I need to consider the implications of my actions carefully. Given the limited information we have, it's important to identify potential werewolves without eliminating a key player by mistake.", "speak": "I'm unsure about eliminating someone tonight. Let's see how the day unfolds first before making any drastic decisions.", "eliminate": false}
2025-03-02 00:25:42 - INFO - ===
2025-03-02 00:25:43 - INFO - Moderator: Player1 has been voted out.
2025-03-02 00:25:43 - INFO - Moderator: The game is over. The werewolves have been defeated, and the village is safe once again!
2025-03-02 00:25:43 - INFO - Moderator: The game is over. The werewolves have been defeated, and the village is safe once again!
