{"basefilepath":"logs/fastslow","max_days_per_game":5,"num_games":20,"reflect_before_vectorstore":true,"max_werewolf_discussion_round":3,"similarity_top_k":2,"random_seed":42}
2025-03-02 00:18:02 - INFO - Starting game 5
2025-03-02 00:18:02 - INFO - Moderator: Player1, if you are the only werewolf, eliminate a player. Otherwise, discuss with your teammates and reach an agreement.
2025-03-02 00:18:02 - INFO - Moderator: Player1, if you are the only werewolf, eliminate a player. Otherwise, discuss with your teammates and reach an agreement.
2025-03-02 00:18:02 - INFO - ===
2025-03-02 00:18:02 - INFO - Query: Discussions related to villagers, seer, witch.
2025-03-02 00:18:02 - INFO - Retrieved similar documents: 
2025-03-02 00:18:02 - INFO - ===
2025-03-02 00:18:04 - INFO - Werewolves discussion: I think we should consider Player3's suggestions closely. They've been very vocal about who they believe the werewolves are, which makes me wonder if they are trying to lead us away from their own identity. What does everyone think about that?
2025-03-02 00:18:04 - INFO - ===
2025-03-02 00:18:04 - INFO - Query: Discussions related to villagers, seer, witch.
2025-03-02 00:18:04 - INFO - Retrieved similar documents: 
2025-03-02 00:18:04 - INFO - ===
2025-03-02 00:18:06 - INFO - Werewolves discussion: I think we all should share any suspicions we have. Player2, you seemed a bit hesitant in our last discussion. Do you have any thoughts on who might be acting suspiciously?
2025-03-02 00:18:06 - INFO - ===
2025-03-02 00:18:06 - INFO - Query: Discussions related to villagers, seer, witch.
2025-03-02 00:18:06 - INFO - Retrieved similar documents: 
2025-03-02 00:18:06 - INFO - ===
2025-03-02 00:18:07 - INFO - Werewolves discussion: I think we should discuss who we suspect might be acting strangely. I noticed that Player3 seemed a bit defensive when asked about their actions last night. What does everyone else think?
2025-03-02 00:18:07 - INFO - Moderator: Which player do you vote to kill?
2025-03-02 00:18:07 - INFO - Moderator: Which player do you vote to kill?
2025-03-02 00:18:07 - INFO - ===
2025-03-02 00:18:07 - INFO - Query: Discussions related to villagers, seer, witch.
2025-03-02 00:18:07 - INFO - Retrieved similar documents: 
2025-03-02 00:18:07 - INFO - ===
2025-03-02 00:18:08 - INFO - ===
2025-03-02 00:18:08 - INFO - Fast Response: {"thought": "I need to eliminate one player who might be a werewolf. Based on previous discussions, I suspect Player2 due to their evasive nature. It's a calculated risk, but I need to make a move.", "vote": "Player2", "uncertainty_score": 0.3}
2025-03-02 00:18:08 - INFO - Fast Uncertainty: 0.3
2025-03-02 00:18:08 - INFO - ===
2025-03-02 00:18:11 - INFO - ===
2025-03-02 00:18:11 - INFO - Slow Response: {"thought": "I'm uncertain on which player to target since it's still the beginning and no one is dead yet. However, as a werewolf, I should eliminate a non-suspicious player who might be a threat later. I'll vote for Player3, but I'm quite uncertain about this decision.", "vote": "Player3", "uncertainty_score": 0.7}
2025-03-02 00:18:11 - INFO - ===
2025-03-02 00:18:11 - INFO - Moderator: The player with the most votes is Player3.
2025-03-02 00:18:11 - INFO - Moderator: Player4, you're the witch. Tonight Player3 is eliminated. Would you like to resurrect Player3?
2025-03-02 00:18:11 - INFO - ===
2025-03-02 00:18:11 - INFO - Query: Discussions related to werewolves.
2025-03-02 00:18:11 - INFO - Retrieved similar documents: 
2025-03-02 00:18:11 - INFO - ===
2025-03-02 00:18:12 - INFO - Witch resurrection response: I will not resurrect Player3 right now. We need to identify any werewolves among us before risking a revival.
2025-03-02 00:18:12 - INFO - Moderator: The witch has chosen not to resurrect the player.
2025-03-02 00:18:13 - INFO - ===
2025-03-02 00:18:13 - INFO - Query: Discussions related to werewolves.
2025-03-02 00:18:13 - INFO - Retrieved similar documents: Player4: {"thought": "It's crucial to preserve our numbers as villagers and prevent werewolves from narrowing our chances. Player3 might hold valuable information or could be a strong ally.", "speak": "I will not resurrect Player3 right now. We need to identify any werewolves among us before risking a revival.", "resurrect": false}
2025-03-02 00:18:13 - INFO - ===
2025-03-02 00:18:15 - INFO - Witch Poison Response: I think we should discuss our suspicions openly. We need to figure out who might be the werewolves before deciding on an elimination.
2025-03-02 00:18:15 - INFO - The witch has chosen not to poison a player.
2025-03-02 00:18:15 - INFO - Moderator: Player3, you're the seer. Which player in Player1, Player2, Player3 and Player4 would you like to check tonight?
2025-03-02 00:18:15 - INFO - ===
2025-03-02 00:18:15 - INFO - Query: Discussions related to werewolves.
2025-03-02 00:18:15 - INFO - Retrieved similar documents: 
2025-03-02 00:18:15 - INFO - ===
2025-03-02 00:18:16 - INFO - Seer response: Player2
2025-03-02 00:18:16 - INFO - Moderator: Okay, the role of Player2 is a villager.
2025-03-02 00:18:27 - INFO - ===
2025-03-02 00:18:27 - INFO - Query: Discussions related to villagers, seer, witch.
2025-03-02 00:18:27 - INFO - Retrieved similar documents: **Summary of Decisions:**
1. **Casting Suspicion:** Player1, as a werewolf, consistently aimed to cast suspicion on others, particularly Player3, to deflect attention from themselves. Player1 leveraged communication strategies to suggest Player3's vocal behavior indicated ulterior motives, positioning themselves as a cautious yet participative player.

2. **Encouraging Discussion:** By encouraging open sharing of suspicions and pointing out perceived hesitation from Player2, Player1 worked to maintain their cover by appearing helpful and involved in the collective decision-making process. 

3. **Subtle Guidance:** Player1 focused their discussions on subtly directing suspicion towards others, particularly targeting villagers. A specific effort was made to frame Player3's defensiveness as suspicious behavior, capitalizing on natural disruptions observed during discussions to create doubt.

4. **Voting Strategy:** In line with their role as a werewolf, Player1 voted to eliminate Player3, emphasizing their uncertainty with a high uncertainty score (0.7) yet acting strategically to remove potential threats early in the game.

**Important Implications for Future Strategic Decisions:**

- **Balancing Suspicion and Authenticity:** It's crucial to master the art of deflecting suspicion while maintaining an appearance of authenticity. Player1's approach provides a useful model for how sowing doubt and leveraging natural, conversation-driven opportunities can aid in evading detection.

- **Understanding Vocal Participation:** Observing how vocal individuals are treated can inform not only werewolf strategy but also villagers' attempts to root out deception. Vocal behaviors provide meaningful cues that can be exploited or defended against.

- **Utilizing Uncertainty:** Expressing uncertainty strategically, as Player1 did, can indicate innocence and reduce perceived threat levels among fellow players, enhancing survival chances.

- **Long-term Planning:** A critical reflection point involves the importance of identifying and targeting players who pose a strategic threat in later phases of the game. Player1's strategy was forward-thinking, though possibly hindered by high uncertainty, necessitating a keener observation and data-driven decision-making in future rounds.
2025-03-02 00:18:27 - INFO - ===
2025-03-02 00:18:28 - INFO - ===
2025-03-02 00:18:28 - INFO - Query: Discussions related to werewolves.
2025-03-02 00:18:28 - INFO - Retrieved similar documents: 
2025-03-02 00:18:28 - INFO - ===
2025-03-02 00:18:30 - INFO - ===
2025-03-02 00:18:30 - INFO - Query: Discussions related to werewolves.
2025-03-02 00:18:30 - INFO - Retrieved similar documents: Player4: {"thought": "It's crucial to preserve our numbers as villagers and prevent werewolves from narrowing our chances. Player3 might hold valuable information or could be a strong ally.", "speak": "I will not resurrect Player3 right now. We need to identify any werewolves among us before risking a revival.", "resurrect": false}
2025-03-02 00:18:30 - INFO - ===
2025-03-02 00:18:31 - INFO - Survivors Discussion: Player1, I think we should carefully consider everyone's actions, including yours. I noticed how quickly you voted earlier. Have you thought about how that might come across?
2025-03-02 00:18:31 - INFO - Moderator: Given the game rules and your role, based on the situation and the information you gain, to win the game, it's time to vote one player eliminated among the alive players. Which player do you vote to kill?
2025-03-02 00:18:32 - INFO - ===
2025-03-02 00:18:32 - INFO - Query: Discussions related to villagers, seer, witch.
2025-03-02 00:18:32 - INFO - Retrieved similar documents: **Summary of Decisions:**
1. **Casting Suspicion:** Player1, as a werewolf, consistently aimed to cast suspicion on others, particularly Player3, to deflect attention from themselves. Player1 leveraged communication strategies to suggest Player3's vocal behavior indicated ulterior motives, positioning themselves as a cautious yet participative player.

2. **Encouraging Discussion:** By encouraging open sharing of suspicions and pointing out perceived hesitation from Player2, Player1 worked to maintain their cover by appearing helpful and involved in the collective decision-making process. 

3. **Subtle Guidance:** Player1 focused their discussions on subtly directing suspicion towards others, particularly targeting villagers. A specific effort was made to frame Player3's defensiveness as suspicious behavior, capitalizing on natural disruptions observed during discussions to create doubt.

4. **Voting Strategy:** In line with their role as a werewolf, Player1 voted to eliminate Player3, emphasizing their uncertainty with a high uncertainty score (0.7) yet acting strategically to remove potential threats early in the game.

**Important Implications for Future Strategic Decisions:**

- **Balancing Suspicion and Authenticity:** It's crucial to master the art of deflecting suspicion while maintaining an appearance of authenticity. Player1's approach provides a useful model for how sowing doubt and leveraging natural, conversation-driven opportunities can aid in evading detection.

- **Understanding Vocal Participation:** Observing how vocal individuals are treated can inform not only werewolf strategy but also villagers' attempts to root out deception. Vocal behaviors provide meaningful cues that can be exploited or defended against.

- **Utilizing Uncertainty:** Expressing uncertainty strategically, as Player1 did, can indicate innocence and reduce perceived threat levels among fellow players, enhancing survival chances.

- **Long-term Planning:** A critical reflection point involves the importance of identifying and targeting players who pose a strategic threat in later phases of the game. Player1's strategy was forward-thinking, though possibly hindered by high uncertainty, necessitating a keener observation and data-driven decision-making in future rounds.
2025-03-02 00:18:32 - INFO - ===
2025-03-02 00:18:33 - INFO - ===
2025-03-02 00:18:33 - INFO - Fast Response: {"thought": "I'm feeling somewhat unsure but think Player2 could be a potential threat. I've seen them being a bit too quiet, which can indicate a hidden agenda. I need to balance my suspicion without drawing attention to myself too much.", "vote": "Player2", "uncertainty_score": "0.6"}
2025-03-02 00:18:33 - INFO - Fast Uncertainty: 0.6
2025-03-02 00:18:33 - INFO - ===
2025-03-02 00:18:36 - INFO - ===
2025-03-02 00:18:36 - INFO - Slow Response: {"thought": "With Player3 already eliminated, my goal as a werewolf is to remain undetected while targeting other players. Player2 seemed hesitant in previous discussions, which may work in my favor to push suspicion onto them while not appearing too assertive. Therefore, I will subtly suggest to eliminate Player2. This decision keeps attention away from me and potentially weakens the villagers' side.", "vote": "Player2", "uncertainty_score": 0.5}
2025-03-02 00:18:36 - INFO - ===
2025-03-02 00:18:36 - INFO - ===
2025-03-02 00:18:36 - INFO - Query: Discussions related to werewolves.
2025-03-02 00:18:36 - INFO - Retrieved similar documents: Player2: {"thought": "Player1 is trying to shift suspicion towards me, which is interesting. I need to defend myself and also point out any inconsistencies in Player1's statements.", "speak": "I appreciate your observation, Player1, but I think it's essential to look at everyone's actions, including yours. Let's not forget about how quickly you voted before, which can indicate a rush to eliminate a potential villager."}
Player2: {"thought": "Player1 is trying to shift suspicion towards me, which is interesting. I need to defend myself and also point out any inconsistencies in Player1's statements.", "speak": "I appreciate your observation, Player1, but I think it's essential to look at everyone's actions, including yours. Let's not forget about how quickly you voted before, which can indicate a rush to eliminate a potential villager."}
2025-03-02 00:18:36 - INFO - ===
2025-03-02 00:18:38 - INFO - ===
2025-03-02 00:18:38 - INFO - Query: Discussions related to werewolves.
2025-03-02 00:18:38 - INFO - Retrieved similar documents: Player4: {"thought": "It's crucial to preserve our numbers as villagers and prevent werewolves from narrowing our chances. Player3 might hold valuable information or could be a strong ally.", "speak": "I will not resurrect Player3 right now. We need to identify any werewolves among us before risking a revival.", "resurrect": false}
2025-03-02 00:18:38 - INFO - ===
2025-03-02 00:18:40 - INFO - Moderator: Player2 has been voted out.
2025-03-02 00:18:40 - INFO - Moderator: The werewolves have prevailed and taken over the village. Better luck next time!
