{"basefilepath":"logs/fastslow","max_days_per_game":5,"num_games":20,"reflect_before_vectorstore":true,"max_werewolf_discussion_round":3,"similarity_top_k":2,"random_seed":42}
2025-03-02 00:18:40 - INFO - Starting game 6
2025-03-02 00:18:40 - INFO - Moderator: Player1, if you are the only werewolf, eliminate a player. Otherwise, discuss with your teammates and reach an agreement.
2025-03-02 00:18:40 - INFO - Moderator: Player1, if you are the only werewolf, eliminate a player. Otherwise, discuss with your teammates and reach an agreement.
2025-03-02 00:18:40 - INFO - ===
2025-03-02 00:18:40 - INFO - Query: Discussions related to villagers, seer, witch.
2025-03-02 00:18:40 - INFO - Retrieved similar documents: 
2025-03-02 00:18:40 - INFO - ===
2025-03-02 00:18:41 - INFO - Werewolves discussion: I think we should discuss our suspicions. Has anyone seen anything that makes them think someone is acting differently? We should consider who we trust and who we might want to eliminate.
2025-03-02 00:18:41 - INFO - Moderator: Which player do you vote to kill?
2025-03-02 00:18:41 - INFO - Moderator: Which player do you vote to kill?
2025-03-02 00:18:41 - INFO - ===
2025-03-02 00:18:41 - INFO - Query: Discussions related to villagers, seer, witch.
2025-03-02 00:18:41 - INFO - Retrieved similar documents: 
2025-03-02 00:18:41 - INFO - ===
2025-03-02 00:18:43 - INFO - ===
2025-03-02 00:18:43 - INFO - Fast Response: {"thought": "I suspect Player2 based on some of their recent comments and actions that seem inconsistent with a villager's strategy. Their approach is too aggressive without enough evidence, which could indicate werewolf behavior.", "vote": "Player2", "uncertainty_score": 0.3}
2025-03-02 00:18:43 - INFO - Fast Uncertainty: 0.3
2025-03-02 00:18:43 - INFO - ===
2025-03-02 00:18:46 - INFO - ===
2025-03-02 00:18:46 - INFO - Slow Response: {"thought": "As a werewolf, my primary goal is to eliminate the villagers while remaining undetected. At this early stage, I have no concrete information to gauge who might have a special role among the villagers, so I must make an arbitrary choice or go for someone who seems more influential or decisive, potentially perceived as a threat. I'll choose Player4 to try to reduce the number of villagers.", "vote": "Player4", "uncertainty_score": "0.7"}
2025-03-02 00:18:46 - INFO - ===
2025-03-02 00:18:46 - INFO - Moderator: The player with the most votes is Player4.
2025-03-02 00:18:46 - INFO - Moderator: Player4, you're the witch. Tonight Player4 is eliminated. Would you like to resurrect Player4?
2025-03-02 00:18:46 - INFO - ===
2025-03-02 00:18:46 - INFO - Query: Discussions related to werewolves.
2025-03-02 00:18:46 - INFO - Retrieved similar documents: 
2025-03-02 00:18:46 - INFO - ===
2025-03-02 00:18:48 - INFO - Witch resurrection response: I will not resurrect Player4 because resurrecting myself wouldn't make sense at this point. I need to save my potion for a more strategic moment.
2025-03-02 00:18:48 - INFO - Moderator: The witch has chosen not to resurrect the player.
2025-03-02 00:18:49 - INFO - ===
2025-03-02 00:18:49 - INFO - Query: Discussions related to werewolves.
2025-03-02 00:18:49 - INFO - Retrieved similar documents: Player4: {"thought": "It's crucial to assess the situation before making a decision on who to resurrect. Since I am the witch, I need to consider who may provide valuable information or alliances. I'm currently alive, and I don't want to waste my potion unnecessarily at this early stage.", "speak": "I will not resurrect Player4 because resurrecting myself wouldn't make sense at this point. I need to save my potion for a more strategic moment.", "resurrect": false}
2025-03-02 00:18:49 - INFO - ===
2025-03-02 00:18:50 - INFO - Witch Poison Response: I think we should all share our suspicions and work together to identify the werewolves. It’s too early to make any definite moves without more information.
2025-03-02 00:18:50 - INFO - The witch has chosen not to poison a player.
2025-03-02 00:18:50 - INFO - Moderator: Player3, you're the seer. Which player in Player1, Player2, Player3 and Player4 would you like to check tonight?
2025-03-02 00:18:50 - INFO - ===
2025-03-02 00:18:50 - INFO - Query: Discussions related to werewolves.
2025-03-02 00:18:50 - INFO - Retrieved similar documents: 
2025-03-02 00:18:50 - INFO - ===
2025-03-02 00:18:51 - INFO - Seer response: Player1
2025-03-02 00:18:51 - INFO - Moderator: Okay, the role of Player1 is a werewolf.
2025-03-02 00:19:02 - INFO - ===
2025-03-02 00:19:02 - INFO - Query: Discussions related to villagers, seer, witch.
2025-03-02 00:19:02 - INFO - Retrieved similar documents: In this scenario, Player1, a werewolf, is attempting to navigate the strategic complexities of the game by engaging other players in discussion to assess their suspicions while ensuring their identity remains hidden. Player1 is encouraging open dialogue about suspicions, which is a smart move as it can help them direct suspicion away from themselves and potentially sow discord among players. By targeting Player4, who is perceived as more influential or decisive, Player1 aims to weaken the opposing team by removing a key player who might lead the charge against the werewolves.

Key implications and strategic considerations for future decisions:

1. **Engagement in Discussion**: Actively engaging in discussions can be a double-edged sword. While it can help players blend in and manipulate perceptions, it also opens them up to scrutiny. Future strategies should balance between active participation and observation, using input from other players to redirect suspicion.

2. **Target Selection**: Choosing who to eliminate is crucial. Removing influential players can dismantle coordinated efforts against the werewolf. However, it is essential to assess the potential fallout of such eliminations closely, ensuring that eliminating a strong player does not inadvertently unite villagers against you.

3. **Information Gathering**: With limited concrete information, focusing on gathering insights through interaction is vital. Observing other players' voting patterns, reactions, and alliances can provide clues as to who might have special roles without exposing oneself.

4. **Managing Uncertainty**: Given Player1's uncertainty score of 0.7, indicating a high level of uncertainty in their decision, future strategies could benefit from more calculated risk assessment. Developing a better understanding of the game dynamics and players over multiple rounds can reduce reliance on arbitrary choices.

These insights underline the need for strategic flexibility, risk management, and continuous information reevaluation to maintain the advantage in such a deceptive environment.
2025-03-02 00:19:02 - INFO - ===
2025-03-02 00:19:03 - INFO - ===
2025-03-02 00:19:03 - INFO - Query: Discussions related to werewolves.
2025-03-02 00:19:03 - INFO - Retrieved similar documents: 
2025-03-02 00:19:03 - INFO - ===
2025-03-02 00:19:06 - INFO - ===
2025-03-02 00:19:06 - INFO - Query: Discussions related to werewolves.
2025-03-02 00:19:06 - INFO - Retrieved similar documents: Moderator: Okay, the role of Player1 is a werewolf.
Player3: {"thought": "I need to check one of the players to gather information about their role. I'll go with Player1 to start, as they seem to be participating actively in our discussions.", "speak": "Player1"}
2025-03-02 00:19:06 - INFO - ===
2025-03-02 00:19:08 - INFO - Survivors Discussion: I understand your concerns, Player2, but I have some strong suspicions about Player1 being a werewolf. We should focus on that.
2025-03-02 00:19:08 - INFO - Moderator: Given the game rules and your role, based on the situation and the information you gain, to win the game, it's time to vote one player eliminated among the alive players. Which player do you vote to kill?
2025-03-02 00:19:08 - INFO - ===
2025-03-02 00:19:08 - INFO - Query: Discussions related to villagers, seer, witch.
2025-03-02 00:19:08 - INFO - Retrieved similar documents: In this scenario, Player1, a werewolf, is attempting to navigate the strategic complexities of the game by engaging other players in discussion to assess their suspicions while ensuring their identity remains hidden. Player1 is encouraging open dialogue about suspicions, which is a smart move as it can help them direct suspicion away from themselves and potentially sow discord among players. By targeting Player4, who is perceived as more influential or decisive, Player1 aims to weaken the opposing team by removing a key player who might lead the charge against the werewolves.

Key implications and strategic considerations for future decisions:

1. **Engagement in Discussion**: Actively engaging in discussions can be a double-edged sword. While it can help players blend in and manipulate perceptions, it also opens them up to scrutiny. Future strategies should balance between active participation and observation, using input from other players to redirect suspicion.

2. **Target Selection**: Choosing who to eliminate is crucial. Removing influential players can dismantle coordinated efforts against the werewolf. However, it is essential to assess the potential fallout of such eliminations closely, ensuring that eliminating a strong player does not inadvertently unite villagers against you.

3. **Information Gathering**: With limited concrete information, focusing on gathering insights through interaction is vital. Observing other players' voting patterns, reactions, and alliances can provide clues as to who might have special roles without exposing oneself.

4. **Managing Uncertainty**: Given Player1's uncertainty score of 0.7, indicating a high level of uncertainty in their decision, future strategies could benefit from more calculated risk assessment. Developing a better understanding of the game dynamics and players over multiple rounds can reduce reliance on arbitrary choices.

These insights underline the need for strategic flexibility, risk management, and continuous information reevaluation to maintain the advantage in such a deceptive environment.
2025-03-02 00:19:08 - INFO - ===
2025-03-02 00:19:10 - INFO - ===
2025-03-02 00:19:10 - INFO - Fast Response: {"thought": "I should vote to eliminate Player3. They seem strategic and could be a threat if they gather more suspicions against me. Player2 has shown some hesitance and may be easier to manipulate later on.", "vote": "Player3", "uncertainty_score": "0.4"}
2025-03-02 00:19:10 - INFO - Fast Uncertainty: 0.4
2025-03-02 00:19:10 - INFO - ===
2025-03-02 00:19:12 - INFO - ===
2025-03-02 00:19:12 - INFO - Slow Response: {"thought": "Considering the need to redirect suspicion and sow confusion among the villagers, I should vote for Player2. Player2 might be perceived as a potential threat or someone with a special role based on their behavior so far, and this could either eliminate a special role or cast doubt on Player3.", "vote": "Player2", "uncertainty_score": "0.6"}
2025-03-02 00:19:12 - INFO - ===
2025-03-02 00:19:12 - INFO - ===
2025-03-02 00:19:12 - INFO - Query: Discussions related to werewolves.
2025-03-02 00:19:12 - INFO - Retrieved similar documents: Player2: {"thought": "I need to be cautious and observe Player1 and Player3's reactions. We need to gather information without revealing too much too soon.", "speak": "I think it's important for us to think critically about our suspicions. I've been considering that Player3 could be acting a bit suspiciously, but I'd love to hear your thoughts too."}
Player2: {"thought": "I need to be cautious and observe Player1 and Player3's reactions. We need to gather information without revealing too much too soon.", "speak": "I think it's important for us to think critically about our suspicions. I've been considering that Player3 could be acting a bit suspiciously, but I'd love to hear your thoughts too."}
2025-03-02 00:19:12 - INFO - ===
2025-03-02 00:19:14 - INFO - ===
2025-03-02 00:19:14 - INFO - Query: Discussions related to werewolves.
2025-03-02 00:19:14 - INFO - Retrieved similar documents: Moderator: Okay, the role of Player1 is a werewolf.
Player3: {"thought": "Player2 is trying to divert suspicion away from themselves. I already know Player1 is a werewolf, and I need to tread carefully to reveal this information at the right moment.", "speak": "I understand your concerns, Player2, but I have some strong suspicions about Player1 being a werewolf. We should focus on that."}
2025-03-02 00:19:14 - INFO - ===
2025-03-02 00:19:15 - INFO - Moderator: Player1 has been voted out.
2025-03-02 00:19:15 - INFO - Moderator: The game is over. The werewolves have been defeated, and the village is safe once again!
2025-03-02 00:19:15 - INFO - Moderator: The game is over. The werewolves have been defeated, and the village is safe once again!
