{"basefilepath":"logs/fastslow","max_days_per_game":5,"num_games":20,"reflect_before_vectorstore":true,"max_werewolf_discussion_round":3,"similarity_top_k":2,"random_seed":42}
2025-03-02 00:21:25 - INFO - Starting game 10
2025-03-02 00:21:25 - INFO - Moderator: Player1, if you are the only werewolf, eliminate a player. Otherwise, discuss with your teammates and reach an agreement.
2025-03-02 00:21:25 - INFO - Moderator: Player1, if you are the only werewolf, eliminate a player. Otherwise, discuss with your teammates and reach an agreement.
2025-03-02 00:21:25 - INFO - ===
2025-03-02 00:21:25 - INFO - Query: Discussions related to villagers, seer, witch.
2025-03-02 00:21:25 - INFO - Retrieved similar documents: 
2025-03-02 00:21:25 - INFO - ===
2025-03-02 00:21:27 - INFO - Werewolves discussion: I think we need to analyze our suspicions closely. I've noticed that Player2 and Player3 seem to be a bit defensive in their arguments. What do you all think about them? I believe we should focus on them first.
2025-03-02 00:21:27 - INFO - Moderator: Which player do you vote to kill?
2025-03-02 00:21:27 - INFO - Moderator: Which player do you vote to kill?
2025-03-02 00:21:27 - INFO - ===
2025-03-02 00:21:27 - INFO - Query: Discussions related to villagers, seer, witch.
2025-03-02 00:21:27 - INFO - Retrieved similar documents: 
2025-03-02 00:21:27 - INFO - ===
2025-03-02 00:21:28 - INFO - ===
2025-03-02 00:21:28 - INFO - Fast Response: {"thought": "I suspect Player2 might be a werewolf based on their behavior in discussions. They seem to deflect blame and haven't contributed much to finding the werewolves.", "vote": "Player2", "uncertainty_score": 0.3}
2025-03-02 00:21:28 - INFO - Fast Uncertainty: 0.3
2025-03-02 00:21:28 - INFO - ===
2025-03-02 00:21:31 - INFO - ===
2025-03-02 00:21:31 - INFO - Slow Response: {"thought": "As a werewolf, my aim is to eliminate a villager without drawing suspicion to myself and my teammate. I will vote to eliminate Player3, hoping the other werewolf will vote the same and that this choice doesn't lead others to suspect me.", "vote": "Player3", "uncertainty_score": 0.3}
2025-03-02 00:21:31 - INFO - ===
2025-03-02 00:21:31 - INFO - Moderator: The player with the most votes is Player3.
2025-03-02 00:21:31 - INFO - Moderator: Player4, you're the witch. Tonight Player3 is eliminated. Would you like to resurrect Player3?
2025-03-02 00:21:31 - INFO - ===
2025-03-02 00:21:31 - INFO - Query: Discussions related to werewolves.
2025-03-02 00:21:31 - INFO - Retrieved similar documents: 
2025-03-02 00:21:31 - INFO - ===
2025-03-02 00:21:32 - INFO - Witch resurrection response: I will resurrect Player3 because keeping them in the game enhances our chances to deduce who the werewolves are, and it may start to sway the discussions in our favor.
2025-03-02 00:21:32 - INFO - Moderator: The witch has chosen to resurrect the player.
2025-03-02 00:21:32 - INFO - Moderator: Player3, you're the seer. Which player in Player1, Player2, Player3 and Player4 would you like to check tonight?
2025-03-02 00:21:32 - INFO - ===
2025-03-02 00:21:32 - INFO - Query: Discussions related to werewolves.
2025-03-02 00:21:32 - INFO - Retrieved similar documents: 
2025-03-02 00:21:32 - INFO - ===
2025-03-02 00:21:33 - INFO - Seer response: Player1
2025-03-02 00:21:33 - INFO - Moderator: Okay, the role of Player1 is a werewolf.
2025-03-02 00:21:53 - INFO - ===
2025-03-02 00:21:53 - INFO - Query: Discussions related to villagers, seer, witch.
2025-03-02 00:21:53 - INFO - Retrieved similar documents: In the scenario presented, Player1 adopts a dual approach due to their role as a werewolf, which impacts their decision-making. Publicly, Player1 presents themselves as an engaged and analytical villager by encouraging the group to focus on Player2 and Player3. This aims to steer suspicion away from themselves and create a narrative that supports their deception strategy. Privately, however, Player1's thoughts reveal their real strategy as a werewolf, attempting to sow discord among potential alliances and create doubt regarding Player3, even voting against them.

This approach shows key strategic considerations for Player1:

1. **Blending in with Villagers:** By openly suggesting scrutiny of Player2 and Player3, Player1 seeks to align with villagers' objectives of uncovering werewolves, reducing the chances of being scrutinized. This indicates the importance of appearing cooperative and logical within group dynamics.

2. **Creating a Fall Guy:** Player1 expresses no overt suspicion towards Player4, which might be an attempt to save them for future eliminations, distributing the focus on Player2 and Player3. This is crucial as highlighting divisions can fracture group consensus, which often benefits werewolves.

3. **Collaborative Deception:** Player1 votes against Player3 while hoping that their werewolf ally will align with this vote to successfully eliminate a villager. This coordination is essential for werewolves to succeed. However, its success depends on understanding the risk that such decisions bring to light their identities, should patterns emerge over time.

Implications for Future Strategic Decisions:

- **Balance Aggression with Subtlety:** For werewolves, creating and executing a strategy involves striking a delicate balance between making decisive moves and maintaining a low profile. Over-aggressive tactics or too frequent discrepancies in behavior can increase detection risk.
  
- **Awareness of Group Dynamics:** Effective play demands awareness of changing group dynamics and the importance of timing in pushing narratives. Real-time adjustments based on other players' behaviors and reactions are fundamental.

- **Risk Assessment:** Understanding when to make bold moves like voting against someone and when to stay back is critical. Player1's vote is calculated with an uncertainty score of 0.3, which indicates their confidence level in avoiding detection. Werewolves should gauge how confidently they can manipulate without suspicion.

- **Building Narratives:** Werewolves benefit from embedding themselves within the existing narratives. This calls for ongoing observation and adaptation, particularly when new information comes to light or group consensus shifts.

For future games, werewolves like Player1 should focus on honing these capacities while ensuring they avoid patterns that could betray their alignment. The game's outcome heavily relies on the ability to maintain deception while incrementally advancing towards victory.
2025-03-02 00:21:53 - INFO - ===
2025-03-02 00:21:55 - INFO - ===
2025-03-02 00:21:55 - INFO - Query: Discussions related to werewolves.
2025-03-02 00:21:55 - INFO - Retrieved similar documents: 
2025-03-02 00:21:55 - INFO - ===
2025-03-02 00:21:56 - INFO - ===
2025-03-02 00:21:56 - INFO - Query: Discussions related to werewolves.
2025-03-02 00:21:56 - INFO - Retrieved similar documents: Moderator: Okay, the role of Player1 is a werewolf.
Player3: {"thought": "I should check Player1 tonight to gain valuable information about their role. They seem a bit suspicious to me.", "speak": "Player1"}
2025-03-02 00:21:56 - INFO - ===
2025-03-02 00:21:59 - INFO - ===
2025-03-02 00:21:59 - INFO - Query: Discussions related to werewolves.
2025-03-02 00:21:59 - INFO - Retrieved similar documents: Player4: {"thought": "Player3's elimination could reduce our collective ability to identify the werewolves, especially if they had useful insights.", "speak": "I will resurrect Player3 because keeping them in the game enhances our chances to deduce who the werewolves are, and it may start to sway the discussions in our favor.", "resurrect": "true"}
2025-03-02 00:21:59 - INFO - ===
2025-03-02 00:22:00 - INFO - Survivors Discussion: I agree with Player3's assessment of Player1. Their behavior has been inconsistent, and it feels like they’re trying to deflect attention away from themselves.
2025-03-02 00:22:00 - INFO - Moderator: Given the game rules and your role, based on the situation and the information you gain, to win the game, it's time to vote one player eliminated among the alive players. Which player do you vote to kill?
2025-03-02 00:22:00 - INFO - ===
2025-03-02 00:22:00 - INFO - Query: Discussions related to villagers, seer, witch.
2025-03-02 00:22:00 - INFO - Retrieved similar documents: In the scenario presented, Player1 adopts a dual approach due to their role as a werewolf, which impacts their decision-making. Publicly, Player1 presents themselves as an engaged and analytical villager by encouraging the group to focus on Player2 and Player3. This aims to steer suspicion away from themselves and create a narrative that supports their deception strategy. Privately, however, Player1's thoughts reveal their real strategy as a werewolf, attempting to sow discord among potential alliances and create doubt regarding Player3, even voting against them.

This approach shows key strategic considerations for Player1:

1. **Blending in with Villagers:** By openly suggesting scrutiny of Player2 and Player3, Player1 seeks to align with villagers' objectives of uncovering werewolves, reducing the chances of being scrutinized. This indicates the importance of appearing cooperative and logical within group dynamics.

2. **Creating a Fall Guy:** Player1 expresses no overt suspicion towards Player4, which might be an attempt to save them for future eliminations, distributing the focus on Player2 and Player3. This is crucial as highlighting divisions can fracture group consensus, which often benefits werewolves.

3. **Collaborative Deception:** Player1 votes against Player3 while hoping that their werewolf ally will align with this vote to successfully eliminate a villager. This coordination is essential for werewolves to succeed. However, its success depends on understanding the risk that such decisions bring to light their identities, should patterns emerge over time.

Implications for Future Strategic Decisions:

- **Balance Aggression with Subtlety:** For werewolves, creating and executing a strategy involves striking a delicate balance between making decisive moves and maintaining a low profile. Over-aggressive tactics or too frequent discrepancies in behavior can increase detection risk.
  
- **Awareness of Group Dynamics:** Effective play demands awareness of changing group dynamics and the importance of timing in pushing narratives. Real-time adjustments based on other players' behaviors and reactions are fundamental.

- **Risk Assessment:** Understanding when to make bold moves like voting against someone and when to stay back is critical. Player1's vote is calculated with an uncertainty score of 0.3, which indicates their confidence level in avoiding detection. Werewolves should gauge how confidently they can manipulate without suspicion.

- **Building Narratives:** Werewolves benefit from embedding themselves within the existing narratives. This calls for ongoing observation and adaptation, particularly when new information comes to light or group consensus shifts.

For future games, werewolves like Player1 should focus on honing these capacities while ensuring they avoid patterns that could betray their alignment. The game's outcome heavily relies on the ability to maintain deception while incrementally advancing towards victory.
2025-03-02 00:22:00 - INFO - ===
2025-03-02 00:22:02 - INFO - ===
2025-03-02 00:22:02 - INFO - Fast Response: {"thought": "I believe that Player3 might be drawing suspicion due to their previous actions and comments. Focusing on them for elimination can deflect attention away from me and my ally. Player2 seems less suspicious, and Player4 has not been a focal point at all, which could work in our favor. If we eliminate Player3, we may reduce the villagers' chances of identifying us as werewolves.", "vote": "Player3", "uncertainty_score": "0.3"}
2025-03-02 00:22:02 - INFO - Fast Uncertainty: 0.3
2025-03-02 00:22:02 - INFO - ===
2025-03-02 00:22:06 - INFO - ===
2025-03-02 00:22:06 - INFO - Slow Response: {"thought": "I need to maintain suspicion towards others while deflecting it from myself. Given the previous discussions and my aim to mislead, I will continue suggesting scrutiny on Player3. This maintains the narrative I\u2019ve built and aligns with my earlier strategy. Voting against Player3 could help in sowing discord. Ideally, my werewolf partner should align with this vote to eliminate them, but I must be cautious to avoid any strong pattern formation that could lead to detection later on.", "vote": "Player3", "uncertainty_score": 0.3}
2025-03-02 00:22:06 - INFO - ===
2025-03-02 00:22:07 - INFO - ===
2025-03-02 00:22:07 - INFO - Query: Discussions related to werewolves.
2025-03-02 00:22:07 - INFO - Retrieved similar documents: Player2: {"thought": "Player1 seems to be pushing suspicion toward Player2 and Player3. It might be a strategy to deflect attention from themselves or a genuine concern. I need to carefully observe their behavior and ensure I make a decision based on gathered information, not just accusations.", "speak": "I understand your concern, Player1, but we should all share our observations and reasoning before deciding who to focus on. It's important to consider everyone's actions during the game."}
Player2: {"thought": "Player1 seems to be pushing suspicion toward Player2 and Player3. It might be a strategy to deflect attention from themselves or a genuine concern. I need to carefully observe their behavior and ensure I make a decision based on gathered information, not just accusations.", "speak": "I understand your concern, Player1, but we should all share our observations and reasoning before deciding who to focus on. It's important to consider everyone's actions during the game."}
2025-03-02 00:22:07 - INFO - ===
2025-03-02 00:22:08 - INFO - ===
2025-03-02 00:22:08 - INFO - Query: Discussions related to werewolves.
2025-03-02 00:22:08 - INFO - Retrieved similar documents: Moderator: Okay, the role of Player1 is a werewolf.
Player3: {"thought": "I need to be cautious about revealing my role as the Seer, but I'm also aware that Player1 is confirmed as a werewolf. I should steer the conversation towards Player1 to gather more support for eliminating them.", "speak": "I think we should seriously consider Player1's suspicious actions. Given the information I know, it seems like they're a clear threat to us."}
2025-03-02 00:22:08 - INFO - ===
2025-03-02 00:22:10 - INFO - ===
2025-03-02 00:22:10 - INFO - Query: Discussions related to werewolves.
2025-03-02 00:22:10 - INFO - Retrieved similar documents: Player4: {"thought": "Player3's elimination could reduce our collective ability to identify the werewolves, especially if they had useful insights.", "speak": "I will resurrect Player3 because keeping them in the game enhances our chances to deduce who the werewolves are, and it may start to sway the discussions in our favor.", "resurrect": "true"}
2025-03-02 00:22:10 - INFO - ===
2025-03-02 00:22:11 - INFO - Moderator: Player1 has been voted out.
2025-03-02 00:22:11 - INFO - Moderator: The game is over. The werewolves have been defeated, and the village is safe once again!
2025-03-02 00:22:11 - INFO - Moderator: The game is over. The werewolves have been defeated, and the village is safe once again!
