{"basefilepath":"logs/fastslow","max_days_per_game":5,"num_games":20,"reflect_before_vectorstore":true,"max_werewolf_discussion_round":3,"similarity_top_k":2,"random_seed":42}
2025-03-02 00:15:06 - INFO - Starting game 1
2025-03-02 00:15:06 - INFO - Moderator: Player1, if you are the only werewolf, eliminate a player. Otherwise, discuss with your teammates and reach an agreement.
2025-03-02 00:15:06 - INFO - Moderator: Player1, if you are the only werewolf, eliminate a player. Otherwise, discuss with your teammates and reach an agreement.
2025-03-02 00:15:06 - INFO - ===
2025-03-02 00:15:06 - INFO - Query: Discussions related to villagers, seer, witch.
2025-03-02 00:15:06 - INFO - Retrieved similar documents: 
2025-03-02 00:15:06 - INFO - ===
2025-03-02 00:15:08 - INFO - Werewolves discussion: I think we should consider who has been acting a bit too quiet or defensive. I suspect Player3 might be trying to blend in. What does everyone else think?
2025-03-02 00:15:08 - INFO - Moderator: Which player do you vote to kill?
2025-03-02 00:15:08 - INFO - Moderator: Which player do you vote to kill?
2025-03-02 00:15:08 - INFO - ===
2025-03-02 00:15:08 - INFO - Query: Discussions related to villagers, seer, witch.
2025-03-02 00:15:08 - INFO - Retrieved similar documents: 
2025-03-02 00:15:08 - INFO - ===
2025-03-02 00:15:09 - INFO - ===
2025-03-02 00:15:09 - INFO - Fast Response: {"thought": "I'm uncertain about the identities of the other players, but Player2 seems to be acting a bit suspiciously. I believe it's worth voting for them to examine their reactions.", "vote": "Player2", "uncertainty_score": 0.4}
2025-03-02 00:15:09 - INFO - Fast Uncertainty: 0.4
2025-03-02 00:15:09 - INFO - ===
2025-03-02 00:15:11 - INFO - ===
2025-03-02 00:15:11 - INFO - Slow Response: {"thought": "I have no information about the roles of other players during the first night. Randomly selecting a player will be my strategy until I gather more information.", "vote": "Player2", "uncertainty_score": 0.8}
2025-03-02 00:15:11 - INFO - ===
2025-03-02 00:15:11 - INFO - Moderator: The player with the most votes is Player2.
2025-03-02 00:15:11 - INFO - Moderator: Player4, you're the witch. Tonight Player2 is eliminated. Would you like to resurrect Player2?
2025-03-02 00:15:11 - INFO - ===
2025-03-02 00:15:11 - INFO - Query: Discussions related to werewolves.
2025-03-02 00:15:11 - INFO - Retrieved similar documents: 
2025-03-02 00:15:11 - INFO - ===
2025-03-02 00:15:13 - INFO - Witch resurrection response: I will not resurrect Player2 tonight. I want to see how the day phase plays out and gauge everyone's suspicions. We might not need to use my potion yet.
2025-03-02 00:15:13 - INFO - Moderator: The witch has chosen not to resurrect the player.
2025-03-02 00:15:13 - INFO - ===
2025-03-02 00:15:13 - INFO - Query: Discussions related to werewolves.
2025-03-02 00:15:13 - INFO - Retrieved similar documents: Player4: {"thought": "We need to ensure we maintain our numbers and I must be strategic in my actions. I suspect Player2 may not be a werewolf based on their earlier discussions, but we need to investigate further. Resurrecting Player2 could provide us with more information for the upcoming votes.", "speak": "I will not resurrect Player2 tonight. I want to see how the day phase plays out and gauge everyone's suspicions. We might not need to use my potion yet.", "resurrect": false}
2025-03-02 00:15:13 - INFO - ===
2025-03-02 00:15:16 - INFO - Witch Poison Response: I think it's important we take some time to discuss our suspicions. Let's hear from everyone before jumping to conclusions about who we should eliminate.
2025-03-02 00:15:16 - INFO - The witch has chosen not to poison a player.
2025-03-02 00:15:16 - INFO - Moderator: Player3, you're the seer. Which player in Player1, Player2, Player3 and Player4 would you like to check tonight?
2025-03-02 00:15:16 - INFO - ===
2025-03-02 00:15:16 - INFO - Query: Discussions related to werewolves.
2025-03-02 00:15:16 - INFO - Retrieved similar documents: 
2025-03-02 00:15:16 - INFO - ===
2025-03-02 00:15:18 - INFO - Seer response: Player1
2025-03-02 00:15:18 - INFO - Moderator: Okay, the role of Player1 is a werewolf.
2025-03-02 00:15:30 - INFO - ===
2025-03-02 00:15:30 - INFO - Query: Discussions related to villagers, seer, witch.
2025-03-02 00:15:30 - INFO - Retrieved similar documents: In this scenario, Player1, a werewolf, is navigating the early stage of the game by trying to maintain their cover while steering suspicion towards others. The primary strategy used here involves casting doubt on Player3 to divert attention from themselves. This is a common werewolf tactic of targeting players who are either passive or appear as subtle threats, while the high uncertainty score suggests caution and the need for gathering more strategic insights.

### Strategic Decisions:
1. **Sowing Doubt without Evidence:** Player1's approach to subtly accuse Player3 without concrete evidence sets the groundwork for misdirection. This tactic can be effective if done sparingly and if the group dynamic supports speculative discussion.

2. **Targeting the Quiet/Defensive Players:** By highlighting players who might not be contributing much, Player1 aims to leverage a common suspicion within the game that quieter players may have something to hide, increasing their chances of aligning the votes of other villagers against the suspected party.

3. **Voting Strategy with Limited Information:** Opting to vote against Player2 with a high uncertainty score implies a preliminary decision without firm conviction, indicating that Player1’s priority is to lay low while still participating in the game dynamics. This reflects an adaptive strategy to see how others vote and respond, potentially revealing better targets in subsequent rounds.

### Implications for Future Strategic Decisions:
- **Balanced Accusation Strategy:** Going forward, Player1 and similar players must balance accusations to avoid suspicion themselves. Consistently pointing fingers without clear logic can backfire if others perceive it as desperation or misdirection.

- **Information Gathering:** The reliance on a high uncertainty score signals the need for more information gathering as key. Building alliances or prompting others to reveal more about their suspicions and reasoning could provide better foundations for Player1’s decisions.

- **Adapting to Group Dynamics:** Werewolves should be mindful of the other players' responsiveness to misinformation and adjust their interaction accordingly to avoid drawing unwanted suspicion. Observing group behavior in response to accusations is critical.

In summary, Player1’s initial approach highlights the importance of strategic voting and misdirection, yet underscores the necessity of adaptability, trust-building, and evidence-backed persuasion when operating under high uncertainty in Werewolf. These insights can guide the development of more nuanced strategies that can increase the likelihood of achieving their objectives without revealing their true identity prematurely.
2025-03-02 00:15:30 - INFO - ===
2025-03-02 00:15:32 - INFO - ===
2025-03-02 00:15:32 - INFO - Query: Discussions related to werewolves.
2025-03-02 00:15:32 - INFO - Retrieved similar documents: Moderator: Okay, the role of Player1 is a werewolf.
Player3: {"thought": "I need to gather information that could help the villagers identify the werewolves. I suspect Player1 might be a werewolf based on their earlier comments, which seemed suspicious. I'll check Player1's role tonight.", "speak": "Player1"}
2025-03-02 00:15:32 - INFO - ===
2025-03-02 00:15:35 - INFO - ===
2025-03-02 00:15:35 - INFO - Query: Discussions related to werewolves.
2025-03-02 00:15:35 - INFO - Retrieved similar documents: Player4: {"thought": "We need to ensure we maintain our numbers and I must be strategic in my actions. I suspect Player2 may not be a werewolf based on their earlier discussions, but we need to investigate further. Resurrecting Player2 could provide us with more information for the upcoming votes.", "speak": "I will not resurrect Player2 tonight. I want to see how the day phase plays out and gauge everyone's suspicions. We might not need to use my potion yet.", "resurrect": false}
2025-03-02 00:15:35 - INFO - ===
2025-03-02 00:15:36 - INFO - Survivors Discussion: I'm hesitant to trust the claim about Player1 being a werewolf without more evidence. Let's discuss further before making any hasty votes.
2025-03-02 00:15:36 - INFO - Moderator: Given the game rules and your role, based on the situation and the information you gain, to win the game, it's time to vote one player eliminated among the alive players. Which player do you vote to kill?
2025-03-02 00:15:37 - INFO - ===
2025-03-02 00:15:37 - INFO - Query: Discussions related to villagers, seer, witch.
2025-03-02 00:15:37 - INFO - Retrieved similar documents: In this scenario, Player1, a werewolf, is navigating the early stage of the game by trying to maintain their cover while steering suspicion towards others. The primary strategy used here involves casting doubt on Player3 to divert attention from themselves. This is a common werewolf tactic of targeting players who are either passive or appear as subtle threats, while the high uncertainty score suggests caution and the need for gathering more strategic insights.

### Strategic Decisions:
1. **Sowing Doubt without Evidence:** Player1's approach to subtly accuse Player3 without concrete evidence sets the groundwork for misdirection. This tactic can be effective if done sparingly and if the group dynamic supports speculative discussion.

2. **Targeting the Quiet/Defensive Players:** By highlighting players who might not be contributing much, Player1 aims to leverage a common suspicion within the game that quieter players may have something to hide, increasing their chances of aligning the votes of other villagers against the suspected party.

3. **Voting Strategy with Limited Information:** Opting to vote against Player2 with a high uncertainty score implies a preliminary decision without firm conviction, indicating that Player1’s priority is to lay low while still participating in the game dynamics. This reflects an adaptive strategy to see how others vote and respond, potentially revealing better targets in subsequent rounds.

### Implications for Future Strategic Decisions:
- **Balanced Accusation Strategy:** Going forward, Player1 and similar players must balance accusations to avoid suspicion themselves. Consistently pointing fingers without clear logic can backfire if others perceive it as desperation or misdirection.

- **Information Gathering:** The reliance on a high uncertainty score signals the need for more information gathering as key. Building alliances or prompting others to reveal more about their suspicions and reasoning could provide better foundations for Player1’s decisions.

- **Adapting to Group Dynamics:** Werewolves should be mindful of the other players' responsiveness to misinformation and adjust their interaction accordingly to avoid drawing unwanted suspicion. Observing group behavior in response to accusations is critical.

In summary, Player1’s initial approach highlights the importance of strategic voting and misdirection, yet underscores the necessity of adaptability, trust-building, and evidence-backed persuasion when operating under high uncertainty in Werewolf. These insights can guide the development of more nuanced strategies that can increase the likelihood of achieving their objectives without revealing their true identity prematurely.
2025-03-02 00:15:37 - INFO - ===
2025-03-02 00:15:38 - INFO - ===
2025-03-02 00:15:38 - INFO - Fast Response: {"thought": "I suspect Player3 might be a werewolf based on their lack of participation, which is a common behavior to avoid drawing attention. However, I'm also aware that Player4 has been quieter than usual, so I'm uncertain about this vote. I have a feeling both could potentially be against me, but I will lean towards voting Player3 for now.", "vote": "Player3", "uncertainty_score": "0.5"}
2025-03-02 00:15:38 - INFO - Fast Uncertainty: 0.5
2025-03-02 00:15:38 - INFO - ===
2025-03-02 00:15:42 - INFO - ===
2025-03-02 00:15:42 - INFO - Slow Response: {"thought": "With Player2 already eliminated and knowing my role as a werewolf, I need to think about who the target can be to increase the chances of not raising suspicion towards myself. Previously, I have cast doubt on Player3, and given the reduced number of players left, sustaining this strategy might be beneficial. Player4 has not been involved much in accusations, and I suspect they may be playing a strategic game to stay under the radar. Therefore, I'll continue voting for Player3. However, this decision still carries uncertainty since aligning player intentions is difficult without more interaction.", "vote": "Player3", "uncertainty_score": "0.6"}
2025-03-02 00:15:42 - INFO - ===
2025-03-02 00:15:42 - INFO - ===
2025-03-02 00:15:42 - INFO - Query: Discussions related to werewolves.
2025-03-02 00:15:42 - INFO - Retrieved similar documents: Moderator: Okay, the role of Player1 is a werewolf.
Player3: {"thought": "I need to gather information that could help the villagers identify the werewolves. I suspect Player1 might be a werewolf based on their earlier comments, which seemed suspicious. I'll check Player1's role tonight.", "speak": "Player1"}
2025-03-02 00:15:42 - INFO - ===
2025-03-02 00:15:44 - INFO - ===
2025-03-02 00:15:44 - INFO - Query: Discussions related to werewolves.
2025-03-02 00:15:44 - INFO - Retrieved similar documents: Player4: {"thought": "Player3 claims to have confirmation about Player1 being a werewolf, which raises a flag for me. I need to be careful and assess the truth of this before making any decisions. It's crucial to keep my identity hidden while supporting the right decision to eliminate a werewolf.", "speak": "I'm hesitant to trust the claim about Player1 being a werewolf without more evidence. Let's discuss further before making any hasty votes."}
2025-03-02 00:15:44 - INFO - ===
2025-03-02 00:15:45 - INFO - Moderator: Player1 has been voted out.
2025-03-02 00:15:45 - INFO - Moderator: The game is over. The werewolves have been defeated, and the village is safe once again!
2025-03-02 00:15:45 - INFO - Moderator: The game is over. The werewolves have been defeated, and the village is safe once again!
