{"basefilepath":"logs/fastslow","max_days_per_game":5,"num_games":20,"reflect_before_vectorstore":true,"max_werewolf_discussion_round":3,"similarity_top_k":2,"random_seed":42}
2025-03-02 00:24:40 - INFO - Starting game 15
2025-03-02 00:24:40 - INFO - Moderator: Player1, if you are the only werewolf, eliminate a player. Otherwise, discuss with your teammates and reach an agreement.
2025-03-02 00:24:40 - INFO - Moderator: Player1, if you are the only werewolf, eliminate a player. Otherwise, discuss with your teammates and reach an agreement.
2025-03-02 00:24:40 - INFO - ===
2025-03-02 00:24:40 - INFO - Query: Discussions related to villagers, seer, witch.
2025-03-02 00:24:40 - INFO - Retrieved similar documents: 
2025-03-02 00:24:40 - INFO - ===
2025-03-02 00:24:41 - INFO - Werewolves discussion: I've noticed that Player2 hasn't contributed much to our discussions today. It makes me wonder if they are trying to stay under the radar. What do you all think about Player2's lack of participation?
2025-03-02 00:24:41 - INFO - Moderator: Which player do you vote to kill?
2025-03-02 00:24:41 - INFO - Moderator: Which player do you vote to kill?
2025-03-02 00:24:41 - INFO - ===
2025-03-02 00:24:41 - INFO - Query: Discussions related to villagers, seer, witch.
2025-03-02 00:24:41 - INFO - Retrieved similar documents: 
2025-03-02 00:24:41 - INFO - ===
2025-03-02 00:24:42 - INFO - ===
2025-03-02 00:24:42 - INFO - Fast Response: {"thought": "I'm trying to assess who might be a werewolf based on their behavior. I have a suspicion of Player2, as they have been somewhat quiet and unengaged in the discussions. I think it might be a good strategy to eliminate Player2 to potentially expose a werewolf.", "vote": "Player2", "uncertainty_score": 0.4}
2025-03-02 00:24:42 - INFO - Fast Uncertainty: 0.4
2025-03-02 00:24:42 - INFO - ===
2025-03-02 00:24:44 - INFO - ===
2025-03-02 00:24:44 - INFO - Slow Response: {"thought": "As a werewolf, I want to eliminate players that could potentially threaten us, like the Seer if identified. However, at this early stage, there isn't enough information about who holds special roles, so choosing randomly and strategically is crucial. I will choose Player2 as a target with caution, knowing that uncertainty is still high.", "vote": "Player2", "uncertainty_score": "0.7"}
2025-03-02 00:24:44 - INFO - ===
2025-03-02 00:24:45 - INFO - Moderator: The player with the most votes is Player2.
2025-03-02 00:24:45 - INFO - Moderator: Player4, you're the witch. Tonight Player2 is eliminated. Would you like to resurrect Player2?
2025-03-02 00:24:45 - INFO - ===
2025-03-02 00:24:45 - INFO - Query: Discussions related to werewolves.
2025-03-02 00:24:45 - INFO - Retrieved similar documents: 
2025-03-02 00:24:45 - INFO - ===
2025-03-02 00:24:46 - INFO - Witch resurrection response: I choose not to resurrect Player2 because it might be strategic to allow the elimination to proceed and gather more information in the next day's discussions.
2025-03-02 00:24:46 - INFO - Moderator: The witch has chosen not to resurrect the player.
2025-03-02 00:24:47 - INFO - ===
2025-03-02 00:24:47 - INFO - Query: Discussions related to werewolves.
2025-03-02 00:24:47 - INFO - Retrieved similar documents: Player4: {"thought": "I need to assess the situation. If Player2 is eliminated, that might give us more information for the next day phase. However, if Player2 is a villager, saving them could be beneficial. I'll need to consider if Player2 has provided any valuable input during discussions that might help us identify the werewolves.", "speak": "I choose not to resurrect Player2 because it might be strategic to allow the elimination to proceed and gather more information in the next day's discussions.", "resurrect": false}
2025-03-02 00:24:47 - INFO - ===
2025-03-02 00:24:48 - INFO - Witch Poison Response: I choose not to eliminate anyone this night since there's not enough information yet to make an informed decision.
2025-03-02 00:24:48 - INFO - The witch has chosen not to poison a player.
2025-03-02 00:24:48 - INFO - Moderator: Player3, you're the seer. Which player in Player1, Player2, Player3 and Player4 would you like to check tonight?
2025-03-02 00:24:48 - INFO - ===
2025-03-02 00:24:48 - INFO - Query: Discussions related to werewolves.
2025-03-02 00:24:48 - INFO - Retrieved similar documents: 
2025-03-02 00:24:48 - INFO - ===
2025-03-02 00:24:49 - INFO - Seer response: Player1
2025-03-02 00:24:49 - INFO - Moderator: Okay, the role of Player1 is a werewolf.
2025-03-02 00:24:59 - INFO - ===
2025-03-02 00:24:59 - INFO - Query: Discussions related to villagers, seer, witch.
2025-03-02 00:24:59 - INFO - Retrieved similar documents: In this scenario, Player1 initially tries to identify potential threats by focusing on quieter participants, which is a common strategy to bring attention to those who might be staying under the radar intentionally. Player1's approach to mention Player2's lack of participation in discussions is an effort to stir conversation and gather more information, especially from Player3 and Player4, which could help clarify suspicions or confirm them.

Player1 then proceeds with a more decisive action, wherein they apparently hold the role of a werewolf, aiming to eliminate other players while avoiding detection. By targeting Player2 for elimination, Player1 exercises a strategy that involves balancing the total lack of concrete information with the need to gradually eliminate possible threats. The move against Player2 indicates a strategic choice to remove an uncertain entity who hasn't contributed much, potentially to disrupt any passive accumulation of information.

For future strategic decisions, some important implications arise:

1. **Balancing Decisive Actions with Information Gathering**: As either a villager or a werewolf, it is crucial to collect as much intel as possible before making significant moves. This involves encouraging discussion and being observant of others' reactions and inputs.

2. **Risk vs. Reward**: The decision to target quieter players can sometimes backfire if these players are, in fact, villagers with important roles. Strategies need to account for the potential risk of eliminating key allies or inadvertently undermining one's own team's position.

3. **Adaptive Strategy**: With a high uncertainty score, Player1 demonstrates a willingness to adapt their strategy based on the limited information available. This adaptability needs to be maintained in future rounds as new evidence comes to light, shifting the focus or modifying plans accordingly.

4. **Interaction Implication**: By singling out Player2, Player1 also indirectly tests the group's dynamics, seeking to gauge the reactions of others, which in turn might inform Player1 about other players' possible roles or alliances. Engaging others in conversation is therefore a critical tool in strategizing effectively.

In essence, players need to strike a balance between proactive strategic decisions and reactive adjustments based on evolving game dynamics. Understanding the implications of each decision point is vital to maintaining an advantageous position, regardless of one's in-game role.
2025-03-02 00:24:59 - INFO - ===
2025-03-02 00:25:01 - INFO - ===
2025-03-02 00:25:01 - INFO - Query: Discussions related to werewolves.
2025-03-02 00:25:01 - INFO - Retrieved similar documents: Moderator: Okay, the role of Player1 is a werewolf.
Player3: {"thought": "I need to gather crucial information about one of the players to identify the werewolves. I will choose to check Player1 tonight, as I want to see if I can trust them.", "speak": "Player1"}
2025-03-02 00:25:01 - INFO - ===
2025-03-02 00:25:02 - INFO - ===
2025-03-02 00:25:02 - INFO - Query: Discussions related to werewolves.
2025-03-02 00:25:02 - INFO - Retrieved similar documents: Player4: {"thought": "I need to assess the situation. If Player2 is eliminated, that might give us more information for the next day phase. However, if Player2 is a villager, saving them could be beneficial. I'll need to consider if Player2 has provided any valuable input during discussions that might help us identify the werewolves.", "speak": "I choose not to resurrect Player2 because it might be strategic to allow the elimination to proceed and gather more information in the next day's discussions.", "resurrect": false}
2025-03-02 00:25:02 - INFO - ===
2025-03-02 00:25:04 - INFO - Survivors Discussion: I understand your concerns, Player3. To be honest, my vote was based on the feeling that Player2's arguments didn't seem very convincing. But it's crucial we come together to figure out who the werewolf might be. Do you have any leads?
2025-03-02 00:25:04 - INFO - Moderator: Given the game rules and your role, based on the situation and the information you gain, to win the game, it's time to vote one player eliminated among the alive players. Which player do you vote to kill?
2025-03-02 00:25:05 - INFO - ===
2025-03-02 00:25:05 - INFO - Query: Discussions related to villagers, seer, witch.
2025-03-02 00:25:05 - INFO - Retrieved similar documents: In this scenario, Player1 initially tries to identify potential threats by focusing on quieter participants, which is a common strategy to bring attention to those who might be staying under the radar intentionally. Player1's approach to mention Player2's lack of participation in discussions is an effort to stir conversation and gather more information, especially from Player3 and Player4, which could help clarify suspicions or confirm them.

Player1 then proceeds with a more decisive action, wherein they apparently hold the role of a werewolf, aiming to eliminate other players while avoiding detection. By targeting Player2 for elimination, Player1 exercises a strategy that involves balancing the total lack of concrete information with the need to gradually eliminate possible threats. The move against Player2 indicates a strategic choice to remove an uncertain entity who hasn't contributed much, potentially to disrupt any passive accumulation of information.

For future strategic decisions, some important implications arise:

1. **Balancing Decisive Actions with Information Gathering**: As either a villager or a werewolf, it is crucial to collect as much intel as possible before making significant moves. This involves encouraging discussion and being observant of others' reactions and inputs.

2. **Risk vs. Reward**: The decision to target quieter players can sometimes backfire if these players are, in fact, villagers with important roles. Strategies need to account for the potential risk of eliminating key allies or inadvertently undermining one's own team's position.

3. **Adaptive Strategy**: With a high uncertainty score, Player1 demonstrates a willingness to adapt their strategy based on the limited information available. This adaptability needs to be maintained in future rounds as new evidence comes to light, shifting the focus or modifying plans accordingly.

4. **Interaction Implication**: By singling out Player2, Player1 also indirectly tests the group's dynamics, seeking to gauge the reactions of others, which in turn might inform Player1 about other players' possible roles or alliances. Engaging others in conversation is therefore a critical tool in strategizing effectively.

In essence, players need to strike a balance between proactive strategic decisions and reactive adjustments based on evolving game dynamics. Understanding the implications of each decision point is vital to maintaining an advantageous position, regardless of one's in-game role.
2025-03-02 00:25:05 - INFO - ===
2025-03-02 00:25:06 - INFO - ===
2025-03-02 00:25:06 - INFO - Fast Response: {"thought": "Player3 has been less vocal lately, and their behavior seems off. I suspect they might be trying to blend in, which makes them a potential threat. Player4 has been participating but hasn't provided much insight either. I need to weigh the risks, but I lean towards Player3 for this vote.", "vote": "Player3", "uncertainty_score": "0.3"}
2025-03-02 00:25:06 - INFO - Fast Uncertainty: 0.3
2025-03-02 00:25:06 - INFO - ===
2025-03-02 00:25:09 - INFO - ===
2025-03-02 00:25:09 - INFO - Slow Response: {"thought": "I need to decide who to target next. Player3 and Player4 both remain alive, and it is unclear which of them poses a greater threat. Given Player2's elimination and the remaining dynamics, it's possible one of them might have a special role or is just playing strategically. I'll aim for Player3 to see how Player4 reacts and gathers more insight.", "vote": "Player3", "uncertainty_score": 0.5}
2025-03-02 00:25:09 - INFO - ===
2025-03-02 00:25:09 - INFO - ===
2025-03-02 00:25:09 - INFO - Query: Discussions related to werewolves.
2025-03-02 00:25:09 - INFO - Retrieved similar documents: Moderator: Okay, the role of Player1 is a werewolf.
Player3: {"thought": "I need to gather crucial information about one of the players to identify the werewolves. I will choose to check Player1 tonight, as I want to see if I can trust them.", "speak": "Player1"}
2025-03-02 00:25:09 - INFO - ===
2025-03-02 00:25:11 - INFO - ===
2025-03-02 00:25:11 - INFO - Query: Discussions related to werewolves.
2025-03-02 00:25:11 - INFO - Retrieved similar documents: Player4: {"thought": "I need to keep an eye on Player3's reasoning, as their suspicion of me could reveal their role. I also want to steer the conversation to redirect attention away from myself, while subtly probing for more information about Player1's views.", "speak": "I understand your concerns, Player3. To be honest, my vote was based on the feeling that Player2's arguments didn't seem very convincing. But it's crucial we come together to figure out who the werewolf might be. Do you have any leads?"}
2025-03-02 00:25:11 - INFO - ===
2025-03-02 00:25:12 - INFO - Moderator: Player3 has been voted out.
2025-03-02 00:25:12 - INFO - Moderator: The werewolves have prevailed and taken over the village. Better luck next time!
