{"basefilepath":"logs/fastslow","max_days_per_game":5,"num_games":20,"reflect_before_vectorstore":true,"max_werewolf_discussion_round":3,"similarity_top_k":2,"random_seed":42}
2025-03-02 00:15:45 - INFO - Starting game 2
2025-03-02 00:15:45 - INFO - Moderator: Player1, if you are the only werewolf, eliminate a player. Otherwise, discuss with your teammates and reach an agreement.
2025-03-02 00:15:45 - INFO - Moderator: Player1, if you are the only werewolf, eliminate a player. Otherwise, discuss with your teammates and reach an agreement.
2025-03-02 00:15:45 - INFO - ===
2025-03-02 00:15:45 - INFO - Query: Discussions related to villagers, seer, witch.
2025-03-02 00:15:45 - INFO - Retrieved similar documents: 
2025-03-02 00:15:45 - INFO - ===
2025-03-02 00:15:48 - INFO - Werewolves discussion: I think we should look closely at Player2 and Player3. They've been quite quiet in our discussions, and that can sometimes indicate they're trying to lay low as werewolves. What do you all think?
2025-03-02 00:15:48 - INFO - ===
2025-03-02 00:15:48 - INFO - Query: Discussions related to villagers, seer, witch.
2025-03-02 00:15:48 - INFO - Retrieved similar documents: 
2025-03-02 00:15:48 - INFO - ===
2025-03-02 00:15:50 - INFO - Werewolves discussion: I think we should start discussing who we find suspicious. Has anyone noticed anything odd about the way Player2, Player3, or Player4 have been acting?
2025-03-02 00:15:50 - INFO - Moderator: Which player do you vote to kill?
2025-03-02 00:15:50 - INFO - Moderator: Which player do you vote to kill?
2025-03-02 00:15:50 - INFO - ===
2025-03-02 00:15:50 - INFO - Query: Discussions related to villagers, seer, witch.
2025-03-02 00:15:50 - INFO - Retrieved similar documents: 
2025-03-02 00:15:50 - INFO - ===
2025-03-02 00:15:51 - INFO - ===
2025-03-02 00:15:51 - INFO - Fast Response: {"thought": "I need to consider which players are more suspicious based on our previous discussions. Player2 seems to be a bit vague and hasn't contributed much to the conversation, which makes me wonder if they're hiding something.", "vote": "Player2", "uncertainty_score": 0.3}
2025-03-02 00:15:51 - INFO - Fast Uncertainty: 0.3
2025-03-02 00:15:51 - INFO - ===
2025-03-02 00:15:54 - INFO - ===
2025-03-02 00:15:54 - INFO - Slow Response: {"thought": "As a werewolf, my objective is to eliminate the villagers while remaining undetected. It's the first night, and since I don't have any information on who might be the seer or the witch, my strategy is to target a random player to avoid suspicion. Killing Player2 might be a safe choice as it doesn't draw attention to any patterns yet.", "vote": "Player2", "uncertainty_score": 0.7}
2025-03-02 00:15:54 - INFO - ===
2025-03-02 00:15:54 - INFO - Moderator: The player with the most votes is Player2.
2025-03-02 00:15:54 - INFO - Moderator: Player4, you're the witch. Tonight Player2 is eliminated. Would you like to resurrect Player2?
2025-03-02 00:15:54 - INFO - ===
2025-03-02 00:15:54 - INFO - Query: Discussions related to werewolves.
2025-03-02 00:15:54 - INFO - Retrieved similar documents: 
2025-03-02 00:15:54 - INFO - ===
2025-03-02 00:15:56 - INFO - Witch resurrection response: I will choose not to resurrect Player2 because I suspect they might be one of the werewolves based on their previous behavior in discussions. It's safer to eliminate the threat than to bring them back into the game.
2025-03-02 00:15:56 - INFO - Moderator: The witch has chosen not to resurrect the player.
2025-03-02 00:15:56 - INFO - ===
2025-03-02 00:15:56 - INFO - Query: Discussions related to werewolves.
2025-03-02 00:15:56 - INFO - Retrieved similar documents: Player4: {"thought": "As Player4, I need to think strategically about this decision. Reviving Player2 could be beneficial if they are a villager or the Seer, but if they are a werewolf, it would be detrimental to the team. I need to weigh my options carefully.", "speak": "I will choose not to resurrect Player2 because I suspect they might be one of the werewolves based on their previous behavior in discussions. It's safer to eliminate the threat than to bring them back into the game.", "resurrect": false}
2025-03-02 00:15:56 - INFO - ===
2025-03-02 00:15:58 - INFO - Witch Poison Response: I think we should vote to eliminate Player2. Their previous behavior raises suspicion, and we need to focus on eliminating potential threats.
2025-03-02 00:15:58 - INFO - The witch has chosen to poison Player2.
2025-03-02 00:15:58 - INFO - Moderator: Player3, you're the seer. Which player in Player1, Player2, Player3 and Player4 would you like to check tonight?
2025-03-02 00:15:58 - INFO - ===
2025-03-02 00:15:58 - INFO - Query: Discussions related to werewolves.
2025-03-02 00:15:58 - INFO - Retrieved similar documents: 
2025-03-02 00:15:58 - INFO - ===
2025-03-02 00:15:59 - INFO - Seer response: Player1
2025-03-02 00:15:59 - INFO - Moderator: Okay, the role of Player1 is a werewolf.
2025-03-02 00:16:17 - INFO - ===
2025-03-02 00:16:17 - INFO - Query: Discussions related to villagers, seer, witch.
2025-03-02 00:16:17 - INFO - Retrieved similar documents: In this simulation, the decision-making sequence provides several insights into the strategies employed by Player1, a werewolf in the game. Here's a summary of key decisions and their implications:

1. **Observation and Low-Profile Maintenance**: Player1 consciously chooses to observe others for suspicious behavior while trying not to draw attention to themselves. This is a standard werewolf tactic to blend in with villagers and avoid detection.

2. **Strategic Discussions**: By suggesting that the group focus on quieter players such as Player2 and Player3, Player1 attempts to deflect suspicion onto others. This decision reflects an understanding that werewolves often need to steer conversations without being overtly controlling—subtlety is key.

3. **Premature Targeting**: Player1 decides to target Player2 during the first night with a high uncertainty score of 0.7. This reflects a risk inherent in the werewolf's role: decisions made with limited information can backfire if patterns become apparent. Targeting a player early on without a strategic basis can create unintended patterns leading to exposure later.

**Implications for Future Strategic Decisions**:

- **Balance Aggression and Subtlety**: Future decisions should weigh the benefits of being proactive in steering discussions without becoming the focal point of suspicion.
  
- **Understanding Group Dynamics**: Recognizing patterns in group behavior and adjusting strategies accordingly can strengthen a werewolf’s position. Considering how player roles interact over time is essential—avoiding early eliminations based on random choices.
  
- **Timing and Information Management**: Strategically choosing when to act decisively and when to withhold actions or information is crucial. Werewolves benefit greatly from leveraging uncertainty, using it to obscure intentions while gathering more information.

- **Flexibility and Adaptation**: Adjusting strategies based on other players' actions and changing dynamics is vital. As the group's suspicion shifts, so must the werewolf’s tactics to avoid being systematically cornered as more information comes to light.

Overall, Player1's approach demonstrates key considerations for werewolves: the importance of masking intentions, managing perceptions, and maintaining flexibility to respond to evolving game conditions.
2025-03-02 00:16:17 - INFO - ===
2025-03-02 00:16:20 - INFO - ===
2025-03-02 00:16:20 - INFO - Query: Discussions related to werewolves.
2025-03-02 00:16:20 - INFO - Retrieved similar documents: Moderator: Okay, the role of Player1 is a werewolf.
Player3: {"thought": "I need to gather information about someone's alignment to guide the villagers. I will check Player1 tonight to see if they are a werewolf or not.", "speak": "Player1"}
2025-03-02 00:16:20 - INFO - ===
2025-03-02 00:16:24 - INFO - ===
2025-03-02 00:16:24 - INFO - Query: Discussions related to werewolves.
2025-03-02 00:16:24 - INFO - Retrieved similar documents: Player4: {"thought": "I need to consider which player could pose the biggest threat to the villagers. Player2 has been acting suspicious and could be one of the werewolves. It's important to eliminate them to protect the remaining villagers.", "speak": "I think we should vote to eliminate Player2. Their previous behavior raises suspicion, and we need to focus on eliminating potential threats.", "eliminate": true}
2025-03-02 00:16:24 - INFO - ===
2025-03-02 00:16:26 - INFO - Survivors Discussion: I understand your concern, Player3. However, I believe it was crucial to vote for Player2 based on their suspicious behavior. We need to keep the focus on identifying any remaining threats.
2025-03-02 00:16:26 - INFO - Moderator: Given the game rules and your role, based on the situation and the information you gain, to win the game, it's time to vote one player eliminated among the alive players. Which player do you vote to kill?
2025-03-02 00:16:26 - INFO - ===
2025-03-02 00:16:26 - INFO - Query: Discussions related to villagers, seer, witch.
2025-03-02 00:16:26 - INFO - Retrieved similar documents: In this simulation, the decision-making sequence provides several insights into the strategies employed by Player1, a werewolf in the game. Here's a summary of key decisions and their implications:

1. **Observation and Low-Profile Maintenance**: Player1 consciously chooses to observe others for suspicious behavior while trying not to draw attention to themselves. This is a standard werewolf tactic to blend in with villagers and avoid detection.

2. **Strategic Discussions**: By suggesting that the group focus on quieter players such as Player2 and Player3, Player1 attempts to deflect suspicion onto others. This decision reflects an understanding that werewolves often need to steer conversations without being overtly controlling—subtlety is key.

3. **Premature Targeting**: Player1 decides to target Player2 during the first night with a high uncertainty score of 0.7. This reflects a risk inherent in the werewolf's role: decisions made with limited information can backfire if patterns become apparent. Targeting a player early on without a strategic basis can create unintended patterns leading to exposure later.

**Implications for Future Strategic Decisions**:

- **Balance Aggression and Subtlety**: Future decisions should weigh the benefits of being proactive in steering discussions without becoming the focal point of suspicion.
  
- **Understanding Group Dynamics**: Recognizing patterns in group behavior and adjusting strategies accordingly can strengthen a werewolf’s position. Considering how player roles interact over time is essential—avoiding early eliminations based on random choices.
  
- **Timing and Information Management**: Strategically choosing when to act decisively and when to withhold actions or information is crucial. Werewolves benefit greatly from leveraging uncertainty, using it to obscure intentions while gathering more information.

- **Flexibility and Adaptation**: Adjusting strategies based on other players' actions and changing dynamics is vital. As the group's suspicion shifts, so must the werewolf’s tactics to avoid being systematically cornered as more information comes to light.

Overall, Player1's approach demonstrates key considerations for werewolves: the importance of masking intentions, managing perceptions, and maintaining flexibility to respond to evolving game conditions.
2025-03-02 00:16:26 - INFO - ===
2025-03-02 00:16:29 - INFO - ===
2025-03-02 00:16:29 - INFO - Fast Response: {"thought": "Player3 seems to be playing quite defensively, which could indicate they are a villager trying to avoid suspicion. Player4 has been more vocal, but I still feel unsure about their role. Considering Player2 was targeted and eliminated, it might be a good time to target Player3 to see if they are a threat or hopefully eliminate another villager.", "vote": "Player3", "uncertainty_score": "0.6"}
2025-03-02 00:16:29 - INFO - Fast Uncertainty: 0.6
2025-03-02 00:16:29 - INFO - ===
2025-03-02 00:16:31 - INFO - ===
2025-03-02 00:16:31 - INFO - Slow Response: {"thought": "Player3 has been relatively quiet and less involved in discussions, making it easier to suggest their elimination without arousing too much suspicion against myself. This could help validate a villager's perspective while subtly steering the group's perception away from me.", "vote": "Player3", "uncertainty_score": "0.6"}
2025-03-02 00:16:31 - INFO - ===
2025-03-02 00:16:32 - INFO - ===
2025-03-02 00:16:32 - INFO - Query: Discussions related to werewolves.
2025-03-02 00:16:32 - INFO - Retrieved similar documents: Moderator: Okay, the role of Player1 is a werewolf.
Player3: {"thought": "I need to gather information about someone's alignment to guide the villagers. I will check Player1 tonight to see if they are a werewolf or not.", "speak": "Player1"}
2025-03-02 00:16:32 - INFO - ===
2025-03-02 00:16:34 - INFO - ===
2025-03-02 00:16:34 - INFO - Query: Discussions related to werewolves.
2025-03-02 00:16:34 - INFO - Retrieved similar documents: Player4: {"thought": "I need to consider which player could pose the biggest threat to the villagers. Player2 has been acting suspicious and could be one of the werewolves. It's important to eliminate them to protect the remaining villagers.", "speak": "I think we should vote to eliminate Player2. Their previous behavior raises suspicion, and we need to focus on eliminating potential threats.", "eliminate": true}
2025-03-02 00:16:34 - INFO - ===
2025-03-02 00:16:37 - INFO - Moderator: Player1 has been voted out.
2025-03-02 00:16:37 - INFO - Moderator: The game is over. The werewolves have been defeated, and the village is safe once again!
2025-03-02 00:16:37 - INFO - Moderator: The game is over. The werewolves have been defeated, and the village is safe once again!
