{"basefilepath":"logs/fastslow","max_days_per_game":5,"num_games":20,"reflect_before_vectorstore":true,"max_werewolf_discussion_round":3,"similarity_top_k":2,"random_seed":42}
2025-03-02 00:19:16 - INFO - Starting game 7
2025-03-02 00:19:16 - INFO - Moderator: Player1, if you are the only werewolf, eliminate a player. Otherwise, discuss with your teammates and reach an agreement.
2025-03-02 00:19:16 - INFO - Moderator: Player1, if you are the only werewolf, eliminate a player. Otherwise, discuss with your teammates and reach an agreement.
2025-03-02 00:19:16 - INFO - ===
2025-03-02 00:19:16 - INFO - Query: Discussions related to villagers, seer, witch.
2025-03-02 00:19:16 - INFO - Retrieved similar documents: 
2025-03-02 00:19:16 - INFO - ===
2025-03-02 00:19:17 - INFO - Werewolves discussion: I think we should discuss who we suspect might be a werewolf. Does anyone have any thoughts or observations from the night?
2025-03-02 00:19:17 - INFO - Moderator: Which player do you vote to kill?
2025-03-02 00:19:17 - INFO - Moderator: Which player do you vote to kill?
2025-03-02 00:19:17 - INFO - ===
2025-03-02 00:19:17 - INFO - Query: Discussions related to villagers, seer, witch.
2025-03-02 00:19:17 - INFO - Retrieved similar documents: 
2025-03-02 00:19:17 - INFO - ===
2025-03-02 00:19:18 - INFO - ===
2025-03-02 00:19:18 - INFO - Fast Response: {"thought": "I suspect Player2 might be a werewolf based on their behavior during the last discussion. They seemed to avoid accusations and deflected attention towards Player3, which felt suspicious.", "vote": "Player2", "uncertainty_score": "0.3"}
2025-03-02 00:19:18 - INFO - Fast Uncertainty: 0.3
2025-03-02 00:19:18 - INFO - ===
2025-03-02 00:19:20 - INFO - ===
2025-03-02 00:19:20 - INFO - Slow Response: {"thought": "Since this is the first night and I have no information about others' roles, I will randomly choose a player to eliminate. It's difficult to make an informed decision since no discussions or investigations have occurred yet.", "vote": "Player3", "uncertainty_score": 0.9}
2025-03-02 00:19:20 - INFO - ===
2025-03-02 00:19:20 - INFO - Moderator: The player with the most votes is Player3.
2025-03-02 00:19:20 - INFO - Moderator: Player4, you're the witch. Tonight Player3 is eliminated. Would you like to resurrect Player3?
2025-03-02 00:19:20 - INFO - ===
2025-03-02 00:19:20 - INFO - Query: Discussions related to werewolves.
2025-03-02 00:19:20 - INFO - Retrieved similar documents: 
2025-03-02 00:19:20 - INFO - ===
2025-03-02 00:19:22 - INFO - Witch resurrection response: I'm choosing not to resurrect Player3 because we need to gather more information about the remaining players and Player3's role may not have been as critical as we thought. Let's see how the next discussion unfolds.
2025-03-02 00:19:22 - INFO - Moderator: The witch has chosen not to resurrect the player.
2025-03-02 00:19:22 - INFO - ===
2025-03-02 00:19:22 - INFO - Query: Discussions related to werewolves.
2025-03-02 00:19:22 - INFO - Retrieved similar documents: Player4: {"thought": "It's crucial to think strategically about whether reviving Player3 is beneficial for the villagers' cause. I need to assess who is more likely to be a werewolf and who is providing valuable information to the group.", "speak": "I'm choosing not to resurrect Player3 because we need to gather more information about the remaining players and Player3's role may not have been as critical as we thought. Let's see how the next discussion unfolds.", "resurrect": false}
2025-03-02 00:19:22 - INFO - ===
2025-03-02 00:19:25 - INFO - Witch Poison Response: I think it's time we discuss who we suspect might be werewolves. I have some serious doubts about Player3. What do you both think?
2025-03-02 00:19:25 - INFO - The witch has chosen not to poison a player.
2025-03-02 00:19:25 - INFO - Moderator: Player3, you're the seer. Which player in Player1, Player2, Player3 and Player4 would you like to check tonight?
2025-03-02 00:19:25 - INFO - ===
2025-03-02 00:19:25 - INFO - Query: Discussions related to werewolves.
2025-03-02 00:19:25 - INFO - Retrieved similar documents: 
2025-03-02 00:19:25 - INFO - ===
2025-03-02 00:19:26 - INFO - Seer response: Player1
2025-03-02 00:19:26 - INFO - Moderator: Okay, the role of Player1 is a werewolf.
2025-03-02 00:19:36 - INFO - ===
2025-03-02 00:19:36 - INFO - Query: Discussions related to villagers, seer, witch.
2025-03-02 00:19:36 - INFO - Retrieved similar documents: In the Werewolf game scenario described, Player1's decisions showcase the challenges encountered when limited information is available early in the game. Here are the key points and their implications for future strategic decisions:

1. **Information Gathering and Conversation Steering:**
   - Player1 attempts to gather information by initiating a discussion about suspicions, which is a crucial strategy for uncovering information and potential roles in Werewolf. By acting casual and subtly guiding the conversation, Player1 aims to avoid being suspected while seeking insights from others.
   - **Future Implication:** Encouraging open discussions is vital, as it can lead to revelations about players' roles and intentions. However, players should balance guiding conversations without appearing overly manipulative, as that can raise suspicion.

2. **Random Elimination Decision:**
   - Given the lack of concrete evidence or insights early in the game, Player1 chooses to vote against Player3 without a strong basis, reflecting a high uncertainty score (0.9). This decision highlights the frequent need for randomness in initial votes when players lack information.
   - **Future Implication:** Early game decisions often rely on luck and randomness due to a lack of sufficient evidence or patterns. It is important for players to adapt their strategies based on emerging information as the game progresses. Developing a framework for assessing risk with limited data could improve decision accuracy later.

3. **Uncertainty Management:**
   - Player1 acknowledges the uncertainty in their decision-making, which indicates awareness but also highlights the potential consequences of making uninformed decisions, such as eliminating an innocent player.
   - **Future Implication:** Players need to manage uncertainty by actively seeking patterns and inconsistencies in behavior, discussions, and voting patterns as the game unfolds. Establishing a system to evaluate trustworthiness based on previous rounds can help reduce uncertainty over time.

Overall, the early rounds of Werewolf demand strategies that evolve as more information becomes available. Player1's approach should encourage continued dialogue, adaptive decision-making, and an openness to revising strategies based on new insights to enhance chances of success in future games.
2025-03-02 00:19:36 - INFO - ===
2025-03-02 00:19:41 - INFO - ===
2025-03-02 00:19:41 - INFO - Query: Discussions related to werewolves.
2025-03-02 00:19:41 - INFO - Retrieved similar documents: 
2025-03-02 00:19:41 - INFO - ===
2025-03-02 00:19:43 - INFO - ===
2025-03-02 00:19:43 - INFO - Query: Discussions related to werewolves.
2025-03-02 00:19:43 - INFO - Retrieved similar documents: Player4: {"thought": "I need to carefully consider who might be the werewolves among the remaining players. Player1 and Player2 have been somewhat active in discussions. I suspect Player3 might be hiding something based on their previous behavior.", "speak": "I think it's time we discuss who we suspect might be werewolves. I have some serious doubts about Player3. What do you both think?", "eliminate": false}
2025-03-02 00:19:43 - INFO - ===
2025-03-02 00:19:45 - INFO - Survivors Discussion: I appreciate your thoughts, Player2. I think we should also pay attention to how Player1 has been behaving throughout this discussion. Player1, what are your thoughts on Player3's elimination and who you suspect now?
2025-03-02 00:19:45 - INFO - Moderator: Given the game rules and your role, based on the situation and the information you gain, to win the game, it's time to vote one player eliminated among the alive players. Which player do you vote to kill?
2025-03-02 00:19:45 - INFO - ===
2025-03-02 00:19:45 - INFO - Query: Discussions related to villagers, seer, witch.
2025-03-02 00:19:45 - INFO - Retrieved similar documents: In the Werewolf game scenario described, Player1's decisions showcase the challenges encountered when limited information is available early in the game. Here are the key points and their implications for future strategic decisions:

1. **Information Gathering and Conversation Steering:**
   - Player1 attempts to gather information by initiating a discussion about suspicions, which is a crucial strategy for uncovering information and potential roles in Werewolf. By acting casual and subtly guiding the conversation, Player1 aims to avoid being suspected while seeking insights from others.
   - **Future Implication:** Encouraging open discussions is vital, as it can lead to revelations about players' roles and intentions. However, players should balance guiding conversations without appearing overly manipulative, as that can raise suspicion.

2. **Random Elimination Decision:**
   - Given the lack of concrete evidence or insights early in the game, Player1 chooses to vote against Player3 without a strong basis, reflecting a high uncertainty score (0.9). This decision highlights the frequent need for randomness in initial votes when players lack information.
   - **Future Implication:** Early game decisions often rely on luck and randomness due to a lack of sufficient evidence or patterns. It is important for players to adapt their strategies based on emerging information as the game progresses. Developing a framework for assessing risk with limited data could improve decision accuracy later.

3. **Uncertainty Management:**
   - Player1 acknowledges the uncertainty in their decision-making, which indicates awareness but also highlights the potential consequences of making uninformed decisions, such as eliminating an innocent player.
   - **Future Implication:** Players need to manage uncertainty by actively seeking patterns and inconsistencies in behavior, discussions, and voting patterns as the game unfolds. Establishing a system to evaluate trustworthiness based on previous rounds can help reduce uncertainty over time.

Overall, the early rounds of Werewolf demand strategies that evolve as more information becomes available. Player1's approach should encourage continued dialogue, adaptive decision-making, and an openness to revising strategies based on new insights to enhance chances of success in future games.
2025-03-02 00:19:45 - INFO - ===
2025-03-02 00:19:47 - INFO - ===
2025-03-02 00:19:47 - INFO - Fast Response: {"thought": "I believe Player2 is acting a bit suspiciously compared to Player4, who has been more communicative. I need to proceed carefully since this is a critical decision. However, I still feel somewhat uncertain because I have little concrete evidence to act on.", "vote": "Player2", "uncertainty_score": "0.7"}
2025-03-02 00:19:47 - INFO - Fast Uncertainty: 0.7
2025-03-02 00:19:47 - INFO - ===
2025-03-02 00:19:50 - INFO - ===
2025-03-02 00:19:50 - INFO - Slow Response: {"thought": "With Player3 eliminated and no substantial evidence against Player2 or Player4, it's challenging to make a definitive decision. In the previous round, there was an arbitrary vote against Player3, which could have been a mistake with Player3 turning out innocent. Player4 has been quieter and less engaged, which might indicate trying to stay under the radar. Therefore, I'll vote for Player4 with some uncertainty.", "vote": "Player4", "uncertainty_score": "0.7"}
2025-03-02 00:19:50 - INFO - ===
2025-03-02 00:19:50 - INFO - ===
2025-03-02 00:19:50 - INFO - Query: Discussions related to werewolves.
2025-03-02 00:19:50 - INFO - Retrieved similar documents: Player2: {"thought": "I need to tread carefully and gather more information. Since Player3 is out, I'm trying to figure out if Player1 or Player4 could be a werewolf based on their discussions last night.", "speak": "I agree, we need to be cautious. Player3 was a villager, so that puts more pressure on us. I think we should consider how Player1 and Player4 reacted to Player3's accusations. Anyone have specific observations?"}
Player2: {"thought": "I need to tread carefully and gather more information. Since Player3 is out, I'm trying to figure out if Player1 or Player4 could be a werewolf based on their discussions last night.", "speak": "I agree, we need to be cautious. Player3 was a villager, so that puts more pressure on us. I think we should consider how Player1 and Player4 reacted to Player3's accusations. Anyone have specific observations?"}
2025-03-02 00:19:50 - INFO - ===
2025-03-02 00:19:52 - INFO - ===
2025-03-02 00:19:52 - INFO - Query: Discussions related to werewolves.
2025-03-02 00:19:52 - INFO - Retrieved similar documents: Player4: {"thought": "I need to carefully consider who might be the werewolves among the remaining players. Player1 and Player2 have been somewhat active in discussions. I suspect Player3 might be hiding something based on their previous behavior.", "speak": "I think it's time we discuss who we suspect might be werewolves. I have some serious doubts about Player3. What do you both think?", "eliminate": false}
2025-03-02 00:19:52 - INFO - ===
2025-03-02 00:19:54 - INFO - Moderator: Player1 has been voted out.
2025-03-02 00:19:54 - INFO - Moderator: The game is over. The werewolves have been defeated, and the village is safe once again!
2025-03-02 00:19:54 - INFO - Moderator: The game is over. The werewolves have been defeated, and the village is safe once again!
