{"basefilepath":"logs/fastslow","max_days_per_game":5,"num_games":20,"reflect_before_vectorstore":true,"max_werewolf_discussion_round":3,"similarity_top_k":2,"random_seed":42}
2025-03-02 00:20:34 - INFO - Starting game 9
2025-03-02 00:20:34 - INFO - Moderator: Player1, if you are the only werewolf, eliminate a player. Otherwise, discuss with your teammates and reach an agreement.
2025-03-02 00:20:34 - INFO - Moderator: Player1, if you are the only werewolf, eliminate a player. Otherwise, discuss with your teammates and reach an agreement.
2025-03-02 00:20:34 - INFO - ===
2025-03-02 00:20:34 - INFO - Query: Discussions related to villagers, seer, witch.
2025-03-02 00:20:34 - INFO - Retrieved similar documents: 
2025-03-02 00:20:34 - INFO - ===
2025-03-02 00:20:37 - INFO - Werewolves discussion: I think we should consider Player2's recent comments about the game. If anyone has had a chance to learn something from the Seer, now would be a good time to speak up. We need to analyze everyone’s behavior closely to figure out who the werewolves might be.
2025-03-02 00:20:37 - INFO - Moderator: Which player do you vote to kill?
2025-03-02 00:20:37 - INFO - Moderator: Which player do you vote to kill?
2025-03-02 00:20:37 - INFO - ===
2025-03-02 00:20:37 - INFO - Query: Discussions related to villagers, seer, witch.
2025-03-02 00:20:37 - INFO - Retrieved similar documents: 
2025-03-02 00:20:37 - INFO - ===
2025-03-02 00:20:38 - INFO - ===
2025-03-02 00:20:38 - INFO - Fast Response: {"thought": "I suspect Player2 is acting a bit suspiciously and not contributing much to the discussion, which makes me think they might be a werewolf.", "vote": "Player2", "uncertainty_score": 0.3}
2025-03-02 00:20:38 - INFO - Fast Uncertainty: 0.3
2025-03-02 00:20:38 - INFO - ===
2025-03-02 00:20:40 - INFO - ===
2025-03-02 00:20:40 - INFO - Slow Response: {"thought": "As a werewolf, I aim to eliminate a player without exposing myself and the other werewolf. Choosing a player that seems likely to be viewed as suspicious by others can aid in deflecting blame from myself or my teammate.", "vote": "Player2", "uncertainty_score": "0.3"}
2025-03-02 00:20:40 - INFO - ===
2025-03-02 00:20:40 - INFO - Moderator: The player with the most votes is Player2.
2025-03-02 00:20:40 - INFO - Moderator: Player4, you're the witch. Tonight Player2 is eliminated. Would you like to resurrect Player2?
2025-03-02 00:20:40 - INFO - ===
2025-03-02 00:20:40 - INFO - Query: Discussions related to werewolves.
2025-03-02 00:20:40 - INFO - Retrieved similar documents: 
2025-03-02 00:20:40 - INFO - ===
2025-03-02 00:20:43 - INFO - Witch resurrection response: I will choose to resurrect Player2 because having more players can aid in detecting the werewolves and provide crucial information.
2025-03-02 00:20:43 - INFO - Moderator: The witch has chosen to resurrect the player.
2025-03-02 00:20:43 - INFO - Moderator: Player3, you're the seer. Which player in Player1, Player2, Player3 and Player4 would you like to check tonight?
2025-03-02 00:20:43 - INFO - ===
2025-03-02 00:20:43 - INFO - Query: Discussions related to werewolves.
2025-03-02 00:20:43 - INFO - Retrieved similar documents: 
2025-03-02 00:20:43 - INFO - ===
2025-03-02 00:20:44 - INFO - Seer response: Player1
2025-03-02 00:20:44 - INFO - Moderator: Okay, the role of Player1 is a werewolf.
2025-03-02 00:21:01 - INFO - ===
2025-03-02 00:21:01 - INFO - Query: Discussions related to villagers, seer, witch.
2025-03-02 00:21:01 - INFO - Retrieved similar documents: In this scenario, Player1 is a werewolf attempting to navigate the social dynamics of the game while maintaining a façade of being a villager. Their primary strategy involves casting suspicion on Player2, possibly to eliminate a potential threat or divert attention away from themselves and their werewolf accomplice. Here are some key reflections and implications for future strategic decisions:

1. **Information Gathering and Sharing:** Player1 emphasizes the importance of gathering more information and leveraging the Seer's insights. For future games, it is crucial for villagers to practice discerning when to reveal critical information and to whom, as premature exposure can lead to a quick elimination by werewolves.

2. **Strategic Communication:** Steering the discussion towards specific players, as Player1 attempts, can serve dual purposes. It's vital for villagers to recognize tactics used by werewolves to manipulate group perceptions. Players should strive for open and clear communication to counteract misdirection.

3. **Suspect Identification:** By casting suspicion on Player2, Player1 seeks to direct the group's focus. This highlights the necessity for villagers to critically evaluate accusations and voting patterns. Reviewing who votes for whom and the rationale behind votes can provide insight into hidden motivations.

4. **Risk and Uncertainty Management:** With an uncertainty score of 0.3, Player1 is relatively confident in their chosen scapegoat but not infallibly so. Future strategic decision-making should consider the risks of being too overt or confident in accusations, as this can lead to counter-suspicion.

5. **Maintaining Role Ambiguity:** Player1's plan to obscure their identity while paving the way for misdirection is critical in sowing confusion among villagers. Villagers need to maintain skepticism and form alliances wisely, ensuring they share information selectively and press for consistency in narratives.

Overall, strategic decision-making in Werewolf involves a delicate balance between gathering intelligence and leveraging it without sacrificing one's anonymity or the group's objectives.ensuring cooperative players remain vigilant against manipulation by observant and strategic adversaries like Player1.
2025-03-02 00:21:01 - INFO - ===
2025-03-02 00:21:05 - INFO - ===
2025-03-02 00:21:05 - INFO - Query: Discussions related to werewolves.
2025-03-02 00:21:05 - INFO - Retrieved similar documents: 
2025-03-02 00:21:05 - INFO - ===
2025-03-02 00:21:08 - INFO - ===
2025-03-02 00:21:08 - INFO - Query: Discussions related to werewolves.
2025-03-02 00:21:08 - INFO - Retrieved similar documents: Moderator: Okay, the role of Player1 is a werewolf.
Player3: {"thought": "I need to gather information to help the villagers. I suspect Player1 could be a werewolf, so I'll check them tonight.", "speak": "Player1"}
2025-03-02 00:21:08 - INFO - ===
2025-03-02 00:21:10 - INFO - ===
2025-03-02 00:21:10 - INFO - Query: Discussions related to werewolves.
2025-03-02 00:21:10 - INFO - Retrieved similar documents: Player4: {"thought": "It seems like Player2 was eliminated, but this could be part of a larger strategy by the werewolves. Resurrecting Player2 could give us further insight into the situation, depending on their role.", "speak": "I will choose to resurrect Player2 because having more players can aid in detecting the werewolves and provide crucial information.", "resurrect": true}
2025-03-02 00:21:10 - INFO - ===
2025-03-02 00:21:12 - INFO - Survivors Discussion: Definitely, keeping an eye on those who defend each other is key. We need to be strategic about who we vote for next.
2025-03-02 00:21:12 - INFO - Moderator: Given the game rules and your role, based on the situation and the information you gain, to win the game, it's time to vote one player eliminated among the alive players. Which player do you vote to kill?
2025-03-02 00:21:16 - INFO - ===
2025-03-02 00:21:16 - INFO - Query: Discussions related to villagers, seer, witch.
2025-03-02 00:21:16 - INFO - Retrieved similar documents: In this scenario, Player1 is a werewolf attempting to navigate the social dynamics of the game while maintaining a façade of being a villager. Their primary strategy involves casting suspicion on Player2, possibly to eliminate a potential threat or divert attention away from themselves and their werewolf accomplice. Here are some key reflections and implications for future strategic decisions:

1. **Information Gathering and Sharing:** Player1 emphasizes the importance of gathering more information and leveraging the Seer's insights. For future games, it is crucial for villagers to practice discerning when to reveal critical information and to whom, as premature exposure can lead to a quick elimination by werewolves.

2. **Strategic Communication:** Steering the discussion towards specific players, as Player1 attempts, can serve dual purposes. It's vital for villagers to recognize tactics used by werewolves to manipulate group perceptions. Players should strive for open and clear communication to counteract misdirection.

3. **Suspect Identification:** By casting suspicion on Player2, Player1 seeks to direct the group's focus. This highlights the necessity for villagers to critically evaluate accusations and voting patterns. Reviewing who votes for whom and the rationale behind votes can provide insight into hidden motivations.

4. **Risk and Uncertainty Management:** With an uncertainty score of 0.3, Player1 is relatively confident in their chosen scapegoat but not infallibly so. Future strategic decision-making should consider the risks of being too overt or confident in accusations, as this can lead to counter-suspicion.

5. **Maintaining Role Ambiguity:** Player1's plan to obscure their identity while paving the way for misdirection is critical in sowing confusion among villagers. Villagers need to maintain skepticism and form alliances wisely, ensuring they share information selectively and press for consistency in narratives.

Overall, strategic decision-making in Werewolf involves a delicate balance between gathering intelligence and leveraging it without sacrificing one's anonymity or the group's objectives.ensuring cooperative players remain vigilant against manipulation by observant and strategic adversaries like Player1.
2025-03-02 00:21:16 - INFO - ===
2025-03-02 00:21:17 - INFO - ===
2025-03-02 00:21:17 - INFO - Fast Response: {"thought": "I believe Player2 is the most suspicious and can pose a threat if they continue to gather information. Directing the group's focus on them will benefit my strategy.", "vote": "Player2", "uncertainty_score": "0.3"}
2025-03-02 00:21:17 - INFO - Fast Uncertainty: 0.3
2025-03-02 00:21:17 - INFO - ===
2025-03-02 00:21:19 - INFO - ===
2025-03-02 00:21:19 - INFO - Slow Response: {"thought": "I need to direct suspicion away from myself as a werewolf. I'll continue to cast suspicion on Player2, leveraging any previous doubts the group might have had about them.", "vote": "Player2", "uncertainty_score": 0.4}
2025-03-02 00:21:19 - INFO - ===
2025-03-02 00:21:19 - INFO - ===
2025-03-02 00:21:19 - INFO - Query: Discussions related to werewolves.
2025-03-02 00:21:19 - INFO - Retrieved similar documents: Player2: {"thought": "I need to defend myself and keep the attention away from me, while also looking for any inconsistencies in Player1's reasoning.", "speak": "I understand your point, Player1, but I don't think being quiet necessarily means someone is a werewolf. I think we should focus on actions that have been taken, not just words. Let's discuss what others have done too."}
Player2: {"thought": "I need to defend myself and keep the attention away from me, while also looking for any inconsistencies in Player1's reasoning.", "speak": "I understand your point, Player1, but I don't think being quiet necessarily means someone is a werewolf. I think we should focus on actions that have been taken, not just words. Let's discuss what others have done too."}
2025-03-02 00:21:19 - INFO - ===
2025-03-02 00:21:21 - INFO - ===
2025-03-02 00:21:21 - INFO - Query: Discussions related to werewolves.
2025-03-02 00:21:21 - INFO - Retrieved similar documents: Moderator: Okay, the role of Player1 is a werewolf.
Player3: {"thought": "It's interesting that Player2 is questioning Player1's quietness, but Player1 is already marked as a werewolf. We need to be careful and consider who seems to be defending him or shifting focus away from him.", "speak": "I agree, Player2. Let's also keep an eye on who is defending Player1, as that might give us more information."}
2025-03-02 00:21:21 - INFO - ===
2025-03-02 00:21:23 - INFO - ===
2025-03-02 00:21:23 - INFO - Query: Discussions related to werewolves.
2025-03-02 00:21:23 - INFO - Retrieved similar documents: Player4: {"thought": "It seems like Player2 was eliminated, but this could be part of a larger strategy by the werewolves. Resurrecting Player2 could give us further insight into the situation, depending on their role.", "speak": "I will choose to resurrect Player2 because having more players can aid in detecting the werewolves and provide crucial information.", "resurrect": true}
2025-03-02 00:21:23 - INFO - ===
2025-03-02 00:21:25 - INFO - Moderator: Player1 has been voted out.
2025-03-02 00:21:25 - INFO - Moderator: The game is over. The werewolves have been defeated, and the village is safe once again!
2025-03-02 00:21:25 - INFO - Moderator: The game is over. The werewolves have been defeated, and the village is safe once again!
