{"basefilepath":"logs/fastslow","max_days_per_game":5,"num_games":20,"reflect_before_vectorstore":true,"max_werewolf_discussion_round":3,"similarity_top_k":2,"random_seed":42}
2025-03-02 00:17:20 - INFO - Starting game 4
2025-03-02 00:17:20 - INFO - Moderator: Player1, if you are the only werewolf, eliminate a player. Otherwise, discuss with your teammates and reach an agreement.
2025-03-02 00:17:20 - INFO - Moderator: Player1, if you are the only werewolf, eliminate a player. Otherwise, discuss with your teammates and reach an agreement.
2025-03-02 00:17:20 - INFO - ===
2025-03-02 00:17:20 - INFO - Query: Discussions related to villagers, seer, witch.
2025-03-02 00:17:20 - INFO - Retrieved similar documents: 
2025-03-02 00:17:20 - INFO - ===
2025-03-02 00:17:22 - INFO - Werewolves discussion: I find it interesting how easily we can point fingers at each other. Shouldn't we consider who hasn't spoken up much? We need to analyze everyone's behavior to catch the werewolves.
2025-03-02 00:17:22 - INFO - Moderator: Which player do you vote to kill?
2025-03-02 00:17:22 - INFO - Moderator: Which player do you vote to kill?
2025-03-02 00:17:22 - INFO - ===
2025-03-02 00:17:22 - INFO - Query: Discussions related to villagers, seer, witch.
2025-03-02 00:17:22 - INFO - Retrieved similar documents: 
2025-03-02 00:17:22 - INFO - ===
2025-03-02 00:17:23 - INFO - ===
2025-03-02 00:17:23 - INFO - Fast Response: {"thought": "I suspect Player3 might be a werewolf because they have been quite quiet and haven't contributed much to the discussion. It's possible they are trying to avoid drawing attention to themselves.", "vote": "Player3", "uncertainty_score": 0.3}
2025-03-02 00:17:23 - INFO - Fast Uncertainty: 0.3
2025-03-02 00:17:23 - INFO - ===
2025-03-02 00:17:25 - INFO - ===
2025-03-02 00:17:25 - INFO - Slow Response: {"thought": "I need more information about each player's behavior to determine who might be a villager or special role. At this stage, my best move is to randomly pick a player, as there is little to differentiate between them, given no discussions or behavior have been observed yet.", "vote": "Player2", "uncertainty_score": 0.9}
2025-03-02 00:17:25 - INFO - ===
2025-03-02 00:17:26 - INFO - Moderator: The player with the most votes is Player2.
2025-03-02 00:17:26 - INFO - Moderator: Player4, you're the witch. Tonight Player2 is eliminated. Would you like to resurrect Player2?
2025-03-02 00:17:26 - INFO - ===
2025-03-02 00:17:26 - INFO - Query: Discussions related to werewolves.
2025-03-02 00:17:26 - INFO - Retrieved similar documents: 
2025-03-02 00:17:26 - INFO - ===
2025-03-02 00:17:28 - INFO - Witch resurrection response: I choose to resurrect Player2 because their survival can provide us with additional information and potentially narrow down our suspect list.
2025-03-02 00:17:28 - INFO - Moderator: The witch has chosen to resurrect the player.
2025-03-02 00:17:28 - INFO - Moderator: Player3, you're the seer. Which player in Player1, Player2, Player3 and Player4 would you like to check tonight?
2025-03-02 00:17:28 - INFO - ===
2025-03-02 00:17:28 - INFO - Query: Discussions related to werewolves.
2025-03-02 00:17:28 - INFO - Retrieved similar documents: 
2025-03-02 00:17:28 - INFO - ===
2025-03-02 00:17:29 - INFO - Seer response: Player1
2025-03-02 00:17:29 - INFO - Moderator: Okay, the role of Player1 is a werewolf.
2025-03-02 00:17:40 - INFO - ===
2025-03-02 00:17:40 - INFO - Query: Discussions related to villagers, seer, witch.
2025-03-02 00:17:40 - INFO - Retrieved similar documents: In the observed decisions, Player1 is trying to play a cautious game, attempting to maintain a neutral or hidden position while instilling doubt among the other players. The strategy involves engaging in discussions about player behavior and urging analysis, which serves to deflect suspicion from themselves.

**Key Observations and Implications:**

1. **Sowing Doubt:** Player1 is focused on suggesting that everyone should be scrutinized, especially those who have not been outspoken. This approach can help keep Player1's identity ambiguous, which is essential for players trying to avoid being targeted themselves.

2. **Encouraging Analysis:** By encouraging analysis and focusing on understanding each player's behavior, Player1 aims to foster skepticism and keep the group disoriented about the true identity of the werewolves. It's a tactic to avoid being singled out by redirecting the group's attention.

3. **High Uncertainty in Voting:** The vote cast by Player1 against Player2, with a high uncertainty score, indicates a lack of strong evidence or conviction in their choice. This reveals a strategy of random selection in the early game when information is scarce, highlighting the need to protect oneself from making strong accusations that could backfire.

**Implications for Future Strategic Decisions:**

- **Information Gathering:** A key strategy moving forward should involve gathering more information through discussion and observation before making any decisive moves or accusations. Early uncertainty can often lead to misplaced votes that may not benefit strategic interests.

- **Balancing Visibility:** While it's important to avoid drawing suspicion, going completely unnoticed can also raise doubts. Player1 and similar players should manage their visibility by contributing substantively without overcommitting to any specific narrative or accusations.

- **Voting Tactics:** In the early stages, it's beneficial to employ a conservative approach to voting, as demonstrated by Player1's high uncertainty. As the game progresses and more behavior is observed, strategic targeting should be refined based on accumulating evidence and behavioral insights.

These strategic reflections suggest an ongoing need for adaptability, careful observation, and networking to remain ambiguous while gradually positioning oneself for more informed decisions.
2025-03-02 00:17:40 - INFO - ===
2025-03-02 00:17:42 - INFO - ===
2025-03-02 00:17:42 - INFO - Query: Discussions related to werewolves.
2025-03-02 00:17:42 - INFO - Retrieved similar documents: 
2025-03-02 00:17:42 - INFO - ===
2025-03-02 00:17:43 - INFO - ===
2025-03-02 00:17:43 - INFO - Query: Discussions related to werewolves.
2025-03-02 00:17:43 - INFO - Retrieved similar documents: Moderator: Okay, the role of Player1 is a werewolf.
Player3: {"thought": "I need to gather information to help the villagers identify the werewolves. I'll check one of the players to gather intelligence. I will check Player1 tonight, as they seem to be a potential candidate for being a werewolf based on their behavior so far.", "speak": "Player1"}
2025-03-02 00:17:43 - INFO - ===
2025-03-02 00:17:45 - INFO - ===
2025-03-02 00:17:45 - INFO - Query: Discussions related to werewolves.
2025-03-02 00:17:45 - INFO - Retrieved similar documents: Player4: {"thought": "It seems that Player2 has been targeted for elimination. If I resurrect them, I can both save a player and gain their insight, which may help us identify the werewolves. However, I need to be cautious about revealing my role too soon.", "speak": "I choose to resurrect Player2 because their survival can provide us with additional information and potentially narrow down our suspect list.", "resurrect": true}
2025-03-02 00:17:45 - INFO - ===
2025-03-02 00:17:47 - INFO - Survivors Discussion: I understand your points, Player3. It's important for us to consider everyone's behavior. Have either of you noticed anything unusual about Player1?
2025-03-02 00:17:47 - INFO - Moderator: Given the game rules and your role, based on the situation and the information you gain, to win the game, it's time to vote one player eliminated among the alive players. Which player do you vote to kill?
2025-03-02 00:17:47 - INFO - ===
2025-03-02 00:17:47 - INFO - Query: Discussions related to villagers, seer, witch.
2025-03-02 00:17:47 - INFO - Retrieved similar documents: In the observed decisions, Player1 is trying to play a cautious game, attempting to maintain a neutral or hidden position while instilling doubt among the other players. The strategy involves engaging in discussions about player behavior and urging analysis, which serves to deflect suspicion from themselves.

**Key Observations and Implications:**

1. **Sowing Doubt:** Player1 is focused on suggesting that everyone should be scrutinized, especially those who have not been outspoken. This approach can help keep Player1's identity ambiguous, which is essential for players trying to avoid being targeted themselves.

2. **Encouraging Analysis:** By encouraging analysis and focusing on understanding each player's behavior, Player1 aims to foster skepticism and keep the group disoriented about the true identity of the werewolves. It's a tactic to avoid being singled out by redirecting the group's attention.

3. **High Uncertainty in Voting:** The vote cast by Player1 against Player2, with a high uncertainty score, indicates a lack of strong evidence or conviction in their choice. This reveals a strategy of random selection in the early game when information is scarce, highlighting the need to protect oneself from making strong accusations that could backfire.

**Implications for Future Strategic Decisions:**

- **Information Gathering:** A key strategy moving forward should involve gathering more information through discussion and observation before making any decisive moves or accusations. Early uncertainty can often lead to misplaced votes that may not benefit strategic interests.

- **Balancing Visibility:** While it's important to avoid drawing suspicion, going completely unnoticed can also raise doubts. Player1 and similar players should manage their visibility by contributing substantively without overcommitting to any specific narrative or accusations.

- **Voting Tactics:** In the early stages, it's beneficial to employ a conservative approach to voting, as demonstrated by Player1's high uncertainty. As the game progresses and more behavior is observed, strategic targeting should be refined based on accumulating evidence and behavioral insights.

These strategic reflections suggest an ongoing need for adaptability, careful observation, and networking to remain ambiguous while gradually positioning oneself for more informed decisions.
2025-03-02 00:17:47 - INFO - ===
2025-03-02 00:17:49 - INFO - ===
2025-03-02 00:17:49 - INFO - Fast Response: {"thought": "Given that I need to make a decision to protect myself, I will vote against Player4. They have been relatively quiet and haven't contributed much to the discussions. While this isn't conclusive evidence of them being a werewolf, their silence raises some suspicion. I feel uncertain about this vote, but it's better to take a chance than to let them remain unchallenged.", "vote": "Player4", "uncertainty_score": "0.6"}
2025-03-02 00:17:49 - INFO - Fast Uncertainty: 0.6
2025-03-02 00:17:49 - INFO - ===
2025-03-02 00:17:52 - INFO - ===
2025-03-02 00:17:52 - INFO - Slow Response: {"thought": "At this point, everyone is still alive and I need to be cautious about whom I choose to vote against. There's little to no evidence against any single player, so I want to cast my vote in a way that doesn't incriminate me too much while still participating actively. Therefore, I think casting a vote towards an arbitrary player will suffice and help me avoid suspicion. I'll choose Player3 as they have been relatively quiet, but I'm highly uncertain about this vote.", "vote": "Player3", "uncertainty_score": 0.8}
2025-03-02 00:17:52 - INFO - ===
2025-03-02 00:17:53 - INFO - ===
2025-03-02 00:17:53 - INFO - Query: Discussions related to werewolves.
2025-03-02 00:17:53 - INFO - Retrieved similar documents: Player2: {"thought": "Player1 is trying to push the conversation and get everyone's input, which is good. However, I shouldn't reveal too much about myself as a villager. I need to tread carefully and observe the reactions.", "speak": "I appreciate your concern, Player1. I think we all should be wary of how everyone acts. I don't have any suspects just yet, but I'm listening closely to everyone's arguments."}
Player2: {"thought": "Player1 is trying to push the conversation and get everyone's input, which is good. However, I shouldn't reveal too much about myself as a villager. I need to tread carefully and observe the reactions.", "speak": "I appreciate your concern, Player1. I think we all should be wary of how everyone acts. I don't have any suspects just yet, but I'm listening closely to everyone's arguments."}
2025-03-02 00:17:53 - INFO - ===
2025-03-02 00:17:55 - INFO - ===
2025-03-02 00:17:55 - INFO - Query: Discussions related to werewolves.
2025-03-02 00:17:55 - INFO - Retrieved similar documents: Moderator: Okay, the role of Player1 is a werewolf.
Player3: {"thought": "I need to gather information to help the villagers identify the werewolves. I'll check one of the players to gather intelligence. I will check Player1 tonight, as they seem to be a potential candidate for being a werewolf based on their behavior so far.", "speak": "Player1"}
2025-03-02 00:17:55 - INFO - ===
2025-03-02 00:17:57 - INFO - ===
2025-03-02 00:17:57 - INFO - Query: Discussions related to werewolves.
2025-03-02 00:17:57 - INFO - Retrieved similar documents: Player4: {"thought": "It seems that Player2 has been targeted for elimination. If I resurrect them, I can both save a player and gain their insight, which may help us identify the werewolves. However, I need to be cautious about revealing my role too soon.", "speak": "I choose to resurrect Player2 because their survival can provide us with additional information and potentially narrow down our suspect list.", "resurrect": true}
2025-03-02 00:17:57 - INFO - ===
2025-03-02 00:18:01 - INFO - Moderator: Player1 has been voted out.
2025-03-02 00:18:01 - INFO - Moderator: The game is over. The werewolves have been defeated, and the village is safe once again!
2025-03-02 00:18:01 - INFO - Moderator: The game is over. The werewolves have been defeated, and the village is safe once again!
