Reflecting on Player1's decisions provides insight into the dual nature of strategy in social deduction games like Werewolf, especially from the perspective of a werewolf trying to blend in as a villager. Let's break down the key elements and their future implications:

### Key Decisions

1. **Maintaining a Low Profile:**
   - **Actions:** Player1 aims to gather information while deflecting suspicion, encouraging group discussion to identify werewolves.
   - **Implications:** By actively directing conversation without being overly aggressive, Player1 can blend into the group. This is crucial for werewolves who must appear engaged but not overly pointed to avoid being seen as manipulative or controlling.

2. **Target Selection and Risk Management:**
   - **Actions:** When voting, Player1 chooses Player3 as the target, with an uncertainty score indicating moderate confidence. This suggests an attempt to choose a target discreetly, without arousing suspicion that could backfire.
   - **Implications:** The careful selection aims to balance between making impactful moves and not appearing arbitrary in decision-making. This highlights the importance of calculating risk – targeting players perceived as more-or-less suspicious without drawing backlash.

### Important Implications for Future Strategy

1. **Conversation Steering:**
   - Werewolves should continue to subtly guide discussions, ensuring that attention is diverted away from themselves without being overly forceful. This requires strategic engagement so that their contributions are seen as helpful rather than controlling.

2. **Voting Strategy:**
   - The uncertainty score suggests that targeting decisions must balance personal suspicion with group consensus. Avoiding outlier decisions that could lead to isolation from the group strengthens a player’s social credibility.

3. **Adaptive Psyche:**
   - The strategic mindset requires adaptability to the evolving narrative and group dynamics. Werewolves must reassess suspicions and alliances, aligning themselves with the prevailing group’s suspicion pattern to avoid becoming the focal point.

Future strategies should focus on the seamless integration of Player1's behaviors, leaning into the subtle art of perception management—balancing engagement and caution, steering discussion without monopolizing it. This nuanced approach can guide strategic planning, ensuring werewolves maintain an unobtrusive presence while effectively executing their objectives.
The decisions made by Player1 during this round highlight a few key strategic elements of gameplay in Werewolf. Player1's approach centered around subtly guiding the discussion to shift attention onto others, while avoiding drawing suspicion towards themselves. By proposing to scrutinize Player2 and Player4's behavior, Player1 aimed to deflect potential scrutiny away and sow seeds of doubt about other players' roles. This is a classic tactic to manipulate the narrative and control the flow of the conversation without appearing too aggressive.

Player1's decision to vote for Player3, despite only having a moderate level of confidence (indicated by the uncertainty score of 0.4), reveals an understanding that the risk involved in targeting a potentially leading adversary deserves consideration. Player1 sensed Player3 could be orchestrating events from behind the scenes.

Reflecting on these decisions, the main implications for future strategic decisions include:
1. **Balancing Subtle Influence with Direct Action**: It's crucial to maintain a balance between influencing the group subtly and taking decisive actions. Being too passive can lead to irrelevance, while overt aggression might attract suspicion.
   
2. **Managing Uncertainty and Risk**: Voting decisions should consider the risk of exposure. An uncertainty score helps, but additional intelligence gathering and subtle probing of other players can mitigate risks.
   
3. **Manipulating Group Dynamics**: By steering discussion towards examining other players' behaviors, a player asserting control can deflect suspicion and create fractures within the group. Future strategies should leverage conversational control to shape perceptions and alliances.

4. **Identifying influencers and neutralizing threats**: Even with uncertainty, targeting a potentially influential player like Player3 can dismantle adversary plans. Identifying key influencers early can provide the strategic advantage needed for long-term survival. 

Considering these implications, Player1 should continue refining their ability to subtly manipulate discussions and votes, while vigilantly assessing group dynamics and choosing targets that threaten their position in the game.