{"basefilepath":"logs/fastslow","max_days_per_game":2,"num_games":2,"reflect_before_vectorstore":false,"max_werewolf_discussion_round":3,"similarity_top_k":2,"random_seed":42}
2025-02-27 13:25:20 - INFO - Starting game 0
2025-02-27 13:25:20 - INFO - Moderator: Player1, if you are the only werewolf, eliminate a player. Otherwise, discuss with your teammates and reach an agreement.
2025-02-27 13:25:20 - INFO - Moderator: Player1, if you are the only werewolf, eliminate a player. Otherwise, discuss with your teammates and reach an agreement.
2025-02-27 13:25:20 - INFO - ===
2025-02-27 13:25:20 - INFO - Query: Discussions related to villagers, seer, witch.
2025-02-27 13:25:20 - INFO - Retrieved similar documents: 
2025-02-27 13:25:20 - INFO - ===
2025-02-27 13:25:23 - INFO - Werewolves discussion: I think we should consider Player2's behavior last night. It seemed a bit off, and they weren't paying attention to the decisions being made. What do the rest of you think?
2025-02-27 13:25:23 - INFO - Moderator: Which player do you vote to kill?
2025-02-27 13:25:23 - INFO - Moderator: Which player do you vote to kill?
2025-02-27 13:25:24 - INFO - ===
2025-02-27 13:25:24 - INFO - Query: Discussions related to villagers, seer, witch.
2025-02-27 13:25:24 - INFO - Retrieved similar documents: Player1: {"thought": "I need to gauge the suspicions of the other players while carefully planting seeds of doubt about them. It's important to keep my identity hidden while subtly steering the conversation away from myself and towards Player2 or Player3, who seem a bit more suspicious.", "speak": "I think we should consider Player2's behavior last night. It seemed a bit off, and they weren't paying attention to the decisions being made. What do the rest of you think?", "finish_discussion": "false"}
Player1: {"thought": "I need to gauge the suspicions of the other players while carefully planting seeds of doubt about them. It's important to keep my identity hidden while subtly steering the conversation away from myself and towards Player2 or Player3, who seem a bit more suspicious.", "speak": "I think we should consider Player2's behavior last night. It seemed a bit off, and they weren't paying attention to the decisions being made. What do the rest of you think?", "finish_discussion": "false"}
2025-02-27 13:25:24 - INFO - ===
2025-02-27 13:25:25 - INFO - ===
2025-02-27 13:25:25 - INFO - Fast Response: {"thought": "I suspect Player2 might be a werewolf based on their behavior during the discussion. They seem to deflect questions rather than engage with the reasoning. I think it\u2019s a strategic choice to vote for them.", "vote": "Player2", "uncertainty_score": "0.3"}
2025-02-27 13:25:25 - INFO - Fast Uncertainty: 0.3
2025-02-27 13:25:25 - INFO - ===
2025-02-27 13:25:29 - INFO - Moderator: The player with the most votes is Player2.
2025-02-27 13:25:29 - INFO - Moderator: Player4, you're the witch. Tonight Player2 is eliminated. Would you like to resurrect Player2?
2025-02-27 13:25:29 - INFO - ===
2025-02-27 13:25:29 - INFO - Query: Discussions related to werewolves.
2025-02-27 13:25:29 - INFO - Retrieved similar documents: 
2025-02-27 13:25:29 - INFO - ===
2025-02-27 13:25:31 - INFO - Witch resurrection response: I will choose to resurrect Player2 because their role and insights could help us better identify the werewolves, ensuring we come together to vote wisely in the next day phase.
2025-02-27 13:25:31 - INFO - Moderator: The witch has chosen to resurrect the player.
2025-02-27 13:25:31 - INFO - Moderator: Player3, you're the seer. Which player in Player1, Player2, Player3 and Player4 would you like to check tonight?
2025-02-27 13:25:31 - INFO - ===
2025-02-27 13:25:31 - INFO - Query: Discussions related to werewolves.
2025-02-27 13:25:31 - INFO - Retrieved similar documents: 
2025-02-27 13:25:31 - INFO - ===
2025-02-27 13:25:33 - INFO - Seer response: Player1
2025-02-27 13:25:33 - INFO - Moderator: Okay, the role of Player1 is a werewolf.
2025-02-27 13:25:34 - INFO - ===
2025-02-27 13:25:34 - INFO - Query: Discussions related to villagers, seer, witch.
2025-02-27 13:25:34 - INFO - Retrieved similar documents: Player1: {"thought": "I need to gauge the suspicions of the other players while carefully planting seeds of doubt about them. It's important to keep my identity hidden while subtly steering the conversation away from myself and towards Player2 or Player3, who seem a bit more suspicious.", "speak": "I think we should consider Player2's behavior last night. It seemed a bit off, and they weren't paying attention to the decisions being made. What do the rest of you think?", "finish_discussion": "false"}
Player1: {"thought": "I suspect Player2 might be a werewolf based on their behavior during the discussion. They seem to deflect questions rather than engage with the reasoning. I think it\u2019s a strategic choice to vote for them.", "vote": "Player2", "uncertainty_score": "0.3"}
2025-02-27 13:25:34 - INFO - ===
2025-02-27 13:25:37 - INFO - ===
2025-02-27 13:25:37 - INFO - Query: Discussions related to werewolves.
2025-02-27 13:25:37 - INFO - Retrieved similar documents: 
2025-02-27 13:25:37 - INFO - ===
2025-02-27 13:25:39 - INFO - ===
2025-02-27 13:25:39 - INFO - Query: Discussions related to werewolves.
2025-02-27 13:25:39 - INFO - Retrieved similar documents: Moderator: Okay, the role of Player1 is a werewolf.
Player3: {"thought": "I need to determine who is a werewolf between Player1 and Player2. I want to check Player1 tonight for more information.", "speak": "Player1"}
2025-02-27 13:25:39 - INFO - ===
2025-02-27 13:25:41 - INFO - ===
2025-02-27 13:25:41 - INFO - Query: Discussions related to werewolves.
2025-02-27 13:25:41 - INFO - Retrieved similar documents: Player4: {"thought": "As the witch, I have the unique opportunity to influence the game, and Player2 might have important clues about the identity of the werewolves. However, if they were targeted, it could be a strategic move by the werewolves. I need to think about how resurrecting them will impact the game's dynamics.", "speak": "I will choose to resurrect Player2 because their role and insights could help us better identify the werewolves, ensuring we come together to vote wisely in the next day phase.", "resurrect": true}
2025-02-27 13:25:41 - INFO - ===
2025-02-27 13:25:43 - INFO - Survivors Discussion: I understand your concern, Player3. However, I've been observing the dynamics between us, and I believe we should focus on the behaviors we've seen from all players, not just myself.
2025-02-27 13:25:43 - INFO - Moderator: Given the game rules and your role, based on the situation and the information you gain, to win the game, it's time to vote one player eliminated among the alive players. Which player do you vote to kill?
2025-02-27 13:25:44 - INFO - ===
2025-02-27 13:25:44 - INFO - Query: Discussions related to villagers, seer, witch.
2025-02-27 13:25:44 - INFO - Retrieved similar documents: Player1: {"thought": "I need to be cautious and observe the behavior of the other players to assess who might be the werewolves. It's important to keep my role hidden while gathering information during discussions.", "speak": "Hey everyone, I think we should have an open discussion about who we all suspect might be the werewolves. It's vital that we share our thoughts so we can make an informed decision."}
Player1: {"thought": "I need to gauge the suspicions of the other players while carefully planting seeds of doubt about them. It's important to keep my identity hidden while subtly steering the conversation away from myself and towards Player2 or Player3, who seem a bit more suspicious.", "speak": "I think we should consider Player2's behavior last night. It seemed a bit off, and they weren't paying attention to the decisions being made. What do the rest of you think?", "finish_discussion": "false"}
2025-02-27 13:25:44 - INFO - ===
2025-02-27 13:25:45 - INFO - ===
2025-02-27 13:25:45 - INFO - Fast Response: {"thought": "I suspect Player3 based on their behavior during the discussion, which seems evasive and untrustworthy. They haven't contributed much to the discussion about identifying werewolves.", "vote": "Player3", "uncertainty_score": "0.3"}
2025-02-27 13:25:45 - INFO - Fast Uncertainty: 0.3
2025-02-27 13:25:45 - INFO - ===
2025-02-27 13:25:46 - INFO - ===
2025-02-27 13:25:46 - INFO - Query: Discussions related to werewolves.
2025-02-27 13:25:46 - INFO - Retrieved similar documents: Player2: {"thought": "I need to gather as much information as possible and figure out who might be working together as werewolves. Player1 is initiating a discussion, which could be a good sign, but I need to stay alert for any suspicious behavior.", "speak": "I agree, Player1. Let's all share our observations and suspicions. I think it\u2019s essential to hear everyone's thoughts before we vote."}
Player2: {"thought": "I need to gather as much information as possible and figure out who might be working together as werewolves. Player1 is initiating a discussion, which could be a good sign, but I need to stay alert for any suspicious behavior.", "speak": "I agree, Player1. Let's all share our observations and suspicions. I think it\u2019s essential to hear everyone's thoughts before we vote."}
2025-02-27 13:25:46 - INFO - ===
2025-02-27 13:25:48 - INFO - ===
2025-02-27 13:25:48 - INFO - Query: Discussions related to werewolves.
2025-02-27 13:25:48 - INFO - Retrieved similar documents: Moderator: Okay, the role of Player1 is a werewolf.
Player3: {"thought": "I need to determine who is a werewolf between Player1 and Player2. I want to check Player1 tonight for more information.", "speak": "Player1"}
2025-02-27 13:25:48 - INFO - ===
2025-02-27 13:25:50 - INFO - ===
2025-02-27 13:25:50 - INFO - Query: Discussions related to werewolves.
2025-02-27 13:25:50 - INFO - Retrieved similar documents: Player4: {"thought": "As the witch, I have the unique opportunity to influence the game, and Player2 might have important clues about the identity of the werewolves. However, if they were targeted, it could be a strategic move by the werewolves. I need to think about how resurrecting them will impact the game's dynamics.", "speak": "I will choose to resurrect Player2 because their role and insights could help us better identify the werewolves, ensuring we come together to vote wisely in the next day phase.", "resurrect": true}
2025-02-27 13:25:50 - INFO - ===
2025-02-27 13:25:51 - INFO - Moderator: Player3 has been voted out.
2025-02-27 13:25:51 - INFO - Moderator: Player1, if you are the only werewolf, eliminate a player. Otherwise, discuss with your teammates and reach an agreement.
2025-02-27 13:25:51 - INFO - Moderator: Player1, if you are the only werewolf, eliminate a player. Otherwise, discuss with your teammates and reach an agreement.
2025-02-27 13:25:51 - INFO - ===
2025-02-27 13:25:51 - INFO - Query: Discussions related to villagers, seer, witch.
2025-02-27 13:25:51 - INFO - Retrieved similar documents: Player1: {"thought": "I need to be cautious and observe the behavior of the other players to assess who might be the werewolves. It's important to keep my role hidden while gathering information during discussions.", "speak": "Hey everyone, I think we should have an open discussion about who we all suspect might be the werewolves. It's vital that we share our thoughts so we can make an informed decision."}
Player1: {"thought": "I need to gauge the suspicions of the other players while carefully planting seeds of doubt about them. It's important to keep my identity hidden while subtly steering the conversation away from myself and towards Player2 or Player3, who seem a bit more suspicious.", "speak": "I think we should consider Player2's behavior last night. It seemed a bit off, and they weren't paying attention to the decisions being made. What do the rest of you think?", "finish_discussion": "false"}
2025-02-27 13:25:51 - INFO - ===
2025-02-27 13:25:54 - INFO - Werewolves discussion: I think it's vital we all share our suspicions. Player3 seems a bit too quiet; they might be trying to avoid attention. What does everyone think about Player2?
2025-02-27 13:25:54 - INFO - Moderator: Which player do you vote to kill?
2025-02-27 13:25:54 - INFO - Moderator: Which player do you vote to kill?
2025-02-27 13:25:54 - INFO - ===
2025-02-27 13:25:54 - INFO - Query: Discussions related to villagers, seer, witch.
2025-02-27 13:25:54 - INFO - Retrieved similar documents: Player1: {"thought": "I need to be cautious in how I approach the discussion. As a werewolf, I want to deflect suspicion away from myself while trying to gather information on who the villagers are targeting.", "speak": "I think it's vital we all share our suspicions. Player3 seems a bit too quiet; they might be trying to avoid attention. What does everyone think about Player2?", "finish_discussion": "false"}
Player1: {"thought": "I need to be cautious and observe the behavior of the other players to assess who might be the werewolves. It's important to keep my role hidden while gathering information during discussions.", "speak": "Hey everyone, I think we should have an open discussion about who we all suspect might be the werewolves. It's vital that we share our thoughts so we can make an informed decision."}
2025-02-27 13:25:54 - INFO - ===
2025-02-27 13:25:55 - INFO - ===
2025-02-27 13:25:55 - INFO - Fast Response: {"thought": "I suspect Player2 has been acting a bit too quietly and hasn't contributed much to the discussion. They might be trying to lay low as a werewolf.", "vote": "Player2", "uncertainty_score": "0.3"}
2025-02-27 13:25:55 - INFO - Fast Uncertainty: 0.3
2025-02-27 13:25:55 - INFO - ===
2025-02-27 13:25:55 - INFO - Moderator: The player with the most votes is Player2.
2025-02-27 13:25:56 - INFO - ===
2025-02-27 13:25:56 - INFO - Query: Discussions related to werewolves.
2025-02-27 13:25:56 - INFO - Retrieved similar documents: Player4: {"thought": "As the witch, I have the unique opportunity to influence the game, and Player2 might have important clues about the identity of the werewolves. However, if they were targeted, it could be a strategic move by the werewolves. I need to think about how resurrecting them will impact the game's dynamics.", "speak": "I will choose to resurrect Player2 because their role and insights could help us better identify the werewolves, ensuring we come together to vote wisely in the next day phase.", "resurrect": true}
2025-02-27 13:25:56 - INFO - ===
2025-02-27 13:25:59 - INFO - Witch Poison Response: I think we should be cautious in our discussions. Who do we think might be the werewolves among us? Any strong suspicions yet?
2025-02-27 13:25:59 - INFO - The witch has chosen to poison Abstain.
2025-02-27 13:25:59 - INFO - Moderator: The werewolves have prevailed and taken over the village. Better luck next time!
