{"basefilepath":"logs/fastslow","max_days_per_game":2,"num_games":2,"reflect_before_vectorstore":false,"max_werewolf_discussion_round":3,"similarity_top_k":2,"random_seed":42}
2025-02-27 13:25:59 - INFO - Starting game 1
2025-02-27 13:25:59 - INFO - Moderator: Player1, if you are the only werewolf, eliminate a player. Otherwise, discuss with your teammates and reach an agreement.
2025-02-27 13:25:59 - INFO - Moderator: Player1, if you are the only werewolf, eliminate a player. Otherwise, discuss with your teammates and reach an agreement.
2025-02-27 13:25:59 - INFO - ===
2025-02-27 13:25:59 - INFO - Query: Discussions related to villagers, seer, witch.
2025-02-27 13:25:59 - INFO - Retrieved similar documents: 
2025-02-27 13:25:59 - INFO - ===
2025-02-27 13:26:00 - INFO - Werewolves discussion: I think we should be careful in our voting. We need to gather more information before making a decision. Maybe we can look at who was acting suspiciously yesterday.
2025-02-27 13:26:00 - INFO - Moderator: Which player do you vote to kill?
2025-02-27 13:26:00 - INFO - Moderator: Which player do you vote to kill?
2025-02-27 13:26:01 - INFO - ===
2025-02-27 13:26:01 - INFO - Query: Discussions related to villagers, seer, witch.
2025-02-27 13:26:01 - INFO - Retrieved similar documents: Player1: {"thought": "I need to be cautious and engage in the discussion without revealing my identity as a werewolf. I should steer the conversation to sow doubt among the villagers while distancing myself from suspicion.", "speak": "I think we should be careful in our voting. We need to gather more information before making a decision. Maybe we can look at who was acting suspiciously yesterday.", "finish_discussion": "false"}
Player1: {"thought": "I need to be cautious and engage in the discussion without revealing my identity as a werewolf. I should steer the conversation to sow doubt among the villagers while distancing myself from suspicion.", "speak": "I think we should be careful in our voting. We need to gather more information before making a decision. Maybe we can look at who was acting suspiciously yesterday.", "finish_discussion": "false"}
2025-02-27 13:26:01 - INFO - ===
2025-02-27 13:26:02 - INFO - ===
2025-02-27 13:26:02 - INFO - Fast Response: {"thought": "I suspect Player3 based on their behavior during the discussion. They seem too eager to deflect attention from themselves and are not contributing much to the conversation.", "vote": "Player3", "uncertainty_score": "0.3"}
2025-02-27 13:26:02 - INFO - Fast Uncertainty: 0.3
2025-02-27 13:26:02 - INFO - ===
2025-02-27 13:26:02 - INFO - Moderator: The player with the most votes is Player3.
2025-02-27 13:26:02 - INFO - Moderator: Player4, you're the witch. Tonight Player3 is eliminated. Would you like to resurrect Player3?
2025-02-27 13:26:02 - INFO - ===
2025-02-27 13:26:02 - INFO - Query: Discussions related to werewolves.
2025-02-27 13:26:02 - INFO - Retrieved similar documents: 
2025-02-27 13:26:02 - INFO - ===
2025-02-27 13:26:04 - INFO - Witch resurrection response: Yes, I choose to resurrect Player3 because their insights might help us identify the werewolves.
2025-02-27 13:26:04 - INFO - Moderator: The witch has chosen to resurrect the player.
2025-02-27 13:26:04 - INFO - Moderator: Player3, you're the seer. Which player in Player1, Player2, Player3 and Player4 would you like to check tonight?
2025-02-27 13:26:04 - INFO - ===
2025-02-27 13:26:04 - INFO - Query: Discussions related to werewolves.
2025-02-27 13:26:04 - INFO - Retrieved similar documents: 
2025-02-27 13:26:04 - INFO - ===
2025-02-27 13:26:06 - INFO - Seer response: Player1
2025-02-27 13:26:06 - INFO - Moderator: Okay, the role of Player1 is a werewolf.
2025-02-27 13:26:07 - INFO - ===
2025-02-27 13:26:07 - INFO - Query: Discussions related to villagers, seer, witch.
2025-02-27 13:26:07 - INFO - Retrieved similar documents: Player1: {"thought": "I need to be cautious and engage in the discussion without revealing my identity as a werewolf. I should steer the conversation to sow doubt among the villagers while distancing myself from suspicion.", "speak": "I think we should be careful in our voting. We need to gather more information before making a decision. Maybe we can look at who was acting suspiciously yesterday.", "finish_discussion": "false"}
Player1: {"thought": "I suspect Player3 based on their behavior during the discussion. They seem too eager to deflect attention from themselves and are not contributing much to the conversation.", "vote": "Player3", "uncertainty_score": "0.3"}
2025-02-27 13:26:07 - INFO - ===
2025-02-27 13:26:08 - INFO - ===
2025-02-27 13:26:08 - INFO - Query: Discussions related to werewolves.
2025-02-27 13:26:08 - INFO - Retrieved similar documents: 
2025-02-27 13:26:08 - INFO - ===
2025-02-27 13:26:10 - INFO - ===
2025-02-27 13:26:10 - INFO - Query: Discussions related to werewolves.
2025-02-27 13:26:10 - INFO - Retrieved similar documents: Moderator: Okay, the role of Player1 is a werewolf.
Player3: {"thought": "I need to find out who among the players is one of the werewolves to guide the remaining villagers effectively.", "speak": "Player1"}
2025-02-27 13:26:10 - INFO - ===
2025-02-27 13:26:13 - INFO - ===
2025-02-27 13:26:13 - INFO - Query: Discussions related to werewolves.
2025-02-27 13:26:13 - INFO - Retrieved similar documents: Player4: {"thought": "It's important to keep Player3 in the game as they might provide valuable information. Resurrecting them could strengthen the villagers' position against the werewolves.", "speak": "Yes, I choose to resurrect Player3 because their insights might help us identify the werewolves.", "resurrect": true}
2025-02-27 13:26:13 - INFO - ===
2025-02-27 13:26:14 - INFO - Survivors Discussion: I think it’s essential to discuss our suspicions in detail. There must be clues we are missing that could lead us to the werewolves.
2025-02-27 13:26:14 - INFO - Moderator: Given the game rules and your role, based on the situation and the information you gain, to win the game, it's time to vote one player eliminated among the alive players. Which player do you vote to kill?
2025-02-27 13:26:14 - INFO - ===
2025-02-27 13:26:14 - INFO - Query: Discussions related to villagers, seer, witch.
2025-02-27 13:26:14 - INFO - Retrieved similar documents: Player1: {"thought": "I need to be cautious and engage in the discussion without revealing my identity as a werewolf. I should steer the conversation to sow doubt among the villagers while distancing myself from suspicion.", "speak": "I think we should be careful in our voting. We need to gather more information before making a decision. Maybe we can look at who was acting suspiciously yesterday.", "finish_discussion": "false"}
Player1: {"thought": "I need to be cautious. There are two villagers who might lynch me if they get suspicious. I should observe their interactions closely and find a way to divert attention from myself.", "speak": "It seems like Player2 and Player3 are getting a bit too comfortable with their suspicions. Maybe we should focus on Player4 for a moment. What do you all think?"}
2025-02-27 13:26:14 - INFO - ===
2025-02-27 13:26:16 - INFO - ===
2025-02-27 13:26:16 - INFO - Fast Response: {"thought": "I suspect Player2 has been acting a bit suspiciously and may be one of the werewolves. I think it's time to eliminate him to protect the villagers.", "vote": "Player2", "uncertainty_score": "0.3"}
2025-02-27 13:26:16 - INFO - Fast Uncertainty: 0.3
2025-02-27 13:26:16 - INFO - ===
2025-02-27 13:26:17 - INFO - ===
2025-02-27 13:26:17 - INFO - Query: Discussions related to werewolves.
2025-02-27 13:26:17 - INFO - Retrieved similar documents: Player2: {"thought": "Player1's shift in suspicion towards Player4 could be a strategy to distract us from the actual werewolves. I need to remain cautious and assess the situation carefully.", "speak": "I think we should take a step back and consider if Player1 might be trying to deflect attention from themselves. Let's not be too quick to jump on Player4 without more discussion."}
Player2: {"thought": "Player1's shift in suspicion towards Player4 could be a strategy to distract us from the actual werewolves. I need to remain cautious and assess the situation carefully.", "speak": "I think we should take a step back and consider if Player1 might be trying to deflect attention from themselves. Let's not be too quick to jump on Player4 without more discussion."}
2025-02-27 13:26:17 - INFO - ===
2025-02-27 13:26:19 - INFO - ===
2025-02-27 13:26:19 - INFO - Query: Discussions related to werewolves.
2025-02-27 13:26:19 - INFO - Retrieved similar documents: Moderator: Okay, the role of Player1 is a werewolf.
Player3: {"thought": "I need to find out who among the players is one of the werewolves to guide the remaining villagers effectively.", "speak": "Player1"}
2025-02-27 13:26:19 - INFO - ===
2025-02-27 13:26:21 - INFO - ===
2025-02-27 13:26:21 - INFO - Query: Discussions related to werewolves.
2025-02-27 13:26:21 - INFO - Retrieved similar documents: Player4: {"thought": "I need to carefully consider who to save or eliminate if I want to protect the villagers while remaining undetected as the witch.", "speak": "I think it\u2019s essential to discuss our suspicions in detail. There must be clues we are missing that could lead us to the werewolves."}
2025-02-27 13:26:21 - INFO - ===
2025-02-27 13:26:22 - INFO - Moderator: Player2 has been voted out.
2025-02-27 13:26:22 - INFO - Moderator: Player1, if you are the only werewolf, eliminate a player. Otherwise, discuss with your teammates and reach an agreement.
2025-02-27 13:26:22 - INFO - Moderator: Player1, if you are the only werewolf, eliminate a player. Otherwise, discuss with your teammates and reach an agreement.
2025-02-27 13:26:23 - INFO - ===
2025-02-27 13:26:23 - INFO - Query: Discussions related to villagers, seer, witch.
2025-02-27 13:26:23 - INFO - Retrieved similar documents: Player1: {"thought": "I need to be cautious and engage in the discussion without revealing my identity as a werewolf. I should steer the conversation to sow doubt among the villagers while distancing myself from suspicion.", "speak": "I think we should be careful in our voting. We need to gather more information before making a decision. Maybe we can look at who was acting suspiciously yesterday.", "finish_discussion": "false"}
Player1: {"thought": "I need to be cautious. There are two villagers who might lynch me if they get suspicious. I should observe their interactions closely and find a way to divert attention from myself.", "speak": "It seems like Player2 and Player3 are getting a bit too comfortable with their suspicions. Maybe we should focus on Player4 for a moment. What do you all think?"}
2025-02-27 13:26:23 - INFO - ===
2025-02-27 13:26:25 - INFO - Werewolves discussion: I believe we should closely observe how each player is behaving. There are certain patterns that might indicate who the werewolves are. I suspect Player2 seems a bit too quiet, which could be a tactic to avoid drawing attention. What do you all think?
2025-02-27 13:26:25 - INFO - Moderator: Which player do you vote to kill?
2025-02-27 13:26:25 - INFO - Moderator: Which player do you vote to kill?
2025-02-27 13:26:26 - INFO - ===
2025-02-27 13:26:26 - INFO - Query: Discussions related to villagers, seer, witch.
2025-02-27 13:26:26 - INFO - Retrieved similar documents: Player1: {"thought": "I need to be cautious and engage in the discussion without revealing my identity as a werewolf. I should steer the conversation to sow doubt among the villagers while distancing myself from suspicion.", "speak": "I think we should be careful in our voting. We need to gather more information before making a decision. Maybe we can look at who was acting suspiciously yesterday.", "finish_discussion": "false"}
Player1: {"thought": "I need to be cautious about how I present my suspicions. I don\u2019t want to give away my role, but I also need to lead the villagers in the right direction without making myself a target.", "speak": "I believe we should closely observe how each player is behaving. There are certain patterns that might indicate who the werewolves are. I suspect Player2 seems a bit too quiet, which could be a tactic to avoid drawing attention. What do you all think?", "finish_discussion": "false"}
2025-02-27 13:26:26 - INFO - ===
2025-02-27 13:26:27 - INFO - ===
2025-02-27 13:26:27 - INFO - Fast Response: {"thought": "I need to gather more information before making a decision. I suspect Player3 might be a werewolf based on their behavior, but I'm not entirely sure.", "vote": "Player3", "uncertainty_score": 0.7}
2025-02-27 13:26:27 - INFO - Fast Uncertainty: 0.7
2025-02-27 13:26:27 - INFO - ===
2025-02-27 13:26:29 - INFO - ===
2025-02-27 13:26:29 - INFO - Slow Response: {"thought": "We need to target a player who seems suspicious or has been accused by others during the day phase. Since this is early in the game, I have limited information, and my vote is somewhat random.", "vote": "Player3", "uncertainty_score": 0.7}
2025-02-27 13:26:29 - INFO - ===
2025-02-27 13:26:30 - INFO - Moderator: The player with the most votes is Player3.
2025-02-27 13:26:30 - INFO - ===
2025-02-27 13:26:30 - INFO - Query: Discussions related to werewolves.
2025-02-27 13:26:30 - INFO - Retrieved similar documents: Player4: {"thought": "I need to carefully consider who to save or eliminate if I want to protect the villagers while remaining undetected as the witch.", "speak": "I think it\u2019s essential to discuss our suspicions in detail. There must be clues we are missing that could lead us to the werewolves."}
2025-02-27 13:26:30 - INFO - ===
2025-02-27 13:26:32 - INFO - Witch Poison Response: I'm still processing everything that's been said. Who do you all suspect might be one of the werewolves?
2025-02-27 13:26:32 - INFO - The witch has chosen not to poison a player.
2025-02-27 13:26:32 - INFO - Moderator: Player3, you're the seer. Which player in Player1, Player3 and Player4 would you like to check tonight?
2025-02-27 13:26:32 - INFO - ===
2025-02-27 13:26:32 - INFO - Query: Discussions related to werewolves.
2025-02-27 13:26:32 - INFO - Retrieved similar documents: Moderator: Okay, the role of Player1 is a werewolf.
Player3: {"thought": "Based on my observations and the discussions so far, I believe Player1 might be a werewolf. They seem overly defensive and haven't contributed much to the conversation about identifying the wolves.", "vote": "Player1", "uncertainty_score": "0.3"}
2025-02-27 13:26:32 - INFO - ===
2025-02-27 13:26:34 - INFO - Seer response: Player1
2025-02-27 13:26:34 - INFO - Moderator: Okay, the role of Player1 is a werewolf.
2025-02-27 13:26:34 - INFO - Moderator: The werewolves have prevailed and taken over the village. Better luck next time!
