{"basefilepath":"logs/fastslow","max_days_per_game":2,"num_games":2,"reflect_before_vectorstore":false,"max_werewolf_discussion_round":3,"similarity_top_k":2,"random_seed":42}
2025-02-27 12:29:29 - INFO - Starting game 0
2025-02-27 12:29:29 - INFO - Moderator: Player1, if you are the only werewolf, eliminate a player. Otherwise, discuss with your teammates and reach an agreement.
2025-02-27 12:29:29 - INFO - Moderator: Player1, if you are the only werewolf, eliminate a player. Otherwise, discuss with your teammates and reach an agreement.
2025-02-27 12:29:29 - INFO - ===
2025-02-27 12:29:29 - INFO - Query: Discussions related to villagers, seer, witch.
2025-02-27 12:29:29 - INFO - Retrieved similar documents: 
2025-02-27 12:29:29 - INFO - ===
2025-02-27 12:29:31 - INFO - Werewolves discussion: I've noticed that Player2 has been rather quiet and hasn't contributed much to the discussion. What do you all think about that? Could it be a tactic to stay under the radar?
2025-02-27 12:29:31 - INFO - Moderator: Which player do you vote to kill?
2025-02-27 12:29:31 - INFO - Moderator: Which player do you vote to kill?
2025-02-27 12:29:33 - INFO - ===
2025-02-27 12:29:33 - INFO - Query: Discussions related to villagers, seer, witch.
2025-02-27 12:29:33 - INFO - Retrieved similar documents: Player1: {"thought": "I need to carefully assess the dynamics in the discussion to avoid drawing suspicion towards myself as a werewolf. I should subtly lead the conversation to hint at others while protecting my identity.", "speak": "I've noticed that Player2 has been rather quiet and hasn't contributed much to the discussion. What do you all think about that? Could it be a tactic to stay under the radar?", "finish_discussion": "false"}
Player1: {"thought": "I need to carefully assess the dynamics in the discussion to avoid drawing suspicion towards myself as a werewolf. I should subtly lead the conversation to hint at others while protecting my identity.", "speak": "I've noticed that Player2 has been rather quiet and hasn't contributed much to the discussion. What do you all think about that? Could it be a tactic to stay under the radar?", "finish_discussion": "false"}
2025-02-27 12:29:33 - INFO - ===
2025-02-27 12:29:34 - INFO - ===
2025-02-27 12:29:34 - INFO - Fast Response: {"thought": "I need to vote strategically to eliminate a potential werewolf. Based on the discussions so far, Player2 seems suspicious and hasn't contributed much to the conversation.", "vote": "Player2", "uncertainty_score": 0.3}
2025-02-27 12:29:34 - INFO - Fast Uncertainty: 0.3
2025-02-27 12:29:34 - INFO - ===
