{"basefilepath":"logs/fastslow","max_days_per_game":2,"num_games":2,"reflect_before_vectorstore":false,"max_werewolf_discussion_round":3,"similarity_top_k":2,"random_seed":43}
2025-02-27 14:18:22 - INFO - Starting game 1
2025-02-27 14:18:22 - INFO - Moderator: Player1, if you are the only werewolf, eliminate a player. Otherwise, discuss with your teammates and reach an agreement.
2025-02-27 14:18:22 - INFO - Moderator: Player1, if you are the only werewolf, eliminate a player. Otherwise, discuss with your teammates and reach an agreement.
2025-02-27 14:18:22 - INFO - ===
2025-02-27 14:18:22 - INFO - Query: Discussions related to villagers, seer, witch.
2025-02-27 14:18:22 - INFO - Retrieved similar documents: 
2025-02-27 14:18:22 - INFO - ===
2025-02-27 14:18:28 - INFO - Werewolves discussion: I think we need to focus on who hasn't been contributing much to the discussion. We should also consider any players who seem to be deflecting suspicion onto others without a clear reason.
2025-02-27 14:18:28 - INFO - ===
2025-02-27 14:18:28 - INFO - Query: Discussions related to villagers, seer, witch.
2025-02-27 14:18:28 - INFO - Retrieved similar documents: Player1: {"thought": "We need to be strategic in our discussions and votes. I want to gauge the suspicions of the others and figure out who they might suspect as werewolves. I should also consider any player behavior that stands out as suspicious.", "speak": "I think we need to focus on who hasn't been contributing much to the discussion. We should also consider any players who seem to be deflecting suspicion onto others without a clear reason.", "finish_discussion": false}
Player1: {"thought": "We need to be strategic in our discussions and votes. I want to gauge the suspicions of the others and figure out who they might suspect as werewolves. I should also consider any player behavior that stands out as suspicious.", "speak": "I think we need to focus on who hasn't been contributing much to the discussion. We should also consider any players who seem to be deflecting suspicion onto others without a clear reason.", "finish_discussion": false}
2025-02-27 14:18:28 - INFO - ===
2025-02-27 14:18:30 - INFO - Werewolves discussion: I think we should consider Player2's behavior last night. They've been quite defensive since the game started, which is often a sign of being a werewolf. What do you all think about that?
2025-02-27 14:18:30 - INFO - Moderator: Which player do you vote to kill?
2025-02-27 14:18:30 - INFO - Moderator: Which player do you vote to kill?
2025-02-27 14:18:31 - INFO - ===
2025-02-27 14:18:31 - INFO - Query: Discussions related to villagers, seer, witch.
2025-02-27 14:18:31 - INFO - Retrieved similar documents: Player1: {"thought": "I need to carefully navigate the discussion, suggesting possible suspects while avoiding drawing attention to myself as a werewolf. It's important to sow doubt among the villagers without revealing my role.", "speak": "I think we should consider Player2's behavior last night. They've been quite defensive since the game started, which is often a sign of being a werewolf. What do you all think about that?", "finish_discussion": "false"}
Player1: {"thought": "We need to be strategic in our discussions and votes. I want to gauge the suspicions of the others and figure out who they might suspect as werewolves. I should also consider any player behavior that stands out as suspicious.", "speak": "I think we need to focus on who hasn't been contributing much to the discussion. We should also consider any players who seem to be deflecting suspicion onto others without a clear reason.", "finish_discussion": false}
2025-02-27 14:18:31 - INFO - ===
2025-02-27 14:18:32 - INFO - ===
2025-02-27 14:18:32 - INFO - Fast Response: {"thought": "I suspect Player3 based on their previous comments. They seem to be deflecting attention away from themselves and not contributing to identifying the werewolves effectively.", "vote": "Player3", "uncertainty_score": 0.3}
2025-02-27 14:18:32 - INFO - Fast Uncertainty: 0.3
2025-02-27 14:18:32 - INFO - ===
2025-02-27 14:18:32 - INFO - Moderator: The player with the most votes is Player3.
2025-02-27 14:18:32 - INFO - Moderator: Player4, you're the witch. Tonight Player3 is eliminated. Would you like to resurrect Player3?
2025-02-27 14:18:32 - INFO - ===
2025-02-27 14:18:32 - INFO - Query: Discussions related to werewolves.
2025-02-27 14:18:32 - INFO - Retrieved similar documents: 
2025-02-27 14:18:32 - INFO - ===
2025-02-27 14:18:34 - INFO - Witch resurrection response: I'm going to resurrect Player3 because I believe they can provide valuable insights into who the werewolves might be, and we need their information to make a better decision moving forward.
2025-02-27 14:18:34 - INFO - Moderator: The witch has chosen to resurrect the player.
2025-02-27 14:18:34 - INFO - Moderator: Player3, you're the seer. Which player in Player1, Player2, Player3 and Player4 would you like to check tonight?
2025-02-27 14:18:34 - INFO - ===
2025-02-27 14:18:34 - INFO - Query: Discussions related to werewolves.
2025-02-27 14:18:34 - INFO - Retrieved similar documents: 
2025-02-27 14:18:34 - INFO - ===
2025-02-27 14:18:35 - INFO - Seer response: Player1
2025-02-27 14:18:35 - INFO - Moderator: Okay, the role of Player1 is a werewolf.
2025-02-27 14:18:36 - INFO - ===
2025-02-27 14:18:36 - INFO - Query: Discussions related to villagers, seer, witch.
2025-02-27 14:18:36 - INFO - Retrieved similar documents: Player1: {"thought": "I need to carefully navigate the discussion, suggesting possible suspects while avoiding drawing attention to myself as a werewolf. It's important to sow doubt among the villagers without revealing my role.", "speak": "I think we should consider Player2's behavior last night. They've been quite defensive since the game started, which is often a sign of being a werewolf. What do you all think about that?", "finish_discussion": "false"}
Player1: {"thought": "We need to be strategic in our discussions and votes. I want to gauge the suspicions of the others and figure out who they might suspect as werewolves. I should also consider any player behavior that stands out as suspicious.", "speak": "I think we need to focus on who hasn't been contributing much to the discussion. We should also consider any players who seem to be deflecting suspicion onto others without a clear reason.", "finish_discussion": false}
2025-02-27 14:18:36 - INFO - ===
2025-02-27 14:18:38 - INFO - ===
2025-02-27 14:18:38 - INFO - Query: Discussions related to werewolves.
2025-02-27 14:18:38 - INFO - Retrieved similar documents: 
2025-02-27 14:18:38 - INFO - ===
2025-02-27 14:18:41 - INFO - ===
2025-02-27 14:18:41 - INFO - Query: Discussions related to werewolves.
2025-02-27 14:18:41 - INFO - Retrieved similar documents: Moderator: Okay, the role of Player1 is a werewolf.
Player3: {"thought": "I need to choose a player to check and gather information that could help the villagers. I suspect Player1 might be a werewolf due to vague claims during discussions.", "speak": "Player1"}
2025-02-27 14:18:41 - INFO - ===
2025-02-27 14:18:44 - INFO - ===
2025-02-27 14:18:44 - INFO - Query: Discussions related to werewolves.
2025-02-27 14:18:44 - INFO - Retrieved similar documents: Player4: {"thought": "Eliminating Player3 is a key decision. I need to consider if they were a threat or if there's potential value in keeping them alive. If I'm suspicious of Player3 being a werewolf, I might not choose to resurrect them, but if they could provide valuable information, it might be worth it.", "speak": "I'm going to resurrect Player3 because I believe they can provide valuable insights into who the werewolves might be, and we need their information to make a better decision moving forward.", "resurrect": true}
2025-02-27 14:18:44 - INFO - ===
2025-02-27 14:18:46 - INFO - Survivors Discussion: I understand your perspective, Player3. It’s essential to keep an open mind, but we should also analyze everyone’s actions thoroughly. Let's not jump to conclusions without solid evidence.
2025-02-27 14:18:46 - INFO - Moderator: Given the game rules and your role, based on the situation and the information you gain, to win the game, it's time to vote one player eliminated among the alive players. Which player do you vote to kill?
2025-02-27 14:18:46 - INFO - ===
2025-02-27 14:18:46 - INFO - Query: Discussions related to villagers, seer, witch.
2025-02-27 14:18:46 - INFO - Retrieved similar documents: Player1: {"thought": "I need to carefully consider who to eliminate during the night phase. I should maintain a low profile and avoid drawing attention to myself while supporting my werewolf partner. It's crucial to sow doubt among the villagers and redirect suspicion away from us.", "speak": "I think we should discuss who seems most suspicious today. Let's focus on gathering more information before making a decision."}
Player1: {"thought": "I need to carefully navigate the discussion, suggesting possible suspects while avoiding drawing attention to myself as a werewolf. It's important to sow doubt among the villagers without revealing my role.", "speak": "I think we should consider Player2's behavior last night. They've been quite defensive since the game started, which is often a sign of being a werewolf. What do you all think about that?", "finish_discussion": "false"}
2025-02-27 14:18:46 - INFO - ===
2025-02-27 14:18:47 - INFO - ===
2025-02-27 14:18:47 - INFO - Fast Response: {"thought": "I suspect Player2's behavior has been quite suspicious, together with a lack of engagement during discussions. I believe they might be a werewolf.", "vote": "Player2", "uncertainty_score": 0.3}
2025-02-27 14:18:47 - INFO - Fast Uncertainty: 0.3
2025-02-27 14:18:47 - INFO - ===
2025-02-27 14:18:48 - INFO - ===
2025-02-27 14:18:48 - INFO - Query: Discussions related to werewolves.
2025-02-27 14:18:48 - INFO - Retrieved similar documents: Player2: {"thought": "I agree with Player1's suggestion to discuss who seems suspicious. It's important to gather information among us villagers before casting any votes. We must be careful and avoid targeting each other without sufficient evidence.", "speak": "I think that's a good idea, Player1. Let's openly discuss our suspicions and see if we can gather clues about who the werewolves might be."}
Player2: {"thought": "I agree with Player1's suggestion to discuss who seems suspicious. It's important to gather information among us villagers before casting any votes. We must be careful and avoid targeting each other without sufficient evidence.", "speak": "I think that's a good idea, Player1. Let's openly discuss our suspicions and see if we can gather clues about who the werewolves might be."}
2025-02-27 14:18:48 - INFO - ===
2025-02-27 14:18:50 - INFO - ===
2025-02-27 14:18:50 - INFO - Query: Discussions related to werewolves.
2025-02-27 14:18:50 - INFO - Retrieved similar documents: Moderator: Okay, the role of Player1 is a werewolf.
Player3: {"thought": "I need to carefully navigate this discussion. Player1 and Player2 are already collaborating, and I must subtly guide them without revealing my role as the seer.", "speak": "I agree, Player2. Open discussions can really help us identify the werewolves. I\u2019ve been observing Player4's actions too; they seem a bit off. What do you both think about Player4?"}
2025-02-27 14:18:50 - INFO - ===
2025-02-27 14:18:52 - INFO - ===
2025-02-27 14:18:52 - INFO - Query: Discussions related to werewolves.
2025-02-27 14:18:52 - INFO - Retrieved similar documents: Player4: {"thought": "Eliminating Player3 is a key decision. I need to consider if they were a threat or if there's potential value in keeping them alive. If I'm suspicious of Player3 being a werewolf, I might not choose to resurrect them, but if they could provide valuable information, it might be worth it.", "speak": "I'm going to resurrect Player3 because I believe they can provide valuable insights into who the werewolves might be, and we need their information to make a better decision moving forward.", "resurrect": true}
2025-02-27 14:18:52 - INFO - ===
2025-02-27 14:18:53 - INFO - Moderator: Player1 has been voted out.
2025-02-27 14:18:53 - INFO - Moderator: The game is over. The werewolves have been defeated, and the village is safe once again!
2025-02-27 14:18:53 - INFO - Moderator: The game is over. The werewolves have been defeated, and the village is safe once again!
