{"basefilepath":"logs/fastslow","max_days_per_game":2,"num_games":2,"reflect_before_vectorstore":false,"max_werewolf_discussion_round":3,"similarity_top_k":2,"random_seed":43}
2025-02-27 14:17:51 - INFO - Starting game 0
2025-02-27 14:17:51 - INFO - Moderator: Player1, if you are the only werewolf, eliminate a player. Otherwise, discuss with your teammates and reach an agreement.
2025-02-27 14:17:51 - INFO - Moderator: Player1, if you are the only werewolf, eliminate a player. Otherwise, discuss with your teammates and reach an agreement.
2025-02-27 14:17:51 - INFO - ===
2025-02-27 14:17:51 - INFO - Query: Discussions related to villagers, seer, witch.
2025-02-27 14:17:51 - INFO - Retrieved similar documents: 
2025-02-27 14:17:51 - INFO - ===
2025-02-27 14:17:54 - INFO - Werewolves discussion: I've been noticing some inconsistencies in what Player2 mentioned regarding last night’s events. It’s important we discuss this carefully since we’re down to just four players. What does everyone else think?
2025-02-27 14:17:54 - INFO - Moderator: Which player do you vote to kill?
2025-02-27 14:17:54 - INFO - Moderator: Which player do you vote to kill?
2025-02-27 14:17:54 - INFO - ===
2025-02-27 14:17:54 - INFO - Query: Discussions related to villagers, seer, witch.
2025-02-27 14:17:54 - INFO - Retrieved similar documents: Player1: {"thought": "I need to carefully observe how the other players are acting. I suspect Player2 might be a werewolf due to their inconsistent statements about previous night events. I should bring this up to gain support for my accusation.", "speak": "I've been noticing some inconsistencies in what Player2 mentioned regarding last night\u2019s events. It\u2019s important we discuss this carefully since we\u2019re down to just four players. What does everyone else think?", "finish_discussion": "false"}
Player1: {"thought": "I need to carefully observe how the other players are acting. I suspect Player2 might be a werewolf due to their inconsistent statements about previous night events. I should bring this up to gain support for my accusation.", "speak": "I've been noticing some inconsistencies in what Player2 mentioned regarding last night\u2019s events. It\u2019s important we discuss this carefully since we\u2019re down to just four players. What does everyone else think?", "finish_discussion": "false"}
2025-02-27 14:17:54 - INFO - ===
2025-02-27 14:17:55 - INFO - ===
2025-02-27 14:17:55 - INFO - Fast Response: {"thought": "I suspect Player3 because of their suspicious behavior during the discussion. They seem to deflect accusations and haven't contributed much to the conversation.", "vote": "Player3", "uncertainty_score": "0.3"}
2025-02-27 14:17:55 - INFO - Fast Uncertainty: 0.3
2025-02-27 14:17:55 - INFO - ===
2025-02-27 14:17:56 - INFO - Moderator: The player with the most votes is Player3.
2025-02-27 14:17:56 - INFO - Moderator: Player4, you're the witch. Tonight Player3 is eliminated. Would you like to resurrect Player3?
2025-02-27 14:17:56 - INFO - ===
2025-02-27 14:17:56 - INFO - Query: Discussions related to werewolves.
2025-02-27 14:17:56 - INFO - Retrieved similar documents: 
2025-02-27 14:17:56 - INFO - ===
2025-02-27 14:17:57 - INFO - Witch resurrection response: I will resurrect Player3 because I believe they could provide crucial insights into who the werewolves are.
2025-02-27 14:17:57 - INFO - Moderator: The witch has chosen to resurrect the player.
2025-02-27 14:17:57 - INFO - Moderator: Player3, you're the seer. Which player in Player1, Player2, Player3 and Player4 would you like to check tonight?
2025-02-27 14:17:57 - INFO - ===
2025-02-27 14:17:57 - INFO - Query: Discussions related to werewolves.
2025-02-27 14:17:57 - INFO - Retrieved similar documents: 
2025-02-27 14:17:57 - INFO - ===
2025-02-27 14:17:59 - INFO - Seer response: Player1
2025-02-27 14:17:59 - INFO - Moderator: Okay, the role of Player1 is a werewolf.
2025-02-27 14:17:59 - INFO - ===
2025-02-27 14:17:59 - INFO - Query: Discussions related to villagers, seer, witch.
2025-02-27 14:17:59 - INFO - Retrieved similar documents: Player1: {"thought": "I need to carefully observe how the other players are acting. I suspect Player2 might be a werewolf due to their inconsistent statements about previous night events. I should bring this up to gain support for my accusation.", "speak": "I've been noticing some inconsistencies in what Player2 mentioned regarding last night\u2019s events. It\u2019s important we discuss this carefully since we\u2019re down to just four players. What does everyone else think?", "finish_discussion": "false"}
Player1: {"thought": "I suspect Player3 because of their suspicious behavior during the discussion. They seem to deflect accusations and haven't contributed much to the conversation.", "vote": "Player3", "uncertainty_score": "0.3"}
2025-02-27 14:17:59 - INFO - ===
2025-02-27 14:18:02 - INFO - ===
2025-02-27 14:18:02 - INFO - Query: Discussions related to werewolves.
2025-02-27 14:18:02 - INFO - Retrieved similar documents: 
2025-02-27 14:18:02 - INFO - ===
2025-02-27 14:18:03 - INFO - ===
2025-02-27 14:18:03 - INFO - Query: Discussions related to werewolves.
2025-02-27 14:18:03 - INFO - Retrieved similar documents: Moderator: Okay, the role of Player1 is a werewolf.
Player3: {"thought": "I need to gather information to identify the werewolves. I suspect Player1 might have a more strategic role based on their previous discussions.", "speak": "Player1"}
2025-02-27 14:18:03 - INFO - ===
2025-02-27 14:18:06 - INFO - ===
2025-02-27 14:18:06 - INFO - Query: Discussions related to werewolves.
2025-02-27 14:18:06 - INFO - Retrieved similar documents: Player4: {"thought": "Player3 could potentially have valuable information as the seer, and bringing them back might help us identify the werewolves more effectively. However, I need to consider the risks of resurrecting them in case they are not on our side.", "speak": "I will resurrect Player3 because I believe they could provide crucial insights into who the werewolves are.", "resurrect": true}
2025-02-27 14:18:06 - INFO - ===
2025-02-27 14:18:08 - INFO - Survivors Discussion: I think it's important we all share our thoughts. I don't have a strong suspicion yet, but I'm listening carefully to what everyone says.
2025-02-27 14:18:08 - INFO - Moderator: Given the game rules and your role, based on the situation and the information you gain, to win the game, it's time to vote one player eliminated among the alive players. Which player do you vote to kill?
2025-02-27 14:18:08 - INFO - ===
2025-02-27 14:18:08 - INFO - Query: Discussions related to villagers, seer, witch.
2025-02-27 14:18:08 - INFO - Retrieved similar documents: Player1: {"thought": "I need to gather information and build suspicion towards Player2, Player3, and Player4 while keeping my role hidden. It's crucial to blend in with the villagers and create distrust among them.", "speak": "Hey everyone, I think we should discuss who we trust the least. I've been observing Player2's behavior, and they seem a bit off. What do you all think?"}
Player1: {"thought": "I need to carefully observe how the other players are acting. I suspect Player2 might be a werewolf due to their inconsistent statements about previous night events. I should bring this up to gain support for my accusation.", "speak": "I've been noticing some inconsistencies in what Player2 mentioned regarding last night\u2019s events. It\u2019s important we discuss this carefully since we\u2019re down to just four players. What does everyone else think?", "finish_discussion": "false"}
2025-02-27 14:18:08 - INFO - ===
2025-02-27 14:18:09 - INFO - ===
2025-02-27 14:18:09 - INFO - Fast Response: {"thought": "I need to eliminate a player who seems suspicious based on the previous discussions, but I have to consider that I might bring some attention to myself as well if I vote out a player who isn't a werewolf.", "vote": "Player3", "uncertainty_score": "0.3"}
2025-02-27 14:18:09 - INFO - Fast Uncertainty: 0.3
2025-02-27 14:18:09 - INFO - ===
2025-02-27 14:18:10 - INFO - ===
2025-02-27 14:18:10 - INFO - Query: Discussions related to werewolves.
2025-02-27 14:18:10 - INFO - Retrieved similar documents: Player2: {"thought": "Player1 is trying to cast suspicion on me, which might be a tactic to divert attention from themselves. I need to defend myself while keeping a close eye on Player1's behavior.", "speak": "I understand your concerns, Player1, but I think we should be careful about jumping to conclusions. We need to gather more information before pointing fingers."}
Player2: {"thought": "Player1 is trying to cast suspicion on me, which might be a tactic to divert attention from themselves. I need to defend myself while keeping a close eye on Player1's behavior.", "speak": "I understand your concerns, Player1, but I think we should be careful about jumping to conclusions. We need to gather more information before pointing fingers."}
2025-02-27 14:18:10 - INFO - ===
2025-02-27 14:18:12 - INFO - ===
2025-02-27 14:18:12 - INFO - Query: Discussions related to werewolves.
2025-02-27 14:18:12 - INFO - Retrieved similar documents: Moderator: Okay, the role of Player1 is a werewolf.
Player3: {"thought": "I need to gather information to identify the werewolves. I suspect Player1 might have a more strategic role based on their previous discussions.", "speak": "Player1"}
2025-02-27 14:18:12 - INFO - ===
2025-02-27 14:18:14 - INFO - ===
2025-02-27 14:18:14 - INFO - Query: Discussions related to werewolves.
2025-02-27 14:18:14 - INFO - Retrieved similar documents: Player4: {"thought": "Player3 could potentially have valuable information as the seer, and bringing them back might help us identify the werewolves more effectively. However, I need to consider the risks of resurrecting them in case they are not on our side.", "speak": "I will resurrect Player3 because I believe they could provide crucial insights into who the werewolves are.", "resurrect": true}
2025-02-27 14:18:14 - INFO - ===
2025-02-27 14:18:16 - INFO - Moderator: Player3 has been voted out.
2025-02-27 14:18:16 - INFO - Moderator: Player1, if you are the only werewolf, eliminate a player. Otherwise, discuss with your teammates and reach an agreement.
2025-02-27 14:18:16 - INFO - Moderator: Player1, if you are the only werewolf, eliminate a player. Otherwise, discuss with your teammates and reach an agreement.
2025-02-27 14:18:16 - INFO - ===
2025-02-27 14:18:16 - INFO - Query: Discussions related to villagers, seer, witch.
2025-02-27 14:18:16 - INFO - Retrieved similar documents: Player1: {"thought": "I need to gather information and build suspicion towards Player2, Player3, and Player4 while keeping my role hidden. It's crucial to blend in with the villagers and create distrust among them.", "speak": "Hey everyone, I think we should discuss who we trust the least. I've been observing Player2's behavior, and they seem a bit off. What do you all think?"}
Player1: {"thought": "I need to carefully observe how the other players are acting. I suspect Player2 might be a werewolf due to their inconsistent statements about previous night events. I should bring this up to gain support for my accusation.", "speak": "I've been noticing some inconsistencies in what Player2 mentioned regarding last night\u2019s events. It\u2019s important we discuss this carefully since we\u2019re down to just four players. What does everyone else think?", "finish_discussion": "false"}
2025-02-27 14:18:16 - INFO - ===
2025-02-27 14:18:18 - INFO - Werewolves discussion: I think we should pay attention to how everyone votes. Player3 seemed a bit hesitant during the last vote. What do you all think about that?
2025-02-27 14:18:18 - INFO - Moderator: Which player do you vote to kill?
2025-02-27 14:18:18 - INFO - Moderator: Which player do you vote to kill?
2025-02-27 14:18:18 - INFO - ===
2025-02-27 14:18:18 - INFO - Query: Discussions related to villagers, seer, witch.
2025-02-27 14:18:18 - INFO - Retrieved similar documents: Player1: {"thought": "I need to gather information and build suspicion towards Player2, Player3, and Player4 while keeping my role hidden. It's crucial to blend in with the villagers and create distrust among them.", "speak": "Hey everyone, I think we should discuss who we trust the least. I've been observing Player2's behavior, and they seem a bit off. What do you all think?"}
Player1: {"thought": "I need to carefully observe how the other players are acting. I suspect Player2 might be a werewolf due to their inconsistent statements about previous night events. I should bring this up to gain support for my accusation.", "speak": "I've been noticing some inconsistencies in what Player2 mentioned regarding last night\u2019s events. It\u2019s important we discuss this carefully since we\u2019re down to just four players. What does everyone else think?", "finish_discussion": "false"}
2025-02-27 14:18:18 - INFO - ===
2025-02-27 14:18:20 - INFO - ===
2025-02-27 14:18:20 - INFO - Fast Response: {"thought": "I suspect Player2 might be a werewolf based on their behavior during our discussions. They seem to be avoiding direct accusations and are not contributing much to the conversation.", "vote": "Player2", "uncertainty_score": "0.3"}
2025-02-27 14:18:20 - INFO - Fast Uncertainty: 0.3
2025-02-27 14:18:20 - INFO - ===
2025-02-27 14:18:20 - INFO - Moderator: The player with the most votes is Player2.
2025-02-27 14:18:20 - INFO - ===
2025-02-27 14:18:20 - INFO - Query: Discussions related to werewolves.
2025-02-27 14:18:20 - INFO - Retrieved similar documents: Player4: {"thought": "Player3 could potentially have valuable information as the seer, and bringing them back might help us identify the werewolves more effectively. However, I need to consider the risks of resurrecting them in case they are not on our side.", "speak": "I will resurrect Player3 because I believe they could provide crucial insights into who the werewolves are.", "resurrect": true}
2025-02-27 14:18:20 - INFO - ===
2025-02-27 14:18:22 - INFO - Witch Poison Response: I believe that Player2 could be a threat to us. I propose we consider eliminating them.
2025-02-27 14:18:22 - INFO - The witch has chosen to poison Player2.
2025-02-27 14:18:22 - INFO - Moderator: The werewolves have prevailed and taken over the village. Better luck next time!
