In this round of Werewolf, Player1 demonstrates strategic thinking by carefully analyzing the behavior of others and attempting to deflect suspicion away from themselves. Here's a brief summary of the decisions made and their implications:

1. **Key Observations:**
   - **Player1's Strategy:** Player1's thought process reveals their intention to blend in and steer discussions without drawing attention. They subtly shift suspicion towards Player2 and Player3 by questioning their behaviors and using arguments to highlight inconsistencies in Player3's actions.
   - **Focus on Player2 and Player3:** By targeting two players, Player1 creates a buffer for themselves, allowing for flexibility in voting while increasing suspicion on multiple fronts.

2. **Decision-making Process:**
   - **Targeting Player2 and Player3:** Player1 voices suspicions about both Player2 and Player3, but ultimately decides to vote for Player3 based on perceived evasiveness and lack of transparency.
   - **Vote Analysis:** The choice to vote for Player3 suggests an assessment that Player3's behavior poses a greater threat. Player1 sees Player3's actions as consistent with a werewolf's strategy of misdirection.

3. **Strategic Implications:**
   - **Impact on Group Dynamics:** By casting doubt on Player2 and Player3, Player1 aims to fracture alliances among the players, potentially reducing the effectiveness of their collaboration against Player1.
   - **Influence on Future Rounds:** Player1's decision to vote for Player3 could influence subsequent discussions and votes. If the group follows Player1's lead, Player3's elimination might align with Player1's strategy to avoid detection.

4. **Implications for Future Strategy:**
   - **Balance of Power:** Ensuring one's actions are well-justified is critical for maintaining credibility. Player1's ability to analyze and convincingly argue against others is essential for long-term survival but must be modulated to avoid creating new suspicions.
   - **Adaptation and Flexibility:** As the game progresses, Player1 may need to reassess alliances and suspicions, adjusting strategies dynamically to ensure continued survival.

Reflecting on this decision set provides insight into successful long-term gameplay, where players must balance self-preservation with the strategic elimination of opponents through cautious observation and tactical voting.
In the described scenario, Player1 exhibits a strategic thought process aimed at deflecting suspicion and ensuring the elimination of perceived threats while maintaining their position within the group. One key decision-making strategy is their focus on identifying and highlighting the evasive behavior of other players, namely Player2 and Player3. This approach allows Player1 to cast doubts on others, potentially reducing the attention on themselves as a suspect.

**Key Decisions and Implications:**

1. **Identifying Evasive Behavior:**
   - Player1 draws attention to evasive actions by both Player2 and Player3. By vocalizing suspicions of other players and categorizing these behaviors as typical werewolf strategies, Player1 seeks to influence group perception and direct voting outcomes.

2. **Voting Strategy:**
   - Initially, Player1 considers focusing on Player3 for being evasive. However, their final decision is to vote against Player2 due to Player2's alignment with other players and suspicious voting patterns. This decision suggests Player1 perceived Player2 as a higher threat, possibly indicating Player2's role as a werewolf.

3. **Adaptive Argumentation:**
   - Player1 strategically adjusts their argument and voting decision despite initially suspecting Player3. This adaptability highlights the importance of being responsive to changing group dynamics and new information, which can be essential in persuading others to follow suit and possibly revealing deeper alliances or foes.

**Implications for Future Strategic Decisions:**

- **Focus on Behavioral Consistency:** Evasive or inconsistent responses are critical markers in deduction games like Werewolf. Future strategies should continue to monitor and emphasize such behaviors to influence group opinion.
  
- **Voting Analysis:** Analyzing voting patterns can provide insights into potential alliances and hidden strategies, which is crucial for making informed decisions about which players pose the greatest threats.

- **Flexible Strategy:** Building and adapting arguments based on group dynamics and player responses is a vital skill. This capability not only helps in redirecting suspicion but also in maintaining an individual’s cover or role within the game.

- **Emotional Intelligence:** Understanding group sentiment and effectively communicating suspicion without drawing backlash on oneself is fundamental. This includes careful consideration of how aggressively or subtly arguments are posed.

For future rounds, these reflections underscore the importance of balancing assertiveness with subtlety in advocating for the elimination of suspected threats while ensuring self-preservation.