### Decision Summary:
1. **Player1's Manipulative Strategy**: Player1 aimed to blend in with the villagers while diverting suspicion from the real werewolves (Player2 and Player3) by focusing attention on Player4. Player1 deliberately crafted arguments against both Player3 and Player4 to confuse other players and manipulate the votes.

2. **Player1's Arguments**:
   - **Argument Against Player3**: Highlighted Player3's quietness, lack of contribution, and a defensive demeanor as suspicious indicators, suggesting these are tactics to mask their true intentions and align them as a potential werewolf.
   - **Argument Against Player4**: Pointed out Player4's lack of engagement in discussions and evasive behavior as reasons to consider them suspicious.

3. **Player1's Voting Decision**: Despite presenting arguments against both Player3 and Player4, Player1 ultimately decided to vote against Player3, considering their behavior as more suspect.

### Reflections and Implications for Future Strategies:

1. **Understand the Subtleties of Deception**: Player1 successfully demonstrated how manipulative arguments and strategic positioning in discussions could swerve the focus away from their true alliances. Future decision-making for villagers should involve dissecting arguments more critically to identify motives behind accusations, particularly when a player aggressively targets others.

2. **Behavioral Analysis**: Observations regarding quiet and defensive behavior or evasiveness in discussions should be approached with caution. While these may be signs of deceit, they are not definitive proof of being a werewolf and could be misused to trick unsuspecting players into misvoting.

3. **Diversion Tactics**: Player1's tactic of spotlighting multiple targets to diffuse suspicion from themselves highlights the need for villagers to track and elaborate on multiple threads of discussion, ensuring that key contributors are kept accountable for their logic and consistency in targeting.

4. **The Value of Contribution**: Encouraging open and honest participation from all players might limit the impact that accused players have in being able to strategically manipulate discussions to their advantage. Villagers need to foster an environment where silence and non-engagement are minimized to reduce ambiguity.

In summary, strategic decision-making in future games should focus on close examination of motivations behind accusations, more nuanced analysis of behaviors, the importance of consistent contribution from all players, and vigilance against misdirection tactics used by deceptive players.
The strategic decision-making process for Player1 was centered around diverting suspicion towards Player3 while keeping a low profile. Player1's strategy focused on highlighting Player3's lack of engagement and defensive demeanor as potential indicators of being a werewolf. This approach was designed not only to shift attention away from themselves but also to reinforce the perceived threat from Player3 to gain support for their elimination.

Player1's arguments against Player3 leaned on the suspicion created by Player3’s quiet and defensive behavior, suggesting that this behavior was a tactic to conceal their identity as a werewolf. In comparison, while Player4 was also considered due to their evasiveness, Player1 prioritized Player3 as a more significant threat based on their participation patterns and overall impact on the game.

**Implications for Future Strategic Decisions:**

1. **Threat Assessment and Prioritization:** Player1 strategically prioritized Player3 based on behavior indicative of a higher threat level. Future strategies should continue analyzing player behaviors and interactions to assess threat levels accurately. Behavior patterns, such as lack of engagement and defensive actions, can be strong indicators of a werewolf.

2. **Balancing Aggression and Subtlety:** Maintaining a balance between aggressive strategy and subtle gameplay is crucial. Player1's approach to keeping a low profile while presenting evidence against others highlighted the effectiveness of this balance. Future strategies should find a mix that effectively diverts suspicion while pushing forward strategic goals.

3. **Building Alliances and Support:** Convincing others to join in on the suspicion against a particular player is vital. Building alliances, whether overt or covert, can strengthen the push for eliminating perceived threats. Ensuring other players support the strategic argument requires clear communication and persuasive reasoning.

4. **Adjustment and Flexibility in Strategy:** While focusing on Player3 was a chosen strategy, remaining adaptable to dynamic gameplay changes, such as new evidence or player behavior changes, should be integral to strategic planning. Flexibility allows responding to new threats as they arise effectively.

By implementing these strategic insights, players can enhance their decision-making under high-pressure circumstances typical in the game of Werewolf.