In the provided gameplay scenario of Werewolf, Player1 is carefully strategizing to maintain their hidden identity as a werewolf while influencing the village's decisions to eliminate other players. The key decisions made by Player1 center on creating suspicion around other players, particularly Player3 and Player2, while deflecting any suspicion from themselves.

### Key Decisions and Implications:

1. **Targeting Player3:**
   - **Decision:** Player1 consistently targets Player3 by emphasizing their quiet demeanor, lack of contribution, and inconsistent voting patterns.
   - **Implications:** By focusing on Player3's passive behavior, Player1 aims to shift suspicion away from themselves onto a potentially innocent villager, making it easier for the werewolves to eliminate threats undetected. If Player3 is indeed a villager, this decision helps the werewolves reduce village effectiveness.

2. **Secondary Suspicion on Player2:**
   - **Decision:** A secondary line of suspicion is cast on Player2, suggesting they might be defending another werewolf or diverting attention.
   - **Implications:** This serves as a backup plan for Player1, ensuring that if the suspicion against Player3 does not hold, another potential scapegoat (Player2) is already primed for suspicion. This tactic also dilutes focus, making it harder for villagers to unify against a specific target.

3. **Voting Decision:**
   - **Decision:** The final vote is directed at Player3, deeming them the most strategically viable target for elimination.
   - **Implications:** Eliminating Player3, even if not a werewolf, can create further confusion and doubt among the villagers. This might lead to internal conflict, reducing the collective decision-making capabilities of the village, a key advantage for the werewolves.

### Reflection for Future Strategy:

- **Observation Skills:** The importance of observing the dynamics and interactions of players to identify targets for suspicion without revealing one's intentions is critical. Player1 uses observation to craft seemingly logical arguments against Player3.
  
- **Diversion and Deflection:** Successfully employing tactics that cast doubt on multiple players ensures that attention is diverted from oneself, a necessary skill for hidden roles like the werewolf.
  
- **Adaptability:** The ability to pivot between different targets (Player3 and Player2) based on the flow of discussion and group sentiment is pivotal. Future strategies should remain flexible, allowing for adaptation as new information and dynamics unfold.
  
- **Consensus Building:** Building a consensus against a target, even through subtle manipulation, can be powerful. Future games might benefit from refining the balance between overt and covert persuasion to effectively rally group support without revealing ulterior motives.

Overall, Player1's decisions demonstrate the effectiveness of subtle manipulation and strategic thinking in a high-stakes environment. Future strategic decisions should leverage these insights, continuously honing the ability to influence others while maintaining one's hidden agenda.
In the scenario presented, Player1 strategically navigated the game by leveraging suspicion and manipulation. The key decisions include:

1. **Emphasizing Inactivity of Player3:** Player1 utilized Player3's quietness as a point of suspicion to draw attention away from themselves. By questioning Player3's lack of contribution, Player1 cleverly sowed seeds of doubt among the group.

2. **Player2 as a Potential Threat:** Despite an initial focus on Player3, Player1 also considered Player2 a threat due to their vague responses and defense of Player3. Player1's strategy involved casting suspicion on Player2, presumably to create dissent and confusion.

3. **Final Decision - Targeting Player3:** Ultimately, Player1 chose to eliminate Player3, identifying their quietness as a more significant red flag than Player2's behavior. This decision was driven by the potential to clarify Player3's role, which could either validate the suspicion or eliminate a villager, both outcomes serving Player1's strategic interests.

The implications for future strategic decisions include:

- **Balance of Suspicion:** Maintaining a balance between suspicion on multiple players can divert attention but requires careful observation of other players' responses to avoid backlash.
  
- **Role of Inactivity:** Leveraging the inactivity or low contribution of players can be an effective tool in steering suspicion. However, it requires evidence or reinforcing arguments to convince others without rousing their awareness of manipulation.

- **Assessing Threat Levels:** Evaluating the threat level based on players’ voting patterns and alliances is crucial. Effectively distinguishing between players who pose a larger risk to one's strategy and who can be used as a scapegoat is essential.

- **Creating Confusion:** Decisions that inherently create confusion among other players could be used as a strategy to maintain one's cover in games involving deception.

For future games, strategists can use these insights to navigate suspicion, discern target priorities, and leverage players' inactivity or alliances as tools for maintaining control and obscuring their own identity.