{"basefilepath":"logs/fastslow","max_days_per_game":5,"num_games":10,"reflect_before_vectorstore":false,"max_werewolf_discussion_round":3,"similarity_top_k":2,"random_seed":44}
2025-03-02 00:05:12 - INFO - Starting game 0
2025-03-02 00:05:12 - INFO - Moderator: Player1, if you are the only werewolf, eliminate a player. Otherwise, discuss with your teammates and reach an agreement.
2025-03-02 00:05:12 - INFO - Moderator: Player1, if you are the only werewolf, eliminate a player. Otherwise, discuss with your teammates and reach an agreement.
2025-03-02 00:05:12 - INFO - ===
2025-03-02 00:05:12 - INFO - Query: Discussions related to villagers, seer, witch.
2025-03-02 00:05:12 - INFO - Retrieved similar documents: 
2025-03-02 00:05:12 - INFO - ===
2025-03-02 00:05:15 - INFO - Werewolves discussion: I think we should consider who has been acting a bit suspicious lately. Maybe we should focus on Player2 since they seemed a bit defensive during our last conversation.
2025-03-02 00:05:15 - INFO - Moderator: Which player do you vote to kill?
2025-03-02 00:05:15 - INFO - Moderator: Which player do you vote to kill?
2025-03-02 00:05:16 - INFO - ===
2025-03-02 00:05:16 - INFO - Query: Discussions related to villagers, seer, witch.
2025-03-02 00:05:16 - INFO - Retrieved similar documents: Player1: {"thought": "I need to be cautious about how I approach this discussion because I'm unsure who the other werewolf is and I need to remain undetected. I should keep my suspicions subtle and observe how others react to my suggestions.", "speak": "I think we should consider who has been acting a bit suspicious lately. Maybe we should focus on Player2 since they seemed a bit defensive during our last conversation.", "finish_discussion": "false"}
Player1: {"thought": "I need to be cautious about how I approach this discussion because I'm unsure who the other werewolf is and I need to remain undetected. I should keep my suspicions subtle and observe how others react to my suggestions.", "speak": "I think we should consider who has been acting a bit suspicious lately. Maybe we should focus on Player2 since they seemed a bit defensive during our last conversation.", "finish_discussion": "false"}
2025-03-02 00:05:16 - INFO - ===
2025-03-02 00:05:17 - INFO - ===
2025-03-02 00:05:17 - INFO - Fast Response: {"thought": "I think Player2 has been acting a bit suspicious and defensive, which might indicate they are hiding something. However, I'm still unsure about the others' reactions and if Player3 or Player4 might be implicated as well. I need to be careful with my vote.", "vote": "Player2", "uncertainty_score": 0.3}
2025-03-02 00:05:17 - INFO - Fast Uncertainty: 0.3
2025-03-02 00:05:17 - INFO - ===
2025-03-02 00:05:20 - INFO - ===
2025-03-02 00:05:20 - INFO - Slow Response: {"thought": "I need to carefully consider my vote to avoid arousing suspicion and to try to identify the other werewolf. It's important to strike a balance in my decision-making to maintain trust among the villagers. Based on my previous observation, I should continue to focus on Player2, as this might help in diverting attention away.", "vote": "Player2", "uncertainty_score": 0.3}
2025-03-02 00:05:20 - INFO - ===
2025-03-02 00:05:21 - INFO - Moderator: The player with the most votes is Player2.
2025-03-02 00:05:21 - INFO - Moderator: Player4, you're the witch. Tonight Player2 is eliminated. Would you like to resurrect Player2?
2025-03-02 00:05:21 - INFO - ===
2025-03-02 00:05:21 - INFO - Query: Discussions related to werewolves.
2025-03-02 00:05:21 - INFO - Retrieved similar documents: 
2025-03-02 00:05:21 - INFO - ===
2025-03-02 00:05:23 - INFO - Witch resurrection response: I choose to resurrect Player2 because they could provide crucial information moving forward, and having them back in the game will strengthen the villagers' ability to identify the werewolves.
2025-03-02 00:05:23 - INFO - Moderator: The witch has chosen to resurrect the player.
2025-03-02 00:05:23 - INFO - Moderator: Player3, you're the seer. Which player in Player1, Player2, Player3 and Player4 would you like to check tonight?
2025-03-02 00:05:23 - INFO - ===
2025-03-02 00:05:23 - INFO - Query: Discussions related to werewolves.
2025-03-02 00:05:23 - INFO - Retrieved similar documents: 
2025-03-02 00:05:23 - INFO - ===
2025-03-02 00:05:25 - INFO - Seer response: Player1
2025-03-02 00:05:25 - INFO - Moderator: Okay, the role of Player1 is a werewolf.
2025-03-02 00:05:26 - INFO - ===
2025-03-02 00:05:26 - INFO - Query: Discussions related to villagers, seer, witch.
2025-03-02 00:05:26 - INFO - Retrieved similar documents: Player1: {"thought": "I need to be cautious about how I approach this discussion because I'm unsure who the other werewolf is and I need to remain undetected. I should keep my suspicions subtle and observe how others react to my suggestions.", "speak": "I think we should consider who has been acting a bit suspicious lately. Maybe we should focus on Player2 since they seemed a bit defensive during our last conversation.", "finish_discussion": "false"}
Player1: {"thought": "I need to carefully consider my vote to avoid arousing suspicion and to try to identify the other werewolf. It's important to strike a balance in my decision-making to maintain trust among the villagers. Based on my previous observation, I should continue to focus on Player2, as this might help in diverting attention away.", "vote": "Player2", "uncertainty_score": 0.3}
2025-03-02 00:05:26 - INFO - ===
2025-03-02 00:05:28 - INFO - ===
2025-03-02 00:05:28 - INFO - Query: Discussions related to werewolves.
2025-03-02 00:05:28 - INFO - Retrieved similar documents: 
2025-03-02 00:05:28 - INFO - ===
2025-03-02 00:05:30 - INFO - ===
2025-03-02 00:05:30 - INFO - Query: Discussions related to werewolves.
2025-03-02 00:05:30 - INFO - Retrieved similar documents: Moderator: Okay, the role of Player1 is a werewolf.
Player3: {"thought": "I need to gather information tonight to determine who the werewolves are. I will check Player1, as I have a gut feeling about them.", "speak": "Player1"}
2025-03-02 00:05:30 - INFO - ===
2025-03-02 00:05:32 - INFO - ===
2025-03-02 00:05:32 - INFO - Query: Discussions related to werewolves.
2025-03-02 00:05:32 - INFO - Retrieved similar documents: Player4: {"thought": "Player2 might be the seer or another villager, but if they are eliminated, we lose a valuable opportunity to gain information about the werewolves. I should consider resurrecting them to gather more data in the following phases.", "speak": "I choose to resurrect Player2 because they could provide crucial information moving forward, and having them back in the game will strengthen the villagers' ability to identify the werewolves.", "resurrect": true}
2025-03-02 00:05:32 - INFO - ===
2025-03-02 00:05:35 - INFO - Survivors Discussion: I think we should consider all perspectives before making a decision on who to eliminate. Let's discuss who else might be a possible werewolf.
2025-03-02 00:05:35 - INFO - Moderator: Given the game rules and your role, based on the situation and the information you gain, to win the game, it's time to vote one player eliminated among the alive players. Which player do you vote to kill?
2025-03-02 00:05:35 - INFO - ===
2025-03-02 00:05:35 - INFO - Query: Discussions related to villagers, seer, witch.
2025-03-02 00:05:35 - INFO - Retrieved similar documents: Player1: {"thought": "I need to be cautious about how I approach this discussion because I'm unsure who the other werewolf is and I need to remain undetected. I should keep my suspicions subtle and observe how others react to my suggestions.", "speak": "I think we should consider who has been acting a bit suspicious lately. Maybe we should focus on Player2 since they seemed a bit defensive during our last conversation.", "finish_discussion": "false"}
Player1: {"thought": "I need to carefully consider my vote to avoid arousing suspicion and to try to identify the other werewolf. It's important to strike a balance in my decision-making to maintain trust among the villagers. Based on my previous observation, I should continue to focus on Player2, as this might help in diverting attention away.", "vote": "Player2", "uncertainty_score": 0.3}
2025-03-02 00:05:35 - INFO - ===
2025-03-02 00:05:37 - INFO - ===
2025-03-02 00:05:37 - INFO - Fast Response: {"thought": "I still believe Player2 is acting suspiciously and could be one of the werewolves. I need to stay focused on them to maintain my strategy, though I'm feeling a bit uncertain about how the others might perceive my vote.", "vote": "Player2", "uncertainty_score": 0.4}
2025-03-02 00:05:37 - INFO - Fast Uncertainty: 0.4
2025-03-02 00:05:37 - INFO - ===
2025-03-02 00:05:41 - INFO - ===
2025-03-02 00:05:41 - INFO - Slow Response: {"thought": "I should continue to focus on Player2 as I have done in previous discussions, which allows me to maintain consistency in my story and not target a player who might turn out to be my teammate. It's also a strategy to divert attention away from myself. I hope this vote doesn't backfire.", "vote": "Player2", "uncertainty_score": 0.3}
2025-03-02 00:05:41 - INFO - ===
2025-03-02 00:05:41 - INFO - ===
2025-03-02 00:05:41 - INFO - Query: Discussions related to werewolves.
2025-03-02 00:05:41 - INFO - Retrieved similar documents: Player2: {"thought": "Player1 is suspicious of me, which could be a strategy to deflect attention from themselves. I need to analyze Player1's comments more closely.", "speak": "I understand your concerns, Player1. Can you specify what you find strange about my behavior? I believe it's crucial we analyze everyone's actions carefully."}
Player2: {"thought": "Player1 is suspicious of me, which could be a strategy to deflect attention from themselves. I need to analyze Player1's comments more closely.", "speak": "I understand your concerns, Player1. Can you specify what you find strange about my behavior? I believe it's crucial we analyze everyone's actions carefully."}
2025-03-02 00:05:41 - INFO - ===
2025-03-02 00:05:43 - INFO - ===
2025-03-02 00:05:43 - INFO - Query: Discussions related to werewolves.
2025-03-02 00:05:43 - INFO - Retrieved similar documents: Moderator: Okay, the role of Player1 is a werewolf.
Player3: {"thought": "I need to gather information tonight to determine who the werewolves are. I will check Player1, as I have a gut feeling about them.", "speak": "Player1"}
2025-03-02 00:05:43 - INFO - ===
2025-03-02 00:05:45 - INFO - ===
2025-03-02 00:05:45 - INFO - Query: Discussions related to werewolves.
2025-03-02 00:05:45 - INFO - Retrieved similar documents: Player4: {"thought": "Player2 might be the seer or another villager, but if they are eliminated, we lose a valuable opportunity to gain information about the werewolves. I should consider resurrecting them to gather more data in the following phases.", "speak": "I choose to resurrect Player2 because they could provide crucial information moving forward, and having them back in the game will strengthen the villagers' ability to identify the werewolves.", "resurrect": true}
2025-03-02 00:05:45 - INFO - ===
2025-03-02 00:05:47 - INFO - Moderator: Player1 has been voted out.
2025-03-02 00:05:47 - INFO - Moderator: The game is over. The werewolves have been defeated, and the village is safe once again!
2025-03-02 00:05:47 - INFO - Moderator: The game is over. The werewolves have been defeated, and the village is safe once again!
