{"basefilepath":"logs/fastslow","max_days_per_game":5,"num_games":10,"reflect_before_vectorstore":false,"max_werewolf_discussion_round":3,"similarity_top_k":2,"random_seed":44}
2025-03-02 00:10:21 - INFO - Starting game 9
2025-03-02 00:10:21 - INFO - Moderator: Player1, if you are the only werewolf, eliminate a player. Otherwise, discuss with your teammates and reach an agreement.
2025-03-02 00:10:21 - INFO - Moderator: Player1, if you are the only werewolf, eliminate a player. Otherwise, discuss with your teammates and reach an agreement.
2025-03-02 00:10:21 - INFO - ===
2025-03-02 00:10:21 - INFO - Query: Discussions related to villagers, seer, witch.
2025-03-02 00:10:21 - INFO - Retrieved similar documents: 
2025-03-02 00:10:21 - INFO - ===
2025-03-02 00:10:23 - INFO - Werewolves discussion: I think we all need to discuss our suspicions more thoroughly. It’s crucial for us to figure out who might be the werewolves among us. Does anyone have any thoughts or observations from the previous rounds that can guide our voting today?
2025-03-02 00:10:23 - INFO - ===
2025-03-02 00:10:23 - INFO - Query: Discussions related to villagers, seer, witch.
2025-03-02 00:10:23 - INFO - Retrieved similar documents: Player1: {"thought": "I need to keep a low profile and gather information without revealing myself. I should be cautious about who I suspect and avoid drawing too much attention to myself while trying to figure out who the werewolves might be. It's also important to not stand out so much that I become a target for elimination.", "speak": "I think we all need to discuss our suspicions more thoroughly. It\u2019s crucial for us to figure out who might be the werewolves among us. Does anyone have any thoughts or observations from the previous rounds that can guide our voting today?", "finish_discussion": false}
Player1: {"thought": "I need to keep a low profile and gather information without revealing myself. I should be cautious about who I suspect and avoid drawing too much attention to myself while trying to figure out who the werewolves might be. It's also important to not stand out so much that I become a target for elimination.", "speak": "I think we all need to discuss our suspicions more thoroughly. It\u2019s crucial for us to figure out who might be the werewolves among us. Does anyone have any thoughts or observations from the previous rounds that can guide our voting today?", "finish_discussion": false}
2025-03-02 00:10:23 - INFO - ===
2025-03-02 00:10:27 - INFO - Werewolves discussion: Let's also consider any unusual behavior or comments from the last night phase. Did anyone notice anything specific that could point us toward a werewolf?
2025-03-02 00:10:27 - INFO - ===
2025-03-02 00:10:27 - INFO - Query: Discussions related to villagers, seer, witch.
2025-03-02 00:10:27 - INFO - Retrieved similar documents: Player1: {"thought": "I need to analyze the responses from the other players carefully to identify any inconsistencies or signs of deception. Gathering insights about their suspicions will help me strategize our next move, whether we are werewolves or villagers. I should also be ready to adapt my approach depending on how they react during the discussion.", "speak": "Let's also consider any unusual behavior or comments from the last night phase. Did anyone notice anything specific that could point us toward a werewolf?", "finish_discussion": false}
Player1: {"thought": "I need to keep a low profile and gather information without revealing myself. I should be cautious about who I suspect and avoid drawing too much attention to myself while trying to figure out who the werewolves might be. It's also important to not stand out so much that I become a target for elimination.", "speak": "I think we all need to discuss our suspicions more thoroughly. It\u2019s crucial for us to figure out who might be the werewolves among us. Does anyone have any thoughts or observations from the previous rounds that can guide our voting today?", "finish_discussion": false}
2025-03-02 00:10:27 - INFO - ===
2025-03-02 00:10:29 - INFO - Werewolves discussion: Since we've talked about our previous observations, how about we share who we think might be acting suspiciously? I feel like identifying patterns in our discussions could really help clarify things.
2025-03-02 00:10:29 - INFO - Moderator: Which player do you vote to kill?
2025-03-02 00:10:29 - INFO - Moderator: Which player do you vote to kill?
2025-03-02 00:10:29 - INFO - ===
2025-03-02 00:10:29 - INFO - Query: Discussions related to villagers, seer, witch.
2025-03-02 00:10:29 - INFO - Retrieved similar documents: Player1: {"thought": "I need to analyze the responses from the other players carefully to identify any inconsistencies or signs of deception. Gathering insights about their suspicions will help me strategize our next move, whether we are werewolves or villagers. I should also be ready to adapt my approach depending on how they react during the discussion.", "speak": "Let's also consider any unusual behavior or comments from the last night phase. Did anyone notice anything specific that could point us toward a werewolf?", "finish_discussion": false}
Player1: {"thought": "I need to keep a low profile and gather information without revealing myself. I should be cautious about who I suspect and avoid drawing too much attention to myself while trying to figure out who the werewolves might be. It's also important to not stand out so much that I become a target for elimination.", "speak": "I think we all need to discuss our suspicions more thoroughly. It\u2019s crucial for us to figure out who might be the werewolves among us. Does anyone have any thoughts or observations from the previous rounds that can guide our voting today?", "finish_discussion": false}
2025-03-02 00:10:29 - INFO - ===
2025-03-02 00:10:31 - INFO - ===
2025-03-02 00:10:31 - INFO - Fast Response: {"thought": "I'm still trying to analyze the discussions and the behaviors of each player. I need to choose someone who seems suspicious but won't draw too much attention to me. Player4 has been rather quiet, which can sometimes be a sign of deception.", "vote": "Player4", "uncertainty_score": 0.3}
2025-03-02 00:10:31 - INFO - Fast Uncertainty: 0.3
2025-03-02 00:10:31 - INFO - ===
2025-03-02 00:10:33 - INFO - ===
2025-03-02 00:10:33 - INFO - Slow Response: {"thought": "I'm trying to be strategic in my choice and keep a low profile to avoid drawing attention. Without concrete evidence, I have to make a speculative choice based on the limited interactions and observations so far.", "vote": "Player3", "uncertainty_score": 0.8}
2025-03-02 00:10:33 - INFO - ===
2025-03-02 00:10:33 - INFO - Moderator: The player with the most votes is Player3.
2025-03-02 00:10:33 - INFO - Moderator: Player4, you're the witch. Tonight Player3 is eliminated. Would you like to resurrect Player3?
2025-03-02 00:10:33 - INFO - ===
2025-03-02 00:10:33 - INFO - Query: Discussions related to werewolves.
2025-03-02 00:10:33 - INFO - Retrieved similar documents: 
2025-03-02 00:10:33 - INFO - ===
2025-03-02 00:10:35 - INFO - Witch resurrection response: I will resurrect Player3 because they might have valuable information about the identity of the werewolves.
2025-03-02 00:10:35 - INFO - Moderator: The witch has chosen to resurrect the player.
2025-03-02 00:10:35 - INFO - Moderator: Player3, you're the seer. Which player in Player1, Player2, Player3 and Player4 would you like to check tonight?
2025-03-02 00:10:35 - INFO - ===
2025-03-02 00:10:35 - INFO - Query: Discussions related to werewolves.
2025-03-02 00:10:35 - INFO - Retrieved similar documents: 
2025-03-02 00:10:35 - INFO - ===
2025-03-02 00:10:36 - INFO - Seer response: Player1
2025-03-02 00:10:36 - INFO - Moderator: Okay, the role of Player1 is a werewolf.
2025-03-02 00:10:36 - INFO - ===
2025-03-02 00:10:36 - INFO - Query: Discussions related to villagers, seer, witch.
2025-03-02 00:10:36 - INFO - Retrieved similar documents: Player1: {"thought": "I need to analyze the responses from the other players carefully to identify any inconsistencies or signs of deception. Gathering insights about their suspicions will help me strategize our next move, whether we are werewolves or villagers. I should also be ready to adapt my approach depending on how they react during the discussion.", "speak": "Let's also consider any unusual behavior or comments from the last night phase. Did anyone notice anything specific that could point us toward a werewolf?", "finish_discussion": false}
Player1: {"thought": "I need to keep a low profile and gather information without revealing myself. I should be cautious about who I suspect and avoid drawing too much attention to myself while trying to figure out who the werewolves might be. It's also important to not stand out so much that I become a target for elimination.", "speak": "I think we all need to discuss our suspicions more thoroughly. It\u2019s crucial for us to figure out who might be the werewolves among us. Does anyone have any thoughts or observations from the previous rounds that can guide our voting today?", "finish_discussion": false}
2025-03-02 00:10:36 - INFO - ===
2025-03-02 00:10:38 - INFO - ===
2025-03-02 00:10:38 - INFO - Query: Discussions related to werewolves.
2025-03-02 00:10:38 - INFO - Retrieved similar documents: 
2025-03-02 00:10:38 - INFO - ===
2025-03-02 00:10:40 - INFO - ===
2025-03-02 00:10:40 - INFO - Query: Discussions related to werewolves.
2025-03-02 00:10:40 - INFO - Retrieved similar documents: Moderator: Okay, the role of Player1 is a werewolf.
Player3: {"thought": "I need to gather information in order to help identify the werewolves. I will check Player1 tonight to see if they are a werewolf or not.", "speak": "Player1"}
2025-03-02 00:10:40 - INFO - ===
2025-03-02 00:10:45 - INFO - ===
2025-03-02 00:10:45 - INFO - Query: Discussions related to werewolves.
2025-03-02 00:10:45 - INFO - Retrieved similar documents: Player4: {"thought": "It's crucial to gather more information during the day phase, and resurrecting Player3 may help clarify suspicions about the remaining players.", "speak": "I will resurrect Player3 because they might have valuable information about the identity of the werewolves.", "resurrect": true}
2025-03-02 00:10:45 - INFO - ===
2025-03-02 00:10:50 - INFO - Survivors Discussion: I agree, Player3! Player1 has been a bit off. We should consider all our options before casting any votes.
2025-03-02 00:10:50 - INFO - Moderator: Given the game rules and your role, based on the situation and the information you gain, to win the game, it's time to vote one player eliminated among the alive players. Which player do you vote to kill?
2025-03-02 00:10:50 - INFO - ===
2025-03-02 00:10:50 - INFO - Query: Discussions related to villagers, seer, witch.
2025-03-02 00:10:50 - INFO - Retrieved similar documents: Player1: {"thought": "I need to analyze the responses from the other players carefully to identify any inconsistencies or signs of deception. Gathering insights about their suspicions will help me strategize our next move, whether we are werewolves or villagers. I should also be ready to adapt my approach depending on how they react during the discussion.", "speak": "Let's also consider any unusual behavior or comments from the last night phase. Did anyone notice anything specific that could point us toward a werewolf?", "finish_discussion": false}
Player1: {"thought": "I need to pay close attention to how the other players are interacting and what suspicions they're voicing. Gathering this information will help me identify potential werewolves while maintaining my cover. I should also consider the logic behind their statements and see if anyone is trying to deflect suspicion away from themselves.", "speak": "I agree that we should share our thoughts on who we suspect. It might help us to understand each other's perspectives. Does anyone feel particularly strongly about a specific player?"}
2025-03-02 00:10:50 - INFO - ===
2025-03-02 00:10:52 - INFO - ===
2025-03-02 00:10:52 - INFO - Fast Response: {"thought": "I feel there's some inconsistency in Player2's statements, and they seem to be deflecting suspicion away from themselves. However, I want to be sure before making a final decision. I still need to watch how Player3 and Player4 react during the voting, as they might provide more clues.", "vote": "Player2", "uncertainty_score": 0.3}
2025-03-02 00:10:52 - INFO - Fast Uncertainty: 0.3
2025-03-02 00:10:52 - INFO - ===
2025-03-02 00:10:55 - INFO - ===
2025-03-02 00:10:55 - INFO - Slow Response: {"thought": "Given the current phase of the game and the lack of concrete evidence against any specific player, I need to gauge the reactions of the other players based on the previous discussions. Since we don't have any explicit accusations from other players yet, it's a strategic decision to observe the forthcoming votes to pick up on any hidden agendas. My vote is tentatively directed at Player3, hoping this will give us more insights through others' reactions and votes.", "vote": "Player3", "uncertainty_score": 0.6}
2025-03-02 00:10:55 - INFO - ===
2025-03-02 00:10:57 - INFO - ===
2025-03-02 00:10:57 - INFO - Query: Discussions related to werewolves.
2025-03-02 00:10:57 - INFO - Retrieved similar documents: Player2: {"thought": "I think it's important to gather information and see who might be acting suspiciously. We need to stick together to identify the werewolves.", "speak": "I think we should all share our observations. I haven't noticed anything specific yet, but I feel like we should keep an eye on Player3 and Player4."}
Player2: {"thought": "I think it's important to gather information and see who might be acting suspiciously. We need to stick together to identify the werewolves.", "speak": "I think we should all share our observations. I haven't noticed anything specific yet, but I feel like we should keep an eye on Player3 and Player4."}
2025-03-02 00:10:57 - INFO - ===
2025-03-02 00:10:59 - INFO - ===
2025-03-02 00:10:59 - INFO - Query: Discussions related to werewolves.
2025-03-02 00:10:59 - INFO - Retrieved similar documents: Moderator: Okay, the role of Player1 is a werewolf.
Player3: {"thought": "I need to gather information in order to help identify the werewolves. I will check Player1 tonight to see if they are a werewolf or not.", "speak": "Player1"}
2025-03-02 00:10:59 - INFO - ===
2025-03-02 00:11:01 - INFO - ===
2025-03-02 00:11:01 - INFO - Query: Discussions related to werewolves.
2025-03-02 00:11:01 - INFO - Retrieved similar documents: Player4: {"thought": "It's crucial to gather more information during the day phase, and resurrecting Player3 may help clarify suspicions about the remaining players.", "speak": "I will resurrect Player3 because they might have valuable information about the identity of the werewolves.", "resurrect": true}
2025-03-02 00:11:01 - INFO - ===
2025-03-02 00:11:02 - INFO - Moderator: Player1 has been voted out.
2025-03-02 00:11:02 - INFO - Moderator: The game is over. The werewolves have been defeated, and the village is safe once again!
2025-03-02 00:11:02 - INFO - Moderator: The game is over. The werewolves have been defeated, and the village is safe once again!
