{"basefilepath":"logs/fastslow","max_days_per_game":5,"num_games":10,"reflect_before_vectorstore":false,"max_werewolf_discussion_round":3,"similarity_top_k":2,"random_seed":44}
2025-03-02 00:07:45 - INFO - Starting game 4
2025-03-02 00:07:45 - INFO - Moderator: Player1, if you are the only werewolf, eliminate a player. Otherwise, discuss with your teammates and reach an agreement.
2025-03-02 00:07:45 - INFO - Moderator: Player1, if you are the only werewolf, eliminate a player. Otherwise, discuss with your teammates and reach an agreement.
2025-03-02 00:07:45 - INFO - ===
2025-03-02 00:07:45 - INFO - Query: Discussions related to villagers, seer, witch.
2025-03-02 00:07:45 - INFO - Retrieved similar documents: 
2025-03-02 00:07:45 - INFO - ===
2025-03-02 00:07:47 - INFO - Werewolves discussion: I think we should discuss what everyone observed during the night. Has anyone seen anything suspicious lately? Maybe we can pinpoint some behaviors that might help us identify the werewolves.
2025-03-02 00:07:47 - INFO - Moderator: Which player do you vote to kill?
2025-03-02 00:07:47 - INFO - Moderator: Which player do you vote to kill?
2025-03-02 00:07:47 - INFO - ===
2025-03-02 00:07:47 - INFO - Query: Discussions related to villagers, seer, witch.
2025-03-02 00:07:47 - INFO - Retrieved similar documents: Player1: {"thought": "I need to carefully assess the other players and gather information without revealing my role as a werewolf too soon. I should steer the conversation to identify who the seer or witch might be while also deflecting suspicion away from myself and my teammate. It's essential to create doubts among the villagers.", "speak": "I think we should discuss what everyone observed during the night. Has anyone seen anything suspicious lately? Maybe we can pinpoint some behaviors that might help us identify the werewolves.", "finish_discussion": "false"}
Player1: {"thought": "I need to carefully assess the other players and gather information without revealing my role as a werewolf too soon. I should steer the conversation to identify who the seer or witch might be while also deflecting suspicion away from myself and my teammate. It's essential to create doubts among the villagers.", "speak": "I think we should discuss what everyone observed during the night. Has anyone seen anything suspicious lately? Maybe we can pinpoint some behaviors that might help us identify the werewolves.", "finish_discussion": "false"}
2025-03-02 00:07:47 - INFO - ===
2025-03-02 00:07:48 - INFO - ===
2025-03-02 00:07:48 - INFO - Fast Response: {"thought": "I'm trying to assess the other players' behaviors and identify any potential werewolves, but I'm not completely sure who to vote for yet. I want to eliminate someone without drawing too much attention to myself or my teammate.", "vote": "Player2", "uncertainty_score": 0.6}
2025-03-02 00:07:48 - INFO - Fast Uncertainty: 0.6
2025-03-02 00:07:48 - INFO - ===
2025-03-02 00:07:51 - INFO - ===
2025-03-02 00:07:51 - INFO - Slow Response: {"thought": "I should choose a player who is not suspiciously observant or vocal, as they might be the seer or witch. Picking a quieter player might not draw as much attention and allows me to maintain my cover.", "vote": "Player3", "uncertainty_score": 0.3}
2025-03-02 00:07:51 - INFO - ===
2025-03-02 00:07:51 - INFO - Moderator: The player with the most votes is Player3.
2025-03-02 00:07:51 - INFO - Moderator: Player4, you're the witch. Tonight Player3 is eliminated. Would you like to resurrect Player3?
2025-03-02 00:07:51 - INFO - ===
2025-03-02 00:07:51 - INFO - Query: Discussions related to werewolves.
2025-03-02 00:07:51 - INFO - Retrieved similar documents: 
2025-03-02 00:07:51 - INFO - ===
2025-03-02 00:07:53 - INFO - Witch resurrection response: I will not resurrect Player3 tonight because I need to gather more information before making a decision.
2025-03-02 00:07:53 - INFO - Moderator: The witch has chosen not to resurrect the player.
2025-03-02 00:07:53 - INFO - ===
2025-03-02 00:07:53 - INFO - Query: Discussions related to werewolves.
2025-03-02 00:07:53 - INFO - Retrieved similar documents: Player4: {"thought": "As the witch, I have the power to save a player, but I'm not aware of anyone's role yet. I need more information to make a wise decision. Player3 might be a werewolf, but I don't want to waste my potion of life too soon.", "speak": "I will not resurrect Player3 tonight because I need to gather more information before making a decision.", "resurrect": false}
2025-03-02 00:07:53 - INFO - ===
2025-03-02 00:07:55 - INFO - Witch Poison Response: I think we should take some time to discuss and gather more information before we decide on eliminating a player.
2025-03-02 00:07:55 - INFO - The witch has chosen not to poison a player.
2025-03-02 00:07:55 - INFO - Moderator: Player3, you're the seer. Which player in Player1, Player2, Player3 and Player4 would you like to check tonight?
2025-03-02 00:07:55 - INFO - ===
2025-03-02 00:07:55 - INFO - Query: Discussions related to werewolves.
2025-03-02 00:07:55 - INFO - Retrieved similar documents: 
2025-03-02 00:07:55 - INFO - ===
2025-03-02 00:07:56 - INFO - Seer response: Player1
2025-03-02 00:07:56 - INFO - Moderator: Okay, the role of Player1 is a werewolf.
2025-03-02 00:07:57 - INFO - ===
2025-03-02 00:07:57 - INFO - Query: Discussions related to villagers, seer, witch.
2025-03-02 00:07:57 - INFO - Retrieved similar documents: Player1: {"thought": "I need to carefully assess the other players and gather information without revealing my role as a werewolf too soon. I should steer the conversation to identify who the seer or witch might be while also deflecting suspicion away from myself and my teammate. It's essential to create doubts among the villagers.", "speak": "I think we should discuss what everyone observed during the night. Has anyone seen anything suspicious lately? Maybe we can pinpoint some behaviors that might help us identify the werewolves.", "finish_discussion": "false"}
Player1: {"thought": "I should choose a player who is not suspiciously observant or vocal, as they might be the seer or witch. Picking a quieter player might not draw as much attention and allows me to maintain my cover.", "vote": "Player3", "uncertainty_score": 0.3}
2025-03-02 00:07:57 - INFO - ===
2025-03-02 00:08:07 - INFO - ===
2025-03-02 00:08:07 - INFO - Query: Discussions related to werewolves.
2025-03-02 00:08:07 - INFO - Retrieved similar documents: 
2025-03-02 00:08:07 - INFO - ===
2025-03-02 00:08:08 - INFO - ===
2025-03-02 00:08:08 - INFO - Query: Discussions related to werewolves.
2025-03-02 00:08:08 - INFO - Retrieved similar documents: Player4: {"thought": "As the witch, I have the power to save a player, but I'm not aware of anyone's role yet. I need more information to make a wise decision. Player3 might be a werewolf, but I don't want to waste my potion of life too soon.", "speak": "I will not resurrect Player3 tonight because I need to gather more information before making a decision.", "resurrect": false}
2025-03-02 00:08:09 - INFO - ===
2025-03-02 00:08:10 - INFO - Survivors Discussion: Let's carefully examine Player3's behavior before they were eliminated. Did anyone notice anything unusual?
2025-03-02 00:08:10 - INFO - Moderator: Given the game rules and your role, based on the situation and the information you gain, to win the game, it's time to vote one player eliminated among the alive players. Which player do you vote to kill?
2025-03-02 00:08:11 - INFO - ===
2025-03-02 00:08:11 - INFO - Query: Discussions related to villagers, seer, witch.
2025-03-02 00:08:11 - INFO - Retrieved similar documents: Player1: {"thought": "I need to carefully assess the other players and gather information without revealing my role as a werewolf too soon. I should steer the conversation to identify who the seer or witch might be while also deflecting suspicion away from myself and my teammate. It's essential to create doubts among the villagers.", "speak": "I think we should discuss what everyone observed during the night. Has anyone seen anything suspicious lately? Maybe we can pinpoint some behaviors that might help us identify the werewolves.", "finish_discussion": "false"}
Player1: {"thought": "I should choose a player who is not suspiciously observant or vocal, as they might be the seer or witch. Picking a quieter player might not draw as much attention and allows me to maintain my cover.", "vote": "Player3", "uncertainty_score": 0.3}
2025-03-02 00:08:11 - INFO - ===
2025-03-02 00:08:12 - INFO - ===
2025-03-02 00:08:12 - INFO - Fast Response: {"thought": "I think Player2 might be trying to rally the villagers against me, and it would be beneficial to eliminate them while I have the chance. Player4 hasn\u2019t really made any strong accusations or contributions, so they might be less of a threat for now.", "vote": "Player2", "uncertainty_score": 0.2}
2025-03-02 00:08:12 - INFO - Fast Uncertainty: 0.2
2025-03-02 00:08:12 - INFO - ===
2025-03-02 00:08:13 - INFO - ===
2025-03-02 00:08:13 - INFO - Query: Discussions related to werewolves.
2025-03-02 00:08:13 - INFO - Retrieved similar documents: Player2: {"thought": "We need to be careful in our discussions. Player1 seems open but can also be trying to deflect suspicion. Player4 hasn't said much yet, which could be a strategy.", "speak": "I agree, losing Player3 is tough. We have to analyze everyone's actions and be cautious. I think we should discuss what Player3 was doing before they were eliminated and see if we can find any connections."}
Player2: {"thought": "We need to be careful in our discussions. Player1 seems open but can also be trying to deflect suspicion. Player4 hasn't said much yet, which could be a strategy.", "speak": "I agree, losing Player3 is tough. We have to analyze everyone's actions and be cautious. I think we should discuss what Player3 was doing before they were eliminated and see if we can find any connections."}
2025-03-02 00:08:13 - INFO - ===
2025-03-02 00:08:15 - INFO - ===
2025-03-02 00:08:15 - INFO - Query: Discussions related to werewolves.
2025-03-02 00:08:15 - INFO - Retrieved similar documents: Player4: {"thought": "As the witch, I have the power to save a player, but I'm not aware of anyone's role yet. I need more information to make a wise decision. Player3 might be a werewolf, but I don't want to waste my potion of life too soon.", "speak": "I will not resurrect Player3 tonight because I need to gather more information before making a decision.", "resurrect": false}
2025-03-02 00:08:15 - INFO - ===
2025-03-02 00:08:16 - INFO - Moderator: Player1 has been voted out.
2025-03-02 00:08:16 - INFO - Moderator: The game is over. The werewolves have been defeated, and the village is safe once again!
2025-03-02 00:08:16 - INFO - Moderator: The game is over. The werewolves have been defeated, and the village is safe once again!
