{"basefilepath":"logs/fastslow","max_days_per_game":5,"num_games":10,"reflect_before_vectorstore":false,"max_werewolf_discussion_round":3,"similarity_top_k":2,"random_seed":44}
2025-03-02 00:09:19 - INFO - Starting game 7
2025-03-02 00:09:19 - INFO - Moderator: Player1, if you are the only werewolf, eliminate a player. Otherwise, discuss with your teammates and reach an agreement.
2025-03-02 00:09:19 - INFO - Moderator: Player1, if you are the only werewolf, eliminate a player. Otherwise, discuss with your teammates and reach an agreement.
2025-03-02 00:09:19 - INFO - ===
2025-03-02 00:09:19 - INFO - Query: Discussions related to villagers, seer, witch.
2025-03-02 00:09:19 - INFO - Retrieved similar documents: 
2025-03-02 00:09:20 - INFO - ===
2025-03-02 00:09:23 - INFO - Werewolves discussion: I think Player2 has been acting a bit sketchy lately, don't you? They seem to be avoiding the topic of who might be the seer. It could be worth considering them as a possible suspect for the werewolves.
2025-03-02 00:09:23 - INFO - Moderator: Which player do you vote to kill?
2025-03-02 00:09:23 - INFO - Moderator: Which player do you vote to kill?
2025-03-02 00:09:23 - INFO - ===
2025-03-02 00:09:23 - INFO - Query: Discussions related to villagers, seer, witch.
2025-03-02 00:09:23 - INFO - Retrieved similar documents: Player1: {"thought": "I need to carefully navigate the discussions to mislead the villagers while avoiding detection. I should subtly sow doubt among the players without revealing my identity as a werewolf. Maybe I can shift suspicion toward Player2 or Player3.", "speak": "I think Player2 has been acting a bit sketchy lately, don't you? They seem to be avoiding the topic of who might be the seer. It could be worth considering them as a possible suspect for the werewolves.", "finish_discussion": "false"}
Player1: {"thought": "I need to carefully navigate the discussions to mislead the villagers while avoiding detection. I should subtly sow doubt among the players without revealing my identity as a werewolf. Maybe I can shift suspicion toward Player2 or Player3.", "speak": "I think Player2 has been acting a bit sketchy lately, don't you? They seem to be avoiding the topic of who might be the seer. It could be worth considering them as a possible suspect for the werewolves.", "finish_discussion": "false"}
2025-03-02 00:09:23 - INFO - ===
2025-03-02 00:09:25 - INFO - ===
2025-03-02 00:09:25 - INFO - Fast Response: {"thought": "I think Player2 is a good target because I need to create more suspicion around them, and their behavior could potentially lead the villagers to focus their attention there rather than on me.", "vote": "Player2", "uncertainty_score": "0.2"}
2025-03-02 00:09:25 - INFO - Fast Uncertainty: 0.2
2025-03-02 00:09:25 - INFO - ===
2025-03-02 00:09:25 - INFO - Moderator: The player with the most votes is Player2.
2025-03-02 00:09:25 - INFO - Moderator: Player4, you're the witch. Tonight Player2 is eliminated. Would you like to resurrect Player2?
2025-03-02 00:09:25 - INFO - ===
2025-03-02 00:09:25 - INFO - Query: Discussions related to werewolves.
2025-03-02 00:09:25 - INFO - Retrieved similar documents: 
2025-03-02 00:09:25 - INFO - ===
2025-03-02 00:09:27 - INFO - Witch resurrection response: I will not resurrect Player2 this time. It's strategic to observe other players' reactions and actions for this round before using my powers.
2025-03-02 00:09:27 - INFO - Moderator: The witch has chosen not to resurrect the player.
2025-03-02 00:09:27 - INFO - ===
2025-03-02 00:09:27 - INFO - Query: Discussions related to werewolves.
2025-03-02 00:09:27 - INFO - Retrieved similar documents: Player4: {"thought": "I need to consider if saving Player2 is beneficial for the team. Since I can only use my potion once for saving and once for eliminating, I want to make sure it impacts the game positively.", "speak": "I will not resurrect Player2 this time. It's strategic to observe other players' reactions and actions for this round before using my powers.", "resurrect": false}
2025-03-02 00:09:27 - INFO - ===
2025-03-02 00:09:29 - INFO - Witch Poison Response: I think we should discuss our suspicions more before jumping to any conclusions about eliminating someone.
2025-03-02 00:09:29 - INFO - The witch has chosen not to poison a player.
2025-03-02 00:09:29 - INFO - Moderator: Player3, you're the seer. Which player in Player1, Player2, Player3 and Player4 would you like to check tonight?
2025-03-02 00:09:29 - INFO - ===
2025-03-02 00:09:29 - INFO - Query: Discussions related to werewolves.
2025-03-02 00:09:29 - INFO - Retrieved similar documents: 
2025-03-02 00:09:29 - INFO - ===
2025-03-02 00:09:31 - INFO - Seer response: Player1
2025-03-02 00:09:31 - INFO - Moderator: Okay, the role of Player1 is a werewolf.
2025-03-02 00:09:31 - INFO - ===
2025-03-02 00:09:31 - INFO - Query: Discussions related to villagers, seer, witch.
2025-03-02 00:09:31 - INFO - Retrieved similar documents: Player1: {"thought": "I need to carefully navigate the discussions to mislead the villagers while avoiding detection. I should subtly sow doubt among the players without revealing my identity as a werewolf. Maybe I can shift suspicion toward Player2 or Player3.", "speak": "I think Player2 has been acting a bit sketchy lately, don't you? They seem to be avoiding the topic of who might be the seer. It could be worth considering them as a possible suspect for the werewolves.", "finish_discussion": "false"}
Player1: {"thought": "I think Player2 is a good target because I need to create more suspicion around them, and their behavior could potentially lead the villagers to focus their attention there rather than on me.", "vote": "Player2", "uncertainty_score": "0.2"}
2025-03-02 00:09:31 - INFO - ===
2025-03-02 00:09:33 - INFO - ===
2025-03-02 00:09:33 - INFO - Query: Discussions related to werewolves.
2025-03-02 00:09:33 - INFO - Retrieved similar documents: Moderator: Okay, the role of Player1 is a werewolf.
Player3: {"thought": "I need to gather information strategically since I'm the seer. I want to check Player1 tonight to determine if they are a werewolf or a villager.", "speak": "Player1"}
2025-03-02 00:09:33 - INFO - ===
2025-03-02 00:09:35 - INFO - ===
2025-03-02 00:09:35 - INFO - Query: Discussions related to werewolves.
2025-03-02 00:09:35 - INFO - Retrieved similar documents: Player4: {"thought": "I need to consider if saving Player2 is beneficial for the team. Since I can only use my potion once for saving and once for eliminating, I want to make sure it impacts the game positively.", "speak": "I will not resurrect Player2 this time. It's strategic to observe other players' reactions and actions for this round before using my powers.", "resurrect": false}
2025-03-02 00:09:35 - INFO - ===
2025-03-02 00:09:36 - INFO - Survivors Discussion: I agree that we need to be cautious about Player1, but let's consider the possibility that Player3 might be trying to deflect suspicion away from themselves. We should keep our options open.
2025-03-02 00:09:36 - INFO - Moderator: Given the game rules and your role, based on the situation and the information you gain, to win the game, it's time to vote one player eliminated among the alive players. Which player do you vote to kill?
2025-03-02 00:09:37 - INFO - ===
2025-03-02 00:09:37 - INFO - Query: Discussions related to villagers, seer, witch.
2025-03-02 00:09:37 - INFO - Retrieved similar documents: Player1: {"thought": "I need to carefully navigate the discussions to mislead the villagers while avoiding detection. I should subtly sow doubt among the players without revealing my identity as a werewolf. Maybe I can shift suspicion toward Player2 or Player3.", "speak": "I think Player2 has been acting a bit sketchy lately, don't you? They seem to be avoiding the topic of who might be the seer. It could be worth considering them as a possible suspect for the werewolves.", "finish_discussion": "false"}
Player1: {"thought": "With Player2 eliminated, I need to continue directing suspicion towards Player3 or Player4 without revealing my own role as a werewolf. I should stay vigilant and use the remaining players' actions to my advantage.", "speak": "I think Player4 is acting a bit nervously. They seem hesitant in our discussions. I wonder if we should consider them as a potential werewolf?"}
2025-03-02 00:09:37 - INFO - ===
2025-03-02 00:09:38 - INFO - ===
2025-03-02 00:09:38 - INFO - Fast Response: {"thought": "I still believe Player4 is acting suspiciously and showing signs of nervousness. I think it's a good opportunity to eliminate them and further sow doubt among Player3. However, I do have some uncertainty about whether Player3 might also be a werewolf, so I need to be cautious.", "vote": "Player4", "uncertainty_score": 0.3}
2025-03-02 00:09:38 - INFO - Fast Uncertainty: 0.3
2025-03-02 00:09:38 - INFO - ===
2025-03-02 00:09:40 - INFO - ===
2025-03-02 00:09:40 - INFO - Slow Response: {"thought": "I need to continue to divert suspicion away from myself as a werewolf. Since I have previously pointed fingers at Player4, it's strategic to stick with that narrative and vote to eliminate them, hoping Player3 will agree.", "vote": "Player4", "uncertainty_score": 0.3}
2025-03-02 00:09:40 - INFO - ===
2025-03-02 00:09:41 - INFO - ===
2025-03-02 00:09:41 - INFO - Query: Discussions related to werewolves.
2025-03-02 00:09:41 - INFO - Retrieved similar documents: Moderator: Okay, the role of Player1 is a werewolf.
Player3: {"thought": "I need to maintain my position as the seer while subtly guiding the discussion towards Player1, as I know they are a werewolf. I should also defend Player4 if necessary.", "speak": "While I understand your suspicions about Player4, I think we should focus more on Player1, as I've gathered some vibes that are concerning."}
2025-03-02 00:09:41 - INFO - ===
2025-03-02 00:09:45 - INFO - ===
2025-03-02 00:09:45 - INFO - Query: Discussions related to werewolves.
2025-03-02 00:09:45 - INFO - Retrieved similar documents: Player4: {"thought": "I need to learn more about Player1's actions and responses before making a judgment. If Player3 is suspicious of Player1, it might be worth investigating further, but I have to tread carefully to protect my identity as the witch.", "speak": "I agree that we need to be cautious about Player1, but let's consider the possibility that Player3 might be trying to deflect suspicion away from themselves. We should keep our options open."}
2025-03-02 00:09:45 - INFO - ===
2025-03-02 00:09:46 - INFO - Moderator: Player1 has been voted out.
2025-03-02 00:09:46 - INFO - Moderator: The game is over. The werewolves have been defeated, and the village is safe once again!
2025-03-02 00:09:46 - INFO - Moderator: The game is over. The werewolves have been defeated, and the village is safe once again!
