{"basefilepath":"logs/fastslow","max_days_per_game":5,"num_games":10,"reflect_before_vectorstore":false,"max_werewolf_discussion_round":3,"similarity_top_k":2,"random_seed":44}
2025-03-02 00:09:47 - INFO - Starting game 8
2025-03-02 00:09:47 - INFO - Moderator: Player1, if you are the only werewolf, eliminate a player. Otherwise, discuss with your teammates and reach an agreement.
2025-03-02 00:09:47 - INFO - Moderator: Player1, if you are the only werewolf, eliminate a player. Otherwise, discuss with your teammates and reach an agreement.
2025-03-02 00:09:47 - INFO - ===
2025-03-02 00:09:47 - INFO - Query: Discussions related to villagers, seer, witch.
2025-03-02 00:09:47 - INFO - Retrieved similar documents: 
2025-03-02 00:09:47 - INFO - ===
2025-03-02 00:09:49 - INFO - Werewolves discussion: I think we should discuss who we suspect might be working against us. I've noticed Player3 hasn't been very vocal; maybe we should keep an eye on them. What do you all think?
2025-03-02 00:09:49 - INFO - Moderator: Which player do you vote to kill?
2025-03-02 00:09:49 - INFO - Moderator: Which player do you vote to kill?
2025-03-02 00:09:49 - INFO - ===
2025-03-02 00:09:49 - INFO - Query: Discussions related to villagers, seer, witch.
2025-03-02 00:09:49 - INFO - Retrieved similar documents: Player1: {"thought": "I need to gauge the intentions of the other players without revealing my identity as a werewolf too soon. It's important to blend in and create doubt among the villagers about who the real werewolves are.", "speak": "I think we should discuss who we suspect might be working against us. I've noticed Player3 hasn't been very vocal; maybe we should keep an eye on them. What do you all think?", "finish_discussion": "false"}
Player1: {"thought": "I need to gauge the intentions of the other players without revealing my identity as a werewolf too soon. It's important to blend in and create doubt among the villagers about who the real werewolves are.", "speak": "I think we should discuss who we suspect might be working against us. I've noticed Player3 hasn't been very vocal; maybe we should keep an eye on them. What do you all think?", "finish_discussion": "false"}
2025-03-02 00:09:49 - INFO - ===
2025-03-02 00:09:50 - INFO - ===
2025-03-02 00:09:50 - INFO - Fast Response: {"thought": "I think Player3 is acting suspiciously by being quiet, and it's a good opportunity to shift suspicion towards them. However, I'm a bit uncertain since I don't want to vote for an innocent villager. I need to evaluate how Player2 and Player4 react to this vote.", "vote": "Player3", "uncertainty_score": 0.3}
2025-03-02 00:09:50 - INFO - Fast Uncertainty: 0.3
2025-03-02 00:09:50 - INFO - ===
2025-03-02 00:09:54 - INFO - ===
2025-03-02 00:09:54 - INFO - Slow Response: {"thought": "It's crucial for me as a werewolf to eliminate a player who seems likely to sway others against us or has demonstrated the potential of being a special role like the seer. Player3's lack of vocal participation makes them a safe initial target since it could minimize suspicion directed towards me, and they might not be a strong advocate for identifying werewolves.", "vote": "Player3", "uncertainty_score": 0.3}
2025-03-02 00:09:54 - INFO - ===
2025-03-02 00:09:54 - INFO - Moderator: The player with the most votes is Player3.
2025-03-02 00:09:54 - INFO - Moderator: Player4, you're the witch. Tonight Player3 is eliminated. Would you like to resurrect Player3?
2025-03-02 00:09:54 - INFO - ===
2025-03-02 00:09:54 - INFO - Query: Discussions related to werewolves.
2025-03-02 00:09:54 - INFO - Retrieved similar documents: 
2025-03-02 00:09:54 - INFO - ===
2025-03-02 00:09:56 - INFO - Witch resurrection response: I will not resurrect Player3 because I want to gather more information about the game dynamics and see how the other players react to this elimination.
2025-03-02 00:09:56 - INFO - Moderator: The witch has chosen not to resurrect the player.
2025-03-02 00:09:56 - INFO - ===
2025-03-02 00:09:56 - INFO - Query: Discussions related to werewolves.
2025-03-02 00:09:56 - INFO - Retrieved similar documents: Player4: {"thought": "Since I'm the witch, I have the option to save someone, but I see that Player3 is the only one eliminated tonight. This might give me some insight into their potential role and allies.", "speak": "I will not resurrect Player3 because I want to gather more information about the game dynamics and see how the other players react to this elimination.", "resurrect": false}
2025-03-02 00:09:56 - INFO - ===
2025-03-02 00:09:58 - INFO - Witch Poison Response: I think we should discuss the elimination further before making any decisions. I want to understand everyone's suspicions and reasons.
2025-03-02 00:09:58 - INFO - The witch has chosen not to poison a player.
2025-03-02 00:09:58 - INFO - Moderator: Player3, you're the seer. Which player in Player1, Player2, Player3 and Player4 would you like to check tonight?
2025-03-02 00:09:58 - INFO - ===
2025-03-02 00:09:58 - INFO - Query: Discussions related to werewolves.
2025-03-02 00:09:58 - INFO - Retrieved similar documents: 
2025-03-02 00:09:58 - INFO - ===
2025-03-02 00:09:59 - INFO - Seer response: Player1
2025-03-02 00:09:59 - INFO - Moderator: Okay, the role of Player1 is a werewolf.
2025-03-02 00:10:00 - INFO - ===
2025-03-02 00:10:00 - INFO - Query: Discussions related to villagers, seer, witch.
2025-03-02 00:10:00 - INFO - Retrieved similar documents: Player1: {"thought": "I need to gauge the intentions of the other players without revealing my identity as a werewolf too soon. It's important to blend in and create doubt among the villagers about who the real werewolves are.", "speak": "I think we should discuss who we suspect might be working against us. I've noticed Player3 hasn't been very vocal; maybe we should keep an eye on them. What do you all think?", "finish_discussion": "false"}
Player1: {"thought": "It's crucial for me as a werewolf to eliminate a player who seems likely to sway others against us or has demonstrated the potential of being a special role like the seer. Player3's lack of vocal participation makes them a safe initial target since it could minimize suspicion directed towards me, and they might not be a strong advocate for identifying werewolves.", "vote": "Player3", "uncertainty_score": 0.3}
2025-03-02 00:10:00 - INFO - ===
2025-03-02 00:10:02 - INFO - ===
2025-03-02 00:10:02 - INFO - Query: Discussions related to werewolves.
2025-03-02 00:10:02 - INFO - Retrieved similar documents: 
2025-03-02 00:10:02 - INFO - ===
2025-03-02 00:10:07 - INFO - ===
2025-03-02 00:10:07 - INFO - Query: Discussions related to werewolves.
2025-03-02 00:10:07 - INFO - Retrieved similar documents: Player4: {"thought": "Since I'm the witch, I have the option to save someone, but I see that Player3 is the only one eliminated tonight. This might give me some insight into their potential role and allies.", "speak": "I will not resurrect Player3 because I want to gather more information about the game dynamics and see how the other players react to this elimination.", "resurrect": false}
2025-03-02 00:10:07 - INFO - ===
2025-03-02 00:10:10 - INFO - Survivors Discussion: I think it’s essential to carefully analyze each player’s behavior. Player1, what do you think about Player2's suggestions?
2025-03-02 00:10:10 - INFO - Moderator: Given the game rules and your role, based on the situation and the information you gain, to win the game, it's time to vote one player eliminated among the alive players. Which player do you vote to kill?
2025-03-02 00:10:11 - INFO - ===
2025-03-02 00:10:11 - INFO - Query: Discussions related to villagers, seer, witch.
2025-03-02 00:10:11 - INFO - Retrieved similar documents: Player1: {"thought": "I need to gauge the intentions of the other players without revealing my identity as a werewolf too soon. It's important to blend in and create doubt among the villagers about who the real werewolves are.", "speak": "I think we should discuss who we suspect might be working against us. I've noticed Player3 hasn't been very vocal; maybe we should keep an eye on them. What do you all think?", "finish_discussion": "false"}
Player1: {"thought": "It's crucial for me as a werewolf to eliminate a player who seems likely to sway others against us or has demonstrated the potential of being a special role like the seer. Player3's lack of vocal participation makes them a safe initial target since it could minimize suspicion directed towards me, and they might not be a strong advocate for identifying werewolves.", "vote": "Player3", "uncertainty_score": 0.3}
2025-03-02 00:10:11 - INFO - ===
2025-03-02 00:10:12 - INFO - ===
2025-03-02 00:10:12 - INFO - Fast Response: {"thought": "Now that Player3 has been eliminated, we need to shift focus. Player2 seems overly confident in their suspicions about me or Player4; this might indicate they are a special role trying to lead the discussion. I should vote for Player2 to stir doubt and reduce their influence.", "vote": "Player2", "uncertainty_score": 0.4}
2025-03-02 00:10:12 - INFO - Fast Uncertainty: 0.4
2025-03-02 00:10:12 - INFO - ===
2025-03-02 00:10:15 - INFO - ===
2025-03-02 00:10:15 - INFO - Slow Response: {"thought": "Since we managed to eliminate Player3, it's important to maintain the narrative that we are searching for the werewolves together with the other players. Player2 seems more engaged in discussions, which could make them a potential threat if they start suspecting me. I think it\u2019s strategic to vote for Player2 to keep the suspicion off me.", "vote": "Player2", "uncertainty_score": 0.4}
2025-03-02 00:10:15 - INFO - ===
2025-03-02 00:10:16 - INFO - ===
2025-03-02 00:10:16 - INFO - Query: Discussions related to werewolves.
2025-03-02 00:10:16 - INFO - Retrieved similar documents: Player2: {"thought": "I agree that Player4 has been quiet, but we should consider their behavior more carefully before making a decision. I want to gather more information before pointing fingers at anyone.", "speak": "I understand your point about Player4, but I think we should discuss more about their actions before making a decision. Anyone else want to share their thoughts?"}
Player2: {"thought": "I agree that Player4 has been quiet, but we should consider their behavior more carefully before making a decision. I want to gather more information before pointing fingers at anyone.", "speak": "I understand your point about Player4, but I think we should discuss more about their actions before making a decision. Anyone else want to share their thoughts?"}
2025-03-02 00:10:16 - INFO - ===
2025-03-02 00:10:19 - INFO - ===
2025-03-02 00:10:19 - INFO - Query: Discussions related to werewolves.
2025-03-02 00:10:19 - INFO - Retrieved similar documents: Player4: {"thought": "Since I'm the witch, I have the option to save someone, but I see that Player3 is the only one eliminated tonight. This might give me some insight into their potential role and allies.", "speak": "I will not resurrect Player3 because I want to gather more information about the game dynamics and see how the other players react to this elimination.", "resurrect": false}
2025-03-02 00:10:19 - INFO - ===
2025-03-02 00:10:20 - INFO - Moderator: Player1 has been voted out.
2025-03-02 00:10:20 - INFO - Moderator: The game is over. The werewolves have been defeated, and the village is safe once again!
2025-03-02 00:10:20 - INFO - Moderator: The game is over. The werewolves have been defeated, and the village is safe once again!
