{"basefilepath":"logs/fastslow","max_days_per_game":5,"num_games":10,"reflect_before_vectorstore":false,"max_werewolf_discussion_round":3,"similarity_top_k":2,"random_seed":44}
2025-03-02 00:05:47 - INFO - Starting game 1
2025-03-02 00:05:47 - INFO - Moderator: Player1, if you are the only werewolf, eliminate a player. Otherwise, discuss with your teammates and reach an agreement.
2025-03-02 00:05:47 - INFO - Moderator: Player1, if you are the only werewolf, eliminate a player. Otherwise, discuss with your teammates and reach an agreement.
2025-03-02 00:05:47 - INFO - ===
2025-03-02 00:05:47 - INFO - Query: Discussions related to villagers, seer, witch.
2025-03-02 00:05:47 - INFO - Retrieved similar documents: 
2025-03-02 00:05:47 - INFO - ===
2025-03-02 00:05:49 - INFO - Werewolves discussion: I think we should consider Player2 more closely. I've noticed some odd behavior last night. Maybe we should discuss what we all saw or felt. What do you guys think?
2025-03-02 00:05:49 - INFO - Moderator: Which player do you vote to kill?
2025-03-02 00:05:49 - INFO - Moderator: Which player do you vote to kill?
2025-03-02 00:05:50 - INFO - ===
2025-03-02 00:05:50 - INFO - Query: Discussions related to villagers, seer, witch.
2025-03-02 00:05:50 - INFO - Retrieved similar documents: Player1: {"thought": "I need to gauge the other players' suspicions and gather information. It\u2019s important to navigate the discussion carefully while ensuring I don\u2019t expose myself as a werewolf. I should also try to steer the conversation towards Player2, who I suspect may be a werewolf.", "speak": "I think we should consider Player2 more closely. I've noticed some odd behavior last night. Maybe we should discuss what we all saw or felt. What do you guys think?", "finish_discussion": "false"}
Player1: {"thought": "I need to gauge the other players' suspicions and gather information. It\u2019s important to navigate the discussion carefully while ensuring I don\u2019t expose myself as a werewolf. I should also try to steer the conversation towards Player2, who I suspect may be a werewolf.", "speak": "I think we should consider Player2 more closely. I've noticed some odd behavior last night. Maybe we should discuss what we all saw or felt. What do you guys think?", "finish_discussion": "false"}
2025-03-02 00:05:50 - INFO - ===
2025-03-02 00:05:51 - INFO - ===
2025-03-02 00:05:51 - INFO - Fast Response: {"thought": "I'm still leaning towards Player2 being suspicious, but I should pay attention to how the others react during the discussion. There might be more to uncover.", "vote": "Player2", "uncertainty_score": 0.3}
2025-03-02 00:05:51 - INFO - Fast Uncertainty: 0.3
2025-03-02 00:05:51 - INFO - ===
2025-03-02 00:05:54 - INFO - ===
2025-03-02 00:05:54 - INFO - Slow Response: {"thought": "As a werewolf, I need to carefully choose my target to not raise suspicion on myself. I'm still interested in targeting Player2, as I initially suggested suspicion towards them. However, I need to act cautiously and possibly align this choice with what might appear to be the group's consensus.", "vote": "Player2", "uncertainty_score": 0.4}
2025-03-02 00:05:54 - INFO - ===
2025-03-02 00:05:54 - INFO - Moderator: The player with the most votes is Player2.
2025-03-02 00:05:54 - INFO - Moderator: Player4, you're the witch. Tonight Player2 is eliminated. Would you like to resurrect Player2?
2025-03-02 00:05:54 - INFO - ===
2025-03-02 00:05:54 - INFO - Query: Discussions related to werewolves.
2025-03-02 00:05:54 - INFO - Retrieved similar documents: 
2025-03-02 00:05:54 - INFO - ===
2025-03-02 00:05:56 - INFO - Witch resurrection response: I will choose to resurrect Player2 because having one less villager makes it easier for the werewolves. It’s a risk worth taking to keep the villagers strong.
2025-03-02 00:05:56 - INFO - Moderator: The witch has chosen to resurrect the player.
2025-03-02 00:05:56 - INFO - Moderator: Player3, you're the seer. Which player in Player1, Player2, Player3 and Player4 would you like to check tonight?
2025-03-02 00:05:56 - INFO - ===
2025-03-02 00:05:56 - INFO - Query: Discussions related to werewolves.
2025-03-02 00:05:56 - INFO - Retrieved similar documents: 
2025-03-02 00:05:56 - INFO - ===
2025-03-02 00:05:57 - INFO - Seer response: Player1
2025-03-02 00:05:57 - INFO - Moderator: Okay, the role of Player1 is a werewolf.
2025-03-02 00:05:58 - INFO - ===
2025-03-02 00:05:58 - INFO - Query: Discussions related to villagers, seer, witch.
2025-03-02 00:05:58 - INFO - Retrieved similar documents: Player1: {"thought": "I need to gauge the other players' suspicions and gather information. It\u2019s important to navigate the discussion carefully while ensuring I don\u2019t expose myself as a werewolf. I should also try to steer the conversation towards Player2, who I suspect may be a werewolf.", "speak": "I think we should consider Player2 more closely. I've noticed some odd behavior last night. Maybe we should discuss what we all saw or felt. What do you guys think?", "finish_discussion": "false"}
Player1: {"thought": "As a werewolf, I need to carefully choose my target to not raise suspicion on myself. I'm still interested in targeting Player2, as I initially suggested suspicion towards them. However, I need to act cautiously and possibly align this choice with what might appear to be the group's consensus.", "vote": "Player2", "uncertainty_score": 0.4}
2025-03-02 00:05:58 - INFO - ===
2025-03-02 00:05:59 - INFO - ===
2025-03-02 00:05:59 - INFO - Query: Discussions related to werewolves.
2025-03-02 00:05:59 - INFO - Retrieved similar documents: 
2025-03-02 00:05:59 - INFO - ===
2025-03-02 00:06:01 - INFO - ===
2025-03-02 00:06:01 - INFO - Query: Discussions related to werewolves.
2025-03-02 00:06:01 - INFO - Retrieved similar documents: Moderator: Okay, the role of Player1 is a werewolf.
Player3: {"thought": "I need to gather information, so I will check Player1 to see if they are a werewolf or not.", "speak": "Player1"}
2025-03-02 00:06:01 - INFO - ===
2025-03-02 00:06:03 - INFO - ===
2025-03-02 00:06:03 - INFO - Query: Discussions related to werewolves.
2025-03-02 00:06:03 - INFO - Retrieved similar documents: Player4: {"thought": "Player2 might not have been one of the werewolves, but eliminating them without information could risk losing villagers. If Player2 has a special role, it would be wise to resurrect them.", "speak": "I will choose to resurrect Player2 because having one less villager makes it easier for the werewolves. It\u2019s a risk worth taking to keep the villagers strong.", "resurrect": true}
2025-03-02 00:06:03 - INFO - ===
2025-03-02 00:06:05 - INFO - Survivors Discussion: I agree, Player3! Let's all share what we know from the night. It might give us an idea on who might be a werewolf.
2025-03-02 00:06:05 - INFO - Moderator: Given the game rules and your role, based on the situation and the information you gain, to win the game, it's time to vote one player eliminated among the alive players. Which player do you vote to kill?
2025-03-02 00:06:10 - INFO - ===
2025-03-02 00:06:10 - INFO - Query: Discussions related to villagers, seer, witch.
2025-03-02 00:06:10 - INFO - Retrieved similar documents: Player1: {"thought": "I need to gauge the other players' suspicions and gather information. It\u2019s important to navigate the discussion carefully while ensuring I don\u2019t expose myself as a werewolf. I should also try to steer the conversation towards Player2, who I suspect may be a werewolf.", "speak": "I think we should consider Player2 more closely. I've noticed some odd behavior last night. Maybe we should discuss what we all saw or felt. What do you guys think?", "finish_discussion": "false"}
Player1: {"thought": "I need to stay under the radar while subtly guiding the conversation towards Player2. It's crucial to align my actions with the group's suspicions without revealing my role as a werewolf.", "speak": "I still believe we should focus on Player2. They haven't really contributed much to the discussion. Does anyone else feel that way?"}
2025-03-02 00:06:10 - INFO - ===
2025-03-02 00:06:11 - INFO - ===
2025-03-02 00:06:11 - INFO - Fast Response: {"thought": "I'm fairly certain that Player2 is suspicious and has been underperforming in discussions. I believe this reinforces the idea that they may be a werewolf. However, there's still a slight chance I could be misreading the situation, which gives me a bit of uncertainty.", "vote": "Player2", "uncertainty_score": 0.2}
2025-03-02 00:06:11 - INFO - Fast Uncertainty: 0.2
2025-03-02 00:06:11 - INFO - ===
2025-03-02 00:06:12 - INFO - ===
2025-03-02 00:06:12 - INFO - Query: Discussions related to werewolves.
2025-03-02 00:06:12 - INFO - Retrieved similar documents: Player2: {"thought": "I need to defend myself without revealing too much. I should address Player1's suspicion and encourage more discussion to gather more information about everyone.", "speak": "I understand your concerns, Player1, but I think we should look at everyone\u2019s actions more closely. It's important to consider the whole group before making a decision."}
Player2: {"thought": "I need to defend myself without revealing too much. I should address Player1's suspicion and encourage more discussion to gather more information about everyone.", "speak": "I understand your concerns, Player1, but I think we should look at everyone\u2019s actions more closely. It's important to consider the whole group before making a decision."}
2025-03-02 00:06:12 - INFO - ===
2025-03-02 00:06:13 - INFO - ===
2025-03-02 00:06:13 - INFO - Query: Discussions related to werewolves.
2025-03-02 00:06:13 - INFO - Retrieved similar documents: Moderator: Okay, the role of Player1 is a werewolf.
Player3: {"thought": "I need to be careful about revealing my role too soon. I have already checked Player1 and know they are a werewolf. I should steer the conversation to gather more information without exposing myself.", "speak": "I think we should discuss everyone's actions during the night. It might help us identify if anyone else is acting suspiciously."}
2025-03-02 00:06:13 - INFO - ===
2025-03-02 00:06:15 - INFO - ===
2025-03-02 00:06:15 - INFO - Query: Discussions related to werewolves.
2025-03-02 00:06:15 - INFO - Retrieved similar documents: Player4: {"thought": "It's important to gauge how the others reacted last night. We should collaborate to piece together any information that may hint at the werewolves' identities.", "speak": "I agree, Player3! Let's all share what we know from the night. It might give us an idea on who might be a werewolf."}
2025-03-02 00:06:15 - INFO - ===
2025-03-02 00:06:17 - INFO - Moderator: Player2 has been voted out.
2025-03-02 00:06:17 - INFO - Moderator: Player1, if you are the only werewolf, eliminate a player. Otherwise, discuss with your teammates and reach an agreement.
2025-03-02 00:06:17 - INFO - Moderator: Player1, if you are the only werewolf, eliminate a player. Otherwise, discuss with your teammates and reach an agreement.
2025-03-02 00:06:17 - INFO - ===
2025-03-02 00:06:17 - INFO - Query: Discussions related to villagers, seer, witch.
2025-03-02 00:06:17 - INFO - Retrieved similar documents: Player1: {"thought": "I need to gauge the other players' suspicions and gather information. It\u2019s important to navigate the discussion carefully while ensuring I don\u2019t expose myself as a werewolf. I should also try to steer the conversation towards Player2, who I suspect may be a werewolf.", "speak": "I think we should consider Player2 more closely. I've noticed some odd behavior last night. Maybe we should discuss what we all saw or felt. What do you guys think?", "finish_discussion": "false"}
Player1: {"thought": "I need to stay under the radar while subtly guiding the conversation towards Player2. It's crucial to align my actions with the group's suspicions without revealing my role as a werewolf.", "speak": "I still believe we should focus on Player2. They haven't really contributed much to the discussion. Does anyone else feel that way?"}
2025-03-02 00:06:17 - INFO - ===
2025-03-02 00:06:20 - INFO - Werewolves discussion: With Player2 out, we need to think carefully about our next move. What are your thoughts on Player3 and Player4? I feel like we need to analyze their behavior. Does anything stand out to you?
2025-03-02 00:06:20 - INFO - Moderator: Which player do you vote to kill?
2025-03-02 00:06:20 - INFO - Moderator: Which player do you vote to kill?
2025-03-02 00:06:20 - INFO - ===
2025-03-02 00:06:20 - INFO - Query: Discussions related to villagers, seer, witch.
2025-03-02 00:06:20 - INFO - Retrieved similar documents: Player1: {"thought": "I need to gauge the other players' suspicions and gather information. It\u2019s important to navigate the discussion carefully while ensuring I don\u2019t expose myself as a werewolf. I should also try to steer the conversation towards Player2, who I suspect may be a werewolf.", "speak": "I think we should consider Player2 more closely. I've noticed some odd behavior last night. Maybe we should discuss what we all saw or felt. What do you guys think?", "finish_discussion": "false"}
Player1: {"thought": "I need to stay under the radar while subtly guiding the conversation towards Player2. It's crucial to align my actions with the group's suspicions without revealing my role as a werewolf.", "speak": "I still believe we should focus on Player2. They haven't really contributed much to the discussion. Does anyone else feel that way?"}
2025-03-02 00:06:20 - INFO - ===
2025-03-02 00:06:22 - INFO - ===
2025-03-02 00:06:22 - INFO - Fast Response: {"thought": "With Player2 gone, I've successfully shifted the suspicion towards them. Now I need to keep Player3 and Player4 occupied and steer the conversation. I still believe Player4 may be suspicious, but I want to see how the discussion unfolds first. My vote will go towards Player3 this time to maintain my cover.", "vote": "Player3", "uncertainty_score": "0.3"}
2025-03-02 00:06:22 - INFO - Fast Uncertainty: 0.3
2025-03-02 00:06:22 - INFO - ===
2025-03-02 00:06:28 - INFO - ===
2025-03-02 00:06:28 - INFO - Slow Response: {"thought": "With only three players left, I need to be strategic. Player2's death may have shifted suspicion. I'll need to assess how Player3 and Player4 are interacting, but I should consider voting for someone other than myself to avoid raising suspicions. Since I have been targeting Player2, changes should be subtle. For now, Player4 seems like a safe choice as a werewolf, I should attempt to get the others on board with this vote.", "vote": "Player4", "uncertainty_score": 0.5}
2025-03-02 00:06:28 - INFO - ===
2025-03-02 00:06:29 - INFO - Moderator: The player with the most votes is Player4.
2025-03-02 00:06:29 - INFO - ===
2025-03-02 00:06:29 - INFO - Query: Discussions related to werewolves.
2025-03-02 00:06:29 - INFO - Retrieved similar documents: Player4: {"thought": "It's important to gauge how the others reacted last night. We should collaborate to piece together any information that may hint at the werewolves' identities.", "speak": "I agree, Player3! Let's all share what we know from the night. It might give us an idea on who might be a werewolf."}
2025-03-02 00:06:29 - INFO - ===
2025-03-02 00:06:31 - INFO - Witch Poison Response: I think we should focus on Player1 and Player3's reactions and observations from last night. Let's figure out who might be the werewolf among us!
2025-03-02 00:06:31 - INFO - The witch has chosen not to poison a player.
2025-03-02 00:06:31 - INFO - Moderator: Player3, you're the seer. Which player in Player1, Player3 and Player4 would you like to check tonight?
2025-03-02 00:06:31 - INFO - ===
2025-03-02 00:06:31 - INFO - Query: Discussions related to werewolves.
2025-03-02 00:06:31 - INFO - Retrieved similar documents: Moderator: Okay, the role of Player1 is a werewolf.
Player3: {"thought": "I need to be careful about revealing my role too soon. I have already checked Player1 and know they are a werewolf. I should steer the conversation to gather more information without exposing myself.", "speak": "I think we should discuss everyone's actions during the night. It might help us identify if anyone else is acting suspiciously."}
2025-03-02 00:06:31 - INFO - ===
2025-03-02 00:06:33 - INFO - Seer response: I choose to check Player4 tonight.
2025-03-02 00:06:33 - INFO - Moderator: Okay, the role of Player4 is a witch.
2025-03-02 00:06:33 - INFO - Moderator: The werewolves have prevailed and taken over the village. Better luck next time!
