{"basefilepath":"logs/fastslow","max_days_per_game":5,"num_games":10,"reflect_before_vectorstore":false,"max_werewolf_discussion_round":3,"similarity_top_k":2,"random_seed":44}
2025-03-02 00:07:06 - INFO - Starting game 3
2025-03-02 00:07:06 - INFO - Moderator: Player1, if you are the only werewolf, eliminate a player. Otherwise, discuss with your teammates and reach an agreement.
2025-03-02 00:07:06 - INFO - Moderator: Player1, if you are the only werewolf, eliminate a player. Otherwise, discuss with your teammates and reach an agreement.
2025-03-02 00:07:06 - INFO - ===
2025-03-02 00:07:06 - INFO - Query: Discussions related to villagers, seer, witch.
2025-03-02 00:07:06 - INFO - Retrieved similar documents: 
2025-03-02 00:07:06 - INFO - ===
2025-03-02 00:07:08 - INFO - Werewolves discussion: I think we should discuss who we suspect might be the werewolves. It’s important for us villagers to work together to identify them. What do you guys think?
2025-03-02 00:07:09 - INFO - Moderator: Which player do you vote to kill?
2025-03-02 00:07:09 - INFO - Moderator: Which player do you vote to kill?
2025-03-02 00:07:09 - INFO - ===
2025-03-02 00:07:09 - INFO - Query: Discussions related to villagers, seer, witch.
2025-03-02 00:07:09 - INFO - Retrieved similar documents: Player1: {"thought": "I need to carefully observe the discussions and behaviors of the other players to figure out who the werewolves might be. It's early in the game, and no one has been eliminated yet, so I should remain cautious and logical in my reasoning.", "speak": "I think we should discuss who we suspect might be the werewolves. It\u2019s important for us villagers to work together to identify them. What do you guys think?", "finish_discussion": "false"}
Player1: {"thought": "I need to carefully observe the discussions and behaviors of the other players to figure out who the werewolves might be. It's early in the game, and no one has been eliminated yet, so I should remain cautious and logical in my reasoning.", "speak": "I think we should discuss who we suspect might be the werewolves. It\u2019s important for us villagers to work together to identify them. What do you guys think?", "finish_discussion": "false"}
2025-03-02 00:07:09 - INFO - ===
2025-03-02 00:07:11 - INFO - ===
2025-03-02 00:07:11 - INFO - Fast Response: {"thought": "I still have no concrete evidence about who the werewolves are, but I think we should take a chance. Player2 has been a bit quiet and hasn't contributed much to the discussion, which raises my suspicions. I will vote for Player2.", "vote": "Player2", "uncertainty_score": 0.6}
2025-03-02 00:07:11 - INFO - Fast Uncertainty: 0.6
2025-03-02 00:07:11 - INFO - ===
2025-03-02 00:07:13 - INFO - ===
2025-03-02 00:07:13 - INFO - Slow Response: {"thought": "I haven't gathered enough information about the players yet, as it's still early in the game. I don't have a strong suspicion of anyone, so my vote will be a bit of a guess.", "vote": "Player3", "uncertainty_score": 0.8}
2025-03-02 00:07:13 - INFO - ===
2025-03-02 00:07:14 - INFO - Moderator: The player with the most votes is Player3.
2025-03-02 00:07:14 - INFO - Moderator: Player4, you're the witch. Tonight Player3 is eliminated. Would you like to resurrect Player3?
2025-03-02 00:07:14 - INFO - ===
2025-03-02 00:07:14 - INFO - Query: Discussions related to werewolves.
2025-03-02 00:07:14 - INFO - Retrieved similar documents: 
2025-03-02 00:07:14 - INFO - ===
2025-03-02 00:07:16 - INFO - Witch resurrection response: Yes, I would like to resurrect Player3 because having them back in the game may provide crucial insights into the identities of the remaining players, especially since I suspect some might be werewolves.
2025-03-02 00:07:16 - INFO - Moderator: The witch has chosen to resurrect the player.
2025-03-02 00:07:16 - INFO - Moderator: Player3, you're the seer. Which player in Player1, Player2, Player3 and Player4 would you like to check tonight?
2025-03-02 00:07:16 - INFO - ===
2025-03-02 00:07:16 - INFO - Query: Discussions related to werewolves.
2025-03-02 00:07:16 - INFO - Retrieved similar documents: 
2025-03-02 00:07:16 - INFO - ===
2025-03-02 00:07:18 - INFO - Seer response: Player1
2025-03-02 00:07:18 - INFO - Moderator: Okay, the role of Player1 is a werewolf.
2025-03-02 00:07:19 - INFO - ===
2025-03-02 00:07:19 - INFO - Query: Discussions related to villagers, seer, witch.
2025-03-02 00:07:19 - INFO - Retrieved similar documents: Player1: {"thought": "I need to carefully observe the discussions and behaviors of the other players to figure out who the werewolves might be. It's early in the game, and no one has been eliminated yet, so I should remain cautious and logical in my reasoning.", "speak": "I think we should discuss who we suspect might be the werewolves. It\u2019s important for us villagers to work together to identify them. What do you guys think?", "finish_discussion": "false"}
Player1: {"thought": "I haven't gathered enough information about the players yet, as it's still early in the game. I don't have a strong suspicion of anyone, so my vote will be a bit of a guess.", "vote": "Player3", "uncertainty_score": 0.8}
2025-03-02 00:07:19 - INFO - ===
2025-03-02 00:07:21 - INFO - ===
2025-03-02 00:07:21 - INFO - Query: Discussions related to werewolves.
2025-03-02 00:07:21 - INFO - Retrieved similar documents: 
2025-03-02 00:07:21 - INFO - ===
2025-03-02 00:07:23 - INFO - ===
2025-03-02 00:07:23 - INFO - Query: Discussions related to werewolves.
2025-03-02 00:07:23 - INFO - Retrieved similar documents: Moderator: Okay, the role of Player1 is a werewolf.
Player3: {"thought": "I need to gather information wisely. I suspect Player1 might be a werewolf based on their behavior. I will check Player1 tonight to confirm my suspicions.", "speak": "Player1"}
2025-03-02 00:07:23 - INFO - ===
2025-03-02 00:07:25 - INFO - ===
2025-03-02 00:07:25 - INFO - Query: Discussions related to werewolves.
2025-03-02 00:07:25 - INFO - Retrieved similar documents: Player4: {"thought": "Player3 has been eliminated, and we need to discuss the suspects carefully before making a decision. If I resurrect Player3, we could gain valuable information if they have a role that helps us identify the werewolves. However, if Player3 is one of the werewolves, it could jeopardize our position. It's important to weigh the risks and potential benefits of resurrecting them.", "speak": "Yes, I would like to resurrect Player3 because having them back in the game may provide crucial insights into the identities of the remaining players, especially since I suspect some might be werewolves.", "resurrect": "true"}
2025-03-02 00:07:25 - INFO - ===
2025-03-02 00:07:26 - INFO - Survivors Discussion: I haven't noticed anything that strongly indicates Player4 could be a werewolf, but I believe we should keep a close eye on the behaviors of both Player1 and Player4. Let's remain vigilant.
2025-03-02 00:07:26 - INFO - Moderator: Given the game rules and your role, based on the situation and the information you gain, to win the game, it's time to vote one player eliminated among the alive players. Which player do you vote to kill?
2025-03-02 00:07:27 - INFO - ===
2025-03-02 00:07:27 - INFO - Query: Discussions related to villagers, seer, witch.
2025-03-02 00:07:27 - INFO - Retrieved similar documents: Player1: {"thought": "I need to carefully observe the discussions and behaviors of the other players to figure out who the werewolves might be. It's early in the game, and no one has been eliminated yet, so I should remain cautious and logical in my reasoning.", "speak": "I think we should discuss who we suspect might be the werewolves. It\u2019s important for us villagers to work together to identify them. What do you guys think?", "finish_discussion": "false"}
Player1: {"thought": "I feel a little uneasy about not having any strong leads yet. Voting for Player3 feels like a shot in the dark, but I hope that gathering more insights will lead to better determinations in the upcoming discussions.", "speak": "I've voted for Player3, but I'm still unsure. We really need to share our observations to get a clearer picture of who might be the werewolves."}
2025-03-02 00:07:27 - INFO - ===
2025-03-02 00:07:29 - INFO - ===
2025-03-02 00:07:29 - INFO - Fast Response: {"thought": "I feel that voting for Player3 might lead to a better understanding, but I still have reservations. If they aren't a werewolf, it could help them gather more insights against players who might be acting suspiciously. I'm not completely sure, but I hope this helps us narrow down the options.", "vote": "Player3", "uncertainty_score": 0.3}
2025-03-02 00:07:29 - INFO - Fast Uncertainty: 0.3
2025-03-02 00:07:29 - INFO - ===
2025-03-02 00:07:32 - INFO - ===
2025-03-02 00:07:32 - INFO - Slow Response: {"thought": "Given that I don\u2019t have any new information beyond previous discussions, and I had previously voted for Player3 without much confidence, I\u2019ll stick with that vote for now. However, I remain uncertain since there isn\u2019t enough concrete evidence pointing at anyone specifically as a werewolf.", "vote": "Player3", "uncertainty_score": 0.8}
2025-03-02 00:07:32 - INFO - ===
2025-03-02 00:07:32 - INFO - ===
2025-03-02 00:07:32 - INFO - Query: Discussions related to werewolves.
2025-03-02 00:07:32 - INFO - Retrieved similar documents: Player2: {"thought": "Player1 seems uncertain about their vote and is trying to gather information. I should express my own suspicions to help the group focus.", "speak": "I'm also curious about Player3, but I think we should discuss Player4 as well. I've noticed some odd behaviors that make me suspicious."}
Player2: {"thought": "Player1 seems uncertain about their vote and is trying to gather information. I should express my own suspicions to help the group focus.", "speak": "I'm also curious about Player3, but I think we should discuss Player4 as well. I've noticed some odd behaviors that make me suspicious."}
2025-03-02 00:07:32 - INFO - ===
2025-03-02 00:07:37 - INFO - ===
2025-03-02 00:07:37 - INFO - Query: Discussions related to werewolves.
2025-03-02 00:07:37 - INFO - Retrieved similar documents: Moderator: Okay, the role of Player1 is a werewolf.
Player3: {"thought": "I need to be careful in how I address my findings about Player1 being a werewolf. It\u2019s important to guide the group without revealing my role just yet. I should listen to what Player2 says about Player4.", "speak": "I understand your concerns, Player2. It's important we analyze everyone's behavior carefully. What specific odd behaviors have you noticed in Player4?"}
2025-03-02 00:07:37 - INFO - ===
2025-03-02 00:07:42 - INFO - ===
2025-03-02 00:07:42 - INFO - Query: Discussions related to werewolves.
2025-03-02 00:07:42 - INFO - Retrieved similar documents: Player4: {"thought": "It's crucial to maintain a careful balance in our discussions to avoid revealing too much. I trust Player2's observations and need to gauge Player1's reactions to mold our strategy effectively. I might have to employ my witch abilities wisely.", "speak": "I haven't noticed anything that strongly indicates Player4 could be a werewolf, but I believe we should keep a close eye on the behaviors of both Player1 and Player4. Let's remain vigilant."}
2025-03-02 00:07:42 - INFO - ===
2025-03-02 00:07:44 - INFO - Moderator: Player1 has been voted out.
2025-03-02 00:07:44 - INFO - Moderator: The game is over. The werewolves have been defeated, and the village is safe once again!
2025-03-02 00:07:44 - INFO - Moderator: The game is over. The werewolves have been defeated, and the village is safe once again!
