{"basefilepath":"logs/fastslow","max_days_per_game":5,"num_games":10,"reflect_before_vectorstore":false,"max_werewolf_discussion_round":3,"similarity_top_k":2,"random_seed":44}
2025-03-02 00:08:16 - INFO - Starting game 5
2025-03-02 00:08:16 - INFO - Moderator: Player1, if you are the only werewolf, eliminate a player. Otherwise, discuss with your teammates and reach an agreement.
2025-03-02 00:08:16 - INFO - Moderator: Player1, if you are the only werewolf, eliminate a player. Otherwise, discuss with your teammates and reach an agreement.
2025-03-02 00:08:16 - INFO - ===
2025-03-02 00:08:16 - INFO - Query: Discussions related to villagers, seer, witch.
2025-03-02 00:08:16 - INFO - Retrieved similar documents: 
2025-03-02 00:08:16 - INFO - ===
2025-03-02 00:08:19 - INFO - Werewolves discussion: I think we should start discussing who seems suspicious. Has anyone noticed any odd behavior? I feel like Player3 might be hiding something.
2025-03-02 00:08:19 - INFO - Moderator: Which player do you vote to kill?
2025-03-02 00:08:19 - INFO - Moderator: Which player do you vote to kill?
2025-03-02 00:08:19 - INFO - ===
2025-03-02 00:08:19 - INFO - Query: Discussions related to villagers, seer, witch.
2025-03-02 00:08:19 - INFO - Retrieved similar documents: Player1: {"thought": "I need to figure out who might be the werewolves among the players. It's crucial to gather information without revealing my own identity too soon. I'll observe their behaviors and try to lead the discussion to see where they align or contradict each other.", "speak": "I think we should start discussing who seems suspicious. Has anyone noticed any odd behavior? I feel like Player3 might be hiding something.", "finish_discussion": "false"}
Player1: {"thought": "I need to figure out who might be the werewolves among the players. It's crucial to gather information without revealing my own identity too soon. I'll observe their behaviors and try to lead the discussion to see where they align or contradict each other.", "speak": "I think we should start discussing who seems suspicious. Has anyone noticed any odd behavior? I feel like Player3 might be hiding something.", "finish_discussion": "false"}
2025-03-02 00:08:19 - INFO - ===
2025-03-02 00:08:20 - INFO - ===
2025-03-02 00:08:20 - INFO - Fast Response: {"thought": "I still feel that Player3 might be hiding something. They haven't been very vocal in the discussion, which makes me suspicious. I think my vote should reflect that.", "vote": "Player3", "uncertainty_score": 0.3}
2025-03-02 00:08:20 - INFO - Fast Uncertainty: 0.3
2025-03-02 00:08:20 - INFO - ===
2025-03-02 00:08:22 - INFO - ===
2025-03-02 00:08:22 - INFO - Slow Response: {"thought": "Based on my prior suspicion, I think Player3 might be a werewolf. However, this is still an early stage, and I don't have solid evidence. It's mainly a hunch based on their behavior.", "vote": "Player3", "uncertainty_score": 0.7}
2025-03-02 00:08:22 - INFO - ===
2025-03-02 00:08:23 - INFO - Moderator: The player with the most votes is Player3.
2025-03-02 00:08:23 - INFO - Moderator: Player4, you're the witch. Tonight Player3 is eliminated. Would you like to resurrect Player3?
2025-03-02 00:08:23 - INFO - ===
2025-03-02 00:08:23 - INFO - Query: Discussions related to werewolves.
2025-03-02 00:08:23 - INFO - Retrieved similar documents: 
2025-03-02 00:08:23 - INFO - ===
2025-03-02 00:08:28 - INFO - Witch resurrection response: I will not resurrect Player3 because it might reveal my identity as the witch. I need to keep my role hidden for now and allow Player3 to remain out of the game for strategic reasons.
2025-03-02 00:08:28 - INFO - Moderator: The witch has chosen not to resurrect the player.
2025-03-02 00:08:28 - INFO - ===
2025-03-02 00:08:28 - INFO - Query: Discussions related to werewolves.
2025-03-02 00:08:28 - INFO - Retrieved similar documents: Player4: {"thought": "I need to be cautious and think strategically about resurrection. Since Player3 is eliminated tonight, I should analyze the potential benefits of bringing them back or let them stay eliminated to avoid suspicion.", "speak": "I will not resurrect Player3 because it might reveal my identity as the witch. I need to keep my role hidden for now and allow Player3 to remain out of the game for strategic reasons.", "resurrect": false}
2025-03-02 00:08:28 - INFO - ===
2025-03-02 00:08:30 - INFO - Witch Poison Response: I believe we should discuss our suspicions further before jumping to conclusions on who to eliminate. Let's share our observations.
2025-03-02 00:08:30 - INFO - The witch has chosen not to poison a player.
2025-03-02 00:08:30 - INFO - Moderator: Player3, you're the seer. Which player in Player1, Player2, Player3 and Player4 would you like to check tonight?
2025-03-02 00:08:30 - INFO - ===
2025-03-02 00:08:30 - INFO - Query: Discussions related to werewolves.
2025-03-02 00:08:30 - INFO - Retrieved similar documents: 
2025-03-02 00:08:30 - INFO - ===
2025-03-02 00:08:31 - INFO - Seer response: Player1
2025-03-02 00:08:31 - INFO - Moderator: Okay, the role of Player1 is a werewolf.
2025-03-02 00:08:32 - INFO - ===
2025-03-02 00:08:32 - INFO - Query: Discussions related to villagers, seer, witch.
2025-03-02 00:08:32 - INFO - Retrieved similar documents: Player1: {"thought": "I need to figure out who might be the werewolves among the players. It's crucial to gather information without revealing my own identity too soon. I'll observe their behaviors and try to lead the discussion to see where they align or contradict each other.", "speak": "I think we should start discussing who seems suspicious. Has anyone noticed any odd behavior? I feel like Player3 might be hiding something.", "finish_discussion": "false"}
Player1: {"thought": "Based on my prior suspicion, I think Player3 might be a werewolf. However, this is still an early stage, and I don't have solid evidence. It's mainly a hunch based on their behavior.", "vote": "Player3", "uncertainty_score": 0.7}
2025-03-02 00:08:32 - INFO - ===
2025-03-02 00:08:35 - INFO - ===
2025-03-02 00:08:35 - INFO - Query: Discussions related to werewolves.
2025-03-02 00:08:35 - INFO - Retrieved similar documents: 
2025-03-02 00:08:35 - INFO - ===
2025-03-02 00:08:37 - INFO - ===
2025-03-02 00:08:37 - INFO - Query: Discussions related to werewolves.
2025-03-02 00:08:37 - INFO - Retrieved similar documents: Player4: {"thought": "I need to consider who might be the werewolves among the alive players. I suspect one of the others is a werewolf, but I need more information before making a move. It's possible they might come after me if they sense I'm the witch. I should hold off on eliminating anyone for now to maintain my cover and gather more information.", "speak": "I believe we should discuss our suspicions further before jumping to conclusions on who to eliminate. Let's share our observations.", "eliminate": false}
2025-03-02 00:08:37 - INFO - ===
2025-03-02 00:08:39 - INFO - Survivors Discussion: It's interesting that you mention that, Player2. I think we should revisit how we perceive each other's actions and maybe even share more about what we've observed regarding Player1 and their behavior.
2025-03-02 00:08:39 - INFO - Moderator: Given the game rules and your role, based on the situation and the information you gain, to win the game, it's time to vote one player eliminated among the alive players. Which player do you vote to kill?
2025-03-02 00:08:39 - INFO - ===
2025-03-02 00:08:39 - INFO - Query: Discussions related to villagers, seer, witch.
2025-03-02 00:08:39 - INFO - Retrieved similar documents: Player1: {"thought": "I need to figure out who might be the werewolves among the players. It's crucial to gather information without revealing my own identity too soon. I'll observe their behaviors and try to lead the discussion to see where they align or contradict each other.", "speak": "I think we should start discussing who seems suspicious. Has anyone noticed any odd behavior? I feel like Player3 might be hiding something.", "finish_discussion": "false"}
Player1: {"thought": "Based on my prior suspicion, I think Player3 might be a werewolf. However, this is still an early stage, and I don't have solid evidence. It's mainly a hunch based on their behavior.", "vote": "Player3", "uncertainty_score": 0.7}
2025-03-02 00:08:39 - INFO - ===
2025-03-02 00:08:41 - INFO - ===
2025-03-02 00:08:41 - INFO - Fast Response: {"thought": "Now that Player3 is out of the game, I need to assess Player2 and Player4. Player2 seemed a bit too quiet during the discussions, which could be suspicious. I'm leaning towards Player2 being the werewolf.", "vote": "Player2", "uncertainty_score": "0.4"}
2025-03-02 00:08:41 - INFO - Fast Uncertainty: 0.4
2025-03-02 00:08:41 - INFO - ===
2025-03-02 00:08:43 - INFO - ===
2025-03-02 00:08:43 - INFO - Slow Response: {"thought": "With Player3 eliminated and still unsure of who is the werewolf, I need to observe the behavior of Player2 and Player4. However, Player4 has been quiet today, which seems suspicious.", "vote": "Player4", "uncertainty_score": 0.6}
2025-03-02 00:08:43 - INFO - ===
2025-03-02 00:08:43 - INFO - ===
2025-03-02 00:08:43 - INFO - Query: Discussions related to werewolves.
2025-03-02 00:08:43 - INFO - Retrieved similar documents: Player2: {"thought": "I need to defend myself while also casting suspicion on Player4. It's crucial to sow doubt among them.", "speak": "I understand your concerns about Player4, but I think we should also consider how Player2 has been acting. I feel like they might be trying to divert our attention away from themselves."}
Player2: {"thought": "I need to defend myself while also casting suspicion on Player4. It's crucial to sow doubt among them.", "speak": "I understand your concerns about Player4, but I think we should also consider how Player2 has been acting. I feel like they might be trying to divert our attention away from themselves."}
2025-03-02 00:08:43 - INFO - ===
2025-03-02 00:08:45 - INFO - ===
2025-03-02 00:08:45 - INFO - Query: Discussions related to werewolves.
2025-03-02 00:08:45 - INFO - Retrieved similar documents: Player4: {"thought": "I need to consider who might be the werewolves among the alive players. I suspect one of the others is a werewolf, but I need more information before making a move. It's possible they might come after me if they sense I'm the witch. I should hold off on eliminating anyone for now to maintain my cover and gather more information.", "speak": "I believe we should discuss our suspicions further before jumping to conclusions on who to eliminate. Let's share our observations.", "eliminate": false}
2025-03-02 00:08:45 - INFO - ===
2025-03-02 00:08:47 - INFO - Moderator: Player4 has been voted out.
2025-03-02 00:08:47 - INFO - Moderator: The werewolves have prevailed and taken over the village. Better luck next time!
