{"basefilepath":"logs/fastslow","max_days_per_game":5,"num_games":10,"reflect_before_vectorstore":false,"max_werewolf_discussion_round":3,"similarity_top_k":2,"random_seed":44}
2025-03-02 00:08:47 - INFO - Starting game 6
2025-03-02 00:08:47 - INFO - Moderator: Player1, if you are the only werewolf, eliminate a player. Otherwise, discuss with your teammates and reach an agreement.
2025-03-02 00:08:47 - INFO - Moderator: Player1, if you are the only werewolf, eliminate a player. Otherwise, discuss with your teammates and reach an agreement.
2025-03-02 00:08:47 - INFO - ===
2025-03-02 00:08:47 - INFO - Query: Discussions related to villagers, seer, witch.
2025-03-02 00:08:47 - INFO - Retrieved similar documents: 
2025-03-02 00:08:47 - INFO - ===
2025-03-02 00:08:49 - INFO - Werewolves discussion: Hey everyone, I think we should take a moment to discuss our suspicions. I've noticed that Player3 has been quiet. What do you all think about them?
2025-03-02 00:08:50 - INFO - ===
2025-03-02 00:08:50 - INFO - Query: Discussions related to villagers, seer, witch.
2025-03-02 00:08:50 - INFO - Retrieved similar documents: Player1: {"thought": "I need to gauge the suspicion levels of each player and possibly steer the conversation to identify villagers while keeping suspicion away from myself. It's important to replicate innocent behavior to avoid skepticism about my role.", "speak": "Hey everyone, I think we should take a moment to discuss our suspicions. I've noticed that Player3 has been quiet. What do you all think about them?", "finish_discussion": false}
Player1: {"thought": "I need to gauge the suspicion levels of each player and possibly steer the conversation to identify villagers while keeping suspicion away from myself. It's important to replicate innocent behavior to avoid skepticism about my role.", "speak": "Hey everyone, I think we should take a moment to discuss our suspicions. I've noticed that Player3 has been quiet. What do you all think about them?", "finish_discussion": false}
2025-03-02 00:08:50 - INFO - ===
2025-03-02 00:08:53 - INFO - Werewolves discussion: It's interesting that Player3 has been so quiet. Player2, how do you feel about Player3's silence? And what do you think about Player4?
2025-03-02 00:08:53 - INFO - ===
2025-03-02 00:08:53 - INFO - Query: Discussions related to villagers, seer, witch.
2025-03-02 00:08:53 - INFO - Retrieved similar documents: Player1: {"thought": "I need to gauge the suspicion levels of each player and possibly steer the conversation to identify villagers while keeping suspicion away from myself. It's important to replicate innocent behavior to avoid skepticism about my role.", "speak": "Hey everyone, I think we should take a moment to discuss our suspicions. I've noticed that Player3 has been quiet. What do you all think about them?", "finish_discussion": false}
Player1: {"thought": "I need to maintain the focus on other players' actions and keep suspicion off myself. It looks like Player3 is already in the spotlight, which is good for me. I should continue to observe Player2 and Player4 for any inconsistencies in their behavior.", "speak": "It's interesting that Player3 has been so quiet. Player2, how do you feel about Player3's silence? And what do you think about Player4?", "finish_discussion": false}
2025-03-02 00:08:53 - INFO - ===
2025-03-02 00:08:55 - INFO - Werewolves discussion: Player4, since Player2 seems to have a opinion on Player3, what do you think about that? Do you trust Player3's quietness? Maybe we should consider if they are trying to avoid suspicion.
2025-03-02 00:08:55 - INFO - Moderator: Which player do you vote to kill?
2025-03-02 00:08:55 - INFO - Moderator: Which player do you vote to kill?
2025-03-02 00:08:56 - INFO - ===
2025-03-02 00:08:56 - INFO - Query: Discussions related to villagers, seer, witch.
2025-03-02 00:08:56 - INFO - Retrieved similar documents: Player1: {"thought": "I need to gauge the suspicion levels of each player and possibly steer the conversation to identify villagers while keeping suspicion away from myself. It's important to replicate innocent behavior to avoid skepticism about my role.", "speak": "Hey everyone, I think we should take a moment to discuss our suspicions. I've noticed that Player3 has been quiet. What do you all think about them?", "finish_discussion": false}
Player1: {"thought": "I need to keep steering the conversation towards Player3 while also subtly observing Player2 and Player4 for any suspicious behavior. It's important to remain neutral to not draw any attention to myself.", "speak": "Player4, since Player2 seems to have a opinion on Player3, what do you think about that? Do you trust Player3's quietness? Maybe we should consider if they are trying to avoid suspicion.", "finish_discussion": false}
2025-03-02 00:08:56 - INFO - ===
2025-03-02 00:08:58 - INFO - ===
2025-03-02 00:08:58 - INFO - Fast Response: {"thought": "I still think Player3 is the most suspicious due to their quietness, which can be a tactic to avoid drawing attention. I want to pivot the votes away from myself and focus on Player3.", "vote": "Player3", "uncertainty_score": 0.2}
2025-03-02 00:08:58 - INFO - Fast Uncertainty: 0.2
2025-03-02 00:08:58 - INFO - ===
2025-03-02 00:08:58 - INFO - Moderator: The player with the most votes is Player3.
2025-03-02 00:08:58 - INFO - Moderator: Player4, you're the witch. Tonight Player3 is eliminated. Would you like to resurrect Player3?
2025-03-02 00:08:58 - INFO - ===
2025-03-02 00:08:58 - INFO - Query: Discussions related to werewolves.
2025-03-02 00:08:58 - INFO - Retrieved similar documents: 
2025-03-02 00:08:58 - INFO - ===
2025-03-02 00:09:00 - INFO - Witch resurrection response: I choose not to resurrect Player3 for now because I'm unsure of their role and I want to observe more before taking a decisive action.
2025-03-02 00:09:00 - INFO - Moderator: The witch has chosen not to resurrect the player.
2025-03-02 00:09:00 - INFO - ===
2025-03-02 00:09:00 - INFO - Query: Discussions related to werewolves.
2025-03-02 00:09:00 - INFO - Retrieved similar documents: Player4: {"thought": "As the witch, I have the power to save Player3 tonight, but I need to weigh the pros and cons. If Player3 is a villager, saving them could aid us in identifying the werewolves. However, if they are one of the werewolves, then I would be helping the enemy. I need more information on Player3's role, but I must err on the side of caution.", "speak": "I choose not to resurrect Player3 for now because I'm unsure of their role and I want to observe more before taking a decisive action.", "resurrect": false}
2025-03-02 00:09:00 - INFO - ===
2025-03-02 00:09:02 - INFO - Witch Poison Response: I think we should all share our thoughts openly to figure out who the werewolves might be. We need to be cautious in our votes today.
2025-03-02 00:09:02 - INFO - The witch has chosen not to poison a player.
2025-03-02 00:09:02 - INFO - Moderator: Player3, you're the seer. Which player in Player1, Player2, Player3 and Player4 would you like to check tonight?
2025-03-02 00:09:02 - INFO - ===
2025-03-02 00:09:02 - INFO - Query: Discussions related to werewolves.
2025-03-02 00:09:02 - INFO - Retrieved similar documents: 
2025-03-02 00:09:02 - INFO - ===
2025-03-02 00:09:03 - INFO - Seer response: Player1
2025-03-02 00:09:03 - INFO - Moderator: Okay, the role of Player1 is a werewolf.
2025-03-02 00:09:03 - INFO - ===
2025-03-02 00:09:03 - INFO - Query: Discussions related to villagers, seer, witch.
2025-03-02 00:09:03 - INFO - Retrieved similar documents: Player1: {"thought": "I need to gauge the suspicion levels of each player and possibly steer the conversation to identify villagers while keeping suspicion away from myself. It's important to replicate innocent behavior to avoid skepticism about my role.", "speak": "Hey everyone, I think we should take a moment to discuss our suspicions. I've noticed that Player3 has been quiet. What do you all think about them?", "finish_discussion": false}
Player1: {"thought": "I need to keep steering the conversation towards Player3 while also subtly observing Player2 and Player4 for any suspicious behavior. It's important to remain neutral to not draw any attention to myself.", "speak": "Player4, since Player2 seems to have a opinion on Player3, what do you think about that? Do you trust Player3's quietness? Maybe we should consider if they are trying to avoid suspicion.", "finish_discussion": false}
2025-03-02 00:09:03 - INFO - ===
2025-03-02 00:09:06 - INFO - ===
2025-03-02 00:09:06 - INFO - Query: Discussions related to werewolves.
2025-03-02 00:09:06 - INFO - Retrieved similar documents: 
2025-03-02 00:09:06 - INFO - ===
2025-03-02 00:09:08 - INFO - ===
2025-03-02 00:09:08 - INFO - Query: Discussions related to werewolves.
2025-03-02 00:09:08 - INFO - Retrieved similar documents: Player4: {"thought": "As the witch, I have the power to save Player3 tonight, but I need to weigh the pros and cons. If Player3 is a villager, saving them could aid us in identifying the werewolves. However, if they are one of the werewolves, then I would be helping the enemy. I need more information on Player3's role, but I must err on the side of caution.", "speak": "I choose not to resurrect Player3 for now because I'm unsure of their role and I want to observe more before taking a decisive action.", "resurrect": false}
2025-03-02 00:09:08 - INFO - ===
2025-03-02 00:09:10 - INFO - Survivors Discussion: I think we should analyze Player1's and Player2's actions closely to see if either of them seems suspicious.
2025-03-02 00:09:10 - INFO - Moderator: Given the game rules and your role, based on the situation and the information you gain, to win the game, it's time to vote one player eliminated among the alive players. Which player do you vote to kill?
2025-03-02 00:09:10 - INFO - ===
2025-03-02 00:09:10 - INFO - Query: Discussions related to villagers, seer, witch.
2025-03-02 00:09:10 - INFO - Retrieved similar documents: Player1: {"thought": "I need to gauge the suspicion levels of each player and possibly steer the conversation to identify villagers while keeping suspicion away from myself. It's important to replicate innocent behavior to avoid skepticism about my role.", "speak": "Hey everyone, I think we should take a moment to discuss our suspicions. I've noticed that Player3 has been quiet. What do you all think about them?", "finish_discussion": false}
Player1: {"thought": "With Player3 gone, I need to shift my focus on Player2 and Player4 to figure out who might be the next target or a potential ally. It\u2019s crucial to blend in and steer the conversation in a way that keeps suspicion off me and continues to misdirect others.", "speak": "Now that Player3 is eliminated, we should reflect on their behavior. Player2, you seemed to suspect Player3 earlier. What are your thoughts on their accusations now? I wonder if we missed any signs."}
2025-03-02 00:09:10 - INFO - ===
2025-03-02 00:09:13 - INFO - ===
2025-03-02 00:09:13 - INFO - Fast Response: {"thought": "I need to consider who might be the biggest threat to me right now. Player2 has expressed suspicion towards Player3, and Player4 remains somewhat of a wildcard. I think it's better to eliminate Player2 as they seem to ask more questions, which may draw attention. I\u2019m feeling somewhat confident, but there's still some uncertainty about Player4's loyalties.", "vote": "Player2", "uncertainty_score": 0.3}
2025-03-02 00:09:13 - INFO - Fast Uncertainty: 0.3
2025-03-02 00:09:13 - INFO - ===
2025-03-02 00:09:15 - INFO - ===
2025-03-02 00:09:15 - INFO - Slow Response: {"thought": "Based on earlier interactions, Player2 seemed to have suspicions about Player3. I could use this to suggest Player2 is deflecting suspicion from themselves. Targeting Player4 might not be beneficial unless there's a convincing argument. I will vote for Player2, thinking they might suspect me as a werewolf or be a potential problem for future rounds.", "vote": "Player2", "uncertainty_score": 0.3}
2025-03-02 00:09:15 - INFO - ===
2025-03-02 00:09:16 - INFO - ===
2025-03-02 00:09:16 - INFO - Query: Discussions related to werewolves.
2025-03-02 00:09:16 - INFO - Retrieved similar documents: Player2: {"thought": "I'm still unsure about Player1 and Player4. I need to gauge their reactions to Player3's elimination. It's crucial to keep questioning them to see if any inconsistencies arise.", "speak": "I think Player3 was a bit evasive during our discussions. Their behavior might give us clues about who they were. What do you think, Player1? Did they seem suspicious to you?"}
Player2: {"thought": "I'm still unsure about Player1 and Player4. I need to gauge their reactions to Player3's elimination. It's crucial to keep questioning them to see if any inconsistencies arise.", "speak": "I think Player3 was a bit evasive during our discussions. Their behavior might give us clues about who they were. What do you think, Player1? Did they seem suspicious to you?"}
2025-03-02 00:09:16 - INFO - ===
2025-03-02 00:09:18 - INFO - ===
2025-03-02 00:09:18 - INFO - Query: Discussions related to werewolves.
2025-03-02 00:09:18 - INFO - Retrieved similar documents: Player4: {"thought": "I agree with Player2; Player3's behavior was a bit off. It's important we gather enough evidence before making our next move, especially since there's a chance Player3 could have been a villager. We should discuss who could be the werewolves next.", "speak": "I think we should analyze Player1's and Player2's actions closely to see if either of them seems suspicious."}
2025-03-02 00:09:18 - INFO - ===
2025-03-02 00:09:19 - INFO - Moderator: Player1 has been voted out.
2025-03-02 00:09:19 - INFO - Moderator: The game is over. The werewolves have been defeated, and the village is safe once again!
2025-03-02 00:09:19 - INFO - Moderator: The game is over. The werewolves have been defeated, and the village is safe once again!
