{"basefilepath":"logs/fastslow","max_days_per_game":5,"num_games":10,"reflect_before_vectorstore":false,"max_werewolf_discussion_round":3,"similarity_top_k":2,"random_seed":44}
2025-03-02 00:06:33 - INFO - Starting game 2
2025-03-02 00:06:33 - INFO - Moderator: Player1, if you are the only werewolf, eliminate a player. Otherwise, discuss with your teammates and reach an agreement.
2025-03-02 00:06:33 - INFO - Moderator: Player1, if you are the only werewolf, eliminate a player. Otherwise, discuss with your teammates and reach an agreement.
2025-03-02 00:06:33 - INFO - ===
2025-03-02 00:06:33 - INFO - Query: Discussions related to villagers, seer, witch.
2025-03-02 00:06:33 - INFO - Retrieved similar documents: 
2025-03-02 00:06:33 - INFO - ===
2025-03-02 00:06:36 - INFO - Werewolves discussion: I've noticed that Player2 has been quite quiet during our discussions, which makes me wonder if they might have something to hide. What does everyone think about that? It's important we stay vigilant and figure out who the werewolves really are.
2025-03-02 00:06:36 - INFO - Moderator: Which player do you vote to kill?
2025-03-02 00:06:36 - INFO - Moderator: Which player do you vote to kill?
2025-03-02 00:06:36 - INFO - ===
2025-03-02 00:06:36 - INFO - Query: Discussions related to villagers, seer, witch.
2025-03-02 00:06:36 - INFO - Retrieved similar documents: Player1: {"thought": "I need to assess who might be the villagers and who could possibly be the werewolves. Player2 is acting a bit suspicious, while Player3 and Player4 seem more reserved. It's crucial to create doubt and steer the discussion towards Player2's potential guilt. I should also be careful not to expose myself while making my accusations.", "speak": "I've noticed that Player2 has been quite quiet during our discussions, which makes me wonder if they might have something to hide. What does everyone think about that? It's important we stay vigilant and figure out who the werewolves really are.", "finish_discussion": "false"}
Player1: {"thought": "I need to assess who might be the villagers and who could possibly be the werewolves. Player2 is acting a bit suspicious, while Player3 and Player4 seem more reserved. It's crucial to create doubt and steer the discussion towards Player2's potential guilt. I should also be careful not to expose myself while making my accusations.", "speak": "I've noticed that Player2 has been quite quiet during our discussions, which makes me wonder if they might have something to hide. What does everyone think about that? It's important we stay vigilant and figure out who the werewolves really are.", "finish_discussion": "false"}
2025-03-02 00:06:36 - INFO - ===
2025-03-02 00:06:38 - INFO - ===
2025-03-02 00:06:38 - INFO - Fast Response: {"thought": "I still have my suspicions about Player2 being a werewolf, especially due to their quietness. It could be that they're trying to avoid drawing attention. I believe we should focus our efforts on eliminating Player2 to see if that clears any doubts for the rest of us.", "vote": "Player2", "uncertainty_score": 0.3}
2025-03-02 00:06:38 - INFO - Fast Uncertainty: 0.3
2025-03-02 00:06:38 - INFO - ===
2025-03-02 00:06:41 - INFO - ===
2025-03-02 00:06:41 - INFO - Slow Response: {"thought": "I've been suspecting Player2 due to their quiet demeanor, which can often be an indicator of a werewolf trying to stay under the radar. I'm going to vote for Player2 as it aligns with my previous strategy of creating doubt on them.", "vote": "Player2", "uncertainty_score": "0.4"}
2025-03-02 00:06:41 - INFO - ===
2025-03-02 00:06:41 - INFO - Moderator: The player with the most votes is Player2.
2025-03-02 00:06:41 - INFO - Moderator: Player4, you're the witch. Tonight Player2 is eliminated. Would you like to resurrect Player2?
2025-03-02 00:06:41 - INFO - ===
2025-03-02 00:06:41 - INFO - Query: Discussions related to werewolves.
2025-03-02 00:06:41 - INFO - Retrieved similar documents: 
2025-03-02 00:06:41 - INFO - ===
2025-03-02 00:06:44 - INFO - Witch resurrection response: I’m going to hold off on resurrecting Player2 for now because I want to see how the rest of the players react and what they suggest. It might give us more insight into who the werewolves are.
2025-03-02 00:06:44 - INFO - Moderator: The witch has chosen not to resurrect the player.
2025-03-02 00:06:44 - INFO - ===
2025-03-02 00:06:44 - INFO - Query: Discussions related to werewolves.
2025-03-02 00:06:44 - INFO - Retrieved similar documents: Player4: {"thought": "As the witch, I have the ability to save players, and Player2 is not a confirmed werewolf. However, I need to gather more information before making a move. It's crucial to assess the situation and gather more details during the day phase.", "speak": "I\u2019m going to hold off on resurrecting Player2 for now because I want to see how the rest of the players react and what they suggest. It might give us more insight into who the werewolves are.", "resurrect": false}
2025-03-02 00:06:44 - INFO - ===
2025-03-02 00:06:46 - INFO - Witch Poison Response: I think we should all discuss our suspicions and insights before jumping to any conclusions about who to eliminate. Let's gather more information.
2025-03-02 00:06:46 - INFO - The witch has chosen not to poison a player.
2025-03-02 00:06:46 - INFO - Moderator: Player3, you're the seer. Which player in Player1, Player2, Player3 and Player4 would you like to check tonight?
2025-03-02 00:06:46 - INFO - ===
2025-03-02 00:06:46 - INFO - Query: Discussions related to werewolves.
2025-03-02 00:06:46 - INFO - Retrieved similar documents: 
2025-03-02 00:06:46 - INFO - ===
2025-03-02 00:06:48 - INFO - Seer response: Player1
2025-03-02 00:06:48 - INFO - Moderator: Okay, the role of Player1 is a werewolf.
2025-03-02 00:06:48 - INFO - ===
2025-03-02 00:06:48 - INFO - Query: Discussions related to villagers, seer, witch.
2025-03-02 00:06:48 - INFO - Retrieved similar documents: Player1: {"thought": "I need to assess who might be the villagers and who could possibly be the werewolves. Player2 is acting a bit suspicious, while Player3 and Player4 seem more reserved. It's crucial to create doubt and steer the discussion towards Player2's potential guilt. I should also be careful not to expose myself while making my accusations.", "speak": "I've noticed that Player2 has been quite quiet during our discussions, which makes me wonder if they might have something to hide. What does everyone think about that? It's important we stay vigilant and figure out who the werewolves really are.", "finish_discussion": "false"}
Player1: {"thought": "I've been suspecting Player2 due to their quiet demeanor, which can often be an indicator of a werewolf trying to stay under the radar. I'm going to vote for Player2 as it aligns with my previous strategy of creating doubt on them.", "vote": "Player2", "uncertainty_score": "0.4"}
2025-03-02 00:06:48 - INFO - ===
2025-03-02 00:06:51 - INFO - ===
2025-03-02 00:06:51 - INFO - Query: Discussions related to werewolves.
2025-03-02 00:06:51 - INFO - Retrieved similar documents: Moderator: Okay, the role of Player1 is a werewolf.
Player3: {"thought": "I need to gather information to identify the werewolves. I'll check Player1 to see if they're one of the werewolves.", "speak": "Player1"}
2025-03-02 00:06:51 - INFO - ===
2025-03-02 00:06:53 - INFO - ===
2025-03-02 00:06:53 - INFO - Query: Discussions related to werewolves.
2025-03-02 00:06:53 - INFO - Retrieved similar documents: Player4: {"thought": "I need to carefully assess the discussions today and gather more information before considering any eliminations. It's important to identify the werewolves without making a hasty move.", "speak": "I think we should all discuss our suspicions and insights before jumping to any conclusions about who to eliminate. Let's gather more information.", "eliminate": false}
2025-03-02 00:06:53 - INFO - ===
2025-03-02 00:06:55 - INFO - Survivors Discussion: I think it's important to discuss Player1's actions and see if there's a pattern that suggests they might be a werewolf. What exactly makes you suspect them, Player3?
2025-03-02 00:06:55 - INFO - Moderator: Given the game rules and your role, based on the situation and the information you gain, to win the game, it's time to vote one player eliminated among the alive players. Which player do you vote to kill?
2025-03-02 00:06:56 - INFO - ===
2025-03-02 00:06:56 - INFO - Query: Discussions related to villagers, seer, witch.
2025-03-02 00:06:56 - INFO - Retrieved similar documents: Player1: {"thought": "I need to assess who might be the villagers and who could possibly be the werewolves. Player2 is acting a bit suspicious, while Player3 and Player4 seem more reserved. It's crucial to create doubt and steer the discussion towards Player2's potential guilt. I should also be careful not to expose myself while making my accusations.", "speak": "I've noticed that Player2 has been quite quiet during our discussions, which makes me wonder if they might have something to hide. What does everyone think about that? It's important we stay vigilant and figure out who the werewolves really are.", "finish_discussion": "false"}
Player1: {"thought": "I've been suspecting Player2 due to their quiet demeanor, which can often be an indicator of a werewolf trying to stay under the radar. I'm going to vote for Player2 as it aligns with my previous strategy of creating doubt on them.", "vote": "Player2", "uncertainty_score": "0.4"}
2025-03-02 00:06:56 - INFO - ===
2025-03-02 00:06:57 - INFO - ===
2025-03-02 00:06:57 - INFO - Fast Response: {"thought": "Now that Player2 is eliminated, we need to focus on Player3 and Player4. Both of them seem to be playing cautiously, but I have a gut feeling that Player3 might be hiding something. I should cast my vote towards Player3 to see if I can create some tension within the group.", "vote": "Player3", "uncertainty_score": "0.3"}
2025-03-02 00:06:57 - INFO - Fast Uncertainty: 0.3
2025-03-02 00:06:57 - INFO - ===
2025-03-02 00:07:01 - INFO - ===
2025-03-02 00:07:01 - INFO - Slow Response: {"thought": "With Player2 eliminated, it's important to continue sowing suspicion to avoid suspicion falling on myself. Player4 has been the quietest during discussions now, which could indicate they are trying to avoid drawing attention. Player3 and I have been more engaged, so I'll focus on Player4 as a potential werewolf or someone trying to stay unnoticed.", "vote": "Player4", "uncertainty_score": "0.3"}
2025-03-02 00:07:01 - INFO - ===
2025-03-02 00:07:02 - INFO - ===
2025-03-02 00:07:02 - INFO - Query: Discussions related to werewolves.
2025-03-02 00:07:02 - INFO - Retrieved similar documents: Moderator: Okay, the role of Player1 is a werewolf.
Player3: {"thought": "I need to gather information to identify the werewolves. I'll check Player1 to see if they're one of the werewolves.", "speak": "Player1"}
2025-03-02 00:07:02 - INFO - ===
2025-03-02 00:07:04 - INFO - ===
2025-03-02 00:07:04 - INFO - Query: Discussions related to werewolves.
2025-03-02 00:07:04 - INFO - Retrieved similar documents: Player4: {"thought": "I need to carefully assess the discussions today and gather more information before considering any eliminations. It's important to identify the werewolves without making a hasty move.", "speak": "I think we should all discuss our suspicions and insights before jumping to any conclusions about who to eliminate. Let's gather more information.", "eliminate": false}
2025-03-02 00:07:04 - INFO - ===
2025-03-02 00:07:06 - INFO - Moderator: Player1 has been voted out.
2025-03-02 00:07:06 - INFO - Moderator: The game is over. The werewolves have been defeated, and the village is safe once again!
2025-03-02 00:07:06 - INFO - Moderator: The game is over. The werewolves have been defeated, and the village is safe once again!
