In this scenario, Player1 is a werewolf attempting to strategically eliminate players without revealing their identity. Several key decisions and implications can be drawn from Player1's actions:

1. **Blending In:** Player1 aims to integrate into the group by raising suspicions about other players, specifically Player2. By doing this, Player1 tries to direct the narrative toward others, diverting attention from themselves.

2. **Target Selection:** Despite initially suggesting Player4 as a target due to their lack of strong defenses, Player1 ultimately decides to vote against Player2. The justification for this decision is based on Player2's "suspicious behavior and voting patterns," which Player1 perceives as potentially hostile to the werewolf agenda.

3. **Strategy Impact:** Player1 believes that targeting a player with apparent suspicious behavior (Player2) over a player with weak defenses (Player4) might yield greater strategic advantage. This decision reflects a calculated risk: prioritizing the elimination of perceived threats over seemingly easy targets.

4. **Maintaining Innocence:** By voting against Player2, Player1 attempts to align with what might be a group consensus or common suspicion, which is crucial for maintaining their cover as a villager.

For future strategic decisions, the following implications are noteworthy:

- **Assess Group Dynamics:** Understanding the group's suspicions and aligning with prevalent opinions can enhance the werewolf's ability to blend in and deflect suspicion.
  
- **Balance Risks and Rewards:** While targeting players who appear more threatening (due to behavior patterns) can reduce risk, it can also increase the difficulty of maintaining disguise if the group identifies a pattern in targeting logic.
  
- **Identify Vulnerabilities:** Consistently assess both weak defenses and behavioral inconsistencies among players to choose targets that maximize benefit without compromising identity security.

- **Adaptive Strategy:** The decision to switch from Player4 to Player2 illustrates the importance of adaptive strategy based on evolving group discussions, perceptions, and emerging patterns of behavior.

Understanding these strategic implications can significantly enhance decision-making in future games, enabling more refined tactics that leverage group psychology and behavioral analysis.
In the final rounds of the game, Player1 made crucial strategic decisions that directly contributed to the current composition of survivors. Their decisions revolved around balancing immediate threats with long-term strategic positioning. Two arguments were considered for possible targets:

1. **Targeting Player4:** Player1 contemplated eliminating Player4, recognizing that Player4's passive nature made them an easy target and their removal could weaken the villagers' ability to have effective discussions. However, Player4's lack of influence in the game made them less of a threat to the werewolves, which might have led Player1 to deprioritize this option.

2. **Targeting Player2:** Due to suspicious behavior and voting patterns, Player1 decided that Player2 was a significant threat, capable of rallying the villagers against the werewolves. Player1 chose to focus on Player2, believing that their elimination would reduce the villagers' ability to hinder the werewolves' agenda.

**Decision and Outcome:**
- Player1 decided to eliminate Player2, recognizing the potential risk they posed with their ability to influence other players and build coalitions against the werewolves. This decision was aimed at preserving the werewolves' anonymity and disrupting any organized opposition.
- By guiding the collective decision toward Player2, Player1 ensured that a potentially strong opponent was removed from the game, reducing the immediate threat of exposure and minimizing the risk of a coordinated threat against the werewolves in the subsequent rounds.

**Implications for Future Strategic Decisions:**
- **Threat Assessment:** Future decisions should continue to focus on evaluating each player's potential to disrupt the werewolves' plans. Key indicators include voting patterns, influence on other players, and the capacity to organize resistance.
- **Balancing Visibility and Impact:** As seen in Player1's choice to blend in, future strategies should find a balance between keeping a low profile and driving the narrative to achieve desired outcomes. Efficient manipulation of suspicion can be a powerful tool.
- **Anticipating Villager Alliances:** Eliminating players with coalition-building capabilities should be prioritized, as it significantly weakens the village’s potential defense. Monitoring and disrupting budding alliances is crucial.
- **Adaptivity to New Information:** Decisions should be revisited as new data emerges. Player1 demonstrated adaptability by shifting focus from a weaker target (Player4) to a more immediate threat (Player2), which proved successful.

By learning from these strategic insights, werewolf players can refine their approach, effectively managing threats and utilizing misdirection to maximize survival and success in future games.