{"basefilepath":"logs/fastslow","max_days_per_game":2,"num_games":2,"reflect_before_vectorstore":false,"max_werewolf_discussion_round":3,"similarity_top_k":2,"random_seed":42}
2025-02-27 13:54:20 - INFO - Starting game 0
2025-02-27 13:54:20 - INFO - Moderator: Player1, if you are the only werewolf, eliminate a player. Otherwise, discuss with your teammates and reach an agreement.
2025-02-27 13:54:20 - INFO - Moderator: Player1, if you are the only werewolf, eliminate a player. Otherwise, discuss with your teammates and reach an agreement.
2025-02-27 13:54:20 - INFO - ===
2025-02-27 13:54:20 - INFO - Query: Discussions related to villagers, seer, witch.
2025-02-27 13:54:20 - INFO - Retrieved similar documents: 
2025-02-27 13:54:20 - INFO - ===
2025-02-27 13:54:23 - INFO - Werewolves discussion: I think it's really important to look closely at how Player3 and Player4 are acting. They seem to be quite relaxed, maybe too relaxed for villagers. What do you all think of them?
2025-02-27 13:54:23 - INFO - Moderator: Which player do you vote to kill?
2025-02-27 13:54:23 - INFO - Moderator: Which player do you vote to kill?
2025-02-27 13:54:24 - INFO - ===
2025-02-27 13:54:24 - INFO - Query: Discussions related to villagers, seer, witch.
2025-02-27 13:54:24 - INFO - Retrieved similar documents: Player1: {"thought": "I need to make sure no one suspects me as a werewolf. I'll deflect attention and try to sow doubt about the others, especially Player3 and Player4, who seem a bit too confident.", "speak": "I think it's really important to look closely at how Player3 and Player4 are acting. They seem to be quite relaxed, maybe too relaxed for villagers. What do you all think of them?", "finish_discussion": "false"}
Player1: {"thought": "I need to make sure no one suspects me as a werewolf. I'll deflect attention and try to sow doubt about the others, especially Player3 and Player4, who seem a bit too confident.", "speak": "I think it's really important to look closely at how Player3 and Player4 are acting. They seem to be quite relaxed, maybe too relaxed for villagers. What do you all think of them?", "finish_discussion": "false"}
2025-02-27 13:54:24 - INFO - ===
2025-02-27 13:54:25 - INFO - ===
2025-02-27 13:54:25 - INFO - Fast Response: {"thought": "I've been observing the discussions, and I still feel Player3 seems suspicious based on their behavior. They haven't contributed much and seem to deflect attention away from themselves. I think it might be a good time to eliminate them.", "vote": "Player3", "uncertainty_score": "0.3"}
2025-02-27 13:54:25 - INFO - Fast Uncertainty: 0.3
2025-02-27 13:54:25 - INFO - ===
2025-02-27 13:54:26 - INFO - Moderator: The player with the most votes is Player3.
2025-02-27 13:54:26 - INFO - Moderator: Player4, you're the witch. Tonight Player3 is eliminated. Would you like to resurrect Player3?
2025-02-27 13:54:26 - INFO - ===
2025-02-27 13:54:26 - INFO - Query: Discussions related to werewolves.
2025-02-27 13:54:26 - INFO - Retrieved similar documents: 
2025-02-27 13:54:26 - INFO - ===
2025-02-27 13:54:28 - INFO - Witch resurrection response: I will not resurrect Player3 because their role remains unclear, and it might give the werewolves an advantage if they're not one of us.
2025-02-27 13:54:28 - INFO - Moderator: The witch has chosen not to resurrect the player.
2025-02-27 13:54:29 - INFO - ===
2025-02-27 13:54:29 - INFO - Query: Discussions related to werewolves.
2025-02-27 13:54:29 - INFO - Retrieved similar documents: Player4: {"thought": "Player3 was eliminated tonight, which raises suspicions. I need to consider whether resurrecting them would benefit our village or if it would risk revealing too much to the werewolves or may even help them.", "speak": "I will not resurrect Player3 because their role remains unclear, and it might give the werewolves an advantage if they're not one of us.", "resurrect": false}
2025-02-27 13:54:29 - INFO - ===
2025-02-27 13:54:31 - INFO - Witch Poison Response: I think we should discuss suspicions and see what everyone is thinking. It's crucial to identify who might be a werewolf together before making any drastic decisions.
2025-02-27 13:54:31 - INFO - The witch has chosen not to poison a player.
2025-02-27 13:54:31 - INFO - Moderator: Player3, you're the seer. Which player in Player1, Player2, Player3 and Player4 would you like to check tonight?
2025-02-27 13:54:31 - INFO - ===
2025-02-27 13:54:31 - INFO - Query: Discussions related to werewolves.
2025-02-27 13:54:31 - INFO - Retrieved similar documents: 
2025-02-27 13:54:31 - INFO - ===
2025-02-27 13:54:32 - INFO - Seer response: Player1
2025-02-27 13:54:32 - INFO - Moderator: Okay, the role of Player1 is a werewolf.
2025-02-27 13:54:33 - INFO - ===
2025-02-27 13:54:33 - INFO - Query: Discussions related to villagers, seer, witch.
2025-02-27 13:54:33 - INFO - Retrieved similar documents: Player1: {"thought": "I need to make sure no one suspects me as a werewolf. I'll deflect attention and try to sow doubt about the others, especially Player3 and Player4, who seem a bit too confident.", "speak": "I think it's really important to look closely at how Player3 and Player4 are acting. They seem to be quite relaxed, maybe too relaxed for villagers. What do you all think of them?", "finish_discussion": "false"}
Player1: {"thought": "I've been observing the discussions, and I still feel Player3 seems suspicious based on their behavior. They haven't contributed much and seem to deflect attention away from themselves. I think it might be a good time to eliminate them.", "vote": "Player3", "uncertainty_score": "0.3"}
2025-02-27 13:54:33 - INFO - ===
2025-02-27 13:54:35 - INFO - ===
2025-02-27 13:54:35 - INFO - Query: Discussions related to werewolves.
2025-02-27 13:54:35 - INFO - Retrieved similar documents: 
2025-02-27 13:54:35 - INFO - ===
2025-02-27 13:54:37 - INFO - ===
2025-02-27 13:54:37 - INFO - Query: Discussions related to werewolves.
2025-02-27 13:54:37 - INFO - Retrieved similar documents: Player4: {"thought": "I need to be cautious with my elimination power. It's important to protect a villager or eliminate a potential werewolf, but I should assess the situation first. I should also consider how others are perceiving me and avoid acting too hastily.", "speak": "I think we should discuss suspicions and see what everyone is thinking. It's crucial to identify who might be a werewolf together before making any drastic decisions.", "eliminate": false}
2025-02-27 13:54:37 - INFO - ===
2025-02-27 13:54:39 - INFO - Survivors Discussion: I think it’s crucial that we all share our thoughts openly. Player2, could you elaborate on your suspicions? It’s important for us to clarify everyone’s positions to make a more informed decision.
2025-02-27 13:54:39 - INFO - Moderator: Given the game rules and your role, based on the situation and the information you gain, to win the game, it's time to vote one player eliminated among the alive players. Which player do you vote to kill?
2025-02-27 13:54:39 - INFO - ===
2025-02-27 13:54:39 - INFO - Query: Discussions related to villagers, seer, witch.
2025-02-27 13:54:39 - INFO - Retrieved similar documents: Player1: {"thought": "I need to make sure no one suspects me as a werewolf. I'll deflect attention and try to sow doubt about the others, especially Player3 and Player4, who seem a bit too confident.", "speak": "I think it's really important to look closely at how Player3 and Player4 are acting. They seem to be quite relaxed, maybe too relaxed for villagers. What do you all think of them?", "finish_discussion": "false"}
Player1: {"thought": "I need to strategize my moves carefully now that there are four players in the game. I must try to observe the behavior of others and figure out who seems suspicious without drawing too much attention to myself. I will focus on subtly directing suspicion towards Player2 while keeping my identity hidden as a werewolf.", "speak": "I've been thinking about how we should approach this. Player2 seems a bit off to me. What do you all think about their actions during the last round?"}
2025-02-27 13:54:39 - INFO - ===
2025-02-27 13:54:40 - INFO - ===
2025-02-27 13:54:40 - INFO - Fast Response: {"thought": "I need to eliminate a player who seems suspicious and could potentially be a werewolf. Based on the previous discussions, Player3 has been acting a bit defensively and hasn't contributed much to identifying the werewolves. My gut feeling tells me Player3 is a higher risk.", "vote": "Player3", "uncertainty_score": "0.2"}
2025-02-27 13:54:40 - INFO - Fast Uncertainty: 0.2
2025-02-27 13:54:40 - INFO - ===
2025-02-27 13:54:41 - INFO - ===
2025-02-27 13:54:41 - INFO - Query: Discussions related to werewolves.
2025-02-27 13:54:41 - INFO - Retrieved similar documents: Player2: {"thought": "Player1 is trying to shift suspicion onto me, which might be a tactic to deflect attention from themselves. We need to stay united and gather more information before deciding on anyone.", "speak": "I understand your concern, Player1, but I think it\u2019s important we look closely at everyone\u2019s actions. Can you tell us what exactly you found suspicious about me?"}
Player2: {"thought": "Player1 is trying to shift suspicion onto me, which might be a tactic to deflect attention from themselves. We need to stay united and gather more information before deciding on anyone.", "speak": "I understand your concern, Player1, but I think it\u2019s important we look closely at everyone\u2019s actions. Can you tell us what exactly you found suspicious about me?"}
2025-02-27 13:54:41 - INFO - ===
2025-02-27 13:54:43 - INFO - ===
2025-02-27 13:54:43 - INFO - Query: Discussions related to werewolves.
2025-02-27 13:54:43 - INFO - Retrieved similar documents: Player4: {"thought": "I need to be cautious with my elimination power. It's important to protect a villager or eliminate a potential werewolf, but I should assess the situation first. I should also consider how others are perceiving me and avoid acting too hastily.", "speak": "I think we should discuss suspicions and see what everyone is thinking. It's crucial to identify who might be a werewolf together before making any drastic decisions.", "eliminate": false}
2025-02-27 13:54:43 - INFO - ===
2025-02-27 13:54:45 - INFO - Moderator: Player1 has been voted out.
2025-02-27 13:54:45 - INFO - Moderator: The game is over. The werewolves have been defeated, and the village is safe once again!
2025-02-27 13:54:45 - INFO - Moderator: The game is over. The werewolves have been defeated, and the village is safe once again!
