{"basefilepath":"logs/fastslow","max_days_per_game":2,"num_games":2,"reflect_before_vectorstore":false,"max_werewolf_discussion_round":3,"similarity_top_k":2,"random_seed":42}
2025-02-27 13:54:45 - INFO - Starting game 1
2025-02-27 13:54:45 - INFO - Moderator: Player1, if you are the only werewolf, eliminate a player. Otherwise, discuss with your teammates and reach an agreement.
2025-02-27 13:54:45 - INFO - Moderator: Player1, if you are the only werewolf, eliminate a player. Otherwise, discuss with your teammates and reach an agreement.
2025-02-27 13:54:45 - INFO - ===
2025-02-27 13:54:45 - INFO - Query: Discussions related to villagers, seer, witch.
2025-02-27 13:54:45 - INFO - Retrieved similar documents: 
2025-02-27 13:54:45 - INFO - ===
2025-02-27 13:54:47 - INFO - Werewolves discussion: I think we should discuss our thoughts on who the werewolves might be. It's important that we all share our suspicions so we can make a decision together.
2025-02-27 13:54:47 - INFO - Moderator: Which player do you vote to kill?
2025-02-27 13:54:47 - INFO - Moderator: Which player do you vote to kill?
2025-02-27 13:54:48 - INFO - ===
2025-02-27 13:54:48 - INFO - Query: Discussions related to villagers, seer, witch.
2025-02-27 13:54:48 - INFO - Retrieved similar documents: Player1: {"thought": "I need to assess the other players' behaviors and arguments to gauge if any of them are acting suspiciously. I should also play along and collaborate with the villagers to avoid drawing attention to myself as a werewolf.", "speak": "I think we should discuss our thoughts on who the werewolves might be. It's important that we all share our suspicions so we can make a decision together.", "finish_discussion": "false"}
Player1: {"thought": "I need to assess the other players' behaviors and arguments to gauge if any of them are acting suspiciously. I should also play along and collaborate with the villagers to avoid drawing attention to myself as a werewolf.", "speak": "I think we should discuss our thoughts on who the werewolves might be. It's important that we all share our suspicions so we can make a decision together.", "finish_discussion": "false"}
2025-02-27 13:54:48 - INFO - ===
2025-02-27 13:54:49 - INFO - ===
2025-02-27 13:54:49 - INFO - Fast Response: {"thought": "I suspect Player2 might be a werewolf based on their behavior during the discussion. They seem to be deflecting attention away from themselves.", "vote": "Player2", "uncertainty_score": "0.3"}
2025-02-27 13:54:49 - INFO - Fast Uncertainty: 0.3
2025-02-27 13:54:49 - INFO - ===
2025-02-27 13:54:49 - INFO - Moderator: The player with the most votes is Player2.
2025-02-27 13:54:49 - INFO - Moderator: Player4, you're the witch. Tonight Player2 is eliminated. Would you like to resurrect Player2?
2025-02-27 13:54:49 - INFO - ===
2025-02-27 13:54:49 - INFO - Query: Discussions related to werewolves.
2025-02-27 13:54:49 - INFO - Retrieved similar documents: 
2025-02-27 13:54:49 - INFO - ===
2025-02-27 13:54:52 - INFO - Witch resurrection response: I choose to resurrect Player2 because they could be an important asset for gathering information and rallying the villagers together to identify the werewolves.
2025-02-27 13:54:52 - INFO - Moderator: The witch has chosen to resurrect the player.
2025-02-27 13:54:52 - INFO - Moderator: Player3, you're the seer. Which player in Player1, Player2, Player3 and Player4 would you like to check tonight?
2025-02-27 13:54:52 - INFO - ===
2025-02-27 13:54:52 - INFO - Query: Discussions related to werewolves.
2025-02-27 13:54:52 - INFO - Retrieved similar documents: 
2025-02-27 13:54:52 - INFO - ===
2025-02-27 13:54:54 - INFO - Seer response: Player1
2025-02-27 13:54:54 - INFO - Moderator: Okay, the role of Player1 is a werewolf.
2025-02-27 13:54:54 - INFO - ===
2025-02-27 13:54:54 - INFO - Query: Discussions related to villagers, seer, witch.
2025-02-27 13:54:54 - INFO - Retrieved similar documents: Player1: {"thought": "I need to assess the other players' behaviors and arguments to gauge if any of them are acting suspiciously. I should also play along and collaborate with the villagers to avoid drawing attention to myself as a werewolf.", "speak": "I think we should discuss our thoughts on who the werewolves might be. It's important that we all share our suspicions so we can make a decision together.", "finish_discussion": "false"}
Player1: {"thought": "I suspect Player2 might be a werewolf based on their behavior during the discussion. They seem to be deflecting attention away from themselves.", "vote": "Player2", "uncertainty_score": "0.3"}
2025-02-27 13:54:54 - INFO - ===
2025-02-27 13:54:56 - INFO - ===
2025-02-27 13:54:56 - INFO - Query: Discussions related to werewolves.
2025-02-27 13:54:56 - INFO - Retrieved similar documents: 
2025-02-27 13:54:56 - INFO - ===
2025-02-27 13:54:59 - INFO - ===
2025-02-27 13:54:59 - INFO - Query: Discussions related to werewolves.
2025-02-27 13:54:59 - INFO - Retrieved similar documents: Moderator: Okay, the role of Player1 is a werewolf.
Player3: {"thought": "I need to gather more information to determine who the werewolves are. I want to check Player1 tonight to see if they are a werewolf or a villager.", "speak": "Player1"}
2025-02-27 13:54:59 - INFO - ===
2025-02-27 13:55:01 - INFO - ===
2025-02-27 13:55:01 - INFO - Query: Discussions related to werewolves.
2025-02-27 13:55:01 - INFO - Retrieved similar documents: Player4: {"thought": "As the witch, I need to strategically decide whether resurrecting Player2 could benefit the villagers. Since it was just the first night, Player2 may have valuable information or alliances that could help us fight against the werewolves. However, my decision should depend on Player2's role and their impact if they were a villager or a werewolf. I also have to consider how the remaining players will react to my decision.", "speak": "I choose to resurrect Player2 because they could be an important asset for gathering information and rallying the villagers together to identify the werewolves.", "resurrect": true}
2025-02-27 13:55:01 - INFO - ===
2025-02-27 13:55:03 - INFO - Survivors Discussion: I agree, Player3. It's important to observe how everyone reacts. I've noticed Player1 has been quite quiet; that could be worth discussing further.
2025-02-27 13:55:03 - INFO - Moderator: Given the game rules and your role, based on the situation and the information you gain, to win the game, it's time to vote one player eliminated among the alive players. Which player do you vote to kill?
2025-02-27 13:55:03 - INFO - ===
2025-02-27 13:55:03 - INFO - Query: Discussions related to villagers, seer, witch.
2025-02-27 13:55:03 - INFO - Retrieved similar documents: Player1: {"thought": "I need to be cautious about the conversations and try to gauge the intentions of Player2, Player3, and Player4. I have to blend in with the villagers while subtly steering the conversation. Since there are two werewolves, I should also think strategically about the votes and potential alliances.", "speak": "I've been thinking about how we can figure out who the werewolves are. Maybe we should share our suspicions and see if anyone's behavior stands out."}
Player1: {"thought": "I need to assess the other players' behaviors and arguments to gauge if any of them are acting suspiciously. I should also play along and collaborate with the villagers to avoid drawing attention to myself as a werewolf.", "speak": "I think we should discuss our thoughts on who the werewolves might be. It's important that we all share our suspicions so we can make a decision together.", "finish_discussion": "false"}
2025-02-27 13:55:03 - INFO - ===
2025-02-27 13:55:05 - INFO - ===
2025-02-27 13:55:05 - INFO - Fast Response: {"thought": "I suspect Player3 based on their earlier behavior and reactions during discussions. They seemed too eager to deflect suspicion and avoid accountability, which is often a tactic of werewolves.", "vote": "Player3", "uncertainty_score": "0.2"}
2025-02-27 13:55:05 - INFO - Fast Uncertainty: 0.2
2025-02-27 13:55:05 - INFO - ===
2025-02-27 13:55:05 - INFO - ===
2025-02-27 13:55:05 - INFO - Query: Discussions related to werewolves.
2025-02-27 13:55:05 - INFO - Retrieved similar documents: Player2: {"thought": "Player1 seems to be encouraging discussion, which is good for the villagers, but I need to remain cautious about everyone's motives. It's still early, and we have to be careful who we trust. I want to see if Player3 or Player4 might have any insights or suspicions as well.", "speak": "I agree, Player1. Sharing our thoughts could help us figure out who might be the werewolves. Player3, Player4, what do you think? Do you have any suspicions yet?"}
Player2: {"thought": "Player1 seems to be encouraging discussion, which is good for the villagers, but I need to remain cautious about everyone's motives. It's still early, and we have to be careful who we trust. I want to see if Player3 or Player4 might have any insights or suspicions as well.", "speak": "I agree, Player1. Sharing our thoughts could help us figure out who might be the werewolves. Player3, Player4, what do you think? Do you have any suspicions yet?"}
2025-02-27 13:55:05 - INFO - ===
2025-02-27 13:55:07 - INFO - ===
2025-02-27 13:55:07 - INFO - Query: Discussions related to werewolves.
2025-02-27 13:55:07 - INFO - Retrieved similar documents: Moderator: Okay, the role of Player1 is a werewolf.
Player3: {"thought": "I need to gather more information to determine who the werewolves are. I want to check Player1 tonight to see if they are a werewolf or a villager.", "speak": "Player1"}
2025-02-27 13:55:07 - INFO - ===
2025-02-27 13:55:09 - INFO - ===
2025-02-27 13:55:09 - INFO - Query: Discussions related to werewolves.
2025-02-27 13:55:09 - INFO - Retrieved similar documents: Player4: {"thought": "As the witch, I need to strategically decide whether resurrecting Player2 could benefit the villagers. Since it was just the first night, Player2 may have valuable information or alliances that could help us fight against the werewolves. However, my decision should depend on Player2's role and their impact if they were a villager or a werewolf. I also have to consider how the remaining players will react to my decision.", "speak": "I choose to resurrect Player2 because they could be an important asset for gathering information and rallying the villagers together to identify the werewolves.", "resurrect": true}
2025-02-27 13:55:09 - INFO - ===
2025-02-27 13:55:15 - INFO - Moderator: Player1 has been voted out.
2025-02-27 13:55:15 - INFO - Moderator: The game is over. The werewolves have been defeated, and the village is safe once again!
2025-02-27 13:55:15 - INFO - Moderator: The game is over. The werewolves have been defeated, and the village is safe once again!
