In this decision-making scenario, Player1, who is presumably a werewolf, formulated and executed a strategic plan to maintain their cover while manipulating group dynamics. The primary goal was to cast doubt on other players and steer votes away from themselves.

Key strategic moves and decisions include:

1. **Hiding Identity**: Player1 aimed to keep their werewolf identity hidden, which is crucial for survival in the game. They did this by engaging in discussions and appearing to be concerned with identifying the werewolf, maintaining their credibility.

2. **Targeting Players**: Player1 skillfully directed suspicion towards Player2 and Player4. They provided reasons that appeared logical and reasonable: Player2's deflection of accusations and inconsistent statements, and Player4's lack of engagement. By building a narrative around their suspicions, Player1 was able to influence the group discussion.

3. **Vote Against Player2**: Ultimately, Player1 decided to vote against Player2, identifying their behavior as most suspicious. This decision reflects a careful calculation—by targeting Player2, they believed it would provide clarity on the situation and potentially reveal further insights based on other players' reactions.

**Implications for Future Strategic Decisions**:

- **Manipulation and Misdirection**: As a strategic lesson, the ability to subtly manipulate and misdirect is a valuable skill. Werewolves should focus on creating plausible arguments that shift suspicion while maintaining their cover.
  
- **Player Behavior Analysis**: Observing player behavior, such as defense strategies or lack of engagement, is crucial. Developing narratives around these behaviors can be a powerful tool in steering group opinion and decisions.

- **Balancing Accusations**: While targeting players, it's important to balance the accusations as too much focus on one person could potentially backfire. Having a backup target (like Player4 in this case) ensures flexibility.

- **Anticipating Reactions**: Predicting how other players will react to accusations can provide further insight into their roles, aiding future decisions. This means strategic players should carefully observe the repercussions of each vote and adjust their strategies accordingly.

This scenario underscores the importance of strategic thinking and psychological manipulation in games like Werewolf, where deception and alliance play pivotal roles in the outcome.
Reflecting on Player1's decisions and strategic maneuvers, several important implications arise for future strategic decisions in the game of Werewolf.

### Key Decisions and Their Importance:
1. **Distraction and Divert Strategy**:
   - Player1 employed a strategy of diversion by initially pointing fingers at Player2, aiming to shift suspicion away from themselves. This move is significant as it demonstrates a common tactic used in social deduction games to maintain self-preservation while diluting focus on one's role.

2. **Targeting Quieter Players**:
   - Player1 highlights the suspicious nature of quiet players, specifically Player4. The decision to vote for Player4 due to their silence is essential, showcasing the strategic importance of gauging player engagement levels. A lack of participation can indicate a player trying to maintain a low profile to avoid suspicion, a classic werewolf tactic.

3. **Balancing Accusations**:
   - By providing arguments against both Player2 and Player4, Player1 balanced accusations. This serves the dual purpose of avoiding tunnel vision on a single target, which could backfire if the target is wrongly accused, and keeps options open if new information arises. It also prevents others from easily pinpointing Player1's potential agenda or alliances.

### Implications for Future Strategic Decisions:
- **Engage with Quiet and Vocal Players Wisely**:
  Quiet players can often hide critical information. It’s vital to strike a balance by engaging quieter members effectively without unnecessarily singling out individuals, which could lead to counter-suspicion or premature elimination of potential allies.

- **Layered Argumentation**:
  Providing multiple angles of argument against different players can offer strategic depth. It allows a player to pivot based on the group's reactions and the evolving game state, maintaining flexibility in strategy.

- **Role of Deflection**:
  Player1's emphasis on others' inconsistencies serves as both a strategic defense and offense. Understanding how to use deflection to protect oneself while gradually steering the group towards one's agenda without raising suspicion is crucial.

- **Complex Value of Silence**:
  While silence is often a red flag, it can also be a way to avoid unnecessary attention. Recognizing when silence stems from strategic restraint versus concealment may enhance decision accuracy. Encouraging quiet players to contribute can also flush out ulterior motives without exposing one's role.

Future strategic planning in Werewolf can benefit from these reflections by incorporating adaptive strategies that account for player engagement dynamics, manage group perceptions wisely, and utilize balanced argumentation to maximize influence without revealing too much information about one's role.