{"basefilepath":"logs/fastslow","max_days_per_game":5,"num_games":20,"reflect_before_vectorstore":true,"max_werewolf_discussion_round":3,"similarity_top_k":2,"random_seed":43}
2025-03-02 00:52:22 - INFO - Starting game 11
2025-03-02 00:52:22 - INFO - Moderator: Player1, if you are the only werewolf, eliminate a player. Otherwise, discuss with your teammates and reach an agreement.
2025-03-02 00:52:22 - INFO - Moderator: Player1, if you are the only werewolf, eliminate a player. Otherwise, discuss with your teammates and reach an agreement.
2025-03-02 00:52:22 - INFO - ===
2025-03-02 00:52:22 - INFO - Query: Discussions related to villagers, seer, witch.
2025-03-02 00:52:22 - INFO - Retrieved similar documents: 
2025-03-02 00:52:22 - INFO - ===
2025-03-02 00:52:23 - INFO - Werewolves discussion: I think it's important that we share any suspicions we have about each other. I've noticed Player2 hasn't said much, which makes me wonder if they're possibly hiding something. What does everyone else think?
2025-03-02 00:52:23 - INFO - Moderator: Which player do you vote to kill?
2025-03-02 00:52:23 - INFO - Moderator: Which player do you vote to kill?
2025-03-02 00:52:23 - INFO - ===
2025-03-02 00:52:23 - INFO - Query: Discussions related to villagers, seer, witch.
2025-03-02 00:52:23 - INFO - Retrieved similar documents: 
2025-03-02 00:52:23 - INFO - ===
2025-03-02 00:52:25 - INFO - ===
2025-03-02 00:52:25 - INFO - Fast Response: {"thought": "I need to eliminate a player who seems suspicious and may be a werewolf. I've observed Player3 being overly quiet and not contributing much to the discussion, which makes them a potential target. However, I\u2019m still unsure as I need more information from the others.", "vote": "Player3", "uncertainty_score": 0.5}
2025-03-02 00:52:25 - INFO - Fast Uncertainty: 0.5
2025-03-02 00:52:25 - INFO - ===
2025-03-02 00:52:28 - INFO - ===
2025-03-02 00:52:28 - INFO - Slow Response: {"thought": "As a werewolf, I need to eliminate a player while trying to remain undetected. The goal is to choose someone who won't draw suspicion towards me or my fellow werewolf. Since it's early in the game and I have no particular insights on who might be the Seer or Witch, I'll choose Player3 to vote out, hoping to create confusion or misdirection.", "vote": "Player3", "uncertainty_score": "0.7"}
2025-03-02 00:52:28 - INFO - ===
2025-03-02 00:52:28 - INFO - Moderator: The player with the most votes is Player3.
2025-03-02 00:52:28 - INFO - Moderator: Player4, you're the witch. Tonight Player3 is eliminated. Would you like to resurrect Player3?
2025-03-02 00:52:28 - INFO - ===
2025-03-02 00:52:28 - INFO - Query: Discussions related to werewolves.
2025-03-02 00:52:28 - INFO - Retrieved similar documents: 
2025-03-02 00:52:28 - INFO - ===
2025-03-02 00:52:30 - INFO - Witch resurrection response: I believe I should resurrect Player3. They might have crucial information that can help us in our discussions against Player1 and Player2. It's important for the villagers to have as much information as possible to identify the werewolves.
2025-03-02 00:52:30 - INFO - Moderator: The witch has chosen to resurrect the player.
2025-03-02 00:52:30 - INFO - Moderator: Player3, you're the seer. Which player in Player1, Player2, Player3 and Player4 would you like to check tonight?
2025-03-02 00:52:30 - INFO - ===
2025-03-02 00:52:30 - INFO - Query: Discussions related to werewolves.
2025-03-02 00:52:30 - INFO - Retrieved similar documents: 
2025-03-02 00:52:30 - INFO - ===
2025-03-02 00:52:31 - INFO - Seer response: Player1
2025-03-02 00:52:31 - INFO - Moderator: Okay, the role of Player1 is a werewolf.
2025-03-02 00:52:42 - INFO - ===
2025-03-02 00:52:42 - INFO - Query: Discussions related to villagers, seer, witch.
2025-03-02 00:52:42 - INFO - Retrieved similar documents: ### Summary of Player1's Decisions

1. **Building Trust and Distracting Suspicion:**
   - Player1 aimed to gain the trust of other players by engaging them in discussion about suspicions, subtly pointing fingers at Player2.
   - Player1 was attempting to divert attention away from themselves and potentially onto Player2 by highlighting Player2’s quietness.

2. **Strategic Targeting as a Werewolf:**
   - Player1, as a werewolf, decided to vote out Player3. This was based on a strategy that aims to avoid drawing suspicion towards themselves or their fellow werewolf.
   - With an uncertainty score of 0.7, Player1 showed some lack of confidence in the choice, indicating the difficulty of selecting a target without raising suspicion.

### Implications for Future Strategic Decisions

1. **Balancing Trust-Building and Suspicion:**
   - Future strategies should consider how to build alliances while effectively shifting suspicion onto others. A more nuanced approach to spreading doubt can help maintain a semblance of honesty.

2. **Target Selection:**
   - The decision to target Player3 reflects the importance of selecting targets that won't implicate the werewolf. However, developing better insights into other players’ roles could improve decision-making. Gathering information through observation or questioning can be beneficial.

3. **Adaptive Communication:**
   - Effective communication and the ability to adapt quickly to the responses of others are crucial. Player1 should have prepared contingencies based on how others reacted to their suggestion about Player2.

4. **Understanding Player Behavior:**
   - Analyzing other players' discussion patterns and behaviors deeply could lead to identifying the Seer or Witch, thus refining crux decisions. 

By considering these implications, future gameplay can involve more complex and calculated strategies. Recognizing that every interaction is a potential data point will enhance overall strategic planning and outcome probabilities.
2025-03-02 00:52:42 - INFO - ===
2025-03-02 00:52:44 - INFO - ===
2025-03-02 00:52:44 - INFO - Query: Discussions related to werewolves.
2025-03-02 00:52:44 - INFO - Retrieved similar documents: 
2025-03-02 00:52:44 - INFO - ===
2025-03-02 00:52:46 - INFO - ===
2025-03-02 00:52:46 - INFO - Query: Discussions related to werewolves.
2025-03-02 00:52:46 - INFO - Retrieved similar documents: Moderator: Okay, the role of Player1 is a werewolf.
Player3: {"thought": "I need to gather information early on to help the villagers. I'm considering checking Player1 tonight, as they seem to have a neutral stance in the discussions so far.", "speak": "Player1"}
2025-03-02 00:52:46 - INFO - ===
2025-03-02 00:52:47 - INFO - ===
2025-03-02 00:52:47 - INFO - Query: Discussions related to werewolves.
2025-03-02 00:52:47 - INFO - Retrieved similar documents: Player4: {"thought": "As the witch, I have a valuable opportunity here. Reviving Player3 could provide us with more information about the game, especially if they are not a werewolf. However, I also need to consider the risk of revealing my identity by resurrecting a player. If Player3 holds information that could help us catch the werewolves, it may be worth the risk.", "speak": "I believe I should resurrect Player3. They might have crucial information that can help us in our discussions against Player1 and Player2. It's important for the villagers to have as much information as possible to identify the werewolves.", "resurrect": true}
2025-03-02 00:52:47 - INFO - ===
2025-03-02 00:52:49 - INFO - Survivors Discussion: I think we should focus on discussing our observations from previous nights. Player1 and Player2, what stood out to you about each other's behavior?
2025-03-02 00:52:49 - INFO - Moderator: Given the game rules and your role, based on the situation and the information you gain, to win the game, it's time to vote one player eliminated among the alive players. Which player do you vote to kill?
2025-03-02 00:52:50 - INFO - ===
2025-03-02 00:52:50 - INFO - Query: Discussions related to villagers, seer, witch.
2025-03-02 00:52:50 - INFO - Retrieved similar documents: ### Summary of Player1's Decisions

1. **Building Trust and Distracting Suspicion:**
   - Player1 aimed to gain the trust of other players by engaging them in discussion about suspicions, subtly pointing fingers at Player2.
   - Player1 was attempting to divert attention away from themselves and potentially onto Player2 by highlighting Player2’s quietness.

2. **Strategic Targeting as a Werewolf:**
   - Player1, as a werewolf, decided to vote out Player3. This was based on a strategy that aims to avoid drawing suspicion towards themselves or their fellow werewolf.
   - With an uncertainty score of 0.7, Player1 showed some lack of confidence in the choice, indicating the difficulty of selecting a target without raising suspicion.

### Implications for Future Strategic Decisions

1. **Balancing Trust-Building and Suspicion:**
   - Future strategies should consider how to build alliances while effectively shifting suspicion onto others. A more nuanced approach to spreading doubt can help maintain a semblance of honesty.

2. **Target Selection:**
   - The decision to target Player3 reflects the importance of selecting targets that won't implicate the werewolf. However, developing better insights into other players’ roles could improve decision-making. Gathering information through observation or questioning can be beneficial.

3. **Adaptive Communication:**
   - Effective communication and the ability to adapt quickly to the responses of others are crucial. Player1 should have prepared contingencies based on how others reacted to their suggestion about Player2.

4. **Understanding Player Behavior:**
   - Analyzing other players' discussion patterns and behaviors deeply could lead to identifying the Seer or Witch, thus refining crux decisions. 

By considering these implications, future gameplay can involve more complex and calculated strategies. Recognizing that every interaction is a potential data point will enhance overall strategic planning and outcome probabilities.
2025-03-02 00:52:50 - INFO - ===
2025-03-02 00:52:51 - INFO - ===
2025-03-02 00:52:51 - INFO - Fast Response: {"thought": "I suspect Player2 is trying to avoid drawing attention with their quietness, so I will vote for them to create some distractions and shift suspicion.", "vote": "Player2", "uncertainty_score": "0.6"}
2025-03-02 00:52:51 - INFO - Fast Uncertainty: 0.6
2025-03-02 00:52:51 - INFO - ===
2025-03-02 00:52:54 - INFO - ===
2025-03-02 00:52:54 - INFO - Slow Response: {"thought": "I'm considering my previous strategy of diverting suspicion towards Player2. Last time, I tried to implicate Player2 due to their quietness, which could still work in my favor. Eliminating a seemingly passive player might arouse less suspicion towards me. However, I need to remain cautious as suspicions can quickly change in this game.", "vote": "Player2", "uncertainty_score": "0.6"}
2025-03-02 00:52:54 - INFO - ===
2025-03-02 00:52:55 - INFO - ===
2025-03-02 00:52:55 - INFO - Query: Discussions related to werewolves.
2025-03-02 00:52:55 - INFO - Retrieved similar documents: Player2: {"thought": "Player1 is pointing out my quietness, which might make me more suspicious. I need to engage more to avoid drawing attention and keep the focus on the werewolves.", "speak": "I've been thinking about that too, Player1. Sometimes it\u2019s tough to gauge what to say when we\u2019re all trying to figure out who the werewolves are. However, I\u2019m here to uncover the truth with all of you."}
Player2: {"thought": "Player1 is pointing out my quietness, which might make me more suspicious. I need to engage more to avoid drawing attention and keep the focus on the werewolves.", "speak": "I've been thinking about that too, Player1. Sometimes it\u2019s tough to gauge what to say when we\u2019re all trying to figure out who the werewolves are. However, I\u2019m here to uncover the truth with all of you."}
2025-03-02 00:52:55 - INFO - ===
2025-03-02 00:52:56 - INFO - ===
2025-03-02 00:52:56 - INFO - Query: Discussions related to werewolves.
2025-03-02 00:52:56 - INFO - Retrieved similar documents: Moderator: Okay, the role of Player1 is a werewolf.
Player3: {"thought": "It's essential that I share my thoughts while also keeping my role as a seer concealed. Player2 seems to be wary but not overly suspecting anyone just yet. I will try to steer the conversation without revealing too much.", "speak": "I think we need to share our observations about each other more. What do you think about Player4's actions during the last discussion?"}
2025-03-02 00:52:56 - INFO - ===
2025-03-02 00:52:58 - INFO - ===
2025-03-02 00:52:58 - INFO - Query: Discussions related to werewolves.
2025-03-02 00:52:58 - INFO - Retrieved similar documents: Player4: {"thought": "I should maintain my role as the witch without revealing too much. It's important to keep my actions subtle and use them strategically. I hope Player3 can provide valuable insight, and I need to advocate for building consensus against the werewolves while not drawing attention to myself.", "speak": "I think we should focus on discussing our observations from previous nights. Player1 and Player2, what stood out to you about each other's behavior?"}
2025-03-02 00:52:58 - INFO - ===
2025-03-02 00:52:59 - INFO - Moderator: Player1 has been voted out.
2025-03-02 00:52:59 - INFO - Moderator: The game is over. The werewolves have been defeated, and the village is safe once again!
2025-03-02 00:52:59 - INFO - Moderator: The game is over. The werewolves have been defeated, and the village is safe once again!
