{"basefilepath":"logs/fastslow","max_days_per_game":5,"num_games":20,"reflect_before_vectorstore":true,"max_werewolf_discussion_round":3,"similarity_top_k":2,"random_seed":43}
2025-03-02 00:53:00 - INFO - Starting game 12
2025-03-02 00:53:00 - INFO - Moderator: Player1, if you are the only werewolf, eliminate a player. Otherwise, discuss with your teammates and reach an agreement.
2025-03-02 00:53:00 - INFO - Moderator: Player1, if you are the only werewolf, eliminate a player. Otherwise, discuss with your teammates and reach an agreement.
2025-03-02 00:53:00 - INFO - ===
2025-03-02 00:53:00 - INFO - Query: Discussions related to villagers, seer, witch.
2025-03-02 00:53:00 - INFO - Retrieved similar documents: 
2025-03-02 00:53:00 - INFO - ===
2025-03-02 00:53:02 - INFO - Werewolves discussion: I think we should discuss who we suspect might be the werewolves. Maybe we can spot some inconsistencies in their stories or actions? What have you all noticed about each other?
2025-03-02 00:53:02 - INFO - Moderator: Which player do you vote to kill?
2025-03-02 00:53:02 - INFO - Moderator: Which player do you vote to kill?
2025-03-02 00:53:02 - INFO - ===
2025-03-02 00:53:02 - INFO - Query: Discussions related to villagers, seer, witch.
2025-03-02 00:53:02 - INFO - Retrieved similar documents: 
2025-03-02 00:53:02 - INFO - ===
2025-03-02 00:53:03 - INFO - ===
2025-03-02 00:53:03 - INFO - Fast Response: {"thought": "I suspect Player2 might be a werewolf based on their inconsistent behavior during our discussions, but I'm not entirely sure about the others either.", "vote": "Player2", "uncertainty_score": 0.4}
2025-03-02 00:53:03 - INFO - Fast Uncertainty: 0.4
2025-03-02 00:53:03 - INFO - ===
2025-03-02 00:53:04 - INFO - ===
2025-03-02 00:53:04 - INFO - Slow Response: {"thought": "I am currently uncertain about which player to vote for. With no players dead yet, there are not many clues or discussions to indicate who might be suspicious.", "vote": "Player2", "uncertainty_score": "0.7"}
2025-03-02 00:53:04 - INFO - ===
2025-03-02 00:53:04 - INFO - Moderator: The player with the most votes is Player2.
2025-03-02 00:53:04 - INFO - Moderator: Player4, you're the witch. Tonight Player2 is eliminated. Would you like to resurrect Player2?
2025-03-02 00:53:04 - INFO - ===
2025-03-02 00:53:04 - INFO - Query: Discussions related to werewolves.
2025-03-02 00:53:04 - INFO - Retrieved similar documents: 
2025-03-02 00:53:04 - INFO - ===
2025-03-02 00:53:07 - INFO - Witch resurrection response: Yes, I want to resurrect Player2 because they might have important information and could help the villagers in determining who the werewolves are.
2025-03-02 00:53:07 - INFO - Moderator: The witch has chosen to resurrect the player.
2025-03-02 00:53:07 - INFO - Moderator: Player3, you're the seer. Which player in Player1, Player2, Player3 and Player4 would you like to check tonight?
2025-03-02 00:53:07 - INFO - ===
2025-03-02 00:53:07 - INFO - Query: Discussions related to werewolves.
2025-03-02 00:53:07 - INFO - Retrieved similar documents: 
2025-03-02 00:53:07 - INFO - ===
2025-03-02 00:53:08 - INFO - Seer response: Player1
2025-03-02 00:53:08 - INFO - Moderator: Okay, the role of Player1 is a werewolf.
2025-03-02 00:53:20 - INFO - ===
2025-03-02 00:53:20 - INFO - Query: Discussions related to villagers, seer, witch.
2025-03-02 00:53:20 - INFO - Retrieved similar documents: In reviewing Player1's decisions and thought processes, several key issues and implications arise for strategic decisions in future games of Werewolf:

1. **Blending In and Observation**: Player1 strategically prioritizes blending in with the villagers, emphasizing the need to observe and integrate naturally into discussions. For future decisions, maintaining an observant role while subtly directing suspicion towards others can be crucial. It can benefit werewolves to remain non-committal in early stages to prevent attracting too much attention.

2. **Information Gathering**: By initiating discussions about suspicions and inconsistencies among players, Player1 aimed to gather information without directly exposing their intentions. This tactic is useful for werewolves to identify potential threats and allies without revealing their agenda. Continued engagement and facilitation of dialogue can be an effective means to control the narrative discreetly.

3. **Decision Making Under Uncertainty**: Faced with uncertain information, Player1 displayed a significant level of uncertainty (score: 0.7) in their voting decision, which indicates a cautious approach. Decisive moves should ideally be balanced with the level of certainty to avoid potential exposure. When evidence is sparse, aligning with the majority can help mitigate the risk of appearing guilty.

4. **Voting Strategy**: Player1 ultimately voted for Player2 without solid conviction as indicated by the uncertainty score. This highlights a future strategic consideration: the importance of consolidating votes based on collective observations or fostering alliances to strengthen one's position. Splitting votes can sometimes work against a player's goal if they do not align with broader suspicion trends.

Moving forward, successful strategies for werewolves should include a focus on creating minor tensions between villagers, capitalizing on vague evidence, and remaining adaptable based on the group's dynamics. Each decision should contribute towards either sowing doubt or deflecting attention away from oneself.
2025-03-02 00:53:20 - INFO - ===
2025-03-02 00:53:22 - INFO - ===
2025-03-02 00:53:22 - INFO - Query: Discussions related to werewolves.
2025-03-02 00:53:22 - INFO - Retrieved similar documents: 
2025-03-02 00:53:22 - INFO - ===
2025-03-02 00:53:24 - INFO - ===
2025-03-02 00:53:24 - INFO - Query: Discussions related to werewolves.
2025-03-02 00:53:24 - INFO - Retrieved similar documents: Moderator: Okay, the role of Player1 is a werewolf.
Player3: {"thought": "I need to gather more information to identify the werewolves. I will check Player1 tonight to see if they are a werewolf or a villager.", "speak": "Player1"}
2025-03-02 00:53:24 - INFO - ===
2025-03-02 00:53:26 - INFO - ===
2025-03-02 00:53:26 - INFO - Query: Discussions related to werewolves.
2025-03-02 00:53:26 - INFO - Retrieved similar documents: Player4: {"thought": "As the witch, I need to think carefully about my actions. Resurrecting Player2 could provide valuable information if they have a special role, but we also have to consider if they might be a werewolf. However, if Player2 is a villager, bringing them back could help us in identifying the werewolves. I believe there's more value in resurrecting them for now.", "speak": "Yes, I want to resurrect Player2 because they might have important information and could help the villagers in determining who the werewolves are.", "resurrect": true}
2025-03-02 00:53:26 - INFO - ===
2025-03-02 00:53:27 - INFO - Survivors Discussion: I agree, Player3. Let's hear what Player2 has to say, as they might have valuable insights.
2025-03-02 00:53:27 - INFO - Moderator: Given the game rules and your role, based on the situation and the information you gain, to win the game, it's time to vote one player eliminated among the alive players. Which player do you vote to kill?
2025-03-02 00:53:27 - INFO - ===
2025-03-02 00:53:27 - INFO - Query: Discussions related to villagers, seer, witch.
2025-03-02 00:53:27 - INFO - Retrieved similar documents: In reviewing Player1's decisions and thought processes, several key issues and implications arise for strategic decisions in future games of Werewolf:

1. **Blending In and Observation**: Player1 strategically prioritizes blending in with the villagers, emphasizing the need to observe and integrate naturally into discussions. For future decisions, maintaining an observant role while subtly directing suspicion towards others can be crucial. It can benefit werewolves to remain non-committal in early stages to prevent attracting too much attention.

2. **Information Gathering**: By initiating discussions about suspicions and inconsistencies among players, Player1 aimed to gather information without directly exposing their intentions. This tactic is useful for werewolves to identify potential threats and allies without revealing their agenda. Continued engagement and facilitation of dialogue can be an effective means to control the narrative discreetly.

3. **Decision Making Under Uncertainty**: Faced with uncertain information, Player1 displayed a significant level of uncertainty (score: 0.7) in their voting decision, which indicates a cautious approach. Decisive moves should ideally be balanced with the level of certainty to avoid potential exposure. When evidence is sparse, aligning with the majority can help mitigate the risk of appearing guilty.

4. **Voting Strategy**: Player1 ultimately voted for Player2 without solid conviction as indicated by the uncertainty score. This highlights a future strategic consideration: the importance of consolidating votes based on collective observations or fostering alliances to strengthen one's position. Splitting votes can sometimes work against a player's goal if they do not align with broader suspicion trends.

Moving forward, successful strategies for werewolves should include a focus on creating minor tensions between villagers, capitalizing on vague evidence, and remaining adaptable based on the group's dynamics. Each decision should contribute towards either sowing doubt or deflecting attention away from oneself.
2025-03-02 00:53:27 - INFO - ===
2025-03-02 00:53:28 - INFO - ===
2025-03-02 00:53:28 - INFO - Fast Response: {"thought": "I need to vote in a way that aligns with the majority while also deflecting suspicion from myself. I've observed the interactions and Player4 seems to be a bit more sus based on vague comments. Voting them out could create tension without drawing attention to myself.", "vote": "Player4", "uncertainty_score": "0.4"}
2025-03-02 00:53:28 - INFO - Fast Uncertainty: 0.4
2025-03-02 00:53:28 - INFO - ===
2025-03-02 00:53:31 - INFO - ===
2025-03-02 00:53:31 - INFO - Slow Response: {"thought": "I should aim to blend in with the others and avoid being suspicious. At this early stage, there's limited information to rely on, so it's crucial to observe the dynamics and participate in discussions. I'll vote for Player2 again based on our previous discussions and to maintain a consistent narrative, but I'm aware that it's mostly a strategic choice rather than a definitive accusation.", "vote": "Player2", "uncertainty_score": "0.8"}
2025-03-02 00:53:31 - INFO - ===
2025-03-02 00:53:31 - INFO - ===
2025-03-02 00:53:31 - INFO - Query: Discussions related to werewolves.
2025-03-02 00:53:31 - INFO - Retrieved similar documents: Player2: {"thought": "I should remain cautious and try to gauge Player1's intentions while also observing Player3 and Player4 for any suspicious behavior.", "speak": "I agree that we should share our thoughts. Personally, I'm feeling a bit uncertain about everyone right now. What do you all think? Any suspicions?"}
Player2: {"thought": "I should remain cautious and try to gauge Player1's intentions while also observing Player3 and Player4 for any suspicious behavior.", "speak": "I agree that we should share our thoughts. Personally, I'm feeling a bit uncertain about everyone right now. What do you all think? Any suspicions?"}
2025-03-02 00:53:31 - INFO - ===
2025-03-02 00:53:33 - INFO - ===
2025-03-02 00:53:33 - INFO - Query: Discussions related to werewolves.
2025-03-02 00:53:33 - INFO - Retrieved similar documents: Moderator: Okay, the role of Player1 is a werewolf.
Player3: {"thought": "I need to gather more information to identify the werewolves. I will check Player1 tonight to see if they are a werewolf or a villager.", "speak": "Player1"}
2025-03-02 00:53:33 - INFO - ===
2025-03-02 00:53:49 - INFO - ===
2025-03-02 00:53:49 - INFO - Query: Discussions related to werewolves.
2025-03-02 00:53:49 - INFO - Retrieved similar documents: Player4: {"thought": "As the witch, I need to think carefully about my actions. Resurrecting Player2 could provide valuable information if they have a special role, but we also have to consider if they might be a werewolf. However, if Player2 is a villager, bringing them back could help us in identifying the werewolves. I believe there's more value in resurrecting them for now.", "speak": "Yes, I want to resurrect Player2 because they might have important information and could help the villagers in determining who the werewolves are.", "resurrect": true}
2025-03-02 00:53:49 - INFO - ===
2025-03-02 00:53:50 - INFO - Moderator: Player1 has been voted out.
2025-03-02 00:53:50 - INFO - Moderator: The game is over. The werewolves have been defeated, and the village is safe once again!
2025-03-02 00:53:50 - INFO - Moderator: The game is over. The werewolves have been defeated, and the village is safe once again!
