{"basefilepath":"logs/fastslow","max_days_per_game":5,"num_games":20,"reflect_before_vectorstore":true,"max_werewolf_discussion_round":3,"similarity_top_k":2,"random_seed":43}
2025-03-02 00:48:49 - INFO - Starting game 6
2025-03-02 00:48:49 - INFO - Moderator: Player1, if you are the only werewolf, eliminate a player. Otherwise, discuss with your teammates and reach an agreement.
2025-03-02 00:48:49 - INFO - Moderator: Player1, if you are the only werewolf, eliminate a player. Otherwise, discuss with your teammates and reach an agreement.
2025-03-02 00:48:49 - INFO - ===
2025-03-02 00:48:49 - INFO - Query: Discussions related to villagers, seer, witch.
2025-03-02 00:48:49 - INFO - Retrieved similar documents: 
2025-03-02 00:48:49 - INFO - ===
2025-03-02 00:48:51 - INFO - Werewolves discussion: I feel like we should discuss who seems the most suspicious. Maybe we should share our thoughts on who we trust and who we don't. What do you all think?
2025-03-02 00:48:51 - INFO - ===
2025-03-02 00:48:51 - INFO - Query: Discussions related to villagers, seer, witch.
2025-03-02 00:48:51 - INFO - Retrieved similar documents: 
2025-03-02 00:48:51 - INFO - ===
2025-03-02 00:48:53 - INFO - Werewolves discussion: I've been thinking about Player2's behavior last round. It seemed a bit off. Has anyone else noticed if Player4 is trying to steer the conversation away from themselves?
2025-03-02 00:48:53 - INFO - Moderator: Which player do you vote to kill?
2025-03-02 00:48:53 - INFO - Moderator: Which player do you vote to kill?
2025-03-02 00:48:53 - INFO - ===
2025-03-02 00:48:53 - INFO - Query: Discussions related to villagers, seer, witch.
2025-03-02 00:48:53 - INFO - Retrieved similar documents: 
2025-03-02 00:48:53 - INFO - ===
2025-03-02 00:48:53 - INFO - ===
2025-03-02 00:48:53 - INFO - Fast Response: {"thought": "I suspect Player2 has been acting suspiciously and might be one of the werewolves. Their behavior during the last discussions raised some red flags for me.", "vote": "Player2", "uncertainty_score": 0.3}
2025-03-02 00:48:53 - INFO - Fast Uncertainty: 0.3
2025-03-02 00:48:53 - INFO - ===
2025-03-02 00:48:56 - INFO - ===
2025-03-02 00:48:56 - INFO - Slow Response: {"thought": "As a werewolf, my objective is to eliminate a villager without drawing suspicion to myself. At this early stage, there's little information, so I need to make a choice that's not too obvious or strategic to avoid suspicion during the day phase.", "vote": "Player3", "uncertainty_score": "0.5"}
2025-03-02 00:48:56 - INFO - ===
2025-03-02 00:48:56 - INFO - Moderator: The player with the most votes is Player3.
2025-03-02 00:48:56 - INFO - Moderator: Player4, you're the witch. Tonight Player3 is eliminated. Would you like to resurrect Player3?
2025-03-02 00:48:56 - INFO - ===
2025-03-02 00:48:56 - INFO - Query: Discussions related to werewolves.
2025-03-02 00:48:56 - INFO - Retrieved similar documents: 
2025-03-02 00:48:56 - INFO - ===
2025-03-02 00:48:58 - INFO - Witch resurrection response: I will not resurrect Player3 because we need to gather more information about who the werewolves might be during the day phase.
2025-03-02 00:48:58 - INFO - Moderator: The witch has chosen not to resurrect the player.
2025-03-02 00:48:59 - INFO - ===
2025-03-02 00:48:59 - INFO - Query: Discussions related to werewolves.
2025-03-02 00:48:59 - INFO - Retrieved similar documents: Player4: {"thought": "I need to carefully consider who could be a potential werewolf. If Player3 is eliminated, I could potentially save them, but it's also necessary to analyze if they might have been a threat.", "speak": "I will not resurrect Player3 because we need to gather more information about who the werewolves might be during the day phase.", "resurrect": false}
2025-03-02 00:48:59 - INFO - ===
2025-03-02 00:49:01 - INFO - Witch Poison Response: I think we should discuss our suspicions before rushing into an elimination. It's crucial for us to have as much information as possible.
2025-03-02 00:49:01 - INFO - The witch has chosen not to poison a player.
2025-03-02 00:49:01 - INFO - Moderator: Player3, you're the seer. Which player in Player1, Player2, Player3 and Player4 would you like to check tonight?
2025-03-02 00:49:01 - INFO - ===
2025-03-02 00:49:01 - INFO - Query: Discussions related to werewolves.
2025-03-02 00:49:01 - INFO - Retrieved similar documents: 
2025-03-02 00:49:01 - INFO - ===
2025-03-02 00:49:03 - INFO - Seer response: Player1
2025-03-02 00:49:03 - INFO - Moderator: Okay, the role of Player1 is a werewolf.
2025-03-02 00:49:13 - INFO - ===
2025-03-02 00:49:13 - INFO - Query: Discussions related to villagers, seer, witch.
2025-03-02 00:49:13 - INFO - Retrieved similar documents: In this round of Werewolf, Player1 is employing a strategy to gather information while maintaining a low profile. Player1 recognizes the importance of deflecting suspicion and subtly guiding the conversation without revealing their werewolf role. By asking open-ended questions, Player1 attempts to expose potential suspicions among the group toward others, specifically targeting Player2 and Player4 for closer scrutiny without making direct accusations.

The key decision made by Player1 involves voting for Player3, which suggests an attempt to eliminate a fellow villager discreetly. The choice of Player3, paired with Player1's stated uncertainty score of 0.5, indicates a calculated risk, showing a moderate confidence level in the decision to target this player without arousing too much suspicion. This decision's implication serves to narrow down possibilities for future rounds.

For future strategic decisions, it's important to consider the following implications:

1. **Information Gathering:** The effectiveness of subtle probing questions in making others reveal their suspicions and thoughts. This could either further suspicion towards innocent players or clear Player1's standing among the group.

2. **Maintaining Low Profile:** Balancing the act of participating enough to avoid suspicion while not revealing too much motive or intent is crucial. This mirrors successful strategies for covertly steering group decisions while blending in.

3. **Target Selection:** While targeting Player3, who might seem less suspicious, serves immediate objectives, future voting should increasingly consider the growing profile of remaining players to avoid self-exposure as numbers dwindle. 

4. **Uncertainty Management:** The uncertainty score indicates a readiness to adapt to the evolving group dynamic. Constantly reassessing and adjusting decisions based on group reactions will be crucial in maintaining a position of influence without detection.

Overall, this strategy could be refined by enhancing observation skills and adapting to the mood and feedback of the other players, ensuring Player1's survival and success in subsequent rounds.
2025-03-02 00:49:13 - INFO - ===
2025-03-02 00:49:20 - INFO - ===
2025-03-02 00:49:20 - INFO - Query: Discussions related to werewolves.
2025-03-02 00:49:20 - INFO - Retrieved similar documents: 
2025-03-02 00:49:20 - INFO - ===
2025-03-02 00:49:22 - INFO - ===
2025-03-02 00:49:22 - INFO - Query: Discussions related to werewolves.
2025-03-02 00:49:22 - INFO - Retrieved similar documents: Player4: {"thought": "I need to consider who might be a werewolf. However, I don't want to make a rash decision without more discussion. It's important to gather insights from the others before deciding on any elimination.", "speak": "I think we should discuss our suspicions before rushing into an elimination. It's crucial for us to have as much information as possible.", "eliminate": false}
2025-03-02 00:49:22 - INFO - ===
2025-03-02 00:49:24 - INFO - Survivors Discussion: I believe we had to eliminate someone to move forward, but we need to be cautious. Let's discuss who we suspect could still be a werewolf.
2025-03-02 00:49:24 - INFO - Moderator: Given the game rules and your role, based on the situation and the information you gain, to win the game, it's time to vote one player eliminated among the alive players. Which player do you vote to kill?
2025-03-02 00:49:24 - INFO - ===
2025-03-02 00:49:24 - INFO - Query: Discussions related to villagers, seer, witch.
2025-03-02 00:49:24 - INFO - Retrieved similar documents: In this round of Werewolf, Player1 is employing a strategy to gather information while maintaining a low profile. Player1 recognizes the importance of deflecting suspicion and subtly guiding the conversation without revealing their werewolf role. By asking open-ended questions, Player1 attempts to expose potential suspicions among the group toward others, specifically targeting Player2 and Player4 for closer scrutiny without making direct accusations.

The key decision made by Player1 involves voting for Player3, which suggests an attempt to eliminate a fellow villager discreetly. The choice of Player3, paired with Player1's stated uncertainty score of 0.5, indicates a calculated risk, showing a moderate confidence level in the decision to target this player without arousing too much suspicion. This decision's implication serves to narrow down possibilities for future rounds.

For future strategic decisions, it's important to consider the following implications:

1. **Information Gathering:** The effectiveness of subtle probing questions in making others reveal their suspicions and thoughts. This could either further suspicion towards innocent players or clear Player1's standing among the group.

2. **Maintaining Low Profile:** Balancing the act of participating enough to avoid suspicion while not revealing too much motive or intent is crucial. This mirrors successful strategies for covertly steering group decisions while blending in.

3. **Target Selection:** While targeting Player3, who might seem less suspicious, serves immediate objectives, future voting should increasingly consider the growing profile of remaining players to avoid self-exposure as numbers dwindle. 

4. **Uncertainty Management:** The uncertainty score indicates a readiness to adapt to the evolving group dynamic. Constantly reassessing and adjusting decisions based on group reactions will be crucial in maintaining a position of influence without detection.

Overall, this strategy could be refined by enhancing observation skills and adapting to the mood and feedback of the other players, ensuring Player1's survival and success in subsequent rounds.
2025-03-02 00:49:24 - INFO - ===
2025-03-02 00:49:26 - INFO - ===
2025-03-02 00:49:26 - INFO - Fast Response: {"thought": "With Player3 already eliminated, I need to decide between Player2 and Player4. Player2 has been more vocal, which could suggest they are a villager, but I must consider the possibility of them being a werewolf trying to mislead me. Player4 has been quieter, which sometimes raises suspicion. Given the current dynamics, I believe it's more strategic to vote for Player2 to reduce any further potential threat.", "vote": "Player2", "uncertainty_score": "0.4"}
2025-03-02 00:49:26 - INFO - Fast Uncertainty: 0.4
2025-03-02 00:49:26 - INFO - ===
2025-03-02 00:49:29 - INFO - ===
2025-03-02 00:49:29 - INFO - Slow Response: {"thought": "At this point, I need to strategically choose a player who might be seen as more suspicious, while balancing the fact that my actions shouldn't draw too much attention to myself. I have been subtly scrutinizing Player2 and Player4. Given that Player4 hasn't drawn significant suspicion and might potentially be important for villagers, focusing on Player2 could be a tactical choice. This decision aligns with the need to eliminate a player who might suspect me if left in the game. I'll push for this vote to subtly influence the outcome.", "vote": "Player2", "uncertainty_score": "0.4"}
2025-03-02 00:49:29 - INFO - ===
2025-03-02 00:49:30 - INFO - ===
2025-03-02 00:49:30 - INFO - Query: Discussions related to werewolves.
2025-03-02 00:49:30 - INFO - Retrieved similar documents: Player2: {"thought": "It's important to gauge how Player1 and Player4 feel about Player3's elimination. Their responses might give me insight into who could be a werewolf. I need to maintain a balance in the conversation and not show too much suspicion yet.", "speak": "I think the vote was difficult, but ultimately necessary. What did you think, Player1? And Player4, do you feel we made the right call?"}
Player2: {"thought": "It's important to gauge how Player1 and Player4 feel about Player3's elimination. Their responses might give me insight into who could be a werewolf. I need to maintain a balance in the conversation and not show too much suspicion yet.", "speak": "I think the vote was difficult, but ultimately necessary. What did you think, Player1? And Player4, do you feel we made the right call?"}
2025-03-02 00:49:30 - INFO - ===
2025-03-02 00:49:31 - INFO - ===
2025-03-02 00:49:31 - INFO - Query: Discussions related to werewolves.
2025-03-02 00:49:31 - INFO - Retrieved similar documents: Player4: {"thought": "I need to consider who might be a werewolf. However, I don't want to make a rash decision without more discussion. It's important to gather insights from the others before deciding on any elimination.", "speak": "I think we should discuss our suspicions before rushing into an elimination. It's crucial for us to have as much information as possible.", "eliminate": false}
2025-03-02 00:49:31 - INFO - ===
2025-03-02 00:49:32 - INFO - Moderator: Player1 has been voted out.
2025-03-02 00:49:32 - INFO - Moderator: The game is over. The werewolves have been defeated, and the village is safe once again!
2025-03-02 00:49:32 - INFO - Moderator: The game is over. The werewolves have been defeated, and the village is safe once again!
