{"basefilepath":"logs/fastslow","max_days_per_game":5,"num_games":20,"reflect_before_vectorstore":true,"max_werewolf_discussion_round":3,"similarity_top_k":2,"random_seed":43}
2025-03-02 00:57:29 - INFO - Starting game 18
2025-03-02 00:57:29 - INFO - Moderator: Player1, if you are the only werewolf, eliminate a player. Otherwise, discuss with your teammates and reach an agreement.
2025-03-02 00:57:29 - INFO - Moderator: Player1, if you are the only werewolf, eliminate a player. Otherwise, discuss with your teammates and reach an agreement.
2025-03-02 00:57:29 - INFO - ===
2025-03-02 00:57:29 - INFO - Query: Discussions related to villagers, seer, witch.
2025-03-02 00:57:29 - INFO - Retrieved similar documents: 
2025-03-02 00:57:29 - INFO - ===
2025-03-02 00:57:30 - INFO - Werewolves discussion: I think we should discuss who seems most suspicious. Player2, do you have any insights or anyone you suspect?
2025-03-02 00:57:30 - INFO - Moderator: Which player do you vote to kill?
2025-03-02 00:57:30 - INFO - Moderator: Which player do you vote to kill?
2025-03-02 00:57:30 - INFO - ===
2025-03-02 00:57:30 - INFO - Query: Discussions related to villagers, seer, witch.
2025-03-02 00:57:30 - INFO - Retrieved similar documents: 
2025-03-02 00:57:30 - INFO - ===
2025-03-02 00:57:32 - INFO - ===
2025-03-02 00:57:32 - INFO - Fast Response: {"thought": "I need to assess who seems most suspicious based on their behavior and statements during the discussions. Player3 has been rather quiet and hasn't contributed much. That could be a strategy to blend in without drawing attention. Therefore, I consider them the best option for this vote.", "vote": "Player3", "uncertainty_score": 0.3}
2025-03-02 00:57:32 - INFO - Fast Uncertainty: 0.3
2025-03-02 00:57:32 - INFO - ===
2025-03-02 00:57:35 - INFO - ===
2025-03-02 00:57:35 - INFO - Slow Response: {"thought": "I need to eliminate someone who is less likely to be a Werewolf, potentially causing distrust among the villagers. However, I have no information yet about who might be a non-Werewolf. It's the first night, so my decision is quite arbitrary. I'll vote for Player2 because their name appeared first after mine.", "vote": "Player2", "uncertainty_score": 0.9}
2025-03-02 00:57:35 - INFO - ===
2025-03-02 00:57:35 - INFO - Moderator: The player with the most votes is Player2.
2025-03-02 00:57:35 - INFO - Moderator: Player4, you're the witch. Tonight Player2 is eliminated. Would you like to resurrect Player2?
2025-03-02 00:57:35 - INFO - ===
2025-03-02 00:57:35 - INFO - Query: Discussions related to werewolves.
2025-03-02 00:57:35 - INFO - Retrieved similar documents: 
2025-03-02 00:57:35 - INFO - ===
2025-03-02 00:57:37 - INFO - Witch resurrection response: I will resurrect Player2, as their presence could help us gather more information and clarify suspicions that have arisen during our discussions.
2025-03-02 00:57:37 - INFO - Moderator: The witch has chosen to resurrect the player.
2025-03-02 00:57:37 - INFO - Moderator: Player3, you're the seer. Which player in Player1, Player2, Player3 and Player4 would you like to check tonight?
2025-03-02 00:57:37 - INFO - ===
2025-03-02 00:57:37 - INFO - Query: Discussions related to werewolves.
2025-03-02 00:57:37 - INFO - Retrieved similar documents: 
2025-03-02 00:57:37 - INFO - ===
2025-03-02 00:57:38 - INFO - Seer response: Player1
2025-03-02 00:57:38 - INFO - Moderator: Okay, the role of Player1 is a werewolf.
2025-03-02 00:57:52 - INFO - ===
2025-03-02 00:57:52 - INFO - Query: Discussions related to villagers, seer, witch.
2025-03-02 00:57:52 - INFO - Retrieved similar documents: This set of decisions highlights the importance of strategic thinking and information gathering in the game of Werewolf. Here's a breakdown of the key points and implications:

1. **Observation and Deflection**: Player1 emphasizes the need to observe behaviors and deflect attention away from themselves. This approach is critical in Werewolf, as it allows players to stay under the radar while assessing who might be allies or threats. However, effective observation requires attention to detail and can be challenging without concrete evidence.

2. **Initiating Discussion**: By prompting Player2 for insights, Player1 actively engages others in discussion, potentially gathering valuable information. Encouraging dialogue is a strategic move as it may reveal inconsistencies or suspicions that can be further analyzed.

3. **Voting Strategy**: The choice to vote arbitrarily for Player2 due to their name order indicates a lack of information during the first night, which is common in Werewolf. This highlights the difficulty players face in making informed decisions early on. Random votes can create tension or distrust but may also initiate conversations that bring useful intelligence to light.

4. **Uncertainty Management**: Player1's high uncertainty score (0.9) reveals their awareness of the unreliable nature of early-game decisions. Acknowledging this uncertainty is important, as it demonstrates self-awareness and a willingness to adapt strategies as new information becomes available.

### Implications for Future Strategic Decisions:

- **Enhanced Information Gathering**: In future rounds, players should focus on refining their ability to read other players' behaviors and use social cues to make more informed decisions rather than relying on arbitrary choices. Establishing patterns or anomalies in behavior can provide insights into players' roles.

- **Risk Management**: Strategies should balance caution with assertiveness, ensuring players do not overly expose themselves while remaining active participants in discussions. Being too passive may lead to suspicion, while excessive accusations without evidence can backfire.

- **Cultivating Alliances**: Building trust with other players can be a double-edged sword. Alliances can provide security, but misplaced trust can be devastating. Future strategies should include ways to test the reliability of alliances without full commitment.

- **Adapting to Changing Dynamics**: As the game progresses, players must be adaptable, allowing new information to shape their strategies. Reassessing earlier decisions in light of new findings can help players adjust their understandings and actions.

Overall, the early stages of Werewolf require a balance between information gathering, social manipulation, and strategic planning. Recognizing the limitations of early-round decisions and managing uncertainty effectively can enhance a player's long-term viability in the game.
2025-03-02 00:57:52 - INFO - ===
2025-03-02 00:57:54 - INFO - ===
2025-03-02 00:57:54 - INFO - Query: Discussions related to werewolves.
2025-03-02 00:57:54 - INFO - Retrieved similar documents: 
2025-03-02 00:57:54 - INFO - ===
2025-03-02 00:57:55 - INFO - ===
2025-03-02 00:57:55 - INFO - Query: Discussions related to werewolves.
2025-03-02 00:57:55 - INFO - Retrieved similar documents: Moderator: Okay, the role of Player1 is a werewolf.
Player3: {"thought": "I need to be strategic in my choice since I can gather crucial information about either a werewolf or a villager. I suspect that Player1 has been acting suspiciously, so I will check Player1 tonight to see their true role.", "speak": "Player1"}
2025-03-02 00:57:55 - INFO - ===
2025-03-02 00:57:58 - INFO - ===
2025-03-02 00:57:58 - INFO - Query: Discussions related to werewolves.
2025-03-02 00:57:58 - INFO - Retrieved similar documents: Player4: {"thought": "Since Player2 was eliminated tonight, it's a critical moment for us. I must consider if protecting Player2 will benefit me and the villagers, or if I should let them remain dead to stir suspicion and possibly find out who the werewolves are. However, Player2's insights could still be valuable in our discussions going forward. Resurrecting them might bring clarity to the situation.", "speak": "I will resurrect Player2, as their presence could help us gather more information and clarify suspicions that have arisen during our discussions.", "resurrect": true}
2025-03-02 00:57:58 - INFO - ===
2025-03-02 00:58:00 - INFO - Survivors Discussion: I believe we should discuss our suspicions openly. Player2, now that you’re back, what do you think about Player1 and Player3's behavior in the last round?
2025-03-02 00:58:00 - INFO - Moderator: Given the game rules and your role, based on the situation and the information you gain, to win the game, it's time to vote one player eliminated among the alive players. Which player do you vote to kill?
2025-03-02 00:58:00 - INFO - ===
2025-03-02 00:58:00 - INFO - Query: Discussions related to villagers, seer, witch.
2025-03-02 00:58:00 - INFO - Retrieved similar documents: This set of decisions highlights the importance of strategic thinking and information gathering in the game of Werewolf. Here's a breakdown of the key points and implications:

1. **Observation and Deflection**: Player1 emphasizes the need to observe behaviors and deflect attention away from themselves. This approach is critical in Werewolf, as it allows players to stay under the radar while assessing who might be allies or threats. However, effective observation requires attention to detail and can be challenging without concrete evidence.

2. **Initiating Discussion**: By prompting Player2 for insights, Player1 actively engages others in discussion, potentially gathering valuable information. Encouraging dialogue is a strategic move as it may reveal inconsistencies or suspicions that can be further analyzed.

3. **Voting Strategy**: The choice to vote arbitrarily for Player2 due to their name order indicates a lack of information during the first night, which is common in Werewolf. This highlights the difficulty players face in making informed decisions early on. Random votes can create tension or distrust but may also initiate conversations that bring useful intelligence to light.

4. **Uncertainty Management**: Player1's high uncertainty score (0.9) reveals their awareness of the unreliable nature of early-game decisions. Acknowledging this uncertainty is important, as it demonstrates self-awareness and a willingness to adapt strategies as new information becomes available.

### Implications for Future Strategic Decisions:

- **Enhanced Information Gathering**: In future rounds, players should focus on refining their ability to read other players' behaviors and use social cues to make more informed decisions rather than relying on arbitrary choices. Establishing patterns or anomalies in behavior can provide insights into players' roles.

- **Risk Management**: Strategies should balance caution with assertiveness, ensuring players do not overly expose themselves while remaining active participants in discussions. Being too passive may lead to suspicion, while excessive accusations without evidence can backfire.

- **Cultivating Alliances**: Building trust with other players can be a double-edged sword. Alliances can provide security, but misplaced trust can be devastating. Future strategies should include ways to test the reliability of alliances without full commitment.

- **Adapting to Changing Dynamics**: As the game progresses, players must be adaptable, allowing new information to shape their strategies. Reassessing earlier decisions in light of new findings can help players adjust their understandings and actions.

Overall, the early stages of Werewolf require a balance between information gathering, social manipulation, and strategic planning. Recognizing the limitations of early-round decisions and managing uncertainty effectively can enhance a player's long-term viability in the game.
2025-03-02 00:58:00 - INFO - ===
2025-03-02 00:58:01 - INFO - ===
2025-03-02 00:58:01 - INFO - Fast Response: {"thought": "I think we should consider voting for Player3. They seem less engaged in discussions, which could be suspicious. However, I still don't have enough evidence to feel confident about this choice.", "vote": "Player3", "uncertainty_score": 0.7}
2025-03-02 00:58:01 - INFO - Fast Uncertainty: 0.7
2025-03-02 00:58:01 - INFO - ===
2025-03-02 00:58:04 - INFO - ===
2025-03-02 00:58:04 - INFO - Slow Response: {"thought": "I need to make a decision with very limited information since it's still early in the game and no players have been eliminated yet. Random voting could help gather more information based on reactions and discussions. Currently, I have no substantial evidence against any player, so I will vote randomly to gauge player reactions. I'll vote for Player3 as it might generate a discussion and give more clues in the future.", "vote": "Player3", "uncertainty_score": 0.9}
2025-03-02 00:58:04 - INFO - ===
2025-03-02 00:58:04 - INFO - ===
2025-03-02 00:58:04 - INFO - Query: Discussions related to werewolves.
2025-03-02 00:58:04 - INFO - Retrieved similar documents: Player2: {"thought": "I need to gauge the reactions and thoughts of others to identify who might be hiding something. Player1 seems to want to lead the discussion, which could be strategic.", "speak": "I agree, Player1. We need to share our observations. Personally, I think we should look carefully at each player's behavior last night."}
Player2: {"thought": "I need to gauge the reactions and thoughts of others to identify who might be hiding something. Player1 seems to want to lead the discussion, which could be strategic.", "speak": "I agree, Player1. We need to share our observations. Personally, I think we should look carefully at each player's behavior last night."}
2025-03-02 00:58:04 - INFO - ===
2025-03-02 00:58:06 - INFO - ===
2025-03-02 00:58:06 - INFO - Query: Discussions related to werewolves.
2025-03-02 00:58:06 - INFO - Retrieved similar documents: Moderator: Okay, the role of Player1 is a werewolf.
Player3: {"thought": "I need to be careful with my words as I already know Player1's true role. I need to steer the conversation without revealing that I know Player1 is a werewolf. I will suggest investigating Player2 or Player4 further to gather more opinions.", "speak": "I think we should consider looking into Player2 and Player4's actions more closely. What do you all think?"}
2025-03-02 00:58:06 - INFO - ===
2025-03-02 00:58:08 - INFO - ===
2025-03-02 00:58:08 - INFO - Query: Discussions related to werewolves.
2025-03-02 00:58:08 - INFO - Retrieved similar documents: Player4: {"thought": "Since Player2 was eliminated tonight, it's a critical moment for us. I must consider if protecting Player2 will benefit me and the villagers, or if I should let them remain dead to stir suspicion and possibly find out who the werewolves are. However, Player2's insights could still be valuable in our discussions going forward. Resurrecting them might bring clarity to the situation.", "speak": "I will resurrect Player2, as their presence could help us gather more information and clarify suspicions that have arisen during our discussions.", "resurrect": true}
2025-03-02 00:58:08 - INFO - ===
2025-03-02 00:58:10 - INFO - Moderator: Player3 has been voted out.
2025-03-02 00:58:19 - INFO - Moderator: Player1, if you are the only werewolf, eliminate a player. Otherwise, discuss with your teammates and reach an agreement.
2025-03-02 00:58:19 - INFO - Moderator: Player1, if you are the only werewolf, eliminate a player. Otherwise, discuss with your teammates and reach an agreement.
2025-03-02 00:58:19 - INFO - ===
2025-03-02 00:58:19 - INFO - Query: Discussions related to villagers, seer, witch.
2025-03-02 00:58:19 - INFO - Retrieved similar documents: In reviewing Player1's decisions, several strategic elements come into play. Initially, Player1 adopts a strategy of observation and cautious engagement. They emphasize the importance of gathering information and staying under the radar while encouraging open discussion among players. This approach is crucial in early rounds as it attempts to gather insights without prematurely revealing one's suspicions or intentions.

Player1's decision to vote randomly, specifically targeting Player3, reflects a tactical move to elicit responses and gauge reactions to assist in uncovering more information about other players' roles. The high uncertainty score indicates Player1's awareness of their limited information and the tentative nature of their decision.

Looking forward, the implications for strategic decisions could include:

1. **Information Gathering:** Continue to prioritize actions that facilitate the collection of information while minimizing exposure to threats. Listening carefully to discussions and analyzing behavior patterns could help deduce player roles more accurately.

2. **Calibrated Risk-Taking:** Player1's strategy of random voting in early game phases is a calculated risk, used to assess others. Future implications could involve recognizing the appropriate timing for such actions and ensuring it does not inadvertently align with werewolf strategies or sow unnecessary discord among villagers.

3. **Communication Strategy:** Promoting dialogue is a theme in Player1's approach. Maintaining this tactic can assist in the transparency of roles and uncovering deceptive behavior but must be balanced to avoid manipulation by antagonists.

4. **Uncertainty Management:** In managing high uncertainty, Player1 takes initial steps without adequate evidence. As the game progresses, the risk profile should adjust, using observed data to inform more targeted decisions.

In essence, Player1's actions are foundational in terms of information-gathering strategy and cautious gameplay. However, balancing open dialogue with circumspect voting will be crucial as the game progresses and stakes rise.
This set of decisions highlights the importance of strategic thinking and information gathering in the game of Werewolf. Here's a breakdown of the key points and implications:

1. **Observation and Deflection**: Player1 emphasizes the need to observe behaviors and deflect attention away from themselves. This approach is critical in Werewolf, as it allows players to stay under the radar while assessing who might be allies or threats. However, effective observation requires attention to detail and can be challenging without concrete evidence.

2. **Initiating Discussion**: By prompting Player2 for insights, Player1 actively engages others in discussion, potentially gathering valuable information. Encouraging dialogue is a strategic move as it may reveal inconsistencies or suspicions that can be further analyzed.

3. **Voting Strategy**: The choice to vote arbitrarily for Player2 due to their name order indicates a lack of information during the first night, which is common in Werewolf. This highlights the difficulty players face in making informed decisions early on. Random votes can create tension or distrust but may also initiate conversations that bring useful intelligence to light.

4. **Uncertainty Management**: Player1's high uncertainty score (0.9) reveals their awareness of the unreliable nature of early-game decisions. Acknowledging this uncertainty is important, as it demonstrates self-awareness and a willingness to adapt strategies as new information becomes available.

### Implications for Future Strategic Decisions:

- **Enhanced Information Gathering**: In future rounds, players should focus on refining their ability to read other players' behaviors and use social cues to make more informed decisions rather than relying on arbitrary choices. Establishing patterns or anomalies in behavior can provide insights into players' roles.

- **Risk Management**: Strategies should balance caution with assertiveness, ensuring players do not overly expose themselves while remaining active participants in discussions. Being too passive may lead to suspicion, while excessive accusations without evidence can backfire.

- **Cultivating Alliances**: Building trust with other players can be a double-edged sword. Alliances can provide security, but misplaced trust can be devastating. Future strategies should include ways to test the reliability of alliances without full commitment.

- **Adapting to Changing Dynamics**: As the game progresses, players must be adaptable, allowing new information to shape their strategies. Reassessing earlier decisions in light of new findings can help players adjust their understandings and actions.

Overall, the early stages of Werewolf require a balance between information gathering, social manipulation, and strategic planning. Recognizing the limitations of early-round decisions and managing uncertainty effectively can enhance a player's long-term viability in the game.
2025-03-02 00:58:19 - INFO - ===
2025-03-02 00:58:21 - INFO - Werewolves discussion: I think we should discuss the elimination of Player3. Did anyone have any suspicions about them before they were voted out? It's important we analyze that to determine who might be the werewolf among us. Player2, Player4, what are your thoughts?
2025-03-02 00:58:21 - INFO - Moderator: Which player do you vote to kill?
2025-03-02 00:58:21 - INFO - Moderator: Which player do you vote to kill?
2025-03-02 00:58:22 - INFO - ===
2025-03-02 00:58:22 - INFO - Query: Discussions related to villagers, seer, witch.
2025-03-02 00:58:22 - INFO - Retrieved similar documents: In reviewing Player1's decisions, several strategic elements come into play. Initially, Player1 adopts a strategy of observation and cautious engagement. They emphasize the importance of gathering information and staying under the radar while encouraging open discussion among players. This approach is crucial in early rounds as it attempts to gather insights without prematurely revealing one's suspicions or intentions.

Player1's decision to vote randomly, specifically targeting Player3, reflects a tactical move to elicit responses and gauge reactions to assist in uncovering more information about other players' roles. The high uncertainty score indicates Player1's awareness of their limited information and the tentative nature of their decision.

Looking forward, the implications for strategic decisions could include:

1. **Information Gathering:** Continue to prioritize actions that facilitate the collection of information while minimizing exposure to threats. Listening carefully to discussions and analyzing behavior patterns could help deduce player roles more accurately.

2. **Calibrated Risk-Taking:** Player1's strategy of random voting in early game phases is a calculated risk, used to assess others. Future implications could involve recognizing the appropriate timing for such actions and ensuring it does not inadvertently align with werewolf strategies or sow unnecessary discord among villagers.

3. **Communication Strategy:** Promoting dialogue is a theme in Player1's approach. Maintaining this tactic can assist in the transparency of roles and uncovering deceptive behavior but must be balanced to avoid manipulation by antagonists.

4. **Uncertainty Management:** In managing high uncertainty, Player1 takes initial steps without adequate evidence. As the game progresses, the risk profile should adjust, using observed data to inform more targeted decisions.

In essence, Player1's actions are foundational in terms of information-gathering strategy and cautious gameplay. However, balancing open dialogue with circumspect voting will be crucial as the game progresses and stakes rise.
This set of decisions highlights the importance of strategic thinking and information gathering in the game of Werewolf. Here's a breakdown of the key points and implications:

1. **Observation and Deflection**: Player1 emphasizes the need to observe behaviors and deflect attention away from themselves. This approach is critical in Werewolf, as it allows players to stay under the radar while assessing who might be allies or threats. However, effective observation requires attention to detail and can be challenging without concrete evidence.

2. **Initiating Discussion**: By prompting Player2 for insights, Player1 actively engages others in discussion, potentially gathering valuable information. Encouraging dialogue is a strategic move as it may reveal inconsistencies or suspicions that can be further analyzed.

3. **Voting Strategy**: The choice to vote arbitrarily for Player2 due to their name order indicates a lack of information during the first night, which is common in Werewolf. This highlights the difficulty players face in making informed decisions early on. Random votes can create tension or distrust but may also initiate conversations that bring useful intelligence to light.

4. **Uncertainty Management**: Player1's high uncertainty score (0.9) reveals their awareness of the unreliable nature of early-game decisions. Acknowledging this uncertainty is important, as it demonstrates self-awareness and a willingness to adapt strategies as new information becomes available.

### Implications for Future Strategic Decisions:

- **Enhanced Information Gathering**: In future rounds, players should focus on refining their ability to read other players' behaviors and use social cues to make more informed decisions rather than relying on arbitrary choices. Establishing patterns or anomalies in behavior can provide insights into players' roles.

- **Risk Management**: Strategies should balance caution with assertiveness, ensuring players do not overly expose themselves while remaining active participants in discussions. Being too passive may lead to suspicion, while excessive accusations without evidence can backfire.

- **Cultivating Alliances**: Building trust with other players can be a double-edged sword. Alliances can provide security, but misplaced trust can be devastating. Future strategies should include ways to test the reliability of alliances without full commitment.

- **Adapting to Changing Dynamics**: As the game progresses, players must be adaptable, allowing new information to shape their strategies. Reassessing earlier decisions in light of new findings can help players adjust their understandings and actions.

Overall, the early stages of Werewolf require a balance between information gathering, social manipulation, and strategic planning. Recognizing the limitations of early-round decisions and managing uncertainty effectively can enhance a player's long-term viability in the game.
2025-03-02 00:58:22 - INFO - ===
2025-03-02 00:58:23 - INFO - ===
2025-03-02 00:58:23 - INFO - Fast Response: {"thought": "Given that Player3 is already dead and it was a random vote, I need to consider which player might be the werewolf based on discussion patterns and past actions. I believe Player2 might have shown more suspicious behavior, so I'll vote for them.", "vote": "Player2", "uncertainty_score": "0.6"}
2025-03-02 00:58:23 - INFO - Fast Uncertainty: 0.6
2025-03-02 00:58:23 - INFO - ===
2025-03-02 00:58:29 - INFO - ===
2025-03-02 00:58:29 - INFO - Slow Response: {"thought": "With Player3 being eliminated, it becomes a crucial moment for us villagers to deduce the identities of the werewolves. Both Player2 and Player4 are still alive, and I must decide who might be the werewolf. I have been observing their behavior and analyzing their statements during previous discussions. Based on the interactions and lack of strong evidence pointing towards one over the other, my decisions are leaning towards Player2 being suspicious. However, this decision is still speculative given the limited interactions.", "vote": "Player2", "uncertainty_score": "0.7"}
2025-03-02 00:58:29 - INFO - ===
2025-03-02 00:58:29 - INFO - Moderator: The player with the most votes is Player2.
2025-03-02 00:58:30 - INFO - ===
2025-03-02 00:58:30 - INFO - Query: Discussions related to werewolves.
2025-03-02 00:58:30 - INFO - Retrieved similar documents: Player4: {"thought": "Since Player2 was eliminated tonight, it's a critical moment for us. I must consider if protecting Player2 will benefit me and the villagers, or if I should let them remain dead to stir suspicion and possibly find out who the werewolves are. However, Player2's insights could still be valuable in our discussions going forward. Resurrecting them might bring clarity to the situation.", "speak": "I will resurrect Player2, as their presence could help us gather more information and clarify suspicions that have arisen during our discussions.", "resurrect": true}
2025-03-02 00:58:30 - INFO - ===
2025-03-02 00:58:31 - INFO - Witch Poison Response: I think we need to focus on discussing what we know about Player3's elimination and any suspicions that have arisen. Let's work together to figure out who the werewolves might be.
2025-03-02 00:58:31 - INFO - The witch has chosen not to poison a player.
2025-03-02 00:58:31 - INFO - Moderator: The werewolves have prevailed and taken over the village. Better luck next time!
