{"basefilepath":"logs/fastslow","max_days_per_game":5,"num_games":20,"reflect_before_vectorstore":true,"max_werewolf_discussion_round":3,"similarity_top_k":2,"random_seed":43}
2025-03-02 00:56:15 - INFO - Starting game 16
2025-03-02 00:56:16 - INFO - Moderator: Player1, if you are the only werewolf, eliminate a player. Otherwise, discuss with your teammates and reach an agreement.
2025-03-02 00:56:16 - INFO - Moderator: Player1, if you are the only werewolf, eliminate a player. Otherwise, discuss with your teammates and reach an agreement.
2025-03-02 00:56:16 - INFO - ===
2025-03-02 00:56:16 - INFO - Query: Discussions related to villagers, seer, witch.
2025-03-02 00:56:16 - INFO - Retrieved similar documents: 
2025-03-02 00:56:16 - INFO - ===
2025-03-02 00:56:17 - INFO - Werewolves discussion: I think we should consider who has been acting suspiciously. Has anyone noticed anything odd about Player2 or Player3?
2025-03-02 00:56:17 - INFO - Moderator: Which player do you vote to kill?
2025-03-02 00:56:17 - INFO - Moderator: Which player do you vote to kill?
2025-03-02 00:56:17 - INFO - ===
2025-03-02 00:56:17 - INFO - Query: Discussions related to villagers, seer, witch.
2025-03-02 00:56:17 - INFO - Retrieved similar documents: 
2025-03-02 00:56:17 - INFO - ===
2025-03-02 00:56:19 - INFO - ===
2025-03-02 00:56:19 - INFO - Fast Response: {"thought": "I suspect Player2 because they've been acting a bit defensive during our discussions, and I'm not sure about their intentions. It's important to make a strategic move before we lose more villagers.", "vote": "Player2", "uncertainty_score": 0.4}
2025-03-02 00:56:19 - INFO - Fast Uncertainty: 0.4
2025-03-02 00:56:19 - INFO - ===
2025-03-02 00:56:21 - INFO - ===
2025-03-02 00:56:21 - INFO - Slow Response: {"thought": "I need to carefully choose a target for elimination, as the aim is to discreetly eliminate a villager while minimizing suspicion. Player2 might be a good choice, due to minimal interactions so far, making it harder for them to defend themselves.", "vote": "Player2", "uncertainty_score": "0.6"}
2025-03-02 00:56:21 - INFO - ===
2025-03-02 00:56:21 - INFO - Moderator: The player with the most votes is Player2.
2025-03-02 00:56:21 - INFO - Moderator: Player4, you're the witch. Tonight Player2 is eliminated. Would you like to resurrect Player2?
2025-03-02 00:56:21 - INFO - ===
2025-03-02 00:56:21 - INFO - Query: Discussions related to werewolves.
2025-03-02 00:56:21 - INFO - Retrieved similar documents: 
2025-03-02 00:56:21 - INFO - ===
2025-03-02 00:56:23 - INFO - Witch resurrection response: I will choose to resurrect Player2, as having them back in the game could provide us with crucial insights, especially if they were a villager or the seer.
2025-03-02 00:56:23 - INFO - Moderator: The witch has chosen to resurrect the player.
2025-03-02 00:56:23 - INFO - Moderator: Player3, you're the seer. Which player in Player1, Player2, Player3 and Player4 would you like to check tonight?
2025-03-02 00:56:23 - INFO - ===
2025-03-02 00:56:23 - INFO - Query: Discussions related to werewolves.
2025-03-02 00:56:23 - INFO - Retrieved similar documents: 
2025-03-02 00:56:23 - INFO - ===
2025-03-02 00:56:24 - INFO - Seer response: Player1
2025-03-02 00:56:24 - INFO - Moderator: Okay, the role of Player1 is a werewolf.
2025-03-02 00:56:36 - INFO - ===
2025-03-02 00:56:36 - INFO - Query: Discussions related to villagers, seer, witch.
2025-03-02 00:56:36 - INFO - Retrieved similar documents: Reflecting on Player1's decisions and strategic thought process, we notice a focus on observing behavior and steering conversations to identify potential werewolves. This approach highlights the importance of maintaining a balance between actively participating in discussions and avoiding drawing suspicion to oneself.

By suggesting others as potential suspects, Player1 attempts to direct attention away from themselves while subtly influencing the group's decision-making process. This tactic can be effective if executed carefully, but it carries the risk of backfiring if other players start noticing the manipulative undertones. Maintaining credibility is key, as being perceived as overly manipulative could paint a target on Player1, especially during elimination rounds.

The decision-making process around choosing Player2 as a target for elimination is based on a strategic assessment of their social standing within the group. Player2's minimal interactions make them an easier target for Player1, as they might lack strong allies to defend them. However, the uncertainty score of 0.6 indicates that Player1 is aware of the potential risks and is weighing the decision carefully.

For future strategic decisions, it's important to:
1. Balance participation with careful observation to establish trust without raising suspicion.
2. Subtly influence discussions while maintaining a neutral or supportive stance.
3. Choose elimination targets based on their social positioning, aiming for those with fewer defenses.
4. Continuously revise strategies based on evolving dynamics and player interactions.

By considering these factors, players can enhance their strategic approach and increase their chances of success in future rounds of the game.
2025-03-02 00:56:36 - INFO - ===
2025-03-02 00:56:38 - INFO - ===
2025-03-02 00:56:38 - INFO - Query: Discussions related to werewolves.
2025-03-02 00:56:38 - INFO - Retrieved similar documents: 
2025-03-02 00:56:38 - INFO - ===
2025-03-02 00:56:40 - INFO - ===
2025-03-02 00:56:40 - INFO - Query: Discussions related to werewolves.
2025-03-02 00:56:40 - INFO - Retrieved similar documents: Moderator: Okay, the role of Player1 is a werewolf.
Player3: {"thought": "I need to gather valuable information about our players to help identify the werewolves. I will check Player1 tonight to see if they are a werewolf or not.", "speak": "Player1"}
2025-03-02 00:56:40 - INFO - ===
2025-03-02 00:56:42 - INFO - ===
2025-03-02 00:56:42 - INFO - Query: Discussions related to werewolves.
2025-03-02 00:56:42 - INFO - Retrieved similar documents: Player4: {"thought": "While Player2 has been eliminated, I must consider whether they might have been a villager or had special abilities. However, since I'm the witch and have the power to resurrect them, it might be strategic to bring them back to gain more information in the upcoming discussion.", "speak": "I will choose to resurrect Player2, as having them back in the game could provide us with crucial insights, especially if they were a villager or the seer.", "resurrect": true}
2025-03-02 00:56:42 - INFO - ===
2025-03-02 00:56:43 - INFO - Survivors Discussion: I agree, Player1 has been acting quite suspiciously lately. We should scrutinize their actions and see if there are any clear signs that indicate they might be a werewolf.
2025-03-02 00:56:43 - INFO - Moderator: Given the game rules and your role, based on the situation and the information you gain, to win the game, it's time to vote one player eliminated among the alive players. Which player do you vote to kill?
2025-03-02 00:56:43 - INFO - ===
2025-03-02 00:56:43 - INFO - Query: Discussions related to villagers, seer, witch.
2025-03-02 00:56:43 - INFO - Retrieved similar documents: Reflecting on Player1's decisions and strategic thought process, we notice a focus on observing behavior and steering conversations to identify potential werewolves. This approach highlights the importance of maintaining a balance between actively participating in discussions and avoiding drawing suspicion to oneself.

By suggesting others as potential suspects, Player1 attempts to direct attention away from themselves while subtly influencing the group's decision-making process. This tactic can be effective if executed carefully, but it carries the risk of backfiring if other players start noticing the manipulative undertones. Maintaining credibility is key, as being perceived as overly manipulative could paint a target on Player1, especially during elimination rounds.

The decision-making process around choosing Player2 as a target for elimination is based on a strategic assessment of their social standing within the group. Player2's minimal interactions make them an easier target for Player1, as they might lack strong allies to defend them. However, the uncertainty score of 0.6 indicates that Player1 is aware of the potential risks and is weighing the decision carefully.

For future strategic decisions, it's important to:
1. Balance participation with careful observation to establish trust without raising suspicion.
2. Subtly influence discussions while maintaining a neutral or supportive stance.
3. Choose elimination targets based on their social positioning, aiming for those with fewer defenses.
4. Continuously revise strategies based on evolving dynamics and player interactions.

By considering these factors, players can enhance their strategic approach and increase their chances of success in future rounds of the game.
2025-03-02 00:56:43 - INFO - ===
2025-03-02 00:56:45 - INFO - ===
2025-03-02 00:56:45 - INFO - Fast Response: {"thought": "I believe Player2 has been less interactive and thus might be an easier target for elimination. They could potentially be a werewolf, but there's also a chance they're a villager. However, their lack of engagement raises my suspicion.", "vote": "Player2", "uncertainty_score": "0.6"}
2025-03-02 00:56:45 - INFO - Fast Uncertainty: 0.6
2025-03-02 00:56:45 - INFO - ===
2025-03-02 00:56:47 - INFO - ===
2025-03-02 00:56:47 - INFO - Slow Response: {"thought": "Considering the dynamics from past rounds, strategically, Player2 might be a good target as their minimal engagement could imply fewer allies to defend them. This decision aims to minimize the risk by targeting someone less likely to cause backlash. However, the lack of definitive evidence about their role introduces uncertainty.", "vote": "Player2", "uncertainty_score": 0.6}
2025-03-02 00:56:47 - INFO - ===
2025-03-02 00:56:47 - INFO - ===
2025-03-02 00:56:47 - INFO - Query: Discussions related to werewolves.
2025-03-02 00:56:47 - INFO - Retrieved similar documents: Player2: {"thought": "Player1 is trying to stir up suspicion against me by highlighting my quietness. This might be a tactic to deflect attention from themselves or another player.", "speak": "I understand your concern, Player1. However, I think we should look at the overall behaviors of everyone. It's not just about silence; we should analyze everyone's actions and statements to identify suspicious behavior."}
Player2: {"thought": "Player1 is trying to stir up suspicion against me by highlighting my quietness. This might be a tactic to deflect attention from themselves or another player.", "speak": "I understand your concern, Player1. However, I think we should look at the overall behaviors of everyone. It's not just about silence; we should analyze everyone's actions and statements to identify suspicious behavior."}
2025-03-02 00:56:47 - INFO - ===
2025-03-02 00:56:49 - INFO - ===
2025-03-02 00:56:49 - INFO - Query: Discussions related to werewolves.
2025-03-02 00:56:49 - INFO - Retrieved similar documents: Moderator: Okay, the role of Player1 is a werewolf.
Player3: {"thought": "I need to convey my information about Player1 being a werewolf and guide the villagers to make the right decision during the discussion.", "speak": "I think we need to focus on Player1 a bit more, as I'm convinced they're a werewolf. We should discuss any behavior that seems off."}
2025-03-02 00:56:49 - INFO - ===
2025-03-02 00:56:50 - INFO - ===
2025-03-02 00:56:50 - INFO - Query: Discussions related to werewolves.
2025-03-02 00:56:50 - INFO - Retrieved similar documents: Player4: {"thought": "It's important to persuade the group to focus on Player1, as I suspect they might be one of the werewolves. I need to gather more evidence and bring attention to any inconsistencies in their behavior.", "speak": "I agree, Player1 has been acting quite suspiciously lately. We should scrutinize their actions and see if there are any clear signs that indicate they might be a werewolf."}
2025-03-02 00:56:50 - INFO - ===
2025-03-02 00:56:52 - INFO - Moderator: Player1 has been voted out.
2025-03-02 00:56:52 - INFO - Moderator: The game is over. The werewolves have been defeated, and the village is safe once again!
2025-03-02 00:56:52 - INFO - Moderator: The game is over. The werewolves have been defeated, and the village is safe once again!
