{"basefilepath":"logs/fastslow","max_days_per_game":5,"num_games":20,"reflect_before_vectorstore":true,"max_werewolf_discussion_round":3,"similarity_top_k":2,"random_seed":43}
2025-03-02 00:44:50 - INFO - Starting game 1
2025-03-02 00:44:50 - INFO - Moderator: Player1, if you are the only werewolf, eliminate a player. Otherwise, discuss with your teammates and reach an agreement.
2025-03-02 00:44:50 - INFO - Moderator: Player1, if you are the only werewolf, eliminate a player. Otherwise, discuss with your teammates and reach an agreement.
2025-03-02 00:44:50 - INFO - ===
2025-03-02 00:44:50 - INFO - Query: Discussions related to villagers, seer, witch.
2025-03-02 00:44:50 - INFO - Retrieved similar documents: 
2025-03-02 00:44:50 - INFO - ===
2025-03-02 00:44:52 - INFO - Werewolves discussion: I think we should consider who has been acting suspiciously. Maybe Player3 has been too quiet lately? They could be trying to fly under the radar. What do you all think?
2025-03-02 00:44:52 - INFO - Moderator: Which player do you vote to kill?
2025-03-02 00:44:52 - INFO - Moderator: Which player do you vote to kill?
2025-03-02 00:44:52 - INFO - ===
2025-03-02 00:44:52 - INFO - Query: Discussions related to villagers, seer, witch.
2025-03-02 00:44:52 - INFO - Retrieved similar documents: 
2025-03-02 00:44:52 - INFO - ===
2025-03-02 00:44:53 - INFO - ===
2025-03-02 00:44:53 - INFO - Fast Response: {"thought": "I suspect Player2 is acting suspiciously and could be a werewolf. Their behavior seems inconsistent with that of a villager.", "vote": "Player2", "uncertainty_score": 0.3}
2025-03-02 00:44:53 - INFO - Fast Uncertainty: 0.3
2025-03-02 00:44:53 - INFO - ===
2025-03-02 00:44:55 - INFO - ===
2025-03-02 00:44:55 - INFO - Slow Response: {"thought": "We are in the night phase. I don't have any significant information right now about which players might pose the biggest threat. I'll vote for Player3 as a starting point, but given that there hasn't been much discussion yet, this vote is highly uncertain.", "vote": "Player3", "uncertainty_score": "0.9"}
2025-03-02 00:44:55 - INFO - ===
2025-03-02 00:44:55 - INFO - Moderator: The player with the most votes is Player3.
2025-03-02 00:44:55 - INFO - Moderator: Player4, you're the witch. Tonight Player3 is eliminated. Would you like to resurrect Player3?
2025-03-02 00:44:55 - INFO - ===
2025-03-02 00:44:55 - INFO - Query: Discussions related to werewolves.
2025-03-02 00:44:55 - INFO - Retrieved similar documents: 
2025-03-02 00:44:55 - INFO - ===
2025-03-02 00:44:57 - INFO - Witch resurrection response: I will resurrect Player3 because their ability to gather information could help us identify the werewolves more quickly.
2025-03-02 00:44:57 - INFO - Moderator: The witch has chosen to resurrect the player.
2025-03-02 00:44:57 - INFO - Moderator: Player3, you're the seer. Which player in Player1, Player2, Player3 and Player4 would you like to check tonight?
2025-03-02 00:44:57 - INFO - ===
2025-03-02 00:44:57 - INFO - Query: Discussions related to werewolves.
2025-03-02 00:44:57 - INFO - Retrieved similar documents: 
2025-03-02 00:44:57 - INFO - ===
2025-03-02 00:44:58 - INFO - Seer response: Player1
2025-03-02 00:44:58 - INFO - Moderator: Okay, the role of Player1 is a werewolf.
2025-03-02 00:45:10 - INFO - ===
2025-03-02 00:45:10 - INFO - Query: Discussions related to villagers, seer, witch.
2025-03-02 00:45:10 - INFO - Retrieved similar documents: **Summary of Decisions:**
1. **Steering Suspicion (Day Phase):** Player1 attempted to shift the group’s focus onto Player3 by suggesting that their quiet behavior was suspicious. This move was an effort to manipulate group dynamics and sow distrust without giving away Player1's identity as a werewolf.

2. **Strategic Voting (Night Phase):** During the night phase, Player1 voted for Player3, not due to substantial evidence but as a starting point, indicating high uncertainty about the threat level of other players.

**Implications for Future Strategies:**
1. **Effective Distrust:** Player1's strategy to create suspicion around quieter players can be effective, especially when there is limited information available. In future games, similar tactics could be adopted to redirect suspicion away from oneself while not appearing overtly aggressive. However, it's crucial to balance this with the risk of being detected if such a strategy consistently targets non-threatening players.

2. **Uncertainty Management:** The acknowledgment of high uncertainty in Player1's night-phase voting suggests that future strategic decisions should involve collecting more rigorous information or insights before forming alliances or targeting players. Utilizing information effectively from roles like the seer or witch can decrease reliance on uncertain decisions.

3. **Subtle Manipulation:** The approach to subtly steer conversations and plant doubt without being aggressive or overt is a valuable skill in maintaining a hidden identity as a werewolf. Future strategies might focus on enhancing this skill to involve more nuanced psychological tactics, such as pinpointing behaviors that resonate with group concerns to strengthen the false narrative.

4. **Balancing Action and Inaction:** Player1’s strategy involved pointing out quietness as suspicious; however, remaining too vocal in targeting others could in itself raise suspicion. Developing a more balanced approach by alternating between aggressiveness and subtlety can be beneficial in maintaining cover amidst evolving group dynamics.
2025-03-02 00:45:10 - INFO - ===
2025-03-02 00:45:12 - INFO - ===
2025-03-02 00:45:12 - INFO - Query: Discussions related to werewolves.
2025-03-02 00:45:12 - INFO - Retrieved similar documents: 
2025-03-02 00:45:12 - INFO - ===
2025-03-02 00:45:13 - INFO - ===
2025-03-02 00:45:13 - INFO - Query: Discussions related to werewolves.
2025-03-02 00:45:13 - INFO - Retrieved similar documents: Moderator: Okay, the role of Player1 is a werewolf.
Player3: {"thought": "I want to check Player1 tonight to see if they are one of the werewolves. Their behavior in discussions has been a bit suspicious.", "speak": "Player1"}
2025-03-02 00:45:13 - INFO - ===
2025-03-02 00:45:15 - INFO - ===
2025-03-02 00:45:15 - INFO - Query: Discussions related to werewolves.
2025-03-02 00:45:15 - INFO - Retrieved similar documents: Player4: {"thought": "It's crucial to keep Player3 alive to gather more information and potentially identify the werewolves, especially since the suspicion in this game is still unclear. If Player3 was eliminated, I should use my potion of life to resurrect them.", "speak": "I will resurrect Player3 because their ability to gather information could help us identify the werewolves more quickly.", "resurrect": true}
2025-03-02 00:45:15 - INFO - ===
2025-03-02 00:45:17 - INFO - Survivors Discussion: That's an interesting perspective, Player3. What specific actions or comments from Player1 have raised your suspicions?
2025-03-02 00:45:17 - INFO - Moderator: Given the game rules and your role, based on the situation and the information you gain, to win the game, it's time to vote one player eliminated among the alive players. Which player do you vote to kill?
2025-03-02 00:45:17 - INFO - ===
2025-03-02 00:45:17 - INFO - Query: Discussions related to villagers, seer, witch.
2025-03-02 00:45:17 - INFO - Retrieved similar documents: **Summary of Decisions:**
1. **Steering Suspicion (Day Phase):** Player1 attempted to shift the group’s focus onto Player3 by suggesting that their quiet behavior was suspicious. This move was an effort to manipulate group dynamics and sow distrust without giving away Player1's identity as a werewolf.

2. **Strategic Voting (Night Phase):** During the night phase, Player1 voted for Player3, not due to substantial evidence but as a starting point, indicating high uncertainty about the threat level of other players.

**Implications for Future Strategies:**
1. **Effective Distrust:** Player1's strategy to create suspicion around quieter players can be effective, especially when there is limited information available. In future games, similar tactics could be adopted to redirect suspicion away from oneself while not appearing overtly aggressive. However, it's crucial to balance this with the risk of being detected if such a strategy consistently targets non-threatening players.

2. **Uncertainty Management:** The acknowledgment of high uncertainty in Player1's night-phase voting suggests that future strategic decisions should involve collecting more rigorous information or insights before forming alliances or targeting players. Utilizing information effectively from roles like the seer or witch can decrease reliance on uncertain decisions.

3. **Subtle Manipulation:** The approach to subtly steer conversations and plant doubt without being aggressive or overt is a valuable skill in maintaining a hidden identity as a werewolf. Future strategies might focus on enhancing this skill to involve more nuanced psychological tactics, such as pinpointing behaviors that resonate with group concerns to strengthen the false narrative.

4. **Balancing Action and Inaction:** Player1’s strategy involved pointing out quietness as suspicious; however, remaining too vocal in targeting others could in itself raise suspicion. Developing a more balanced approach by alternating between aggressiveness and subtlety can be beneficial in maintaining cover amidst evolving group dynamics.
2025-03-02 00:45:17 - INFO - ===
2025-03-02 00:45:19 - INFO - ===
2025-03-02 00:45:19 - INFO - Fast Response: {"thought": "I believe Player3's quiet behavior continues to raise suspicion, and I want to steer the group's vote in that direction. However, there is still some uncertainty about the identities of the other players, especially Player2 and Player4.", "vote": "Player3", "uncertainty_score": "0.3"}
2025-03-02 00:45:19 - INFO - Fast Uncertainty: 0.3
2025-03-02 00:45:19 - INFO - ===
2025-03-02 00:45:21 - INFO - ===
2025-03-02 00:45:21 - INFO - Slow Response: {"thought": "Given the previous strategy to subtly cast doubt on Player3, maintaining this direction seems beneficial. Consistency can help keep suspicion off me while encouraging group distrust where I've already laid groundwork.", "vote": "Player3", "uncertainty_score": 0.4}
2025-03-02 00:45:21 - INFO - ===
2025-03-02 00:45:22 - INFO - ===
2025-03-02 00:45:22 - INFO - Query: Discussions related to werewolves.
2025-03-02 00:45:22 - INFO - Retrieved similar documents: Player2: {"thought": "I find Player3's quietness suspicious. It could be a strategy to avoid drawing attention, which is a common tactic for werewolves.", "speak": "I agree, Player1. Player3 has been quite silent. Maybe they're trying to stay under the radar. We should definitely keep an eye on them."}
Player2: {"thought": "I find Player3's quietness suspicious. It could be a strategy to avoid drawing attention, which is a common tactic for werewolves.", "speak": "I agree, Player1. Player3 has been quite silent. Maybe they're trying to stay under the radar. We should definitely keep an eye on them."}
2025-03-02 00:45:22 - INFO - ===
2025-03-02 00:45:24 - INFO - ===
2025-03-02 00:45:24 - INFO - Query: Discussions related to werewolves.
2025-03-02 00:45:24 - INFO - Retrieved similar documents: Moderator: Okay, the role of Player1 is a werewolf.
Player3: {"thought": "I want to check Player1 tonight to see if they are one of the werewolves. Their behavior in discussions has been a bit suspicious.", "speak": "Player1"}
2025-03-02 00:45:24 - INFO - ===
2025-03-02 00:45:25 - INFO - ===
2025-03-02 00:45:25 - INFO - Query: Discussions related to werewolves.
2025-03-02 00:45:25 - INFO - Retrieved similar documents: Player4: {"thought": "It's crucial to keep Player3 alive to gather more information and potentially identify the werewolves, especially since the suspicion in this game is still unclear. If Player3 was eliminated, I should use my potion of life to resurrect them.", "speak": "I will resurrect Player3 because their ability to gather information could help us identify the werewolves more quickly.", "resurrect": true}
2025-03-02 00:45:25 - INFO - ===
2025-03-02 00:45:27 - INFO - Moderator: Player1 has been voted out.
2025-03-02 00:45:27 - INFO - Moderator: The game is over. The werewolves have been defeated, and the village is safe once again!
2025-03-02 00:45:27 - INFO - Moderator: The game is over. The werewolves have been defeated, and the village is safe once again!
