{"basefilepath":"logs/fastslow","max_days_per_game":5,"num_games":20,"reflect_before_vectorstore":true,"max_werewolf_discussion_round":3,"similarity_top_k":2,"random_seed":43}
2025-03-02 00:50:57 - INFO - Starting game 9
2025-03-02 00:50:57 - INFO - Moderator: Player1, if you are the only werewolf, eliminate a player. Otherwise, discuss with your teammates and reach an agreement.
2025-03-02 00:50:57 - INFO - Moderator: Player1, if you are the only werewolf, eliminate a player. Otherwise, discuss with your teammates and reach an agreement.
2025-03-02 00:50:57 - INFO - ===
2025-03-02 00:50:57 - INFO - Query: Discussions related to villagers, seer, witch.
2025-03-02 00:50:57 - INFO - Retrieved similar documents: 
2025-03-02 00:50:57 - INFO - ===
2025-03-02 00:50:59 - INFO - Werewolves discussion: I've been observing everyone, and I think Player2 seems a bit off with their answers. What do you guys think about Player2?
2025-03-02 00:50:59 - INFO - Moderator: Which player do you vote to kill?
2025-03-02 00:50:59 - INFO - Moderator: Which player do you vote to kill?
2025-03-02 00:50:59 - INFO - ===
2025-03-02 00:50:59 - INFO - Query: Discussions related to villagers, seer, witch.
2025-03-02 00:50:59 - INFO - Retrieved similar documents: 
2025-03-02 00:50:59 - INFO - ===
2025-03-02 00:51:00 - INFO - ===
2025-03-02 00:51:00 - INFO - Fast Response: {"thought": "Player3 has been suspicious lately, raising doubts about their intentions and actions. I believe they might be a werewolf, so I will vote for them to eliminate the threat.", "vote": "Player3", "uncertainty_score": "0.3"}
2025-03-02 00:51:00 - INFO - Fast Uncertainty: 0.3
2025-03-02 00:51:00 - INFO - ===
2025-03-02 00:51:02 - INFO - ===
2025-03-02 00:51:02 - INFO - Slow Response: {"thought": "I need to eliminate a player without giving away my werewolf role. I should target a player who might be less suspicious or who could be a special role.", "vote": "Player3", "uncertainty_score": 0.4}
2025-03-02 00:51:02 - INFO - ===
2025-03-02 00:51:02 - INFO - Moderator: The player with the most votes is Player3.
2025-03-02 00:51:02 - INFO - Moderator: Player4, you're the witch. Tonight Player3 is eliminated. Would you like to resurrect Player3?
2025-03-02 00:51:02 - INFO - ===
2025-03-02 00:51:02 - INFO - Query: Discussions related to werewolves.
2025-03-02 00:51:02 - INFO - Retrieved similar documents: 
2025-03-02 00:51:02 - INFO - ===
2025-03-02 00:51:04 - INFO - Witch resurrection response: I think it's vital to resurrect Player3. They might have valuable insight that can help us identify the werewolves in our next discussions.
2025-03-02 00:51:04 - INFO - Moderator: The witch has chosen to resurrect the player.
2025-03-02 00:51:04 - INFO - Moderator: Player3, you're the seer. Which player in Player1, Player2, Player3 and Player4 would you like to check tonight?
2025-03-02 00:51:04 - INFO - ===
2025-03-02 00:51:04 - INFO - Query: Discussions related to werewolves.
2025-03-02 00:51:04 - INFO - Retrieved similar documents: 
2025-03-02 00:51:04 - INFO - ===
2025-03-02 00:51:05 - INFO - Seer response: Player1
2025-03-02 00:51:05 - INFO - Moderator: Okay, the role of Player1 is a werewolf.
2025-03-02 00:51:17 - INFO - ===
2025-03-02 00:51:17 - INFO - Query: Discussions related to villagers, seer, witch.
2025-03-02 00:51:17 - INFO - Retrieved similar documents: In this situation, Player1, who appears to be the werewolf, is employing a classic strategic move. By creating doubt among the other players, Player1 aims to deflect any suspicion away from themselves and possibly shift the attention and suspicion towards Player2. It’s clear that Player1 is trying to manage the social dynamics by casting suspicion on another player early, hoping to influence the group's perception. This indicates a focus on psychological manipulation, which is key for a werewolf role player.

Strategically, this reveals several implications for future games:
1. **Observation and Analysis**: Successfully identifying who is "off" requires careful observation of other players' behaviors and statements. Moving forward, all participants should work on honing their observational skills to discern genuine inconsistencies from created ones.

2. **Deflecting Suspicion**: Player1's early attempt to sow seeds of doubt reflects a potential pattern or signal used by werewolf players. Other players might incorporate counterstrategies, like setting traps to test loyalty or inconsistencies in Probing discussions more deeply with consistently repeating questions to identify deviations in responses.

3. **Targeting Key Players**: Player1 plans to vote against a player who may possess a special ability. This highlights the importance of protecting potentially crucial roles like the seer or medic. Future players should consider developing strategies for signaling or protecting these roles without exposing them too early.

4. **Uncertainty Management**: With an uncertainty score of 0.4, Player1 takes calculated risks, indicating that players should weigh their decision-making processes less under pressure. Encouraging sharing evaluations with uncertainty can help dilute the influence of any single player's doubt propagation.

In summary, Player1's strategy speaks to essential elements of manipulation, observation, and tactical elimination in Werewolf. Future players can learn to counteract these tactics by fostering open communication, verifying suspicions through repeated questioning, and cautiously analyzing patterns to identify werewolves.
2025-03-02 00:51:17 - INFO - ===
2025-03-02 00:51:19 - INFO - ===
2025-03-02 00:51:19 - INFO - Query: Discussions related to werewolves.
2025-03-02 00:51:19 - INFO - Retrieved similar documents: 
2025-03-02 00:51:19 - INFO - ===
2025-03-02 00:51:21 - INFO - ===
2025-03-02 00:51:21 - INFO - Query: Discussions related to werewolves.
2025-03-02 00:51:21 - INFO - Retrieved similar documents: Moderator: Okay, the role of Player1 is a werewolf.
Player3: {"thought": "I need to gather information to help identify the werewolves. I'll check Player1 tonight to see their role.", "speak": "Player1"}
2025-03-02 00:51:21 - INFO - ===
2025-03-02 00:51:26 - INFO - ===
2025-03-02 00:51:26 - INFO - Query: Discussions related to werewolves.
2025-03-02 00:51:26 - INFO - Retrieved similar documents: Player4: {"thought": "Since I'm the witch, I have a decision to make. I've noticed that Player3's elimination could shift the dynamics of the game. If Player3 is indeed a villager, reviving them may strengthen our chances against the werewolves.", "speak": "I think it's vital to resurrect Player3. They might have valuable insight that can help us identify the werewolves in our next discussions.", "resurrect": true}
2025-03-02 00:51:26 - INFO - ===
2025-03-02 00:51:27 - INFO - Survivors Discussion: While I understand the point about Player1, I think we need to consider everyone's behavior. Let's keep an eye on how Player3 contributes to identifying the werewolves.
2025-03-02 00:51:27 - INFO - Moderator: Given the game rules and your role, based on the situation and the information you gain, to win the game, it's time to vote one player eliminated among the alive players. Which player do you vote to kill?
2025-03-02 00:51:28 - INFO - ===
2025-03-02 00:51:28 - INFO - Query: Discussions related to villagers, seer, witch.
2025-03-02 00:51:28 - INFO - Retrieved similar documents: In this situation, Player1, who appears to be the werewolf, is employing a classic strategic move. By creating doubt among the other players, Player1 aims to deflect any suspicion away from themselves and possibly shift the attention and suspicion towards Player2. It’s clear that Player1 is trying to manage the social dynamics by casting suspicion on another player early, hoping to influence the group's perception. This indicates a focus on psychological manipulation, which is key for a werewolf role player.

Strategically, this reveals several implications for future games:
1. **Observation and Analysis**: Successfully identifying who is "off" requires careful observation of other players' behaviors and statements. Moving forward, all participants should work on honing their observational skills to discern genuine inconsistencies from created ones.

2. **Deflecting Suspicion**: Player1's early attempt to sow seeds of doubt reflects a potential pattern or signal used by werewolf players. Other players might incorporate counterstrategies, like setting traps to test loyalty or inconsistencies in Probing discussions more deeply with consistently repeating questions to identify deviations in responses.

3. **Targeting Key Players**: Player1 plans to vote against a player who may possess a special ability. This highlights the importance of protecting potentially crucial roles like the seer or medic. Future players should consider developing strategies for signaling or protecting these roles without exposing them too early.

4. **Uncertainty Management**: With an uncertainty score of 0.4, Player1 takes calculated risks, indicating that players should weigh their decision-making processes less under pressure. Encouraging sharing evaluations with uncertainty can help dilute the influence of any single player's doubt propagation.

In summary, Player1's strategy speaks to essential elements of manipulation, observation, and tactical elimination in Werewolf. Future players can learn to counteract these tactics by fostering open communication, verifying suspicions through repeated questioning, and cautiously analyzing patterns to identify werewolves.
2025-03-02 00:51:28 - INFO - ===
2025-03-02 00:51:29 - INFO - ===
2025-03-02 00:51:29 - INFO - Fast Response: {"thought": "I believe Player2 is trying to manipulate the group and deflect suspicion. They seem too eager to point fingers at others, which makes me question their role. I think eliminating Player2 would be a strategic move to protect the villagers and possibly uncover more information about the remaining players.", "vote": "Player2", "uncertainty_score": "0.3"}
2025-03-02 00:51:29 - INFO - Fast Uncertainty: 0.3
2025-03-02 00:51:29 - INFO - ===
2025-03-02 00:51:31 - INFO - ===
2025-03-02 00:51:31 - INFO - Slow Response: {"thought": "As the werewolf, my goal is to maintain suspicion away from myself while targeting the villagers. Player2 seems like a potential target to create discord among the remaining players. My strategy is to subtly influence the group's perception to suspect Player2 while minimizing suspicion towards myself.", "vote": "Player2", "uncertainty_score": 0.3}
2025-03-02 00:51:31 - INFO - ===
2025-03-02 00:51:32 - INFO - ===
2025-03-02 00:51:32 - INFO - Query: Discussions related to werewolves.
2025-03-02 00:51:32 - INFO - Retrieved similar documents: Player2: {"thought": "Player1 is trying to divert attention towards me, which can be a strategy used by a werewolf. I need to defend myself and put some suspicion back on Player1.", "speak": "I appreciate your input, Player1. But honestly, I've noticed that you've been rather quick to accuse me. Maybe we should look at your behavior too. What have you done to contribute to our discussions?"}
Player2: {"thought": "Player1 is trying to divert attention towards me, which can be a strategy used by a werewolf. I need to defend myself and put some suspicion back on Player1.", "speak": "I appreciate your input, Player1. But honestly, I've noticed that you've been rather quick to accuse me. Maybe we should look at your behavior too. What have you done to contribute to our discussions?"}
2025-03-02 00:51:32 - INFO - ===
2025-03-02 00:51:33 - INFO - ===
2025-03-02 00:51:33 - INFO - Query: Discussions related to werewolves.
2025-03-02 00:51:33 - INFO - Retrieved similar documents: Moderator: Okay, the role of Player1 is a werewolf.
Player3: {"thought": "I need to be cautious how I approach this. Player1 has been revealed as a werewolf, and I should guide the conversation to ensure we eliminate them without revealing my role.", "speak": "I think it's important to point out that Player1 has been quick to redirect suspicion to others. We should focus on what they've done rather than getting sidetracked."}
2025-03-02 00:51:33 - INFO - ===
2025-03-02 00:51:35 - INFO - ===
2025-03-02 00:51:35 - INFO - Query: Discussions related to werewolves.
2025-03-02 00:51:35 - INFO - Retrieved similar documents: Player4: {"thought": "I notice that Player3 is trying to direct the conversation towards Player1. They might be trying to protect their own identity. I should cautiously evaluate Player3's statements.", "speak": "While I understand the point about Player1, I think we need to consider everyone's behavior. Let's keep an eye on how Player3 contributes to identifying the werewolves."}
2025-03-02 00:51:35 - INFO - ===
2025-03-02 00:51:37 - INFO - Moderator: Player1 has been voted out.
2025-03-02 00:51:37 - INFO - Moderator: The game is over. The werewolves have been defeated, and the village is safe once again!
2025-03-02 00:51:37 - INFO - Moderator: The game is over. The werewolves have been defeated, and the village is safe once again!
