{"basefilepath":"logs/fastslow","max_days_per_game":5,"num_games":20,"reflect_before_vectorstore":true,"max_werewolf_discussion_round":3,"similarity_top_k":2,"random_seed":43}
2025-03-02 00:53:51 - INFO - Starting game 13
2025-03-02 00:53:51 - INFO - Moderator: Player1, if you are the only werewolf, eliminate a player. Otherwise, discuss with your teammates and reach an agreement.
2025-03-02 00:53:51 - INFO - Moderator: Player1, if you are the only werewolf, eliminate a player. Otherwise, discuss with your teammates and reach an agreement.
2025-03-02 00:53:51 - INFO - ===
2025-03-02 00:53:51 - INFO - Query: Discussions related to villagers, seer, witch.
2025-03-02 00:53:51 - INFO - Retrieved similar documents: 
2025-03-02 00:53:51 - INFO - ===
2025-03-02 00:53:52 - INFO - Werewolves discussion: I think we should start by discussing who we each suspect might be a werewolf. I've noticed a few things that might be pertinent. What do you all think?
2025-03-02 00:53:52 - INFO - Moderator: Which player do you vote to kill?
2025-03-02 00:53:52 - INFO - Moderator: Which player do you vote to kill?
2025-03-02 00:53:52 - INFO - ===
2025-03-02 00:53:52 - INFO - Query: Discussions related to villagers, seer, witch.
2025-03-02 00:53:52 - INFO - Retrieved similar documents: 
2025-03-02 00:53:52 - INFO - ===
2025-03-02 00:53:53 - INFO - ===
2025-03-02 00:53:53 - INFO - Fast Response: {"thought": "I'm trying to assess who might be a werewolf based on the discussions we've been having. I suspect Player3 might be a werewolf due to some vague comments they made earlier that seemed defensive.", "vote": "Player3", "uncertainty_score": 0.3}
2025-03-02 00:53:53 - INFO - Fast Uncertainty: 0.3
2025-03-02 00:53:53 - INFO - ===
2025-03-02 00:53:57 - INFO - ===
2025-03-02 00:53:57 - INFO - Slow Response: {"thought": "As a werewolf, I need to strategically decide who to eliminate without revealing my identity. I should consider eliminating a player who is likely to have a special role, such as the Seer or Witch, or someone who is good at deduction. However, I want to create doubt and confusion among the villagers. Eliminating Player2 might create suspicion among Player3 and Player4, who could start blaming each other.", "vote": "Player2", "uncertainty_score": 0.3}
2025-03-02 00:53:57 - INFO - ===
2025-03-02 00:53:57 - INFO - Moderator: The player with the most votes is Player2.
2025-03-02 00:53:57 - INFO - Moderator: Player4, you're the witch. Tonight Player2 is eliminated. Would you like to resurrect Player2?
2025-03-02 00:53:57 - INFO - ===
2025-03-02 00:53:57 - INFO - Query: Discussions related to werewolves.
2025-03-02 00:53:57 - INFO - Retrieved similar documents: 
2025-03-02 00:53:57 - INFO - ===
2025-03-02 00:53:58 - INFO - Witch resurrection response: I choose to resurrect Player2 because having another player alive could provide us with more information on the roles and we might have a better chance of identifying the werewolves.
2025-03-02 00:53:58 - INFO - Moderator: The witch has chosen to resurrect the player.
2025-03-02 00:53:58 - INFO - Moderator: Player3, you're the seer. Which player in Player1, Player2, Player3 and Player4 would you like to check tonight?
2025-03-02 00:53:58 - INFO - ===
2025-03-02 00:53:58 - INFO - Query: Discussions related to werewolves.
2025-03-02 00:53:58 - INFO - Retrieved similar documents: 
2025-03-02 00:53:58 - INFO - ===
2025-03-02 00:53:59 - INFO - Seer response: Player1
2025-03-02 00:53:59 - INFO - Moderator: Okay, the role of Player1 is a werewolf.
2025-03-02 00:54:09 - INFO - ===
2025-03-02 00:54:09 - INFO - Query: Discussions related to villagers, seer, witch.
2025-03-02 00:54:09 - INFO - Retrieved similar documents: In reviewing Player1's decisions, we see a multi-layered strategic approach combining proactive information gathering and deceptive elimination tactics. Player1 initially appears to genuinely engage in discussion, encouraging others to share their suspicions. This could be interpreted as either a genuine effort to unearth the werewolves or a calculated maneuver to gauge the suspicions of others, allowing Player1 to navigate the social dynamics more effectively. It's an essential strategy for blending in as a villager, especially if playing the werewolf role.

The implication of Player1's thought process as a werewolf - targeting an influential player to sow confusion and doubt among survivors - reveals the importance of subtlety in decision-making. By opting to eliminate Player2, interpreted as potential asset or threat to the werewolf factions such as the Seer or Witch, Player1 aims to remove strong decision-makers who could potentially sway the group's opinion.

The 0.3 uncertainty score reflects a moderate level of confidence in this choice, suggesting Player1 weighed the risk and reward of framing others. This decision is crucial as it shapes subsequent interactions and suspicions between remaining players.

For future strategic decisions, key implications can be drawn:

1. **Role Blending:** Players, especially werewolves, should consistently remain observant and engage the group dynamically to mimic villager behavior, thus avoiding suspicion.

2. **Threat Prioritization:** Identifying and eliminating key threat players such as those with special abilities or strong deduction skills is vital for werewolves.

3. **Creating Doubt:** Strategically targeting and eliminating certain players can effectively damage relationships and create infighting, delaying collective action against the werewolves.

These elements point towards the complexity of role-play dynamics in Werewolf, emphasizing the need for awareness, tactical decision-making, and psychological acumen in guiding successful gameplay outcomes.
2025-03-02 00:54:09 - INFO - ===
2025-03-02 00:54:12 - INFO - ===
2025-03-02 00:54:12 - INFO - Query: Discussions related to werewolves.
2025-03-02 00:54:12 - INFO - Retrieved similar documents: 
2025-03-02 00:54:12 - INFO - ===
2025-03-02 00:54:14 - INFO - ===
2025-03-02 00:54:14 - INFO - Query: Discussions related to werewolves.
2025-03-02 00:54:14 - INFO - Retrieved similar documents: Moderator: Okay, the role of Player1 is a werewolf.
Player3: {"thought": "I need to gather information to identify the werewolves. I will check Player1 tonight to assess their role.", "speak": "Player1"}
2025-03-02 00:54:14 - INFO - ===
2025-03-02 00:54:21 - INFO - ===
2025-03-02 00:54:21 - INFO - Query: Discussions related to werewolves.
2025-03-02 00:54:22 - INFO - Retrieved similar documents: Player4: {"thought": "I need to think strategically since Player2 is eliminated. Resurrecting them could potentially give us important insights, especially if they have a special role, but I need to assess the situation.", "speak": "I choose to resurrect Player2 because having another player alive could provide us with more information on the roles and we might have a better chance of identifying the werewolves.", "resurrect": true}
2025-03-02 00:54:22 - INFO - ===
2025-03-02 00:54:23 - INFO - Survivors Discussion: I think we should take a closer look at Player1's behavior. If Player3 is accusing Player1, we might need to emphasize that suspicion and see if Player1 can defend themselves.
2025-03-02 00:54:23 - INFO - Moderator: Given the game rules and your role, based on the situation and the information you gain, to win the game, it's time to vote one player eliminated among the alive players. Which player do you vote to kill?
2025-03-02 00:54:24 - INFO - ===
2025-03-02 00:54:24 - INFO - Query: Discussions related to villagers, seer, witch.
2025-03-02 00:54:24 - INFO - Retrieved similar documents: In reviewing Player1's decisions, we see a multi-layered strategic approach combining proactive information gathering and deceptive elimination tactics. Player1 initially appears to genuinely engage in discussion, encouraging others to share their suspicions. This could be interpreted as either a genuine effort to unearth the werewolves or a calculated maneuver to gauge the suspicions of others, allowing Player1 to navigate the social dynamics more effectively. It's an essential strategy for blending in as a villager, especially if playing the werewolf role.

The implication of Player1's thought process as a werewolf - targeting an influential player to sow confusion and doubt among survivors - reveals the importance of subtlety in decision-making. By opting to eliminate Player2, interpreted as potential asset or threat to the werewolf factions such as the Seer or Witch, Player1 aims to remove strong decision-makers who could potentially sway the group's opinion.

The 0.3 uncertainty score reflects a moderate level of confidence in this choice, suggesting Player1 weighed the risk and reward of framing others. This decision is crucial as it shapes subsequent interactions and suspicions between remaining players.

For future strategic decisions, key implications can be drawn:

1. **Role Blending:** Players, especially werewolves, should consistently remain observant and engage the group dynamically to mimic villager behavior, thus avoiding suspicion.

2. **Threat Prioritization:** Identifying and eliminating key threat players such as those with special abilities or strong deduction skills is vital for werewolves.

3. **Creating Doubt:** Strategically targeting and eliminating certain players can effectively damage relationships and create infighting, delaying collective action against the werewolves.

These elements point towards the complexity of role-play dynamics in Werewolf, emphasizing the need for awareness, tactical decision-making, and psychological acumen in guiding successful gameplay outcomes.
2025-03-02 00:54:24 - INFO - ===
2025-03-02 00:54:25 - INFO - ===
2025-03-02 00:54:25 - INFO - Fast Response: {"thought": "Player2 seems to be a potential threat due to his strong presence in discussions. Eliminating him could help sow confusion among the remaining players as they might turn their suspicion on each other. I need to be cautious, though, because if I'm wrong, it could backfire.", "vote": "Player2", "uncertainty_score": 0.3}
2025-03-02 00:54:25 - INFO - Fast Uncertainty: 0.3
2025-03-02 00:54:25 - INFO - ===
2025-03-02 00:54:29 - INFO - ===
2025-03-02 00:54:29 - INFO - Slow Response: {"thought": "At this stage, with no one dead yet and little concrete evidence, I aim to strategically vote for Player2. My reasoning is to sow discord and potentially target a player who might have special abilities like the Seer or Witch, making them a greater threat to me as a werewolf if they align with other players. This decision is also part of blending into group dynamics, which serves as a smokescreen.", "vote": "Player2", "uncertainty_score": "0.5"}
2025-03-02 00:54:29 - INFO - ===
2025-03-02 00:54:29 - INFO - ===
2025-03-02 00:54:29 - INFO - Query: Discussions related to werewolves.
2025-03-02 00:54:29 - INFO - Retrieved similar documents: Player2: {"thought": "Player1 is right; we need to analyze everyone's behavior. Player3 being quiet could be a potential red flag. However, I need to observe how Player4 reacts to this discussion as well.", "speak": "I agree with you, Player1. Player3 has been quite quiet. What do you think, Player4? Do you suspect anyone?"}
Player2: {"thought": "Player1 is right; we need to analyze everyone's behavior. Player3 being quiet could be a potential red flag. However, I need to observe how Player4 reacts to this discussion as well.", "speak": "I agree with you, Player1. Player3 has been quite quiet. What do you think, Player4? Do you suspect anyone?"}
2025-03-02 00:54:29 - INFO - ===
2025-03-02 00:54:31 - INFO - ===
2025-03-02 00:54:31 - INFO - Query: Discussions related to werewolves.
2025-03-02 00:54:31 - INFO - Retrieved similar documents: Moderator: Okay, the role of Player1 is a werewolf.
Player3: {"thought": "I need to gather information to identify the werewolves. I will check Player1 tonight to assess their role.", "speak": "Player1"}
2025-03-02 00:54:31 - INFO - ===
2025-03-02 00:54:39 - INFO - ===
2025-03-02 00:54:39 - INFO - Query: Discussions related to werewolves.
2025-03-02 00:54:39 - INFO - Retrieved similar documents: Player4: {"thought": "I need to navigate this discussion carefully to ensure we target the actual werewolves and avoid making mistakes. Player1's accusation could be a tactic to divert attention.", "speak": "I think we should take a closer look at Player1's behavior. If Player3 is accusing Player1, we might need to emphasize that suspicion and see if Player1 can defend themselves."}
2025-03-02 00:54:39 - INFO - ===
2025-03-02 00:54:40 - INFO - Moderator: Player1 has been voted out.
2025-03-02 00:54:40 - INFO - Moderator: The game is over. The werewolves have been defeated, and the village is safe once again!
2025-03-02 00:54:40 - INFO - Moderator: The game is over. The werewolves have been defeated, and the village is safe once again!
