{"basefilepath":"logs/fastslow","max_days_per_game":5,"num_games":20,"reflect_before_vectorstore":true,"max_werewolf_discussion_round":3,"similarity_top_k":2,"random_seed":43}
2025-03-02 00:55:22 - INFO - Starting game 15
2025-03-02 00:55:22 - INFO - Moderator: Player1, if you are the only werewolf, eliminate a player. Otherwise, discuss with your teammates and reach an agreement.
2025-03-02 00:55:22 - INFO - Moderator: Player1, if you are the only werewolf, eliminate a player. Otherwise, discuss with your teammates and reach an agreement.
2025-03-02 00:55:22 - INFO - ===
2025-03-02 00:55:22 - INFO - Query: Discussions related to villagers, seer, witch.
2025-03-02 00:55:22 - INFO - Retrieved similar documents: 
2025-03-02 00:55:22 - INFO - ===
2025-03-02 00:55:34 - INFO - Werewolves discussion: I think we should consider our options carefully. We need to focus on who has been acting suspiciously. I haven't seen anything out of the ordinary from Player2 or Player3, but Player4's recent comments were a bit off.
2025-03-02 00:55:34 - INFO - Moderator: Which player do you vote to kill?
2025-03-02 00:55:34 - INFO - Moderator: Which player do you vote to kill?
2025-03-02 00:55:34 - INFO - ===
2025-03-02 00:55:34 - INFO - Query: Discussions related to villagers, seer, witch.
2025-03-02 00:55:34 - INFO - Retrieved similar documents: 
2025-03-02 00:55:34 - INFO - ===
2025-03-02 00:55:35 - INFO - ===
2025-03-02 00:55:35 - INFO - Fast Response: {"thought": "I need to consider who might be a werewolf based on their behavior in discussions. I suspect Player3 might be trying to mislead the group.", "vote": "Player3", "uncertainty_score": "0.4"}
2025-03-02 00:55:35 - INFO - Fast Uncertainty: 0.4
2025-03-02 00:55:35 - INFO - ===
2025-03-02 00:55:37 - INFO - ===
2025-03-02 00:55:37 - INFO - Slow Response: {"thought": "As a werewolf, I strategically need to eliminate a player that will cause the least suspicion on myself and my partner. Without any concrete evidence from players' behaviors yet, I'll attempt to reduce the number of villagers.", "vote": "Player4", "uncertainty_score": "0.7"}
2025-03-02 00:55:37 - INFO - ===
2025-03-02 00:55:37 - INFO - Moderator: The player with the most votes is Player4.
2025-03-02 00:55:37 - INFO - Moderator: Player4, you're the witch. Tonight Player4 is eliminated. Would you like to resurrect Player4?
2025-03-02 00:55:37 - INFO - ===
2025-03-02 00:55:37 - INFO - Query: Discussions related to werewolves.
2025-03-02 00:55:37 - INFO - Retrieved similar documents: 
2025-03-02 00:55:37 - INFO - ===
2025-03-02 00:55:45 - INFO - Witch resurrection response: Since I can't resurrect myself, I will not take any action to resurrect tonight.
2025-03-02 00:55:45 - INFO - Moderator: The witch has chosen not to resurrect the player.
2025-03-02 00:55:46 - INFO - ===
2025-03-02 00:55:46 - INFO - Query: Discussions related to werewolves.
2025-03-02 00:55:46 - INFO - Retrieved similar documents: Player4: {"thought": "As the witch, I need to be strategic about using my powers. With Player4 being eliminated, it's critical to assess whether they played a key role or had valuable information. However, I can't resurrect myself, so I won't use my potion of life on myself. I also need to consider how to influence the game positively for the villagers.", "speak": "Since I can't resurrect myself, I will not take any action to resurrect tonight.", "resurrect": false}
2025-03-02 00:55:46 - INFO - ===
2025-03-02 00:55:47 - INFO - Witch Poison Response: I think we should discuss our suspicions more before rushing to any elimination. Let's hear everyone's thoughts!
2025-03-02 00:55:47 - INFO - The witch has chosen not to poison a player.
2025-03-02 00:55:47 - INFO - Moderator: Player3, you're the seer. Which player in Player1, Player2, Player3 and Player4 would you like to check tonight?
2025-03-02 00:55:47 - INFO - ===
2025-03-02 00:55:47 - INFO - Query: Discussions related to werewolves.
2025-03-02 00:55:47 - INFO - Retrieved similar documents: 
2025-03-02 00:55:47 - INFO - ===
2025-03-02 00:55:48 - INFO - Seer response: Player1
2025-03-02 00:55:48 - INFO - Moderator: Okay, the role of Player1 is a werewolf.
2025-03-02 00:56:00 - INFO - ===
2025-03-02 00:56:00 - INFO - Query: Discussions related to villagers, seer, witch.
2025-03-02 00:56:00 - INFO - Retrieved similar documents: In this scenario, Player1, acting as a werewolf, navigated the social dynamics by attempting to deflect suspicion onto Player4. This strategy involved portraying a sense of collaboration and caution publicly while internally focusing on reducing the number of villagers discreetly. Player1's statement was crafted to appear aligned with the group's interests, subtly suggesting Player4 as an alternative suspect without committing too harshly, hence the high uncertainty score of 0.7.

This situation highlights several strategic implications for future decisions in similar circumstances:

1. **Balancing Trust and Suspicion**: Maintaining the right balance between aligning with group suspicions and subtly deflecting suspicion is critical. Overemphasizing an incorrect target might lead to group suspicion falling back on the initiator.

2. **Managing Uncertainty**: Player1's uncertainty score indicates a recognition of incomplete information, which is crucial for adapting strategies as new evidence or behaviors emerge. Future decisions should allow flexibility to adapt to the evolving dynamics.

3. **Opportunistic Alliances**: Building a narrative that leverages temporary alliances can be beneficial. By suggesting doubt towards Player4, Player1 seeks to manipulate collective thinking while remaining non-committal, ensuring flexibility in allegiance.

4. **Subtle Misdirection**: Subtly guiding the group's attention towards others, without being overtly accusatory, is an effective tactic for werewolves. Future strategies should emphasize subtlety and indirect influence when attempting to shift group focus.

5. **Risk Management**: The decision to vote against Player4 was based on reducing numbers rather than a confident read on behaviors, highlighting the importance of risk assessment in ambiguous situations. Future strategies should incorporate contingency planning for potential fallout if the chosen target does not gain traction.

In sum, successful strategic play as a werewolf hinges on maintaining a delicate equilibrium between outward group conformity and subtle internal agenda progression, while always being prepared to adapt to the social milieu.
2025-03-02 00:56:00 - INFO - ===
2025-03-02 00:56:02 - INFO - ===
2025-03-02 00:56:02 - INFO - Query: Discussions related to werewolves.
2025-03-02 00:56:02 - INFO - Retrieved similar documents: 
2025-03-02 00:56:02 - INFO - ===
2025-03-02 00:56:04 - INFO - ===
2025-03-02 00:56:04 - INFO - Query: Discussions related to werewolves.
2025-03-02 00:56:04 - INFO - Retrieved similar documents: Moderator: Okay, the role of Player1 is a werewolf.
Player3: {"thought": "I need to gather information to identify the werewolves. I think I should check Player1 tonight to see if they are a werewolf or not.", "speak": "Player1"}
2025-03-02 00:56:04 - INFO - ===
2025-03-02 00:56:06 - INFO - Survivors Discussion: I just want to remind everyone that we can't trust Player1, as I know for a fact they are a werewolf. We should focus our efforts on eliminating them.
2025-03-02 00:56:06 - INFO - Moderator: Given the game rules and your role, based on the situation and the information you gain, to win the game, it's time to vote one player eliminated among the alive players. Which player do you vote to kill?
2025-03-02 00:56:06 - INFO - ===
2025-03-02 00:56:06 - INFO - Query: Discussions related to villagers, seer, witch.
2025-03-02 00:56:06 - INFO - Retrieved similar documents: In this scenario, Player1, acting as a werewolf, navigated the social dynamics by attempting to deflect suspicion onto Player4. This strategy involved portraying a sense of collaboration and caution publicly while internally focusing on reducing the number of villagers discreetly. Player1's statement was crafted to appear aligned with the group's interests, subtly suggesting Player4 as an alternative suspect without committing too harshly, hence the high uncertainty score of 0.7.

This situation highlights several strategic implications for future decisions in similar circumstances:

1. **Balancing Trust and Suspicion**: Maintaining the right balance between aligning with group suspicions and subtly deflecting suspicion is critical. Overemphasizing an incorrect target might lead to group suspicion falling back on the initiator.

2. **Managing Uncertainty**: Player1's uncertainty score indicates a recognition of incomplete information, which is crucial for adapting strategies as new evidence or behaviors emerge. Future decisions should allow flexibility to adapt to the evolving dynamics.

3. **Opportunistic Alliances**: Building a narrative that leverages temporary alliances can be beneficial. By suggesting doubt towards Player4, Player1 seeks to manipulate collective thinking while remaining non-committal, ensuring flexibility in allegiance.

4. **Subtle Misdirection**: Subtly guiding the group's attention towards others, without being overtly accusatory, is an effective tactic for werewolves. Future strategies should emphasize subtlety and indirect influence when attempting to shift group focus.

5. **Risk Management**: The decision to vote against Player4 was based on reducing numbers rather than a confident read on behaviors, highlighting the importance of risk assessment in ambiguous situations. Future strategies should incorporate contingency planning for potential fallout if the chosen target does not gain traction.

In sum, successful strategic play as a werewolf hinges on maintaining a delicate equilibrium between outward group conformity and subtle internal agenda progression, while always being prepared to adapt to the social milieu.
2025-03-02 00:56:06 - INFO - ===
2025-03-02 00:56:08 - INFO - ===
2025-03-02 00:56:08 - INFO - Fast Response: {"thought": "Considering that Player3 has been relatively quiet and hasn't been actively participating in discussions, I suspect they might be trying to avoid drawing attention to themselves as a werewolf. I think it might be a strategic move to vote for them instead of Player2, who has been more vocal. However, I still have some uncertainty about this choice.", "vote": "Player3", "uncertainty_score": "0.4"}
2025-03-02 00:56:08 - INFO - Fast Uncertainty: 0.4
2025-03-02 00:56:08 - INFO - ===
2025-03-02 00:56:12 - INFO - ===
2025-03-02 00:56:12 - INFO - Slow Response: {"thought": "With only three players remaining, I need to strategize effectively to win as a werewolf. I'm still aiming to deflect suspicion from myself and focus the attention elsewhere. Player2 has not been very vocal, so they might have slipped under the radar, but this might also mean they are not considered as suspicious by the other players. Therefore, I will vote against Player3, as they are more likely to be seen as a potential threat, and this might fuel any existing group suspicion from Player2's side, if there is any. Additionally, taking down Player3 ensures that I can convince Player2 in future rounds, if necessary.", "vote": "Player3", "uncertainty_score": "0.6"}
2025-03-02 00:56:12 - INFO - ===
2025-03-02 00:56:12 - INFO - ===
2025-03-02 00:56:12 - INFO - Query: Discussions related to werewolves.
2025-03-02 00:56:12 - INFO - Retrieved similar documents: Player2: {"thought": "I find Player1's suspicion of Player3 interesting, but I need to analyze Player3's actions more closely before jumping to conclusions. We should strategize together about who we suspect to be the werewolves.", "speak": "I see your point, Player1. Player3\u2019s eagerness does raise some questions. However, I think we should also look at Player1\u2019s reasoning clearly. What else can we deduce from their actions?"}
Player2: {"thought": "I find Player1's suspicion of Player3 interesting, but I need to analyze Player3's actions more closely before jumping to conclusions. We should strategize together about who we suspect to be the werewolves.", "speak": "I see your point, Player1. Player3\u2019s eagerness does raise some questions. However, I think we should also look at Player1\u2019s reasoning clearly. What else can we deduce from their actions?"}
2025-03-02 00:56:12 - INFO - ===
2025-03-02 00:56:14 - INFO - ===
2025-03-02 00:56:14 - INFO - Query: Discussions related to werewolves.
2025-03-02 00:56:14 - INFO - Retrieved similar documents: Moderator: Okay, the role of Player1 is a werewolf.
Player3: {"thought": "I need to gather information to identify the werewolves. I think I should check Player1 tonight to see if they are a werewolf or not.", "speak": "Player1"}
2025-03-02 00:56:14 - INFO - ===
2025-03-02 00:56:15 - INFO - Moderator: Player3 has been voted out.
2025-03-02 00:56:15 - INFO - Moderator: The werewolves have prevailed and taken over the village. Better luck next time!
