{"basefilepath":"logs/fastslow","max_days_per_game":5,"num_games":20,"reflect_before_vectorstore":true,"max_werewolf_discussion_round":3,"similarity_top_k":2,"random_seed":43}
2025-03-02 00:44:16 - INFO - Starting game 0
2025-03-02 00:44:16 - INFO - Moderator: Player1, if you are the only werewolf, eliminate a player. Otherwise, discuss with your teammates and reach an agreement.
2025-03-02 00:44:16 - INFO - Moderator: Player1, if you are the only werewolf, eliminate a player. Otherwise, discuss with your teammates and reach an agreement.
2025-03-02 00:44:16 - INFO - ===
2025-03-02 00:44:16 - INFO - Query: Discussions related to villagers, seer, witch.
2025-03-02 00:44:16 - INFO - Retrieved similar documents: 
2025-03-02 00:44:16 - INFO - ===
2025-03-02 00:44:17 - INFO - Werewolves discussion: I think we should start by sharing observations about each other's behaviors last night. What did everyone do?
2025-03-02 00:44:17 - INFO - Moderator: Which player do you vote to kill?
2025-03-02 00:44:17 - INFO - Moderator: Which player do you vote to kill?
2025-03-02 00:44:17 - INFO - ===
2025-03-02 00:44:17 - INFO - Query: Discussions related to villagers, seer, witch.
2025-03-02 00:44:17 - INFO - Retrieved similar documents: 
2025-03-02 00:44:17 - INFO - ===
2025-03-02 00:44:19 - INFO - ===
2025-03-02 00:44:19 - INFO - Fast Response: {"thought": "I need to eliminate someone who seems suspicious. Player2 has been a bit quiet and not contributing to the discussions, which could indicate they are trying to blend in as a werewolf. I'm going to vote for Player2.", "vote": "Player2", "uncertainty_score": 0.3}
2025-03-02 00:44:19 - INFO - Fast Uncertainty: 0.3
2025-03-02 00:44:19 - INFO - ===
2025-03-02 00:44:21 - INFO - ===
2025-03-02 00:44:21 - INFO - Slow Response: {"thought": "I should strategize by voting for a player other than Player2 to divert attention from myself and avoid exposing the werewolf team too quickly. I choose Player3, hoping to create confusion among the villagers.", "vote": "Player3", "uncertainty_score": "0.6"}
2025-03-02 00:44:21 - INFO - ===
2025-03-02 00:44:21 - INFO - Moderator: The player with the most votes is Player3.
2025-03-02 00:44:21 - INFO - Moderator: Player4, you're the witch. Tonight Player3 is eliminated. Would you like to resurrect Player3?
2025-03-02 00:44:21 - INFO - ===
2025-03-02 00:44:21 - INFO - Query: Discussions related to werewolves.
2025-03-02 00:44:21 - INFO - Retrieved similar documents: 
2025-03-02 00:44:21 - INFO - ===
2025-03-02 00:44:23 - INFO - Witch resurrection response: I will not resurrect Player3 tonight because it's too risky without confirming their role after elimination. I'd prefer to save my potion for a more critical moment.
2025-03-02 00:44:23 - INFO - Moderator: The witch has chosen not to resurrect the player.
2025-03-02 00:44:23 - INFO - ===
2025-03-02 00:44:23 - INFO - Query: Discussions related to werewolves.
2025-03-02 00:44:23 - INFO - Retrieved similar documents: Player4: {"thought": "I need to consider whether Player3 has any valuable information or if they might be a werewolf. Since I don\u2019t have enough information about the players' identities yet, reviving Player3 could give us insight into the game dynamics.", "speak": "I will not resurrect Player3 tonight because it's too risky without confirming their role after elimination. I'd prefer to save my potion for a more critical moment.", "resurrect": false}
2025-03-02 00:44:23 - INFO - ===
2025-03-02 00:44:25 - INFO - Witch Poison Response: I think we should all discuss our suspicions before making a decision. Eliminating someone hastily might not be the best move.
2025-03-02 00:44:25 - INFO - The witch has chosen not to poison a player.
2025-03-02 00:44:25 - INFO - Moderator: Player3, you're the seer. Which player in Player1, Player2, Player3 and Player4 would you like to check tonight?
2025-03-02 00:44:25 - INFO - ===
2025-03-02 00:44:25 - INFO - Query: Discussions related to werewolves.
2025-03-02 00:44:25 - INFO - Retrieved similar documents: 
2025-03-02 00:44:25 - INFO - ===
2025-03-02 00:44:26 - INFO - Seer response: Player1
2025-03-02 00:44:26 - INFO - Moderator: Okay, the role of Player1 is a werewolf.
2025-03-02 00:44:36 - INFO - ===
2025-03-02 00:44:36 - INFO - Query: Discussions related to villagers, seer, witch.
2025-03-02 00:44:36 - INFO - Retrieved similar documents: In reviewing Player1's decisions, there are several key implications for future strategic decisions in the game of Werewolf:

1. **Cautious Observation**: Player1 wisely decided to observe reactions and statements carefully before making any definitive moves. This approach highlights the importance of gathering information and understanding player dynamics, which is crucial in identifying potential werewolves without drawing attention to oneself.

2. **Information Sharing**: By suggesting that everyone shares their observations from the previous night, Player1 encouraged open communication. This can be a double-edged sword; while it provides valuable insights, it also risks exposing player intentions if not handled carefully. In future games, ensuring that information is gathered without revealing too much personal strategy will be important.

3. **Diversion Strategy**: Voting for Player3 as a means to divert attention and create confusion illustrates a sophisticated strategy of misdirection. However, this also carries the risk of undermining trust among players if the diversion becomes evident. Future decisions should balance diversion with maintaining alliances and credibility among villagers.

4. **Uncertainty Management**: The uncertainty score of 0.6 indicates Player1's recognition of ambiguity in their decision. Acknowledging uncertainty allows for more flexible strategies that can adapt as the game evolves. In future scenarios, incorporating uncertainty management into decision-making processes can help maintain agility and response to new information.

Overall, Player1's strategic choices demonstrate the importance of keen observation, effective communication, and strategic misdirection. Future decisions should build on these tactics while being mindful of trust dynamics and the potential consequences of misdirection.
2025-03-02 00:44:36 - INFO - ===
2025-03-02 00:44:37 - INFO - ===
2025-03-02 00:44:37 - INFO - Query: Discussions related to werewolves.
2025-03-02 00:44:37 - INFO - Retrieved similar documents: 
2025-03-02 00:44:37 - INFO - ===
2025-03-02 00:44:39 - INFO - ===
2025-03-02 00:44:39 - INFO - Query: Discussions related to werewolves.
2025-03-02 00:44:39 - INFO - Retrieved similar documents: Player4: {"thought": "I'm considering the dynamics of the game right now. I need to evaluate Player1, Player2, and Player3 to figure out who might be the werewolves. It would be unwise for me to eliminate someone without sufficient evidence of their role, especially when I have the witch's powers to save or eliminate a player at a more critical moment.", "speak": "I think we should all discuss our suspicions before making a decision. Eliminating someone hastily might not be the best move.", "eliminate": false}
2025-03-02 00:44:39 - INFO - ===
2025-03-02 00:44:41 - INFO - Survivors Discussion: I see your point, Player2, but it's important to base our suspicions on actions rather than feelings. Let's discuss what happened last night before jumping to conclusions.
2025-03-02 00:44:41 - INFO - Moderator: Given the game rules and your role, based on the situation and the information you gain, to win the game, it's time to vote one player eliminated among the alive players. Which player do you vote to kill?
2025-03-02 00:44:41 - INFO - ===
2025-03-02 00:44:41 - INFO - Query: Discussions related to villagers, seer, witch.
2025-03-02 00:44:41 - INFO - Retrieved similar documents: In reviewing Player1's decisions, there are several key implications for future strategic decisions in the game of Werewolf:

1. **Cautious Observation**: Player1 wisely decided to observe reactions and statements carefully before making any definitive moves. This approach highlights the importance of gathering information and understanding player dynamics, which is crucial in identifying potential werewolves without drawing attention to oneself.

2. **Information Sharing**: By suggesting that everyone shares their observations from the previous night, Player1 encouraged open communication. This can be a double-edged sword; while it provides valuable insights, it also risks exposing player intentions if not handled carefully. In future games, ensuring that information is gathered without revealing too much personal strategy will be important.

3. **Diversion Strategy**: Voting for Player3 as a means to divert attention and create confusion illustrates a sophisticated strategy of misdirection. However, this also carries the risk of undermining trust among players if the diversion becomes evident. Future decisions should balance diversion with maintaining alliances and credibility among villagers.

4. **Uncertainty Management**: The uncertainty score of 0.6 indicates Player1's recognition of ambiguity in their decision. Acknowledging uncertainty allows for more flexible strategies that can adapt as the game evolves. In future scenarios, incorporating uncertainty management into decision-making processes can help maintain agility and response to new information.

Overall, Player1's strategic choices demonstrate the importance of keen observation, effective communication, and strategic misdirection. Future decisions should build on these tactics while being mindful of trust dynamics and the potential consequences of misdirection.
2025-03-02 00:44:41 - INFO - ===
2025-03-02 00:44:42 - INFO - ===
2025-03-02 00:44:42 - INFO - Fast Response: {"thought": "I need to be cautious about my vote. I suspect Player2 based on previous discussions, but I'm not completely sure. I want to create a sense of doubt amongst the players while ensuring I don't reveal too much about my intentions.", "vote": "Player2", "uncertainty_score": "0.4"}
2025-03-02 00:44:42 - INFO - Fast Uncertainty: 0.4
2025-03-02 00:44:42 - INFO - ===
2025-03-02 00:44:46 - INFO - ===
2025-03-02 00:44:46 - INFO - Slow Response: {"thought": "With Player3 eliminated, I need to analyze who might be the most suspicious among Player2 and Player4. Given that Player3 has been eliminated, my strategy is to gently nudge suspicion towards Player2, hoping it will either direct attention away from me or confirm Player4's allegiance. My interactions so far have suggested subtle inconsistencies in Player2's statements, which I can highlight now for benefit in this voting round.", "vote": "Player2", "uncertainty_score": 0.4}
2025-03-02 00:44:46 - INFO - ===
2025-03-02 00:44:47 - INFO - ===
2025-03-02 00:44:47 - INFO - Query: Discussions related to werewolves.
2025-03-02 00:44:47 - INFO - Retrieved similar documents: Player2: {"thought": "I need to gather information and see if anyone has any clues about Player4's behavior since they're the only other player left with me.", "speak": "I agree, Player1. I've also found Player4's actions a bit suspicious. Did you notice anything unusual about their behavior last night?"}
Player2: {"thought": "I need to gather information and see if anyone has any clues about Player4's behavior since they're the only other player left with me.", "speak": "I agree, Player1. I've also found Player4's actions a bit suspicious. Did you notice anything unusual about their behavior last night?"}
2025-03-02 00:44:47 - INFO - ===
2025-03-02 00:44:48 - INFO - ===
2025-03-02 00:44:48 - INFO - Query: Discussions related to werewolves.
2025-03-02 00:44:48 - INFO - Retrieved similar documents: Player4: {"thought": "I need to carefully navigate this conversation. Player2 seems to be diverting suspicion towards me, which might indicate they're one of the werewolves themselves. It's crucial to maintain my cover while gathering more information.", "speak": "I see your point, Player2, but it's important to base our suspicions on actions rather than feelings. Let's discuss what happened last night before jumping to conclusions."}
2025-03-02 00:44:48 - INFO - ===
2025-03-02 00:44:50 - INFO - Moderator: Player2 has been voted out.
2025-03-02 00:44:50 - INFO - Moderator: The werewolves have prevailed and taken over the village. Better luck next time!
