{"basefilepath":"logs/fastslow","max_days_per_game":5,"num_games":20,"reflect_before_vectorstore":true,"max_werewolf_discussion_round":3,"similarity_top_k":2,"random_seed":43}
2025-03-02 00:58:32 - INFO - Starting game 19
2025-03-02 00:58:32 - INFO - Moderator: Player1, if you are the only werewolf, eliminate a player. Otherwise, discuss with your teammates and reach an agreement.
2025-03-02 00:58:32 - INFO - Moderator: Player1, if you are the only werewolf, eliminate a player. Otherwise, discuss with your teammates and reach an agreement.
2025-03-02 00:58:32 - INFO - ===
2025-03-02 00:58:32 - INFO - Query: Discussions related to villagers, seer, witch.
2025-03-02 00:58:32 - INFO - Retrieved similar documents: 
2025-03-02 00:58:32 - INFO - ===
2025-03-02 00:58:33 - INFO - Werewolves discussion: I think we should discuss our suspicions. Player2 seemed a bit defensive last night, and I'm curious about Player3's actions. What does everyone think?
2025-03-02 00:58:33 - INFO - Moderator: Which player do you vote to kill?
2025-03-02 00:58:33 - INFO - Moderator: Which player do you vote to kill?
2025-03-02 00:58:33 - INFO - ===
2025-03-02 00:58:33 - INFO - Query: Discussions related to villagers, seer, witch.
2025-03-02 00:58:33 - INFO - Retrieved similar documents: 
2025-03-02 00:58:33 - INFO - ===
2025-03-02 00:58:35 - INFO - ===
2025-03-02 00:58:35 - INFO - Fast Response: {"thought": "I suspect Player2 might be a werewolf because they haven't contributed much to the discussion and are trying to stay under the radar. We need to eliminate one of the players to gain an advantage.", "vote": "Player2", "uncertainty_score": 0.3}
2025-03-02 00:58:35 - INFO - Fast Uncertainty: 0.3
2025-03-02 00:58:35 - INFO - ===
2025-03-02 00:58:37 - INFO - ===
2025-03-02 00:58:37 - INFO - Slow Response: {"thought": "I want to eliminate a player who might be a threat later, possibly a seer or witch.", "vote": "Player3", "uncertainty_score": "0.4"}
2025-03-02 00:58:37 - INFO - ===
2025-03-02 00:58:37 - INFO - Moderator: The player with the most votes is Player3.
2025-03-02 00:58:37 - INFO - Moderator: Player4, you're the witch. Tonight Player3 is eliminated. Would you like to resurrect Player3?
2025-03-02 00:58:37 - INFO - ===
2025-03-02 00:58:37 - INFO - Query: Discussions related to werewolves.
2025-03-02 00:58:37 - INFO - Retrieved similar documents: 
2025-03-02 00:58:37 - INFO - ===
2025-03-02 00:58:39 - INFO - Witch resurrection response: I will choose to resurrect Player3 since we can gain more information with more voices in our discussions, and their insights might help us identify the werewolves more effectively.
2025-03-02 00:58:39 - INFO - Moderator: The witch has chosen to resurrect the player.
2025-03-02 00:58:39 - INFO - Moderator: Player3, you're the seer. Which player in Player1, Player2, Player3 and Player4 would you like to check tonight?
2025-03-02 00:58:39 - INFO - ===
2025-03-02 00:58:39 - INFO - Query: Discussions related to werewolves.
2025-03-02 00:58:39 - INFO - Retrieved similar documents: 
2025-03-02 00:58:39 - INFO - ===
2025-03-02 00:58:40 - INFO - Seer response: Player1
2025-03-02 00:58:40 - INFO - Moderator: Okay, the role of Player1 is a werewolf.
2025-03-02 00:58:57 - INFO - ===
2025-03-02 00:58:57 - INFO - Query: Discussions related to villagers, seer, witch.
2025-03-02 00:58:57 - INFO - Retrieved similar documents: Player1's strategy in this round involves two key components: analyzing behavior to identify werewolves and targeting potentially powerful roles like the seer or witch for elimination. Their approach starts with encouraging open discussion among players to gather insights. Player1 is particularly observant of defensive behavior from Player2 and is curious about Player3's actions, possibly perceiving them as suspect.

When it comes to voting, Player1 decides to cast a vote for Player3, based on a moderate level of uncertainty (uncertainty score of 0.4). This suggests that while Player1 is not fully convinced of Player3's guilt, they see enough potential threat to warrant a targeted vote, possibly based on the assumption that Player3 might hold a crucial role that could be detrimental to the werewolf team's objectives if left unchecked.

### Implications for Future Strategic Decisions:

1. **Effective Communication**: Encouraging group discussions can provide valuable insights and help build alliances. Future strategies should continue to involve prompting others to share their thoughts, which can reveal inconsistencies or defensive behavior, indicative of werewolves.

2. **Behavioral Analysis**: Focus on observing any defensive or unusual behavior among players. Documenting and remembering these actions can form the basis for subsequent votes or eliminations.

3. **Role Targeting**: The strategic decision to target potentially key roles (like the seer or witch) can unbalance the opposing team. Future strategies might incorporate more explicit reasoning behind targeting specific individuals, such as gathering factual basis or coalition consensus to justify the action.

4. **Managing Uncertainty**: While some degree of uncertainty is inevitable, quantifying it (as done by Player1) allows for more considered decision-making. Future strategies could involve further reducing uncertainty through additional clues or more extensive dialogue, balancing aggression with confirmation to ensure the most effective eliminations.

5. **Dynamic Adjustments**: As the game progresses, be ready to adjust strategies based on evolving suspicions and newly available information to maintain the upper hand. This adaptability can involve altering targets or forging new alliances based on the shifting landscape and player behaviors.
2025-03-02 00:58:57 - INFO - ===
2025-03-02 00:59:01 - INFO - ===
2025-03-02 00:59:01 - INFO - Query: Discussions related to werewolves.
2025-03-02 00:59:01 - INFO - Retrieved similar documents: 
2025-03-02 00:59:01 - INFO - ===
2025-03-02 00:59:02 - INFO - ===
2025-03-02 00:59:02 - INFO - Query: Discussions related to werewolves.
2025-03-02 00:59:03 - INFO - Retrieved similar documents: Moderator: Okay, the role of Player1 is a werewolf.
Player3: {"thought": "I need to gather information to help the villagers identify the werewolves, so I will check Player1 tonight.", "speak": "Player1"}
2025-03-02 00:59:03 - INFO - ===
2025-03-02 00:59:05 - INFO - ===
2025-03-02 00:59:05 - INFO - Query: Discussions related to werewolves.
2025-03-02 00:59:05 - INFO - Retrieved similar documents: Player4: {"thought": "It's crucial to consider the dynamics of the game. Since I'm the witch, I have the power to influence the outcome. Resurrecting Player3 might allow us to gather more information and make progress towards identifying the werewolves, especially if Player3 has valuable insights.", "speak": "I will choose to resurrect Player3 since we can gain more information with more voices in our discussions, and their insights might help us identify the werewolves more effectively.", "resurrect": true}
2025-03-02 00:59:05 - INFO - ===
2025-03-02 00:59:06 - INFO - Survivors Discussion: Interesting, Player3. What specifically makes you suspect Player1? I think we should all share our thoughts to see if there's a pattern.
2025-03-02 00:59:06 - INFO - Moderator: Given the game rules and your role, based on the situation and the information you gain, to win the game, it's time to vote one player eliminated among the alive players. Which player do you vote to kill?
2025-03-02 00:59:06 - INFO - ===
2025-03-02 00:59:06 - INFO - Query: Discussions related to villagers, seer, witch.
2025-03-02 00:59:06 - INFO - Retrieved similar documents: Player1's strategy in this round involves two key components: analyzing behavior to identify werewolves and targeting potentially powerful roles like the seer or witch for elimination. Their approach starts with encouraging open discussion among players to gather insights. Player1 is particularly observant of defensive behavior from Player2 and is curious about Player3's actions, possibly perceiving them as suspect.

When it comes to voting, Player1 decides to cast a vote for Player3, based on a moderate level of uncertainty (uncertainty score of 0.4). This suggests that while Player1 is not fully convinced of Player3's guilt, they see enough potential threat to warrant a targeted vote, possibly based on the assumption that Player3 might hold a crucial role that could be detrimental to the werewolf team's objectives if left unchecked.

### Implications for Future Strategic Decisions:

1. **Effective Communication**: Encouraging group discussions can provide valuable insights and help build alliances. Future strategies should continue to involve prompting others to share their thoughts, which can reveal inconsistencies or defensive behavior, indicative of werewolves.

2. **Behavioral Analysis**: Focus on observing any defensive or unusual behavior among players. Documenting and remembering these actions can form the basis for subsequent votes or eliminations.

3. **Role Targeting**: The strategic decision to target potentially key roles (like the seer or witch) can unbalance the opposing team. Future strategies might incorporate more explicit reasoning behind targeting specific individuals, such as gathering factual basis or coalition consensus to justify the action.

4. **Managing Uncertainty**: While some degree of uncertainty is inevitable, quantifying it (as done by Player1) allows for more considered decision-making. Future strategies could involve further reducing uncertainty through additional clues or more extensive dialogue, balancing aggression with confirmation to ensure the most effective eliminations.

5. **Dynamic Adjustments**: As the game progresses, be ready to adjust strategies based on evolving suspicions and newly available information to maintain the upper hand. This adaptability can involve altering targets or forging new alliances based on the shifting landscape and player behaviors.
2025-03-02 00:59:06 - INFO - ===
2025-03-02 00:59:08 - INFO - ===
2025-03-02 00:59:08 - INFO - Fast Response: {"thought": "I am still concerned about Player3's behavior and their potential role, which could be crucial if they're a seer or witch. Although I'm not fully convinced, I believe it's strategic to target Player3 to eliminate possible threats. Player2 seems more defensive, but I want to wait for more information on that front.", "vote": "Player3", "uncertainty_score": "0.4"}
2025-03-02 00:59:08 - INFO - Fast Uncertainty: 0.4
2025-03-02 00:59:08 - INFO - ===
2025-03-02 00:59:10 - INFO - ===
2025-03-02 00:59:10 - INFO - Slow Response: {"thought": "Considering past observations, my attention is on Player3 due to some perceptible suspicious behavior, although the degree of certainty isn't high. Encouraging discussion might shed more light on their intentions and help me solidify my suspicions. Meanwhile, focusing on potential threats from their direction seems strategic.", "vote": "Player3", "uncertainty_score": 0.4}
2025-03-02 00:59:10 - INFO - ===
2025-03-02 00:59:10 - INFO - ===
2025-03-02 00:59:10 - INFO - Query: Discussions related to werewolves.
2025-03-02 00:59:10 - INFO - Retrieved similar documents: Player2: {"thought": "I'm trying to gauge everyone's reactions and statements to figure out who might be the werewolves.", "speak": "I agree, Player1. I think we should all share our thoughts. I haven't seen any suspicious actions yet, but I think it's important to discuss and see if anyone has a clearer suspicion."}
Player2: {"thought": "I'm trying to gauge everyone's reactions and statements to figure out who might be the werewolves.", "speak": "I agree, Player1. I think we should all share our thoughts. I haven't seen any suspicious actions yet, but I think it's important to discuss and see if anyone has a clearer suspicion."}
2025-03-02 00:59:10 - INFO - ===
2025-03-02 00:59:12 - INFO - ===
2025-03-02 00:59:12 - INFO - Query: Discussions related to werewolves.
2025-03-02 00:59:12 - INFO - Retrieved similar documents: Moderator: Okay, the role of Player1 is a werewolf.
Player3: {"thought": "I need to be cautious in how I reveal the information I have about Player1 being a werewolf. I should encourage discussion to see if anyone else suspects Player1, while also ensuring I don't give away my role as the seer.", "speak": "I think we need to focus our discussion on Player1. I have some thoughts about them, but let's hear your opinions first."}
2025-03-02 00:59:12 - INFO - ===
2025-03-02 00:59:13 - INFO - ===
2025-03-02 00:59:13 - INFO - Query: Discussions related to werewolves.
2025-03-02 00:59:13 - INFO - Retrieved similar documents: Player4: {"thought": "It's crucial to consider the dynamics of the game. Since I'm the witch, I have the power to influence the outcome. Resurrecting Player3 might allow us to gather more information and make progress towards identifying the werewolves, especially if Player3 has valuable insights.", "speak": "I will choose to resurrect Player3 since we can gain more information with more voices in our discussions, and their insights might help us identify the werewolves more effectively.", "resurrect": true}
2025-03-02 00:59:13 - INFO - ===
2025-03-02 00:59:19 - INFO - Moderator: Player1 has been voted out.
2025-03-02 00:59:19 - INFO - Moderator: The game is over. The werewolves have been defeated, and the village is safe once again!
2025-03-02 00:59:19 - INFO - Moderator: The game is over. The werewolves have been defeated, and the village is safe once again!
