{"basefilepath":"logs/fastslow","max_days_per_game":5,"num_games":20,"reflect_before_vectorstore":true,"max_werewolf_discussion_round":3,"similarity_top_k":2,"random_seed":43}
2025-03-02 00:50:07 - INFO - Starting game 8
2025-03-02 00:50:07 - INFO - Moderator: Player1, if you are the only werewolf, eliminate a player. Otherwise, discuss with your teammates and reach an agreement.
2025-03-02 00:50:07 - INFO - Moderator: Player1, if you are the only werewolf, eliminate a player. Otherwise, discuss with your teammates and reach an agreement.
2025-03-02 00:50:07 - INFO - ===
2025-03-02 00:50:07 - INFO - Query: Discussions related to villagers, seer, witch.
2025-03-02 00:50:07 - INFO - Retrieved similar documents: 
2025-03-02 00:50:07 - INFO - ===
2025-03-02 00:50:09 - INFO - Werewolves discussion: I think we should all share our thoughts on who seems the most suspicious. I've noticed Player3 has not contributed much to the conversation, which could point to preventing suspicion. Maybe we should look closer at them?
2025-03-02 00:50:09 - INFO - Moderator: Which player do you vote to kill?
2025-03-02 00:50:09 - INFO - Moderator: Which player do you vote to kill?
2025-03-02 00:50:09 - INFO - ===
2025-03-02 00:50:09 - INFO - Query: Discussions related to villagers, seer, witch.
2025-03-02 00:50:09 - INFO - Retrieved similar documents: 
2025-03-02 00:50:09 - INFO - ===
2025-03-02 00:50:11 - INFO - ===
2025-03-02 00:50:11 - INFO - Fast Response: {"thought": "I suspect Player3 might be a werewolf since they have been quite quiet during discussions, which often indicates someone trying to avoid drawing attention. I think it's safer to eliminate them this round.", "vote": "Player3", "uncertainty_score": 0.3}
2025-03-02 00:50:11 - INFO - Fast Uncertainty: 0.3
2025-03-02 00:50:11 - INFO - ===
2025-03-02 00:50:13 - INFO - ===
2025-03-02 00:50:13 - INFO - Slow Response: {"thought": "As a werewolf, I need to choose a villager to eliminate without arousing too much suspicion. However, since I'm uncertain about specific roles and it's early in the game, any choice carries risk.", "vote": "Player2", "uncertainty_score": 0.7}
2025-03-02 00:50:13 - INFO - ===
2025-03-02 00:50:13 - INFO - Moderator: The player with the most votes is Player2.
2025-03-02 00:50:13 - INFO - Moderator: Player4, you're the witch. Tonight Player2 is eliminated. Would you like to resurrect Player2?
2025-03-02 00:50:13 - INFO - ===
2025-03-02 00:50:13 - INFO - Query: Discussions related to werewolves.
2025-03-02 00:50:13 - INFO - Retrieved similar documents: 
2025-03-02 00:50:13 - INFO - ===
2025-03-02 00:50:14 - INFO - Witch resurrection response: I will not resurrect Player2 since I need to assess who the werewolves are first before using my potion.
2025-03-02 00:50:14 - INFO - Moderator: The witch has chosen not to resurrect the player.
2025-03-02 00:50:14 - INFO - ===
2025-03-02 00:50:14 - INFO - Query: Discussions related to werewolves.
2025-03-02 00:50:14 - INFO - Retrieved similar documents: Player4: {"thought": "I need to think strategically about the potential outcomes. Player2's elimination could be crucial, and if they are a villager, reviving them could help gather more information to identify the werewolves. However, if they are a werewolf, reviving them would be detrimental.", "speak": "I will not resurrect Player2 since I need to assess who the werewolves are first before using my potion.", "resurrect": false}
2025-03-02 00:50:14 - INFO - ===
2025-03-02 00:50:16 - INFO - Witch Poison Response: I think it would be wise to hold off on any eliminations for now. We should discuss more to gather information before making a decision.
2025-03-02 00:50:16 - INFO - The witch has chosen not to poison a player.
2025-03-02 00:50:16 - INFO - Moderator: Player3, you're the seer. Which player in Player1, Player2, Player3 and Player4 would you like to check tonight?
2025-03-02 00:50:16 - INFO - ===
2025-03-02 00:50:16 - INFO - Query: Discussions related to werewolves.
2025-03-02 00:50:16 - INFO - Retrieved similar documents: 
2025-03-02 00:50:16 - INFO - ===
2025-03-02 00:50:21 - INFO - Seer response: Player1
2025-03-02 00:50:21 - INFO - Moderator: Okay, the role of Player1 is a werewolf.
2025-03-02 00:50:37 - INFO - ===
2025-03-02 00:50:37 - INFO - Query: Discussions related to villagers, seer, witch.
2025-03-02 00:50:37 - INFO - Retrieved similar documents: In reviewing the strategic decisions made by Player1, a known werewolf, it is evident that their primary objective was to avoid detection while sowing distrust among the villagers. The critical aspects of their strategy involved diverting attention and casting suspicion on others, particularly Player3, to protect their identity and agenda.

### Key Decisions and Implications:

1. **Diversion Tactics:**
   - Player1 aimed to deflect suspicion away from them by highlighting Player3's limited engagement. This technique is common in social deduction games, where promoting doubts about others helps to mask one's true role.
   - **Implication:** Future strategic decisions should consider balance in interaction. Acknowledging that overly aggressive or passive engagement could indicate deceit. Thus, villagers might need to analyze the consistency and context of participation levels among players.

2. **Controlled Accusation:**
   - By subtly accusing Player3 of suspicious behavior, Player1 attempted to guide the group towards a potentially incorrect conclusion, reducing the risk of unified accusation against themselves.
   - **Implication:** It's critical for players to critically evaluate any accusations' validity and motivations to detect manipulation attempts.

3. **Risky Elimination Choice:**
   - Despite having high uncertainty, Player1 chose to eliminate Player2, possibly based on the need to make a strategic move early in the game. This shows an aspect of risk management in the role of a werewolf, as choosing the wrong target increases exposure to suspicion.
   - **Implication:** Future werewolves might benefit from gathering more information before deciding on eliminations. Simultaneously, villagers should note any abrupt, seemingly unfounded eliminations as potential indicators of werewolf activity.

### Conclusion for Future Strategic Decisions:
- Cultivating a balanced and consistent engagement level is important for both deception and detection.
- Understanding the underlying motivations behind accusations can help identify the real threats.
- Patience and information gathering are crucial, both for werewolves seeking to avoid exposure and for villagers working to unmask the werewolves.
- When uncertain, cautious decision-making might prevent unnecessary risks that can expose roles. For villagers, scrutinizing the logic and consistency behind others' eliminations could provide clues to werewolf identities.
2025-03-02 00:50:37 - INFO - ===
2025-03-02 00:50:39 - INFO - ===
2025-03-02 00:50:39 - INFO - Query: Discussions related to werewolves.
2025-03-02 00:50:39 - INFO - Retrieved similar documents: Moderator: Okay, the role of Player1 is a werewolf.
Player3: {"thought": "I need to gather information to help the villagers. I will check Player1 to see if they are a werewolf or not.", "speak": "Player1"}
2025-03-02 00:50:39 - INFO - ===
2025-03-02 00:50:41 - INFO - ===
2025-03-02 00:50:41 - INFO - Query: Discussions related to werewolves.
2025-03-02 00:50:41 - INFO - Retrieved similar documents: Player4: {"thought": "I need to tread carefully here. Since I'm playing as the witch, I don't want to reveal my role or intentions too quickly. I suspect Player1 might be a werewolf based on their previous behavior, but I need more evidence. I will hold off on eliminating anyone for now and gather more information during the discussion phase.", "speak": "I think it would be wise to hold off on any eliminations for now. We should discuss more to gather information before making a decision.", "eliminate": false}
2025-03-02 00:50:41 - INFO - ===
2025-03-02 00:50:46 - INFO - Survivors Discussion: I see where you're coming from, Player3, but I think it's important to gather more evidence before making any decisions. What specific behaviors from Player1 make you think they're a werewolf?
2025-03-02 00:50:46 - INFO - Moderator: Given the game rules and your role, based on the situation and the information you gain, to win the game, it's time to vote one player eliminated among the alive players. Which player do you vote to kill?
2025-03-02 00:50:47 - INFO - ===
2025-03-02 00:50:47 - INFO - Query: Discussions related to villagers, seer, witch.
2025-03-02 00:50:47 - INFO - Retrieved similar documents: In reviewing the strategic decisions made by Player1, a known werewolf, it is evident that their primary objective was to avoid detection while sowing distrust among the villagers. The critical aspects of their strategy involved diverting attention and casting suspicion on others, particularly Player3, to protect their identity and agenda.

### Key Decisions and Implications:

1. **Diversion Tactics:**
   - Player1 aimed to deflect suspicion away from them by highlighting Player3's limited engagement. This technique is common in social deduction games, where promoting doubts about others helps to mask one's true role.
   - **Implication:** Future strategic decisions should consider balance in interaction. Acknowledging that overly aggressive or passive engagement could indicate deceit. Thus, villagers might need to analyze the consistency and context of participation levels among players.

2. **Controlled Accusation:**
   - By subtly accusing Player3 of suspicious behavior, Player1 attempted to guide the group towards a potentially incorrect conclusion, reducing the risk of unified accusation against themselves.
   - **Implication:** It's critical for players to critically evaluate any accusations' validity and motivations to detect manipulation attempts.

3. **Risky Elimination Choice:**
   - Despite having high uncertainty, Player1 chose to eliminate Player2, possibly based on the need to make a strategic move early in the game. This shows an aspect of risk management in the role of a werewolf, as choosing the wrong target increases exposure to suspicion.
   - **Implication:** Future werewolves might benefit from gathering more information before deciding on eliminations. Simultaneously, villagers should note any abrupt, seemingly unfounded eliminations as potential indicators of werewolf activity.

### Conclusion for Future Strategic Decisions:
- Cultivating a balanced and consistent engagement level is important for both deception and detection.
- Understanding the underlying motivations behind accusations can help identify the real threats.
- Patience and information gathering are crucial, both for werewolves seeking to avoid exposure and for villagers working to unmask the werewolves.
- When uncertain, cautious decision-making might prevent unnecessary risks that can expose roles. For villagers, scrutinizing the logic and consistency behind others' eliminations could provide clues to werewolf identities.
2025-03-02 00:50:47 - INFO - ===
2025-03-02 00:50:49 - INFO - ===
2025-03-02 00:50:49 - INFO - Fast Response: {"thought": "I need to eliminate a player to reduce the risk of exposure while maintaining the illusion of being a villager. Player3 has been somewhat passive and may have been trying to gather information, but Player4 seems more engaged in discussions. I suspect Player3 might be the seer or a villager, but voting against Player4 would be more strategic as they could also be a threat. It's a tough call, but I lean towards Player4 this time.", "vote": "Player4", "uncertainty_score": "0.4"}
2025-03-02 00:50:49 - INFO - Fast Uncertainty: 0.4
2025-03-02 00:50:49 - INFO - ===
2025-03-02 00:50:53 - INFO - ===
2025-03-02 00:50:53 - INFO - Slow Response: {"thought": "In the previous rounds, I actively accused Player3 to divert suspicion from myself and to sow distrust within the group. This strategy requires me to maintain this narrative and continue to place suspicion on Player3. By doing so, I maintain consistency in my actions, which may mitigate suspicion against me from Player4. Given that there are only three players remaining, my objective is to redirect suspicion onto the other players, ensuring that the remaining villager, Player4, does not focus attention on me. However, there is some uncertainty surrounding the success of this tactic if it becomes too transparent or if Player4 detects a pattern. My strategy is to eliminate Player3, hoping that Player4 will buy into my narrative and vote in alignment with my decision.", "vote": "Player3", "uncertainty_score": 0.3}
2025-03-02 00:50:53 - INFO - ===
2025-03-02 00:50:54 - INFO - ===
2025-03-02 00:50:54 - INFO - Query: Discussions related to werewolves.
2025-03-02 00:50:54 - INFO - Retrieved similar documents: Moderator: Okay, the role of Player1 is a werewolf.
Player3: {"thought": "I need to defend myself and try to redirect the suspicion back to Player1. I should point out that they are a werewolf to persuade others to see my point of view.", "speak": "I understand your concerns, but I believe we should be more cautious with our accusations. Remember, Player1 has been identified as a werewolf, and we need to focus on eliminating them rather than turning on each other."}
2025-03-02 00:50:54 - INFO - ===
2025-03-02 00:50:55 - INFO - ===
2025-03-02 00:50:55 - INFO - Query: Discussions related to werewolves.
2025-03-02 00:50:55 - INFO - Retrieved similar documents: Player4: {"thought": "I need to tread carefully here. Since I'm playing as the witch, I don't want to reveal my role or intentions too quickly. I suspect Player1 might be a werewolf based on their previous behavior, but I need more evidence. I will hold off on eliminating anyone for now and gather more information during the discussion phase.", "speak": "I think it would be wise to hold off on any eliminations for now. We should discuss more to gather information before making a decision.", "eliminate": false}
2025-03-02 00:50:55 - INFO - ===
2025-03-02 00:50:57 - INFO - Moderator: Player1 has been voted out.
2025-03-02 00:50:57 - INFO - Moderator: The game is over. The werewolves have been defeated, and the village is safe once again!
2025-03-02 00:50:57 - INFO - Moderator: The game is over. The werewolves have been defeated, and the village is safe once again!
