{"basefilepath":"logs/fastslow","max_days_per_game":5,"num_games":20,"reflect_before_vectorstore":true,"max_werewolf_discussion_round":3,"similarity_top_k":2,"random_seed":43}
2025-03-02 00:56:53 - INFO - Starting game 17
2025-03-02 00:56:53 - INFO - Moderator: Player1, if you are the only werewolf, eliminate a player. Otherwise, discuss with your teammates and reach an agreement.
2025-03-02 00:56:53 - INFO - Moderator: Player1, if you are the only werewolf, eliminate a player. Otherwise, discuss with your teammates and reach an agreement.
2025-03-02 00:56:53 - INFO - ===
2025-03-02 00:56:53 - INFO - Query: Discussions related to villagers, seer, witch.
2025-03-02 00:56:53 - INFO - Retrieved similar documents: 
2025-03-02 00:56:53 - INFO - ===
2025-03-02 00:56:55 - INFO - Werewolves discussion: I think we should start by sharing our observations and any suspicions we might have. Player2, what do you think about Player3's behavior during the last night phase?
2025-03-02 00:56:55 - INFO - Moderator: Which player do you vote to kill?
2025-03-02 00:56:55 - INFO - Moderator: Which player do you vote to kill?
2025-03-02 00:56:55 - INFO - ===
2025-03-02 00:56:55 - INFO - Query: Discussions related to villagers, seer, witch.
2025-03-02 00:56:55 - INFO - Retrieved similar documents: 
2025-03-02 00:56:55 - INFO - ===
2025-03-02 00:56:56 - INFO - ===
2025-03-02 00:56:56 - INFO - Fast Response: {"thought": "I suspect Player2 based on their behavior during discussions; they seem evasive about their thoughts and don't contribute much to identifying the werewolves.", "vote": "Player2", "uncertainty_score": "0.3"}
2025-03-02 00:56:56 - INFO - Fast Uncertainty: 0.3
2025-03-02 00:56:56 - INFO - ===
2025-03-02 00:56:58 - INFO - ===
2025-03-02 00:56:58 - INFO - Slow Response: {"thought": "As a werewolf, I need to vote for someone I think could sway the opinion against the werewolves during the day phase. Since there's no information on what roles others are playing, I might choose randomly to avoid suspicion, targeting Player2 for now.", "vote": "Player2", "uncertainty_score": 0.8}
2025-03-02 00:56:58 - INFO - ===
2025-03-02 00:56:58 - INFO - Moderator: The player with the most votes is Player2.
2025-03-02 00:56:58 - INFO - Moderator: Player4, you're the witch. Tonight Player2 is eliminated. Would you like to resurrect Player2?
2025-03-02 00:56:58 - INFO - ===
2025-03-02 00:56:58 - INFO - Query: Discussions related to werewolves.
2025-03-02 00:56:58 - INFO - Retrieved similar documents: 
2025-03-02 00:56:58 - INFO - ===
2025-03-02 00:57:00 - INFO - Witch resurrection response: I will not resurrect Player2 because we need to see who is going to be voted out during the day phase. Let's gather more information.
2025-03-02 00:57:00 - INFO - Moderator: The witch has chosen not to resurrect the player.
2025-03-02 00:57:01 - INFO - ===
2025-03-02 00:57:01 - INFO - Query: Discussions related to werewolves.
2025-03-02 00:57:01 - INFO - Retrieved similar documents: Player4: {"thought": "It's crucial to keep players alive who can potentially help identify the werewolves. However, I need to consider who might have been targeted and who is most suspicious. Since Player2 is eliminated, I will think about my options carefully as the game progresses.", "speak": "I will not resurrect Player2 because we need to see who is going to be voted out during the day phase. Let's gather more information.", "resurrect": false}
2025-03-02 00:57:01 - INFO - ===
2025-03-02 00:57:02 - INFO - Witch Poison Response: I believe we need to discuss our suspicions more before making any rash decisions. I will not eliminate anyone right now.
2025-03-02 00:57:02 - INFO - The witch has chosen not to poison a player.
2025-03-02 00:57:02 - INFO - Moderator: Player3, you're the seer. Which player in Player1, Player2, Player3 and Player4 would you like to check tonight?
2025-03-02 00:57:02 - INFO - ===
2025-03-02 00:57:02 - INFO - Query: Discussions related to werewolves.
2025-03-02 00:57:02 - INFO - Retrieved similar documents: 
2025-03-02 00:57:02 - INFO - ===
2025-03-02 00:57:03 - INFO - Seer response: Player1
2025-03-02 00:57:03 - INFO - Moderator: Okay, the role of Player1 is a werewolf.
2025-03-02 00:57:13 - INFO - ===
2025-03-02 00:57:13 - INFO - Query: Discussions related to villagers, seer, witch.
2025-03-02 00:57:13 - INFO - Retrieved similar documents: In this segment of the game, Player1 is engaging in two distinct strategic decision-making processes: observing and responding to others' behaviors and making voting decisions while maintaining their cover as a werewolf.

1. **Observation and Inquiry:**
   - **Decision:** Player1 is actively observing discussions and responses to detect any suspicious behaviors that indicate roles. In the publicly spoken appearance, they prompt other players to share observations and suspicions, specifically targeting Player2 for thoughts about Player3.
   - **Implication:** This approach serves two purposes: it fosters a group discussion where potential clues can surface and distracts from one's own role as a werewolf by appearing engaged and cooperative. 

2. **Voting Strategy as a Werewolf:**
   - **Decision:** Player1 decides to vote against Player2, highlighting a strategic approach of picking someone who can potentially divert attention or sow doubt among players against werewolves. With an uncertainty score of 0.8, Player1 is aware of the risk involved but opts for a seemingly random choice to maintain their cover.
   - **Implication:** High uncertainty implies potential backlash or misdirection risk. However, this decision underscores a need for strategic unpredictability in selection to avoid forming patterns that could unmask their identity. 

**Important Implications for Future Strategic Decisions:**

- **Balancing Observation and Action:** Future strategies should integrate better balance between observing and acting. While observation is key, it's crucial for Player1 to start defining clearer tactics based on accumulated information rather than solely relying on randomness.
  
- **Managing Uncertainty and Communication:** While decisions incurred high uncertainty, a strategic investment in advancing communication that implies trust or alliance building could yield more stability and reduce expose risk. Transparency in motives, even with falsehoods, must be managed to direct suspicion away without fabricating too evident revelations.

- **Refining Target Selection:** Rather than random voting, incorporating deeper analytic judgments through patterns or behavioral cues (e.g., defense intensity, accusation patterns by others) can improve predictability in outcomes favoring werewolf agenda.

Considering these approaches will guide Player1 to strike a better balance between engagement, strategic decision-making, and nuanced execution, increasing their chance for survival and eventual victory.
2025-03-02 00:57:13 - INFO - ===
2025-03-02 00:57:16 - INFO - ===
2025-03-02 00:57:16 - INFO - Query: Discussions related to werewolves.
2025-03-02 00:57:16 - INFO - Retrieved similar documents: Moderator: Okay, the role of Player1 is a werewolf.
Player3: {"thought": "I need to check who Player1 is since they might pose a threat to the villagers.", "speak": "Player1"}
2025-03-02 00:57:16 - INFO - ===
2025-03-02 00:57:18 - INFO - ===
2025-03-02 00:57:18 - INFO - Query: Discussions related to werewolves.
2025-03-02 00:57:18 - INFO - Retrieved similar documents: Player4: {"thought": "With the uncertainties of who might be a werewolf among the living players, I need to gather more information during the day phase before making an elimination choice. It's important to maintain the village's chances of success.", "speak": "I believe we need to discuss our suspicions more before making any rash decisions. I will not eliminate anyone right now.", "eliminate": false}
2025-03-02 00:57:18 - INFO - ===
2025-03-02 00:57:19 - INFO - Survivors Discussion: I agree, Player3. We need to identify who might be the threats among us. Let's share our suspicions and observations.
2025-03-02 00:57:19 - INFO - Moderator: Given the game rules and your role, based on the situation and the information you gain, to win the game, it's time to vote one player eliminated among the alive players. Which player do you vote to kill?
2025-03-02 00:57:19 - INFO - ===
2025-03-02 00:57:19 - INFO - Query: Discussions related to villagers, seer, witch.
2025-03-02 00:57:19 - INFO - Retrieved similar documents: In this segment of the game, Player1 is engaging in two distinct strategic decision-making processes: observing and responding to others' behaviors and making voting decisions while maintaining their cover as a werewolf.

1. **Observation and Inquiry:**
   - **Decision:** Player1 is actively observing discussions and responses to detect any suspicious behaviors that indicate roles. In the publicly spoken appearance, they prompt other players to share observations and suspicions, specifically targeting Player2 for thoughts about Player3.
   - **Implication:** This approach serves two purposes: it fosters a group discussion where potential clues can surface and distracts from one's own role as a werewolf by appearing engaged and cooperative. 

2. **Voting Strategy as a Werewolf:**
   - **Decision:** Player1 decides to vote against Player2, highlighting a strategic approach of picking someone who can potentially divert attention or sow doubt among players against werewolves. With an uncertainty score of 0.8, Player1 is aware of the risk involved but opts for a seemingly random choice to maintain their cover.
   - **Implication:** High uncertainty implies potential backlash or misdirection risk. However, this decision underscores a need for strategic unpredictability in selection to avoid forming patterns that could unmask their identity. 

**Important Implications for Future Strategic Decisions:**

- **Balancing Observation and Action:** Future strategies should integrate better balance between observing and acting. While observation is key, it's crucial for Player1 to start defining clearer tactics based on accumulated information rather than solely relying on randomness.
  
- **Managing Uncertainty and Communication:** While decisions incurred high uncertainty, a strategic investment in advancing communication that implies trust or alliance building could yield more stability and reduce expose risk. Transparency in motives, even with falsehoods, must be managed to direct suspicion away without fabricating too evident revelations.

- **Refining Target Selection:** Rather than random voting, incorporating deeper analytic judgments through patterns or behavioral cues (e.g., defense intensity, accusation patterns by others) can improve predictability in outcomes favoring werewolf agenda.

Considering these approaches will guide Player1 to strike a better balance between engagement, strategic decision-making, and nuanced execution, increasing their chance for survival and eventual victory.
2025-03-02 00:57:19 - INFO - ===
2025-03-02 00:57:21 - INFO - ===
2025-03-02 00:57:21 - INFO - Fast Response: {"thought": "I need to decide who to eliminate carefully. Based on Player3's behavior in the previous discussions, they seem less engaged and could potentially be a villager. Player4, on the other hand, has been more active and less suspicious, which makes me think they might be the seer or another role. It's unsure to pick between them, but Player3 seems like a safer vote for now.", "vote": "Player3", "uncertainty_score": "0.6"}
2025-03-02 00:57:21 - INFO - Fast Uncertainty: 0.6
2025-03-02 00:57:21 - INFO - ===
2025-03-02 00:57:24 - INFO - ===
2025-03-02 00:57:24 - INFO - Slow Response: {"thought": "With Player2 eliminated, the remaining alive players are myself, Player3, and Player4. My role as a werewolf is to maintain deception and align against the villagers. Between Player3 and Player4, I'll need to choose carefully. Previous discussions with Player2 might make Player3 a safe bet, but targeting someone different like Player4 could reduce the chance of drawing suspicion onto me given past choices.", "vote": "Player4", "uncertainty_score": "0.7"}
2025-03-02 00:57:24 - INFO - ===
2025-03-02 00:57:25 - INFO - ===
2025-03-02 00:57:25 - INFO - Query: Discussions related to werewolves.
2025-03-02 00:57:25 - INFO - Retrieved similar documents: Moderator: Okay, the role of Player1 is a werewolf.
Player3: {"thought": "I need to be careful about revealing too much. I already know Player1 is a werewolf, and pointing that out too soon could make me a target. I should navigate the conversation to gather more information without exposing myself.", "speak": "I think Player2's elimination was surprising. They seemed to be a logical target for the werewolves. We should be cautious in our discussions and focus on who might be next."}
2025-03-02 00:57:25 - INFO - ===
2025-03-02 00:57:27 - INFO - ===
2025-03-02 00:57:27 - INFO - Query: Discussions related to werewolves.
2025-03-02 00:57:27 - INFO - Retrieved similar documents: Player4: {"thought": "With the uncertainties of who might be a werewolf among the living players, I need to gather more information during the day phase before making an elimination choice. It's important to maintain the village's chances of success.", "speak": "I believe we need to discuss our suspicions more before making any rash decisions. I will not eliminate anyone right now.", "eliminate": false}
2025-03-02 00:57:27 - INFO - ===
2025-03-02 00:57:28 - INFO - Moderator: Player1 has been voted out.
2025-03-02 00:57:28 - INFO - Moderator: The game is over. The werewolves have been defeated, and the village is safe once again!
2025-03-02 00:57:28 - INFO - Moderator: The game is over. The werewolves have been defeated, and the village is safe once again!
