{"basefilepath":"logs/fastslow","max_days_per_game":5,"num_games":20,"reflect_before_vectorstore":true,"max_werewolf_discussion_round":3,"similarity_top_k":2,"random_seed":43}
2025-03-02 00:45:27 - INFO - Starting game 2
2025-03-02 00:45:27 - INFO - Moderator: Player1, if you are the only werewolf, eliminate a player. Otherwise, discuss with your teammates and reach an agreement.
2025-03-02 00:45:27 - INFO - Moderator: Player1, if you are the only werewolf, eliminate a player. Otherwise, discuss with your teammates and reach an agreement.
2025-03-02 00:45:27 - INFO - ===
2025-03-02 00:45:27 - INFO - Query: Discussions related to villagers, seer, witch.
2025-03-02 00:45:27 - INFO - Retrieved similar documents: 
2025-03-02 00:45:27 - INFO - ===
2025-03-02 00:45:29 - INFO - Werewolves discussion: I think we should all share our suspicions and what we think about each other. It helps us narrow down who might be the werewolves. For instance, I've noticed Player3 has been quite quiet. What do you all think about that?
2025-03-02 00:45:29 - INFO - ===
2025-03-02 00:45:29 - INFO - Query: Discussions related to villagers, seer, witch.
2025-03-02 00:45:29 - INFO - Retrieved similar documents: 
2025-03-02 00:45:29 - INFO - ===
2025-03-02 00:45:30 - INFO - Werewolves discussion: I think we should discuss who we suspect might be the werewolves. I feel like Player2 has been acting a bit suspicious. They seem too quiet.
2025-03-02 00:45:30 - INFO - Moderator: Which player do you vote to kill?
2025-03-02 00:45:30 - INFO - Moderator: Which player do you vote to kill?
2025-03-02 00:45:30 - INFO - ===
2025-03-02 00:45:30 - INFO - Query: Discussions related to villagers, seer, witch.
2025-03-02 00:45:30 - INFO - Retrieved similar documents: 
2025-03-02 00:45:30 - INFO - ===
2025-03-02 00:45:31 - INFO - ===
2025-03-02 00:45:31 - INFO - Fast Response: {"thought": "I need to eliminate a potential threat, and Player2 seems suspicious based on their previous comments, which lacked clarity. I believe they might be trying to deflect attention away from themselves.", "vote": "Player2", "uncertainty_score": 0.3}
2025-03-02 00:45:31 - INFO - Fast Uncertainty: 0.3
2025-03-02 00:45:31 - INFO - ===
2025-03-02 00:45:34 - INFO - ===
2025-03-02 00:45:34 - INFO - Slow Response: {"thought": "As a werewolf, I need to choose a villager to eliminate to decrease their numbers without drawing attention to myself and my partner. There is no obvious choice since the game has just begun, so I'll randomly select a player.", "vote": "Player2", "uncertainty_score": "0.7"}
2025-03-02 00:45:34 - INFO - ===
2025-03-02 00:45:34 - INFO - Moderator: The player with the most votes is Player2.
2025-03-02 00:45:34 - INFO - Moderator: Player4, you're the witch. Tonight Player2 is eliminated. Would you like to resurrect Player2?
2025-03-02 00:45:34 - INFO - ===
2025-03-02 00:45:34 - INFO - Query: Discussions related to werewolves.
2025-03-02 00:45:34 - INFO - Retrieved similar documents: 
2025-03-02 00:45:34 - INFO - ===
2025-03-02 00:45:36 - INFO - Witch resurrection response: I choose to resurrect Player2 because gaining their insights may help us identify the werewolves more effectively.
2025-03-02 00:45:36 - INFO - Moderator: The witch has chosen to resurrect the player.
2025-03-02 00:45:36 - INFO - Moderator: Player3, you're the seer. Which player in Player1, Player2, Player3 and Player4 would you like to check tonight?
2025-03-02 00:45:36 - INFO - ===
2025-03-02 00:45:36 - INFO - Query: Discussions related to werewolves.
2025-03-02 00:45:36 - INFO - Retrieved similar documents: 
2025-03-02 00:45:36 - INFO - ===
2025-03-02 00:45:36 - INFO - Seer response: Player1
2025-03-02 00:45:36 - INFO - Moderator: Okay, the role of Player1 is a werewolf.
2025-03-02 00:45:48 - INFO - ===
2025-03-02 00:45:48 - INFO - Query: Discussions related to villagers, seer, witch.
2025-03-02 00:45:48 - INFO - Retrieved similar documents: In reviewing the decisions made by Player1 during the game, we can analyze a few key strategic elements:

1. **Maintaining Cover and Gathering Information**: Throughout the game, Player1 prioritized maintaining their cover, indicating a role that required subtlety and deception様ikely that of a werewolf. The focus on gathering information and observing other players is critical in the early stages of the game to help identify potential threats and allies.

2. **Influencing Discussions**: Player1 strategically pushed the conversation toward sowing doubt among other players. By pointing out Player3's quietness and casting suspicion on Player2, Player1 aimed to shift the focus away from themselves and potentially fracture alliances or build distrust among the villagers.

3. **Risk Management in Voting**: When tasked with choosing someone to eliminate, Player1 opted for a random selection with an uncertainty score of 0.7. This indicates a strategic balance between the urgency of reducing villager numbers and the risk of raising suspicion.

### Implications for Future Strategic Decisions:

- **Balance and Timing in Strategies**: Future strategies could benefit from a careful balance between aggressive plays and subtle maneuvers, adjusting based on the gathered intelligence and the dynamics of the group. Timing in these actions is crucial to avoid premature exposure.

- **Building Trust Versus Sowing Doubt**: A successful werewolf strategy revolves around creating a smokescreen of doubt while simultaneously nurturing certain trust alignments. Future players might benefit from focusing slightly more on fortifying alliances than solely on chaos.

- **Adaptive Voting Strategy**: Adaptive voting, where decisions are informed by evolving cues from discussions, can be more effective than random selection. Identifying behavioral patterns or slip-ups during meeting discussions can inform a more targeted approach in vote-related decisions.

In conclusion, while Player1 demonstrated effective techniques in maintaining disguise and deflecting suspicion, refining approaches to voting and balancing the dual strategy of trust-building and sowing doubt could enhance long-term success in similar role-based scenarios.
2025-03-02 00:45:48 - INFO - ===
2025-03-02 00:45:50 - INFO - ===
2025-03-02 00:45:50 - INFO - Query: Discussions related to werewolves.
2025-03-02 00:45:50 - INFO - Retrieved similar documents: 
2025-03-02 00:45:50 - INFO - ===
2025-03-02 00:45:52 - INFO - ===
2025-03-02 00:45:52 - INFO - Query: Discussions related to werewolves.
2025-03-02 00:45:52 - INFO - Retrieved similar documents: Moderator: Okay, the role of Player1 is a werewolf.
Player3: {"thought": "I need to gather information to help identify the werewolves. I'll check Player1 tonight to see their role.", "speak": "Player1"}
2025-03-02 00:45:52 - INFO - ===
2025-03-02 00:45:54 - INFO - ===
2025-03-02 00:45:54 - INFO - Query: Discussions related to werewolves.
2025-03-02 00:45:54 - INFO - Retrieved similar documents: Player4: {"thought": "It's important to maintain balance in the game as we have two werewolves and two villagers left. By resurrecting Player2, I can gather more information about the players' true roles, especially since the elimination process has started and we need to be cautious about who we trust.", "speak": "I choose to resurrect Player2 because gaining their insights may help us identify the werewolves more effectively.", "resurrect": true}
2025-03-02 00:45:54 - INFO - ===
2025-03-02 00:45:56 - INFO - Survivors Discussion: I agree that we should carefully consider Player1's actions. We need to gather as much information as possible before making any decisions.
2025-03-02 00:45:56 - INFO - Moderator: Given the game rules and your role, based on the situation and the information you gain, to win the game, it's time to vote one player eliminated among the alive players. Which player do you vote to kill?
2025-03-02 00:45:56 - INFO - ===
2025-03-02 00:45:56 - INFO - Query: Discussions related to villagers, seer, witch.
2025-03-02 00:45:56 - INFO - Retrieved similar documents: In reviewing the decisions made by Player1 during the game, we can analyze a few key strategic elements:

1. **Maintaining Cover and Gathering Information**: Throughout the game, Player1 prioritized maintaining their cover, indicating a role that required subtlety and deception様ikely that of a werewolf. The focus on gathering information and observing other players is critical in the early stages of the game to help identify potential threats and allies.

2. **Influencing Discussions**: Player1 strategically pushed the conversation toward sowing doubt among other players. By pointing out Player3's quietness and casting suspicion on Player2, Player1 aimed to shift the focus away from themselves and potentially fracture alliances or build distrust among the villagers.

3. **Risk Management in Voting**: When tasked with choosing someone to eliminate, Player1 opted for a random selection with an uncertainty score of 0.7. This indicates a strategic balance between the urgency of reducing villager numbers and the risk of raising suspicion.

### Implications for Future Strategic Decisions:

- **Balance and Timing in Strategies**: Future strategies could benefit from a careful balance between aggressive plays and subtle maneuvers, adjusting based on the gathered intelligence and the dynamics of the group. Timing in these actions is crucial to avoid premature exposure.

- **Building Trust Versus Sowing Doubt**: A successful werewolf strategy revolves around creating a smokescreen of doubt while simultaneously nurturing certain trust alignments. Future players might benefit from focusing slightly more on fortifying alliances than solely on chaos.

- **Adaptive Voting Strategy**: Adaptive voting, where decisions are informed by evolving cues from discussions, can be more effective than random selection. Identifying behavioral patterns or slip-ups during meeting discussions can inform a more targeted approach in vote-related decisions.

In conclusion, while Player1 demonstrated effective techniques in maintaining disguise and deflecting suspicion, refining approaches to voting and balancing the dual strategy of trust-building and sowing doubt could enhance long-term success in similar role-based scenarios.
2025-03-02 00:45:56 - INFO - ===
2025-03-02 00:45:58 - INFO - ===
2025-03-02 00:45:58 - INFO - Fast Response: {"thought": "I need to eliminate a player who seems suspicious but also avoid drawing attention to myself. Player3 has been pretty quiet, which could indicate they're trying to stay under the radar. However, Player2 is also acting defensively, suggesting they might be hiding something. I am leaning towards Player3 for now since we need to take a risk to reduce the number of villagers.", "vote": "Player3", "uncertainty_score": "0.5"}
2025-03-02 00:45:58 - INFO - Fast Uncertainty: 0.5
2025-03-02 00:45:58 - INFO - ===
2025-03-02 00:46:00 - INFO - ===
2025-03-02 00:46:00 - INFO - Slow Response: {"thought": "It's crucial to direct suspicion away from myself, so I should vote for Player2, who I've previously cast doubt upon. This maintains consistency in my strategy and helps to fracture alliances among the villagers.", "vote": "Player2", "uncertainty_score": "0.6"}
2025-03-02 00:46:00 - INFO - ===
2025-03-02 00:46:00 - INFO - ===
2025-03-02 00:46:00 - INFO - Query: Discussions related to werewolves.
2025-03-02 00:46:00 - INFO - Retrieved similar documents: Player2: {"thought": "I agree with Player1's observation about Player3 being quiet. It could be a tactic used by werewolves to blend in and avoid suspicion. I need to keep an eye on Player3.", "speak": "Yes, I noticed that too. Player3 has been quite silent. We should definitely consider that in our discussion."}
Player2: {"thought": "I agree with Player1's observation about Player3 being quiet. It could be a tactic used by werewolves to blend in and avoid suspicion. I need to keep an eye on Player3.", "speak": "Yes, I noticed that too. Player3 has been quite silent. We should definitely consider that in our discussion."}
2025-03-02 00:46:00 - INFO - ===
2025-03-02 00:46:02 - INFO - ===
2025-03-02 00:46:02 - INFO - Query: Discussions related to werewolves.
2025-03-02 00:46:02 - INFO - Retrieved similar documents: Moderator: Okay, the role of Player1 is a werewolf.
Player3: {"thought": "I need to gather information to help identify the werewolves. I'll check Player1 tonight to see their role.", "speak": "Player1"}
2025-03-02 00:46:02 - INFO - ===
2025-03-02 00:46:04 - INFO - ===
2025-03-02 00:46:04 - INFO - Query: Discussions related to werewolves.
2025-03-02 00:46:04 - INFO - Retrieved similar documents: Player4: {"thought": "Player3 is raising suspicions about Player1, which could either be a strategic move if Player3 is a werewolf or genuine concern if they are a villager. I should gauge Player2's reaction and consider how to approach this conversation without revealing my role as a witch.", "speak": "I agree that we should carefully consider Player1's actions. We need to gather as much information as possible before making any decisions."}
2025-03-02 00:46:04 - INFO - ===
2025-03-02 00:46:09 - INFO - Moderator: Player3 has been voted out.
2025-03-02 00:46:22 - INFO - Moderator: Player1, if you are the only werewolf, eliminate a player. Otherwise, discuss with your teammates and reach an agreement.
2025-03-02 00:46:22 - INFO - Moderator: Player1, if you are the only werewolf, eliminate a player. Otherwise, discuss with your teammates and reach an agreement.
2025-03-02 00:46:22 - INFO - ===
2025-03-02 00:46:22 - INFO - Query: Discussions related to villagers, seer, witch.
2025-03-02 00:46:22 - INFO - Retrieved similar documents: In reviewing the decisions made by Player1 during the game, we can analyze a few key strategic elements:

1. **Maintaining Cover and Gathering Information**: Throughout the game, Player1 prioritized maintaining their cover, indicating a role that required subtlety and deception様ikely that of a werewolf. The focus on gathering information and observing other players is critical in the early stages of the game to help identify potential threats and allies.

2. **Influencing Discussions**: Player1 strategically pushed the conversation toward sowing doubt among other players. By pointing out Player3's quietness and casting suspicion on Player2, Player1 aimed to shift the focus away from themselves and potentially fracture alliances or build distrust among the villagers.

3. **Risk Management in Voting**: When tasked with choosing someone to eliminate, Player1 opted for a random selection with an uncertainty score of 0.7. This indicates a strategic balance between the urgency of reducing villager numbers and the risk of raising suspicion.

### Implications for Future Strategic Decisions:

- **Balance and Timing in Strategies**: Future strategies could benefit from a careful balance between aggressive plays and subtle maneuvers, adjusting based on the gathered intelligence and the dynamics of the group. Timing in these actions is crucial to avoid premature exposure.

- **Building Trust Versus Sowing Doubt**: A successful werewolf strategy revolves around creating a smokescreen of doubt while simultaneously nurturing certain trust alignments. Future players might benefit from focusing slightly more on fortifying alliances than solely on chaos.

- **Adaptive Voting Strategy**: Adaptive voting, where decisions are informed by evolving cues from discussions, can be more effective than random selection. Identifying behavioral patterns or slip-ups during meeting discussions can inform a more targeted approach in vote-related decisions.

In conclusion, while Player1 demonstrated effective techniques in maintaining disguise and deflecting suspicion, refining approaches to voting and balancing the dual strategy of trust-building and sowing doubt could enhance long-term success in similar role-based scenarios.
Throughout the game, Player1's strategy involved assessing behaviors and creating suspicion among other players to deflect attention from themselves. The key decisions involved monitoring other players' activities and strategically pointing fingers at players who appeared less engaged, specifically targeting Player3 for being quiet. This move was an attempt to create doubt and conversation that would not focus on Player1.

The reflections on their thoughts and the voting behavior indicate a pattern of trying to control the narrative by maintaining consistency in suspicion towards Player2, aiming to keep alliances among other players weakened and scattered. Player1's uncertainty score of 0.6 suggests they were moderately unsure about this strategy's effectiveness, but continued with it possibly due to a lack of stronger alternatives.

### Implications for Future Strategic Decisions:

1. **Consistency in Strategy**: Maintaining a consistent line of suspicion can be an effective way to sow doubt among other players, provided it limits exposure to you. However, balancing this requires careful attention to how others perceive the shifting narratives.

2. **Behavioral Monitoring**: Observing activity levels and participation in discussions can significantly influence strategic decision-making, especially when identifying potential non-vocal threats.

3. **Adaptive Strategies**: A moderate uncertainty score indicates that Player1 was unsure of their strategy's success. Going forward, more adaptive tactics might involve switching between offensive and defensive maneuvers as new information comes to light.

4. **Diversifying Alliances**: Engaging with multiple plausible narratives and forming temporary alliances might offer better shields against suspicion, ensuring a longer survival in the game.

5. **Risk Management**: Every move should consider the risk of reversal or counter-blame. Preventive measures, like engaging in logical discussions or voting patterns with supporting rationale, can provide a safety net.

Being aware of these strategic lessons will help in dynamically adapting plans to maintain a sustainable position in future rounds.
2025-03-02 00:46:22 - INFO - ===
2025-03-02 00:46:24 - INFO - Werewolves discussion: I noticed that Player2 has been quite quiet and hasn't contributed much to the discussions lately. We should think carefully about whether we can trust them, especially now that Player3 is gone.
2025-03-02 00:46:24 - INFO - ===
2025-03-02 00:46:24 - INFO - Query: Discussions related to villagers, seer, witch.
2025-03-02 00:46:24 - INFO - Retrieved similar documents: In reviewing the decisions made by Player1 during the game, we can analyze a few key strategic elements:

1. **Maintaining Cover and Gathering Information**: Throughout the game, Player1 prioritized maintaining their cover, indicating a role that required subtlety and deception様ikely that of a werewolf. The focus on gathering information and observing other players is critical in the early stages of the game to help identify potential threats and allies.

2. **Influencing Discussions**: Player1 strategically pushed the conversation toward sowing doubt among other players. By pointing out Player3's quietness and casting suspicion on Player2, Player1 aimed to shift the focus away from themselves and potentially fracture alliances or build distrust among the villagers.

3. **Risk Management in Voting**: When tasked with choosing someone to eliminate, Player1 opted for a random selection with an uncertainty score of 0.7. This indicates a strategic balance between the urgency of reducing villager numbers and the risk of raising suspicion.

### Implications for Future Strategic Decisions:

- **Balance and Timing in Strategies**: Future strategies could benefit from a careful balance between aggressive plays and subtle maneuvers, adjusting based on the gathered intelligence and the dynamics of the group. Timing in these actions is crucial to avoid premature exposure.

- **Building Trust Versus Sowing Doubt**: A successful werewolf strategy revolves around creating a smokescreen of doubt while simultaneously nurturing certain trust alignments. Future players might benefit from focusing slightly more on fortifying alliances than solely on chaos.

- **Adaptive Voting Strategy**: Adaptive voting, where decisions are informed by evolving cues from discussions, can be more effective than random selection. Identifying behavioral patterns or slip-ups during meeting discussions can inform a more targeted approach in vote-related decisions.

In conclusion, while Player1 demonstrated effective techniques in maintaining disguise and deflecting suspicion, refining approaches to voting and balancing the dual strategy of trust-building and sowing doubt could enhance long-term success in similar role-based scenarios.
Throughout the game, Player1's strategy involved assessing behaviors and creating suspicion among other players to deflect attention from themselves. The key decisions involved monitoring other players' activities and strategically pointing fingers at players who appeared less engaged, specifically targeting Player3 for being quiet. This move was an attempt to create doubt and conversation that would not focus on Player1.

The reflections on their thoughts and the voting behavior indicate a pattern of trying to control the narrative by maintaining consistency in suspicion towards Player2, aiming to keep alliances among other players weakened and scattered. Player1's uncertainty score of 0.6 suggests they were moderately unsure about this strategy's effectiveness, but continued with it possibly due to a lack of stronger alternatives.

### Implications for Future Strategic Decisions:

1. **Consistency in Strategy**: Maintaining a consistent line of suspicion can be an effective way to sow doubt among other players, provided it limits exposure to you. However, balancing this requires careful attention to how others perceive the shifting narratives.

2. **Behavioral Monitoring**: Observing activity levels and participation in discussions can significantly influence strategic decision-making, especially when identifying potential non-vocal threats.

3. **Adaptive Strategies**: A moderate uncertainty score indicates that Player1 was unsure of their strategy's success. Going forward, more adaptive tactics might involve switching between offensive and defensive maneuvers as new information comes to light.

4. **Diversifying Alliances**: Engaging with multiple plausible narratives and forming temporary alliances might offer better shields against suspicion, ensuring a longer survival in the game.

5. **Risk Management**: Every move should consider the risk of reversal or counter-blame. Preventive measures, like engaging in logical discussions or voting patterns with supporting rationale, can provide a safety net.

Being aware of these strategic lessons will help in dynamically adapting plans to maintain a sustainable position in future rounds.
2025-03-02 00:46:24 - INFO - ===
2025-03-02 00:46:26 - INFO - Werewolves discussion: I think we need to be careful about who we trust right now. Player3 was quiet, and their elimination has changed the dynamics. I believe Player2's actions are a bit suspect, and we should be cautious before making any voting decisions.
2025-03-02 00:46:26 - INFO - Moderator: Which player do you vote to kill?
2025-03-02 00:46:26 - INFO - Moderator: Which player do you vote to kill?
2025-03-02 00:46:27 - INFO - ===
2025-03-02 00:46:27 - INFO - Query: Discussions related to villagers, seer, witch.
2025-03-02 00:46:27 - INFO - Retrieved similar documents: In reviewing the decisions made by Player1 during the game, we can analyze a few key strategic elements:

1. **Maintaining Cover and Gathering Information**: Throughout the game, Player1 prioritized maintaining their cover, indicating a role that required subtlety and deception様ikely that of a werewolf. The focus on gathering information and observing other players is critical in the early stages of the game to help identify potential threats and allies.

2. **Influencing Discussions**: Player1 strategically pushed the conversation toward sowing doubt among other players. By pointing out Player3's quietness and casting suspicion on Player2, Player1 aimed to shift the focus away from themselves and potentially fracture alliances or build distrust among the villagers.

3. **Risk Management in Voting**: When tasked with choosing someone to eliminate, Player1 opted for a random selection with an uncertainty score of 0.7. This indicates a strategic balance between the urgency of reducing villager numbers and the risk of raising suspicion.

### Implications for Future Strategic Decisions:

- **Balance and Timing in Strategies**: Future strategies could benefit from a careful balance between aggressive plays and subtle maneuvers, adjusting based on the gathered intelligence and the dynamics of the group. Timing in these actions is crucial to avoid premature exposure.

- **Building Trust Versus Sowing Doubt**: A successful werewolf strategy revolves around creating a smokescreen of doubt while simultaneously nurturing certain trust alignments. Future players might benefit from focusing slightly more on fortifying alliances than solely on chaos.

- **Adaptive Voting Strategy**: Adaptive voting, where decisions are informed by evolving cues from discussions, can be more effective than random selection. Identifying behavioral patterns or slip-ups during meeting discussions can inform a more targeted approach in vote-related decisions.

In conclusion, while Player1 demonstrated effective techniques in maintaining disguise and deflecting suspicion, refining approaches to voting and balancing the dual strategy of trust-building and sowing doubt could enhance long-term success in similar role-based scenarios.
Throughout the game, Player1's strategy involved assessing behaviors and creating suspicion among other players to deflect attention from themselves. The key decisions involved monitoring other players' activities and strategically pointing fingers at players who appeared less engaged, specifically targeting Player3 for being quiet. This move was an attempt to create doubt and conversation that would not focus on Player1.

The reflections on their thoughts and the voting behavior indicate a pattern of trying to control the narrative by maintaining consistency in suspicion towards Player2, aiming to keep alliances among other players weakened and scattered. Player1's uncertainty score of 0.6 suggests they were moderately unsure about this strategy's effectiveness, but continued with it possibly due to a lack of stronger alternatives.

### Implications for Future Strategic Decisions:

1. **Consistency in Strategy**: Maintaining a consistent line of suspicion can be an effective way to sow doubt among other players, provided it limits exposure to you. However, balancing this requires careful attention to how others perceive the shifting narratives.

2. **Behavioral Monitoring**: Observing activity levels and participation in discussions can significantly influence strategic decision-making, especially when identifying potential non-vocal threats.

3. **Adaptive Strategies**: A moderate uncertainty score indicates that Player1 was unsure of their strategy's success. Going forward, more adaptive tactics might involve switching between offensive and defensive maneuvers as new information comes to light.

4. **Diversifying Alliances**: Engaging with multiple plausible narratives and forming temporary alliances might offer better shields against suspicion, ensuring a longer survival in the game.

5. **Risk Management**: Every move should consider the risk of reversal or counter-blame. Preventive measures, like engaging in logical discussions or voting patterns with supporting rationale, can provide a safety net.

Being aware of these strategic lessons will help in dynamically adapting plans to maintain a sustainable position in future rounds.
2025-03-02 00:46:27 - INFO - ===
2025-03-02 00:46:28 - INFO - ===
2025-03-02 00:46:28 - INFO - Fast Response: {"thought": "I suspect Player2 is a werewolf based on their behavior and how they've participated in discussions. Player4 seems less suspicious for now. However, I need to remain cautious as things can change quickly in the game.", "vote": "Player2", "uncertainty_score": "0.3"}
2025-03-02 00:46:28 - INFO - Fast Uncertainty: 0.3
2025-03-02 00:46:28 - INFO - ===
2025-03-02 00:46:30 - INFO - ===
2025-03-02 00:46:30 - INFO - Slow Response: {"thought": "With Player3 already eliminated, I need to ensure the focus remains away from me. Player2 has been suspected before, and keeping that narrative consistent could work in my favor. Player4 might be a risk if they're not suspicious of me yet.", "vote": "Player2", "uncertainty_score": "0.5"}
2025-03-02 00:46:30 - INFO - ===
2025-03-02 00:46:30 - INFO - Moderator: The player with the most votes is Player2.
2025-03-02 00:46:31 - INFO - ===
2025-03-02 00:46:31 - INFO - Query: Discussions related to werewolves.
2025-03-02 00:46:31 - INFO - Retrieved similar documents: Player4: {"thought": "Player3 is raising suspicions about Player1, which could either be a strategic move if Player3 is a werewolf or genuine concern if they are a villager. I should gauge Player2's reaction and consider how to approach this conversation without revealing my role as a witch.", "speak": "I agree that we should carefully consider Player1's actions. We need to gather as much information as possible before making any decisions."}
2025-03-02 00:46:31 - INFO - ===
2025-03-02 00:46:33 - INFO - Witch Poison Response: I think we should take a moment to think this through. It痴 critical that we don稚 rush our decision. What do you both think about Player1's behavior? Should we consider eliminating anyone?
2025-03-02 00:46:33 - INFO - The witch has chosen not to poison a player.
2025-03-02 00:46:33 - INFO - Moderator: The werewolves have prevailed and taken over the village. Better luck next time!
