{"basefilepath":"logs/fastslow","max_days_per_game":5,"num_games":20,"reflect_before_vectorstore":true,"max_werewolf_discussion_round":3,"similarity_top_k":2,"random_seed":43}
2025-03-02 00:47:28 - INFO - Starting game 4
2025-03-02 00:47:28 - INFO - Moderator: Player1, if you are the only werewolf, eliminate a player. Otherwise, discuss with your teammates and reach an agreement.
2025-03-02 00:47:28 - INFO - Moderator: Player1, if you are the only werewolf, eliminate a player. Otherwise, discuss with your teammates and reach an agreement.
2025-03-02 00:47:28 - INFO - ===
2025-03-02 00:47:28 - INFO - Query: Discussions related to villagers, seer, witch.
2025-03-02 00:47:28 - INFO - Retrieved similar documents: 
2025-03-02 00:47:28 - INFO - ===
2025-03-02 00:47:30 - INFO - Werewolves discussion: I think Player2 has been acting pretty suspicious lately. I've noticed them being oddly quiet during discussions. What do you all think about that?
2025-03-02 00:47:30 - INFO - Moderator: Which player do you vote to kill?
2025-03-02 00:47:30 - INFO - Moderator: Which player do you vote to kill?
2025-03-02 00:47:30 - INFO - ===
2025-03-02 00:47:30 - INFO - Query: Discussions related to villagers, seer, witch.
2025-03-02 00:47:30 - INFO - Retrieved similar documents: 
2025-03-02 00:47:30 - INFO - ===
2025-03-02 00:47:31 - INFO - ===
2025-03-02 00:47:31 - INFO - Fast Response: {"thought": "I need to identify and eliminate a player who is likely a werewolf. Player2 has been acting suspiciously, so I will vote for them.", "vote": "Player2", "uncertainty_score": 0.3}
2025-03-02 00:47:31 - INFO - Fast Uncertainty: 0.3
2025-03-02 00:47:31 - INFO - ===
2025-03-02 00:47:33 - INFO - ===
2025-03-02 00:47:33 - INFO - Slow Response: {"thought": "I need to vote to eliminate a player as part of my role as a werewolf. However, it is early in the game, and I lack information on who could be the Seer or Witch. I need to make sure my choice does not reveal my intentions.", "vote": "Player3", "uncertainty_score": 0.8}
2025-03-02 00:47:33 - INFO - ===
2025-03-02 00:47:33 - INFO - Moderator: The player with the most votes is Player3.
2025-03-02 00:47:33 - INFO - Moderator: Player4, you're the witch. Tonight Player3 is eliminated. Would you like to resurrect Player3?
2025-03-02 00:47:33 - INFO - ===
2025-03-02 00:47:33 - INFO - Query: Discussions related to werewolves.
2025-03-02 00:47:33 - INFO - Retrieved similar documents: 
2025-03-02 00:47:33 - INFO - ===
2025-03-02 00:47:36 - INFO - Witch resurrection response: I will resurrect Player3 because having them back in the game provides us with more information and the opportunity to deliberate further.
2025-03-02 00:47:36 - INFO - Moderator: The witch has chosen to resurrect the player.
2025-03-02 00:47:36 - INFO - Moderator: Player3, you're the seer. Which player in Player1, Player2, Player3 and Player4 would you like to check tonight?
2025-03-02 00:47:36 - INFO - ===
2025-03-02 00:47:36 - INFO - Query: Discussions related to werewolves.
2025-03-02 00:47:36 - INFO - Retrieved similar documents: 
2025-03-02 00:47:36 - INFO - ===
2025-03-02 00:47:38 - INFO - Seer response: Player2
2025-03-02 00:47:38 - INFO - Moderator: Okay, the role of Player2 is a villager.
2025-03-02 00:47:48 - INFO - ===
2025-03-02 00:47:48 - INFO - Query: Discussions related to villagers, seer, witch.
2025-03-02 00:47:48 - INFO - Retrieved similar documents: In this stage of the game, Player1 is attempting to fulfill their role as a werewolf by strategically deflecting attention away from themselves, while subtly planting seeds of doubt about other players, specifically targeting Player2 and Player3. By doing so, Player1 aims to protect their identity while sowing discord among the villagers. 

Key Decisions:
1. **Redirection of Suspicion**: Player1 focuses the group's attention on Player2, noting their quietness as suspicious. The choice of words ("oddly quiet") suggests that Player2 is behaving in a manner inconsistent with expectations, a tactic used to seed doubt without making hard accusations.
  
2. **Elimination Vote**: Player1's decision to vote for Player3 illustrates a calculated risk. Although they highlight Player2 in conversation, they choose to vote against Player3—possibly as a means to divert attention away from their prior statements and maintain a low profile as a werewolf.

Important Implications for Future Strategic Decisions:

- **Balance Between Aggression and Subtlety**: Player1 skillfully balances their aggression in pointing fingers with subtlety in their voting choices. Future strategies could benefit from this balance, ensuring that werewolves remain inconspicuous.

- **Assessing Uncertainty**: With an uncertainty score of 0.8 attached to their decision to vote for Player3, Player1 seems uncertain about the outcomes. This suggests a need for werewolves to invest more in observing and gathering player behavior insights early on.

- **Consistency in Strategy**: The inconsistency between accusing Player2 verbally and voting against Player3 might cause suspicion if noticed by other players. Future strategies should harmonize spoken suspicions with voting patterns to avoid drawing unnecessary attention.

By reflecting on these past decisions, werewolves can refine their strategies to enhance deceitfulness and misdirection, ensuring their objectives align seamlessly with in-game dynamics for better concealment and strategic execution.
2025-03-02 00:47:48 - INFO - ===
2025-03-02 00:47:51 - INFO - ===
2025-03-02 00:47:51 - INFO - Query: Discussions related to werewolves.
2025-03-02 00:47:51 - INFO - Retrieved similar documents: 
2025-03-02 00:47:51 - INFO - ===
2025-03-02 00:47:53 - INFO - ===
2025-03-02 00:47:53 - INFO - Query: Discussions related to werewolves.
2025-03-02 00:47:53 - INFO - Retrieved similar documents: Moderator: Okay, the role of Player2 is a villager.
Player3: {"thought": "I need to check Player2 tonight to gather some information about their role and help guide the villagers in the right direction.", "speak": "Player2"}
2025-03-02 00:47:53 - INFO - ===
2025-03-02 00:47:54 - INFO - ===
2025-03-02 00:47:54 - INFO - Query: Discussions related to werewolves.
2025-03-02 00:47:54 - INFO - Retrieved similar documents: Player4: {"thought": "I need to consider the implications of resurrecting Player3. If I bring them back, it gives us more information and potentially strengthens our position against the werewolves. However, I must also assess if Player3 was actually a werewolf or if they could be beneficial to our team. Since Player3's elimination could indicate werewolf strategy, it's better to resurrect them.", "speak": "I will resurrect Player3 because having them back in the game provides us with more information and the opportunity to deliberate further.", "resurrect": true}
2025-03-02 00:47:54 - INFO - ===
2025-03-02 00:47:56 - INFO - Survivors Discussion: Since Player3 is back, we should really discuss what happened before their elimination and any suspicions we had about Player1 and Player2.
2025-03-02 00:47:56 - INFO - Moderator: Given the game rules and your role, based on the situation and the information you gain, to win the game, it's time to vote one player eliminated among the alive players. Which player do you vote to kill?
2025-03-02 00:47:56 - INFO - ===
2025-03-02 00:47:56 - INFO - Query: Discussions related to villagers, seer, witch.
2025-03-02 00:47:56 - INFO - Retrieved similar documents: In this stage of the game, Player1 is attempting to fulfill their role as a werewolf by strategically deflecting attention away from themselves, while subtly planting seeds of doubt about other players, specifically targeting Player2 and Player3. By doing so, Player1 aims to protect their identity while sowing discord among the villagers. 

Key Decisions:
1. **Redirection of Suspicion**: Player1 focuses the group's attention on Player2, noting their quietness as suspicious. The choice of words ("oddly quiet") suggests that Player2 is behaving in a manner inconsistent with expectations, a tactic used to seed doubt without making hard accusations.
  
2. **Elimination Vote**: Player1's decision to vote for Player3 illustrates a calculated risk. Although they highlight Player2 in conversation, they choose to vote against Player3—possibly as a means to divert attention away from their prior statements and maintain a low profile as a werewolf.

Important Implications for Future Strategic Decisions:

- **Balance Between Aggression and Subtlety**: Player1 skillfully balances their aggression in pointing fingers with subtlety in their voting choices. Future strategies could benefit from this balance, ensuring that werewolves remain inconspicuous.

- **Assessing Uncertainty**: With an uncertainty score of 0.8 attached to their decision to vote for Player3, Player1 seems uncertain about the outcomes. This suggests a need for werewolves to invest more in observing and gathering player behavior insights early on.

- **Consistency in Strategy**: The inconsistency between accusing Player2 verbally and voting against Player3 might cause suspicion if noticed by other players. Future strategies should harmonize spoken suspicions with voting patterns to avoid drawing unnecessary attention.

By reflecting on these past decisions, werewolves can refine their strategies to enhance deceitfulness and misdirection, ensuring their objectives align seamlessly with in-game dynamics for better concealment and strategic execution.
2025-03-02 00:47:56 - INFO - ===
2025-03-02 00:47:58 - INFO - ===
2025-03-02 00:47:58 - INFO - Fast Response: {"thought": "I believe Player3 might be a bigger threat due to their behavior, but I'm slightly worried that voting for them might make me look suspicious. I need to maintain a fa\u00e7ade of villager-like behavior while keeping the focus off myself.", "vote": "Player3", "uncertainty_score": "0.6"}
2025-03-02 00:47:58 - INFO - Fast Uncertainty: 0.6
2025-03-02 00:47:58 - INFO - ===
2025-03-02 00:48:01 - INFO - ===
2025-03-02 00:48:01 - INFO - Slow Response: {"thought": "The game is still early, and we need to avoid suspicion. I have previously hinted at Player2 being suspiciously quiet, which I can use again if questioned. However, due to my previous focus on them, it might be beneficial to vote for another player to keep my actions less predictable. I'll vote for Player3 again, as their previous vote drew my attention.", "vote": "Player3", "uncertainty_score": "0.7"}
2025-03-02 00:48:01 - INFO - ===
2025-03-02 00:48:02 - INFO - ===
2025-03-02 00:48:02 - INFO - Query: Discussions related to werewolves.
2025-03-02 00:48:02 - INFO - Retrieved similar documents: Player2: {"thought": "I need to defend myself and contribute to the discussion so I don't appear suspicious. I should also consider the dynamics between Player1, Player3, and Player4 to identify any potential alliances or clues pointing to the werewolves.", "speak": "I understand your concerns, Player1, but I think we need to focus on gathering more evidence before jumping to conclusions. What makes you feel that way about me? And what do you think about Player4?"}
Player2: {"thought": "I need to defend myself and contribute to the discussion so I don't appear suspicious. I should also consider the dynamics between Player1, Player3, and Player4 to identify any potential alliances or clues pointing to the werewolves.", "speak": "I understand your concerns, Player1, but I think we need to focus on gathering more evidence before jumping to conclusions. What makes you feel that way about me? And what do you think about Player4?"}
2025-03-02 00:48:02 - INFO - ===
2025-03-02 00:48:04 - INFO - ===
2025-03-02 00:48:04 - INFO - Query: Discussions related to werewolves.
2025-03-02 00:48:04 - INFO - Retrieved similar documents: Moderator: Okay, the role of Player2 is a villager.
Player3: {"thought": "I need to navigate this conversation carefully, as Player2 is confirmed as a villager. It's important to steer the discussion towards Player4 without revealing my role yet.", "speak": "I think it's important that we also assess Player4's actions. How do you feel about their contributions so far?"}
2025-03-02 00:48:04 - INFO - ===
2025-03-02 00:48:07 - INFO - ===
2025-03-02 00:48:07 - INFO - Query: Discussions related to werewolves.
2025-03-02 00:48:07 - INFO - Retrieved similar documents: Player4: {"thought": "I need to consider the implications of resurrecting Player3. If I bring them back, it gives us more information and potentially strengthens our position against the werewolves. However, I must also assess if Player3 was actually a werewolf or if they could be beneficial to our team. Since Player3's elimination could indicate werewolf strategy, it's better to resurrect them.", "speak": "I will resurrect Player3 because having them back in the game provides us with more information and the opportunity to deliberate further.", "resurrect": true}
2025-03-02 00:48:07 - INFO - ===
2025-03-02 00:48:08 - INFO - Moderator: Player1 has been voted out.
2025-03-02 00:48:08 - INFO - Moderator: The game is over. The werewolves have been defeated, and the village is safe once again!
2025-03-02 00:48:08 - INFO - Moderator: The game is over. The werewolves have been defeated, and the village is safe once again!
