{"basefilepath":"logs/fastslow","max_days_per_game":5,"num_games":20,"reflect_before_vectorstore":true,"max_werewolf_discussion_round":3,"similarity_top_k":2,"random_seed":43}
2025-03-02 00:49:33 - INFO - Starting game 7
2025-03-02 00:49:33 - INFO - Moderator: Player1, if you are the only werewolf, eliminate a player. Otherwise, discuss with your teammates and reach an agreement.
2025-03-02 00:49:33 - INFO - Moderator: Player1, if you are the only werewolf, eliminate a player. Otherwise, discuss with your teammates and reach an agreement.
2025-03-02 00:49:33 - INFO - ===
2025-03-02 00:49:33 - INFO - Query: Discussions related to villagers, seer, witch.
2025-03-02 00:49:33 - INFO - Retrieved similar documents: 
2025-03-02 00:49:33 - INFO - ===
2025-03-02 00:49:35 - INFO - Werewolves discussion: I think we should really focus on Player2's behavior last night. They seemed a bit evasive when we discussed our actions. Maybe we should consider if they're hiding something.
2025-03-02 00:49:35 - INFO - Moderator: Which player do you vote to kill?
2025-03-02 00:49:35 - INFO - Moderator: Which player do you vote to kill?
2025-03-02 00:49:35 - INFO - ===
2025-03-02 00:49:35 - INFO - Query: Discussions related to villagers, seer, witch.
2025-03-02 00:49:35 - INFO - Retrieved similar documents: 
2025-03-02 00:49:35 - INFO - ===
2025-03-02 00:49:36 - INFO - ===
2025-03-02 00:49:36 - INFO - Fast Response: {"thought": "I believe Player3 is acting suspiciously and could be a werewolf based on their previous comments.", "vote": "Player3", "uncertainty_score": 0.3}
2025-03-02 00:49:36 - INFO - Fast Uncertainty: 0.3
2025-03-02 00:49:36 - INFO - ===
2025-03-02 00:49:38 - INFO - ===
2025-03-02 00:49:38 - INFO - Slow Response: {"thought": "Since this is the first night, there is very little information to go on. As a werewolf, I need to be strategic about my choice. I want to vote for someone who seems less suspicious as we don't want to draw attention to ourselves too early. Therefore, I will vote for Player3, hoping it goes unnoticed.", "vote": "Player3", "uncertainty_score": "0.7"}
2025-03-02 00:49:38 - INFO - ===
2025-03-02 00:49:38 - INFO - Moderator: The player with the most votes is Player3.
2025-03-02 00:49:38 - INFO - Moderator: Player4, you're the witch. Tonight Player3 is eliminated. Would you like to resurrect Player3?
2025-03-02 00:49:38 - INFO - ===
2025-03-02 00:49:38 - INFO - Query: Discussions related to werewolves.
2025-03-02 00:49:38 - INFO - Retrieved similar documents: 
2025-03-02 00:49:38 - INFO - ===
2025-03-02 00:49:39 - INFO - Witch resurrection response: I will resurrect Player3. We need as much information as possible to identify the werewolves.
2025-03-02 00:49:39 - INFO - Moderator: The witch has chosen to resurrect the player.
2025-03-02 00:49:39 - INFO - Moderator: Player3, you're the seer. Which player in Player1, Player2, Player3 and Player4 would you like to check tonight?
2025-03-02 00:49:39 - INFO - ===
2025-03-02 00:49:39 - INFO - Query: Discussions related to werewolves.
2025-03-02 00:49:39 - INFO - Retrieved similar documents: 
2025-03-02 00:49:39 - INFO - ===
2025-03-02 00:49:40 - INFO - Seer response: Player1
2025-03-02 00:49:40 - INFO - Moderator: Okay, the role of Player1 is a werewolf.
2025-03-02 00:49:50 - INFO - ===
2025-03-02 00:49:50 - INFO - Query: Discussions related to villagers, seer, witch.
2025-03-02 00:49:50 - INFO - Retrieved similar documents: The decisions made by Player1 highlight a strategic approach typical of a werewolf intent on shifting suspicion. Let's unpack the key decisions and implications:

1. **Deflection Tactic**: Player1 chose to shift attention to Player2, citing evasive behavior. This classic deflection technique serves to divert suspicion from Player1. By introducing doubt about Player2, Player1 aims to sow discord and confusion among the group.

2. **Building Trust**: There was an intention to gain the trust of potential villagers by subtly steering conversations. For future strategic decisions, this approach implies that blending in is crucial and requires consistency and credibility in discussions.

3. **Low-Profile Vote**: Player1 voted for Player3 under the rationale that they appear less suspicious, thus maintaining a low profile. This action suggests that early in the game, drawing minimal attention by avoiding contentious votes can be advantageous.

4. **High Uncertainty Score (0.7)**: With a high uncertainty score, Player1 demonstrates a cautious approach, revealing the inherent guesswork and risk management involved. Future strategies might focus on gathering more information early on to reduce uncertainty.

Overall, the decisions made by Player1 emphasize the importance of strategic communication, risk management, and trust-building in early game scenarios. For future games, a critical lesson is the significance of managing suspicion and uncertainty effectively while actively engaging in misdirection to protect one's identity as a werewolf.
2025-03-02 00:49:50 - INFO - ===
2025-03-02 00:49:51 - INFO - ===
2025-03-02 00:49:51 - INFO - Query: Discussions related to werewolves.
2025-03-02 00:49:51 - INFO - Retrieved similar documents: 
2025-03-02 00:49:51 - INFO - ===
2025-03-02 00:49:53 - INFO - ===
2025-03-02 00:49:53 - INFO - Query: Discussions related to werewolves.
2025-03-02 00:49:53 - INFO - Retrieved similar documents: Moderator: Okay, the role of Player1 is a werewolf.
Player3: {"thought": "I need to gather information that can help us identify the werewolves. I'm considering checking Player1 or Player2, as they seem to have varying levels of engagement in the discussions. However, I will pick Player1 for now since I want to see if they might be a werewolf.", "speak": "Player1"}
2025-03-02 00:49:53 - INFO - ===
2025-03-02 00:49:55 - INFO - ===
2025-03-02 00:49:55 - INFO - Query: Discussions related to werewolves.
2025-03-02 00:49:55 - INFO - Retrieved similar documents: Player4: {"thought": "It's important to consider whether Player3 could potentially have valuable information as the seer, or if they're simply a villager. Resurrecting them might help us gather more insights for the next day phase.", "speak": "I will resurrect Player3. We need as much information as possible to identify the werewolves.", "resurrect": true}
2025-03-02 00:49:55 - INFO - ===
2025-03-02 00:49:56 - INFO - Survivors Discussion: Absolutely, Player3. We need to stay vigilant and discuss everyone's actions carefully. Who do you think we should scrutinize the most?
2025-03-02 00:49:56 - INFO - Moderator: Given the game rules and your role, based on the situation and the information you gain, to win the game, it's time to vote one player eliminated among the alive players. Which player do you vote to kill?
2025-03-02 00:49:57 - INFO - ===
2025-03-02 00:49:57 - INFO - Query: Discussions related to villagers, seer, witch.
2025-03-02 00:49:57 - INFO - Retrieved similar documents: The decisions made by Player1 highlight a strategic approach typical of a werewolf intent on shifting suspicion. Let's unpack the key decisions and implications:

1. **Deflection Tactic**: Player1 chose to shift attention to Player2, citing evasive behavior. This classic deflection technique serves to divert suspicion from Player1. By introducing doubt about Player2, Player1 aims to sow discord and confusion among the group.

2. **Building Trust**: There was an intention to gain the trust of potential villagers by subtly steering conversations. For future strategic decisions, this approach implies that blending in is crucial and requires consistency and credibility in discussions.

3. **Low-Profile Vote**: Player1 voted for Player3 under the rationale that they appear less suspicious, thus maintaining a low profile. This action suggests that early in the game, drawing minimal attention by avoiding contentious votes can be advantageous.

4. **High Uncertainty Score (0.7)**: With a high uncertainty score, Player1 demonstrates a cautious approach, revealing the inherent guesswork and risk management involved. Future strategies might focus on gathering more information early on to reduce uncertainty.

Overall, the decisions made by Player1 emphasize the importance of strategic communication, risk management, and trust-building in early game scenarios. For future games, a critical lesson is the significance of managing suspicion and uncertainty effectively while actively engaging in misdirection to protect one's identity as a werewolf.
2025-03-02 00:49:57 - INFO - ===
2025-03-02 00:49:58 - INFO - ===
2025-03-02 00:49:58 - INFO - Fast Response: {"thought": "I feel that Player2 has been acting evasively, and there is a chance they might be a werewolf. It's important to eliminate a potential threat early on. However, I also need to consider that I might be misreading the situation. I will vote for Player2 to deflect suspicion from myself while contributing to the elimination process.", "vote": "Player2", "uncertainty_score": 0.6}
2025-03-02 00:49:58 - INFO - Fast Uncertainty: 0.6
2025-03-02 00:49:58 - INFO - ===
2025-03-02 00:50:00 - INFO - ===
2025-03-02 00:50:00 - INFO - Slow Response: {"thought": "I need to ensure that I redirect suspicion away from myself. Based on prior interactions, casting doubt on Player2's behavior might help create a narrative of suspicion around them. It could persuade others to lean toward eliminating Player2, while I maintain assertive but reasonable arguments against them.", "vote": "Player2", "uncertainty_score": "0.6"}
2025-03-02 00:50:00 - INFO - ===
2025-03-02 00:50:01 - INFO - ===
2025-03-02 00:50:01 - INFO - Query: Discussions related to werewolves.
2025-03-02 00:50:01 - INFO - Retrieved similar documents: Player2: {"thought": "Player1 seems to be suspicious of me, which could be a tactic to deflect attention from themselves or another player. I need to be cautious in responding and may need to turn the focus back on them or gather more insight from Player3 and Player4.", "speak": "I understand your concern, Player1. However, I think we should look at everyone's behavior. We need to discuss the actions and comments of all players to ensure we're accurately identifying the werewolves."}
Player2: {"thought": "Player1 seems to be suspicious of me, which could be a tactic to deflect attention from themselves or another player. I need to be cautious in responding and may need to turn the focus back on them or gather more insight from Player3 and Player4.", "speak": "I understand your concern, Player1. However, I think we should look at everyone's behavior. We need to discuss the actions and comments of all players to ensure we're accurately identifying the werewolves."}
2025-03-02 00:50:01 - INFO - ===
2025-03-02 00:50:03 - INFO - ===
2025-03-02 00:50:03 - INFO - Query: Discussions related to werewolves.
2025-03-02 00:50:03 - INFO - Retrieved similar documents: Moderator: Okay, the role of Player1 is a werewolf.
Player3: {"thought": "I need to gather information that can help us identify the werewolves. I'm considering checking Player1 or Player2, as they seem to have varying levels of engagement in the discussions. However, I will pick Player1 for now since I want to see if they might be a werewolf.", "speak": "Player1"}
2025-03-02 00:50:03 - INFO - ===
2025-03-02 00:50:05 - INFO - ===
2025-03-02 00:50:05 - INFO - Query: Discussions related to werewolves.
2025-03-02 00:50:05 - INFO - Retrieved similar documents: Player4: {"thought": "It's crucial to observe Player1's and Player2's reactions as we revive Player3. Gathering their insights could help us pinpoint the werewolves more effectively.", "speak": "Absolutely, Player3. We need to stay vigilant and discuss everyone's actions carefully. Who do you think we should scrutinize the most?"}
2025-03-02 00:50:05 - INFO - ===
2025-03-02 00:50:07 - INFO - Moderator: Player1 has been voted out.
2025-03-02 00:50:07 - INFO - Moderator: The game is over. The werewolves have been defeated, and the village is safe once again!
2025-03-02 00:50:07 - INFO - Moderator: The game is over. The werewolves have been defeated, and the village is safe once again!
