{"basefilepath":"logs/fastslow","max_days_per_game":5,"num_games":20,"reflect_before_vectorstore":true,"max_werewolf_discussion_round":3,"similarity_top_k":2,"random_seed":43}
2025-03-02 00:51:37 - INFO - Starting game 10
2025-03-02 00:51:37 - INFO - Moderator: Player1, if you are the only werewolf, eliminate a player. Otherwise, discuss with your teammates and reach an agreement.
2025-03-02 00:51:37 - INFO - Moderator: Player1, if you are the only werewolf, eliminate a player. Otherwise, discuss with your teammates and reach an agreement.
2025-03-02 00:51:37 - INFO - ===
2025-03-02 00:51:37 - INFO - Query: Discussions related to villagers, seer, witch.
2025-03-02 00:51:37 - INFO - Retrieved similar documents: 
2025-03-02 00:51:37 - INFO - ===
2025-03-02 00:51:41 - INFO - Werewolves discussion: I have a feeling Player2 might be a werewolf. They didn't seem very engaged in the last discussion, which makes me wonder about their intentions. What does everyone else think about their behavior?
2025-03-02 00:51:41 - INFO - Moderator: Which player do you vote to kill?
2025-03-02 00:51:41 - INFO - Moderator: Which player do you vote to kill?
2025-03-02 00:51:41 - INFO - ===
2025-03-02 00:51:41 - INFO - Query: Discussions related to villagers, seer, witch.
2025-03-02 00:51:41 - INFO - Retrieved similar documents: 
2025-03-02 00:51:41 - INFO - ===
2025-03-02 00:51:42 - INFO - ===
2025-03-02 00:51:43 - INFO - Fast Response: {"thought": "I suspect Player3 based on their suspicious behavior during discussions. They seem to deflect attention and avoid answering direct questions about their role.", "vote": "Player3", "uncertainty_score": "0.3"}
2025-03-02 00:51:43 - INFO - Fast Uncertainty: 0.3
2025-03-02 00:51:43 - INFO - ===
2025-03-02 00:51:45 - INFO - ===
2025-03-02 00:51:45 - INFO - Slow Response: {"thought": "As a werewolf, my goal is to eliminate villagers. Since there's no past information on player roles or actions, I need a strategic yet random guess. Voting to eliminate a player with no specific reason helps maintain my cover.", "vote": "Player3", "uncertainty_score": 0.8}
2025-03-02 00:51:45 - INFO - ===
2025-03-02 00:51:45 - INFO - Moderator: The player with the most votes is Player3.
2025-03-02 00:51:45 - INFO - Moderator: Player4, you're the witch. Tonight Player3 is eliminated. Would you like to resurrect Player3?
2025-03-02 00:51:45 - INFO - ===
2025-03-02 00:51:45 - INFO - Query: Discussions related to werewolves.
2025-03-02 00:51:45 - INFO - Retrieved similar documents: 
2025-03-02 00:51:45 - INFO - ===
2025-03-02 00:51:49 - INFO - Witch resurrection response: I will resurrect Player3 because having another villager's perspective could help us deduce who the werewolves are.
2025-03-02 00:51:49 - INFO - Moderator: The witch has chosen to resurrect the player.
2025-03-02 00:51:49 - INFO - Moderator: Player3, you're the seer. Which player in Player1, Player2, Player3 and Player4 would you like to check tonight?
2025-03-02 00:51:49 - INFO - ===
2025-03-02 00:51:49 - INFO - Query: Discussions related to werewolves.
2025-03-02 00:51:49 - INFO - Retrieved similar documents: 
2025-03-02 00:51:49 - INFO - ===
2025-03-02 00:51:51 - INFO - Seer response: Player1
2025-03-02 00:51:51 - INFO - Moderator: Okay, the role of Player1 is a werewolf.
2025-03-02 00:52:06 - INFO - ===
2025-03-02 00:52:06 - INFO - Query: Discussions related to villagers, seer, witch.
2025-03-02 00:52:06 - INFO - Retrieved similar documents: In reviewing Player1's decisions and behaviors, several strategic implications arise for future games of Werewolf:

1. **Suspicion Management**: Player1 aims to cast suspicion on another player (Player2) by pointing out their lack of engagement. This approach can be effective in drawing attention away from themselves, but it relies heavily on social dynamics and the ability of others to pick up on subtle hints. Future strategic decisions should consider the balance between deflecting suspicion and appearing overly accusatory, which might raise others' suspicions against the accuser.

2. **Maintaining Cover**: As a werewolf, Player1 votes strategically to eliminate another player without revealing their true intentions or role. The decision to vote against Player3 seems random, which can prevent patterns from being detected by other players. For future games, maintaining an element of randomness in voting can be important for blending in with villagers. However, being too random might lead to inconsistencies that other players could eventually notice.

3. **Uncertainty Management**: Player1 maintains a high uncertainty score (0.8) when voting, indicating awareness of the lack of solid evidence against any one player. This awareness can help manage the inherent uncertainty and risk of being caught, but future strategies might include developing better methods to gather information, such as probing other players or forming alliances to reduce uncertainty and make more informed decisions.

4. **Role Concealment**: The dual nature of Player1's role—attempting to identify werewolves while secretly being one—requires careful role concealment. Highlighting suspicions without overcommitting to accusations can maintain this cover. Future strategies should focus on balancing this duality by reading the room effectively and adjusting the level of assertiveness based on the flow of the game.

Overall, the key takeaway is the need for balance between actively participating in discussions to maintain cover and strategizing on actions that do not clearly reveal one's role. Developing better tactics for information gathering and alliance building are essential to enhance strategic play in the game of Werewolf.
2025-03-02 00:52:06 - INFO - ===
2025-03-02 00:52:08 - INFO - ===
2025-03-02 00:52:08 - INFO - Query: Discussions related to werewolves.
2025-03-02 00:52:08 - INFO - Retrieved similar documents: 
2025-03-02 00:52:08 - INFO - ===
2025-03-02 00:52:10 - INFO - ===
2025-03-02 00:52:10 - INFO - Query: Discussions related to werewolves.
2025-03-02 00:52:10 - INFO - Retrieved similar documents: Moderator: Okay, the role of Player1 is a werewolf.
Player3: {"thought": "I need to gather valuable information to help the villagers. I'll check Player1 to see if they are a werewolf or not.", "speak": "Player1"}
2025-03-02 00:52:10 - INFO - ===
2025-03-02 00:52:11 - INFO - ===
2025-03-02 00:52:11 - INFO - Query: Discussions related to werewolves.
2025-03-02 00:52:11 - INFO - Retrieved similar documents: Player4: {"thought": "Since I am the witch and Player3 has been eliminated, I need to consider whether resurrecting them will benefit the villagers or if there is a better strategy. If Player3 is a villager, bringing them back may help us identify the werewolves. However, if I feel that we are close to figuring out who the werewolves are, I might want to save my potion for a more critical moment.", "speak": "I will resurrect Player3 because having another villager's perspective could help us deduce who the werewolves are.", "resurrect": true}
2025-03-02 00:52:11 - INFO - ===
2025-03-02 00:52:13 - INFO - Survivors Discussion: Welcome back, Player3! Let's figure out who we think the werewolves are. Player2, what thoughts do you have about Player1's actions?
2025-03-02 00:52:13 - INFO - Moderator: Given the game rules and your role, based on the situation and the information you gain, to win the game, it's time to vote one player eliminated among the alive players. Which player do you vote to kill?
2025-03-02 00:52:13 - INFO - ===
2025-03-02 00:52:13 - INFO - Query: Discussions related to villagers, seer, witch.
2025-03-02 00:52:13 - INFO - Retrieved similar documents: In reviewing Player1's decisions and behaviors, several strategic implications arise for future games of Werewolf:

1. **Suspicion Management**: Player1 aims to cast suspicion on another player (Player2) by pointing out their lack of engagement. This approach can be effective in drawing attention away from themselves, but it relies heavily on social dynamics and the ability of others to pick up on subtle hints. Future strategic decisions should consider the balance between deflecting suspicion and appearing overly accusatory, which might raise others' suspicions against the accuser.

2. **Maintaining Cover**: As a werewolf, Player1 votes strategically to eliminate another player without revealing their true intentions or role. The decision to vote against Player3 seems random, which can prevent patterns from being detected by other players. For future games, maintaining an element of randomness in voting can be important for blending in with villagers. However, being too random might lead to inconsistencies that other players could eventually notice.

3. **Uncertainty Management**: Player1 maintains a high uncertainty score (0.8) when voting, indicating awareness of the lack of solid evidence against any one player. This awareness can help manage the inherent uncertainty and risk of being caught, but future strategies might include developing better methods to gather information, such as probing other players or forming alliances to reduce uncertainty and make more informed decisions.

4. **Role Concealment**: The dual nature of Player1's role—attempting to identify werewolves while secretly being one—requires careful role concealment. Highlighting suspicions without overcommitting to accusations can maintain this cover. Future strategies should focus on balancing this duality by reading the room effectively and adjusting the level of assertiveness based on the flow of the game.

Overall, the key takeaway is the need for balance between actively participating in discussions to maintain cover and strategizing on actions that do not clearly reveal one's role. Developing better tactics for information gathering and alliance building are essential to enhance strategic play in the game of Werewolf.
2025-03-02 00:52:13 - INFO - ===
2025-03-02 00:52:15 - INFO - ===
2025-03-02 00:52:15 - INFO - Fast Response: {"thought": "I think Player2 is acting suspiciously and not engaging much in discussions, which could indicate they are trying to stay under the radar as a werewolf. The others seem to be more involved. I need to vote strategically to maintain my cover and deflect suspicion towards Player2.", "vote": "Player2", "uncertainty_score": 0.3}
2025-03-02 00:52:15 - INFO - Fast Uncertainty: 0.3
2025-03-02 00:52:15 - INFO - ===
2025-03-02 00:52:16 - INFO - ===
2025-03-02 00:52:16 - INFO - Slow Response: {"thought": "I will vote for Player3, as previously I chose to cast a vote against them, which might keep suspicions consistent and diffuse attention from me.", "vote": "Player3", "uncertainty_score": 0.7}
2025-03-02 00:52:16 - INFO - ===
2025-03-02 00:52:16 - INFO - ===
2025-03-02 00:52:16 - INFO - Query: Discussions related to werewolves.
2025-03-02 00:52:16 - INFO - Retrieved similar documents: Player2: {"thought": "Player1 is trying to divert attention towards me, possibly to cover for themselves or their teammate. I need to defend my position and shift the focus onto Player1's behavior.", "speak": "I appreciate your observation, Player1, but I think we should focus on everyone's actions, not just mine. Have you noticed anything suspicious about either Player3 or Player4?"}
Player2: {"thought": "Player1 is trying to divert attention towards me, possibly to cover for themselves or their teammate. I need to defend my position and shift the focus onto Player1's behavior.", "speak": "I appreciate your observation, Player1, but I think we should focus on everyone's actions, not just mine. Have you noticed anything suspicious about either Player3 or Player4?"}
2025-03-02 00:52:16 - INFO - ===
2025-03-02 00:52:18 - INFO - ===
2025-03-02 00:52:18 - INFO - Query: Discussions related to werewolves.
2025-03-02 00:52:18 - INFO - Retrieved similar documents: Moderator: Okay, the role of Player1 is a werewolf.
Player3: {"thought": "I need to gather valuable information to help the villagers. I'll check Player1 to see if they are a werewolf or not.", "speak": "Player1"}
2025-03-02 00:52:18 - INFO - ===
2025-03-02 00:52:20 - INFO - ===
2025-03-02 00:52:20 - INFO - Query: Discussions related to werewolves.
2025-03-02 00:52:20 - INFO - Retrieved similar documents: Player4: {"thought": "I believe Player3 is back now, and their insights could be crucial. We need to be careful about how we approach Player1 and Player2 regarding their suspicions. It's possible one of them is a werewolf.", "speak": "Welcome back, Player3! Let's figure out who we think the werewolves are. Player2, what thoughts do you have about Player1's actions?"}
2025-03-02 00:52:20 - INFO - ===
2025-03-02 00:52:21 - INFO - Moderator: Player1 has been voted out.
2025-03-02 00:52:21 - INFO - Moderator: The game is over. The werewolves have been defeated, and the village is safe once again!
2025-03-02 00:52:21 - INFO - Moderator: The game is over. The werewolves have been defeated, and the village is safe once again!
