{"basefilepath":"logs/fastslow","max_days_per_game":5,"num_games":20,"reflect_before_vectorstore":true,"max_werewolf_discussion_round":3,"similarity_top_k":2,"random_seed":43}
2025-03-02 00:48:09 - INFO - Starting game 5
2025-03-02 00:48:09 - INFO - Moderator: Player1, if you are the only werewolf, eliminate a player. Otherwise, discuss with your teammates and reach an agreement.
2025-03-02 00:48:09 - INFO - Moderator: Player1, if you are the only werewolf, eliminate a player. Otherwise, discuss with your teammates and reach an agreement.
2025-03-02 00:48:09 - INFO - ===
2025-03-02 00:48:09 - INFO - Query: Discussions related to villagers, seer, witch.
2025-03-02 00:48:09 - INFO - Retrieved similar documents: 
2025-03-02 00:48:09 - INFO - ===
2025-03-02 00:48:10 - INFO - Werewolves discussion: I think we should discuss our suspicions more openly. Player2, you've been rather quiet. What do you think about who we should be looking at?
2025-03-02 00:48:10 - INFO - ===
2025-03-02 00:48:10 - INFO - Query: Discussions related to villagers, seer, witch.
2025-03-02 00:48:10 - INFO - Retrieved similar documents: 
2025-03-02 00:48:10 - INFO - ===
2025-03-02 00:48:12 - INFO - Werewolves discussion: I've been observing everyone closely, and I noticed Player2 seems to be pushing to eliminate Player3 quite aggressively. It makes me wonder if they have any hidden agenda. What do you all think about that? Should we consider Player2's behavior suspicious?
2025-03-02 00:48:12 - INFO - Moderator: Which player do you vote to kill?
2025-03-02 00:48:12 - INFO - Moderator: Which player do you vote to kill?
2025-03-02 00:48:12 - INFO - ===
2025-03-02 00:48:12 - INFO - Query: Discussions related to villagers, seer, witch.
2025-03-02 00:48:12 - INFO - Retrieved similar documents: 
2025-03-02 00:48:12 - INFO - ===
2025-03-02 00:48:14 - INFO - ===
2025-03-02 00:48:14 - INFO - Fast Response: {"thought": "I need to eliminate a player who seems suspicious and could potentially be a werewolf. Both Player2 and Player3 have been quite silent, which raises suspicions. However, Player4 has been a bit more vocal and seems to direct the conversation towards others. I think Player2 is the safest vote for now as I have a gut feeling about them being a potential werewolf.", "vote": "Player2", "uncertainty_score": 0.3}
2025-03-02 00:48:14 - INFO - Fast Uncertainty: 0.3
2025-03-02 00:48:14 - INFO - ===
2025-03-02 00:48:16 - INFO - ===
2025-03-02 00:48:16 - INFO - Slow Response: {"thought": "As a werewolf, I need to choose a player to eliminate while staying under the radar. I'll vote to eliminate Player3, as they might pose a strategic threat to our goals. However, the uncertainty score remains high as it's the beginning of the game, and there isn't much information about other players' roles yet.", "vote": "Player3", "uncertainty_score": 0.8}
2025-03-02 00:48:16 - INFO - ===
2025-03-02 00:48:16 - INFO - Moderator: The player with the most votes is Player3.
2025-03-02 00:48:16 - INFO - Moderator: Player4, you're the witch. Tonight Player3 is eliminated. Would you like to resurrect Player3?
2025-03-02 00:48:16 - INFO - ===
2025-03-02 00:48:16 - INFO - Query: Discussions related to werewolves.
2025-03-02 00:48:16 - INFO - Retrieved similar documents: 
2025-03-02 00:48:16 - INFO - ===
2025-03-02 00:48:18 - INFO - Witch resurrection response: Yes, I will resurrect Player3 because their insights may lead us to the werewolves and aid in our collective efforts.
2025-03-02 00:48:18 - INFO - Moderator: The witch has chosen to resurrect the player.
2025-03-02 00:48:18 - INFO - Moderator: Player3, you're the seer. Which player in Player1, Player2, Player3 and Player4 would you like to check tonight?
2025-03-02 00:48:18 - INFO - ===
2025-03-02 00:48:18 - INFO - Query: Discussions related to werewolves.
2025-03-02 00:48:18 - INFO - Retrieved similar documents: 
2025-03-02 00:48:18 - INFO - ===
2025-03-02 00:48:19 - INFO - Seer response: Player1
2025-03-02 00:48:19 - INFO - Moderator: Okay, the role of Player1 is a werewolf.
2025-03-02 00:48:31 - INFO - ===
2025-03-02 00:48:31 - INFO - Query: Discussions related to villagers, seer, witch.
2025-03-02 00:48:31 - INFO - Retrieved similar documents: In this session, Player1's decisions reveal their strategic positioning as a werewolf. Their approach consisted of:

1. **Encouraging Open Discussion:** Player1 attempts to foster open discussion, which could serve dual purposes: gathering more information to identify threats and creating a facade of transparency to avoid suspicion.

2. **Subtle Deflection and Casting Doubt:** By casting suspicion on Player2 for their quietness, Player1 subtly shifts focus away from themselves. By later casting doubt on Player2's assertive behavior towards Player3, Player1 further attempts to sow discord and confusion among the other players, which could be indicative of an underlying strategy to pit other players against each other.

3. **Voting Strategy:** Player1 strategically decides to vote against Player3, citing their potential as a strategic threat. This indicates a prioritization of eliminating those who might disrupt the werewolf's agenda, even amidst considerable uncertainty about other players' roles.

**Implications for Future Strategic Decisions:**

- **Balancing Openness and Secrecy:** As a werewolf, the balance between appearing engaged and maintaining secrecy about one's identity is critical. This dual approach can potentially bolster trust while concealing Player1's true role.

- **Effectiveness of Misdirection:** Casting blame or suspicion on other players can effectively redirect scrutiny away from oneself. However, this tactic requires finesse to avoid overplaying it and thus raising suspicions about Player1's motives.

- **Decision Timing and Uncertainty Management:** Making decisive votes, even amidst high uncertainty, can swiftly remove potential threats but may also expose one's intentions if done too overtly. Careful consideration should be given to ensure such decisions align with overall game dynamics.

For future games, Player1 might consider expanding on these strategies by employing more nuanced social manipulation and careful observation of other players’ reactions to further consolidate their position. Additionally, continual assessment of the group dynamics and a flexible approach based on evolving information are crucial for strategic refinement in the complex social landscape of Werewolf.
2025-03-02 00:48:31 - INFO - ===
2025-03-02 00:48:33 - INFO - ===
2025-03-02 00:48:33 - INFO - Query: Discussions related to werewolves.
2025-03-02 00:48:33 - INFO - Retrieved similar documents: 
2025-03-02 00:48:33 - INFO - ===
2025-03-02 00:48:35 - INFO - ===
2025-03-02 00:48:35 - INFO - Query: Discussions related to werewolves.
2025-03-02 00:48:35 - INFO - Retrieved similar documents: Moderator: Okay, the role of Player1 is a werewolf.
Player3: {"thought": "I need to gather crucial information about the players. I suspect Player1 could be a werewolf, so I want to check their identity tonight.", "speak": "Player1"}
2025-03-02 00:48:35 - INFO - ===
2025-03-02 00:48:37 - INFO - ===
2025-03-02 00:48:37 - INFO - Query: Discussions related to werewolves.
2025-03-02 00:48:37 - INFO - Retrieved similar documents: Player4: {"thought": "I believe that Player3 could provide valuable information in future discussions, especially if they are a villager. Resurrecting them could help the team identify the werewolves.", "speak": "Yes, I will resurrect Player3 because their insights may lead us to the werewolves and aid in our collective efforts.", "resurrect": true}
2025-03-02 00:48:37 - INFO - ===
2025-03-02 00:48:39 - INFO - Survivors Discussion: I think assessing everyone’s participation is crucial. While Player2 raises a valid point about quieter players, we should also consider the overall contributions made by each player, as that could reveal some hidden agendas.
2025-03-02 00:48:39 - INFO - Moderator: Given the game rules and your role, based on the situation and the information you gain, to win the game, it's time to vote one player eliminated among the alive players. Which player do you vote to kill?
2025-03-02 00:48:40 - INFO - ===
2025-03-02 00:48:40 - INFO - Query: Discussions related to villagers, seer, witch.
2025-03-02 00:48:40 - INFO - Retrieved similar documents: In this session, Player1's decisions reveal their strategic positioning as a werewolf. Their approach consisted of:

1. **Encouraging Open Discussion:** Player1 attempts to foster open discussion, which could serve dual purposes: gathering more information to identify threats and creating a facade of transparency to avoid suspicion.

2. **Subtle Deflection and Casting Doubt:** By casting suspicion on Player2 for their quietness, Player1 subtly shifts focus away from themselves. By later casting doubt on Player2's assertive behavior towards Player3, Player1 further attempts to sow discord and confusion among the other players, which could be indicative of an underlying strategy to pit other players against each other.

3. **Voting Strategy:** Player1 strategically decides to vote against Player3, citing their potential as a strategic threat. This indicates a prioritization of eliminating those who might disrupt the werewolf's agenda, even amidst considerable uncertainty about other players' roles.

**Implications for Future Strategic Decisions:**

- **Balancing Openness and Secrecy:** As a werewolf, the balance between appearing engaged and maintaining secrecy about one's identity is critical. This dual approach can potentially bolster trust while concealing Player1's true role.

- **Effectiveness of Misdirection:** Casting blame or suspicion on other players can effectively redirect scrutiny away from oneself. However, this tactic requires finesse to avoid overplaying it and thus raising suspicions about Player1's motives.

- **Decision Timing and Uncertainty Management:** Making decisive votes, even amidst high uncertainty, can swiftly remove potential threats but may also expose one's intentions if done too overtly. Careful consideration should be given to ensure such decisions align with overall game dynamics.

For future games, Player1 might consider expanding on these strategies by employing more nuanced social manipulation and careful observation of other players’ reactions to further consolidate their position. Additionally, continual assessment of the group dynamics and a flexible approach based on evolving information are crucial for strategic refinement in the complex social landscape of Werewolf.
2025-03-02 00:48:40 - INFO - ===
2025-03-02 00:48:41 - INFO - ===
2025-03-02 00:48:41 - INFO - Fast Response: {"thought": "I still have concerns about Player2's quietness and their sudden assertiveness, which might indicate they are trying to divert attention away from themselves. Player3 also poses a potential threat due to their active participation. However, I feel Player2 is a better target to weaken the group dynamics and focus the villagers' attention elsewhere.", "vote": "Player2", "uncertainty_score": 0.4}
2025-03-02 00:48:41 - INFO - Fast Uncertainty: 0.4
2025-03-02 00:48:41 - INFO - ===
2025-03-02 00:48:44 - INFO - ===
2025-03-02 00:48:44 - INFO - Slow Response: {"thought": "Given the current game state, I need to maintain my cover while steering the suspicion away from Player4 and myself. Player2 has been somewhat quiet and assertive in previous rounds, which I have previously used as a point of suspicion. Given this, voting for Player2 could align with my ongoing strategy to misdirect and align with the previous discussions in the game.", "vote": "Player2", "uncertainty_score": 0.4}
2025-03-02 00:48:44 - INFO - ===
2025-03-02 00:48:44 - INFO - ===
2025-03-02 00:48:44 - INFO - Query: Discussions related to werewolves.
2025-03-02 00:48:44 - INFO - Retrieved similar documents: Player2: {"thought": "Player1 is trying to steer suspicion towards me, possibly to deflect attention from themselves. I need to remain calm and keep the focus on gathering information about everyone's behavior.", "speak": "I appreciate your input, Player1. I've been observing everyone's actions. I feel we should focus on discussing who was quiet during the night because silence can sometimes hide a werewolf. Player4, what do you think about Player3 and my actions so far?"}
Player2: {"thought": "Player1 is trying to steer suspicion towards me, possibly to deflect attention from themselves. I need to remain calm and keep the focus on gathering information about everyone's behavior.", "speak": "I appreciate your input, Player1. I've been observing everyone's actions. I feel we should focus on discussing who was quiet during the night because silence can sometimes hide a werewolf. Player4, what do you think about Player3 and my actions so far?"}
2025-03-02 00:48:44 - INFO - ===
2025-03-02 00:48:46 - INFO - ===
2025-03-02 00:48:46 - INFO - Query: Discussions related to werewolves.
2025-03-02 00:48:46 - INFO - Retrieved similar documents: Moderator: Okay, the role of Player1 is a werewolf.
Player3: {"thought": "I need to gather crucial information about the players. I suspect Player1 could be a werewolf, so I want to check their identity tonight.", "speak": "Player1"}
2025-03-02 00:48:46 - INFO - ===
2025-03-02 00:48:47 - INFO - ===
2025-03-02 00:48:47 - INFO - Query: Discussions related to werewolves.
2025-03-02 00:48:47 - INFO - Retrieved similar documents: Player4: {"thought": "I believe that Player3 could provide valuable information in future discussions, especially if they are a villager. Resurrecting them could help the team identify the werewolves.", "speak": "Yes, I will resurrect Player3 because their insights may lead us to the werewolves and aid in our collective efforts.", "resurrect": true}
2025-03-02 00:48:47 - INFO - ===
2025-03-02 00:48:49 - INFO - Moderator: Player1 has been voted out.
2025-03-02 00:48:49 - INFO - Moderator: The game is over. The werewolves have been defeated, and the village is safe once again!
2025-03-02 00:48:49 - INFO - Moderator: The game is over. The werewolves have been defeated, and the village is safe once again!
