{"basefilepath":"logs/fastslow","max_days_per_game":5,"num_games":20,"reflect_before_vectorstore":true,"max_werewolf_discussion_round":3,"similarity_top_k":2,"random_seed":43}
2025-03-02 00:54:41 - INFO - Starting game 14
2025-03-02 00:54:41 - INFO - Moderator: Player1, if you are the only werewolf, eliminate a player. Otherwise, discuss with your teammates and reach an agreement.
2025-03-02 00:54:41 - INFO - Moderator: Player1, if you are the only werewolf, eliminate a player. Otherwise, discuss with your teammates and reach an agreement.
2025-03-02 00:54:41 - INFO - ===
2025-03-02 00:54:41 - INFO - Query: Discussions related to villagers, seer, witch.
2025-03-02 00:54:41 - INFO - Retrieved similar documents: 
2025-03-02 00:54:41 - INFO - ===
2025-03-02 00:54:43 - INFO - Werewolves discussion: I think we should discuss who might be acting suspiciously. Has anyone noticed any odd behavior from the others? Let's share our thoughts and clues, so we can try to deduce the werewolves' identities.
2025-03-02 00:54:43 - INFO - Moderator: Which player do you vote to kill?
2025-03-02 00:54:43 - INFO - Moderator: Which player do you vote to kill?
2025-03-02 00:54:43 - INFO - ===
2025-03-02 00:54:43 - INFO - Query: Discussions related to villagers, seer, witch.
2025-03-02 00:54:43 - INFO - Retrieved similar documents: 
2025-03-02 00:54:43 - INFO - ===
2025-03-02 00:54:44 - INFO - ===
2025-03-02 00:54:44 - INFO - Fast Response: {"thought": "I need to strategize carefully. I suspect Player2 might be a werewolf because they seem to be deflecting attention away from themselves, but I can't be entirely sure yet. Still, it might be a good move to eliminate them to reduce the werewolves' influence.", "vote": "Player2", "uncertainty_score": 0.3}
2025-03-02 00:54:44 - INFO - Fast Uncertainty: 0.3
2025-03-02 00:54:44 - INFO - ===
2025-03-02 00:54:47 - INFO - ===
2025-03-02 00:54:47 - INFO - Slow Response: {"thought": "As a werewolf, my goal is to blend in and eliminate villagers while remaining undetected. Currently, there's not much conversation history to analyze potential threats or targets. I will make a strategic guess and choose Player3 as our target to eliminate, trying to balance another werewolf's potential insight.", "vote": "Player3", "uncertainty_score": 0.6}
2025-03-02 00:54:47 - INFO - ===
2025-03-02 00:54:47 - INFO - Moderator: The player with the most votes is Player3.
2025-03-02 00:54:47 - INFO - Moderator: Player4, you're the witch. Tonight Player3 is eliminated. Would you like to resurrect Player3?
2025-03-02 00:54:47 - INFO - ===
2025-03-02 00:54:47 - INFO - Query: Discussions related to werewolves.
2025-03-02 00:54:47 - INFO - Retrieved similar documents: 
2025-03-02 00:54:47 - INFO - ===
2025-03-02 00:54:49 - INFO - Witch resurrection response: I choose to resurrect Player3 because they might provide insights during the discussion tomorrow.
2025-03-02 00:54:49 - INFO - Moderator: The witch has chosen to resurrect the player.
2025-03-02 00:54:49 - INFO - Moderator: Player3, you're the seer. Which player in Player1, Player2, Player3 and Player4 would you like to check tonight?
2025-03-02 00:54:49 - INFO - ===
2025-03-02 00:54:49 - INFO - Query: Discussions related to werewolves.
2025-03-02 00:54:49 - INFO - Retrieved similar documents: 
2025-03-02 00:54:49 - INFO - ===
2025-03-02 00:54:50 - INFO - Seer response: Player1
2025-03-02 00:54:50 - INFO - Moderator: Okay, the role of Player1 is a werewolf.
2025-03-02 00:55:04 - INFO - ===
2025-03-02 00:55:04 - INFO - Query: Discussions related to villagers, seer, witch.
2025-03-02 00:55:04 - INFO - Retrieved similar documents: 1. **Role Awareness and Suspicion Expression**: Player1 shows a keen awareness of how accusations can impact player dynamics. By choosing to probe rather than directly accuse others, Player1 effectively creates an environment of collaboration that could benefit information gathering for team objectives. Important implication: Stratagems should be nuanced, encouraging information flow without making other players defensive.

2. **Dual Role Strategy**: Player1 is playing a dual role (publicly as a villager and secretly as a werewolf), requiring subtlety in blending in with villagers. The decision to target Player3 indicates a calculated risk to eliminate a fellow player without appearing too conspicuous. Important implication: Werewolf players must balance assertiveness and discretion, ensuring targets do not draw suspicion back to them.

3. **Early Game Decision-Making**: In the early stages, Player1's choice to engage others in discussion hints at an overarching strategy: to collect data subtly while diverting attention from their own role as a werewolf. Important implication: Maintaining a low profile and engaging in communal information sharing without commitment can deter suspicion and cultivate trust.

4. **Uncertainty Management**: The given uncertainty score (0.6) for voting suggests that Player1 acts with caution, understanding the importance of adaptability in response to shifting game dynamics. Important implication: Assessing and managing uncertainty is crucial when making eliminations, ensuring decisions remain flexible to the changing landscape.

In summary, the strategic approach adopted by Player1 emphasizes careful communication, deception skill, and the management of uncertainty. Future strategies should focus on using collaborative dialogue to disguise true intentions and effectively manipulate the flow of information, ensuring all decisions are adaptable and centered on preserving one's anonymity and advancing the larger agenda.
2025-03-02 00:55:04 - INFO - ===
2025-03-02 00:55:05 - INFO - ===
2025-03-02 00:55:05 - INFO - Query: Discussions related to werewolves.
2025-03-02 00:55:05 - INFO - Retrieved similar documents: 
2025-03-02 00:55:05 - INFO - ===
2025-03-02 00:55:07 - INFO - ===
2025-03-02 00:55:07 - INFO - Query: Discussions related to werewolves.
2025-03-02 00:55:07 - INFO - Retrieved similar documents: Moderator: Okay, the role of Player1 is a werewolf.
Player3: {"thought": "I should check Player1 tonight to gather information about their role. It's important to figure out if they're werewolf or villager, as this will guide our decisions in the upcoming day phase.", "speak": "Player1"}
2025-03-02 00:55:07 - INFO - ===
2025-03-02 00:55:09 - INFO - ===
2025-03-02 00:55:09 - INFO - Query: Discussions related to werewolves.
2025-03-02 00:55:09 - INFO - Retrieved similar documents: Player4: {"thought": "I need to consider if Player3 could be a werewolf or a villager. Resurrecting them could provide valuable information if they are a villager.", "speak": "I choose to resurrect Player3 because they might provide insights during the discussion tomorrow.", "resurrect": true}
2025-03-02 00:55:09 - INFO - ===
2025-03-02 00:55:11 - INFO - Survivors Discussion: I think we should analyze what both Player1 and Player2 have contributed to our discussions. Any insights from Player3 could also be crucial.
2025-03-02 00:55:11 - INFO - Moderator: Given the game rules and your role, based on the situation and the information you gain, to win the game, it's time to vote one player eliminated among the alive players. Which player do you vote to kill?
2025-03-02 00:55:11 - INFO - ===
2025-03-02 00:55:11 - INFO - Query: Discussions related to villagers, seer, witch.
2025-03-02 00:55:11 - INFO - Retrieved similar documents: 1. **Role Awareness and Suspicion Expression**: Player1 shows a keen awareness of how accusations can impact player dynamics. By choosing to probe rather than directly accuse others, Player1 effectively creates an environment of collaboration that could benefit information gathering for team objectives. Important implication: Stratagems should be nuanced, encouraging information flow without making other players defensive.

2. **Dual Role Strategy**: Player1 is playing a dual role (publicly as a villager and secretly as a werewolf), requiring subtlety in blending in with villagers. The decision to target Player3 indicates a calculated risk to eliminate a fellow player without appearing too conspicuous. Important implication: Werewolf players must balance assertiveness and discretion, ensuring targets do not draw suspicion back to them.

3. **Early Game Decision-Making**: In the early stages, Player1's choice to engage others in discussion hints at an overarching strategy: to collect data subtly while diverting attention from their own role as a werewolf. Important implication: Maintaining a low profile and engaging in communal information sharing without commitment can deter suspicion and cultivate trust.

4. **Uncertainty Management**: The given uncertainty score (0.6) for voting suggests that Player1 acts with caution, understanding the importance of adaptability in response to shifting game dynamics. Important implication: Assessing and managing uncertainty is crucial when making eliminations, ensuring decisions remain flexible to the changing landscape.

In summary, the strategic approach adopted by Player1 emphasizes careful communication, deception skill, and the management of uncertainty. Future strategies should focus on using collaborative dialogue to disguise true intentions and effectively manipulate the flow of information, ensuring all decisions are adaptable and centered on preserving one's anonymity and advancing the larger agenda.
2025-03-02 00:55:11 - INFO - ===
2025-03-02 00:55:12 - INFO - ===
2025-03-02 00:55:12 - INFO - Fast Response: {"thought": "I'm leaning towards voting out Player3 since I suspect they could be a villager with the potential to identify one of the werewolves, and eliminating them might benefit my side. However, I need to stay cautious, as the other players may have their own suspicions as well.", "vote": "Player3", "uncertainty_score": "0.4"}
2025-03-02 00:55:12 - INFO - Fast Uncertainty: 0.4
2025-03-02 00:55:12 - INFO - ===
2025-03-02 00:55:15 - INFO - ===
2025-03-02 00:55:15 - INFO - Slow Response: {"thought": "As a werewolf, the aim is to eliminate villagers without drawing suspicion. Player2 has been relatively quiet, which could mean they are trying to avoid attention or they might be a special role. Eliminating them might not raise too much suspicion, but I need to be cautious.", "vote": "Player2", "uncertainty_score": "0.7"}
2025-03-02 00:55:15 - INFO - ===
2025-03-02 00:55:15 - INFO - ===
2025-03-02 00:55:15 - INFO - Query: Discussions related to werewolves.
2025-03-02 00:55:15 - INFO - Retrieved similar documents: Player2: {"thought": "I need to defend against any accusation while also trying to gather insights on others' perceptions. Player1 is hinting at Player3, but I should keep an open mind about everyone.", "speak": "I think it's crucial that we look at everyone's behavior, not just Player3. What about Player4's reactions? Have they been suspicious, too?"}
Player2: {"thought": "I need to defend against any accusation while also trying to gather insights on others' perceptions. Player1 is hinting at Player3, but I should keep an open mind about everyone.", "speak": "I think it's crucial that we look at everyone's behavior, not just Player3. What about Player4's reactions? Have they been suspicious, too?"}
2025-03-02 00:55:15 - INFO - ===
2025-03-02 00:55:17 - INFO - ===
2025-03-02 00:55:17 - INFO - Query: Discussions related to werewolves.
2025-03-02 00:55:17 - INFO - Retrieved similar documents: Moderator: Okay, the role of Player1 is a werewolf.
Player3: {"thought": "I need to play it carefully and sow doubt among the other players while subtly guiding them towards realizing that Player1 is a werewolf. It's important to share my insight without revealing my role as the Seer.", "speak": "I agree, Player2, but we should also consider what Player1 has said and done. Was there anything that stood out to anyone during our discussions?"}
2025-03-02 00:55:17 - INFO - ===
2025-03-02 00:55:20 - INFO - ===
2025-03-02 00:55:20 - INFO - Query: Discussions related to werewolves.
2025-03-02 00:55:20 - INFO - Retrieved similar documents: Player4: {"thought": "I need to consider if Player3 could be a werewolf or a villager. Resurrecting them could provide valuable information if they are a villager.", "speak": "I choose to resurrect Player3 because they might provide insights during the discussion tomorrow.", "resurrect": true}
2025-03-02 00:55:20 - INFO - ===
2025-03-02 00:55:21 - INFO - Moderator: Player1 has been voted out.
2025-03-02 00:55:21 - INFO - Moderator: The game is over. The werewolves have been defeated, and the village is safe once again!
2025-03-02 00:55:21 - INFO - Moderator: The game is over. The werewolves have been defeated, and the village is safe once again!
