{"basefilepath":"logs/fastslow","max_days_per_game":5,"num_games":20,"reflect_before_vectorstore":true,"max_werewolf_discussion_round":3,"similarity_top_k":2,"random_seed":43}
2025-03-02 00:46:34 - INFO - Starting game 3
2025-03-02 00:46:34 - INFO - Moderator: Player1, if you are the only werewolf, eliminate a player. Otherwise, discuss with your teammates and reach an agreement.
2025-03-02 00:46:34 - INFO - Moderator: Player1, if you are the only werewolf, eliminate a player. Otherwise, discuss with your teammates and reach an agreement.
2025-03-02 00:46:34 - INFO - ===
2025-03-02 00:46:34 - INFO - Query: Discussions related to villagers, seer, witch.
2025-03-02 00:46:34 - INFO - Retrieved similar documents: 
2025-03-02 00:46:34 - INFO - ===
2025-03-02 00:46:35 - INFO - Werewolves discussion: I think we should discuss who we find suspicious based on what happened last night. It’s important that we share our thoughts to identify the werewolves together.
2025-03-02 00:46:35 - INFO - Moderator: Which player do you vote to kill?
2025-03-02 00:46:35 - INFO - Moderator: Which player do you vote to kill?
2025-03-02 00:46:35 - INFO - ===
2025-03-02 00:46:35 - INFO - Query: Discussions related to villagers, seer, witch.
2025-03-02 00:46:35 - INFO - Retrieved similar documents: 
2025-03-02 00:46:35 - INFO - ===
2025-03-02 00:46:37 - INFO - ===
2025-03-02 00:46:37 - INFO - Fast Response: {"thought": "I need to choose a player to eliminate who I suspect might be a werewolf. I have some trust in Player2 and Player3, but Player4 seems more suspicious based on their recent behavior.", "vote": "Player4", "uncertainty_score": 0.3}
2025-03-02 00:46:37 - INFO - Fast Uncertainty: 0.3
2025-03-02 00:46:37 - INFO - ===
2025-03-02 00:46:39 - INFO - ===
2025-03-02 00:46:39 - INFO - Slow Response: {"thought": "At this stage, I have very little information to go on since it's the beginning of the game. Strategically, it's beneficial to vote to eliminate a player who might not gather suspicion during day phases. Therefore, I would vote randomly among the villagers to avoid drawing attention to myself.", "vote": "Player2", "uncertainty_score": "0.8"}
2025-03-02 00:46:39 - INFO - ===
2025-03-02 00:46:39 - INFO - Moderator: The player with the most votes is Player2.
2025-03-02 00:46:39 - INFO - Moderator: Player4, you're the witch. Tonight Player2 is eliminated. Would you like to resurrect Player2?
2025-03-02 00:46:39 - INFO - ===
2025-03-02 00:46:39 - INFO - Query: Discussions related to werewolves.
2025-03-02 00:46:39 - INFO - Retrieved similar documents: 
2025-03-02 00:46:39 - INFO - ===
2025-03-02 00:46:41 - INFO - Witch resurrection response: I think we should resurrect Player2. They may have insights or even be the Seer, which would be crucial for our strategy moving forward.
2025-03-02 00:46:41 - INFO - Moderator: The witch has chosen to resurrect the player.
2025-03-02 00:46:41 - INFO - Moderator: Player3, you're the seer. Which player in Player1, Player2, Player3 and Player4 would you like to check tonight?
2025-03-02 00:46:41 - INFO - ===
2025-03-02 00:46:41 - INFO - Query: Discussions related to werewolves.
2025-03-02 00:46:41 - INFO - Retrieved similar documents: 
2025-03-02 00:46:41 - INFO - ===
2025-03-02 00:46:42 - INFO - Seer response: Player1
2025-03-02 00:46:42 - INFO - Moderator: Okay, the role of Player1 is a werewolf.
2025-03-02 00:46:54 - INFO - ===
2025-03-02 00:46:54 - INFO - Query: Discussions related to villagers, seer, witch.
2025-03-02 00:46:54 - INFO - Retrieved similar documents: Reviewing Player1's strategic decisions provides several interesting insights into decision-making under uncertainty in Werewolf:

1. **Information Gathering and Sharing**: Player1 emphasizes the importance of collective information sharing to identify werewolves. Their prompt to discuss suspicions is a strategic move to gather more information without giving away their identity. This highlights the utility of communication as a strategic tool to gain insights without revealing oneself.

2. **Random Voting Strategy**: Faced with limited information early in the game, Player1 opts for a random vote. This can be a double-edged sword: while reducing personal suspicion, it risks eliminating a potential ally. The decision reflects a conservative strategy to maintain personal safety rather than aggressively pursuing werewolf targets.

3. **High Uncertainty Management**: With an uncertainty score of 0.8, Player1 acknowledges a significant probability of making an incorrect choice. Strategic acknowledgment of high uncertainty implies a preference for low-risk actions, focusing on survival over immediate werewolf detection.

**Implications for Future Strategic Decisions**:

- **Balancing Information and Risk**: Future decisions could better balance the need for information with the risk of exposure. Developing frameworks or criteria for assessing fellow players' actions more systematically could enhance decision accuracy.

- **Dynamic Strategy Adjustment**: While initial randomness can be a safe hedge, dynamically adjusting strategies based on evolving game states and additional information is crucial. Players might consider adopting more aggressive tactics once certain patterns emerge.

- **Improving Suspicion Metrics**: Developing metrics to critically assess behavior, beyond observational statements, would enhance understanding of other players' roles without relying on broad assumptions.

In future games, players could benefit from honing interrogation techniques and forming tentative alliances to sharpen suspicion metrics, thereby increasing the likelihood of successful werewolf identification.
2025-03-02 00:46:54 - INFO - ===
2025-03-02 00:46:55 - INFO - ===
2025-03-02 00:46:55 - INFO - Query: Discussions related to werewolves.
2025-03-02 00:46:55 - INFO - Retrieved similar documents: 
2025-03-02 00:46:55 - INFO - ===
2025-03-02 00:46:57 - INFO - ===
2025-03-02 00:46:57 - INFO - Query: Discussions related to werewolves.
2025-03-02 00:46:57 - INFO - Retrieved similar documents: Moderator: Okay, the role of Player1 is a werewolf.
Player3: {"thought": "I need to check Player1 tonight to gather more information about their potential role.", "speak": "Player1"}
2025-03-02 00:46:57 - INFO - ===
2025-03-02 00:46:59 - INFO - ===
2025-03-02 00:46:59 - INFO - Query: Discussions related to werewolves.
2025-03-02 00:46:59 - INFO - Retrieved similar documents: Player4: {"thought": "We need to identify the werewolves, and since tonight Player2 was eliminated, it might be beneficial to resurrect them for their input on who to target next. However, I must consider if Player2 could be a werewolf or not. Since I don't have any confirmed roles yet, I'm leaning towards saving Player2 to gather information.", "speak": "I think we should resurrect Player2. They may have insights or even be the Seer, which would be crucial for our strategy moving forward.", "resurrect": true}
2025-03-02 00:46:59 - INFO - ===
2025-03-02 00:47:09 - INFO - Survivors Discussion: If Player3 is telling the truth about Player1 being a werewolf, we have to vote to eliminate Player1. This could be our chance to reduce the werewolf threat.
2025-03-02 00:47:09 - INFO - Moderator: Given the game rules and your role, based on the situation and the information you gain, to win the game, it's time to vote one player eliminated among the alive players. Which player do you vote to kill?
2025-03-02 00:47:09 - INFO - ===
2025-03-02 00:47:09 - INFO - Query: Discussions related to villagers, seer, witch.
2025-03-02 00:47:09 - INFO - Retrieved similar documents: Reviewing Player1's strategic decisions provides several interesting insights into decision-making under uncertainty in Werewolf:

1. **Information Gathering and Sharing**: Player1 emphasizes the importance of collective information sharing to identify werewolves. Their prompt to discuss suspicions is a strategic move to gather more information without giving away their identity. This highlights the utility of communication as a strategic tool to gain insights without revealing oneself.

2. **Random Voting Strategy**: Faced with limited information early in the game, Player1 opts for a random vote. This can be a double-edged sword: while reducing personal suspicion, it risks eliminating a potential ally. The decision reflects a conservative strategy to maintain personal safety rather than aggressively pursuing werewolf targets.

3. **High Uncertainty Management**: With an uncertainty score of 0.8, Player1 acknowledges a significant probability of making an incorrect choice. Strategic acknowledgment of high uncertainty implies a preference for low-risk actions, focusing on survival over immediate werewolf detection.

**Implications for Future Strategic Decisions**:

- **Balancing Information and Risk**: Future decisions could better balance the need for information with the risk of exposure. Developing frameworks or criteria for assessing fellow players' actions more systematically could enhance decision accuracy.

- **Dynamic Strategy Adjustment**: While initial randomness can be a safe hedge, dynamically adjusting strategies based on evolving game states and additional information is crucial. Players might consider adopting more aggressive tactics once certain patterns emerge.

- **Improving Suspicion Metrics**: Developing metrics to critically assess behavior, beyond observational statements, would enhance understanding of other players' roles without relying on broad assumptions.

In future games, players could benefit from honing interrogation techniques and forming tentative alliances to sharpen suspicion metrics, thereby increasing the likelihood of successful werewolf identification.
2025-03-02 00:47:09 - INFO - ===
2025-03-02 00:47:10 - INFO - ===
2025-03-02 00:47:10 - INFO - Fast Response: {"thought": "I'm still uncertain about the identities of the other players, but I think Player2 seems a bit too quiet and hasn't contributed much to the discussions. This could be a tactic to avoid drawing suspicion.", "vote": "Player2", "uncertainty_score": 0.7}
2025-03-02 00:47:11 - INFO - Fast Uncertainty: 0.7
2025-03-02 00:47:11 - INFO - ===
2025-03-02 00:47:13 - INFO - ===
2025-03-02 00:47:13 - INFO - Slow Response: {"thought": "At this stage in the game, we have very little information to work with and no players have been eliminated yet. My strategy would be to choose randomly among the other players, as this would not draw suspicion on me and could potentially eliminate an enemy even though the chance is low. I will randomly vote for Player3.", "vote": "Player3", "uncertainty_score": "0.9"}
2025-03-02 00:47:13 - INFO - ===
2025-03-02 00:47:14 - INFO - ===
2025-03-02 00:47:14 - INFO - Query: Discussions related to werewolves.
2025-03-02 00:47:14 - INFO - Retrieved similar documents: Player2: {"thought": "I need to carefully observe Player1's lead since they initiated the discussion and may have information. I should express my views and point out any inconsistencies in their statements.", "speak": "I think we should look out for any players who might be acting differently than usual. Personally, I haven't noticed anything too suspicious yet, but I'm open to hearing more from everyone."}
Player2: {"thought": "I need to carefully observe Player1's lead since they initiated the discussion and may have information. I should express my views and point out any inconsistencies in their statements.", "speak": "I think we should look out for any players who might be acting differently than usual. Personally, I haven't noticed anything too suspicious yet, but I'm open to hearing more from everyone."}
2025-03-02 00:47:14 - INFO - ===
2025-03-02 00:47:19 - INFO - ===
2025-03-02 00:47:19 - INFO - Query: Discussions related to werewolves.
2025-03-02 00:47:19 - INFO - Retrieved similar documents: Moderator: Okay, the role of Player1 is a werewolf.
Player3: {"thought": "I need to reveal my findings about Player1 being a werewolf but strategically present this information to gain trust.", "speak": "I have information that could change our understanding of the game. I checked Player1 last night, and I found out they are a werewolf."}
2025-03-02 00:47:19 - INFO - ===
2025-03-02 00:47:25 - INFO - ===
2025-03-02 00:47:25 - INFO - Query: Discussions related to werewolves.
2025-03-02 00:47:25 - INFO - Retrieved similar documents: Player4: {"thought": "We need to identify the werewolves, and since tonight Player2 was eliminated, it might be beneficial to resurrect them for their input on who to target next. However, I must consider if Player2 could be a werewolf or not. Since I don't have any confirmed roles yet, I'm leaning towards saving Player2 to gather information.", "speak": "I think we should resurrect Player2. They may have insights or even be the Seer, which would be crucial for our strategy moving forward.", "resurrect": true}
2025-03-02 00:47:25 - INFO - ===
2025-03-02 00:47:27 - INFO - Moderator: Player1 has been voted out.
2025-03-02 00:47:27 - INFO - Moderator: The game is over. The werewolves have been defeated, and the village is safe once again!
2025-03-02 00:47:27 - INFO - Moderator: The game is over. The werewolves have been defeated, and the village is safe once again!
