### Decisions Analysis:

1. **Player1's Strategy**:
   - Player1 is attempting to blend in with the villagers by taking a cautious approach in discussions, emphasizing the need for more information before making accusations.
   - Player1 aims to steer the group’s suspicion towards others without drawing attention to themselves, thereby protecting their identity as a werewolf.

2. **Targeting Player3**:
   - **Rationale**: Player1 argues that Player3's suspicious behavior and minimal contribution are noteworthy. Player3's defensiveness when questioned is highlighted as a potential red flag, suggesting they might have something to hide.
   - **Strategy**: By choosing Player3 as the target, Player1 hopes to gather useful insights from the reactions of the remaining players, which could help identify other werewolves or allies.

3. **Considering Player4**:
   - **Rationale**: Although Player4 is seen as suspicious, Player4’s active participation in discussions makes them a less ideal target at this point. Player1 perceives that targeting a more active player could potentially backfire, especially if they were to be revealed as a villager.

### Implications for Future Strategic Decisions:

1. **Balancing Caution with Influence**:
   - Player1's cautious approach can be crucial in avoiding detection. However, it’s important that Player1 doesn’t blend in too much, as exerting subtle influence on decision-making is crucial for werewolf success.

2. **Target Selection Strategy**:
   - The decision to focus on Player3 suggests a preference for targeting quieter, less involved players, perceived as easier targets. This could become a pattern and might be predictable if overused.
   - Future decisions should consider mixing the approach, sometimes targeting active participants to create distrust among the villagers and disrupt their communication.

3. **Managing Group Dynamics**:
   - By analyzing group reactions to eliminations, Player1 can identify who seems to be collaborating closely or who might be swayed easily. This could reveal potential allies or threats.
   - Building alliances subtly, even with villagers, could be a beneficial strategy, as it allows werewolves to guide decisions indirectly without direct accusations.

4. **Judging Defensiveness**:
   - Player1 may need to be cautious about overemphasizing defensiveness as a sign of culpability. Too much focus on this could backfire if the remaining players start to notice it as a diversion tactic.

Overall, Player1’s strategic thinking demonstrates a solid understanding of blending caution with influence, but careful attention must be paid to ensure their tactics don't become predictable or transparent.
The strategic decisions by Player1 during this game round reveal a careful balance between proactive engagement and thoughtful observation. The core aim was to influence group decisions subtly while minimizing self-exposure. Key decisions included:

1. **Targeting Based on Behavior**: Player1 focused on players displaying defensive behavior, which is often a red flag in psychological deduction games such as Werewolf. By targeting Player3 due to their defensiveness and minimal engagement, Player1 aimed to uncover more about their role and the reaction of others.

2. **Split Arguments for Plausibility**: Player1 presented arguments against both Player3 and Player4, allowing them to weigh community sentiment and adapt their strategy. This dual argument plan served to misdirect attention slightly by scattering suspicion, thus covering Player1's true intention as a werewolf.

3. **Observation of Reactions**: The plan to observe how remaining players (Player1, Player2, and Player4) reacted to the potential elimination was crucial. Player1 hoped to use these reactions to deduce the identities of other special roles like the Seer or the Witch.

**Implications for Future Strategies:**

- **Engagement Monitoring**: Ensuring attentiveness to how engaged each player is can indicate their role. Werewolves often tend to either overly engage or disengage to avert suspicion.
  
- **Maintaining Low Profile**: Player1's strategy of underplaying their input while guiding decisions subtly helped maintain a veneer of innocence. This balance is vital to avoid becoming an easy target.

- **Branching Decisions**: Offering multiple arguments could become a standard approach to evaluate social dynamics, peer support, and create confusion about the accuser's intentions.

- **Role Dynamics Awareness**: Recognizing the strategic value of identifying or flushing out special roles (Seer, Witch) is crucial. Shaping decisions that provoke role reveals without direct confrontation could be a useful approach.

Player1's decisions highlight the importance of indirect influence and the need to adapt strategies based on evolving social cues and player dynamics in Werewolf.