Moderator: Player1, if you are the only werewolf, eliminate a player. Otherwise, discuss with your teammates and reach an agreement.
Relevant messages: Player1, if you are the only werewolf, eliminate a player. Otherwise, discuss with your teammates and reach an agreement.
Player1, if you are the only werewolf, eliminate a player. Otherwise, discuss with your teammates and reach an agreement.
Werewolves discussion: I think we should consider who has been acting suspiciously. Player2 seemed a bit off last round. What do you all think?
Moderator: Which player do you vote to kill?
Relevant messages: Which player do you vote to kill?
Player1, if you are the only werewolf, eliminate a player. Otherwise, discuss with your teammates and reach an agreement.
Werewolves voted to eliminate: Player3
Moderator: Player4, you're the witch. Tonight Player3 is eliminated. Would you like to resurrect Player3?
Witch resurrection response: I will resurrect Player3 because I believe they might have valuable information that can help us identify the werewolves.
Moderator: The witch has chosen to resurrect the player.
Moderator: Player3, you're the seer. Which player in Player1, Player2, Player3 and Player4 would you like to check tonight?
Seer response: Player1
Moderator: Okay, the role of Player1 is a werewolf.
Moderator: The day is coming, all the players open your eyes. Last night is peaceful, no player is eliminated.
Relevant messages: Player3
The day is coming, all the players open your eyes. Last night is peaceful, no player is eliminated.
Survivors discussion: I agree with Player3 that we need to gather more information, but we also can't let the werewolves hide in the shadows. Let's share any observations we've made about each other.
Moderator: Given the game rules and your role, based on the situation and the information you gain, to win the game, it's time to vote one player eliminated among the alive players. Which player do you vote to kill?
Relevant messages: Given the game rules and your role, based on the situation and the information you gain, to win the game, it's time to vote one player eliminated among the alive players. Which player do you vote to kill?
Now the alive players are Player1, Player2, Player3 and Player4. Given the game rules and your role, based on the situation and the information you gain, to vote a player eliminated among alive players and to win the game, what do you want to say to others? You can decide whether to reveal your role.
Daytime vote => Player2
Moderator: Player1, if you are the only werewolf, eliminate a player. Otherwise, discuss with your teammates and reach an agreement.
Relevant messages: Player2
Player3
Werewolves discussion: I think Player2 has been acting a bit suspiciously. They haven't contributed much to the discussion and seem to be avoiding making any strong accusations. What does everyone else think?
Moderator: Which player do you vote to kill?
Relevant messages: Which player do you vote to kill?
Which player do you vote to kill?
Werewolves voted to eliminate: Player3
Witch poison response: I think we should seriously consider eliminating Player1. Their arguments seem a bit off, and I suspect they might be one of the werewolves.
Moderator: The witch has chosen to poison Player1.
Moderator: Player3, you're the seer. Which player in Player1, Player3 and Player4 would you like to check tonight?
Seer response: Player1
Moderator: Okay, the role of Player1 is a werewolf.
Moderator: Game ended after night.
