Moderator: Player1, if you are the only werewolf, eliminate a player. Otherwise, discuss with your teammates and reach an agreement.
Relevant messages: Player1, if you are the only werewolf, eliminate a player. Otherwise, discuss with your teammates and reach an agreement.
Player1, if you are the only werewolf, eliminate a player. Otherwise, discuss with your teammates and reach an agreement.
Werewolves discussion: I think we should target Player3. They seem to be gathering a lot of attention from the villagers. Eliminating them might create confusion.
Moderator: Which player do you vote to kill?
Relevant messages: Which player do you vote to kill?
Player1, if you are the only werewolf, eliminate a player. Otherwise, discuss with your teammates and reach an agreement.
Werewolves voted to eliminate: Player3
Moderator: Player4, you're the witch. Tonight Player3 is eliminated. Would you like to resurrect Player3?
Witch resurrection response: I will resurrect Player3 because I believe they might hold valuable information about the werewolves.
Moderator: The witch has chosen to resurrect the player.
Moderator: Player3, you're the seer. Which player in Player1, Player2, Player3 and Player4 would you like to check tonight?
Seer response: Player1
Moderator: Okay, the role of Player1 is a werewolf.
Moderator: The day is coming, all the players open your eyes. Last night is peaceful, no player is eliminated.
Relevant messages: Player3
The day is coming, all the players open your eyes. Last night is peaceful, no player is eliminated.
Survivors discussion: I appreciate your concern, Player3, but I think we should focus on the actions of all players. It's easy to point fingers, but we need solid evidence. What exactly makes you suspicious of me?
Moderator: Given the game rules and your role, based on the situation and the information you gain, to win the game, it's time to vote one player eliminated among the alive players. Which player do you vote to kill?
Relevant messages: Given the game rules and your role, based on the situation and the information you gain, to win the game, it's time to vote one player eliminated among the alive players. Which player do you vote to kill?
Now the alive players are Player1, Player2, Player3 and Player4. Given the game rules and your role, based on the situation and the information you gain, to vote a player eliminated among alive players and to win the game, what do you want to say to others? You can decide whether to reveal your role.
Daytime vote => Player2
Moderator: Player1, if you are the only werewolf, eliminate a player. Otherwise, discuss with your teammates and reach an agreement.
Relevant messages: Player2
Player3
Werewolves discussion: I think we should keep an eye on Player3. They seem a bit too quiet and not contributing much to the discussion.
Moderator: Which player do you vote to kill?
Relevant messages: Which player do you vote to kill?
Which player do you vote to kill?
Werewolves voted to eliminate: Player3
Witch poison response: I think we should consider Player1 as a potential werewolf. Their arguments seem a bit off to me. What does everyone else think?
Moderator: The witch has chosen to poison Player1.
Moderator: Player3, you're the seer. Which player in Player1, Player3 and Player4 would you like to check tonight?
Seer response: Player1
Moderator: Okay, the role of Player1 is a werewolf.
Moderator: Game ended after night.
