Moderator: Player1, if you are the only werewolf, eliminate a player. Otherwise, discuss with your teammates and reach an agreement.
Relevant messages: Player1, if you are the only werewolf, eliminate a player. Otherwise, discuss with your teammates and reach an agreement.
Player1, if you are the only werewolf, eliminate a player. Otherwise, discuss with your teammates and reach an agreement.
Werewolves discussion: Hey everyone, I think we should discuss who might be acting a bit off. Player4 seems a bit quiet, maybe we should keep an eye on them.
Moderator: Which player do you vote to kill?
Relevant messages: Which player do you vote to kill?
Player1, if you are the only werewolf, eliminate a player. Otherwise, discuss with your teammates and reach an agreement.
Werewolves voted to eliminate: Player2
Moderator: Player4, you're the witch. Tonight Player2 is eliminated. Would you like to resurrect Player2?
Witch resurrection response: I choose to resurrect Player2 because their potential knowledge could be crucial for our strategy.
Moderator: The witch has chosen to resurrect the player.
Moderator: Player3, you're the seer. Which player in Player1, Player2, Player3 and Player4 would you like to check tonight?
Seer response: Player1
Moderator: Okay, the role of Player1 is a werewolf.
Moderator: The day is coming, all the players open your eyes. Last night is peaceful, no player is eliminated.
Relevant messages: Player2
The day is coming, all the players open your eyes. Last night is peaceful, no player is eliminated.
Survivors discussion: I think it's important to consider everyone's behavior, not just those who are more vocal. Player1 and Player2, do you have any specific suspicions? We need to work together to figure this out.
Moderator: Given the game rules and your role, based on the situation and the information you gain, to win the game, it's time to vote one player eliminated among the alive players. Which player do you vote to kill?
Relevant messages: Given the game rules and your role, based on the situation and the information you gain, to win the game, it's time to vote one player eliminated among the alive players. Which player do you vote to kill?
Now the alive players are Player1, Player2, Player3 and Player4. Given the game rules and your role, based on the situation and the information you gain, to vote a player eliminated among alive players and to win the game, what do you want to say to others? You can decide whether to reveal your role.
Daytime vote => Player2
Moderator: Player1, if you are the only werewolf, eliminate a player. Otherwise, discuss with your teammates and reach an agreement.
Relevant messages: Player2
Player2
Werewolves discussion: I think we should consider who has been quiet during the night phase. Sometimes the quieter players can be hiding something. What do you all think?
Moderator: Which player do you vote to kill?
Relevant messages: Which player do you vote to kill?
Which player do you vote to kill?
Werewolves voted to eliminate: Player2
Witch poison response: I think Player1 has been acting a bit too suspiciously. I vote to eliminate Player1.
Moderator: The witch has chosen to poison Player1.
Moderator: Player3, you're the seer. Which player in Player1, Player3 and Player4 would you like to check tonight?
Seer response: Player1
Moderator: Okay, the role of Player1 is a werewolf.
Moderator: Game ended after night.
