2025-02-17 20:28:35 - INFO - ===
2025-02-17 20:28:35 - INFO - Moderator: Player1, if you are the only werewolf, eliminate a player. Otherwise, discuss with your teammates and reach an agreement.
2025-02-17 20:28:35 - INFO - Summary context: 
2025-02-17 20:28:37 - INFO - Werewolves discussion: I think we should consider voting for Player2. Their actions last round were a bit off, and we need to discuss that.
2025-02-17 20:28:37 - INFO - Moderator: Which player do you vote to kill?
2025-02-17 20:28:37 - INFO - Summary context: 
2025-02-17 20:28:38 - INFO - Regular agent is satisfied with their certainty. Using fast mind response...
2025-02-17 20:28:38 - INFO - Werewolves voted to eliminate: Player2
2025-02-17 20:28:38 - INFO - ===
2025-02-17 20:28:38 - INFO - Moderator: Player4, you're the witch. Tonight Player2 is eliminated. Would you like to resurrect Player2?
2025-02-17 20:28:38 - INFO - Relevant messages from vectorstore: Player4, you're the witch. Tonight Player2 is eliminated. Would you like to resurrect Player2?
2025-02-17 20:28:41 - INFO - Witch resurrection response: I choose to resurrect Player2 because having them back in the game could help us find out who the werewolves are, especially since the last round did not reveal much.
2025-02-17 20:28:41 - INFO - Moderator: The witch has chosen to resurrect the player.
2025-02-17 20:28:41 - INFO - ===
2025-02-17 20:28:41 - INFO - Moderator: Player3, you're the seer. Which player in Player1, Player2, Player3 and Player4 would you like to check tonight?
2025-02-17 20:28:41 - INFO - Relevant messages from vectorstore: Player3, you're the seer. Which player in Player1, Player2, Player3 and Player4 would you like to check tonight?
Player3, you're the seer. Which player in Player1, Player2, Player3 and Player4 would you like to check tonight?
2025-02-17 20:28:43 - INFO - Seer response: Player1
2025-02-17 20:28:43 - INFO - Moderator: Okay, the role of Player1 is a werewolf.
2025-02-17 20:28:44 - INFO - ===
2025-02-17 20:28:46 - INFO - Summary context: In the chat from the last week, a game discussion took place where Player1, potentially the only werewolf, was tasked with deciding which player to eliminate. Player1 suggested considering Player2 for elimination due to their actions in the previous round. After discussion, Player1 voted to kill Player2, who received the most votes overall.
In the chat from the last week, a game discussion took place where Player1, potentially the only werewolf, was tasked with deciding which player to eliminate. Player1 suggested considering Player2 for elimination due to their actions in the previous round. After discussion, Player1 voted to kill Player2, who received the most votes overall.
2025-02-17 20:28:50 - INFO - Relevant messages from vectorstore: I believe Player2 was the right choice to eliminate. They were acting a bit too defensively, which raised some red flags.
I believe Player2 was the right choice to eliminate. They were acting a bit too defensively, which raised some red flags.
2025-02-17 20:28:52 - INFO - Relevant messages from vectorstore: I understand your concern, Player1, but can you explain what specifically made you suspect me? Also, it might be worth considering other players' actions as well.
I understand your concern, Player1, but can you explain what specifically made you suspect me? Also, it might be worth considering other players' actions as well.
2025-02-17 20:28:55 - INFO - Relevant messages from vectorstore: I see your point, Player1, but we need to focus on gathering more evidence before making any accusations. I think we should also keep an eye on Player4.
2025-02-17 20:28:58 - INFO - Survivors discussion: Player3, I appreciate your caution, but I believe we also have to consider Player1's suggestions carefully. Let's not overlook the clues we have!
2025-02-17 20:28:58 - INFO - Moderator: Given the game rules and your role, based on the situation and the information you gain, to win the game, it's time to vote one player eliminated among the alive players. Which player do you vote to kill?
2025-02-17 20:28:58 - INFO - Summary context: In the chat from the last week, a game discussion took place where Player1, potentially the only werewolf, was tasked with deciding which player to eliminate. Player1 suggested considering Player2 for elimination due to their actions in the previous round. After discussion, Player1 voted to kill Player2, who received the most votes overall.
In the chat from the last week, a game discussion took place where Player1, potentially the only werewolf, was tasked with deciding which player to eliminate. Player1 suggested considering Player2 for elimination due to their actions in the previous round. After discussion, Player1 voted to kill Player2, who received the most votes overall.
2025-02-17 20:28:59 - INFO - Regular agent is satisfied with their certainty. Using fast mind response...
2025-02-17 20:28:59 - INFO - Relevant messages from vectorstore: Given the game rules and your role, based on the situation and the information you gain, to win the game, it's time to vote one player eliminated among the alive players. Which player do you vote to kill?
Now the alive players are Player1, Player2, Player3 and Player4. Given the game rules and your role, based on the situation and the information you gain, to vote a player eliminated among alive players and to win the game, what do you want to say to others? You can decide whether to reveal your role.
2025-02-17 20:29:01 - INFO - Relevant messages from vectorstore: Given the game rules and your role, based on the situation and the information you gain, to win the game, it's time to vote one player eliminated among the alive players. Which player do you vote to kill?
Now the alive players are Player1, Player2, Player3 and Player4. Given the game rules and your role, based on the situation and the information you gain, to vote a player eliminated among alive players and to win the game, what do you want to say to others? You can decide whether to reveal your role.
2025-02-17 20:29:05 - INFO - Relevant messages from vectorstore: Given the game rules and your role, based on the situation and the information you gain, to win the game, it's time to vote one player eliminated among the alive players. Which player do you vote to kill?
2025-02-17 20:29:06 - INFO - Daytime vote: Player1
2025-02-17 20:29:07 - INFO - Moderator: The game is over. The werewolves have been defeated, and the village is safe once again!
2025-02-17 20:29:07 - INFO - ===
