Moderator: Player1, if you are the only werewolf, eliminate a player. Otherwise, discuss with your teammates and reach an agreement.
Summary context: 
Werewolves discussion: I think we should consider Player3's behavior last night. They seemed a bit too eager to point fingers at Player2. That could be a sign of a werewolf trying to divert attention. What do you all think?
Moderator: Which player do you vote to kill?
Summary context: 
Werewolves voted to eliminate: Player3
Moderator: Player4, you're the witch. Tonight Player3 is eliminated. Would you like to resurrect Player3?
Witch resurrection response: I will resurrect Player3 because I believe they could provide crucial information for our team.
Moderator: The witch has chosen to resurrect the player.
Moderator: Player3, you're the seer. Which player in Player1, Player2, Player3 and Player4 would you like to check tonight?
Seer response: Player1
Moderator: Okay, the role of Player1 is a werewolf.
Moderator: The day is coming, all the players open your eyes. Last night is peaceful, no player is eliminated.
Summary context: The chat history involved a discussion during a game where Player1, following the moderator's instructions, suspected Player3 of suspicious behavior, suggesting that Player3 might be a werewolf. After discussing with their teammates, Player1 voted to eliminate Player3. The moderator confirmed that Player3 received the most votes for elimination.
The chat history involved a discussion during a game where Player1, following the moderator's instructions, suspected Player3 of suspicious behavior, suggesting that Player3 might be a werewolf. After discussing with their teammates, Player1 voted to eliminate Player3. The moderator confirmed that Player3 received the most votes for elimination.
Survivors discussion: I see your point, Player3, but I think we should be careful about making assumptions. Everyone has their own way of playing, and silence doesn't necessarily mean guilt. Let's focus on gathering more information before we make any decisions.
Moderator: Given the game rules and your role, based on the situation and the information you gain, to win the game, it's time to vote one player eliminated among the alive players. Which player do you vote to kill?
Summary context: The chat history involved a discussion during a game where Player1, following the moderator's instructions, suspected Player3 of suspicious behavior, suggesting that Player3 might be a werewolf. After discussing with their teammates, Player1 voted to eliminate Player3. The moderator confirmed that Player3 received the most votes for elimination.
The chat history involved a discussion during a game where Player1, following the moderator's instructions, suspected Player3 of suspicious behavior, suggesting that Player3 might be a werewolf. After discussing with their teammates, Player1 voted to eliminate Player3. The moderator confirmed that Player3 received the most votes for elimination.
Daytime vote => Player2
Moderator: Player1, if you are the only werewolf, eliminate a player. Otherwise, discuss with your teammates and reach an agreement.
Summary context: In the chat, the moderator announced that all players were still in the game and asked for strategies on whom to vote out. Player1 felt justified in their prior vote against Player3 due to suspicious behavior. Player2 and Player3 pointed suspicion towards Player4 due to their silence. Player4 defended themselves by emphasizing the need for more information before making assumptions. Finally, the moderator directed a vote, resulting in Player2 being eliminated.
The chat history involved a discussion during a game where Player1, following the moderator's instructions, suspected Player3 of suspicious behavior, suggesting that Player3 might be a werewolf. After discussing with their teammates, Player1 voted to eliminate Player3. The moderator confirmed that Player3 received the most votes for elimination.
Werewolves discussion: I think eliminating Player3 was the right choice. They were acting suspiciously, and we can't afford to have werewolves among us. Let's keep an eye on Player4, though, as they seemed a bit too defensive for my liking.
Moderator: Which player do you vote to kill?
Summary context: In the chat, the moderator announced that all players were still in the game and asked for strategies on whom to vote out. Player1 felt justified in their prior vote against Player3 due to suspicious behavior. Player2 and Player3 pointed suspicion towards Player4 due to their silence. Player4 defended themselves by emphasizing the need for more information before making assumptions. Finally, the moderator directed a vote, resulting in Player2 being eliminated.
The chat history involved a discussion during a game where Player1, following the moderator's instructions, suspected Player3 of suspicious behavior, suggesting that Player3 might be a werewolf. After discussing with their teammates, Player1 voted to eliminate Player3. The moderator confirmed that Player3 received the most votes for elimination.
Werewolves voted to eliminate: Player4
Witch poison response: I think we should consider who has been acting oddly. Player1 has been quiet, and Player3 has been making some questionable accusations. What do you all think?
Moderator: Player3, you're the seer. Which player in Player1, Player3 and Player4 would you like to check tonight?
Seer response: Player1
Moderator: Okay, the role of Player1 is a werewolf.
Moderator: Game ended after night.
