2025-02-17 20:29:07 - INFO - ===
2025-02-17 20:29:07 - INFO - Moderator: Player1, if you are the only werewolf, eliminate a player. Otherwise, discuss with your teammates and reach an agreement.
2025-02-17 20:29:07 - INFO - Summary context: In the chat from the last week, a game discussion took place where Player1, potentially the only werewolf, was tasked with deciding which player to eliminate. Player1 suggested considering Player2 for elimination due to their actions in the previous round. After discussion, Player1 voted to kill Player2, who received the most votes overall.
In the chat from the last week, a game discussion took place where Player1, potentially the only werewolf, was tasked with deciding which player to eliminate. Player1 suggested considering Player2 for elimination due to their actions in the previous round. After discussion, Player1 voted to kill Player2, who received the most votes overall.
2025-02-17 20:29:09 - INFO - Werewolves discussion: I think we made the right call by voting Player2 out. It keeps the game interesting and reduces the threat level.
2025-02-17 20:29:09 - INFO - Moderator: Which player do you vote to kill?
2025-02-17 20:29:09 - INFO - Summary context: In the chat from the last week, a game discussion took place where Player1, potentially the only werewolf, was tasked with deciding which player to eliminate. Player1 suggested considering Player2 for elimination due to their actions in the previous round. After discussion, Player1 voted to kill Player2, who received the most votes overall.
In the chat from the last week, a game discussion took place where Player1, potentially the only werewolf, was tasked with deciding which player to eliminate. Player1 suggested considering Player2 for elimination due to their actions in the previous round. After discussion, Player1 voted to kill Player2, who received the most votes overall.
2025-02-17 20:29:11 - INFO - Regular agent is satisfied with their certainty. Using fast mind response...
2025-02-17 20:29:11 - INFO - Werewolves voted to eliminate: Player2
2025-02-17 20:29:11 - INFO - ===
2025-02-17 20:29:12 - INFO - Relevant messages from vectorstore: Would you like to eliminate one player? If yes, specify the player_name.
2025-02-17 20:29:13 - INFO - Witch poison response: I believe we should discuss who we suspect might be working against us.
2025-02-17 20:29:13 - INFO - Moderator: The witch has chosen to poison Abstain.
2025-02-17 20:29:13 - INFO - ===
2025-02-17 20:29:13 - INFO - Moderator: Player3, you're the seer. Which player in Player1, Player2, Player3 and Player4 would you like to check tonight?
2025-02-17 20:29:14 - INFO - Relevant messages from vectorstore: Player3, you're the seer. Which player in Player1, Player2, Player3 and Player4 would you like to check tonight?
Player3, you're the seer. Which player in Player1, Player2, Player3 and Player4 would you like to check tonight?
2025-02-17 20:29:15 - INFO - Seer response: Player1
2025-02-17 20:29:15 - INFO - Moderator: Okay, the role of Player1 is a werewolf.
2025-02-17 20:29:16 - INFO - Moderator: The game is over. The werewolves have been defeated, and the village is safe once again!
2025-02-17 20:29:16 - INFO - ===
