{"basefilepath":"logs/fastslow","max_days_per_game":5,"num_games":20,"reflect_before_vectorstore":false,"max_werewolf_discussion_round":3,"similarity_top_k":2,"random_seed":43}
2025-03-01 17:38:43 - INFO - Starting game 0
2025-03-01 17:38:43 - INFO - Moderator: Player1, if you are the only werewolf, eliminate a player. Otherwise, discuss with your teammates and reach an agreement.
2025-03-01 17:38:43 - INFO - Moderator: Player1, if you are the only werewolf, eliminate a player. Otherwise, discuss with your teammates and reach an agreement.
2025-03-01 17:38:43 - INFO - ===
2025-03-01 17:38:43 - INFO - Query: Discussions related to villagers, seer, witch.
2025-03-01 17:38:43 - INFO - Retrieved similar documents: 
2025-03-01 17:38:43 - INFO - ===
2025-03-01 17:38:48 - INFO - Werewolves discussion: I think we should all share our thoughts on who we suspect might be the werewolves. Player2, what are your thoughts on Player3?
2025-03-01 17:38:48 - INFO - Moderator: Which player do you vote to kill?
2025-03-01 17:38:48 - INFO - Moderator: Which player do you vote to kill?
2025-03-01 17:38:48 - INFO - ===
2025-03-01 17:38:48 - INFO - Query: Discussions related to villagers, seer, witch.
2025-03-01 17:38:48 - INFO - Retrieved similar documents: Player1: {"thought": "I need to carefully observe the other players' behaviors and statements to gather information on who might be the werewolves. It might be beneficial to create doubt among the villagers about each other, while keeping a low profile myself.", "speak": "I think we should all share our thoughts on who we suspect might be the werewolves. Player2, what are your thoughts on Player3?", "finish_discussion": "false"}
Player1: {"thought": "I need to carefully observe the other players' behaviors and statements to gather information on who might be the werewolves. It might be beneficial to create doubt among the villagers about each other, while keeping a low profile myself.", "speak": "I think we should all share our thoughts on who we suspect might be the werewolves. Player2, what are your thoughts on Player3?", "finish_discussion": "false"}
2025-03-01 17:38:48 - INFO - ===
2025-03-01 17:38:49 - INFO - ===
2025-03-01 17:38:49 - INFO - Fast Response: {"thought": "I'm leaning towards Player3 as they haven't contributed much to the discussion and could be trying to hide their true role. However, I need to be cautious in case I'm wrong about them.", "vote": "Player3", "uncertainty_score": 0.4}
2025-03-01 17:38:49 - INFO - Fast Uncertainty: 0.4
2025-03-01 17:38:49 - INFO - ===
2025-03-01 17:38:53 - INFO - ===
2025-03-01 17:38:53 - INFO - Slow Response: {"thought": "Since the game is still early, I don't have much concrete evidence to make a confident decision. However, based on our earlier discussion and the need to create doubt among villagers, I feel choosing a player who's being perceived as strategic or quiet might create beneficial chaos. Player3 seemed to stay low profile. So, I think casting a vote towards them might misdirect suspicion towards others during the day phase.", "vote": "Player3", "uncertainty_score": "0.7"}
2025-03-01 17:38:53 - INFO - ===
2025-03-01 17:38:53 - INFO - Moderator: The player with the most votes is Player3.
2025-03-01 17:38:53 - INFO - Moderator: Player4, you're the witch. Tonight Player3 is eliminated. Would you like to resurrect Player3?
2025-03-01 17:38:53 - INFO - ===
2025-03-01 17:38:53 - INFO - Query: Discussions related to werewolves.
2025-03-01 17:38:53 - INFO - Retrieved similar documents: 
2025-03-01 17:38:53 - INFO - ===
2025-03-01 17:38:55 - INFO - Witch resurrection response: I will not resurrect Player3 tonight. I want to see how the day phase unfolds and gather more information.
2025-03-01 17:38:55 - INFO - Moderator: The witch has chosen not to resurrect the player.
2025-03-01 17:38:55 - INFO - ===
2025-03-01 17:38:55 - INFO - Query: Discussions related to werewolves.
2025-03-01 17:38:55 - INFO - Retrieved similar documents: Player4: {"thought": "I need to carefully consider if resurrecting Player3 would benefit my overall strategy. Currently, we have Player1 and Player2 both alive, but I have no information on their roles yet. Resurrecting Player3 might give me a better opportunity to gather information or eliminate a threat if they aren't one of the werewolves.", "speak": "I will not resurrect Player3 tonight. I want to see how the day phase unfolds and gather more information.", "resurrect": false}
2025-03-01 17:38:55 - INFO - ===
2025-03-01 17:38:57 - INFO - Witch Poison Response: I think we should spend some time discussing who might be the werewolves before making any eliminations. We need to be strategic about this.
2025-03-01 17:38:57 - INFO - The witch has chosen not to poison a player.
2025-03-01 17:38:57 - INFO - Moderator: Player3, you're the seer. Which player in Player1, Player2, Player3 and Player4 would you like to check tonight?
2025-03-01 17:38:57 - INFO - ===
2025-03-01 17:38:57 - INFO - Query: Discussions related to werewolves.
2025-03-01 17:38:57 - INFO - Retrieved similar documents: 
2025-03-01 17:38:57 - INFO - ===
2025-03-01 17:38:59 - INFO - Seer response: Player1
2025-03-01 17:38:59 - INFO - Moderator: Okay, the role of Player1 is a werewolf.
2025-03-01 17:38:59 - INFO - ===
2025-03-01 17:38:59 - INFO - Query: Discussions related to villagers, seer, witch.
2025-03-01 17:38:59 - INFO - Retrieved similar documents: Player1: {"thought": "I need to carefully observe the other players' behaviors and statements to gather information on who might be the werewolves. It might be beneficial to create doubt among the villagers about each other, while keeping a low profile myself.", "speak": "I think we should all share our thoughts on who we suspect might be the werewolves. Player2, what are your thoughts on Player3?", "finish_discussion": "false"}
Player1: {"thought": "Since the game is still early, I don't have much concrete evidence to make a confident decision. However, based on our earlier discussion and the need to create doubt among villagers, I feel choosing a player who's being perceived as strategic or quiet might create beneficial chaos. Player3 seemed to stay low profile. So, I think casting a vote towards them might misdirect suspicion towards others during the day phase.", "vote": "Player3", "uncertainty_score": "0.7"}
2025-03-01 17:38:59 - INFO - ===
2025-03-01 17:39:01 - INFO - ===
2025-03-01 17:39:01 - INFO - Query: Discussions related to werewolves.
2025-03-01 17:39:01 - INFO - Retrieved similar documents: 
2025-03-01 17:39:01 - INFO - ===
2025-03-01 17:39:03 - INFO - ===
2025-03-01 17:39:03 - INFO - Query: Discussions related to werewolves.
2025-03-01 17:39:03 - INFO - Retrieved similar documents: Player4: {"thought": "I need to observe how the discussions go during the day phase before making any drastic decisions. Eliminating a player without enough information could backfire on me. I want to gather more insights on Player1, Player2, and Player3 before deciding.", "speak": "I think we should spend some time discussing who might be the werewolves before making any eliminations. We need to be strategic about this.", "eliminate": false}
2025-03-01 17:39:03 - INFO - ===
2025-03-01 17:39:06 - INFO - Survivors Discussion: I appreciate your transparency, Player2. I think we should analyze each player's behavior. Player1 and I have been discussing strategies, but I'm open to hearing more about how you see things.
2025-03-01 17:39:06 - INFO - Moderator: Given the game rules and your role, based on the situation and the information you gain, to win the game, it's time to vote one player eliminated among the alive players. Which player do you vote to kill?
2025-03-01 17:39:06 - INFO - ===
2025-03-01 17:39:06 - INFO - Query: Discussions related to villagers, seer, witch.
2025-03-01 17:39:06 - INFO - Retrieved similar documents: Player1: {"thought": "I need to carefully observe the other players' behaviors and statements to gather information on who might be the werewolves. It might be beneficial to create doubt among the villagers about each other, while keeping a low profile myself.", "speak": "I think we should all share our thoughts on who we suspect might be the werewolves. Player2, what are your thoughts on Player3?", "finish_discussion": "false"}
Player1: {"thought": "With Player3 eliminated, I need to evaluate the dynamics between Player2 and Player4. Each action may reveal their roles, so I should remain observant and strategic in discussions. I want to lead the conversation without drawing too much attention to myself as a potential werewolf.", "speak": "Now that Player3 is gone, let's discuss what we observed during the last day phase. Player2, how do you feel about Player4's actions?"}
2025-03-01 17:39:06 - INFO - ===
2025-03-01 17:39:08 - INFO - ===
2025-03-01 17:39:08 - INFO - Fast Response: {"thought": "I have been observing both Player2 and Player4 closely. Given the dynamics of the previous discussions and the voting patterns, I lean towards eliminating Player2 as their actions seem suspicious compared to Player4. However, I need to be cautious as I might misread their intentions.", "vote": "Player2", "uncertainty_score": 0.3}
2025-03-01 17:39:08 - INFO - Fast Uncertainty: 0.3
2025-03-01 17:39:08 - INFO - ===
2025-03-01 17:39:10 - INFO - ===
2025-03-01 17:39:10 - INFO - Slow Response: {"thought": "After observing discussions and considering possible roles, Player2 seemed eager to shift suspicion onto others, perhaps deflecting attention from themselves. However, there's always uncertainty in who might be a werewolf.", "vote": "Player2", "uncertainty_score": 0.4}
2025-03-01 17:39:10 - INFO - ===
2025-03-01 17:39:11 - INFO - ===
2025-03-01 17:39:11 - INFO - Query: Discussions related to werewolves.
2025-03-01 17:39:11 - INFO - Retrieved similar documents: Player2: {"thought": "I'm not sure about Player4 yet, but I feel like I need to be cautious. There's a chance Player4 could be one of the werewolves, but I also need to defend myself if necessary.", "speak": "I think both of you have been acting a bit suspicious, but I want to hear Player4's take on the situation. What do you think about everything that happened?"}
Player2: {"thought": "I'm not sure about Player4 yet, but I feel like I need to be cautious. There's a chance Player4 could be one of the werewolves, but I also need to defend myself if necessary.", "speak": "I think both of you have been acting a bit suspicious, but I want to hear Player4's take on the situation. What do you think about everything that happened?"}
2025-03-01 17:39:11 - INFO - ===
2025-03-01 17:39:12 - INFO - ===
2025-03-01 17:39:12 - INFO - Query: Discussions related to werewolves.
2025-03-01 17:39:12 - INFO - Retrieved similar documents: Player4: {"thought": "I need to observe how the discussions go during the day phase before making any drastic decisions. Eliminating a player without enough information could backfire on me. I want to gather more insights on Player1, Player2, and Player3 before deciding.", "speak": "I think we should spend some time discussing who might be the werewolves before making any eliminations. We need to be strategic about this.", "eliminate": false}
2025-03-01 17:39:12 - INFO - ===
2025-03-01 17:39:14 - INFO - Moderator: Player1 has been voted out.
2025-03-01 17:39:14 - INFO - Moderator: The game is over. The werewolves have been defeated, and the village is safe once again!
2025-03-01 17:39:14 - INFO - Moderator: The game is over. The werewolves have been defeated, and the village is safe once again!
