{"basefilepath":"logs/fastslow","max_days_per_game":5,"num_games":20,"reflect_before_vectorstore":false,"max_werewolf_discussion_round":3,"similarity_top_k":2,"random_seed":43}
2025-03-01 17:42:51 - INFO - Starting game 8
2025-03-01 17:42:51 - INFO - Moderator: Player1, if you are the only werewolf, eliminate a player. Otherwise, discuss with your teammates and reach an agreement.
2025-03-01 17:42:51 - INFO - Moderator: Player1, if you are the only werewolf, eliminate a player. Otherwise, discuss with your teammates and reach an agreement.
2025-03-01 17:42:51 - INFO - ===
2025-03-01 17:42:51 - INFO - Query: Discussions related to villagers, seer, witch.
2025-03-01 17:42:51 - INFO - Retrieved similar documents: 
2025-03-01 17:42:51 - INFO - ===
2025-03-01 17:42:53 - INFO - Werewolves discussion: I think we should all share our suspicions about each other. It's important to figure out who might be acting a bit off. What does everyone think about Player2? They seem a bit too quiet for my liking.
2025-03-01 17:42:53 - INFO - Moderator: Which player do you vote to kill?
2025-03-01 17:42:53 - INFO - Moderator: Which player do you vote to kill?
2025-03-01 17:42:53 - INFO - ===
2025-03-01 17:42:53 - INFO - Query: Discussions related to villagers, seer, witch.
2025-03-01 17:42:53 - INFO - Retrieved similar documents: Player1: {"thought": "I need to figure out who among the other players might be a werewolf while protecting my identity. Blending in is crucial, and I must steer the conversation effectively to gather information.", "speak": "I think we should all share our suspicions about each other. It's important to figure out who might be acting a bit off. What does everyone think about Player2? They seem a bit too quiet for my liking.", "finish_discussion": "false"}
Player1: {"thought": "I need to figure out who among the other players might be a werewolf while protecting my identity. Blending in is crucial, and I must steer the conversation effectively to gather information.", "speak": "I think we should all share our suspicions about each other. It's important to figure out who might be acting a bit off. What does everyone think about Player2? They seem a bit too quiet for my liking.", "finish_discussion": "false"}
2025-03-01 17:42:53 - INFO - ===
2025-03-01 17:42:54 - INFO - ===
2025-03-01 17:42:54 - INFO - Fast Response: {"thought": "I still have my suspicions about Player2 being a werewolf, primarily due to their quietness. I need to take a risk and vote for them while subtly observing the reactions of the others.", "vote": "Player2", "uncertainty_score": 0.3}
2025-03-01 17:42:54 - INFO - Fast Uncertainty: 0.3
2025-03-01 17:42:54 - INFO - ===
2025-03-01 17:42:57 - INFO - ===
2025-03-01 17:42:57 - INFO - Slow Response: {"thought": "Player2's quietness is suspicious, and they haven't defended themselves much. However, this could be a tactic to draw attention away from themselves or simply their strategy to avoid unnecessary suspicion. I am leaning towards voting for Player2 as their quiet demeanor hasn't given much insight to trust.", "vote": "Player2", "uncertainty_score": 0.4}
2025-03-01 17:42:57 - INFO - ===
2025-03-01 17:42:57 - INFO - Moderator: The player with the most votes is Player2.
2025-03-01 17:42:57 - INFO - Moderator: Player4, you're the witch. Tonight Player2 is eliminated. Would you like to resurrect Player2?
2025-03-01 17:42:57 - INFO - ===
2025-03-01 17:42:57 - INFO - Query: Discussions related to werewolves.
2025-03-01 17:42:57 - INFO - Retrieved similar documents: 
2025-03-01 17:42:57 - INFO - ===
2025-03-01 17:42:59 - INFO - Witch resurrection response: I choose to resurrect Player2 because keeping more players alive can facilitate discussions and might uncover the identity of the werewolves.
2025-03-01 17:42:59 - INFO - Moderator: The witch has chosen to resurrect the player.
2025-03-01 17:42:59 - INFO - Moderator: Player3, you're the seer. Which player in Player1, Player2, Player3 and Player4 would you like to check tonight?
2025-03-01 17:42:59 - INFO - ===
2025-03-01 17:42:59 - INFO - Query: Discussions related to werewolves.
2025-03-01 17:42:59 - INFO - Retrieved similar documents: 
2025-03-01 17:42:59 - INFO - ===
2025-03-01 17:43:01 - INFO - Seer response: Player1
2025-03-01 17:43:01 - INFO - Moderator: Okay, the role of Player1 is a werewolf.
2025-03-01 17:43:01 - INFO - ===
2025-03-01 17:43:01 - INFO - Query: Discussions related to villagers, seer, witch.
2025-03-01 17:43:01 - INFO - Retrieved similar documents: Player1: {"thought": "I need to figure out who among the other players might be a werewolf while protecting my identity. Blending in is crucial, and I must steer the conversation effectively to gather information.", "speak": "I think we should all share our suspicions about each other. It's important to figure out who might be acting a bit off. What does everyone think about Player2? They seem a bit too quiet for my liking.", "finish_discussion": "false"}
Player1: {"thought": "Player2's quietness is suspicious, and they haven't defended themselves much. However, this could be a tactic to draw attention away from themselves or simply their strategy to avoid unnecessary suspicion. I am leaning towards voting for Player2 as their quiet demeanor hasn't given much insight to trust.", "vote": "Player2", "uncertainty_score": 0.4}
2025-03-01 17:43:01 - INFO - ===
2025-03-01 17:43:07 - INFO - ===
2025-03-01 17:43:07 - INFO - Query: Discussions related to werewolves.
2025-03-01 17:43:07 - INFO - Retrieved similar documents: 
2025-03-01 17:43:07 - INFO - ===
2025-03-01 17:43:09 - INFO - ===
2025-03-01 17:43:09 - INFO - Query: Discussions related to werewolves.
2025-03-01 17:43:09 - INFO - Retrieved similar documents: Moderator: Okay, the role of Player1 is a werewolf.
Player3: {"thought": "I need to gather information about one of the players to help guide our decisions tomorrow. I suspect Player1 might be a werewolf, given their silence during discussions.", "speak": "Player1"}
2025-03-01 17:43:09 - INFO - ===
2025-03-01 17:43:11 - INFO - ===
2025-03-01 17:43:11 - INFO - Query: Discussions related to werewolves.
2025-03-01 17:43:11 - INFO - Retrieved similar documents: Player4: {"thought": "Eliminating Player2 might have strategic implications for the villagers. However, as the witch, I have a unique opportunity to manipulate the game in our favor. Resurrecting Player2 may help gather more information and potentially reveal a werewolf.", "speak": "I choose to resurrect Player2 because keeping more players alive can facilitate discussions and might uncover the identity of the werewolves.", "resurrect": true}
2025-03-01 17:43:11 - INFO - ===
2025-03-01 17:43:13 - INFO - Survivors Discussion: I agree with Player3 about the need to talk more about Player1. Let’s not let suspicion drive us apart, but let's be careful of who we trust.
2025-03-01 17:43:13 - INFO - Moderator: Given the game rules and your role, based on the situation and the information you gain, to win the game, it's time to vote one player eliminated among the alive players. Which player do you vote to kill?
2025-03-01 17:43:13 - INFO - ===
2025-03-01 17:43:13 - INFO - Query: Discussions related to villagers, seer, witch.
2025-03-01 17:43:13 - INFO - Retrieved similar documents: Player1: {"thought": "I need to figure out who among the other players might be a werewolf while protecting my identity. Blending in is crucial, and I must steer the conversation effectively to gather information.", "speak": "I think we should all share our suspicions about each other. It's important to figure out who might be acting a bit off. What does everyone think about Player2? They seem a bit too quiet for my liking.", "finish_discussion": "false"}
Player1: {"thought": "I need to remain cautious and observe how others respond to the suspicion on Player2. My strategy should focus on blending in and guiding the discussion to gather more information while keeping my role hidden.", "speak": "I still think Player2 is acting suspiciously. What do you all think about Player3? Maybe we should consider them as well."}
2025-03-01 17:43:13 - INFO - ===
2025-03-01 17:43:15 - INFO - ===
2025-03-01 17:43:15 - INFO - Fast Response: {"thought": "I feel that Player2 is the most suspicious based on their quietness and lack of engagement in the discussion. However, I want to remain cautious, as Player3 could also be a potential werewolf. I have to make a decision.", "vote": "Player2", "uncertainty_score": 0.3}
2025-03-01 17:43:15 - INFO - Fast Uncertainty: 0.3
2025-03-01 17:43:15 - INFO - ===
2025-03-01 17:43:17 - INFO - ===
2025-03-01 17:43:17 - INFO - Slow Response: {"thought": "Given that I have expressed suspicion towards Player2 due to their quietness, and no new information has changed my perspective, I will stick with my suspicion for now. However, I still have some doubt due to the lack of concrete evidence.", "vote": "Player2", "uncertainty_score": 0.7}
2025-03-01 17:43:17 - INFO - ===
2025-03-01 17:43:17 - INFO - ===
2025-03-01 17:43:17 - INFO - Query: Discussions related to werewolves.
2025-03-01 17:43:17 - INFO - Retrieved similar documents: Player2: {"thought": "Player1 is trying to shift suspicion towards me and Player3, possibly to divert attention away from themselves. I need to defend myself and keep an eye on Player1.", "speak": "I feel like Player1 is trying to deflect attention off themselves. Let's discuss Player1's behavior more. What do you think, Player3 and Player4?"}
Player2: {"thought": "Player1 is trying to shift suspicion towards me and Player3, possibly to divert attention away from themselves. I need to defend myself and keep an eye on Player1.", "speak": "I feel like Player1 is trying to deflect attention off themselves. Let's discuss Player1's behavior more. What do you think, Player3 and Player4?"}
2025-03-01 17:43:17 - INFO - ===
2025-03-01 17:43:19 - INFO - ===
2025-03-01 17:43:19 - INFO - Query: Discussions related to werewolves.
2025-03-01 17:43:19 - INFO - Retrieved similar documents: Moderator: Okay, the role of Player1 is a werewolf.
Player3: {"thought": "I need to gather information about one of the players to help guide our decisions tomorrow. I suspect Player1 might be a werewolf, given their silence during discussions.", "speak": "Player1"}
2025-03-01 17:43:19 - INFO - ===
2025-03-01 17:43:21 - INFO - ===
2025-03-01 17:43:21 - INFO - Query: Discussions related to werewolves.
2025-03-01 17:43:21 - INFO - Retrieved similar documents: Player4: {"thought": "Eliminating Player2 might have strategic implications for the villagers. However, as the witch, I have a unique opportunity to manipulate the game in our favor. Resurrecting Player2 may help gather more information and potentially reveal a werewolf.", "speak": "I choose to resurrect Player2 because keeping more players alive can facilitate discussions and might uncover the identity of the werewolves.", "resurrect": true}
2025-03-01 17:43:21 - INFO - ===
2025-03-01 17:43:23 - INFO - Moderator: Player1 has been voted out.
2025-03-01 17:43:23 - INFO - Moderator: The game is over. The werewolves have been defeated, and the village is safe once again!
2025-03-01 17:43:23 - INFO - Moderator: The game is over. The werewolves have been defeated, and the village is safe once again!
