{"basefilepath":"logs/fastslow","max_days_per_game":5,"num_games":20,"reflect_before_vectorstore":false,"max_werewolf_discussion_round":3,"similarity_top_k":2,"random_seed":43}
2025-03-01 17:39:15 - INFO - Starting game 1
2025-03-01 17:39:15 - INFO - Moderator: Player1, if you are the only werewolf, eliminate a player. Otherwise, discuss with your teammates and reach an agreement.
2025-03-01 17:39:15 - INFO - Moderator: Player1, if you are the only werewolf, eliminate a player. Otherwise, discuss with your teammates and reach an agreement.
2025-03-01 17:39:15 - INFO - ===
2025-03-01 17:39:15 - INFO - Query: Discussions related to villagers, seer, witch.
2025-03-01 17:39:15 - INFO - Retrieved similar documents: 
2025-03-01 17:39:15 - INFO - ===
2025-03-01 17:39:17 - INFO - Werewolves discussion: I think we should be cautious in our discussions. We know that two players are werewolves among us. Let's consider each other's statements critically. Player2, you mentioned something earlier that caught my attention. Can you clarify your reasoning?
2025-03-01 17:39:17 - INFO - Moderator: Which player do you vote to kill?
2025-03-01 17:39:17 - INFO - Moderator: Which player do you vote to kill?
2025-03-01 17:39:18 - INFO - ===
2025-03-01 17:39:18 - INFO - Query: Discussions related to villagers, seer, witch.
2025-03-01 17:39:18 - INFO - Retrieved similar documents: Player1: {"thought": "I need to assess the players' reactions and statements to identify who could be the werewolves. Trust is crucial here, especially since I don't want to reveal my role too early. It's also important to gauge whether I can align with anyone to protect my identity.", "speak": "I think we should be cautious in our discussions. We know that two players are werewolves among us. Let's consider each other's statements critically. Player2, you mentioned something earlier that caught my attention. Can you clarify your reasoning?", "finish_discussion": "false"}
Player1: {"thought": "I need to assess the players' reactions and statements to identify who could be the werewolves. Trust is crucial here, especially since I don't want to reveal my role too early. It's also important to gauge whether I can align with anyone to protect my identity.", "speak": "I think we should be cautious in our discussions. We know that two players are werewolves among us. Let's consider each other's statements critically. Player2, you mentioned something earlier that caught my attention. Can you clarify your reasoning?", "finish_discussion": "false"}
2025-03-01 17:39:18 - INFO - ===
2025-03-01 17:39:19 - INFO - ===
2025-03-01 17:39:19 - INFO - Fast Response: {"thought": "I still have doubts about Player2 based on their earlier statements, but I need more evidence to confirm my suspicion. I want to keep the discussion going to gather more insights before making a definitive judgment. Overall, I feel moderately uncertain about my vote, as I need to consider the other players as well.", "vote": "Player2", "uncertainty_score": 0.5}
2025-03-01 17:39:19 - INFO - Fast Uncertainty: 0.5
2025-03-01 17:39:19 - INFO - ===
2025-03-01 17:39:22 - INFO - ===
2025-03-01 17:39:22 - INFO - Slow Response: {"thought": "Given there has only been limited discussion so far and no one has been eliminated yet, I don't have concrete evidence to confidently vote for someone. However, I want to make a choice that can provide more information. So, I'll vote for Player3 who has been relatively quiet and whose actions I find suspicious. My uncertainty is high since I don't have a lot of information yet.", "vote": "Player3", "uncertainty_score": 0.8}
2025-03-01 17:39:22 - INFO - ===
2025-03-01 17:39:22 - INFO - Moderator: The player with the most votes is Player3.
2025-03-01 17:39:22 - INFO - Moderator: Player4, you're the witch. Tonight Player3 is eliminated. Would you like to resurrect Player3?
2025-03-01 17:39:22 - INFO - ===
2025-03-01 17:39:22 - INFO - Query: Discussions related to werewolves.
2025-03-01 17:39:22 - INFO - Retrieved similar documents: 
2025-03-01 17:39:22 - INFO - ===
2025-03-01 17:39:24 - INFO - Witch resurrection response: I will not resurrect Player3 tonight because I need more information before making such a crucial move.
2025-03-01 17:39:24 - INFO - Moderator: The witch has chosen not to resurrect the player.
2025-03-01 17:39:24 - INFO - ===
2025-03-01 17:39:24 - INFO - Query: Discussions related to werewolves.
2025-03-01 17:39:24 - INFO - Retrieved similar documents: Player4: {"thought": "Since Player3 is being targeted for elimination, I need to consider the situation carefully. I want to gather more information about everyone's actions and intentions before making a decision. Resurrecting Player3 may provide valuable insight into what happened during the night.", "speak": "I will not resurrect Player3 tonight because I need more information before making such a crucial move.", "resurrect": false}
2025-03-01 17:39:24 - INFO - ===
2025-03-01 17:39:26 - INFO - Witch Poison Response: I think we should hold off on eliminating anyone tonight. Let's see how the discussions unfold and gather more intel.
2025-03-01 17:39:26 - INFO - The witch has chosen not to poison a player.
2025-03-01 17:39:26 - INFO - Moderator: Player3, you're the seer. Which player in Player1, Player2, Player3 and Player4 would you like to check tonight?
2025-03-01 17:39:26 - INFO - ===
2025-03-01 17:39:26 - INFO - Query: Discussions related to werewolves.
2025-03-01 17:39:26 - INFO - Retrieved similar documents: 
2025-03-01 17:39:26 - INFO - ===
2025-03-01 17:39:27 - INFO - Seer response: Player1
2025-03-01 17:39:27 - INFO - Moderator: Okay, the role of Player1 is a werewolf.
2025-03-01 17:39:28 - INFO - ===
2025-03-01 17:39:28 - INFO - Query: Discussions related to villagers, seer, witch.
2025-03-01 17:39:28 - INFO - Retrieved similar documents: Player1: {"thought": "I need to assess the players' reactions and statements to identify who could be the werewolves. Trust is crucial here, especially since I don't want to reveal my role too early. It's also important to gauge whether I can align with anyone to protect my identity.", "speak": "I think we should be cautious in our discussions. We know that two players are werewolves among us. Let's consider each other's statements critically. Player2, you mentioned something earlier that caught my attention. Can you clarify your reasoning?", "finish_discussion": "false"}
Player1: {"thought": "Given there has only been limited discussion so far and no one has been eliminated yet, I don't have concrete evidence to confidently vote for someone. However, I want to make a choice that can provide more information. So, I'll vote for Player3 who has been relatively quiet and whose actions I find suspicious. My uncertainty is high since I don't have a lot of information yet.", "vote": "Player3", "uncertainty_score": 0.8}
2025-03-01 17:39:28 - INFO - ===
2025-03-01 17:39:30 - INFO - ===
2025-03-01 17:39:30 - INFO - Query: Discussions related to werewolves.
2025-03-01 17:39:30 - INFO - Retrieved similar documents: 
2025-03-01 17:39:30 - INFO - ===
2025-03-01 17:39:32 - INFO - ===
2025-03-01 17:39:32 - INFO - Query: Discussions related to werewolves.
2025-03-01 17:39:32 - INFO - Retrieved similar documents: Player4: {"thought": "I still have reservations about eliminating anyone yet. I want to observe how this voting will unfold and gauge the reactions of others before taking any drastic actions. It's essential to gather as much information as possible at this stage.", "speak": "I think we should hold off on eliminating anyone tonight. Let's see how the discussions unfold and gather more intel.", "eliminate": false}
2025-03-01 17:39:32 - INFO - ===
2025-03-01 17:39:34 - INFO - Survivors Discussion: That's a good point, Player2. We should definitely analyze what Player3 was saying before they were eliminated. Any insights can help us narrow down our suspicions.
2025-03-01 17:39:34 - INFO - Moderator: Given the game rules and your role, based on the situation and the information you gain, to win the game, it's time to vote one player eliminated among the alive players. Which player do you vote to kill?
2025-03-01 17:39:34 - INFO - ===
2025-03-01 17:39:34 - INFO - Query: Discussions related to villagers, seer, witch.
2025-03-01 17:39:34 - INFO - Retrieved similar documents: Player1: {"thought": "I need to assess the players' reactions and statements to identify who could be the werewolves. Trust is crucial here, especially since I don't want to reveal my role too early. It's also important to gauge whether I can align with anyone to protect my identity.", "speak": "I think we should be cautious in our discussions. We know that two players are werewolves among us. Let's consider each other's statements critically. Player2, you mentioned something earlier that caught my attention. Can you clarify your reasoning?", "finish_discussion": "false"}
Player1: {"thought": "With Player3 eliminated, I need to analyze the reactions from Player2 and Player4. Their responses will give me insight into their thought processes and whether they could be werewolves. I must remain cautious and not reveal too much about my own role yet.", "speak": "Now that we have eliminated Player3, let's discuss what we can infer from this situation. Player2, what's your take on how that vote went? And Player4, do you have any thoughts on who the remaining werewolf might be?"}
2025-03-01 17:39:34 - INFO - ===
2025-03-01 17:39:36 - INFO - ===
2025-03-01 17:39:36 - INFO - Fast Response: {"thought": "I need to analyze Player2 and Player4 closely, as I have seen their actions and arguments since Player3 was eliminated. I have a gut feeling about Player2 and their responses, but I still have some doubts about Player4 as well. I must be strategic with my vote to avoid losing more villagers.", "vote": "Player2", "uncertainty_score": 0.3}
2025-03-01 17:39:36 - INFO - Fast Uncertainty: 0.3
2025-03-01 17:39:36 - INFO - ===
2025-03-01 17:39:38 - INFO - ===
2025-03-01 17:39:38 - INFO - Slow Response: {"thought": "Based on the conversations and eliminations so far, I suspect Player2 might be a werewolf. Their responses during discussions seemed calculated, and I want to see how Player4 reacts to this vote.", "vote": "Player2", "uncertainty_score": 0.4}
2025-03-01 17:39:38 - INFO - ===
2025-03-01 17:39:38 - INFO - ===
2025-03-01 17:39:38 - INFO - Query: Discussions related to werewolves.
2025-03-01 17:39:38 - INFO - Retrieved similar documents: Player2: {"thought": "I need to steer the conversation and gather insights from both players without revealing too much about my own suspicions. Since I'm a villager, I want to identify the werewolf carefully.", "speak": "I think we should look closely at the voting patterns and try to analyze what Player3 might have known before they were eliminated. What do you think, Player1 and Player4?"}
Player2: {"thought": "I need to steer the conversation and gather insights from both players without revealing too much about my own suspicions. Since I'm a villager, I want to identify the werewolf carefully.", "speak": "I think we should look closely at the voting patterns and try to analyze what Player3 might have known before they were eliminated. What do you think, Player1 and Player4?"}
2025-03-01 17:39:38 - INFO - ===
2025-03-01 17:39:40 - INFO - ===
2025-03-01 17:39:40 - INFO - Query: Discussions related to werewolves.
2025-03-01 17:39:40 - INFO - Retrieved similar documents: Player4: {"thought": "It's important to keep a careful eye on the discussions and try to deduce who is more likely to be a werewolf from what they've done so far. I need to balance keeping my role hidden while also providing input that helps the villagers without raising suspicion.", "speak": "That's a good point, Player2. We should definitely analyze what Player3 was saying before they were eliminated. Any insights can help us narrow down our suspicions."}
2025-03-01 17:39:40 - INFO - ===
2025-03-01 17:39:45 - INFO - Moderator: Player1 has been voted out.
2025-03-01 17:39:45 - INFO - Moderator: The game is over. The werewolves have been defeated, and the village is safe once again!
2025-03-01 17:39:45 - INFO - Moderator: The game is over. The werewolves have been defeated, and the village is safe once again!
