{"basefilepath":"logs/fastslow","max_days_per_game":5,"num_games":20,"reflect_before_vectorstore":false,"max_werewolf_discussion_round":3,"similarity_top_k":2,"random_seed":43}
2025-03-01 17:47:06 - INFO - Starting game 16
2025-03-01 17:47:06 - INFO - Moderator: Player1, if you are the only werewolf, eliminate a player. Otherwise, discuss with your teammates and reach an agreement.
2025-03-01 17:47:06 - INFO - Moderator: Player1, if you are the only werewolf, eliminate a player. Otherwise, discuss with your teammates and reach an agreement.
2025-03-01 17:47:06 - INFO - ===
2025-03-01 17:47:06 - INFO - Query: Discussions related to villagers, seer, witch.
2025-03-01 17:47:06 - INFO - Retrieved similar documents: 
2025-03-01 17:47:06 - INFO - ===
2025-03-01 17:47:09 - INFO - Werewolves discussion: I think we should all share our suspicions. It's important we work together to identify the wolves among us. What are everyone's thoughts on Player3? I feel like they might be trying to steer the conversation.
2025-03-01 17:47:09 - INFO - Moderator: Which player do you vote to kill?
2025-03-01 17:47:09 - INFO - Moderator: Which player do you vote to kill?
2025-03-01 17:47:09 - INFO - ===
2025-03-01 17:47:09 - INFO - Query: Discussions related to villagers, seer, witch.
2025-03-01 17:47:09 - INFO - Retrieved similar documents: Player1: {"thought": "I need to gauge the suspicions of the other players and see if I can deflect attention away from myself while subtly exploring potential werewolves. I should also pay attention to Player2, Player3, and Player4's behavior and accusations to analyze their motives.", "speak": "I think we should all share our suspicions. It's important we work together to identify the wolves among us. What are everyone's thoughts on Player3? I feel like they might be trying to steer the conversation.", "finish_discussion": "false"}
Player1: {"thought": "I need to gauge the suspicions of the other players and see if I can deflect attention away from myself while subtly exploring potential werewolves. I should also pay attention to Player2, Player3, and Player4's behavior and accusations to analyze their motives.", "speak": "I think we should all share our suspicions. It's important we work together to identify the wolves among us. What are everyone's thoughts on Player3? I feel like they might be trying to steer the conversation.", "finish_discussion": "false"}
2025-03-01 17:47:09 - INFO - ===
2025-03-01 17:47:11 - INFO - ===
2025-03-01 17:47:11 - INFO - Fast Response: {"thought": "I still feel like Player3 is trying to manipulate the conversation, and it's important to eliminate potential threats early on. I need to focus on the discussions and see how everyone reacts to my vote as well.", "vote": "Player3", "uncertainty_score": 0.3}
2025-03-01 17:47:11 - INFO - Fast Uncertainty: 0.3
2025-03-01 17:47:11 - INFO - ===
2025-03-01 17:47:14 - INFO - ===
2025-03-01 17:47:14 - INFO - Slow Response: {"thought": "I'm trying to steer the suspicion onto someone else by seeing if others agree with my concern about Player3. If I can steer the conversation naturally, it might make Player3 seem more suspicious to others. However, there's still a lot of uncertainty without concrete actions or claims from others.", "vote": "Player3", "uncertainty_score": 0.6}
2025-03-01 17:47:14 - INFO - ===
2025-03-01 17:47:14 - INFO - Moderator: The player with the most votes is Player3.
2025-03-01 17:47:14 - INFO - Moderator: Player4, you're the witch. Tonight Player3 is eliminated. Would you like to resurrect Player3?
2025-03-01 17:47:14 - INFO - ===
2025-03-01 17:47:14 - INFO - Query: Discussions related to werewolves.
2025-03-01 17:47:14 - INFO - Retrieved similar documents: 
2025-03-01 17:47:14 - INFO - ===
2025-03-01 17:47:16 - INFO - Witch resurrection response: I will resurrect Player3 because I believe they may have valuable insights that can help us identify the werewolves, and I want to keep the player count equal between villagers and werewolves.
2025-03-01 17:47:16 - INFO - Moderator: The witch has chosen to resurrect the player.
2025-03-01 17:47:16 - INFO - Moderator: Player3, you're the seer. Which player in Player1, Player2, Player3 and Player4 would you like to check tonight?
2025-03-01 17:47:16 - INFO - ===
2025-03-01 17:47:16 - INFO - Query: Discussions related to werewolves.
2025-03-01 17:47:16 - INFO - Retrieved similar documents: 
2025-03-01 17:47:16 - INFO - ===
2025-03-01 17:47:17 - INFO - Seer response: Player1
2025-03-01 17:47:17 - INFO - Moderator: Okay, the role of Player1 is a werewolf.
2025-03-01 17:49:22 - INFO - ===
2025-03-01 17:49:22 - INFO - Query: Discussions related to villagers, seer, witch.
2025-03-01 17:49:22 - INFO - Retrieved similar documents: Player1: {"thought": "I need to gauge the suspicions of the other players and see if I can deflect attention away from myself while subtly exploring potential werewolves. I should also pay attention to Player2, Player3, and Player4's behavior and accusations to analyze their motives.", "speak": "I think we should all share our suspicions. It's important we work together to identify the wolves among us. What are everyone's thoughts on Player3? I feel like they might be trying to steer the conversation.", "finish_discussion": "false"}
Player1: {"thought": "I'm trying to steer the suspicion onto someone else by seeing if others agree with my concern about Player3. If I can steer the conversation naturally, it might make Player3 seem more suspicious to others. However, there's still a lot of uncertainty without concrete actions or claims from others.", "vote": "Player3", "uncertainty_score": 0.6}
2025-03-01 17:49:22 - INFO - ===
2025-03-01 17:49:23 - INFO - ===
2025-03-01 17:49:23 - INFO - Query: Discussions related to werewolves.
2025-03-01 17:49:23 - INFO - Retrieved similar documents: 
2025-03-01 17:49:23 - INFO - ===
2025-03-01 17:49:25 - INFO - ===
2025-03-01 17:49:25 - INFO - Query: Discussions related to werewolves.
2025-03-01 17:49:25 - INFO - Retrieved similar documents: Moderator: Okay, the role of Player1 is a werewolf.
Player3: {"thought": "I need to gather information to uncover the werewolves. I'll check Player1 tonight to see if they're one of the werewolves.", "speak": "Player1"}
2025-03-01 17:49:25 - INFO - ===
2025-03-01 17:49:33 - INFO - ===
2025-03-01 17:49:33 - INFO - Query: Discussions related to werewolves.
2025-03-01 17:49:33 - INFO - Retrieved similar documents: Player4: {"thought": "As the witch, I need to use my powers wisely. If Player3 was eliminated tonight, they might have some important information or they could be a location of the Seer or Villager. I want to keep the game at a standstill, while gathering more information.", "speak": "I will resurrect Player3 because I believe they may have valuable insights that can help us identify the werewolves, and I want to keep the player count equal between villagers and werewolves.", "resurrect": true}
2025-03-01 17:49:33 - INFO - ===
2025-03-01 17:49:34 - INFO - Survivors Discussion: Player3, that's a bold claim! Do you have any evidence or reasons why you believe Player1 is a werewolf?
2025-03-01 17:49:34 - INFO - Moderator: Given the game rules and your role, based on the situation and the information you gain, to win the game, it's time to vote one player eliminated among the alive players. Which player do you vote to kill?
2025-03-01 17:49:35 - INFO - ===
2025-03-01 17:49:35 - INFO - Query: Discussions related to villagers, seer, witch.
2025-03-01 17:49:35 - INFO - Retrieved similar documents: Player1: {"thought": "I need to stay focused on guiding the conversation away from myself while also keeping an eye on Player2 and Player4's reactions to the accusations against Player3. I want to see if they might also be potential werewolves.", "speak": "Since we're discussing Player3, I also have my doubts about Player2. How do the rest of you feel about their behavior during our discussions?"}
Player1: {"thought": "I need to gauge the suspicions of the other players and see if I can deflect attention away from myself while subtly exploring potential werewolves. I should also pay attention to Player2, Player3, and Player4's behavior and accusations to analyze their motives.", "speak": "I think we should all share our suspicions. It's important we work together to identify the wolves among us. What are everyone's thoughts on Player3? I feel like they might be trying to steer the conversation.", "finish_discussion": "false"}
2025-03-01 17:49:35 - INFO - ===
2025-03-01 17:49:36 - INFO - ===
2025-03-01 17:49:36 - INFO - Fast Response: {"thought": "I still have doubts about Player2 and their behaviors during our discussions. However, I suspect Player3 might be trying to manipulate the conversation as well. It\u2019s a tough decision, but I think it's important to eliminate someone to move forward. I will vote for Player3 based on my observations.", "vote": "Player3", "uncertainty_score": 0.3}
2025-03-01 17:49:36 - INFO - Fast Uncertainty: 0.3
2025-03-01 17:49:36 - INFO - ===
2025-03-01 17:49:38 - INFO - ===
2025-03-01 17:49:38 - INFO - Slow Response: {"thought": "I need to consider previous interactions and accusations to deduce the most suspicious player. Player3 has been trying to steer conversations, but I also suspect Player2. However, given the lack of definitive evidence, my vote will be based on previous doubts expressed.", "vote": "Player3", "uncertainty_score": "0.4"}
2025-03-01 17:49:38 - INFO - ===
2025-03-01 17:49:39 - INFO - ===
2025-03-01 17:49:39 - INFO - Query: Discussions related to werewolves.
2025-03-01 17:49:39 - INFO - Retrieved similar documents: Player2: {"thought": "Player1 seems to be pointing fingers at me, could they be trying to divert attention from themselves? I need to defend myself while also trying to gauge suspicion towards them and Player3.", "speak": "I understand your concerns about my behavior, but I believe it's important to consider Player1's intentions as well. They might be trying to mislead us. We should focus on gathering more information before making any decisions."}
Player2: {"thought": "Player1 seems to be pointing fingers at me, could they be trying to divert attention from themselves? I need to defend myself while also trying to gauge suspicion towards them and Player3.", "speak": "I understand your concerns about my behavior, but I believe it's important to consider Player1's intentions as well. They might be trying to mislead us. We should focus on gathering more information before making any decisions."}
2025-03-01 17:49:39 - INFO - ===
2025-03-01 17:49:41 - INFO - ===
2025-03-01 17:49:41 - INFO - Query: Discussions related to werewolves.
2025-03-01 17:49:41 - INFO - Retrieved similar documents: Moderator: Okay, the role of Player1 is a werewolf.
Player3: {"thought": "I need to gather information to uncover the werewolves. I'll check Player1 tonight to see if they're one of the werewolves.", "speak": "Player1"}
2025-03-01 17:49:41 - INFO - ===
2025-03-01 17:49:42 - INFO - ===
2025-03-01 17:49:42 - INFO - Query: Discussions related to werewolves.
2025-03-01 17:49:42 - INFO - Retrieved similar documents: Player4: {"thought": "It seems like Player3 is trying to shift the blame onto Player1, which might be a tactic to deflect attention from themselves. I need to be cautious and gather more information before taking any action.", "speak": "Player3, that's a bold claim! Do you have any evidence or reasons why you believe Player1 is a werewolf?"}
2025-03-01 17:49:42 - INFO - ===
2025-03-01 17:49:44 - INFO - Moderator: Player1 has been voted out.
2025-03-01 17:49:44 - INFO - Moderator: The game is over. The werewolves have been defeated, and the village is safe once again!
2025-03-01 17:49:44 - INFO - Moderator: The game is over. The werewolves have been defeated, and the village is safe once again!
