{"basefilepath":"logs/fastslow","max_days_per_game":5,"num_games":20,"reflect_before_vectorstore":false,"max_werewolf_discussion_round":3,"similarity_top_k":2,"random_seed":43}
2025-03-01 17:50:53 - INFO - Starting game 19
2025-03-01 17:50:54 - INFO - Moderator: Player1, if you are the only werewolf, eliminate a player. Otherwise, discuss with your teammates and reach an agreement.
2025-03-01 17:50:54 - INFO - Moderator: Player1, if you are the only werewolf, eliminate a player. Otherwise, discuss with your teammates and reach an agreement.
2025-03-01 17:50:54 - INFO - ===
2025-03-01 17:50:54 - INFO - Query: Discussions related to villagers, seer, witch.
2025-03-01 17:50:54 - INFO - Retrieved similar documents: 
2025-03-01 17:50:54 - INFO - ===
2025-03-01 17:50:58 - INFO - Werewolves discussion: I think we should discuss everyone's observations from the night. We haven't seen any eliminations yet, but I'm curious to hear if anyone has any suspicions or insights they want to share. Does anyone feel particularly uneasy about a player?
2025-03-01 17:50:58 - INFO - Moderator: Which player do you vote to kill?
2025-03-01 17:50:58 - INFO - Moderator: Which player do you vote to kill?
2025-03-01 17:50:58 - INFO - ===
2025-03-01 17:50:58 - INFO - Query: Discussions related to villagers, seer, witch.
2025-03-01 17:50:58 - INFO - Retrieved similar documents: Player1: {"thought": "I need to figure out who might be the werewolves among Player2, Player3, and Player4. Since I don't have any special abilities, I'll have to rely on discussions and the intuition of my fellow players. I should be cautious about revealing anything that could give away my identity, but also encourage suspicion towards others.", "speak": "I think we should discuss everyone's observations from the night. We haven't seen any eliminations yet, but I'm curious to hear if anyone has any suspicions or insights they want to share. Does anyone feel particularly uneasy about a player?", "finish_discussion": "false"}
Player1: {"thought": "I need to figure out who might be the werewolves among Player2, Player3, and Player4. Since I don't have any special abilities, I'll have to rely on discussions and the intuition of my fellow players. I should be cautious about revealing anything that could give away my identity, but also encourage suspicion towards others.", "speak": "I think we should discuss everyone's observations from the night. We haven't seen any eliminations yet, but I'm curious to hear if anyone has any suspicions or insights they want to share. Does anyone feel particularly uneasy about a player?", "finish_discussion": "false"}
2025-03-01 17:50:58 - INFO - ===
2025-03-01 17:51:00 - INFO - ===
2025-03-01 17:51:00 - INFO - Fast Response: {"thought": "I still don't have enough information to confidently identify the werewolves. I suspect Player3 might be acting a bit off based on their behavior during the discussion, but I'm not entirely certain. I might vote for them to test the waters.", "vote": "Player3", "uncertainty_score": 0.5}
2025-03-01 17:51:00 - INFO - Fast Uncertainty: 0.5
2025-03-01 17:51:00 - INFO - ===
2025-03-01 17:51:02 - INFO - ===
2025-03-01 17:51:02 - INFO - Slow Response: {"thought": "My strategy is to gather more information by observing their reactions during the discussion. Based on our last discussions, I haven't had any concrete evidence about the roles of Player2, Player3, or Player4. There has been no elimination yet, which means the witch may have used their defense. I'm choosing based on a very limited read of the game so far.", "vote": "Player3", "uncertainty_score": "0.7"}
2025-03-01 17:51:02 - INFO - ===
2025-03-01 17:51:02 - INFO - Moderator: The player with the most votes is Player3.
2025-03-01 17:51:02 - INFO - Moderator: Player4, you're the witch. Tonight Player3 is eliminated. Would you like to resurrect Player3?
2025-03-01 17:51:02 - INFO - ===
2025-03-01 17:51:02 - INFO - Query: Discussions related to werewolves.
2025-03-01 17:51:02 - INFO - Retrieved similar documents: 
2025-03-01 17:51:02 - INFO - ===
2025-03-01 17:51:04 - INFO - Witch resurrection response: I think we should not resurrect Player3 yet. It might be better to gather more information before using my one-time save.
2025-03-01 17:51:04 - INFO - Moderator: The witch has chosen not to resurrect the player.
2025-03-01 17:51:05 - INFO - ===
2025-03-01 17:51:05 - INFO - Query: Discussions related to werewolves.
2025-03-01 17:51:05 - INFO - Retrieved similar documents: Player4: {"thought": "Even though Player3 was eliminated, I need to be careful. I have one chance to use my potion of life. It's essential to gather more information about the remaining players. If we can deduce who the werewolves might be, it will be crucial for our victory. Resurrecting Player3 might provide valuable insights since we could discuss who was targeted and why, but I need to make sure it's essential for our strategy going forward.", "speak": "I think we should not resurrect Player3 yet. It might be better to gather more information before using my one-time save.", "resurrect": false}
2025-03-01 17:51:05 - INFO - ===
2025-03-01 17:51:07 - INFO - Witch Poison Response: I believe we should hold off on eliminating anyone for now. Let's take a moment to discuss our thoughts and see if any suspicions arise before making a decision.
2025-03-01 17:51:07 - INFO - The witch has chosen not to poison a player.
2025-03-01 17:51:07 - INFO - Moderator: Player3, you're the seer. Which player in Player1, Player2, Player3 and Player4 would you like to check tonight?
2025-03-01 17:51:07 - INFO - ===
2025-03-01 17:51:07 - INFO - Query: Discussions related to werewolves.
2025-03-01 17:51:07 - INFO - Retrieved similar documents: 
2025-03-01 17:51:07 - INFO - ===
2025-03-01 17:51:08 - INFO - Seer response: Player1
2025-03-01 17:51:08 - INFO - Moderator: Okay, the role of Player1 is a werewolf.
2025-03-01 17:51:09 - INFO - ===
2025-03-01 17:51:09 - INFO - Query: Discussions related to villagers, seer, witch.
2025-03-01 17:51:09 - INFO - Retrieved similar documents: Player1: {"thought": "I need to figure out who might be the werewolves among Player2, Player3, and Player4. Since I don't have any special abilities, I'll have to rely on discussions and the intuition of my fellow players. I should be cautious about revealing anything that could give away my identity, but also encourage suspicion towards others.", "speak": "I think we should discuss everyone's observations from the night. We haven't seen any eliminations yet, but I'm curious to hear if anyone has any suspicions or insights they want to share. Does anyone feel particularly uneasy about a player?", "finish_discussion": "false"}
Player1: {"thought": "My strategy is to gather more information by observing their reactions during the discussion. Based on our last discussions, I haven't had any concrete evidence about the roles of Player2, Player3, or Player4. There has been no elimination yet, which means the witch may have used their defense. I'm choosing based on a very limited read of the game so far.", "vote": "Player3", "uncertainty_score": "0.7"}
2025-03-01 17:51:09 - INFO - ===
2025-03-01 17:51:11 - INFO - ===
2025-03-01 17:51:11 - INFO - Query: Discussions related to werewolves.
2025-03-01 17:51:11 - INFO - Retrieved similar documents: 
2025-03-01 17:51:11 - INFO - ===
2025-03-01 17:51:14 - INFO - ===
2025-03-01 17:51:14 - INFO - Query: Discussions related to werewolves.
2025-03-01 17:51:14 - INFO - Retrieved similar documents: Player4: {"thought": "Even though Player3 was eliminated, I need to be careful. I have one chance to use my potion of life. It's essential to gather more information about the remaining players. If we can deduce who the werewolves might be, it will be crucial for our victory. Resurrecting Player3 might provide valuable insights since we could discuss who was targeted and why, but I need to make sure it's essential for our strategy going forward.", "speak": "I think we should not resurrect Player3 yet. It might be better to gather more information before using my one-time save.", "resurrect": false}
2025-03-01 17:51:14 - INFO - ===
2025-03-01 17:51:15 - INFO - Survivors Discussion: I think we should look at how Player1 and Player2 have acted in previous rounds. Any suspicious behavior we can point to?
2025-03-01 17:51:15 - INFO - Moderator: Given the game rules and your role, based on the situation and the information you gain, to win the game, it's time to vote one player eliminated among the alive players. Which player do you vote to kill?
2025-03-01 17:51:16 - INFO - ===
2025-03-01 17:51:16 - INFO - Query: Discussions related to villagers, seer, witch.
2025-03-01 17:51:16 - INFO - Retrieved similar documents: Player1: {"thought": "I need to figure out who might be the werewolves among Player2, Player3, and Player4. Since I don't have any special abilities, I'll have to rely on discussions and the intuition of my fellow players. I should be cautious about revealing anything that could give away my identity, but also encourage suspicion towards others.", "speak": "I think we should discuss everyone's observations from the night. We haven't seen any eliminations yet, but I'm curious to hear if anyone has any suspicions or insights they want to share. Does anyone feel particularly uneasy about a player?", "finish_discussion": "false"}
Player1: {"thought": "My strategy is to gather more information by observing their reactions during the discussion. Based on our last discussions, I haven't had any concrete evidence about the roles of Player2, Player3, or Player4. There has been no elimination yet, which means the witch may have used their defense. I'm choosing based on a very limited read of the game so far.", "vote": "Player3", "uncertainty_score": "0.7"}
2025-03-01 17:51:16 - INFO - ===
2025-03-01 17:51:17 - INFO - ===
2025-03-01 17:51:17 - INFO - Fast Response: {"thought": "Since Player3 has been eliminated, I'm curious about Player2 and Player4's reactions during discussions. Player2 seemed a bit defensive at times, so I'm leaning towards them. I still have some uncertainty, but it's necessary to make a decision.", "vote": "Player2", "uncertainty_score": "0.6"}
2025-03-01 17:51:17 - INFO - Fast Uncertainty: 0.6
2025-03-01 17:51:17 - INFO - ===
2025-03-01 17:51:19 - INFO - ===
2025-03-01 17:51:19 - INFO - Slow Response: {"thought": "With only three of us left, it's critical to make the right decision. I suspect Player4 because they have been quite reserved during discussions, which could be a potential strategy to avoid attention. Player2 has been engaging more actively in discussions. However, I acknowledge that Player4 being reserved might not be definitive evidence. Being wrong here could result in a loss.", "vote": "Player4", "uncertainty_score": "0.6"}
2025-03-01 17:51:19 - INFO - ===
2025-03-01 17:51:20 - INFO - ===
2025-03-01 17:51:20 - INFO - Query: Discussions related to werewolves.
2025-03-01 17:51:20 - INFO - Retrieved similar documents: Player2: {"thought": "With Player3 eliminated, I'm wondering if they were the seer or a villager. If they were the seer, we might have lost valuable information. I need to gauge Player1's and Player4's suspicions towards each other to find out who might be a werewolf.", "speak": "I think it's crucial we analyze Player3's potential role. Does anyone suspect Player1 or Player4 of being a werewolf based on their behavior so far?"}
Player2: {"thought": "With Player3 eliminated, I'm wondering if they were the seer or a villager. If they were the seer, we might have lost valuable information. I need to gauge Player1's and Player4's suspicions towards each other to find out who might be a werewolf.", "speak": "I think it's crucial we analyze Player3's potential role. Does anyone suspect Player1 or Player4 of being a werewolf based on their behavior so far?"}
2025-03-01 17:51:20 - INFO - ===
2025-03-01 17:51:22 - INFO - ===
2025-03-01 17:51:22 - INFO - Query: Discussions related to werewolves.
2025-03-01 17:51:22 - INFO - Retrieved similar documents: Player4: {"thought": "Even though Player3 was eliminated, I need to be careful. I have one chance to use my potion of life. It's essential to gather more information about the remaining players. If we can deduce who the werewolves might be, it will be crucial for our victory. Resurrecting Player3 might provide valuable insights since we could discuss who was targeted and why, but I need to make sure it's essential for our strategy going forward.", "speak": "I think we should not resurrect Player3 yet. It might be better to gather more information before using my one-time save.", "resurrect": false}
2025-03-01 17:51:22 - INFO - ===
2025-03-01 17:51:23 - INFO - Moderator: Player1 has been voted out.
2025-03-01 17:51:23 - INFO - Moderator: The game is over. The werewolves have been defeated, and the village is safe once again!
2025-03-01 17:51:23 - INFO - Moderator: The game is over. The werewolves have been defeated, and the village is safe once again!
