{"basefilepath":"logs/fastslow","max_days_per_game":5,"num_games":20,"reflect_before_vectorstore":false,"max_werewolf_discussion_round":3,"similarity_top_k":2,"random_seed":43}
2025-03-01 17:49:44 - INFO - Starting game 17
2025-03-01 17:49:44 - INFO - Moderator: Player1, if you are the only werewolf, eliminate a player. Otherwise, discuss with your teammates and reach an agreement.
2025-03-01 17:49:44 - INFO - Moderator: Player1, if you are the only werewolf, eliminate a player. Otherwise, discuss with your teammates and reach an agreement.
2025-03-01 17:49:44 - INFO - ===
2025-03-01 17:49:44 - INFO - Query: Discussions related to villagers, seer, witch.
2025-03-01 17:49:44 - INFO - Retrieved similar documents: 
2025-03-01 17:49:44 - INFO - ===
2025-03-01 17:49:46 - INFO - Werewolves discussion: I think we should all share our thoughts and suspicions about each other to gather more information. Player2, what do you think about Player3?
2025-03-01 17:49:46 - INFO - Moderator: Which player do you vote to kill?
2025-03-01 17:49:46 - INFO - Moderator: Which player do you vote to kill?
2025-03-01 17:49:46 - INFO - ===
2025-03-01 17:49:46 - INFO - Query: Discussions related to villagers, seer, witch.
2025-03-01 17:49:46 - INFO - Retrieved similar documents: Player1: {"thought": "I need to carefully observe everyone's behavior and interactions to determine who might be the werewolves. I should also consider how to protect myself and gain the trust of the other players.", "speak": "I think we should all share our thoughts and suspicions about each other to gather more information. Player2, what do you think about Player3?", "finish_discussion": "false"}
Player1: {"thought": "I need to carefully observe everyone's behavior and interactions to determine who might be the werewolves. I should also consider how to protect myself and gain the trust of the other players.", "speak": "I think we should all share our thoughts and suspicions about each other to gather more information. Player2, what do you think about Player3?", "finish_discussion": "false"}
2025-03-01 17:49:46 - INFO - ===
2025-03-01 17:49:48 - INFO - ===
2025-03-01 17:49:48 - INFO - Fast Response: {"thought": "I still need to gather more information from the discussions before making a concrete decision. However, I find Player3's actions to be somewhat suspicious, so I'm leaning towards voting them out.", "vote": "Player3", "uncertainty_score": "0.5"}
2025-03-01 17:49:48 - INFO - Fast Uncertainty: 0.5
2025-03-01 17:49:48 - INFO - ===
2025-03-01 17:49:51 - INFO - ===
2025-03-01 17:49:51 - INFO - Slow Response: {"thought": "Since we're in the night phase, I should strategize carefully about who to target. Our goal is to eliminate villagers, ideally without exposing ourselves. I'm considering voting for Player3 as a potential target due to the lack of solid alliances or suspicions voiced against them. However, I still feel relatively uncertain about this choice since we need to avoid hitting any special roles like the seer or witch.", "vote": "Player3", "uncertainty_score": 0.6}
2025-03-01 17:49:51 - INFO - ===
2025-03-01 17:49:52 - INFO - Moderator: The player with the most votes is Player3.
2025-03-01 17:49:52 - INFO - Moderator: Player4, you're the witch. Tonight Player3 is eliminated. Would you like to resurrect Player3?
2025-03-01 17:49:52 - INFO - ===
2025-03-01 17:49:52 - INFO - Query: Discussions related to werewolves.
2025-03-01 17:49:52 - INFO - Retrieved similar documents: 
2025-03-01 17:49:52 - INFO - ===
2025-03-01 17:49:54 - INFO - Witch resurrection response: I will not resurrect Player3 at this time, as it could be a strategic mistake if they do not provide key information or support in the following rounds.
2025-03-01 17:49:54 - INFO - Moderator: The witch has chosen not to resurrect the player.
2025-03-01 17:49:54 - INFO - ===
2025-03-01 17:49:54 - INFO - Query: Discussions related to werewolves.
2025-03-01 17:49:54 - INFO - Retrieved similar documents: Player4: {"thought": "I need to evaluate if reviving Player3 is beneficial based on the possible roles and what has transpired. If Player3 had a valuable role like Seer or Witch, I should consider resurrecting them. If they are just a villager, I might hold off as I need to conserve my resources for future moves.", "speak": "I will not resurrect Player3 at this time, as it could be a strategic mistake if they do not provide key information or support in the following rounds.", "resurrect": false}
2025-03-01 17:49:54 - INFO - ===
2025-03-01 17:50:00 - INFO - Witch Poison Response: I think we should discuss who we suspect might be werewolves before deciding on an elimination.
2025-03-01 17:50:00 - INFO - The witch has chosen not to poison a player.
2025-03-01 17:50:00 - INFO - Moderator: Player3, you're the seer. Which player in Player1, Player2, Player3 and Player4 would you like to check tonight?
2025-03-01 17:50:00 - INFO - ===
2025-03-01 17:50:00 - INFO - Query: Discussions related to werewolves.
2025-03-01 17:50:00 - INFO - Retrieved similar documents: 
2025-03-01 17:50:00 - INFO - ===
2025-03-01 17:50:01 - INFO - Seer response: Player1
2025-03-01 17:50:01 - INFO - Moderator: Okay, the role of Player1 is a werewolf.
2025-03-01 17:50:02 - INFO - ===
2025-03-01 17:50:02 - INFO - Query: Discussions related to villagers, seer, witch.
2025-03-01 17:50:02 - INFO - Retrieved similar documents: Player1: {"thought": "Since we're in the night phase, I should strategize carefully about who to target. Our goal is to eliminate villagers, ideally without exposing ourselves. I'm considering voting for Player3 as a potential target due to the lack of solid alliances or suspicions voiced against them. However, I still feel relatively uncertain about this choice since we need to avoid hitting any special roles like the seer or witch.", "vote": "Player3", "uncertainty_score": 0.6}
Player1: {"thought": "I need to carefully observe everyone's behavior and interactions to determine who might be the werewolves. I should also consider how to protect myself and gain the trust of the other players.", "speak": "I think we should all share our thoughts and suspicions about each other to gather more information. Player2, what do you think about Player3?", "finish_discussion": "false"}
2025-03-01 17:50:02 - INFO - ===
2025-03-01 17:50:04 - INFO - ===
2025-03-01 17:50:04 - INFO - Query: Discussions related to werewolves.
2025-03-01 17:50:04 - INFO - Retrieved similar documents: 
2025-03-01 17:50:04 - INFO - ===
2025-03-01 17:50:07 - INFO - ===
2025-03-01 17:50:07 - INFO - Query: Discussions related to werewolves.
2025-03-01 17:50:07 - INFO - Retrieved similar documents: Player4: {"thought": "I need to gather more information before making a decision on eliminating a player. I will analyze the discussions and accusations made during the day phase to figure out who might be a werewolf.", "speak": "I think we should discuss who we suspect might be werewolves before deciding on an elimination.", "eliminate": false}
2025-03-01 17:50:07 - INFO - ===
2025-03-01 17:50:08 - INFO - Survivors Discussion: I agree, Player2. Player3 did seem to be acting a bit off. What do you think, Player1?
2025-03-01 17:50:08 - INFO - Moderator: Given the game rules and your role, based on the situation and the information you gain, to win the game, it's time to vote one player eliminated among the alive players. Which player do you vote to kill?
2025-03-01 17:50:08 - INFO - ===
2025-03-01 17:50:08 - INFO - Query: Discussions related to villagers, seer, witch.
2025-03-01 17:50:08 - INFO - Retrieved similar documents: Player1: {"thought": "Since we're in the night phase, I should strategize carefully about who to target. Our goal is to eliminate villagers, ideally without exposing ourselves. I'm considering voting for Player3 as a potential target due to the lack of solid alliances or suspicions voiced against them. However, I still feel relatively uncertain about this choice since we need to avoid hitting any special roles like the seer or witch.", "vote": "Player3", "uncertainty_score": 0.6}
Player1: {"thought": "I need to carefully observe everyone's behavior and interactions to determine who might be the werewolves. I should also consider how to protect myself and gain the trust of the other players.", "speak": "I think we should all share our thoughts and suspicions about each other to gather more information. Player2, what do you think about Player3?", "finish_discussion": "false"}
2025-03-01 17:50:08 - INFO - ===
2025-03-01 17:50:10 - INFO - ===
2025-03-01 17:50:10 - INFO - Fast Response: {"thought": "With Player3 dead, I need to reassess the situation. I suspect Player2 may be more vocal and trying to divert attention. I think Player4 could be a werewolf too, but I want to investigate further. I'm leaning towards voting for Player2 because their behavior seems a bit suspicious.", "vote": "Player2", "uncertainty_score": 0.4}
2025-03-01 17:50:10 - INFO - Fast Uncertainty: 0.4
2025-03-01 17:50:10 - INFO - ===
2025-03-01 17:50:17 - INFO - ===
2025-03-01 17:50:17 - INFO - Slow Response: {"thought": "With Player3 eliminated, I need to decide between Player2 and Player4. I haven't noticed anything particularly suspicious about Player4 so far, but Player2 hasn't contributed much to discussions, which could be considered suspicious. Player3 was initially my target, so I need to be cautious. If Player2 is a special role, it might have negative consequences, but based on the lack of participation, I suspect they might not be. I'll vote for Player2, though this is a high-stakes decision.", "vote": "Player2", "uncertainty_score": 0.5}
2025-03-01 17:50:17 - INFO - ===
2025-03-01 17:50:18 - INFO - ===
2025-03-01 17:50:18 - INFO - Query: Discussions related to werewolves.
2025-03-01 17:50:18 - INFO - Retrieved similar documents: Player2: {"thought": "Player1 seems eager to gather information, but I want to be cautious about their intentions. It's possible they could be a werewolf trying to misdirect us. I need to think about Player4's behavior as well, since they haven't spoken much yet. I should keep my options open and carefully assess what both players are saying.", "speak": "I think we need to be careful with our suspicions. Both of you have had a chance to observe how Player3 was acting before they were eliminated. Did either of you notice anything unusual?"}
Player2: {"thought": "Player1 seems eager to gather information, but I want to be cautious about their intentions. It's possible they could be a werewolf trying to misdirect us. I need to think about Player4's behavior as well, since they haven't spoken much yet. I should keep my options open and carefully assess what both players are saying.", "speak": "I think we need to be careful with our suspicions. Both of you have had a chance to observe how Player3 was acting before they were eliminated. Did either of you notice anything unusual?"}
2025-03-01 17:50:18 - INFO - ===
2025-03-01 17:50:20 - INFO - ===
2025-03-01 17:50:20 - INFO - Query: Discussions related to werewolves.
2025-03-01 17:50:20 - INFO - Retrieved similar documents: Player4: {"thought": "I need to gather more information before making a decision on eliminating a player. I will analyze the discussions and accusations made during the day phase to figure out who might be a werewolf.", "speak": "I think we should discuss who we suspect might be werewolves before deciding on an elimination.", "eliminate": false}
2025-03-01 17:50:20 - INFO - ===
2025-03-01 17:50:23 - INFO - Moderator: Player1 has been voted out.
2025-03-01 17:50:23 - INFO - Moderator: The game is over. The werewolves have been defeated, and the village is safe once again!
2025-03-01 17:50:23 - INFO - Moderator: The game is over. The werewolves have been defeated, and the village is safe once again!
