{"basefilepath":"logs/fastslow","max_days_per_game":5,"num_games":20,"reflect_before_vectorstore":false,"max_werewolf_discussion_round":3,"similarity_top_k":2,"random_seed":43}
2025-03-01 17:50:23 - INFO - Starting game 18
2025-03-01 17:50:23 - INFO - Moderator: Player1, if you are the only werewolf, eliminate a player. Otherwise, discuss with your teammates and reach an agreement.
2025-03-01 17:50:23 - INFO - Moderator: Player1, if you are the only werewolf, eliminate a player. Otherwise, discuss with your teammates and reach an agreement.
2025-03-01 17:50:23 - INFO - ===
2025-03-01 17:50:23 - INFO - Query: Discussions related to villagers, seer, witch.
2025-03-01 17:50:23 - INFO - Retrieved similar documents: 
2025-03-01 17:50:23 - INFO - ===
2025-03-01 17:50:26 - INFO - Werewolves discussion: I think it would be wise for us to discuss suspicions and see where everyone stands. I have a feeling that Player2 might be acting a bit too quiet. What do you all think about that?
2025-03-01 17:50:26 - INFO - Moderator: Which player do you vote to kill?
2025-03-01 17:50:26 - INFO - Moderator: Which player do you vote to kill?
2025-03-01 17:50:27 - INFO - ===
2025-03-01 17:50:27 - INFO - Query: Discussions related to villagers, seer, witch.
2025-03-01 17:50:27 - INFO - Retrieved similar documents: Player1: {"thought": "I need to work on building trust with other players while subtly sowing doubt about them. We need to identify the seer and witch to minimize their influence, while keeping our identities hidden as werewolves.", "speak": "I think it would be wise for us to discuss suspicions and see where everyone stands. I have a feeling that Player2 might be acting a bit too quiet. What do you all think about that?", "finish_discussion": "false"}
Player1: {"thought": "I need to work on building trust with other players while subtly sowing doubt about them. We need to identify the seer and witch to minimize their influence, while keeping our identities hidden as werewolves.", "speak": "I think it would be wise for us to discuss suspicions and see where everyone stands. I have a feeling that Player2 might be acting a bit too quiet. What do you all think about that?", "finish_discussion": "false"}
2025-03-01 17:50:27 - INFO - ===
2025-03-01 17:50:28 - INFO - ===
2025-03-01 17:50:28 - INFO - Fast Response: {"thought": "I still feel Player2 is a bit too quiet and might be trying to blend in, but I'm unsure if there are better targets. I need to build more trust to navigate this tricky situation.", "vote": "Player2", "uncertainty_score": 0.3}
2025-03-01 17:50:28 - INFO - Fast Uncertainty: 0.3
2025-03-01 17:50:28 - INFO - ===
2025-03-01 17:50:30 - INFO - ===
2025-03-01 17:50:30 - INFO - Slow Response: {"thought": "Player2 might be a strategic choice because they have been quiet, and sometimes quiet players are trying to evade attention. However, I am mindful that the seer or the witch could also be among the other players.", "vote": "Player2", "uncertainty_score": "0.3"}
2025-03-01 17:50:30 - INFO - ===
2025-03-01 17:50:31 - INFO - Moderator: The player with the most votes is Player2.
2025-03-01 17:50:31 - INFO - Moderator: Player4, you're the witch. Tonight Player2 is eliminated. Would you like to resurrect Player2?
2025-03-01 17:50:31 - INFO - ===
2025-03-01 17:50:31 - INFO - Query: Discussions related to werewolves.
2025-03-01 17:50:31 - INFO - Retrieved similar documents: 
2025-03-01 17:50:31 - INFO - ===
2025-03-01 17:50:33 - INFO - Witch resurrection response: I am considering resurrecting Player2 because if they hold a key role like the Seer or if they are a villager, their insights could aid us in identifying the werewolves.
2025-03-01 17:50:33 - INFO - Moderator: The witch has chosen to resurrect the player.
2025-03-01 17:50:33 - INFO - Moderator: Player3, you're the seer. Which player in Player1, Player2, Player3 and Player4 would you like to check tonight?
2025-03-01 17:50:33 - INFO - ===
2025-03-01 17:50:33 - INFO - Query: Discussions related to werewolves.
2025-03-01 17:50:33 - INFO - Retrieved similar documents: 
2025-03-01 17:50:33 - INFO - ===
2025-03-01 17:50:34 - INFO - Seer response: Player1
2025-03-01 17:50:34 - INFO - Moderator: Okay, the role of Player1 is a werewolf.
2025-03-01 17:50:35 - INFO - ===
2025-03-01 17:50:35 - INFO - Query: Discussions related to villagers, seer, witch.
2025-03-01 17:50:35 - INFO - Retrieved similar documents: Player1: {"thought": "I need to work on building trust with other players while subtly sowing doubt about them. We need to identify the seer and witch to minimize their influence, while keeping our identities hidden as werewolves.", "speak": "I think it would be wise for us to discuss suspicions and see where everyone stands. I have a feeling that Player2 might be acting a bit too quiet. What do you all think about that?", "finish_discussion": "false"}
Player1: {"thought": "Player2 might be a strategic choice because they have been quiet, and sometimes quiet players are trying to evade attention. However, I am mindful that the seer or the witch could also be among the other players.", "vote": "Player2", "uncertainty_score": "0.3"}
2025-03-01 17:50:35 - INFO - ===
2025-03-01 17:50:37 - INFO - ===
2025-03-01 17:50:37 - INFO - Query: Discussions related to werewolves.
2025-03-01 17:50:37 - INFO - Retrieved similar documents: 
2025-03-01 17:50:37 - INFO - ===
2025-03-01 17:50:40 - INFO - ===
2025-03-01 17:50:40 - INFO - Query: Discussions related to werewolves.
2025-03-01 17:50:40 - INFO - Retrieved similar documents: Moderator: Okay, the role of Player1 is a werewolf.
Player3: {"thought": "I need to gather information about who the werewolves are to guide the villagers. I should check Player1, as they have been quiet so far and could be hiding something.", "speak": "Player1"}
2025-03-01 17:50:40 - INFO - ===
2025-03-01 17:50:41 - INFO - ===
2025-03-01 17:50:41 - INFO - Query: Discussions related to werewolves.
2025-03-01 17:50:41 - INFO - Retrieved similar documents: Player4: {"thought": "Since Player2 was eliminated, it's important to consider whether they could have any information or role that might help the villagers. However, we don't know their role yet and I need to be strategic about when to use my powers. Resurrecting them might be helpful if they're a valuable role, but it could also reveal that I'm the witch who saved them.", "speak": "I am considering resurrecting Player2 because if they hold a key role like the Seer or if they are a villager, their insights could aid us in identifying the werewolves.", "resurrect": true}
2025-03-01 17:50:41 - INFO - ===
2025-03-01 17:50:43 - INFO - Survivors Discussion: Let's keep discussing Player1. What are your thoughts on their behavior? Any suspicions?
2025-03-01 17:50:43 - INFO - Moderator: Given the game rules and your role, based on the situation and the information you gain, to win the game, it's time to vote one player eliminated among the alive players. Which player do you vote to kill?
2025-03-01 17:50:44 - INFO - ===
2025-03-01 17:50:44 - INFO - Query: Discussions related to villagers, seer, witch.
2025-03-01 17:50:44 - INFO - Retrieved similar documents: Player1: {"thought": "I need to work on building trust with other players while subtly sowing doubt about them. We need to identify the seer and witch to minimize their influence, while keeping our identities hidden as werewolves.", "speak": "I think it would be wise for us to discuss suspicions and see where everyone stands. I have a feeling that Player2 might be acting a bit too quiet. What do you all think about that?", "finish_discussion": "false"}
Player1: {"thought": "Player2 might be a strategic choice because they have been quiet, and sometimes quiet players are trying to evade attention. However, I am mindful that the seer or the witch could also be among the other players.", "vote": "Player2", "uncertainty_score": "0.3"}
2025-03-01 17:50:44 - INFO - ===
2025-03-01 17:50:45 - INFO - ===
2025-03-01 17:50:45 - INFO - Fast Response: {"thought": "I still believe that Player2 is a strong candidate for elimination since their quietness may indicate they are trying to avoid suspicion. However, I'm also considering the possibility that they might not be a werewolf. I need to weigh the risks carefully.", "vote": "Player2", "uncertainty_score": "0.4"}
2025-03-01 17:50:45 - INFO - Fast Uncertainty: 0.4
2025-03-01 17:50:45 - INFO - ===
2025-03-01 17:50:47 - INFO - ===
2025-03-01 17:50:47 - INFO - Slow Response: {"thought": "Given Player2's quiet behavior, my suspicion about their role remains. Since strategic silence could indicate a special role or an attempt to deflect suspicion as a werewolf, continuing my vote for Player2 feels logical, albeit with caution. However, I must consider shifting focus if new behavior suggests more evident roles, as my primary goal is to eliminate influential players like the seer or witch, if identified.", "vote": "Player2", "uncertainty_score": "0.4"}
2025-03-01 17:50:47 - INFO - ===
2025-03-01 17:50:48 - INFO - ===
2025-03-01 17:50:48 - INFO - Query: Discussions related to werewolves.
2025-03-01 17:50:48 - INFO - Retrieved similar documents: Player2: {"thought": "Player1 is suspicious of me, which could either mean they are trying to divert attention or genuinely suspect me. I need to be strategic in how I respond and gather information.", "speak": "I understand your concern, Player1. I think we should all share our thoughts more openly. What are the reasons behind your suspicions?"}
Player2: {"thought": "Player1 is suspicious of me, which could either mean they are trying to divert attention or genuinely suspect me. I need to be strategic in how I respond and gather information.", "speak": "I understand your concern, Player1. I think we should all share our thoughts more openly. What are the reasons behind your suspicions?"}
2025-03-01 17:50:48 - INFO - ===
2025-03-01 17:50:50 - INFO - ===
2025-03-01 17:50:50 - INFO - Query: Discussions related to werewolves.
2025-03-01 17:50:50 - INFO - Retrieved similar documents: Moderator: Okay, the role of Player1 is a werewolf.
Player3: {"thought": "I need to gather information about who the werewolves are to guide the villagers. I should check Player1, as they have been quiet so far and could be hiding something.", "speak": "Player1"}
2025-03-01 17:50:50 - INFO - ===
2025-03-01 17:50:52 - INFO - ===
2025-03-01 17:50:52 - INFO - Query: Discussions related to werewolves.
2025-03-01 17:50:52 - INFO - Retrieved similar documents: Player4: {"thought": "Since Player2 was eliminated, it's important to consider whether they could have any information or role that might help the villagers. However, we don't know their role yet and I need to be strategic about when to use my powers. Resurrecting them might be helpful if they're a valuable role, but it could also reveal that I'm the witch who saved them.", "speak": "I am considering resurrecting Player2 because if they hold a key role like the Seer or if they are a villager, their insights could aid us in identifying the werewolves.", "resurrect": true}
2025-03-01 17:50:52 - INFO - ===
2025-03-01 17:50:53 - INFO - Moderator: Player1 has been voted out.
2025-03-01 17:50:53 - INFO - Moderator: The game is over. The werewolves have been defeated, and the village is safe once again!
2025-03-01 17:50:53 - INFO - Moderator: The game is over. The werewolves have been defeated, and the village is safe once again!
