{"basefilepath":"logs/fastslow","max_days_per_game":5,"num_games":20,"reflect_before_vectorstore":false,"max_werewolf_discussion_round":3,"similarity_top_k":2,"random_seed":43}
2025-03-01 17:39:45 - INFO - Starting game 2
2025-03-01 17:39:45 - INFO - Moderator: Player1, if you are the only werewolf, eliminate a player. Otherwise, discuss with your teammates and reach an agreement.
2025-03-01 17:39:45 - INFO - Moderator: Player1, if you are the only werewolf, eliminate a player. Otherwise, discuss with your teammates and reach an agreement.
2025-03-01 17:39:45 - INFO - ===
2025-03-01 17:39:45 - INFO - Query: Discussions related to villagers, seer, witch.
2025-03-01 17:39:45 - INFO - Retrieved similar documents: 
2025-03-01 17:39:45 - INFO - ===
2025-03-01 17:39:48 - INFO - Werewolves discussion: I think we should start sharing our suspicions about each other. I feel like Player2 has been acting a bit shady. What do you all think about Player3?
2025-03-01 17:39:48 - INFO - Moderator: Which player do you vote to kill?
2025-03-01 17:39:48 - INFO - Moderator: Which player do you vote to kill?
2025-03-01 17:39:48 - INFO - ===
2025-03-01 17:39:48 - INFO - Query: Discussions related to villagers, seer, witch.
2025-03-01 17:39:48 - INFO - Retrieved similar documents: Player1: {"thought": "I need to figure out who the werewolves are without revealing my own role too soon. This requires careful observation of how the others interact during our discussion.", "speak": "I think we should start sharing our suspicions about each other. I feel like Player2 has been acting a bit shady. What do you all think about Player3?", "finish_discussion": "false"}
Player1: {"thought": "I need to figure out who the werewolves are without revealing my own role too soon. This requires careful observation of how the others interact during our discussion.", "speak": "I think we should start sharing our suspicions about each other. I feel like Player2 has been acting a bit shady. What do you all think about Player3?", "finish_discussion": "false"}
2025-03-01 17:39:48 - INFO - ===
2025-03-01 17:39:49 - INFO - ===
2025-03-01 17:39:49 - INFO - Fast Response: {"thought": "I still feel that Player2 is acting suspiciously, which makes me lean towards them for the vote. However, I want to remain cautious and observe how Player3 and Player4 react as well.", "vote": "Player2", "uncertainty_score": 0.3}
2025-03-01 17:39:49 - INFO - Fast Uncertainty: 0.3
2025-03-01 17:39:49 - INFO - ===
2025-03-01 17:39:52 - INFO - ===
2025-03-01 17:39:52 - INFO - Slow Response: {"thought": "Based on the limited interaction so far, I'm suspicious of Player2 because they seem to be deflecting more than engaging in finding werewolves. However, I'm not entirely sure of their role yet.", "vote": "Player2", "uncertainty_score": 0.7}
2025-03-01 17:39:52 - INFO - ===
2025-03-01 17:39:52 - INFO - Moderator: The player with the most votes is Player2.
2025-03-01 17:39:52 - INFO - Moderator: Player4, you're the witch. Tonight Player2 is eliminated. Would you like to resurrect Player2?
2025-03-01 17:39:52 - INFO - ===
2025-03-01 17:39:52 - INFO - Query: Discussions related to werewolves.
2025-03-01 17:39:52 - INFO - Retrieved similar documents: 
2025-03-01 17:39:52 - INFO - ===
2025-03-01 17:39:54 - INFO - Witch resurrection response: I will resurrect Player2 because I believe they might hold important information relevant to our strategy against the werewolves.
2025-03-01 17:39:54 - INFO - Moderator: The witch has chosen to resurrect the player.
2025-03-01 17:39:54 - INFO - Moderator: Player3, you're the seer. Which player in Player1, Player2, Player3 and Player4 would you like to check tonight?
2025-03-01 17:39:54 - INFO - ===
2025-03-01 17:39:54 - INFO - Query: Discussions related to werewolves.
2025-03-01 17:39:54 - INFO - Retrieved similar documents: 
2025-03-01 17:39:54 - INFO - ===
2025-03-01 17:40:10 - INFO - Seer response: Player1
2025-03-01 17:40:10 - INFO - Moderator: Okay, the role of Player1 is a werewolf.
2025-03-01 17:40:11 - INFO - ===
2025-03-01 17:40:11 - INFO - Query: Discussions related to villagers, seer, witch.
2025-03-01 17:40:11 - INFO - Retrieved similar documents: Player1: {"thought": "I need to figure out who the werewolves are without revealing my own role too soon. This requires careful observation of how the others interact during our discussion.", "speak": "I think we should start sharing our suspicions about each other. I feel like Player2 has been acting a bit shady. What do you all think about Player3?", "finish_discussion": "false"}
Player1: {"thought": "Based on the limited interaction so far, I'm suspicious of Player2 because they seem to be deflecting more than engaging in finding werewolves. However, I'm not entirely sure of their role yet.", "vote": "Player2", "uncertainty_score": 0.7}
2025-03-01 17:40:11 - INFO - ===
2025-03-01 17:40:12 - INFO - ===
2025-03-01 17:40:12 - INFO - Query: Discussions related to werewolves.
2025-03-01 17:40:12 - INFO - Retrieved similar documents: 
2025-03-01 17:40:12 - INFO - ===
2025-03-01 17:40:14 - INFO - ===
2025-03-01 17:40:14 - INFO - Query: Discussions related to werewolves.
2025-03-01 17:40:14 - INFO - Retrieved similar documents: Moderator: Okay, the role of Player1 is a werewolf.
Player3: {"thought": "I need to check Player1 tonight to see if they are a werewolf or not. This will help us start narrowing down our suspects.", "speak": "Player1"}
2025-03-01 17:40:14 - INFO - ===
2025-03-01 17:40:17 - INFO - ===
2025-03-01 17:40:17 - INFO - Query: Discussions related to werewolves.
2025-03-01 17:40:17 - INFO - Retrieved similar documents: Player4: {"thought": "As the witch, I should carefully consider whether to use my potion of life on Player2. If they have valuable information or can help us deduce the werewolves, it's worth saving them. However, since they have been eliminated, it gives a chance for future strategic play for players who are left. I should also analyze the current situation and discussions, but I will choose to resurrect Player2 in case they hold critical information.", "speak": "I will resurrect Player2 because I believe they might hold important information relevant to our strategy against the werewolves.", "resurrect": true}
2025-03-01 17:40:17 - INFO - ===
2025-03-01 17:40:19 - INFO - Survivors Discussion: I agree, Player3. It's important for all of us to share our thoughts and observations. Let's focus on discussing our suspicions openly so we can figure out who the werewolves might be.
2025-03-01 17:40:19 - INFO - Moderator: Given the game rules and your role, based on the situation and the information you gain, to win the game, it's time to vote one player eliminated among the alive players. Which player do you vote to kill?
2025-03-01 17:40:20 - INFO - ===
2025-03-01 17:40:20 - INFO - Query: Discussions related to villagers, seer, witch.
2025-03-01 17:40:20 - INFO - Retrieved similar documents: Player1: {"thought": "I need to figure out who the werewolves are without revealing my own role too soon. This requires careful observation of how the others interact during our discussion.", "speak": "I think we should start sharing our suspicions about each other. I feel like Player2 has been acting a bit shady. What do you all think about Player3?", "finish_discussion": "false"}
Player1: {"thought": "Based on the limited interaction so far, I'm suspicious of Player2 because they seem to be deflecting more than engaging in finding werewolves. However, I'm not entirely sure of their role yet.", "vote": "Player2", "uncertainty_score": 0.7}
2025-03-01 17:40:20 - INFO - ===
2025-03-01 17:40:21 - INFO - ===
2025-03-01 17:40:21 - INFO - Fast Response: {"thought": "I think Player2 is still acting suspiciously, and they are my main concern right now. I need to be cautious but this vote feels necessary to check if they are a werewolf.", "vote": "Player2", "uncertainty_score": 0.5}
2025-03-01 17:40:21 - INFO - Fast Uncertainty: 0.5
2025-03-01 17:40:21 - INFO - ===
2025-03-01 17:40:23 - INFO - ===
2025-03-01 17:40:23 - INFO - Slow Response: {"thought": "Given the game dynamics, I still feel Player2 has been evasive in our discussions, which makes me suspicious. I also need to pay attention to behavioral changes in others, especially as the rounds progress. Therefore, I'm voting for Player2 again.", "vote": "Player2", "uncertainty_score": 0.6}
2025-03-01 17:40:23 - INFO - ===
2025-03-01 17:40:24 - INFO - ===
2025-03-01 17:40:24 - INFO - Query: Discussions related to werewolves.
2025-03-01 17:40:24 - INFO - Retrieved similar documents: Player2: {"thought": "Player1 is suspicious of me and Player4. I need to defend myself while also gathering more information about Player1's motives.", "speak": "I understand your concerns about Player2, Player1, but I think we should also consider how Player4 is acting. What do you think about them?"}
Player2: {"thought": "Player1 is suspicious of me and Player4. I need to defend myself while also gathering more information about Player1's motives.", "speak": "I understand your concerns about Player2, Player1, but I think we should also consider how Player4 is acting. What do you think about them?"}
2025-03-01 17:40:24 - INFO - ===
2025-03-01 17:40:26 - INFO - ===
2025-03-01 17:40:26 - INFO - Query: Discussions related to werewolves.
2025-03-01 17:40:26 - INFO - Retrieved similar documents: Moderator: Okay, the role of Player1 is a werewolf.
Player3: {"thought": "I need to stay focused on the goal of identifying the werewolves. Since I've already confirmed Player1 as a werewolf, I should guide the discussion without revealing too much too soon.", "speak": "I think Player4\u2019s behavior has been a bit off too. We should keep an eye on them when we discuss our suspicions."}
2025-03-01 17:40:26 - INFO - ===
2025-03-01 17:40:27 - INFO - ===
2025-03-01 17:40:27 - INFO - Query: Discussions related to werewolves.
2025-03-01 17:40:27 - INFO - Retrieved similar documents: Player4: {"thought": "I need to carefully navigate the conversation while trying to gather more information about the suspicions towards me. I should emphasize the importance of working together to identify the werewolves, while subtly defending my actions and role as the witch.", "speak": "I agree, Player3. It's important for all of us to share our thoughts and observations. Let's focus on discussing our suspicions openly so we can figure out who the werewolves might be."}
2025-03-01 17:40:27 - INFO - ===
2025-03-01 17:40:30 - INFO - Moderator: Player1 has been voted out.
2025-03-01 17:40:30 - INFO - Moderator: The game is over. The werewolves have been defeated, and the village is safe once again!
2025-03-01 17:40:30 - INFO - Moderator: The game is over. The werewolves have been defeated, and the village is safe once again!
