{"basefilepath":"logs/fastslow","max_days_per_game":5,"num_games":20,"reflect_before_vectorstore":false,"max_werewolf_discussion_round":3,"similarity_top_k":2,"random_seed":43}
2025-03-01 17:45:33 - INFO - Starting game 13
2025-03-01 17:45:33 - INFO - Moderator: Player1, if you are the only werewolf, eliminate a player. Otherwise, discuss with your teammates and reach an agreement.
2025-03-01 17:45:33 - INFO - Moderator: Player1, if you are the only werewolf, eliminate a player. Otherwise, discuss with your teammates and reach an agreement.
2025-03-01 17:45:33 - INFO - ===
2025-03-01 17:45:33 - INFO - Query: Discussions related to villagers, seer, witch.
2025-03-01 17:45:33 - INFO - Retrieved similar documents: 
2025-03-01 17:45:33 - INFO - ===
2025-03-01 17:45:35 - INFO - Werewolves discussion: I think we should start by discussing who we suspect might be the werewolves. I feel like we need to share our thoughts to help identify them. What do you all think?
2025-03-01 17:45:35 - INFO - Moderator: Which player do you vote to kill?
2025-03-01 17:45:35 - INFO - Moderator: Which player do you vote to kill?
2025-03-01 17:45:36 - INFO - ===
2025-03-01 17:45:36 - INFO - Query: Discussions related to villagers, seer, witch.
2025-03-01 17:45:36 - INFO - Retrieved similar documents: Player1: {"thought": "I need to strategize and figure out who the werewolves are without revealing my identity. I should try to deflect suspicion while gathering information.", "speak": "I think we should start by discussing who we suspect might be the werewolves. I feel like we need to share our thoughts to help identify them. What do you all think?", "finish_discussion": "false"}
Player1: {"thought": "I need to strategize and figure out who the werewolves are without revealing my identity. I should try to deflect suspicion while gathering information.", "speak": "I think we should start by discussing who we suspect might be the werewolves. I feel like we need to share our thoughts to help identify them. What do you all think?", "finish_discussion": "false"}
2025-03-01 17:45:36 - INFO - ===
2025-03-01 17:45:37 - INFO - ===
2025-03-01 17:45:37 - INFO - Fast Response: {"thought": "I'm starting to feel uneasy about Player3. They seem to be deflecting questions and haven't contributed much to our discussions. I think it's worth considering them as a possible werewolf. However, I'm not completely certain about it.", "vote": "Player3", "uncertainty_score": "0.3"}
2025-03-01 17:45:37 - INFO - Fast Uncertainty: 0.3
2025-03-01 17:45:37 - INFO - ===
2025-03-01 17:45:40 - INFO - ===
2025-03-01 17:45:40 - INFO - Slow Response: {"thought": "I need to eliminate a player without raising suspicion towards myself. Right now, there's not enough information to confidently identify the other werewolf. I should consider voting for someone who is not too obviously a villager based on limited interactions so far.", "vote": "Player3", "uncertainty_score": "0.7"}
2025-03-01 17:45:40 - INFO - ===
2025-03-01 17:45:41 - INFO - Moderator: The player with the most votes is Player3.
2025-03-01 17:45:41 - INFO - Moderator: Player4, you're the witch. Tonight Player3 is eliminated. Would you like to resurrect Player3?
2025-03-01 17:45:41 - INFO - ===
2025-03-01 17:45:41 - INFO - Query: Discussions related to werewolves.
2025-03-01 17:45:41 - INFO - Retrieved similar documents: 
2025-03-01 17:45:41 - INFO - ===
2025-03-01 17:45:42 - INFO - Witch resurrection response: I will not resurrect Player3 because we need to see who the werewolves target next, and it could help us narrow down our suspicions.
2025-03-01 17:45:42 - INFO - Moderator: The witch has chosen not to resurrect the player.
2025-03-01 17:45:42 - INFO - ===
2025-03-01 17:45:42 - INFO - Query: Discussions related to werewolves.
2025-03-01 17:45:42 - INFO - Retrieved similar documents: Player4: {"thought": "I need to consider the dynamics of the game and whether resurrecting Player3 could benefit us. I suspect they might have valuable information or could help identify the werewolves.", "speak": "I will not resurrect Player3 because we need to see who the werewolves target next, and it could help us narrow down our suspicions.", "resurrect": false}
2025-03-01 17:45:42 - INFO - ===
2025-03-01 17:45:44 - INFO - Witch Poison Response: I believe we should discuss more before making any elimination decisions. Let's share our thoughts!
2025-03-01 17:45:44 - INFO - The witch has chosen not to poison a player.
2025-03-01 17:45:44 - INFO - Moderator: Player3, you're the seer. Which player in Player1, Player2, Player3 and Player4 would you like to check tonight?
2025-03-01 17:45:44 - INFO - ===
2025-03-01 17:45:44 - INFO - Query: Discussions related to werewolves.
2025-03-01 17:45:44 - INFO - Retrieved similar documents: 
2025-03-01 17:45:44 - INFO - ===
2025-03-01 17:45:45 - INFO - Seer response: Player1
2025-03-01 17:45:45 - INFO - Moderator: Okay, the role of Player1 is a werewolf.
2025-03-01 17:45:46 - INFO - ===
2025-03-01 17:45:46 - INFO - Query: Discussions related to villagers, seer, witch.
2025-03-01 17:45:46 - INFO - Retrieved similar documents: Player1: {"thought": "I need to strategize and figure out who the werewolves are without revealing my identity. I should try to deflect suspicion while gathering information.", "speak": "I think we should start by discussing who we suspect might be the werewolves. I feel like we need to share our thoughts to help identify them. What do you all think?", "finish_discussion": "false"}
Player1: {"thought": "I need to eliminate a player without raising suspicion towards myself. Right now, there's not enough information to confidently identify the other werewolf. I should consider voting for someone who is not too obviously a villager based on limited interactions so far.", "vote": "Player3", "uncertainty_score": "0.7"}
2025-03-01 17:45:46 - INFO - ===
2025-03-01 17:45:49 - INFO - ===
2025-03-01 17:45:49 - INFO - Query: Discussions related to werewolves.
2025-03-01 17:45:49 - INFO - Retrieved similar documents: 
2025-03-01 17:45:49 - INFO - ===
2025-03-01 17:45:54 - INFO - ===
2025-03-01 17:45:54 - INFO - Query: Discussions related to werewolves.
2025-03-01 17:45:54 - INFO - Retrieved similar documents: Player4: {"thought": "I need to consider the dynamics of the game and whether resurrecting Player3 could benefit us. I suspect they might have valuable information or could help identify the werewolves.", "speak": "I will not resurrect Player3 because we need to see who the werewolves target next, and it could help us narrow down our suspicions.", "resurrect": false}
2025-03-01 17:45:54 - INFO - ===
2025-03-01 17:45:55 - INFO - Survivors Discussion: I agree, we should discuss who we believe might be a werewolf and share our thoughts on Player3's elimination. Let's analyze the situation together.
2025-03-01 17:45:55 - INFO - Moderator: Given the game rules and your role, based on the situation and the information you gain, to win the game, it's time to vote one player eliminated among the alive players. Which player do you vote to kill?
2025-03-01 17:45:56 - INFO - ===
2025-03-01 17:45:56 - INFO - Query: Discussions related to villagers, seer, witch.
2025-03-01 17:45:56 - INFO - Retrieved similar documents: Player1: {"thought": "I need to strategize and figure out who the werewolves are without revealing my identity. I should try to deflect suspicion while gathering information.", "speak": "I think we should start by discussing who we suspect might be the werewolves. I feel like we need to share our thoughts to help identify them. What do you all think?", "finish_discussion": "false"}
Player1: {"thought": "I need to eliminate a player without raising suspicion towards myself. Right now, there's not enough information to confidently identify the other werewolf. I should consider voting for someone who is not too obviously a villager based on limited interactions so far.", "vote": "Player3", "uncertainty_score": "0.7"}
2025-03-01 17:45:56 - INFO - ===
2025-03-01 17:45:57 - INFO - ===
2025-03-01 17:45:57 - INFO - Fast Response: {"thought": "I believe I should aim to eliminate a player who seems less certain about their role, potentially deflecting suspicion away from myself. Player2 has been somewhat quiet, which could be intentional. I think I will vote for Player2, but I'm not entirely sure since I have limited interactions. It's a risky move.", "vote": "Player2", "uncertainty_score": "0.6"}
2025-03-01 17:45:57 - INFO - Fast Uncertainty: 0.6
2025-03-01 17:45:57 - INFO - ===
2025-03-01 17:46:00 - INFO - ===
2025-03-01 17:46:00 - INFO - Slow Response: {"thought": "Based on the previous vote and current players, I want to deflect suspicion and make a choice that seems reasonable. Player2 hasn't been very vocal or forthcoming, which might suggest they have something to hide. The uncertainty remains because voluntary and involuntary quietness can be misinterpreted.", "vote": "Player2", "uncertainty_score": 0.6}
2025-03-01 17:46:00 - INFO - ===
2025-03-01 17:46:01 - INFO - ===
2025-03-01 17:46:01 - INFO - Query: Discussions related to werewolves.
2025-03-01 17:46:01 - INFO - Retrieved similar documents: Player2: {"thought": "I need to be cautious about my words since Player1 and Player4 could be suspects. I want to see how they react to my comments.", "speak": "I think it\u2019s important we look closely at both Player2 and Player4. Player3\u2019s elimination might hint that the werewolves are among us. I\u2019d like to hear what you both think."}
Player2: {"thought": "I need to be cautious about my words since Player1 and Player4 could be suspects. I want to see how they react to my comments.", "speak": "I think it\u2019s important we look closely at both Player2 and Player4. Player3\u2019s elimination might hint that the werewolves are among us. I\u2019d like to hear what you both think."}
2025-03-01 17:46:01 - INFO - ===
2025-03-01 17:46:03 - INFO - ===
2025-03-01 17:46:03 - INFO - Query: Discussions related to werewolves.
2025-03-01 17:46:03 - INFO - Retrieved similar documents: Player4: {"thought": "I need to carefully consider who I trust in this discussion as I hold significant information with my role as the witch. I'm leaning towards gathering more insights and watching for inconsistencies in their arguments.", "speak": "I agree, we should discuss who we believe might be a werewolf and share our thoughts on Player3's elimination. Let's analyze the situation together."}
2025-03-01 17:46:03 - INFO - ===
2025-03-01 17:46:05 - INFO - Moderator: Player1 has been voted out.
2025-03-01 17:46:05 - INFO - Moderator: The game is over. The werewolves have been defeated, and the village is safe once again!
2025-03-01 17:46:05 - INFO - Moderator: The game is over. The werewolves have been defeated, and the village is safe once again!
