{"basefilepath":"logs/fastslow","max_days_per_game":5,"num_games":20,"reflect_before_vectorstore":false,"max_werewolf_discussion_round":3,"similarity_top_k":2,"random_seed":43}
2025-03-01 17:42:25 - INFO - Starting game 7
2025-03-01 17:42:25 - INFO - Moderator: Player1, if you are the only werewolf, eliminate a player. Otherwise, discuss with your teammates and reach an agreement.
2025-03-01 17:42:25 - INFO - Moderator: Player1, if you are the only werewolf, eliminate a player. Otherwise, discuss with your teammates and reach an agreement.
2025-03-01 17:42:25 - INFO - ===
2025-03-01 17:42:25 - INFO - Query: Discussions related to villagers, seer, witch.
2025-03-01 17:42:25 - INFO - Retrieved similar documents: 
2025-03-01 17:42:25 - INFO - ===
2025-03-01 17:42:27 - INFO - Werewolves discussion: I think we should discuss who everyone suspects. Player2, you mentioned earlier that you have some thoughts. Let's hear what you think about the roles we each might have. This could help us narrow down who the werewolves are.
2025-03-01 17:42:27 - INFO - Moderator: Which player do you vote to kill?
2025-03-01 17:42:27 - INFO - Moderator: Which player do you vote to kill?
2025-03-01 17:42:27 - INFO - ===
2025-03-01 17:42:27 - INFO - Query: Discussions related to villagers, seer, witch.
2025-03-01 17:42:27 - INFO - Retrieved similar documents: Player1: {"thought": "I need to blend in with the villagers while also gathering information. I suspect Player2 might be hiding something based on their earlier comments, but I have to be careful about how I approach this. I want to keep the discussion going to observe everyone's reactions and behaviors.", "speak": "I think we should discuss who everyone suspects. Player2, you mentioned earlier that you have some thoughts. Let's hear what you think about the roles we each might have. This could help us narrow down who the werewolves are.", "finish_discussion": "false"}
Player1: {"thought": "I need to blend in with the villagers while also gathering information. I suspect Player2 might be hiding something based on their earlier comments, but I have to be careful about how I approach this. I want to keep the discussion going to observe everyone's reactions and behaviors.", "speak": "I think we should discuss who everyone suspects. Player2, you mentioned earlier that you have some thoughts. Let's hear what you think about the roles we each might have. This could help us narrow down who the werewolves are.", "finish_discussion": "false"}
2025-03-01 17:42:27 - INFO - ===
2025-03-01 17:42:29 - INFO - ===
2025-03-01 17:42:29 - INFO - Fast Response: {"thought": "I still have my suspicions about Player2, especially since they seemed a bit evasive before. I need to gather more information, but I believe Player2 could be one of the werewolves. I will vote for them to see if it can lead to more insights. However, I'm still uncertain about the others' roles as well.", "vote": "Player2", "uncertainty_score": 0.3}
2025-03-01 17:42:29 - INFO - Fast Uncertainty: 0.3
2025-03-01 17:42:29 - INFO - ===
2025-03-01 17:42:31 - INFO - ===
2025-03-01 17:42:31 - INFO - Slow Response: {"thought": "I suspect Player2 because they seemed to avoid answering directly about their role in our last discussion. I want to keep the suspicion on them, although there's still uncertainty as the game is early, and I have limited information.", "vote": "Player2", "uncertainty_score": 0.6}
2025-03-01 17:42:31 - INFO - ===
2025-03-01 17:42:31 - INFO - Moderator: The player with the most votes is Player2.
2025-03-01 17:42:31 - INFO - Moderator: Player4, you're the witch. Tonight Player2 is eliminated. Would you like to resurrect Player2?
2025-03-01 17:42:31 - INFO - ===
2025-03-01 17:42:31 - INFO - Query: Discussions related to werewolves.
2025-03-01 17:42:31 - INFO - Retrieved similar documents: 
2025-03-01 17:42:31 - INFO - ===
2025-03-01 17:42:33 - INFO - Witch resurrection response: I think I will let Player2 stay eliminated for now, as we have no clear evidence of who the werewolves are.
2025-03-01 17:42:33 - INFO - Moderator: The witch has chosen not to resurrect the player.
2025-03-01 17:42:33 - INFO - ===
2025-03-01 17:42:33 - INFO - Query: Discussions related to werewolves.
2025-03-01 17:42:33 - INFO - Retrieved similar documents: Player4: {"thought": "Resurrecting Player2 may not be the best move unless I can confirm their role; if they were a villager they might be able to help identify the werewolves.", "speak": "I think I will let Player2 stay eliminated for now, as we have no clear evidence of who the werewolves are.", "resurrect": false}
2025-03-01 17:42:33 - INFO - ===
2025-03-01 17:42:35 - INFO - Witch Poison Response: I think we should discuss our suspicions further before making any decisions on eliminating a player.
2025-03-01 17:42:35 - INFO - The witch has chosen not to poison a player.
2025-03-01 17:42:35 - INFO - Moderator: Player3, you're the seer. Which player in Player1, Player2, Player3 and Player4 would you like to check tonight?
2025-03-01 17:42:35 - INFO - ===
2025-03-01 17:42:35 - INFO - Query: Discussions related to werewolves.
2025-03-01 17:42:35 - INFO - Retrieved similar documents: 
2025-03-01 17:42:35 - INFO - ===
2025-03-01 17:42:36 - INFO - Seer response: Player1
2025-03-01 17:42:36 - INFO - Moderator: Okay, the role of Player1 is a werewolf.
2025-03-01 17:42:36 - INFO - ===
2025-03-01 17:42:36 - INFO - Query: Discussions related to villagers, seer, witch.
2025-03-01 17:42:36 - INFO - Retrieved similar documents: Player1: {"thought": "I need to blend in with the villagers while also gathering information. I suspect Player2 might be hiding something based on their earlier comments, but I have to be careful about how I approach this. I want to keep the discussion going to observe everyone's reactions and behaviors.", "speak": "I think we should discuss who everyone suspects. Player2, you mentioned earlier that you have some thoughts. Let's hear what you think about the roles we each might have. This could help us narrow down who the werewolves are.", "finish_discussion": "false"}
Player1: {"thought": "I suspect Player2 because they seemed to avoid answering directly about their role in our last discussion. I want to keep the suspicion on them, although there's still uncertainty as the game is early, and I have limited information.", "vote": "Player2", "uncertainty_score": 0.6}
2025-03-01 17:42:36 - INFO - ===
2025-03-01 17:42:39 - INFO - ===
2025-03-01 17:42:39 - INFO - Query: Discussions related to werewolves.
2025-03-01 17:42:39 - INFO - Retrieved similar documents: Moderator: Okay, the role of Player1 is a werewolf.
Player3: {"thought": "I need to gather valuable information that can help the villagers identify the werewolves. I think I will check Player1 tonight to see if they are a werewolf.", "speak": "Player1"}
2025-03-01 17:42:39 - INFO - ===
2025-03-01 17:42:40 - INFO - ===
2025-03-01 17:42:40 - INFO - Query: Discussions related to werewolves.
2025-03-01 17:42:40 - INFO - Retrieved similar documents: Player4: {"thought": "Resurrecting Player2 may not be the best move unless I can confirm their role; if they were a villager they might be able to help identify the werewolves.", "speak": "I think I will let Player2 stay eliminated for now, as we have no clear evidence of who the werewolves are.", "resurrect": false}
2025-03-01 17:42:40 - INFO - ===
2025-03-01 17:42:42 - INFO - Survivors Discussion: That's a strong accusation, Player3. Can you tell us more about how you came to that conclusion?
2025-03-01 17:42:42 - INFO - Moderator: Given the game rules and your role, based on the situation and the information you gain, to win the game, it's time to vote one player eliminated among the alive players. Which player do you vote to kill?
2025-03-01 17:42:42 - INFO - ===
2025-03-01 17:42:42 - INFO - Query: Discussions related to villagers, seer, witch.
2025-03-01 17:42:42 - INFO - Retrieved similar documents: Player1: {"thought": "I need to blend in with the villagers while also gathering information. I suspect Player2 might be hiding something based on their earlier comments, but I have to be careful about how I approach this. I want to keep the discussion going to observe everyone's reactions and behaviors.", "speak": "I think we should discuss who everyone suspects. Player2, you mentioned earlier that you have some thoughts. Let's hear what you think about the roles we each might have. This could help us narrow down who the werewolves are.", "finish_discussion": "false"}
Player1: {"thought": "Now that Player2 is out of the game, I need to reassess my strategy. I wonder if Player3 or Player4 might suspect me. I should focus on gathering information while keeping my identity hidden. I need to steer the discussion in a way that keeps suspicion away from me and towards others.", "speak": "With Player2 gone, we should share our thoughts on who we suspect might be the remaining werewolf. Player3, do you have any insights or feelings about Player4's actions during our discussions?"}
2025-03-01 17:42:42 - INFO - ===
2025-03-01 17:42:44 - INFO - ===
2025-03-01 17:42:44 - INFO - Fast Response: {"thought": "I need to carefully consider who seems most suspicious. Player3 has been quiet, while Player4 has been more vocal. However, I suspect Player4's responses could be a bluff, so I will choose to vote for them to divert suspicion. I hope Player3 aligns with me in this decision.", "vote": "Player4", "uncertainty_score": "0.3"}
2025-03-01 17:42:44 - INFO - Fast Uncertainty: 0.3
2025-03-01 17:42:44 - INFO - ===
2025-03-01 17:42:47 - INFO - ===
2025-03-01 17:42:47 - INFO - Slow Response: {"thought": "I suspect Player4 due to their silent behavior during discussions. It's possible they're trying to stay under the radar, which is a common tactic for a werewolf. I want to cast my vote on Player4 to see how Player3 reacts and to gauge any potential alliances or suspicions.", "vote": "Player4", "uncertainty_score": 0.4}
2025-03-01 17:42:47 - INFO - ===
2025-03-01 17:42:47 - INFO - ===
2025-03-01 17:42:47 - INFO - Query: Discussions related to werewolves.
2025-03-01 17:42:47 - INFO - Retrieved similar documents: Moderator: Okay, the role of Player1 is a werewolf.
Player3: {"thought": "I need to gather valuable information that can help the villagers identify the werewolves. I think I will check Player1 tonight to see if they are a werewolf.", "speak": "Player1"}
2025-03-01 17:42:47 - INFO - ===
2025-03-01 17:42:49 - INFO - ===
2025-03-01 17:42:49 - INFO - Query: Discussions related to werewolves.
2025-03-01 17:42:49 - INFO - Retrieved similar documents: Player4: {"thought": "If Player3 is claiming to have checked Player1 and identified them as a werewolf, I need to carefully consider this accusation. I haven't revealed my role yet, so I need to play it cautiously and see how the discussion unfolds before deciding on my next move.", "speak": "That's a strong accusation, Player3. Can you tell us more about how you came to that conclusion?"}
2025-03-01 17:42:49 - INFO - ===
2025-03-01 17:42:50 - INFO - Moderator: Player1 has been voted out.
2025-03-01 17:42:50 - INFO - Moderator: The game is over. The werewolves have been defeated, and the village is safe once again!
2025-03-01 17:42:50 - INFO - Moderator: The game is over. The werewolves have been defeated, and the village is safe once again!
