{"basefilepath":"logs/fastslow","max_days_per_game":5,"num_games":20,"reflect_before_vectorstore":false,"max_werewolf_discussion_round":3,"similarity_top_k":2,"random_seed":43}
2025-03-01 17:45:03 - INFO - Starting game 12
2025-03-01 17:45:03 - INFO - Moderator: Player1, if you are the only werewolf, eliminate a player. Otherwise, discuss with your teammates and reach an agreement.
2025-03-01 17:45:03 - INFO - Moderator: Player1, if you are the only werewolf, eliminate a player. Otherwise, discuss with your teammates and reach an agreement.
2025-03-01 17:45:03 - INFO - ===
2025-03-01 17:45:03 - INFO - Query: Discussions related to villagers, seer, witch.
2025-03-01 17:45:03 - INFO - Retrieved similar documents: 
2025-03-01 17:45:03 - INFO - ===
2025-03-01 17:45:05 - INFO - Werewolves discussion: I think we should start discussing who we suspect based on our observations from last night. Player2, you've been a bit quiet. What are your thoughts on who might be one of the werewolves?
2025-03-01 17:45:05 - INFO - Moderator: Which player do you vote to kill?
2025-03-01 17:45:05 - INFO - Moderator: Which player do you vote to kill?
2025-03-01 17:45:05 - INFO - ===
2025-03-01 17:45:05 - INFO - Query: Discussions related to villagers, seer, witch.
2025-03-01 17:45:05 - INFO - Retrieved similar documents: Player1: {"thought": "I need to gather information and create suspicion around the other players to deflect attention from myself. Player2 seems a bit quiet, while Player3 has been more vocal, which could either be a sign of innocence or guilt. I need to guide the discussion carefully.", "speak": "I think we should start discussing who we suspect based on our observations from last night. Player2, you've been a bit quiet. What are your thoughts on who might be one of the werewolves?", "finish_discussion": "false"}
Player1: {"thought": "I need to gather information and create suspicion around the other players to deflect attention from myself. Player2 seems a bit quiet, while Player3 has been more vocal, which could either be a sign of innocence or guilt. I need to guide the discussion carefully.", "speak": "I think we should start discussing who we suspect based on our observations from last night. Player2, you've been a bit quiet. What are your thoughts on who might be one of the werewolves?", "finish_discussion": "false"}
2025-03-01 17:45:05 - INFO - ===
2025-03-01 17:45:07 - INFO - ===
2025-03-01 17:45:07 - INFO - Fast Response: {"thought": "I still feel that Player2's silence is suspicious, but I need to be cautious in my vote as I don't want to draw attention to myself too early. I also need to consider that Player3 has been more vocal, which could either be a sign of guilt or innocence. I'll vote for Player2 but keep a close eye on the discussions.", "vote": "Player2", "uncertainty_score": 0.3}
2025-03-01 17:45:07 - INFO - Fast Uncertainty: 0.3
2025-03-01 17:45:07 - INFO - ===
2025-03-01 17:45:11 - INFO - ===
2025-03-01 17:45:11 - INFO - Slow Response: {"thought": "Player2's quiet demeanor is suspicious, and it's often a tactic werewolves use to avoid drawing attention. However, Player3's vocal behavior could also be a tactic to deflect suspicion, yet Player3's actions don't decisively point towards being a werewolf. I'll go with voting Player2 to see if any new information is revealed by their reaction.", "vote": "Player2", "uncertainty_score": "0.6"}
2025-03-01 17:45:11 - INFO - ===
2025-03-01 17:45:11 - INFO - Moderator: The player with the most votes is Player2.
2025-03-01 17:45:11 - INFO - Moderator: Player4, you're the witch. Tonight Player2 is eliminated. Would you like to resurrect Player2?
2025-03-01 17:45:11 - INFO - ===
2025-03-01 17:45:11 - INFO - Query: Discussions related to werewolves.
2025-03-01 17:45:11 - INFO - Retrieved similar documents: 
2025-03-01 17:45:11 - INFO - ===
2025-03-01 17:45:12 - INFO - Witch resurrection response: Yes, I want to resurrect Player2. I believe it's crucial to maintain our numbers and gather more insights.
2025-03-01 17:45:12 - INFO - Moderator: The witch has chosen to resurrect the player.
2025-03-01 17:45:12 - INFO - Moderator: Player3, you're the seer. Which player in Player1, Player2, Player3 and Player4 would you like to check tonight?
2025-03-01 17:45:12 - INFO - ===
2025-03-01 17:45:12 - INFO - Query: Discussions related to werewolves.
2025-03-01 17:45:12 - INFO - Retrieved similar documents: 
2025-03-01 17:45:12 - INFO - ===
2025-03-01 17:45:14 - INFO - Seer response: Player1
2025-03-01 17:45:14 - INFO - Moderator: Okay, the role of Player1 is a werewolf.
2025-03-01 17:45:14 - INFO - ===
2025-03-01 17:45:14 - INFO - Query: Discussions related to villagers, seer, witch.
2025-03-01 17:45:14 - INFO - Retrieved similar documents: Player1: {"thought": "I need to gather information and create suspicion around the other players to deflect attention from myself. Player2 seems a bit quiet, while Player3 has been more vocal, which could either be a sign of innocence or guilt. I need to guide the discussion carefully.", "speak": "I think we should start discussing who we suspect based on our observations from last night. Player2, you've been a bit quiet. What are your thoughts on who might be one of the werewolves?", "finish_discussion": "false"}
Player1: {"thought": "Player2's quiet demeanor is suspicious, and it's often a tactic werewolves use to avoid drawing attention. However, Player3's vocal behavior could also be a tactic to deflect suspicion, yet Player3's actions don't decisively point towards being a werewolf. I'll go with voting Player2 to see if any new information is revealed by their reaction.", "vote": "Player2", "uncertainty_score": "0.6"}
2025-03-01 17:45:14 - INFO - ===
2025-03-01 17:45:17 - INFO - ===
2025-03-01 17:45:17 - INFO - Query: Discussions related to werewolves.
2025-03-01 17:45:17 - INFO - Retrieved similar documents: 
2025-03-01 17:45:17 - INFO - ===
2025-03-01 17:45:19 - INFO - ===
2025-03-01 17:45:19 - INFO - Query: Discussions related to werewolves.
2025-03-01 17:45:19 - INFO - Retrieved similar documents: Moderator: Okay, the role of Player1 is a werewolf.
Player3: {"thought": "I need to gather information to identify the werewolves. I should check Player1 tonight as they seem to be acting suspiciously.", "speak": "Player1"}
2025-03-01 17:45:19 - INFO - ===
2025-03-01 17:45:21 - INFO - ===
2025-03-01 17:45:21 - INFO - Query: Discussions related to werewolves.
2025-03-01 17:45:21 - INFO - Retrieved similar documents: Player4: {"thought": "Player2 might be a villager, and if we don't take action, we risk losing another villager. Resurrecting them could help us gather more information during the day phase and potentially identify werewolves.", "speak": "Yes, I want to resurrect Player2. I believe it's crucial to maintain our numbers and gather more insights.", "resurrect": true}
2025-03-01 17:45:21 - INFO - ===
2025-03-01 17:45:22 - INFO - Survivors Discussion: I understand your concern about Player1, but we should also be cautious of how we handle accusations. We need solid reasoning behind our decisions.
2025-03-01 17:45:22 - INFO - Moderator: Given the game rules and your role, based on the situation and the information you gain, to win the game, it's time to vote one player eliminated among the alive players. Which player do you vote to kill?
2025-03-01 17:45:23 - INFO - ===
2025-03-01 17:45:23 - INFO - Query: Discussions related to villagers, seer, witch.
2025-03-01 17:45:23 - INFO - Retrieved similar documents: Player1: {"thought": "I need to gather information and create suspicion around the other players to deflect attention from myself. Player2 seems a bit quiet, while Player3 has been more vocal, which could either be a sign of innocence or guilt. I need to guide the discussion carefully.", "speak": "I think we should start discussing who we suspect based on our observations from last night. Player2, you've been a bit quiet. What are your thoughts on who might be one of the werewolves?", "finish_discussion": "false"}
Player1: {"thought": "I need to observe how the others react to the vote against Player2. Their responses could provide crucial information about their identities. If Player2 is lynched, it will help clarify my suspicions about Player3 and Player4 as well. I should continue steering the conversation and keep my role hidden.", "speak": "I cast my vote for Player2. Let's see how everyone reacts to this and what suspicions arise."}
2025-03-01 17:45:23 - INFO - ===
2025-03-01 17:45:24 - INFO - ===
2025-03-01 17:45:24 - INFO - Fast Response: {"thought": "I believe voting for Player2 is a strategic choice to see how the other players respond. If Player2 is lynched, it could reveal valuable information about Player3 and Player4's reactions. However, I'm somewhat uncertain if Player2 is truly a werewolf, as I've only observed their quietness and haven't gathered conclusive evidence yet.", "vote": "Player2", "uncertainty_score": 0.3}
2025-03-01 17:45:24 - INFO - Fast Uncertainty: 0.3
2025-03-01 17:45:24 - INFO - ===
2025-03-01 17:45:27 - INFO - ===
2025-03-01 17:45:27 - INFO - Slow Response: {"thought": "I suspect Player2 might be a potential threat as they have been quieter and have not contributed much to the discussions, which could be a tactic to stay under the radar. By voting for Player2, I can continue spreading suspicion and gather more information based on other players' reactions.", "vote": "Player2", "uncertainty_score": 0.3}
2025-03-01 17:45:27 - INFO - ===
2025-03-01 17:45:28 - INFO - ===
2025-03-01 17:45:28 - INFO - Query: Discussions related to werewolves.
2025-03-01 17:45:28 - INFO - Retrieved similar documents: Player2: {"thought": "Player1 is pointing fingers at me, which might indicate they are trying to shift attention away from themselves. I need to defend myself and gather more information.", "speak": "Why are you voting for me, Player1? I think we should focus on discussing our suspicions about everyone before jumping to conclusions."}
Player2: {"thought": "Player1 is pointing fingers at me, which might indicate they are trying to shift attention away from themselves. I need to defend myself and gather more information.", "speak": "Why are you voting for me, Player1? I think we should focus on discussing our suspicions about everyone before jumping to conclusions."}
2025-03-01 17:45:28 - INFO - ===
2025-03-01 17:45:30 - INFO - ===
2025-03-01 17:45:30 - INFO - Query: Discussions related to werewolves.
2025-03-01 17:45:30 - INFO - Retrieved similar documents: Moderator: Okay, the role of Player1 is a werewolf.
Player3: {"thought": "I need to gather information to identify the werewolves. I should check Player1 tonight as they seem to be acting suspiciously.", "speak": "Player1"}
2025-03-01 17:45:30 - INFO - ===
2025-03-01 17:45:32 - INFO - ===
2025-03-01 17:45:32 - INFO - Query: Discussions related to werewolves.
2025-03-01 17:45:32 - INFO - Retrieved similar documents: Player4: {"thought": "Player3 seems to be trying to deflect attention onto Player1, which is suspicious. I need to consider if they might be a werewolf trying to mislead us.", "speak": "I understand your concern about Player1, but we should also be cautious of how we handle accusations. We need solid reasoning behind our decisions."}
2025-03-01 17:45:32 - INFO - ===
2025-03-01 17:45:33 - INFO - Moderator: Player1 has been voted out.
2025-03-01 17:45:33 - INFO - Moderator: The game is over. The werewolves have been defeated, and the village is safe once again!
2025-03-01 17:45:33 - INFO - Moderator: The game is over. The werewolves have been defeated, and the village is safe once again!
