{"basefilepath":"logs/fastslow","max_days_per_game":5,"num_games":20,"reflect_before_vectorstore":false,"max_werewolf_discussion_round":3,"similarity_top_k":2,"random_seed":43}
2025-03-01 17:41:02 - INFO - Starting game 4
2025-03-01 17:41:02 - INFO - Moderator: Player1, if you are the only werewolf, eliminate a player. Otherwise, discuss with your teammates and reach an agreement.
2025-03-01 17:41:02 - INFO - Moderator: Player1, if you are the only werewolf, eliminate a player. Otherwise, discuss with your teammates and reach an agreement.
2025-03-01 17:41:02 - INFO - ===
2025-03-01 17:41:02 - INFO - Query: Discussions related to villagers, seer, witch.
2025-03-01 17:41:02 - INFO - Retrieved similar documents: 
2025-03-01 17:41:02 - INFO - ===
2025-03-01 17:41:04 - INFO - Werewolves discussion: I think it's important to consider who has been quiet during the discussions. Their silence might indicate a hidden agenda. Does anyone else feel that way?
2025-03-01 17:41:04 - INFO - Moderator: Which player do you vote to kill?
2025-03-01 17:41:04 - INFO - Moderator: Which player do you vote to kill?
2025-03-01 17:41:04 - INFO - ===
2025-03-01 17:41:04 - INFO - Query: Discussions related to villagers, seer, witch.
2025-03-01 17:41:04 - INFO - Retrieved similar documents: Player1: {"thought": "I need to assess who the other players suspect and see if I can subtly guide the discussion without revealing my role. It's important to maintain suspicion on others while not drawing too much attention to myself.", "speak": "I think it's important to consider who has been quiet during the discussions. Their silence might indicate a hidden agenda. Does anyone else feel that way?", "finish_discussion": "false"}
Player1: {"thought": "I need to assess who the other players suspect and see if I can subtly guide the discussion without revealing my role. It's important to maintain suspicion on others while not drawing too much attention to myself.", "speak": "I think it's important to consider who has been quiet during the discussions. Their silence might indicate a hidden agenda. Does anyone else feel that way?", "finish_discussion": "false"}
2025-03-01 17:41:04 - INFO - ===
2025-03-01 17:41:06 - INFO - ===
2025-03-01 17:41:06 - INFO - Fast Response: {"thought": "I think Player2 has been a bit too quiet and hasn't contributed much to the discussions. This could be a strategy to avoid suspicion. I'm leaning towards voting for them.", "vote": "Player2", "uncertainty_score": "0.4"}
2025-03-01 17:41:06 - INFO - Fast Uncertainty: 0.4
2025-03-01 17:41:06 - INFO - ===
2025-03-01 17:41:08 - INFO - ===
2025-03-01 17:41:08 - INFO - Slow Response: {"thought": "During the discussions, I've noticed Player3 has been quite quiet, which could mean they are trying to avoid drawing attention. This could be indicative of a hidden agenda. However, they're not the only quiet one, and without more concrete evidence, this is somewhat a shot in the dark.", "vote": "Player3", "uncertainty_score": 0.7}
2025-03-01 17:41:08 - INFO - ===
2025-03-01 17:41:08 - INFO - Moderator: The player with the most votes is Player3.
2025-03-01 17:41:08 - INFO - Moderator: Player4, you're the witch. Tonight Player3 is eliminated. Would you like to resurrect Player3?
2025-03-01 17:41:08 - INFO - ===
2025-03-01 17:41:08 - INFO - Query: Discussions related to werewolves.
2025-03-01 17:41:08 - INFO - Retrieved similar documents: 
2025-03-01 17:41:08 - INFO - ===
2025-03-01 17:41:10 - INFO - Witch resurrection response: I will not resurrect Player3 right now because I believe it could be a trap set by the werewolves. Let's see how the day phase unfolds before making that decision.
2025-03-01 17:41:10 - INFO - Moderator: The witch has chosen not to resurrect the player.
2025-03-01 17:41:10 - INFO - ===
2025-03-01 17:41:10 - INFO - Query: Discussions related to werewolves.
2025-03-01 17:41:10 - INFO - Retrieved similar documents: Player4: {"thought": "Player3 might be a villager or have some useful role since they were targeted by the werewolves. Resurrecting them could provide us with more information and possibly align with the villager's goals. However, I need to be cautious about whom to trust.", "speak": "I will not resurrect Player3 right now because I believe it could be a trap set by the werewolves. Let's see how the day phase unfolds before making that decision.", "resurrect": false}
2025-03-01 17:41:11 - INFO - ===
2025-03-01 17:41:12 - INFO - Witch Poison Response: I don't think we should eliminate anyone tonight. Let's keep our options open and see how the discussion unfolds during the day phase.
2025-03-01 17:41:12 - INFO - The witch has chosen not to poison a player.
2025-03-01 17:41:12 - INFO - Moderator: Player3, you're the seer. Which player in Player1, Player2, Player3 and Player4 would you like to check tonight?
2025-03-01 17:41:12 - INFO - ===
2025-03-01 17:41:12 - INFO - Query: Discussions related to werewolves.
2025-03-01 17:41:12 - INFO - Retrieved similar documents: 
2025-03-01 17:41:12 - INFO - ===
2025-03-01 17:41:13 - INFO - Seer response: Player1
2025-03-01 17:41:13 - INFO - Moderator: Okay, the role of Player1 is a werewolf.
2025-03-01 17:41:14 - INFO - ===
2025-03-01 17:41:14 - INFO - Query: Discussions related to villagers, seer, witch.
2025-03-01 17:41:14 - INFO - Retrieved similar documents: Player1: {"thought": "I need to assess who the other players suspect and see if I can subtly guide the discussion without revealing my role. It's important to maintain suspicion on others while not drawing too much attention to myself.", "speak": "I think it's important to consider who has been quiet during the discussions. Their silence might indicate a hidden agenda. Does anyone else feel that way?", "finish_discussion": "false"}
Player1: {"thought": "During the discussions, I've noticed Player3 has been quite quiet, which could mean they are trying to avoid drawing attention. This could be indicative of a hidden agenda. However, they're not the only quiet one, and without more concrete evidence, this is somewhat a shot in the dark.", "vote": "Player3", "uncertainty_score": 0.7}
2025-03-01 17:41:14 - INFO - ===
2025-03-01 17:41:16 - INFO - ===
2025-03-01 17:41:16 - INFO - Query: Discussions related to werewolves.
2025-03-01 17:41:16 - INFO - Retrieved similar documents: 
2025-03-01 17:41:16 - INFO - ===
2025-03-01 17:41:18 - INFO - ===
2025-03-01 17:41:18 - INFO - Query: Discussions related to werewolves.
2025-03-01 17:41:18 - INFO - Retrieved similar documents: Player4: {"thought": "I still suspect Player3 might be a villager or have a special role since they were targeted by the werewolves. Right now, I think it's best not to eliminate anyone tonight and gather more information during the day phase. This will help us decide our strategy more effectively.", "speak": "I don't think we should eliminate anyone tonight. Let's keep our options open and see how the discussion unfolds during the day phase.", "eliminate": false}
2025-03-01 17:41:18 - INFO - ===
2025-03-01 17:41:19 - INFO - Survivors Discussion: I understand your concerns, Player1. Let's reconsider our suspicions about Player4. What specific behaviors have you noticed that make you question them?
2025-03-01 17:41:19 - INFO - Moderator: Given the game rules and your role, based on the situation and the information you gain, to win the game, it's time to vote one player eliminated among the alive players. Which player do you vote to kill?
2025-03-01 17:41:20 - INFO - ===
2025-03-01 17:41:20 - INFO - Query: Discussions related to villagers, seer, witch.
2025-03-01 17:41:20 - INFO - Retrieved similar documents: Player1: {"thought": "I need to assess who the other players suspect and see if I can subtly guide the discussion without revealing my role. It's important to maintain suspicion on others while not drawing too much attention to myself.", "speak": "I think it's important to consider who has been quiet during the discussions. Their silence might indicate a hidden agenda. Does anyone else feel that way?", "finish_discussion": "false"}
Player1: {"thought": "With Player3 eliminated, I need to carefully analyze Player2 and Player4's reactions. It's crucial to gauge their suspicions and see if they align with my own views, helping me create a solid strategy. I must remain cautious and avoid giving away my identity as well.", "speak": "Now that Player3 is out, I think we should focus on who has been the most vocal and what their motivations might be. Do you both have any suspicions about Player2 or Player4?"}
2025-03-01 17:41:20 - INFO - ===
2025-03-01 17:41:21 - INFO - ===
2025-03-01 17:41:21 - INFO - Fast Response: {"thought": "I have some suspicions about Player2 based on their reactions during the discussions. However, Player4 has also been quite vocal, and I need to consider their motivations too. It's a tough choice, but I will lean towards Player2 for now.", "vote": "Player2", "uncertainty_score": 0.3}
2025-03-01 17:41:21 - INFO - Fast Uncertainty: 0.3
2025-03-01 17:41:21 - INFO - ===
2025-03-01 17:41:25 - INFO - ===
2025-03-01 17:41:25 - INFO - Slow Response: {"thought": "I have observed that Player2 has been subtly dodging direct accusations and trying to redirect the suspicion onto others without providing concrete evidence. This makes me suspect that they might be trying to protect themselves at all costs. Player4, on the other hand, has been relatively consistent, although I need to be cautious about potentially underestimating them. Player2's behavior has been more suspicious to me in this aspect. However, I also have to be careful since I don't have complete information.", "vote": "Player2", "uncertainty_score": 0.4}
2025-03-01 17:41:25 - INFO - ===
2025-03-01 17:41:26 - INFO - ===
2025-03-01 17:41:26 - INFO - Query: Discussions related to werewolves.
2025-03-01 17:41:26 - INFO - Retrieved similar documents: Player2: {"thought": "I need to be cautious and observant. Player1 is initiating discussion, which could be a strategy to deflect suspicion. I should subtly gather more information about Player4 as well.", "speak": "I'm not entirely sure yet. Both of you seem fine, but I wonder if Player4 has exhibited any unusual behavior or patterns that could be telling."}
Player2: {"thought": "I need to be cautious and observant. Player1 is initiating discussion, which could be a strategy to deflect suspicion. I should subtly gather more information about Player4 as well.", "speak": "I'm not entirely sure yet. Both of you seem fine, but I wonder if Player4 has exhibited any unusual behavior or patterns that could be telling."}
2025-03-01 17:41:26 - INFO - ===
2025-03-01 17:41:28 - INFO - ===
2025-03-01 17:41:28 - INFO - Query: Discussions related to werewolves.
2025-03-01 17:41:28 - INFO - Retrieved similar documents: Player4: {"thought": "I still suspect Player3 might be a villager or have a special role since they were targeted by the werewolves. Right now, I think it's best not to eliminate anyone tonight and gather more information during the day phase. This will help us decide our strategy more effectively.", "speak": "I don't think we should eliminate anyone tonight. Let's keep our options open and see how the discussion unfolds during the day phase.", "eliminate": false}
2025-03-01 17:41:28 - INFO - ===
2025-03-01 17:41:29 - INFO - Moderator: Player2 has been voted out.
2025-03-01 17:41:29 - INFO - Moderator: The werewolves have prevailed and taken over the village. Better luck next time!
