{"basefilepath":"logs/fastslow","max_days_per_game":5,"num_games":20,"reflect_before_vectorstore":false,"max_werewolf_discussion_round":3,"similarity_top_k":2,"random_seed":43}
2025-03-01 17:44:27 - INFO - Starting game 11
2025-03-01 17:44:27 - INFO - Moderator: Player1, if you are the only werewolf, eliminate a player. Otherwise, discuss with your teammates and reach an agreement.
2025-03-01 17:44:27 - INFO - Moderator: Player1, if you are the only werewolf, eliminate a player. Otherwise, discuss with your teammates and reach an agreement.
2025-03-01 17:44:27 - INFO - ===
2025-03-01 17:44:27 - INFO - Query: Discussions related to villagers, seer, witch.
2025-03-01 17:44:27 - INFO - Retrieved similar documents: 
2025-03-01 17:44:27 - INFO - ===
2025-03-01 17:44:28 - INFO - Werewolves discussion: I think we should start by discussing our suspicions. Who do you all think might be acting unusual?
2025-03-01 17:44:28 - INFO - Moderator: Which player do you vote to kill?
2025-03-01 17:44:28 - INFO - Moderator: Which player do you vote to kill?
2025-03-01 17:44:29 - INFO - ===
2025-03-01 17:44:29 - INFO - Query: Discussions related to villagers, seer, witch.
2025-03-01 17:44:29 - INFO - Retrieved similar documents: Player1: {"thought": "We need to identify the werewolves quickly to secure a win. I should observe Player2, Player3, and Player4 closely for any suspicious behavior during our discussions.", "speak": "I think we should start by discussing our suspicions. Who do you all think might be acting unusual?", "finish_discussion": "false"}
Player1: {"thought": "We need to identify the werewolves quickly to secure a win. I should observe Player2, Player3, and Player4 closely for any suspicious behavior during our discussions.", "speak": "I think we should start by discussing our suspicions. Who do you all think might be acting unusual?", "finish_discussion": "false"}
2025-03-01 17:44:29 - INFO - ===
2025-03-01 17:44:30 - INFO - ===
2025-03-01 17:44:30 - INFO - Fast Response: {"thought": "I still need to gather more information during our discussions to feel confident in my suspicion. I suspect Player2 might be acting a bit off, but I'm not completely certain.", "vote": "Player2", "uncertainty_score": 0.5}
2025-03-01 17:44:30 - INFO - Fast Uncertainty: 0.5
2025-03-01 17:44:30 - INFO - ===
2025-03-01 17:44:32 - INFO - ===
2025-03-01 17:44:32 - INFO - Slow Response: {"thought": "I need to observe closely who might be acting strangely or trying to deflect blame, but for now, there isn't enough concrete evidence against anyone. Therefore, I'll vote for Player3 based on a gut feeling.", "vote": "Player3", "uncertainty_score": "0.7"}
2025-03-01 17:44:32 - INFO - ===
2025-03-01 17:44:33 - INFO - Moderator: The player with the most votes is Player3.
2025-03-01 17:44:33 - INFO - Moderator: Player4, you're the witch. Tonight Player3 is eliminated. Would you like to resurrect Player3?
2025-03-01 17:44:33 - INFO - ===
2025-03-01 17:44:33 - INFO - Query: Discussions related to werewolves.
2025-03-01 17:44:33 - INFO - Retrieved similar documents: 
2025-03-01 17:44:33 - INFO - ===
2025-03-01 17:44:36 - INFO - Witch resurrection response: I will not resurrect Player3 right now because I believe it's better to save my potion for a more critical situation where I can directly influence the outcome.
2025-03-01 17:44:36 - INFO - Moderator: The witch has chosen not to resurrect the player.
2025-03-01 17:44:36 - INFO - ===
2025-03-01 17:44:36 - INFO - Query: Discussions related to werewolves.
2025-03-01 17:44:36 - INFO - Retrieved similar documents: Player4: {"thought": "I need to carefully consider whether to use my potion of life now or save it for a potentially more crucial moment later. Player3's elimination seems hasty, but I also want to make sure I use my abilities wisely.", "speak": "I will not resurrect Player3 right now because I believe it's better to save my potion for a more critical situation where I can directly influence the outcome.", "resurrect": false}
2025-03-01 17:44:36 - INFO - ===
2025-03-01 17:44:38 - INFO - Witch Poison Response: I think we should discuss more before making a decision on an elimination. Let's hear everyone's thoughts first.
2025-03-01 17:44:38 - INFO - The witch has chosen not to poison a player.
2025-03-01 17:44:38 - INFO - Moderator: Player3, you're the seer. Which player in Player1, Player2, Player3 and Player4 would you like to check tonight?
2025-03-01 17:44:38 - INFO - ===
2025-03-01 17:44:38 - INFO - Query: Discussions related to werewolves.
2025-03-01 17:44:38 - INFO - Retrieved similar documents: 
2025-03-01 17:44:38 - INFO - ===
2025-03-01 17:44:39 - INFO - Seer response: Player1
2025-03-01 17:44:39 - INFO - Moderator: Okay, the role of Player1 is a werewolf.
2025-03-01 17:44:40 - INFO - ===
2025-03-01 17:44:40 - INFO - Query: Discussions related to villagers, seer, witch.
2025-03-01 17:44:40 - INFO - Retrieved similar documents: Player1: {"thought": "We need to identify the werewolves quickly to secure a win. I should observe Player2, Player3, and Player4 closely for any suspicious behavior during our discussions.", "speak": "I think we should start by discussing our suspicions. Who do you all think might be acting unusual?", "finish_discussion": "false"}
Player1: {"thought": "I need to observe closely who might be acting strangely or trying to deflect blame, but for now, there isn't enough concrete evidence against anyone. Therefore, I'll vote for Player3 based on a gut feeling.", "vote": "Player3", "uncertainty_score": "0.7"}
2025-03-01 17:44:40 - INFO - ===
2025-03-01 17:44:41 - INFO - ===
2025-03-01 17:44:41 - INFO - Query: Discussions related to werewolves.
2025-03-01 17:44:41 - INFO - Retrieved similar documents: 
2025-03-01 17:44:41 - INFO - ===
2025-03-01 17:44:43 - INFO - ===
2025-03-01 17:44:43 - INFO - Query: Discussions related to werewolves.
2025-03-01 17:44:43 - INFO - Retrieved similar documents: Player4: {"thought": "I need to gauge the discussions and voting patterns before making a decision. I don't want to act too quickly and risk not using my abilities effectively. I'm not ready to eliminate anyone yet, so I will hold off for now.", "speak": "I think we should discuss more before making a decision on an elimination. Let's hear everyone's thoughts first.", "eliminate": false}
2025-03-01 17:44:43 - INFO - ===
2025-03-01 17:44:45 - INFO - Survivors Discussion: I understand your concern, Player2, but I think we need to focus on gathering more information before making accusations. It's crucial we don't eliminate a villager by mistake.
2025-03-01 17:44:45 - INFO - Moderator: Given the game rules and your role, based on the situation and the information you gain, to win the game, it's time to vote one player eliminated among the alive players. Which player do you vote to kill?
2025-03-01 17:44:45 - INFO - ===
2025-03-01 17:44:45 - INFO - Query: Discussions related to villagers, seer, witch.
2025-03-01 17:44:45 - INFO - Retrieved similar documents: Player1: {"thought": "We need to identify the werewolves quickly to secure a win. I should observe Player2, Player3, and Player4 closely for any suspicious behavior during our discussions.", "speak": "I think we should start by discussing our suspicions. Who do you all think might be acting unusual?", "finish_discussion": "false"}
Player1: {"thought": "Now that Player3 is out, we have fewer players to analyze. I need to pay close attention to Player2 and Player4 to see if any of them slip up or seem overly defensive. I'll suggest we focus our discussion on them.", "speak": "With Player3 gone, let's keep an eye on Player2 and Player4. What do you guys think of their behavior?"}
2025-03-01 17:44:45 - INFO - ===
2025-03-01 17:44:46 - INFO - ===
2025-03-01 17:44:46 - INFO - Fast Response: {"thought": "I suspect Player2 might be the werewolf based on their behavior during discussions. Player4 hasn't shown any particularly suspicious actions. I feel confident in my assessment.", "vote": "Player2", "uncertainty_score": "0.2"}
2025-03-01 17:44:46 - INFO - Fast Uncertainty: 0.2
2025-03-01 17:44:46 - INFO - ===
2025-03-01 17:44:47 - INFO - ===
2025-03-01 17:44:47 - INFO - Query: Discussions related to werewolves.
2025-03-01 17:44:47 - INFO - Retrieved similar documents: Player2: {"thought": "Player1 is trying to gauge our thoughts on Player2 and Player4, which is a good move to encourage discussion. I need to be cautious but also gather more information about Player4.", "speak": "I agree, Player1. We need to be vigilant about Player2 and Player4. I suspect Player4 might be acting a little too quietly. What do you think, Player4?"}
Player2: {"thought": "Player1 is trying to gauge our thoughts on Player2 and Player4, which is a good move to encourage discussion. I need to be cautious but also gather more information about Player4.", "speak": "I agree, Player1. We need to be vigilant about Player2 and Player4. I suspect Player4 might be acting a little too quietly. What do you think, Player4?"}
2025-03-01 17:44:47 - INFO - ===
2025-03-01 17:44:49 - INFO - ===
2025-03-01 17:44:49 - INFO - Query: Discussions related to werewolves.
2025-03-01 17:44:49 - INFO - Retrieved similar documents: Player4: {"thought": "I need to defend myself without revealing my witch role. Player1 seems to be pointing fingers and causing suspicion. I should emphasize the need for careful consideration before we jump to conclusions.", "speak": "I understand your concern, Player2, but I think we need to focus on gathering more information before making accusations. It's crucial we don't eliminate a villager by mistake."}
2025-03-01 17:44:49 - INFO - ===
2025-03-01 17:45:02 - INFO - Moderator: Player1 has been voted out.
2025-03-01 17:45:02 - INFO - Moderator: The game is over. The werewolves have been defeated, and the village is safe once again!
2025-03-01 17:45:02 - INFO - Moderator: The game is over. The werewolves have been defeated, and the village is safe once again!
