{"basefilepath":"logs/fastslow","max_days_per_game":5,"num_games":20,"reflect_before_vectorstore":false,"max_werewolf_discussion_round":3,"similarity_top_k":2,"random_seed":43}
2025-03-01 17:46:05 - INFO - Starting game 14
2025-03-01 17:46:05 - INFO - Moderator: Player1, if you are the only werewolf, eliminate a player. Otherwise, discuss with your teammates and reach an agreement.
2025-03-01 17:46:05 - INFO - Moderator: Player1, if you are the only werewolf, eliminate a player. Otherwise, discuss with your teammates and reach an agreement.
2025-03-01 17:46:05 - INFO - ===
2025-03-01 17:46:05 - INFO - Query: Discussions related to villagers, seer, witch.
2025-03-01 17:46:05 - INFO - Retrieved similar documents: 
2025-03-01 17:46:05 - INFO - ===
2025-03-01 17:46:07 - INFO - Werewolves discussion: I think we should start by sharing any suspicions we have about each other. It's important to gather information before we make any votes.
2025-03-01 17:46:07 - INFO - Moderator: Which player do you vote to kill?
2025-03-01 17:46:07 - INFO - Moderator: Which player do you vote to kill?
2025-03-01 17:46:07 - INFO - ===
2025-03-01 17:46:07 - INFO - Query: Discussions related to villagers, seer, witch.
2025-03-01 17:46:07 - INFO - Retrieved similar documents: Player1: {"thought": "I need to carefully assess the other players' behaviors and statements to identify potential werewolves. I should also consider my own strategy while not revealing too much.", "speak": "I think we should start by sharing any suspicions we have about each other. It's important to gather information before we make any votes.", "finish_discussion": "false"}
Player1: {"thought": "I need to carefully assess the other players' behaviors and statements to identify potential werewolves. I should also consider my own strategy while not revealing too much.", "speak": "I think we should start by sharing any suspicions we have about each other. It's important to gather information before we make any votes.", "finish_discussion": "false"}
2025-03-01 17:46:07 - INFO - ===
2025-03-01 17:46:09 - INFO - ===
2025-03-01 17:46:09 - INFO - Fast Response: {"thought": "I'm trying to assess the behaviors of the other players before making a decision. I need to gather more information before I can be certain about my suspicions. At the moment, I lean towards Player3 as they seem to be acting a bit suspiciously compared to the others.", "vote": "Player3", "uncertainty_score": 0.5}
2025-03-01 17:46:09 - INFO - Fast Uncertainty: 0.5
2025-03-01 17:46:09 - INFO - ===
2025-03-01 17:46:12 - INFO - ===
2025-03-01 17:46:12 - INFO - Slow Response: {"thought": "It's the beginning of the game, and we have very limited information. We need to make an initial choice without substantial evidence, but it's important to observe any suspicious behavior during the day phase. For now, we need to vote, even if it's a shot in the dark.", "vote": "Player3", "uncertainty_score": "0.8"}
2025-03-01 17:46:12 - INFO - ===
2025-03-01 17:46:12 - INFO - Moderator: The player with the most votes is Player3.
2025-03-01 17:46:12 - INFO - Moderator: Player4, you're the witch. Tonight Player3 is eliminated. Would you like to resurrect Player3?
2025-03-01 17:46:12 - INFO - ===
2025-03-01 17:46:12 - INFO - Query: Discussions related to werewolves.
2025-03-01 17:46:12 - INFO - Retrieved similar documents: 
2025-03-01 17:46:12 - INFO - ===
2025-03-01 17:46:14 - INFO - Witch resurrection response: I am considering whether to resurrect Player3. I would like to get more insight into the characters of the remaining players before making a decision.
2025-03-01 17:46:14 - INFO - Moderator: The witch has chosen not to resurrect the player.
2025-03-01 17:46:14 - INFO - ===
2025-03-01 17:46:14 - INFO - Query: Discussions related to werewolves.
2025-03-01 17:46:14 - INFO - Retrieved similar documents: Player4: {"thought": "I believe Player3 might provide valuable information if they are not a werewolf, but I need to evaluate the situation first. If they are werewolves, saving them would not be beneficial for the villagers in the long run.", "speak": "I am considering whether to resurrect Player3. I would like to get more insight into the characters of the remaining players before making a decision.", "resurrect": false}
2025-03-01 17:46:14 - INFO - ===
2025-03-01 17:46:16 - INFO - Witch Poison Response: I think we should discuss our suspicions before making any moves. It's crucial for us to gather as much information as possible.
2025-03-01 17:46:16 - INFO - The witch has chosen not to poison a player.
2025-03-01 17:46:16 - INFO - Moderator: Player3, you're the seer. Which player in Player1, Player2, Player3 and Player4 would you like to check tonight?
2025-03-01 17:46:16 - INFO - ===
2025-03-01 17:46:16 - INFO - Query: Discussions related to werewolves.
2025-03-01 17:46:16 - INFO - Retrieved similar documents: 
2025-03-01 17:46:16 - INFO - ===
2025-03-01 17:46:17 - INFO - Seer response: Player1
2025-03-01 17:46:17 - INFO - Moderator: Okay, the role of Player1 is a werewolf.
2025-03-01 17:46:18 - INFO - ===
2025-03-01 17:46:18 - INFO - Query: Discussions related to villagers, seer, witch.
2025-03-01 17:46:18 - INFO - Retrieved similar documents: Player1: {"thought": "I need to carefully assess the other players' behaviors and statements to identify potential werewolves. I should also consider my own strategy while not revealing too much.", "speak": "I think we should start by sharing any suspicions we have about each other. It's important to gather information before we make any votes.", "finish_discussion": "false"}
Player1: {"thought": "It's the beginning of the game, and we have very limited information. We need to make an initial choice without substantial evidence, but it's important to observe any suspicious behavior during the day phase. For now, we need to vote, even if it's a shot in the dark.", "vote": "Player3", "uncertainty_score": "0.8"}
2025-03-01 17:46:18 - INFO - ===
2025-03-01 17:46:21 - INFO - ===
2025-03-01 17:46:21 - INFO - Query: Discussions related to werewolves.
2025-03-01 17:46:21 - INFO - Retrieved similar documents: 
2025-03-01 17:46:21 - INFO - ===
2025-03-01 17:46:23 - INFO - ===
2025-03-01 17:46:23 - INFO - Query: Discussions related to werewolves.
2025-03-01 17:46:23 - INFO - Retrieved similar documents: Player4: {"thought": "I believe Player3 might provide valuable information if they are not a werewolf, but I need to evaluate the situation first. If they are werewolves, saving them would not be beneficial for the villagers in the long run.", "speak": "I am considering whether to resurrect Player3. I would like to get more insight into the characters of the remaining players before making a decision.", "resurrect": false}
2025-03-01 17:46:23 - INFO - ===
2025-03-01 17:46:24 - INFO - Survivors Discussion: I'm interested in hearing your suspicions about Player1. Do you think they might be involved with Player3's elimination?
2025-03-01 17:46:24 - INFO - Moderator: Given the game rules and your role, based on the situation and the information you gain, to win the game, it's time to vote one player eliminated among the alive players. Which player do you vote to kill?
2025-03-01 17:46:25 - INFO - ===
2025-03-01 17:46:25 - INFO - Query: Discussions related to villagers, seer, witch.
2025-03-01 17:46:25 - INFO - Retrieved similar documents: Player1: {"thought": "I need to carefully assess the other players' behaviors and statements to identify potential werewolves. I should also consider my own strategy while not revealing too much.", "speak": "I think we should start by sharing any suspicions we have about each other. It's important to gather information before we make any votes.", "finish_discussion": "false"}
Player1: {"thought": "Now that Player3 is eliminated, I need to think carefully about the remaining players. I should gather more information from Player2 and Player4 and observe their reactions. It's essential to maintain trust while being cautious about their potential roles.", "speak": "With Player3 out of the game, I think we should evaluate what we know about each other. Does anyone have suspicions or insights based on what we've seen so far?"}
2025-03-01 17:46:25 - INFO - ===
2025-03-01 17:46:26 - INFO - ===
2025-03-01 17:46:26 - INFO - Fast Response: {"thought": "Given that Player3 is eliminated and only Player2 and Player4 remain, I have some suspicions about Player2's behavior in the previous discussions. However, I need to be careful since I can't be completely sure yet. I will vote for Player2, as they seem a bit evasive.", "vote": "Player2", "uncertainty_score": 0.4}
2025-03-01 17:46:26 - INFO - Fast Uncertainty: 0.4
2025-03-01 17:46:26 - INFO - ===
2025-03-01 17:46:29 - INFO - ===
2025-03-01 17:46:29 - INFO - Slow Response: {"thought": "I need to be cautious in my decision since we have very limited information. Player2 has been a bit quiet and less engaged, which often is a werewolf's strategy to avoid suspicion. However, without solid evidence, this is still uncertain.", "vote": "Player2", "uncertainty_score": "0.6"}
2025-03-01 17:46:29 - INFO - ===
2025-03-01 17:46:29 - INFO - ===
2025-03-01 17:46:29 - INFO - Query: Discussions related to werewolves.
2025-03-01 17:46:29 - INFO - Retrieved similar documents: Player2: {"thought": "I need to be careful in this discussion, as I don't want to reveal too much and give away my identity as a villager. I should listen closely to Player1 and Player4's insights and see if they align or seem suspicious.", "speak": "I agree, it's important to analyze Player1's and Player4's reactions. I don't have any strong suspicions at the moment, but I'm open to hearing what you both think."}
Player2: {"thought": "I need to be careful in this discussion, as I don't want to reveal too much and give away my identity as a villager. I should listen closely to Player1 and Player4's insights and see if they align or seem suspicious.", "speak": "I agree, it's important to analyze Player1's and Player4's reactions. I don't have any strong suspicions at the moment, but I'm open to hearing what you both think."}
2025-03-01 17:46:29 - INFO - ===
2025-03-01 17:46:31 - INFO - ===
2025-03-01 17:46:31 - INFO - Query: Discussions related to werewolves.
2025-03-01 17:46:31 - INFO - Retrieved similar documents: Player4: {"thought": "I believe Player3 might provide valuable information if they are not a werewolf, but I need to evaluate the situation first. If they are werewolves, saving them would not be beneficial for the villagers in the long run.", "speak": "I am considering whether to resurrect Player3. I would like to get more insight into the characters of the remaining players before making a decision.", "resurrect": false}
2025-03-01 17:46:31 - INFO - ===
2025-03-01 17:46:33 - INFO - Moderator: Player1 has been voted out.
2025-03-01 17:46:33 - INFO - Moderator: The game is over. The werewolves have been defeated, and the village is safe once again!
2025-03-01 17:46:33 - INFO - Moderator: The game is over. The werewolves have been defeated, and the village is safe once again!
