{"basefilepath":"logs/fastslow","max_days_per_game":5,"num_games":20,"reflect_before_vectorstore":false,"max_werewolf_discussion_round":3,"similarity_top_k":2,"random_seed":43}
2025-03-01 17:41:58 - INFO - Starting game 6
2025-03-01 17:41:58 - INFO - Moderator: Player1, if you are the only werewolf, eliminate a player. Otherwise, discuss with your teammates and reach an agreement.
2025-03-01 17:41:58 - INFO - Moderator: Player1, if you are the only werewolf, eliminate a player. Otherwise, discuss with your teammates and reach an agreement.
2025-03-01 17:41:58 - INFO - ===
2025-03-01 17:41:58 - INFO - Query: Discussions related to villagers, seer, witch.
2025-03-01 17:41:58 - INFO - Retrieved similar documents: 
2025-03-01 17:41:58 - INFO - ===
2025-03-01 17:42:00 - INFO - Werewolves discussion: I think we should carefully consider who might be acting suspiciously. I've noticed Player3 making some odd comments that could hint at a hidden agenda. What does everyone else think?
2025-03-01 17:42:00 - INFO - Moderator: Which player do you vote to kill?
2025-03-01 17:42:00 - INFO - Moderator: Which player do you vote to kill?
2025-03-01 17:42:00 - INFO - ===
2025-03-01 17:42:00 - INFO - Query: Discussions related to villagers, seer, witch.
2025-03-01 17:42:00 - INFO - Retrieved similar documents: Player1: {"thought": "I need to pay attention to Player2, Player3, and Player4 to see who seems suspicious and who is working together. I want to gain their trust while sowing doubt about the others. There\u2019s an opportunity to frame someone if I can set the stage right.", "speak": "I think we should carefully consider who might be acting suspiciously. I've noticed Player3 making some odd comments that could hint at a hidden agenda. What does everyone else think?", "finish_discussion": "false"}
Player1: {"thought": "I need to pay attention to Player2, Player3, and Player4 to see who seems suspicious and who is working together. I want to gain their trust while sowing doubt about the others. There\u2019s an opportunity to frame someone if I can set the stage right.", "speak": "I think we should carefully consider who might be acting suspiciously. I've noticed Player3 making some odd comments that could hint at a hidden agenda. What does everyone else think?", "finish_discussion": "false"}
2025-03-01 17:42:00 - INFO - ===
2025-03-01 17:42:02 - INFO - ===
2025-03-01 17:42:02 - INFO - Fast Response: {"thought": "I still think Player3 is acting suspiciously, and I've seen comments that might indicate a hidden agenda. By framing Player3, I can divert attention from myself and plant doubt among the others.", "vote": "Player3", "uncertainty_score": 0.2}
2025-03-01 17:42:02 - INFO - Fast Uncertainty: 0.2
2025-03-01 17:42:02 - INFO - ===
2025-03-01 17:42:02 - INFO - Moderator: The player with the most votes is Player3.
2025-03-01 17:42:02 - INFO - Moderator: Player4, you're the witch. Tonight Player3 is eliminated. Would you like to resurrect Player3?
2025-03-01 17:42:02 - INFO - ===
2025-03-01 17:42:02 - INFO - Query: Discussions related to werewolves.
2025-03-01 17:42:02 - INFO - Retrieved similar documents: 
2025-03-01 17:42:02 - INFO - ===
2025-03-01 17:42:04 - INFO - Witch resurrection response: I choose not to resurrect Player3 because I need to preserve my options for the final outcome. If Player3 is a werewolf, they cannot be brought back to further harm the villagers.
2025-03-01 17:42:04 - INFO - Moderator: The witch has chosen not to resurrect the player.
2025-03-01 17:42:04 - INFO - ===
2025-03-01 17:42:04 - INFO - Query: Discussions related to werewolves.
2025-03-01 17:42:04 - INFO - Retrieved similar documents: Player4: {"thought": "I need to consider the implications of resurrecting Player3. If Player3 is a werewolf, resurrecting them could be harmful to the villagers. However, if they are a villager, we can gather more information in future discussions.", "speak": "I choose not to resurrect Player3 because I need to preserve my options for the final outcome. If Player3 is a werewolf, they cannot be brought back to further harm the villagers.", "resurrect": false}
2025-03-01 17:42:04 - INFO - ===
2025-03-01 17:42:07 - INFO - Witch Poison Response: I believe we need to carefully assess our options before making any hasty decisions. Let's share our thoughts on who we think might be the werewolves based on previous discussions.
2025-03-01 17:42:07 - INFO - The witch has chosen not to poison a player.
2025-03-01 17:42:07 - INFO - Moderator: Player3, you're the seer. Which player in Player1, Player2, Player3 and Player4 would you like to check tonight?
2025-03-01 17:42:07 - INFO - ===
2025-03-01 17:42:07 - INFO - Query: Discussions related to werewolves.
2025-03-01 17:42:07 - INFO - Retrieved similar documents: 
2025-03-01 17:42:07 - INFO - ===
2025-03-01 17:42:08 - INFO - Seer response: Player1
2025-03-01 17:42:08 - INFO - Moderator: Okay, the role of Player1 is a werewolf.
2025-03-01 17:42:09 - INFO - ===
2025-03-01 17:42:09 - INFO - Query: Discussions related to villagers, seer, witch.
2025-03-01 17:42:09 - INFO - Retrieved similar documents: Player1: {"thought": "I need to pay attention to Player2, Player3, and Player4 to see who seems suspicious and who is working together. I want to gain their trust while sowing doubt about the others. There\u2019s an opportunity to frame someone if I can set the stage right.", "speak": "I think we should carefully consider who might be acting suspiciously. I've noticed Player3 making some odd comments that could hint at a hidden agenda. What does everyone else think?", "finish_discussion": "false"}
Player1: {"thought": "I still think Player3 is acting suspiciously, and I've seen comments that might indicate a hidden agenda. By framing Player3, I can divert attention from myself and plant doubt among the others.", "vote": "Player3", "uncertainty_score": 0.2}
2025-03-01 17:42:09 - INFO - ===
2025-03-01 17:42:11 - INFO - ===
2025-03-01 17:42:11 - INFO - Query: Discussions related to werewolves.
2025-03-01 17:42:11 - INFO - Retrieved similar documents: 
2025-03-01 17:42:11 - INFO - ===
2025-03-01 17:42:13 - INFO - ===
2025-03-01 17:42:13 - INFO - Query: Discussions related to werewolves.
2025-03-01 17:42:13 - INFO - Retrieved similar documents: Player4: {"thought": "I need to consider the implications of resurrecting Player3. If Player3 is a werewolf, resurrecting them could be harmful to the villagers. However, if they are a villager, we can gather more information in future discussions.", "speak": "I choose not to resurrect Player3 because I need to preserve my options for the final outcome. If Player3 is a werewolf, they cannot be brought back to further harm the villagers.", "resurrect": false}
2025-03-01 17:42:13 - INFO - ===
2025-03-01 17:42:15 - INFO - Survivors Discussion: I appreciate the insight, Player2. I think we need to focus on who hasn't been contributing much to the discussion. Any thoughts on who might be acting suspiciously?
2025-03-01 17:42:15 - INFO - Moderator: Given the game rules and your role, based on the situation and the information you gain, to win the game, it's time to vote one player eliminated among the alive players. Which player do you vote to kill?
2025-03-01 17:42:16 - INFO - ===
2025-03-01 17:42:16 - INFO - Query: Discussions related to villagers, seer, witch.
2025-03-01 17:42:16 - INFO - Retrieved similar documents: Player1: {"thought": "I need to pay attention to Player2, Player3, and Player4 to see who seems suspicious and who is working together. I want to gain their trust while sowing doubt about the others. There\u2019s an opportunity to frame someone if I can set the stage right.", "speak": "I think we should carefully consider who might be acting suspiciously. I've noticed Player3 making some odd comments that could hint at a hidden agenda. What does everyone else think?", "finish_discussion": "false"}
Player1: {"thought": "Now that Player3 is out of the game, I need to focus on managing the suspicions of Player2 and Player4. I should maintain a cooperative stance while subtly leading them to suspect each other.", "speak": "With Player3 gone, it clears up some confusion, but we still need to be cautious. I've noticed some odd behavior from Player2 as well. What do you think about their comments earlier?"}
2025-03-01 17:42:16 - INFO - ===
2025-03-01 17:42:17 - INFO - ===
2025-03-01 17:42:17 - INFO - Fast Response: {"thought": "I still need to sow doubt while appearing cooperative. Player2 has been acting a bit suspiciously, and I want to shift the focus onto them to eliminate potential threats. However, I'm somewhat uncertain since Player4's behavior might also raise questions.", "vote": "Player2", "uncertainty_score": 0.3}
2025-03-01 17:42:17 - INFO - Fast Uncertainty: 0.3
2025-03-01 17:42:17 - INFO - ===
2025-03-01 17:42:20 - INFO - ===
2025-03-01 17:42:20 - INFO - Slow Response: {"thought": "With Player3 gone and only Player2 and Player4 left, I need to vote strategically. Player2 has been acting somewhat suspiciously based on previous observations. I will vote for Player2 to be eliminated, hoping that Player4 also sees this as the best option.", "vote": "Player2", "uncertainty_score": 0.3}
2025-03-01 17:42:20 - INFO - ===
2025-03-01 17:42:21 - INFO - ===
2025-03-01 17:42:21 - INFO - Query: Discussions related to werewolves.
2025-03-01 17:42:21 - INFO - Retrieved similar documents: Player2: {"thought": "Player1 seems to suspect me, but I need to gather more information before making any accusations. I should defend myself while also pointing out any suspicious behavior from Player4.", "speak": "I understand your concern, Player1. I think it's important we evaluate everyone's actions carefully. I didn't notice anything too suspicious from myself, but Player4, can you share your thoughts on what you've observed?"}
Player2: {"thought": "Player1 seems to suspect me, but I need to gather more information before making any accusations. I should defend myself while also pointing out any suspicious behavior from Player4.", "speak": "I understand your concern, Player1. I think it's important we evaluate everyone's actions carefully. I didn't notice anything too suspicious from myself, but Player4, can you share your thoughts on what you've observed?"}
2025-03-01 17:42:21 - INFO - ===
2025-03-01 17:42:23 - INFO - ===
2025-03-01 17:42:23 - INFO - Query: Discussions related to werewolves.
2025-03-01 17:42:23 - INFO - Retrieved similar documents: Player4: {"thought": "I need to consider the implications of resurrecting Player3. If Player3 is a werewolf, resurrecting them could be harmful to the villagers. However, if they are a villager, we can gather more information in future discussions.", "speak": "I choose not to resurrect Player3 because I need to preserve my options for the final outcome. If Player3 is a werewolf, they cannot be brought back to further harm the villagers.", "resurrect": false}
2025-03-01 17:42:23 - INFO - ===
2025-03-01 17:42:24 - INFO - Moderator: Player1 has been voted out.
2025-03-01 17:42:24 - INFO - Moderator: The game is over. The werewolves have been defeated, and the village is safe once again!
2025-03-01 17:42:24 - INFO - Moderator: The game is over. The werewolves have been defeated, and the village is safe once again!
