{"basefilepath":"logs/fastslow","max_days_per_game":5,"num_games":20,"reflect_before_vectorstore":false,"max_werewolf_discussion_round":3,"similarity_top_k":2,"random_seed":43}
2025-03-01 17:46:33 - INFO - Starting game 15
2025-03-01 17:46:33 - INFO - Moderator: Player1, if you are the only werewolf, eliminate a player. Otherwise, discuss with your teammates and reach an agreement.
2025-03-01 17:46:33 - INFO - Moderator: Player1, if you are the only werewolf, eliminate a player. Otherwise, discuss with your teammates and reach an agreement.
2025-03-01 17:46:33 - INFO - ===
2025-03-01 17:46:33 - INFO - Query: Discussions related to villagers, seer, witch.
2025-03-01 17:46:33 - INFO - Retrieved similar documents: 
2025-03-01 17:46:33 - INFO - ===
2025-03-01 17:46:35 - INFO - Werewolves discussion: I think we need to consider who has been making the most noise or pointing fingers. It might be a strategy from the werewolves to divert attention away from themselves. What do you all think?
2025-03-01 17:46:35 - INFO - Moderator: Which player do you vote to kill?
2025-03-01 17:46:35 - INFO - Moderator: Which player do you vote to kill?
2025-03-01 17:46:36 - INFO - ===
2025-03-01 17:46:36 - INFO - Query: Discussions related to villagers, seer, witch.
2025-03-01 17:46:36 - INFO - Retrieved similar documents: Player1: {"thought": "I need to assess the suspicions being thrown around to gauge how safe I am and how to protect my interests as a werewolf. I should also subtly manipulate the conversation to minimize attention on myself while sowing doubt among the villagers about each other.", "speak": "I think we need to consider who has been making the most noise or pointing fingers. It might be a strategy from the werewolves to divert attention away from themselves. What do you all think?", "finish_discussion": "false"}
Player1: {"thought": "I need to assess the suspicions being thrown around to gauge how safe I am and how to protect my interests as a werewolf. I should also subtly manipulate the conversation to minimize attention on myself while sowing doubt among the villagers about each other.", "speak": "I think we need to consider who has been making the most noise or pointing fingers. It might be a strategy from the werewolves to divert attention away from themselves. What do you all think?", "finish_discussion": "false"}
2025-03-01 17:46:36 - INFO - ===
2025-03-01 17:46:38 - INFO - ===
2025-03-01 17:46:38 - INFO - Fast Response: {"thought": "I need to carefully consider whom to target while maintaining my cover. Player2 has been casting suspicion without much evidence, so they might be a good candidate for elimination.", "vote": "Player2", "uncertainty_score": 0.3}
2025-03-01 17:46:38 - INFO - Fast Uncertainty: 0.3
2025-03-01 17:46:38 - INFO - ===
2025-03-01 17:46:41 - INFO - ===
2025-03-01 17:46:41 - INFO - Slow Response: {"thought": "I should eliminate a player who seems to be a strong and convincing villager, potentially someone who is building trust among others or who may pose a threat to werewolves if left unchecked. I've noticed Player3 has been good at gathering suspicions and might sway others during the day. Removing them could help the werewolves stay undetected.", "vote": "Player3", "uncertainty_score": "0.3"}
2025-03-01 17:46:41 - INFO - ===
2025-03-01 17:46:41 - INFO - Moderator: The player with the most votes is Player3.
2025-03-01 17:46:41 - INFO - Moderator: Player4, you're the witch. Tonight Player3 is eliminated. Would you like to resurrect Player3?
2025-03-01 17:46:41 - INFO - ===
2025-03-01 17:46:41 - INFO - Query: Discussions related to werewolves.
2025-03-01 17:46:41 - INFO - Retrieved similar documents: 
2025-03-01 17:46:41 - INFO - ===
2025-03-01 17:46:43 - INFO - Witch resurrection response: I think I will not resurrect Player3 tonight because it's too risky. I want to conserve my lifespan potion for now.
2025-03-01 17:46:43 - INFO - Moderator: The witch has chosen not to resurrect the player.
2025-03-01 17:46:43 - INFO - ===
2025-03-01 17:46:43 - INFO - Query: Discussions related to werewolves.
2025-03-01 17:46:43 - INFO - Retrieved similar documents: Player4: {"thought": "Since Player3 is eliminated, I need to carefully consider if I want to resurrect them. I could potentially gain valuable information from Player3, but I also risk exposing my role by doing so. It might be more strategic to save my potion for a critical situation later. However, Player3 might also be a valuable ally, depending on their role.", "speak": "I think I will not resurrect Player3 tonight because it's too risky. I want to conserve my lifespan potion for now.", "resurrect": false}
2025-03-01 17:46:43 - INFO - ===
2025-03-01 17:46:46 - INFO - Witch Poison Response: I think we should take some time to discuss our suspicions before rushing to a decision about who to eliminate. We need to gather more information.
2025-03-01 17:46:46 - INFO - The witch has chosen not to poison a player.
2025-03-01 17:46:46 - INFO - Moderator: Player3, you're the seer. Which player in Player1, Player2, Player3 and Player4 would you like to check tonight?
2025-03-01 17:46:46 - INFO - ===
2025-03-01 17:46:46 - INFO - Query: Discussions related to werewolves.
2025-03-01 17:46:46 - INFO - Retrieved similar documents: 
2025-03-01 17:46:46 - INFO - ===
2025-03-01 17:46:49 - INFO - Seer response: Player1
2025-03-01 17:46:49 - INFO - Moderator: Okay, the role of Player1 is a werewolf.
2025-03-01 17:46:49 - INFO - ===
2025-03-01 17:46:49 - INFO - Query: Discussions related to villagers, seer, witch.
2025-03-01 17:46:49 - INFO - Retrieved similar documents: Player1: {"thought": "I need to assess the suspicions being thrown around to gauge how safe I am and how to protect my interests as a werewolf. I should also subtly manipulate the conversation to minimize attention on myself while sowing doubt among the villagers about each other.", "speak": "I think we need to consider who has been making the most noise or pointing fingers. It might be a strategy from the werewolves to divert attention away from themselves. What do you all think?", "finish_discussion": "false"}
Player1: {"thought": "I should eliminate a player who seems to be a strong and convincing villager, potentially someone who is building trust among others or who may pose a threat to werewolves if left unchecked. I've noticed Player3 has been good at gathering suspicions and might sway others during the day. Removing them could help the werewolves stay undetected.", "vote": "Player3", "uncertainty_score": "0.3"}
2025-03-01 17:46:49 - INFO - ===
2025-03-01 17:46:52 - INFO - ===
2025-03-01 17:46:52 - INFO - Query: Discussions related to werewolves.
2025-03-01 17:46:52 - INFO - Retrieved similar documents: 
2025-03-01 17:46:52 - INFO - ===
2025-03-01 17:46:58 - INFO - ===
2025-03-01 17:46:58 - INFO - Query: Discussions related to werewolves.
2025-03-01 17:46:58 - INFO - Retrieved similar documents: Player4: {"thought": "I suspect that one of the others might be a werewolf. It's crucial to gather more information and maintain my disguise as a villager. Eliminating now could be premature, but I have to keep an eye on their reactions and suspicions. I need to tread carefully and not make any drastic moves yet.", "speak": "I think we should take some time to discuss our suspicions before rushing to a decision about who to eliminate. We need to gather more information.", "eliminate": false}
2025-03-01 17:46:58 - INFO - ===
2025-03-01 17:47:00 - INFO - Survivors Discussion: I feel like Player1 and Player2 both have valid points, but we should be careful and not jump to conclusions. It might help to hear everyone's thoughts on what we should do next.
2025-03-01 17:47:00 - INFO - Moderator: Given the game rules and your role, based on the situation and the information you gain, to win the game, it's time to vote one player eliminated among the alive players. Which player do you vote to kill?
2025-03-01 17:47:00 - INFO - ===
2025-03-01 17:47:00 - INFO - Query: Discussions related to villagers, seer, witch.
2025-03-01 17:47:00 - INFO - Retrieved similar documents: Player1: {"thought": "I need to assess the suspicions being thrown around to gauge how safe I am and how to protect my interests as a werewolf. I should also subtly manipulate the conversation to minimize attention on myself while sowing doubt among the villagers about each other.", "speak": "I think we need to consider who has been making the most noise or pointing fingers. It might be a strategy from the werewolves to divert attention away from themselves. What do you all think?", "finish_discussion": "false"}
Player1: {"thought": "With Player3 eliminated, I need to steer the conversation to ensure Player2 and Player4 view each other with suspicion while keeping myself out of the spotlight. I should also consider how to prepare for the next vote to maintain my position as a werewolf.", "speak": "It's unfortunate to lose Player3; they seemed like a strong player. I wonder who they would have accused next. What do you think about Player2's comments earlier? They seemed a bit defensive, don't you think?"}
2025-03-01 17:47:00 - INFO - ===
2025-03-01 17:47:02 - INFO - ===
2025-03-01 17:47:02 - INFO - Fast Response: {"thought": "I think it's time to eliminate Player2. They've been a bit too defensive and might be drawing suspicion towards me if they survive any longer. I need to keep Player4 on my side as they seem less suspect at the moment.", "vote": "Player2", "uncertainty_score": 0.2}
2025-03-01 17:47:02 - INFO - Fast Uncertainty: 0.2
2025-03-01 17:47:02 - INFO - ===
2025-03-01 17:47:02 - INFO - ===
2025-03-01 17:47:02 - INFO - Query: Discussions related to werewolves.
2025-03-01 17:47:02 - INFO - Retrieved similar documents: Player2: {"thought": "I need to maintain a low profile while trying to gather information about Player1 and Player4. Player1 is starting to suspect me, so I should address that without revealing too much.", "speak": "I think it\u2019s important we stay focused on figuring out the werewolves. I didn\u2019t catch any strange behavior from Player2, but I\u2019m open to discussing any suspicions."}
Player2: {"thought": "I need to maintain a low profile while trying to gather information about Player1 and Player4. Player1 is starting to suspect me, so I should address that without revealing too much.", "speak": "I think it\u2019s important we stay focused on figuring out the werewolves. I didn\u2019t catch any strange behavior from Player2, but I\u2019m open to discussing any suspicions."}
2025-03-01 17:47:02 - INFO - ===
2025-03-01 17:47:04 - INFO - ===
2025-03-01 17:47:04 - INFO - Query: Discussions related to werewolves.
2025-03-01 17:47:04 - INFO - Retrieved similar documents: Player4: {"thought": "I suspect that one of the others might be a werewolf. It's crucial to gather more information and maintain my disguise as a villager. Eliminating now could be premature, but I have to keep an eye on their reactions and suspicions. I need to tread carefully and not make any drastic moves yet.", "speak": "I think we should take some time to discuss our suspicions before rushing to a decision about who to eliminate. We need to gather more information.", "eliminate": false}
2025-03-01 17:47:04 - INFO - ===
2025-03-01 17:47:06 - INFO - Moderator: Player2 has been voted out.
2025-03-01 17:47:06 - INFO - Moderator: The werewolves have prevailed and taken over the village. Better luck next time!
