{"basefilepath":"logs/fastslow","max_days_per_game":5,"num_games":20,"reflect_before_vectorstore":false,"max_werewolf_discussion_round":3,"similarity_top_k":2,"random_seed":43}
2025-03-01 17:41:30 - INFO - Starting game 5
2025-03-01 17:41:30 - INFO - Moderator: Player1, if you are the only werewolf, eliminate a player. Otherwise, discuss with your teammates and reach an agreement.
2025-03-01 17:41:30 - INFO - Moderator: Player1, if you are the only werewolf, eliminate a player. Otherwise, discuss with your teammates and reach an agreement.
2025-03-01 17:41:30 - INFO - ===
2025-03-01 17:41:30 - INFO - Query: Discussions related to villagers, seer, witch.
2025-03-01 17:41:30 - INFO - Retrieved similar documents: 
2025-03-01 17:41:30 - INFO - ===
2025-03-01 17:41:32 - INFO - Werewolves discussion: I think we should consider voting for Player3. They've been pretty quiet, and we need to take action to figure out who the werewolves are.
2025-03-01 17:41:32 - INFO - Moderator: Which player do you vote to kill?
2025-03-01 17:41:32 - INFO - Moderator: Which player do you vote to kill?
2025-03-01 17:41:32 - INFO - ===
2025-03-01 17:41:32 - INFO - Query: Discussions related to villagers, seer, witch.
2025-03-01 17:41:32 - INFO - Retrieved similar documents: Player1: {"thought": "I need to figure out who among the players could potentially be werewolves based on their behavior and voting patterns. Since I don't know anyone's role, I'm wary of all the players and must keep my guard up. I might suggest a vote against one of the players to gauge reactions.", "speak": "I think we should consider voting for Player3. They've been pretty quiet, and we need to take action to figure out who the werewolves are.", "finish_discussion": "false"}
Player1: {"thought": "I need to figure out who among the players could potentially be werewolves based on their behavior and voting patterns. Since I don't know anyone's role, I'm wary of all the players and must keep my guard up. I might suggest a vote against one of the players to gauge reactions.", "speak": "I think we should consider voting for Player3. They've been pretty quiet, and we need to take action to figure out who the werewolves are.", "finish_discussion": "false"}
2025-03-01 17:41:32 - INFO - ===
2025-03-01 17:41:34 - INFO - ===
2025-03-01 17:41:34 - INFO - Fast Response: {"thought": "I still feel suspicious about Player3 being quiet throughout the discussion. We need to take action to eliminate potential threats, and this might help us gather more information.", "vote": "Player3", "uncertainty_score": "0.3"}
2025-03-01 17:41:34 - INFO - Fast Uncertainty: 0.3
2025-03-01 17:41:34 - INFO - ===
2025-03-01 17:41:36 - INFO - ===
2025-03-01 17:41:36 - INFO - Slow Response: {"thought": "Player3 has been quiet, which might indicate they're trying to stay under the radar, potentially as a werewolf. However, this could also mean they're simply hesitant or unsure. Given the lack of strong evidence, I'm not overly confident in this vote, but we need to make a move.", "vote": "Player3", "uncertainty_score": 0.7}
2025-03-01 17:41:36 - INFO - ===
2025-03-01 17:41:37 - INFO - Moderator: The player with the most votes is Player3.
2025-03-01 17:41:37 - INFO - Moderator: Player4, you're the witch. Tonight Player3 is eliminated. Would you like to resurrect Player3?
2025-03-01 17:41:37 - INFO - ===
2025-03-01 17:41:37 - INFO - Query: Discussions related to werewolves.
2025-03-01 17:41:37 - INFO - Retrieved similar documents: 
2025-03-01 17:41:37 - INFO - ===
2025-03-01 17:41:38 - INFO - Witch resurrection response: I think we should let Player3 stay eliminated for now, as their behavior has been suspicious. We can focus on identifying the werewolves instead.
2025-03-01 17:41:38 - INFO - Moderator: The witch has chosen not to resurrect the player.
2025-03-01 17:41:39 - INFO - ===
2025-03-01 17:41:39 - INFO - Query: Discussions related to werewolves.
2025-03-01 17:41:39 - INFO - Retrieved similar documents: Player4: {"thought": "I need to think strategically about whether saving Player3 is beneficial or not. If Player3 could potentially be a villager, their elimination would be detrimental to our chances of finding the werewolves. However, if I suspect they are one of the werewolves, it might be better to let them go.", "speak": "I think we should let Player3 stay eliminated for now, as their behavior has been suspicious. We can focus on identifying the werewolves instead.", "resurrect": false}
2025-03-01 17:41:39 - INFO - ===
2025-03-01 17:41:40 - INFO - Witch Poison Response: I still think Player3 seems suspicious, and it might be worth considering their elimination. Let's discuss our suspicions further.
2025-03-01 17:41:40 - INFO - The witch has chosen to poison Player3.
2025-03-01 17:41:40 - INFO - Moderator: Player3, you're the seer. Which player in Player1, Player2, Player3 and Player4 would you like to check tonight?
2025-03-01 17:41:40 - INFO - ===
2025-03-01 17:41:40 - INFO - Query: Discussions related to werewolves.
2025-03-01 17:41:40 - INFO - Retrieved similar documents: 
2025-03-01 17:41:40 - INFO - ===
2025-03-01 17:41:41 - INFO - Seer response: Player1
2025-03-01 17:41:41 - INFO - Moderator: Okay, the role of Player1 is a werewolf.
2025-03-01 17:41:42 - INFO - ===
2025-03-01 17:41:42 - INFO - Query: Discussions related to villagers, seer, witch.
2025-03-01 17:41:42 - INFO - Retrieved similar documents: Player1: {"thought": "I need to figure out who among the players could potentially be werewolves based on their behavior and voting patterns. Since I don't know anyone's role, I'm wary of all the players and must keep my guard up. I might suggest a vote against one of the players to gauge reactions.", "speak": "I think we should consider voting for Player3. They've been pretty quiet, and we need to take action to figure out who the werewolves are.", "finish_discussion": "false"}
Player1: {"thought": "Player3 has been quiet, which might indicate they're trying to stay under the radar, potentially as a werewolf. However, this could also mean they're simply hesitant or unsure. Given the lack of strong evidence, I'm not overly confident in this vote, but we need to make a move.", "vote": "Player3", "uncertainty_score": 0.7}
2025-03-01 17:41:42 - INFO - ===
2025-03-01 17:41:44 - INFO - ===
2025-03-01 17:41:44 - INFO - Query: Discussions related to werewolves.
2025-03-01 17:41:44 - INFO - Retrieved similar documents: 
2025-03-01 17:41:44 - INFO - ===
2025-03-01 17:41:47 - INFO - ===
2025-03-01 17:41:47 - INFO - Query: Discussions related to werewolves.
2025-03-01 17:41:47 - INFO - Retrieved similar documents: Player4: {"thought": "I still feel suspicious about Player3's behavior, and if we don't act, we may lose an opportunity to identify the werewolves. However, I need to be cautious about my next move. It's also crucial to consider how the others perceive this situation.", "speak": "I still think Player3 seems suspicious, and it might be worth considering their elimination. Let's discuss our suspicions further.", "eliminate": "true"}
2025-03-01 17:41:47 - INFO - ===
2025-03-01 17:41:48 - INFO - Survivors Discussion: I can understand your concerns, Player2, but let’s not forget that Player1 also hasn't said much. We might want to keep an eye on them, too.
2025-03-01 17:41:48 - INFO - Moderator: Given the game rules and your role, based on the situation and the information you gain, to win the game, it's time to vote one player eliminated among the alive players. Which player do you vote to kill?
2025-03-01 17:41:49 - INFO - ===
2025-03-01 17:41:49 - INFO - Query: Discussions related to villagers, seer, witch.
2025-03-01 17:41:49 - INFO - Retrieved similar documents: Player1: {"thought": "I need to figure out who among the players could potentially be werewolves based on their behavior and voting patterns. Since I don't know anyone's role, I'm wary of all the players and must keep my guard up. I might suggest a vote against one of the players to gauge reactions.", "speak": "I think we should consider voting for Player3. They've been pretty quiet, and we need to take action to figure out who the werewolves are.", "finish_discussion": "false"}
Player1: {"thought": "With Player3 gone, I need to assess the behavior of Player2 and Player4 more closely. There could still be a werewolf among us, and I should be strategic about my next move.", "speak": "Now that Player3 is out, I suggest we keep a close eye on Player2 and Player4. What are your thoughts on their actions so far?"}
2025-03-01 17:41:49 - INFO - ===
2025-03-01 17:41:50 - INFO - ===
2025-03-01 17:41:50 - INFO - Fast Response: {"thought": "I still feel uncertain about Player2 and Player4, but we need to take action. Since Player2 has been relatively active in the discussions, I lean towards voting for Player4. I want to see if this produces any reactions or defenses that might reveal more.", "vote": "Player4", "uncertainty_score": "0.4"}
2025-03-01 17:41:50 - INFO - Fast Uncertainty: 0.4
2025-03-01 17:41:50 - INFO - ===
2025-03-01 17:41:53 - INFO - ===
2025-03-01 17:41:53 - INFO - Slow Response: {"thought": "I am leaning towards voting for Player2 because Player3, who was eliminated, did not give us a clear indication if they were a werewolf. This means there's still one more potential werewolf among us. Player4 has not raised any alarms yet, and I have a hunch about Player2 perhaps being the werewolf based on their behavior during our discussions.", "vote": "Player2", "uncertainty_score": "0.6"}
2025-03-01 17:41:53 - INFO - ===
2025-03-01 17:41:54 - INFO - ===
2025-03-01 17:41:54 - INFO - Query: Discussions related to werewolves.
2025-03-01 17:41:54 - INFO - Retrieved similar documents: Player2: {"thought": "I need to be cautious about Player1's suspicions. I believe Player4 could be a werewolf, but I should gather more information before making accusations.", "speak": "I've been paying attention to Player4's behavior, and I think we should discuss their actions further. Has anyone noticed anything unusual about them?"}
Player2: {"thought": "I need to be cautious about Player1's suspicions. I believe Player4 could be a werewolf, but I should gather more information before making accusations.", "speak": "I've been paying attention to Player4's behavior, and I think we should discuss their actions further. Has anyone noticed anything unusual about them?"}
2025-03-01 17:41:54 - INFO - ===
2025-03-01 17:41:56 - INFO - ===
2025-03-01 17:41:56 - INFO - Query: Discussions related to werewolves.
2025-03-01 17:41:56 - INFO - Retrieved similar documents: Player4: {"thought": "I still feel suspicious about Player3's behavior, and if we don't act, we may lose an opportunity to identify the werewolves. However, I need to be cautious about my next move. It's also crucial to consider how the others perceive this situation.", "speak": "I still think Player3 seems suspicious, and it might be worth considering their elimination. Let's discuss our suspicions further.", "eliminate": "true"}
2025-03-01 17:41:56 - INFO - ===
2025-03-01 17:41:57 - INFO - Moderator: Player2 has been voted out.
2025-03-01 17:41:57 - INFO - Moderator: The werewolves have prevailed and taken over the village. Better luck next time!
