{"basefilepath":"logs/fastslow","max_days_per_game":5,"num_games":20,"reflect_before_vectorstore":false,"max_werewolf_discussion_round":3,"similarity_top_k":2,"random_seed":43}
2025-03-01 17:43:53 - INFO - Starting game 10
2025-03-01 17:43:53 - INFO - Moderator: Player1, if you are the only werewolf, eliminate a player. Otherwise, discuss with your teammates and reach an agreement.
2025-03-01 17:43:53 - INFO - Moderator: Player1, if you are the only werewolf, eliminate a player. Otherwise, discuss with your teammates and reach an agreement.
2025-03-01 17:43:53 - INFO - ===
2025-03-01 17:43:53 - INFO - Query: Discussions related to villagers, seer, witch.
2025-03-01 17:43:53 - INFO - Retrieved similar documents: 
2025-03-01 17:43:53 - INFO - ===
2025-03-01 17:43:55 - INFO - Werewolves discussion: I think we need to share our thoughts on who we suspect. I’m curious to hear what everyone has observed during the night. Any insights?
2025-03-01 17:43:55 - INFO - Moderator: Which player do you vote to kill?
2025-03-01 17:43:55 - INFO - Moderator: Which player do you vote to kill?
2025-03-01 17:43:55 - INFO - ===
2025-03-01 17:43:55 - INFO - Query: Discussions related to villagers, seer, witch.
2025-03-01 17:43:55 - INFO - Retrieved similar documents: Player1: {"thought": "I need to gauge everyone's suspicions to see if we can identify any werewolves. I suspect Player2 might be playing defensively, but I need more information before making a move.", "speak": "I think we need to share our thoughts on who we suspect. I\u2019m curious to hear what everyone has observed during the night. Any insights?", "finish_discussion": "false"}
Player1: {"thought": "I need to gauge everyone's suspicions to see if we can identify any werewolves. I suspect Player2 might be playing defensively, but I need more information before making a move.", "speak": "I think we need to share our thoughts on who we suspect. I\u2019m curious to hear what everyone has observed during the night. Any insights?", "finish_discussion": "false"}
2025-03-01 17:43:55 - INFO - ===
2025-03-01 17:43:57 - INFO - ===
2025-03-01 17:43:57 - INFO - Fast Response: {"thought": "I still find Player2's defensive play suspicious, but I'm not completely convinced. I want to hear more from Players 3 and 4 before casting my vote. However, if I had to decide now, I'd lean towards Player2.", "vote": "Player2", "uncertainty_score": 0.4}
2025-03-01 17:43:57 - INFO - Fast Uncertainty: 0.4
2025-03-01 17:43:57 - INFO - ===
2025-03-01 17:44:02 - INFO - ===
2025-03-01 17:44:02 - INFO - Slow Response: {"thought": "Based on my suspicion so far, Player2 seemed a bit defensive earlier, but I need more consensus from others to make a confident decision. I will vote cautiously, with my suspicion on Player2.", "vote": "Player2", "uncertainty_score": 0.7}
2025-03-01 17:44:02 - INFO - ===
2025-03-01 17:44:02 - INFO - Moderator: The player with the most votes is Player2.
2025-03-01 17:44:02 - INFO - Moderator: Player4, you're the witch. Tonight Player2 is eliminated. Would you like to resurrect Player2?
2025-03-01 17:44:02 - INFO - ===
2025-03-01 17:44:02 - INFO - Query: Discussions related to werewolves.
2025-03-01 17:44:02 - INFO - Retrieved similar documents: 
2025-03-01 17:44:02 - INFO - ===
2025-03-01 17:44:04 - INFO - Witch resurrection response: I choose to resurrect Player2 because I believe they can provide valuable input and potentially help identify the werewolves.
2025-03-01 17:44:04 - INFO - Moderator: The witch has chosen to resurrect the player.
2025-03-01 17:44:04 - INFO - Moderator: Player3, you're the seer. Which player in Player1, Player2, Player3 and Player4 would you like to check tonight?
2025-03-01 17:44:04 - INFO - ===
2025-03-01 17:44:04 - INFO - Query: Discussions related to werewolves.
2025-03-01 17:44:04 - INFO - Retrieved similar documents: 
2025-03-01 17:44:04 - INFO - ===
2025-03-01 17:44:05 - INFO - Seer response: Player1
2025-03-01 17:44:05 - INFO - Moderator: Okay, the role of Player1 is a werewolf.
2025-03-01 17:44:06 - INFO - ===
2025-03-01 17:44:06 - INFO - Query: Discussions related to villagers, seer, witch.
2025-03-01 17:44:06 - INFO - Retrieved similar documents: Player1: {"thought": "I need to gauge everyone's suspicions to see if we can identify any werewolves. I suspect Player2 might be playing defensively, but I need more information before making a move.", "speak": "I think we need to share our thoughts on who we suspect. I\u2019m curious to hear what everyone has observed during the night. Any insights?", "finish_discussion": "false"}
Player1: {"thought": "Based on my suspicion so far, Player2 seemed a bit defensive earlier, but I need more consensus from others to make a confident decision. I will vote cautiously, with my suspicion on Player2.", "vote": "Player2", "uncertainty_score": 0.7}
2025-03-01 17:44:06 - INFO - ===
2025-03-01 17:44:08 - INFO - ===
2025-03-01 17:44:08 - INFO - Query: Discussions related to werewolves.
2025-03-01 17:44:08 - INFO - Retrieved similar documents: 
2025-03-01 17:44:08 - INFO - ===
2025-03-01 17:44:10 - INFO - ===
2025-03-01 17:44:10 - INFO - Query: Discussions related to werewolves.
2025-03-01 17:44:10 - INFO - Retrieved similar documents: Moderator: Okay, the role of Player1 is a werewolf.
Player3: {"thought": "I need to gather information to guide our votes during the day. I suspect Player1 might be a werewolf, so I want to check them first.", "speak": "Player1"}
2025-03-01 17:44:10 - INFO - ===
2025-03-01 17:44:12 - INFO - ===
2025-03-01 17:44:12 - INFO - Query: Discussions related to werewolves.
2025-03-01 17:44:12 - INFO - Retrieved similar documents: Player4: {"thought": "Since Player2 has been eliminated, I need to weigh the benefits of bringing them back into the game. If Player2 is a villager, resurrecting them may help the villagers uncover the werewolves. If they are a werewolf, it could complicate matters. However, I need to consider if keeping Player2 could lead to a strategic advantage in the game.", "speak": "I choose to resurrect Player2 because I believe they can provide valuable input and potentially help identify the werewolves.", "resurrect": true}
2025-03-01 17:44:12 - INFO - ===
2025-03-01 17:44:15 - INFO - Survivors Discussion: I think it’s important for us to focus our discussion on Player1's actions. What specific suspicions do you have about them, Player3?
2025-03-01 17:44:15 - INFO - Moderator: Given the game rules and your role, based on the situation and the information you gain, to win the game, it's time to vote one player eliminated among the alive players. Which player do you vote to kill?
2025-03-01 17:44:15 - INFO - ===
2025-03-01 17:44:15 - INFO - Query: Discussions related to villagers, seer, witch.
2025-03-01 17:44:15 - INFO - Retrieved similar documents: Player1: {"thought": "I need to gauge everyone's suspicions to see if we can identify any werewolves. I suspect Player2 might be playing defensively, but I need more information before making a move.", "speak": "I think we need to share our thoughts on who we suspect. I\u2019m curious to hear what everyone has observed during the night. Any insights?", "finish_discussion": "false"}
Player1: {"thought": "I feel that we need to consolidate our voting strategy today. My suspicion on Player2 remains, but I want to see how Player3 and Player4 are leaning. It's crucial to gather more intel before we finalize our decision.", "speak": "Let's make sure we discuss everyone's thoughts carefully. Has anyone noticed anything specific about Player2, Player3, or Player4 that could help us? I still have my suspicions about Player2, but I'd like to hear from the rest of you."}
2025-03-01 17:44:15 - INFO - ===
2025-03-01 17:44:16 - INFO - ===
2025-03-01 17:44:16 - INFO - Fast Response: {"thought": "I feel more confident in my suspicion towards Player2. They have been rather defensive, which makes me think they might be one of the werewolves. I need to act before we lose any more time.", "vote": "Player2", "uncertainty_score": "0.3"}
2025-03-01 17:44:16 - INFO - Fast Uncertainty: 0.3
2025-03-01 17:44:16 - INFO - ===
2025-03-01 17:44:19 - INFO - ===
2025-03-01 17:44:19 - INFO - Slow Response: {"thought": "Given that I suspect Player2 has been playing defensively, my inclination is to vote for them. However, I'm not entirely convinced, as it's also possible they're an innocent villager being cautious. Therefore, the uncertainty is mainly rooted in the lack of concrete evidence yet.", "vote": "Player2", "uncertainty_score": 0.6}
2025-03-01 17:44:19 - INFO - ===
2025-03-01 17:44:19 - INFO - ===
2025-03-01 17:44:19 - INFO - Query: Discussions related to werewolves.
2025-03-01 17:44:19 - INFO - Retrieved similar documents: Player2: {"thought": "Player1 seems to be casting suspicion on me. I need to be cautious and defend myself while also trying to gather information from others.", "speak": "I think we should focus on discussing what actions we've seen from each other. I haven't observed anything particularly suspicious from Player3 and Player4, but I remain open to hearing your suspicions."}
Player2: {"thought": "Player1 seems to be casting suspicion on me. I need to be cautious and defend myself while also trying to gather information from others.", "speak": "I think we should focus on discussing what actions we've seen from each other. I haven't observed anything particularly suspicious from Player3 and Player4, but I remain open to hearing your suspicions."}
2025-03-01 17:44:19 - INFO - ===
2025-03-01 17:44:21 - INFO - ===
2025-03-01 17:44:21 - INFO - Query: Discussions related to werewolves.
2025-03-01 17:44:21 - INFO - Retrieved similar documents: Moderator: Okay, the role of Player1 is a werewolf.
Player3: {"thought": "I need to gather information to guide our votes during the day. I suspect Player1 might be a werewolf, so I want to check them first.", "speak": "Player1"}
2025-03-01 17:44:21 - INFO - ===
2025-03-01 17:44:25 - INFO - ===
2025-03-01 17:44:25 - INFO - Query: Discussions related to werewolves.
2025-03-01 17:44:25 - INFO - Retrieved similar documents: Player4: {"thought": "Since Player2 has been eliminated, I need to weigh the benefits of bringing them back into the game. If Player2 is a villager, resurrecting them may help the villagers uncover the werewolves. If they are a werewolf, it could complicate matters. However, I need to consider if keeping Player2 could lead to a strategic advantage in the game.", "speak": "I choose to resurrect Player2 because I believe they can provide valuable input and potentially help identify the werewolves.", "resurrect": true}
2025-03-01 17:44:25 - INFO - ===
2025-03-01 17:44:26 - INFO - Moderator: Player1 has been voted out.
2025-03-01 17:44:26 - INFO - Moderator: The game is over. The werewolves have been defeated, and the village is safe once again!
2025-03-01 17:44:26 - INFO - Moderator: The game is over. The werewolves have been defeated, and the village is safe once again!
