{"basefilepath":"logs/fastslow","max_days_per_game":5,"num_games":20,"reflect_before_vectorstore":false,"max_werewolf_discussion_round":3,"similarity_top_k":2,"random_seed":43}
2025-03-01 17:40:30 - INFO - Starting game 3
2025-03-01 17:40:30 - INFO - Moderator: Player1, if you are the only werewolf, eliminate a player. Otherwise, discuss with your teammates and reach an agreement.
2025-03-01 17:40:30 - INFO - Moderator: Player1, if you are the only werewolf, eliminate a player. Otherwise, discuss with your teammates and reach an agreement.
2025-03-01 17:40:30 - INFO - ===
2025-03-01 17:40:30 - INFO - Query: Discussions related to villagers, seer, witch.
2025-03-01 17:40:30 - INFO - Retrieved similar documents: 
2025-03-01 17:40:30 - INFO - ===
2025-03-01 17:40:32 - INFO - Werewolves discussion: Let's discuss our thoughts on who might be acting suspiciously. I have some concerns about Player2 based on their previous comments. What do you all think?
2025-03-01 17:40:32 - INFO - Moderator: Which player do you vote to kill?
2025-03-01 17:40:32 - INFO - Moderator: Which player do you vote to kill?
2025-03-01 17:40:33 - INFO - ===
2025-03-01 17:40:33 - INFO - Query: Discussions related to villagers, seer, witch.
2025-03-01 17:40:33 - INFO - Retrieved similar documents: Player1: {"thought": "I need to assess the dynamics between the players. It's crucial to figure out who might be the villagers or if they have any special roles. I should subtly observe their behaviors and reactions.", "speak": "Let's discuss our thoughts on who might be acting suspiciously. I have some concerns about Player2 based on their previous comments. What do you all think?", "finish_discussion": "false"}
Player1: {"thought": "I need to assess the dynamics between the players. It's crucial to figure out who might be the villagers or if they have any special roles. I should subtly observe their behaviors and reactions.", "speak": "Let's discuss our thoughts on who might be acting suspiciously. I have some concerns about Player2 based on their previous comments. What do you all think?", "finish_discussion": "false"}
2025-03-01 17:40:33 - INFO - ===
2025-03-01 17:40:34 - INFO - ===
2025-03-01 17:40:34 - INFO - Fast Response: {"thought": "I still have my suspicions about Player2, and their previous comments seemed evasive. However, I'm open to hearing what Player3 and Player4 think before making a final decision.", "vote": "Player2", "uncertainty_score": 0.3}
2025-03-01 17:40:34 - INFO - Fast Uncertainty: 0.3
2025-03-01 17:40:34 - INFO - ===
2025-03-01 17:40:36 - INFO - ===
2025-03-01 17:40:36 - INFO - Slow Response: {"thought": "As a werewolf, my goal is to eliminate villagers while remaining undetected. I expressed suspicion about Player2 earlier to see if it would create doubt amongst the other players. I will continue to focus on Player2 to reduce the possibility of them convincing others I'm a werewolf.", "vote": "Player2", "uncertainty_score": "0.3"}
2025-03-01 17:40:36 - INFO - ===
2025-03-01 17:40:37 - INFO - Moderator: The player with the most votes is Player2.
2025-03-01 17:40:37 - INFO - Moderator: Player4, you're the witch. Tonight Player2 is eliminated. Would you like to resurrect Player2?
2025-03-01 17:40:37 - INFO - ===
2025-03-01 17:40:37 - INFO - Query: Discussions related to werewolves.
2025-03-01 17:40:37 - INFO - Retrieved similar documents: 
2025-03-01 17:40:37 - INFO - ===
2025-03-01 17:40:39 - INFO - Witch resurrection response: I will choose not to resurrect Player2 because their potential role is uncertain, and I'd prefer to observe how the game unfolds without bringing back a possibly dangerous player.
2025-03-01 17:40:39 - INFO - Moderator: The witch has chosen not to resurrect the player.
2025-03-01 17:40:39 - INFO - ===
2025-03-01 17:40:39 - INFO - Query: Discussions related to werewolves.
2025-03-01 17:40:39 - INFO - Retrieved similar documents: Player4: {"thought": "Eliminating Player2 could mean they are either a villager or the seer. If they are the seer, they could have valuable information for the villagers. However, if they're a werewolf, bringing them back may not be wise. I need to be cautious and consider the implications of resurrecting them in the context of the game.", "speak": "I will choose not to resurrect Player2 because their potential role is uncertain, and I'd prefer to observe how the game unfolds without bringing back a possibly dangerous player.", "resurrect": false}
2025-03-01 17:40:39 - INFO - ===
2025-03-01 17:40:41 - INFO - Witch Poison Response: I believe we should hold off on eliminating anyone for now. Let's discuss our suspicions and see what everyone else thinks.
2025-03-01 17:40:41 - INFO - The witch has chosen not to poison a player.
2025-03-01 17:40:41 - INFO - Moderator: Player3, you're the seer. Which player in Player1, Player2, Player3 and Player4 would you like to check tonight?
2025-03-01 17:40:41 - INFO - ===
2025-03-01 17:40:41 - INFO - Query: Discussions related to werewolves.
2025-03-01 17:40:41 - INFO - Retrieved similar documents: 
2025-03-01 17:40:41 - INFO - ===
2025-03-01 17:40:42 - INFO - Seer response: Player1
2025-03-01 17:40:42 - INFO - Moderator: Okay, the role of Player1 is a werewolf.
2025-03-01 17:40:42 - INFO - ===
2025-03-01 17:40:42 - INFO - Query: Discussions related to villagers, seer, witch.
2025-03-01 17:40:42 - INFO - Retrieved similar documents: Player1: {"thought": "I need to assess the dynamics between the players. It's crucial to figure out who might be the villagers or if they have any special roles. I should subtly observe their behaviors and reactions.", "speak": "Let's discuss our thoughts on who might be acting suspiciously. I have some concerns about Player2 based on their previous comments. What do you all think?", "finish_discussion": "false"}
Player1: {"thought": "As a werewolf, my goal is to eliminate villagers while remaining undetected. I expressed suspicion about Player2 earlier to see if it would create doubt amongst the other players. I will continue to focus on Player2 to reduce the possibility of them convincing others I'm a werewolf.", "vote": "Player2", "uncertainty_score": "0.3"}
2025-03-01 17:40:42 - INFO - ===
2025-03-01 17:40:47 - INFO - ===
2025-03-01 17:40:47 - INFO - Query: Discussions related to werewolves.
2025-03-01 17:40:47 - INFO - Retrieved similar documents: Moderator: Okay, the role of Player1 is a werewolf.
Player3: {"thought": "I need to gather some information to help the villagers identify the werewolves. I'll check Player1 tonight to see if they are a werewolf or not.", "speak": "Player1"}
2025-03-01 17:40:47 - INFO - ===
2025-03-01 17:40:49 - INFO - ===
2025-03-01 17:40:49 - INFO - Query: Discussions related to werewolves.
2025-03-01 17:40:49 - INFO - Retrieved similar documents: Player4: {"thought": "I need to observe the dynamics between the remaining players and gather more information before making any elimination. It\u2019s too early to decide who to target, as we have no evidence of who the werewolves could be yet.", "speak": "I believe we should hold off on eliminating anyone for now. Let's discuss our suspicions and see what everyone else thinks.", "eliminate": false}
2025-03-01 17:40:49 - INFO - ===
2025-03-01 17:40:51 - INFO - Survivors Discussion: I understand your concerns about me, Player3. However, we need to focus on gathering evidence and making informed decisions. Let's share our thoughts and see if we can identify any true signs of the werewolves.
2025-03-01 17:40:51 - INFO - Moderator: Given the game rules and your role, based on the situation and the information you gain, to win the game, it's time to vote one player eliminated among the alive players. Which player do you vote to kill?
2025-03-01 17:40:52 - INFO - ===
2025-03-01 17:40:52 - INFO - Query: Discussions related to villagers, seer, witch.
2025-03-01 17:40:52 - INFO - Retrieved similar documents: Player1: {"thought": "I need to assess the dynamics between the players. It's crucial to figure out who might be the villagers or if they have any special roles. I should subtly observe their behaviors and reactions.", "speak": "Let's discuss our thoughts on who might be acting suspiciously. I have some concerns about Player2 based on their previous comments. What do you all think?", "finish_discussion": "false"}
Player1: {"thought": "As a werewolf, my goal is to eliminate villagers while remaining undetected. I expressed suspicion about Player2 earlier to see if it would create doubt amongst the other players. I will continue to focus on Player2 to reduce the possibility of them convincing others I'm a werewolf.", "vote": "Player2", "uncertainty_score": "0.3"}
2025-03-01 17:40:52 - INFO - ===
2025-03-01 17:40:53 - INFO - ===
2025-03-01 17:40:53 - INFO - Fast Response: {"thought": "With Player2 eliminated, I need to focus on Player3 and Player4. I have some suspicions about Player3 based on their comments during previous discussions, which seem evasive. I believe it's essential to put pressure on Player3 to see how they react.", "vote": "Player3", "uncertainty_score": "0.4"}
2025-03-01 17:40:53 - INFO - Fast Uncertainty: 0.4
2025-03-01 17:40:53 - INFO - ===
2025-03-01 17:40:56 - INFO - ===
2025-03-01 17:40:56 - INFO - Slow Response: {"thought": "With Player2 eliminated, it's crucial to further reduce the number of villagers while keeping suspicion off myself. Player3's reactions in previous discussions have seemed cautious, possibly indicating a special role. It would be strategic to eliminate Player3 to potentially remove a helpful role like the Seer or Witch. This move could help us gain an advantage as werewolves. I'll need to craft a plausible reasoning in the discussion to justify my vote against Player3.", "vote": "Player3", "uncertainty_score": "0.4"}
2025-03-01 17:40:56 - INFO - ===
2025-03-01 17:40:57 - INFO - ===
2025-03-01 17:40:57 - INFO - Query: Discussions related to werewolves.
2025-03-01 17:40:57 - INFO - Retrieved similar documents: Moderator: Okay, the role of Player1 is a werewolf.
Player3: {"thought": "I need to gather some information to help the villagers identify the werewolves. I'll check Player1 tonight to see if they are a werewolf or not.", "speak": "Player1"}
2025-03-01 17:40:57 - INFO - ===
2025-03-01 17:40:58 - INFO - ===
2025-03-01 17:40:58 - INFO - Query: Discussions related to werewolves.
2025-03-01 17:40:58 - INFO - Retrieved similar documents: Player4: {"thought": "I need to defend my position and gather more information before making any accusations. It's important to keep the discussion civil and focused on the facts.", "speak": "I understand your concerns about me, Player3. However, we need to focus on gathering evidence and making informed decisions. Let's share our thoughts and see if we can identify any true signs of the werewolves."}
2025-03-01 17:40:58 - INFO - ===
2025-03-01 17:41:01 - INFO - Moderator: Player1 has been voted out.
2025-03-01 17:41:01 - INFO - Moderator: The game is over. The werewolves have been defeated, and the village is safe once again!
2025-03-01 17:41:01 - INFO - Moderator: The game is over. The werewolves have been defeated, and the village is safe once again!
