In the reviewed decisions involving Player1's strategic maneuvering, Player1 exhibits a strong inclination towards manipulating discussions to maintain their hidden identity as a werewolf. The primary strategic moves include:

1. **Creating Suspicion**: Player1 initiates scepticism amongst other players by pointing out behavioral patterns that could potentially indicate a hidden agenda, specifically targeting Player2 and later also mentioning Player4.
2. **Targeted Arguments**: Player1's first argument leverages Player2’s quietness and evasion as indicative of a werewolf, portraying these behaviors as deflection tactics. This type of methodical reasoning intends to align other players with Player1's agenda.
3. **Decision Making**: Ultimately, Player1 decides to vote against Player2 after weighing the arguments. They perceive Player2's behavior as a better indicator of werewolf-like activity compared to Player4. The decision is made with the intention of deducing clearer roles among the remaining players if Player2 is eliminated.

**Reflective Implications for Future Strategic Decisions**:
- **Behavioral Analysis**: Continuing to utilize behavioral analysis to stir suspicions can be a double-edged sword. While it can protect Player1's identity temporarily by redirecting the group's focus, reliance on such tropes may also create a predictable pattern, potentially incriminating Player1 when players begin to notice such patterns.
- **Target Prioritization**: The focus on tactics like deflection could suggest a preference towards more vocal adversaries first, given that minimizing perceived threats early might prolong Player1’s survival.
- **Adaptability**: It's critical for Player1 to continue adapting their arguments based on new interactions and evidence from other players, evolving strategies to decrease predictability in voting patterns.
- **Seamless Integration**: Future decisions should focus on subtly integrating into the flow of group logic instead of overtly generating suspicion, aiming for a more balanced approach that neither underplays nor overplays accusations to maintain integration and influence.

Overall, sustaining a credible rapport with other players while orchestrating eliminations underpins the progress and eventual success of players hiding their true roles.
In reviewing Player1's decisions in the game of Werewolf, several strategic implications and considerations emerge that can inform future gameplay:

1. **Maintain Suspicion on Multiple Players:** Player1 focused on sustaining suspicion toward Player2 while evaluating Player4's behavior. This strategy aims to divide attention between multiple targets, potentially reducing the focus on Player1 themselves. Such a tactic is crucial for a werewolf player, as it helps manage and disperse potential blame or focus that could come their way.

2. **Target Selection Based on Threat Perception:** Player1 initially constructed arguments targeting both Player4 and Player3, ultimately deciding to eliminate Player4. The rationale was that Player4 posed a greater risk due to their potential to unite others. This decision highlights the importance of evaluating which players are most likely to sway group opinion against you and prioritizing their elimination.

3. **Assessment of Voting Impact:** By choosing to vote against Player4, Player1 aimed to reduce potential threats while maintaining leverage over Player3. This decision underscores the value of strategic thinking in voting, focusing not just on immediate eliminations but also on long-term control and manipulation of remaining players.

4. **Integration of Group Dynamics:** Player1's decision-making process involved understanding and potentially influencing group dynamics. Their strategy relied on balancing suspicion across players and managing how these suspicions are perceived by others. Future strategies should continue to emphasize the importance of social manipulation and the careful consideration of player alliances and perceived alignments.

5. **Low Profile Strategy:** Player1 also highlighted the importance of maintaining a low profile to avoid attention. This can be a double-edged sword: while it may help in evading suspicion, it could also lead to a lack of influence in steering group decisions. Thus, future players should balance the benefits of staying under the radar with the necessity of active participation to guide the narrative.

For better outcomes in similar future scenarios, a player might consider:

- Cultivating stronger alliances early on to leverage when needing to shift group focus.
- Monitoring the influence and opinion leaders in the group and tactically steering conversations through them.
- Continually reassessing player behaviors and patterns for any shifts that might affect overall group dynamics and threat levels.

These insights gleaned from Player1’s past strategic behavior can significantly refine one's strategic approach in subsequent Werewolf games.