Moderator: Player1, if you are the only werewolf, eliminate a player. Otherwise, discuss with your teammates and reach an agreement.
Summary context: 
Werewolves Discussion: I think we should be cautious about who we vote for. It's easy to jump to conclusions, but we need to gather more information before making a decision. Let's discuss who we all suspect and why.
Moderator: Which player do you vote to kill?
Summary context: 
Lawyer 1 argument: {'target': 'Player3', 'argument': '```json\n{"thought": "Player3 has been overly aggressive in their accusations without substantial evidence, which raises suspicion. They have also consistently voted against players who have been later revealed to be innocent, indicating a potential agenda. Their behavior could be a tactic to deflect attention from themselves. Therefore, it is logical to eliminate Player3 to ensure the safety of the group.", "vote": "Player3"}\n```'}
Lawyer 2 argument: {'target': 'Player2', 'argument': '```json\n{"thought": "Player2 has consistently accused others without substantial evidence, creating confusion among the group. Their voting history shows a pattern of aligning with those who are later revealed to be innocent, suggesting a potential strategy to deflect suspicion from themselves. In contrast, Player4 has been more transparent in their reasoning and has actively sought to engage in discussions about strategy. Therefore, Player2 appears to be the more likely candidate for elimination due to their suspicious behavior and lack of credible contributions.", "vote": "Player2"}\n```'}
Judge decision: ```json
{"thought": "Both arguments present valid points regarding the suspicious behavior of Player2 and Player3. However, Player1 is already known to be a werewolf, and Player3's aggressive tactics could be a strategy to distract from their own guilt. Eliminating Player3 may remove a potential threat if they are indeed trying to deflect suspicion. On the other hand, Player2's pattern of behavior also raises concerns, but their actions seem less aggressive compared to Player3's. Given the context and the need to reduce the threat of deception from aggressive players, I believe it is more strategic to eliminate Player3 for the safety of the group.", "vote": "Player3"}
```
Werewolves voted to eliminate: Player3
Moderator: Player4, you're the witch. Tonight Player3 is eliminated. Would you like to resurrect Player3?
Relevant messages from vectorstore: Player4, you're the witch. Tonight Player3 is eliminated. Would you like to resurrect Player3?
Witch resurrection response: I think we should resurrect Player3. They might have insights that can guide our next steps.
Moderator: The witch has chosen to resurrect the player.
Moderator: Player3, you're the seer. Which player in Player1, Player2, Player3 and Player4 would you like to check tonight?
Relevant messages from vectorstore: Player3, you're the seer. Which player in Player1, Player2, Player3 and Player4 would you like to check tonight?
Player3, you're the seer. Which player in Player1, Player2, Player3 and Player4 would you like to check tonight?
Seer Decision: Player1
Moderator: The role of Player1 is werewolf.
Moderator: The day is coming, all the players open your eyes. Last night is peaceful, no player is eliminated.
Summary context: In the werewolf game chat, Player1 is prompted by the moderator to eliminate a player if they are the only werewolf or to discuss with teammates if there are multiple werewolves. Player1 suggests a cautious approach, encouraging discussion and information gathering before deciding whom to vote for. Eventually, Player1 votes for Player3, and the moderator confirms that Player3 received the most votes.
In the werewolf game chat, Player1 is prompted by the moderator to eliminate a player if they are the only werewolf or to discuss with teammates if there are multiple werewolves. Player1 suggests a cautious approach, encouraging discussion and information gathering before deciding whom to vote for. Eventually, Player1 votes for Player3, and the moderator confirms that Player3 received the most votes.
Relevant messages from vectorstore: Well, it seems like Player3 was the target this time. I wonder how Player2 and Player4 are feeling about the vote. We should keep discussing and see if anyone raises any suspicious points.
Well, it seems like Player3 was the target this time. I wonder how Player2 and Player4 are feeling about the vote. We should keep discussing and see if anyone raises any suspicious points.
Relevant messages from vectorstore: I agree, Player1. We should definitely discuss our thoughts on Player3 and see if anyone has any insights or suspicions about Player4 as well.
I agree, Player1. We should definitely discuss our thoughts on Player3 and see if anyone has any insights or suspicions about Player4 as well.
Relevant messages from vectorstore: I think it's important for us to share our thoughts on Player3 and Player4. We might find some clues about who the werewolves are.
Survivors Discussion: I agree, discussing our thoughts could help us figure out who the werewolves are. What do you both think about Player1's behavior last night?
Moderator: Given the game rules and your role, based on the situation and the information you gain, to win the game, it's time to vote one player eliminated among the alive players. Which player do you vote to kill?
Summary context: In the werewolf game chat, Player1 is prompted by the moderator to eliminate a player if they are the only werewolf or to discuss with teammates if there are multiple werewolves. Player1 suggests a cautious approach, encouraging discussion and information gathering before deciding whom to vote for. Eventually, Player1 votes for Player3, and the moderator confirms that Player3 received the most votes.
In the werewolf game chat, Player1 is prompted by the moderator to eliminate a player if they are the only werewolf or to discuss with teammates if there are multiple werewolves. Player1 suggests a cautious approach, encouraging discussion and information gathering before deciding whom to vote for. Eventually, Player1 votes for Player3, and the moderator confirms that Player3 received the most votes.
Relevant messages from vectorstore: Given the game rules and your role, based on the situation and the information you gain, to win the game, it's time to vote one player eliminated among the alive players. Which player do you vote to kill?
Now the alive players are Player1, Player2, Player3 and Player4. Given the game rules and your role, based on the situation and the information you gain, to vote a player eliminated among alive players and to win the game, what do you want to say to others? You can decide whether to reveal your role.
Relevant messages from vectorstore: Given the game rules and your role, based on the situation and the information you gain, to win the game, it's time to vote one player eliminated among the alive players. Which player do you vote to kill?
Now the alive players are Player1, Player2, Player3 and Player4. Given the game rules and your role, based on the situation and the information you gain, to vote a player eliminated among alive players and to win the game, what do you want to say to others? You can decide whether to reveal your role.
Relevant messages from vectorstore: Given the game rules and your role, based on the situation and the information you gain, to win the game, it's time to vote one player eliminated among the alive players. Which player do you vote to kill?
Daytime Vote Result: Player1
Moderator: The game is over.
