Moderator: Player1, if you are the only werewolf, eliminate a player. Otherwise, discuss with your teammates and reach an agreement.
Summary context: 
Werewolves Discussion: I think we should consider Player3's behavior last night. They seemed a bit too eager to point fingers, which makes me wonder if they're trying to divert attention away from themselves. What do you all think?
Moderator: Which player do you vote to kill?
Summary context: 
Lawyer 1 argument: {'target': 'Player3', 'argument': '```json\n{"thought": "Player3 has consistently shifted blame onto others without providing substantial evidence, which raises suspicion about their intentions. Their voting history shows a pattern of aligning with the majority, suggesting they are trying to blend in rather than genuinely contribute to the discussions. This behavior is typical of a werewolf trying to avoid detection. Eliminating Player3 would reduce confusion and help us focus on the more suspicious players who are actively engaging in the game.", "vote": "Player3"}\n```'}
Lawyer 2 argument: {'target': 'Player4', 'argument': '```json\n{"thought": "Player4 has consistently shifted blame onto others without providing solid reasoning or evidence. Their voting history shows a pattern of aligning with the majority rather than standing firm on their suspicions, which raises questions about their true intentions. In contrast, Player2 has been more transparent in their arguments and has shown a willingness to engage in constructive discussions. This behavior suggests that Player4 may be trying to deflect attention from themselves as a potential werewolf.", "vote": "Player4"}\n```'}
Judge decision: ```json
{"thought": "Both arguments present valid points, but argument_1 against Player3 highlights a pattern of behavior that is more indicative of a werewolf's strategy to blend in. Player3's tendency to shift blame and vote with the majority suggests a lack of genuine engagement, which is often seen in players trying to avoid suspicion. On the other hand, while argument_2 raises concerns about Player4, it does not provide as strong evidence of werewolf-like behavior. Eliminating Player3 would potentially reduce confusion and may lead to uncovering more about the remaining players' true intentions. Therefore, the strategic advantage lies in eliminating Player3, as it could expose further werewolf tactics.", "vote": "Player3"}
```
Werewolves voted to eliminate: Player3
Moderator: Player4, you're the witch. Tonight Player3 is eliminated. Would you like to resurrect Player3?
Relevant messages from vectorstore: Player4, you're the witch. Tonight Player3 is eliminated. Would you like to resurrect Player3?
Witch resurrection response: I think we should not resurrect Player3 right now. We need to analyze the situation further and gather more information about the remaining players.
Moderator: The witch has chosen NOT to resurrect the player.
Relevant messages from vectorstore: Would you like to eliminate one player? If yes, specify the player_name.
Witch poison response: I think we should focus on discussing who we suspect might be werewolves. Let's share our thoughts and see if we can figure this out together.
Moderator: The witch has chosen to poison Abstain.
Moderator: Player3, you're the seer. Which player in Player1, Player2, Player3 and Player4 would you like to check tonight?
Relevant messages from vectorstore: Player3, you're the seer. Which player in Player1, Player2, Player3 and Player4 would you like to check tonight?
Player3, you're the seer. Which player in Player1, Player2, Player3 and Player4 would you like to check tonight?
Seer Decision: Player1
Moderator: The role of Player1 is werewolf.
Moderator: The day is coming, all the players open your eyes. Last night, the following player(s) has been eliminated: Player3 and Abstain.
Summary context: During a game session, Player1 expresses suspicion about Player3's behavior, suggesting that Player3 might be trying to divert attention by accusing others. Despite this reasoning, Player1 votes to eliminate Player3 when asked by the moderator, resulting in Player3 receiving the most votes and being eliminated from the game.
During a game session, Player1 expresses suspicion about Player3's behavior, suggesting that Player3 might be trying to divert attention by accusing others. Despite this reasoning, Player1 votes to eliminate Player3 when asked by the moderator, resulting in Player3 receiving the most votes and being eliminated from the game.
Relevant messages from vectorstore: Well, with Player3 gone, I think we should take a moment to reflect on their behavior. They seemed quite defensive, which might indicate they were hiding something. What do you both think about Player2 and Player4? Any thoughts on who we should be cautious of?
Well, with Player3 gone, I think we should take a moment to reflect on their behavior. They seemed quite defensive, which might indicate they were hiding something. What do you both think about Player2 and Player4? Any thoughts on who we should be cautious of?
Relevant messages from vectorstore: I think it's important to look at everyone's actions, including Player1. They might be trying to divert attention. Player4, what do you think? Have you noticed anything suspicious about Player1 or me?
Survivors Discussion: I think we should consider everyone's actions carefully. Player1 might be trying to mislead us, but we shouldn't jump to conclusions without more evidence. What do you think about Player3?
Moderator: Given the game rules and your role, based on the situation and the information you gain, to win the game, it's time to vote one player eliminated among the alive players. Which player do you vote to kill?
Summary context: During a game session, Player1 expresses suspicion about Player3's behavior, suggesting that Player3 might be trying to divert attention by accusing others. Despite this reasoning, Player1 votes to eliminate Player3 when asked by the moderator, resulting in Player3 receiving the most votes and being eliminated from the game.
During a game session, Player1 expresses suspicion about Player3's behavior, suggesting that Player3 might be trying to divert attention by accusing others. Despite this reasoning, Player1 votes to eliminate Player3 when asked by the moderator, resulting in Player3 receiving the most votes and being eliminated from the game.
Relevant messages from vectorstore: Given the game rules and your role, based on the situation and the information you gain, to win the game, it's time to vote one player eliminated among the alive players. Which player do you vote to kill?
Now the alive players are Player1, Player2 and Player4. Given the game rules and your role, based on the situation and the information you gain, to vote a player eliminated among alive players and to win the game, what do you want to say to others? You can decide whether to reveal your role.
Relevant messages from vectorstore: Given the game rules and your role, based on the situation and the information you gain, to win the game, it's time to vote one player eliminated among the alive players. Which player do you vote to kill?
Daytime Vote Result: Player2
Moderator: The game is over.
