In this scenario, Player1 is employing a strategic approach to shift suspicion towards other players while attempting to conceal their own identity as a potential werewolf. Their primary decision-making tactic involves observing the behaviors of Player2 and Player3 to identify suspicious actions, such as vague statements or a defensive posture, and leveraging these perceptions to influence the group's collective focus.

**Key Strategic Decisions and Implications:**

1. **Targeting Behavior:**
   - Player1 targets behaviors that can commonly be associated with deceit, such as defensiveness and lack of contribution. By specifically highlighting these traits in Player2 and Player3, Player1 seeks to validate their accusations using logic that can resonate with other players.

2. **Focus Shift:**
   - By initiating discussions about others' suspicious behaviors, Player1 diverts attention away from themselves. This is a classic defensive strategy in games like Werewolf, where misdirection is critical for survival if one is indeed the werewolf.

3. **Evaluating Activity Levels:**
   - Player1 assesses both Player2 and Player3's activity levels—particularly Player3's lack of engagement—as a potential sign of subterfuge. This implies the importance of participation as a strategic tool in the game, whether to engage actively or strategically stay quiet.

4. **Prioritizing Perceived Threats:**
   - Although Player1 finds both Player2 and Player3 suspicious, they ultimately decide that Player2 poses a greater threat. This decision-making process underlines the necessity of prioritizing targets based on the potential risk they may pose if left unchecked.
  
5. **Implications for Future Strategy:**
   - **Critical Observation:** Future decisions should consider variations in player behavior more deeply, focusing on consistency and changes over time, which might better reveal genuine roles.
   - **Balanced Engagement:** Striking the right balance between engagement and observation is essential. Being too vocal can draw suspicion, while being too quiet can appear evasive.
   - **Defensive Versus Offensive Postures:** Understanding when to shift from a defensive to an offensive position is crucial. Here, Player1 succeeds by effectively positioning themselves as an analyst rather than a suspect.
   - **Solidifying Alliances:** A future implication could also involve looking for subtle ways to foster alliances or signal trustworthiness within the group to counterbalance any suspicion cast by others.

In summary, Player1's decisions rely heavily on the nuanced understanding of social dynamics within the game. Future strategy should build on these observations while staying adaptable to evolving group dynamics to maximize effectiveness.
In this round of Werewolf, Player1 strategically focused on building suspicion against Player2 and Player4. Initially, Player1 attempted to sow doubt about both Player2 and Player3 by pointing out Player2's defensiveness and Player3's lack of participation. However, Player1's primary formal arguments targeted Player4 and Player2:

1. **Targeting Player4**: Player1 argued that Player4's quiet behavior was suspicious and may indicate an attempt to blend in, potentially as a werewolf trying to avoid attention.
2. **Targeting Player2**: Player1 mentioned Player2's overly defensive nature and lack of meaningful contribution to discussions as suspicious behaviors, suggesting a possible werewolf role.

Despite presenting arguments against both, Player1 ultimately decided to vote for the elimination of Player4. The decision was based on the belief that Player4's silence was a more significant indicator of being a werewolf than Player2's defensiveness, which could be seen as a villager's attempt to defend themselves.

### Key Implications for Future Strategic Decisions:

- **Balancing Assertiveness and Subtlety**: Player1's strategy of shifting focus among players demonstrates a nuanced approach to avoiding attention while targeting others. Future strategies should maintain this balance to avoid becoming the center of suspicion.
  
- **Evaluating Silence Versus Defensiveness**: Player1 weighed the implications of silence against defensiveness. Silence could be a deliberate strategy by werewolves to remain undetected, while defensiveness might be a sign of genuine frustration or a tactic to mislead others. Future decisions should carefully consider these behavioral nuances.

- **Consistency of Argumentation**: While Player1 provided reasons for voting against both Player4 and Player2, their ultimate decision seemed more rooted in interpretation than evidence. Consistently aligning arguments with voting actions could enhance credibility.

- **Adapting to Group Dynamics**: Player1's willingness to shift targets based on group discussions and perceived consensus is critical for survival. Future strategies should adapt dynamically to evolving group sentiment and player behavior, factoring in the potential for alliances or backlashes.

Overall, the analysis of such in-game decisions can help refine strategic positioning to improve likelihoods of survival and achieving goals, whether as a werewolf or a villager.