Reflecting on Player1's decisions in this game session reveals a strategic attempt to mislead fellow players while concealing their identity as a potential werewolf. This involved:

1. **Integration and Maintenance of Innocence**: Player1 aimed to blend in by pointing out and discussing suspicious behavior of others, notably targeting Player2. This action helps create an impression of diligence and alignment with villagers, conserving their cover.

2. **Sowing Doubts**: By suggesting Player2 was overly quiet, Player1 sowed doubt within the group, attempting to shift focus away from themselves and onto other players. This is a common diversion strategy in werewolf games, aiming to protect the deceiver by scapegoating uncertainty.

3. **Decisive Targeting**: The move to target Player4 appears calculated based on perceived defensiveness and lack of contribution to discussions. Player1's strategic decision reflects a potential attempt to disrupt the decision-making process by instigating division within the group, thereby advancing the werewolves' objectives if Player1 indeed is on that team.

**Implications for Future Strategic Decisions:**

- **Balancing Aggression and Subtlety**: Player1 demonstrated that too aggressive an accusation can backfire by drawing suspicion back to the accuser. Successful players might balance their approaches by using carefully timed suggestions rather than overt directives.

- **Observational Skills**: Engaging in and emphasizing observation over aggressive leadership might reduce suspicion. Players should be attuned to how others influence group dynamics, potentially identifying subtle leadership or misleading input.

- **Voting Patterns and Decision Making**: Understanding and documenting voting patterns can provide insights into alliance formations and help identify deviations that signal deceit. Highlighting inconsistencies can be effective in contrasting genuine and deceptive behavior.

- **Group Consensus vs. Personal Advocacy**: Encourage group consensus for decisions over individual advocacies. Player1's specific targeting of Player4, despite drawing attention to Player2, suggests they may be pushing a personal agenda. Popular gamesmanship involves constructing a tactical consensus, masking personal motives with communal benefit.

In future strategies, players should carefully calibrate between visible participation and covert operations to maintain trust while discreetly influencing outcomes. Understanding human behavior, group dynamics, and the art of deceit is crucial in games like Werewolf, where perception is persistently tested.
The decisions made by Player1 revolve around strategically diverting suspicion from themselves while subtly influencing the group dynamics against Player2 and Player4. Let's breakdown the strategic elements and implications for future decisions:

1. **Diversion and Influence**: Player1's primary strategy was to divert attention from themselves by highlighting the quietness of Player2 and Player4. By pointing out inconsistencies and lack of contributions from others, Player1 aimed to keep the focus away from their own role and intentions.

2. **Target Selection Criteria**: Player1 uses criteria such as quietness and lack of contribution to identify potential werewolves. This strategy leverages the reasoning that those who speak less might be hiding something, thus suspecting them of being werewolves. Quietness and defensiveness were the key factors raised against Player4, while Player2 was targeted mainly for their quietness.

3. **Group Dynamics and Division**: Player1 subtly promotes a divide within the group—pitting suspicion against two individuals at once. This division can create chaos and misdirection, increasing the probability that attention won't return to Player1.

4. **Non-aggressive Positioning**: Throughout the statements, Player1 maintains a position that is careful not to seem overly aggressive, as this might arouse suspicion. They frame their arguments appreciatively and open them up for group consideration, promoting themselves as a collaborative figure rather than a dictator leading the decision.

### Implications for Future Strategic Decisions:

- **Balance Between Dominance and Collaboration**: Future strategies should continue to balance being assertive enough to influence outcomes while appearing as a cooperative participant. Werewolf often punishes players who become too forceful, as they can be quickly targeted as werewolves themselves.

- **Dynamic Adaptation**: Player1's ability to adapt tactics (e.g., shifting focus between two players) helps reduce personal risk. Future decisions should incorporate flexibility based on evolving group dynamics and emerging evidence.

- **Enhanced Use of Subtlety**: As Player1 demonstrated, subtly planting seeds of doubt rather than direct accusations can be more effective. This helps avoid drawing direct connections back to the instigator of the suspicion.

- **Establishing Credible Narratives**: The discernment process should continue to base accusations on behavioral analysis such as quietness and defensiveness, but also seek additional insights or patterns that might reveal more about a player's role.

In future games, leveraging these insights can enhance strategic play by ensuring narratives are built around behavior while maintaining the layer of subtlety that prevents backlash or suspicion from falling onto oneself.