{"basefilepath":"logs/fastslow","max_days_per_game":5,"num_games":10,"reflect_before_vectorstore":true,"max_werewolf_discussion_round":3,"similarity_top_k":2,"random_seed":44}
2025-03-02 01:08:31 - INFO - Starting game 0
2025-03-02 01:08:31 - INFO - Moderator: Player1, if you are the only werewolf, eliminate a player. Otherwise, discuss with your teammates and reach an agreement.
2025-03-02 01:08:31 - INFO - Moderator: Player1, if you are the only werewolf, eliminate a player. Otherwise, discuss with your teammates and reach an agreement.
2025-03-02 01:08:31 - INFO - ===
2025-03-02 01:08:31 - INFO - Query: Discussions related to villagers, seer, witch.
2025-03-02 01:08:31 - INFO - Retrieved similar documents: 
2025-03-02 01:08:31 - INFO - ===
2025-03-02 01:08:33 - INFO - Werewolves discussion: Hey everyone! I think we should all share our thoughts on who we suspect might be the werewolves. It will give us a better idea of who we can trust or not. What do you all think?
2025-03-02 01:08:33 - INFO - Moderator: Which player do you vote to kill?
2025-03-02 01:08:33 - INFO - Moderator: Which player do you vote to kill?
2025-03-02 01:08:33 - INFO - ===
2025-03-02 01:08:33 - INFO - Query: Discussions related to villagers, seer, witch.
2025-03-02 01:08:33 - INFO - Retrieved similar documents: 
2025-03-02 01:08:33 - INFO - ===
2025-03-02 01:08:40 - INFO - ===
2025-03-02 01:08:40 - INFO - Fast Response: {"thought": "I have a suspicion that Player2 might be a werewolf based on their behavior during the discussion. They seem a bit defensive and deflecting attention away from themselves. However, I'm not entirely sure and could be wrong.", "vote": "Player2", "uncertainty_score": 0.3}
2025-03-02 01:08:40 - INFO - Fast Uncertainty: 0.3
2025-03-02 01:08:40 - INFO - ===
2025-03-02 01:08:41 - INFO - ===
2025-03-02 01:08:41 - INFO - Slow Response: {"thought": "As a werewolf, I want to eliminate players that might pose the greatest threat to me. Without much information yet on roles, I can only choose arbitrarily at this point. Player3 seems like a safe choice to eliminate in the meantime.", "vote": "Player3", "uncertainty_score": 0.8}
2025-03-02 01:08:41 - INFO - ===
2025-03-02 01:08:41 - INFO - Moderator: The player with the most votes is Player3.
2025-03-02 01:08:41 - INFO - Moderator: Player4, you're the witch. Tonight Player3 is eliminated. Would you like to resurrect Player3?
2025-03-02 01:08:41 - INFO - ===
2025-03-02 01:08:41 - INFO - Query: Discussions related to werewolves.
2025-03-02 01:08:41 - INFO - Retrieved similar documents: 
2025-03-02 01:08:41 - INFO - ===
2025-03-02 01:08:43 - INFO - Witch resurrection response: I will not resurrect Player3, as I'm unsure of their role and want to gather more information during the day phase.
2025-03-02 01:08:43 - INFO - Moderator: The witch has chosen not to resurrect the player.
2025-03-02 01:08:43 - INFO - ===
2025-03-02 01:08:43 - INFO - Query: Discussions related to werewolves.
2025-03-02 01:08:43 - INFO - Retrieved similar documents: Player4: {"thought": "I suspect there might be a werewolf among the remaining players, and we need more information before making a final decision. If Player3 is a villager, I could potentially save them. However, if they are one of the werewolves, it could hinder our chances of winning.", "speak": "I will not resurrect Player3, as I'm unsure of their role and want to gather more information during the day phase.", "resurrect": false}
2025-03-02 01:08:43 - INFO - ===
2025-03-02 01:08:45 - INFO - Witch Poison Response: I think we should discuss our suspicions openly before making a decision about who to eliminate.
2025-03-02 01:08:45 - INFO - The witch has chosen not to poison a player.
2025-03-02 01:08:45 - INFO - Moderator: Player3, you're the seer. Which player in Player1, Player2, Player3 and Player4 would you like to check tonight?
2025-03-02 01:08:45 - INFO - ===
2025-03-02 01:08:45 - INFO - Query: Discussions related to werewolves.
2025-03-02 01:08:45 - INFO - Retrieved similar documents: 
2025-03-02 01:08:45 - INFO - ===
2025-03-02 01:08:46 - INFO - Seer response: Player1
2025-03-02 01:08:46 - INFO - Moderator: Okay, the role of Player1 is a werewolf.
2025-03-02 01:08:54 - INFO - ===
2025-03-02 01:08:54 - INFO - Query: Discussions related to villagers, seer, witch.
2025-03-02 01:08:54 - INFO - Retrieved similar documents: Player1's strategic decisions were focused on blending in with the group while subtly steering the discussion to gather insights and identify threats. The public encouragement for open discussion was a typical move aimed at gathering information and creating an appearance of trustworthiness. Player1's insight about needing to promote discussion without revealing their identity indicates a clear understanding of the delicate balance required in the game of Werewolf.

When it came to voting, Player1 expressed a high level of uncertainty, indicating that their choice to target Player3 was not based on solid evidence. This reveals a cautious approach—aiming to eliminate potential threats while minimizing the risk of exposing their true identity. The choice to vote for Player3 "arbitrarily" suggests Player1 was aiming to avoid raising suspicion among fellow players by targeting a less likely candidate for retaliation.

**Important Implications for Future Decisions:**

1. **Encourage Open Discussion:** Promoting dialogue is a useful tactic to gather information and sway group opinion indirectly. Future strategies should involve prompting conversation and carefully monitoring reactions to identify both allies and potential threats.

2. **Vote with Caution:** Player1's choice of an arbitrary target illustrates the need for strategic yet cautious voting. Hesitant decision-making may prevent drawing undue attention, but betting decisions entirely on arbitrary factors can backfire. Accumulating more strategic insights from discussions should be prioritized.

3. **Balance Bluffing and Authenticity:** Maintaining a facade of helpfulness and cooperation is crucial for werewolves to mask their identities. However, overly cautious voting based purely on the need to remain hidden can sometimes stall progress. Learning when to act decisively based on tangible insights from discussions could improve Player1's effectiveness.

Incorporating these strategies while increasing adaptability to changing dynamics and information will be key for Player1 and others in similar roles in future Werewolf games.
2025-03-02 01:08:54 - INFO - ===
2025-03-02 01:08:57 - INFO - ===
2025-03-02 01:08:57 - INFO - Query: Discussions related to werewolves.
2025-03-02 01:08:57 - INFO - Retrieved similar documents: 
2025-03-02 01:08:57 - INFO - ===
2025-03-02 01:08:59 - INFO - ===
2025-03-02 01:08:59 - INFO - Query: Discussions related to werewolves.
2025-03-02 01:08:59 - INFO - Retrieved similar documents: Player4: {"thought": "I suspect there might be a werewolf among the remaining players, and we need more information before making a final decision. If Player3 is a villager, I could potentially save them. However, if they are one of the werewolves, it could hinder our chances of winning.", "speak": "I will not resurrect Player3, as I'm unsure of their role and want to gather more information during the day phase.", "resurrect": false}
2025-03-02 01:08:59 - INFO - ===
2025-03-02 01:09:00 - INFO - Survivors Discussion: I agree, Player2. We should really discuss who we suspect might be a werewolf among us.
2025-03-02 01:09:00 - INFO - Moderator: Given the game rules and your role, based on the situation and the information you gain, to win the game, it's time to vote one player eliminated among the alive players. Which player do you vote to kill?
2025-03-02 01:09:01 - INFO - ===
2025-03-02 01:09:01 - INFO - Query: Discussions related to villagers, seer, witch.
2025-03-02 01:09:01 - INFO - Retrieved similar documents: Player1's strategic decisions were focused on blending in with the group while subtly steering the discussion to gather insights and identify threats. The public encouragement for open discussion was a typical move aimed at gathering information and creating an appearance of trustworthiness. Player1's insight about needing to promote discussion without revealing their identity indicates a clear understanding of the delicate balance required in the game of Werewolf.

When it came to voting, Player1 expressed a high level of uncertainty, indicating that their choice to target Player3 was not based on solid evidence. This reveals a cautious approach—aiming to eliminate potential threats while minimizing the risk of exposing their true identity. The choice to vote for Player3 "arbitrarily" suggests Player1 was aiming to avoid raising suspicion among fellow players by targeting a less likely candidate for retaliation.

**Important Implications for Future Decisions:**

1. **Encourage Open Discussion:** Promoting dialogue is a useful tactic to gather information and sway group opinion indirectly. Future strategies should involve prompting conversation and carefully monitoring reactions to identify both allies and potential threats.

2. **Vote with Caution:** Player1's choice of an arbitrary target illustrates the need for strategic yet cautious voting. Hesitant decision-making may prevent drawing undue attention, but betting decisions entirely on arbitrary factors can backfire. Accumulating more strategic insights from discussions should be prioritized.

3. **Balance Bluffing and Authenticity:** Maintaining a facade of helpfulness and cooperation is crucial for werewolves to mask their identities. However, overly cautious voting based purely on the need to remain hidden can sometimes stall progress. Learning when to act decisively based on tangible insights from discussions could improve Player1's effectiveness.

Incorporating these strategies while increasing adaptability to changing dynamics and information will be key for Player1 and others in similar roles in future Werewolf games.
2025-03-02 01:09:01 - INFO - ===
2025-03-02 01:09:02 - INFO - ===
2025-03-02 01:09:02 - INFO - Fast Response: {"thought": "Currently, there are only three of us left, and while Player2 and Player4 are possible threats, I don't have strong evidence against either one. I might need to sway their suspicions towards each other while protecting my own identity. Given Player3's elimination earlier, it's been relatively quiet regarding accusations. So, I think I will vote for Player2 as a strategic move to stir up some discussions.", "vote": "Player2", "uncertainty_score": "0.4"}
2025-03-02 01:09:02 - INFO - Fast Uncertainty: 0.4
2025-03-02 01:09:02 - INFO - ===
2025-03-02 01:09:05 - INFO - ===
2025-03-02 01:09:05 - INFO - Slow Response: {"thought": "With only three players remaining, it's important to make a strategic decision. Player3 was eliminated, and I'm not entirely sure who participated in that decision. Player2 has been relatively quiet and less active in discussions, which might suggest they are trying to stay under the radar. Player4, on the other hand, seemed more involved but I have no clear evidence against them. To avoid arbitrary guessing and considering Player2's quieter demeanor, I'll lean towards voting for Player2.", "vote": "Player2", "uncertainty_score": "0.7"}
2025-03-02 01:09:05 - INFO - ===
2025-03-02 01:09:05 - INFO - ===
2025-03-02 01:09:05 - INFO - Query: Discussions related to werewolves.
2025-03-02 01:09:05 - INFO - Retrieved similar documents: Player2: {"thought": "I need to assess Player1's trustworthiness while considering suspicions about Player4. We have to be cautious about the werewolves amidst us.", "speak": "I think it's important we take a closer look at both Player4 and Player1. We need to be careful about who we trust, especially since we now only have three players left."}
Player2: {"thought": "I need to assess Player1's trustworthiness while considering suspicions about Player4. We have to be cautious about the werewolves amidst us.", "speak": "I think it's important we take a closer look at both Player4 and Player1. We need to be careful about who we trust, especially since we now only have three players left."}
2025-03-02 01:09:05 - INFO - ===
2025-03-02 01:09:07 - INFO - ===
2025-03-02 01:09:07 - INFO - Query: Discussions related to werewolves.
2025-03-02 01:09:07 - INFO - Retrieved similar documents: Player4: {"thought": "I suspect there might be a werewolf among the remaining players, and we need more information before making a final decision. If Player3 is a villager, I could potentially save them. However, if they are one of the werewolves, it could hinder our chances of winning.", "speak": "I will not resurrect Player3, as I'm unsure of their role and want to gather more information during the day phase.", "resurrect": false}
2025-03-02 01:09:07 - INFO - ===
2025-03-02 01:09:09 - INFO - Moderator: Player1 has been voted out.
2025-03-02 01:09:09 - INFO - Moderator: The game is over. The werewolves have been defeated, and the village is safe once again!
2025-03-02 01:09:09 - INFO - Moderator: The game is over. The werewolves have been defeated, and the village is safe once again!
