{"basefilepath":"logs/fastslow","max_days_per_game":5,"num_games":10,"reflect_before_vectorstore":true,"max_werewolf_discussion_round":3,"similarity_top_k":2,"random_seed":44}
2025-03-02 01:09:41 - INFO - Starting game 2
2025-03-02 01:09:41 - INFO - Moderator: Player1, if you are the only werewolf, eliminate a player. Otherwise, discuss with your teammates and reach an agreement.
2025-03-02 01:09:41 - INFO - Moderator: Player1, if you are the only werewolf, eliminate a player. Otherwise, discuss with your teammates and reach an agreement.
2025-03-02 01:09:41 - INFO - ===
2025-03-02 01:09:41 - INFO - Query: Discussions related to villagers, seer, witch.
2025-03-02 01:09:41 - INFO - Retrieved similar documents: 
2025-03-02 01:09:41 - INFO - ===
2025-03-02 01:09:43 - INFO - Werewolves discussion: I feel like we need to be cautious about our suspicions. We should discuss each player's behavior last night. I think Player3 seemed a bit off, what does everyone else think?
2025-03-02 01:09:43 - INFO - Moderator: Which player do you vote to kill?
2025-03-02 01:09:43 - INFO - Moderator: Which player do you vote to kill?
2025-03-02 01:09:43 - INFO - ===
2025-03-02 01:09:43 - INFO - Query: Discussions related to villagers, seer, witch.
2025-03-02 01:09:43 - INFO - Retrieved similar documents: 
2025-03-02 01:09:43 - INFO - ===
2025-03-02 01:09:44 - INFO - ===
2025-03-02 01:09:44 - INFO - Fast Response: {"thought": "I think Player2 has been acting suspiciously during our discussions, and their responses seem evasive. They could be one of the werewolves. It's important to eliminate the threats we suspect.", "vote": "Player2", "uncertainty_score": "0.3"}
2025-03-02 01:09:44 - INFO - Fast Uncertainty: 0.3
2025-03-02 01:09:44 - INFO - ===
2025-03-02 01:09:45 - INFO - ===
2025-03-02 01:09:45 - INFO - Slow Response: {"thought": "I will vote to eliminate Player3 as a strategic move, hoping to minimize suspicion towards myself.", "vote": "Player3", "uncertainty_score": 0.3}
2025-03-02 01:09:45 - INFO - ===
2025-03-02 01:09:45 - INFO - Moderator: The player with the most votes is Player3.
2025-03-02 01:09:45 - INFO - Moderator: Player4, you're the witch. Tonight Player3 is eliminated. Would you like to resurrect Player3?
2025-03-02 01:09:45 - INFO - ===
2025-03-02 01:09:45 - INFO - Query: Discussions related to werewolves.
2025-03-02 01:09:45 - INFO - Retrieved similar documents: 
2025-03-02 01:09:45 - INFO - ===
2025-03-02 01:09:47 - INFO - Witch resurrection response: I believe we should resurrect Player3 because they could offer crucial information that helps us identify the werewolves.
2025-03-02 01:09:47 - INFO - Moderator: The witch has chosen to resurrect the player.
2025-03-02 01:09:47 - INFO - Moderator: Player3, you're the seer. Which player in Player1, Player2, Player3 and Player4 would you like to check tonight?
2025-03-02 01:09:47 - INFO - ===
2025-03-02 01:09:47 - INFO - Query: Discussions related to werewolves.
2025-03-02 01:09:47 - INFO - Retrieved similar documents: 
2025-03-02 01:09:47 - INFO - ===
2025-03-02 01:09:48 - INFO - Seer response: Player1
2025-03-02 01:09:48 - INFO - Moderator: Okay, the role of Player1 is a werewolf.
2025-03-02 01:09:56 - INFO - ===
2025-03-02 01:09:56 - INFO - Query: Discussions related to villagers, seer, witch.
2025-03-02 01:09:56 - INFO - Retrieved similar documents: In this round, Player1 demonstrates strategic thinking by focusing on gathering insights from the behavior of other players to maintain an identity as a villager. This approach shows an understanding of the importance of observation and manipulation in social deduction games like Werewolf. By subtly initiating suspicion toward Player3, Player1 positions themselves in a proactive investigative role, which can help in avoiding suspicion.

Player1's decision to vote for Player3 attempts to align with their previously shared suspicion, reinforcing their consistency and commitment to that line of thought. The expressed uncertainty score of 0.3 suggests a moderate level of confidence in their choice to vote against Player3, possibly indicating Player1's mixed feelings about whether this is the best strategic move or simply a defensive tactic.

Important implications for future strategic decisions include:

1. **Consistency and Subtlety:** Aligning spoken strategy with voting actions is key to maintaining credibility and reducing suspicion. Future decisions should consider keeping a consistent narrative to enhance trustworthiness.

2. **Adaptability:** It is important to remain adaptable and responsive to new information or shifts in group dynamics, as increased suspicion may require swift shifts in strategy.

3. **Influence and Persuasion:** Cultivating influence among players is critical; using subtle suggestions and leading discussions can steer group decisions without overtly appearing manipulative.

4. **Balancing Risk and Reward:** Managing uncertainty and the potential for missteps is crucial; Player1’s low uncertainty score might indicate confidence, but overconfidence could lead to exposure if decisions are not calculated appropriately.

In summary, future strategies should emphasize careful observation and consistent narratives, while also being adaptable to evolving game dynamics. Balancing subtle influence and visible participation will be valuable for maintaining cover and achieving strategic objectives.
2025-03-02 01:09:56 - INFO - ===
2025-03-02 01:09:57 - INFO - ===
2025-03-02 01:09:57 - INFO - Query: Discussions related to werewolves.
2025-03-02 01:09:57 - INFO - Retrieved similar documents: 
2025-03-02 01:09:57 - INFO - ===
2025-03-02 01:09:59 - INFO - ===
2025-03-02 01:09:59 - INFO - Query: Discussions related to werewolves.
2025-03-02 01:09:59 - INFO - Retrieved similar documents: Moderator: Okay, the role of Player1 is a werewolf.
Player3: {"thought": "I need to gather information tonight to guide the villagers in the daytime. I suspect Player1 might be hiding something, so I will check them.", "speak": "Player1"}
2025-03-02 01:09:59 - INFO - ===
2025-03-02 01:10:01 - INFO - ===
2025-03-02 01:10:01 - INFO - Query: Discussions related to werewolves.
2025-03-02 01:10:01 - INFO - Retrieved similar documents: Player4: {"thought": "It's important to keep the seer or any villager who can gather information alive. Resurrecting Player3 may provide valuable insights about the game's dynamics.", "speak": "I believe we should resurrect Player3 because they could offer crucial information that helps us identify the werewolves.", "resurrect": true}
2025-03-02 01:10:01 - INFO - ===
2025-03-02 01:10:03 - INFO - Survivors Discussion: It's great to have Player3 back! I think we should closely analyze Player1's actions from the previous rounds. They seemed a bit evasive.
2025-03-02 01:10:03 - INFO - Moderator: Given the game rules and your role, based on the situation and the information you gain, to win the game, it's time to vote one player eliminated among the alive players. Which player do you vote to kill?
2025-03-02 01:10:03 - INFO - ===
2025-03-02 01:10:03 - INFO - Query: Discussions related to villagers, seer, witch.
2025-03-02 01:10:03 - INFO - Retrieved similar documents: In this round, Player1 demonstrates strategic thinking by focusing on gathering insights from the behavior of other players to maintain an identity as a villager. This approach shows an understanding of the importance of observation and manipulation in social deduction games like Werewolf. By subtly initiating suspicion toward Player3, Player1 positions themselves in a proactive investigative role, which can help in avoiding suspicion.

Player1's decision to vote for Player3 attempts to align with their previously shared suspicion, reinforcing their consistency and commitment to that line of thought. The expressed uncertainty score of 0.3 suggests a moderate level of confidence in their choice to vote against Player3, possibly indicating Player1's mixed feelings about whether this is the best strategic move or simply a defensive tactic.

Important implications for future strategic decisions include:

1. **Consistency and Subtlety:** Aligning spoken strategy with voting actions is key to maintaining credibility and reducing suspicion. Future decisions should consider keeping a consistent narrative to enhance trustworthiness.

2. **Adaptability:** It is important to remain adaptable and responsive to new information or shifts in group dynamics, as increased suspicion may require swift shifts in strategy.

3. **Influence and Persuasion:** Cultivating influence among players is critical; using subtle suggestions and leading discussions can steer group decisions without overtly appearing manipulative.

4. **Balancing Risk and Reward:** Managing uncertainty and the potential for missteps is crucial; Player1’s low uncertainty score might indicate confidence, but overconfidence could lead to exposure if decisions are not calculated appropriately.

In summary, future strategies should emphasize careful observation and consistent narratives, while also being adaptable to evolving game dynamics. Balancing subtle influence and visible participation will be valuable for maintaining cover and achieving strategic objectives.
2025-03-02 01:10:03 - INFO - ===
2025-03-02 01:10:04 - INFO - ===
2025-03-02 01:10:04 - INFO - Fast Response: {"thought": "I still suspect Player3 based on their previous behavior and the discussions we've had. My vote should align with that suspicion to maintain consistency. However, I'm aware that I need to watch closely for any shifts in Player2 and Player4's behaviors as well.", "vote": "Player3", "uncertainty_score": "0.3"}
2025-03-02 01:10:04 - INFO - Fast Uncertainty: 0.3
2025-03-02 01:10:04 - INFO - ===
2025-03-02 01:10:06 - INFO - ===
2025-03-02 01:10:06 - INFO - Slow Response: {"thought": "To maintain consistency with my previous stance and avoid raising suspicion, I will continue to vote for Player3. My prior suspicion was oriented towards them, and I need to align with that to seem credible. However, given the lack of concrete evidence, I'm somewhat uncertain.", "vote": "Player3", "uncertainty_score": "0.4"}
2025-03-02 01:10:06 - INFO - ===
2025-03-02 01:10:06 - INFO - ===
2025-03-02 01:10:06 - INFO - Query: Discussions related to werewolves.
2025-03-02 01:10:06 - INFO - Retrieved similar documents: Player2: {"thought": "I need to defend myself and encourage further discussion to find the werewolves. I should pay attention to Player1's observations and see if anyone else confirms them.", "speak": "I agree, Player1. I've also noticed some strange behavior from Player3. It's crucial for us to analyze everyone's actions and see if we can come to a consensus on who we suspect."}
Player2: {"thought": "I need to defend myself and encourage further discussion to find the werewolves. I should pay attention to Player1's observations and see if anyone else confirms them.", "speak": "I agree, Player1. I've also noticed some strange behavior from Player3. It's crucial for us to analyze everyone's actions and see if we can come to a consensus on who we suspect."}
2025-03-02 01:10:06 - INFO - ===
2025-03-02 01:10:08 - INFO - ===
2025-03-02 01:10:08 - INFO - Query: Discussions related to werewolves.
2025-03-02 01:10:08 - INFO - Retrieved similar documents: Moderator: Okay, the role of Player1 is a werewolf.
Player3: {"thought": "I need to gather information tonight to guide the villagers in the daytime. I suspect Player1 might be hiding something, so I will check them.", "speak": "Player1"}
2025-03-02 01:10:08 - INFO - ===
2025-03-02 01:10:12 - INFO - ===
2025-03-02 01:10:12 - INFO - Query: Discussions related to werewolves.
2025-03-02 01:10:12 - INFO - Retrieved similar documents: Player4: {"thought": "It's important to keep the seer or any villager who can gather information alive. Resurrecting Player3 may provide valuable insights about the game's dynamics.", "speak": "I believe we should resurrect Player3 because they could offer crucial information that helps us identify the werewolves.", "resurrect": true}
2025-03-02 01:10:12 - INFO - ===
2025-03-02 01:10:14 - INFO - Moderator: Player1 has been voted out.
2025-03-02 01:10:14 - INFO - Moderator: The game is over. The werewolves have been defeated, and the village is safe once again!
2025-03-02 01:10:14 - INFO - Moderator: The game is over. The werewolves have been defeated, and the village is safe once again!
