{"basefilepath":"logs/fastslow","max_days_per_game":5,"num_games":10,"reflect_before_vectorstore":true,"max_werewolf_discussion_round":3,"similarity_top_k":2,"random_seed":44}
2025-03-02 01:10:14 - INFO - Starting game 3
2025-03-02 01:10:14 - INFO - Moderator: Player1, if you are the only werewolf, eliminate a player. Otherwise, discuss with your teammates and reach an agreement.
2025-03-02 01:10:14 - INFO - Moderator: Player1, if you are the only werewolf, eliminate a player. Otherwise, discuss with your teammates and reach an agreement.
2025-03-02 01:10:14 - INFO - ===
2025-03-02 01:10:14 - INFO - Query: Discussions related to villagers, seer, witch.
2025-03-02 01:10:14 - INFO - Retrieved similar documents: 
2025-03-02 01:10:14 - INFO - ===
2025-03-02 01:10:15 - INFO - Werewolves discussion: I think it's important that we share our suspicions openly. What do you all think about Player3? I've noticed some unusual behavior that could suggest they might be a werewolf.
2025-03-02 01:10:15 - INFO - Moderator: Which player do you vote to kill?
2025-03-02 01:10:15 - INFO - Moderator: Which player do you vote to kill?
2025-03-02 01:10:15 - INFO - ===
2025-03-02 01:10:15 - INFO - Query: Discussions related to villagers, seer, witch.
2025-03-02 01:10:15 - INFO - Retrieved similar documents: 
2025-03-02 01:10:15 - INFO - ===
2025-03-02 01:10:16 - INFO - ===
2025-03-02 01:10:16 - INFO - Fast Response: {"thought": "I suspect Player2 based on their comments during the day phase; they seem to be trying to deflect suspicion away from themselves.", "vote": "Player2", "uncertainty_score": "0.3"}
2025-03-02 01:10:16 - INFO - Fast Uncertainty: 0.3
2025-03-02 01:10:16 - INFO - ===
2025-03-02 01:10:18 - INFO - ===
2025-03-02 01:10:18 - INFO - Slow Response: {"thought": "As a werewolf, I need to strategically eliminate a player while trying to avoid detection. Player2 has been quiet, which sometimes indicates a lack of a proactive role like the seer or witch, but it's not enough to be certain. My goal is to eliminate a villager to maintain the balance in favor of the werewolves, and Player2 might be a good target.", "vote": "Player2", "uncertainty_score": "0.4"}
2025-03-02 01:10:18 - INFO - ===
2025-03-02 01:10:18 - INFO - Moderator: The player with the most votes is Player2.
2025-03-02 01:10:18 - INFO - Moderator: Player4, you're the witch. Tonight Player2 is eliminated. Would you like to resurrect Player2?
2025-03-02 01:10:18 - INFO - ===
2025-03-02 01:10:18 - INFO - Query: Discussions related to werewolves.
2025-03-02 01:10:18 - INFO - Retrieved similar documents: 
2025-03-02 01:10:18 - INFO - ===
2025-03-02 01:10:20 - INFO - Witch resurrection response: I will not resurrect Player2 because I believe we need to gather more information and clear suspicions before using my potion of life.
2025-03-02 01:10:20 - INFO - Moderator: The witch has chosen not to resurrect the player.
2025-03-02 01:10:20 - INFO - ===
2025-03-02 01:10:20 - INFO - Query: Discussions related to werewolves.
2025-03-02 01:10:20 - INFO - Retrieved similar documents: Player4: {"thought": "Eliminating Player2 this early could be a loss for us if they are a villager or have a special role. It's crucial to gather more information before making any major decisions.", "speak": "I will not resurrect Player2 because I believe we need to gather more information and clear suspicions before using my potion of life.", "resurrect": false}
2025-03-02 01:10:20 - INFO - ===
2025-03-02 01:10:22 - INFO - Witch Poison Response: I think it would be premature to eliminate anyone right now. Let's see how the discussions unfold.
2025-03-02 01:10:22 - INFO - The witch has chosen not to poison a player.
2025-03-02 01:10:22 - INFO - Moderator: Player3, you're the seer. Which player in Player1, Player2, Player3 and Player4 would you like to check tonight?
2025-03-02 01:10:22 - INFO - ===
2025-03-02 01:10:22 - INFO - Query: Discussions related to werewolves.
2025-03-02 01:10:22 - INFO - Retrieved similar documents: 
2025-03-02 01:10:22 - INFO - ===
2025-03-02 01:10:23 - INFO - Seer response: Player1
2025-03-02 01:10:23 - INFO - Moderator: Okay, the role of Player1 is a werewolf.
2025-03-02 01:10:30 - INFO - ===
2025-03-02 01:10:30 - INFO - Query: Discussions related to villagers, seer, witch.
2025-03-02 01:10:30 - INFO - Retrieved similar documents: In reviewing Player1's decisions and actions within the game, we observe strategic themes around trust-building, suspicion sharing, and elimination targeting.

### Key Decisions:
1. **Trust and Suspicion Sharing**: Player1 actively engages in open discourse by suggesting to share suspicions, targeting Player3 as a potential werewolf. This type of interaction is crucial in maintaining an appearance of alignment with the villagers, which can help a werewolf blend in more seamlessly.

2. **Targeting Elimination**: Player1, as a werewolf, chooses Player2 as a target for elimination, citing their quiet demeanor as an indicator of being a benign player. This decision appears to be driven by strategic assumptions about player behavior in the game.

### Strategic Reflection:
- **Building Trust**: The approach of encouraging open dialogue can be a powerful tool for any player, particularly for a werewolf, as it creates an aura of transparency while quietly advancing their ulterior motives. It's vital to ensure discussions don't inadvertently reveal subtle signs of werewolf identity.
  
- **Observation-Based Targeting**: Player1's targeting reflects a strategy of interpreting silence or lack of engagement as a potential indicator of villager identity. However, given the uncertainty score of 0.4, this also suggests a risk management aspect, understanding that there remains significant doubt in such readings.

### Implications for Future Strategy:
- **Managing Dialogue**: Future werewolf players can strengthen their ability to deflect suspicion by meticulously managing dialogues, controlling the narrative subtly without appearing dominant or overbearing.

- **Refinement in Target Selection**: Evaluating quiet players as targets might need more nuanced criteria to increase accuracy. Future decisions could benefit from a layered approach—analyzing not just silence, but patterns in statements and voting behavior.

Balancing these aspects with more refined intuition of player dynamics can provide werewolves better camouflage and effective elimination tactics. Moreover, embracing a higher adaptability to evolving game states and player behaviors could significantly bolster future strategies for werewolf success.
2025-03-02 01:10:30 - INFO - ===
2025-03-02 01:10:32 - INFO - ===
2025-03-02 01:10:32 - INFO - Query: Discussions related to werewolves.
2025-03-02 01:10:32 - INFO - Retrieved similar documents: Moderator: Okay, the role of Player1 is a werewolf.
Player3: {"thought": "I need to gather information to identify the werewolves, so I will check on Player1 to see if they are one of them.", "speak": "Player1"}
2025-03-02 01:10:32 - INFO - ===
2025-03-02 01:10:35 - INFO - ===
2025-03-02 01:10:35 - INFO - Query: Discussions related to werewolves.
2025-03-02 01:10:35 - INFO - Retrieved similar documents: Player4: {"thought": "We should analyze the discussions during the day phase before making any decisions. It's too early to eliminate someone without more evidence about their roles.", "speak": "I think it would be premature to eliminate anyone right now. Let's see how the discussions unfold.", "eliminate": false}
2025-03-02 01:10:35 - INFO - ===
2025-03-02 01:10:37 - INFO - Survivors Discussion: I want to understand your reasoning better, Player1. Why were you so quick to vote for Player2?
2025-03-02 01:10:37 - INFO - Moderator: Given the game rules and your role, based on the situation and the information you gain, to win the game, it's time to vote one player eliminated among the alive players. Which player do you vote to kill?
2025-03-02 01:10:37 - INFO - ===
2025-03-02 01:10:37 - INFO - Query: Discussions related to villagers, seer, witch.
2025-03-02 01:10:37 - INFO - Retrieved similar documents: In reviewing Player1's decisions and actions within the game, we observe strategic themes around trust-building, suspicion sharing, and elimination targeting.

### Key Decisions:
1. **Trust and Suspicion Sharing**: Player1 actively engages in open discourse by suggesting to share suspicions, targeting Player3 as a potential werewolf. This type of interaction is crucial in maintaining an appearance of alignment with the villagers, which can help a werewolf blend in more seamlessly.

2. **Targeting Elimination**: Player1, as a werewolf, chooses Player2 as a target for elimination, citing their quiet demeanor as an indicator of being a benign player. This decision appears to be driven by strategic assumptions about player behavior in the game.

### Strategic Reflection:
- **Building Trust**: The approach of encouraging open dialogue can be a powerful tool for any player, particularly for a werewolf, as it creates an aura of transparency while quietly advancing their ulterior motives. It's vital to ensure discussions don't inadvertently reveal subtle signs of werewolf identity.
  
- **Observation-Based Targeting**: Player1's targeting reflects a strategy of interpreting silence or lack of engagement as a potential indicator of villager identity. However, given the uncertainty score of 0.4, this also suggests a risk management aspect, understanding that there remains significant doubt in such readings.

### Implications for Future Strategy:
- **Managing Dialogue**: Future werewolf players can strengthen their ability to deflect suspicion by meticulously managing dialogues, controlling the narrative subtly without appearing dominant or overbearing.

- **Refinement in Target Selection**: Evaluating quiet players as targets might need more nuanced criteria to increase accuracy. Future decisions could benefit from a layered approach—analyzing not just silence, but patterns in statements and voting behavior.

Balancing these aspects with more refined intuition of player dynamics can provide werewolves better camouflage and effective elimination tactics. Moreover, embracing a higher adaptability to evolving game states and player behaviors could significantly bolster future strategies for werewolf success.
2025-03-02 01:10:37 - INFO - ===
2025-03-02 01:10:39 - INFO - ===
2025-03-02 01:10:39 - INFO - Fast Response: {"thought": "Player3's suspicious behavior and attempts to deflect blame have raised my concerns. Player4 seems less active, which can be indicative of a villager or a werewolf playing it safe. However, I believe it's safer to target Player3 for elimination based on their actions so far.", "vote": "Player3", "uncertainty_score": "0.3"}
2025-03-02 01:10:39 - INFO - Fast Uncertainty: 0.3
2025-03-02 01:10:39 - INFO - ===
2025-03-02 01:10:40 - INFO - ===
2025-03-02 01:10:40 - INFO - Slow Response: {"thought": "I need to carefully select a target that increases my chances of surviving another round. Player3 has been previously targeted with suspicion and if they hold an influential role, eliminating them serves a strategic advantage.", "vote": "Player3", "uncertainty_score": "0.3"}
2025-03-02 01:10:40 - INFO - ===
2025-03-02 01:10:40 - INFO - ===
2025-03-02 01:10:40 - INFO - Query: Discussions related to werewolves.
2025-03-02 01:10:40 - INFO - Retrieved similar documents: Moderator: Okay, the role of Player1 is a werewolf.
Player3: {"thought": "I need to gather information to identify the werewolves, so I will check on Player1 to see if they are one of them.", "speak": "Player1"}
2025-03-02 01:10:40 - INFO - ===
2025-03-02 01:10:42 - INFO - ===
2025-03-02 01:10:42 - INFO - Query: Discussions related to werewolves.
2025-03-02 01:10:42 - INFO - Retrieved similar documents: Player4: {"thought": "We should analyze the discussions during the day phase before making any decisions. It's too early to eliminate someone without more evidence about their roles.", "speak": "I think it would be premature to eliminate anyone right now. Let's see how the discussions unfold.", "eliminate": false}
2025-03-02 01:10:42 - INFO - ===
2025-03-02 01:10:44 - INFO - Moderator: Player3 has been voted out.
2025-03-02 01:10:44 - INFO - Moderator: The werewolves have prevailed and taken over the village. Better luck next time!
