{"basefilepath":"logs/fastslow","max_days_per_game":5,"num_games":10,"reflect_before_vectorstore":true,"max_werewolf_discussion_round":3,"similarity_top_k":2,"random_seed":44}
2025-03-02 01:12:46 - INFO - Starting game 7
2025-03-02 01:12:46 - INFO - Moderator: Player1, if you are the only werewolf, eliminate a player. Otherwise, discuss with your teammates and reach an agreement.
2025-03-02 01:12:46 - INFO - Moderator: Player1, if you are the only werewolf, eliminate a player. Otherwise, discuss with your teammates and reach an agreement.
2025-03-02 01:12:46 - INFO - ===
2025-03-02 01:12:46 - INFO - Query: Discussions related to villagers, seer, witch.
2025-03-02 01:12:46 - INFO - Retrieved similar documents: 
2025-03-02 01:12:46 - INFO - ===
2025-03-02 01:12:48 - INFO - Werewolves discussion: I think we should discuss who we believe might be acting suspiciously. Player2 has been quite quiet, and it would be wise to keep an eye on them. What does everyone else think?
2025-03-02 01:12:48 - INFO - Moderator: Which player do you vote to kill?
2025-03-02 01:12:48 - INFO - Moderator: Which player do you vote to kill?
2025-03-02 01:12:48 - INFO - ===
2025-03-02 01:12:48 - INFO - Query: Discussions related to villagers, seer, witch.
2025-03-02 01:12:48 - INFO - Retrieved similar documents: 
2025-03-02 01:12:48 - INFO - ===
2025-03-02 01:12:48 - INFO - ===
2025-03-02 01:12:48 - INFO - Fast Response: {"thought": "I'm not sure who to trust yet, but Player2 has been acting suspiciously by not contributing much to the discussion.", "vote": "Player2", "uncertainty_score": 0.4}
2025-03-02 01:12:49 - INFO - Fast Uncertainty: 0.4
2025-03-02 01:12:49 - INFO - ===
2025-03-02 01:12:50 - INFO - ===
2025-03-02 01:12:50 - INFO - Slow Response: {"thought": "Since I am a werewolf, I need to coordinate with my fellow werewolf to eliminate a player. We have no information about any special roles currently, so choosing randomly might be the best approach for now. I will vote for Player2 this time to see how others react.", "vote": "Player2", "uncertainty_score": 0.7}
2025-03-02 01:12:50 - INFO - ===
2025-03-02 01:12:50 - INFO - Moderator: The player with the most votes is Player2.
2025-03-02 01:12:50 - INFO - Moderator: Player4, you're the witch. Tonight Player2 is eliminated. Would you like to resurrect Player2?
2025-03-02 01:12:50 - INFO - ===
2025-03-02 01:12:50 - INFO - Query: Discussions related to werewolves.
2025-03-02 01:12:50 - INFO - Retrieved similar documents: 
2025-03-02 01:12:50 - INFO - ===
2025-03-02 01:12:53 - INFO - Witch resurrection response: I will resurrect Player2 because they might provide valuable insight into the game's current dynamics if they are still alive, and I want to ensure that we have as many players as possible to discuss and figure out who the werewolves are.
2025-03-02 01:12:53 - INFO - Moderator: The witch has chosen to resurrect the player.
2025-03-02 01:12:53 - INFO - Moderator: Player3, you're the seer. Which player in Player1, Player2, Player3 and Player4 would you like to check tonight?
2025-03-02 01:12:53 - INFO - ===
2025-03-02 01:12:53 - INFO - Query: Discussions related to werewolves.
2025-03-02 01:12:53 - INFO - Retrieved similar documents: 
2025-03-02 01:12:53 - INFO - ===
2025-03-02 01:12:54 - INFO - Seer response: Player1
2025-03-02 01:12:54 - INFO - Moderator: Okay, the role of Player1 is a werewolf.
2025-03-02 01:13:01 - INFO - ===
2025-03-02 01:13:01 - INFO - Query: Discussions related to villagers, seer, witch.
2025-03-02 01:13:01 - INFO - Retrieved similar documents: From these decisions made by Player1, several strategic implications can be drawn for future games of Werewolf:

1. **Subtlety and Redirection**: Player1 aims to divert suspicion away from themselves and their partner by calling out another player, Player2, for being quiet. This is a classic maneuver in social deduction games where any lull in participation can be misconstrued as suspicious. It's crucial for werewolves to master the art of subtlety and redirection, ensuring that suspicion consistently lands on others rather than themselves.

2. **Observation and Alliance Monitoring**: Player1 is intent on monitoring the dynamics between players—who is forming alliances and making accusations. This awareness is integral for any strategic player, as understanding the web of relationships can provide critical insights into who might be villagers, special roles, or even threats to the werewolf team.

3. **Coordinated Eliminations**: The importance of coordination between werewolves is underscored here. Player1 recognizes the necessity of collaborating with their fellow werewolf to make effective elimination choices, even when information about special roles is limited.

4. **Managing Uncertainty**: With an uncertainty score of 0.7, Player1 acknowledges the inherent uncertainty in their decisions, particularly because they have no clear information about special roles. This highlights the careful balance between decisive action and adaptive strategy, crucial for long-term survival and victory.

For future strategic decisions, maintaining the balance of deception and alliance management is key. Werewolves should continue to work on blending in seamlessly, leveraging misdirection tactics while coordinating discreetly for eliminations. Moreover, enhancing skills in reading player intentions and alliance formations can significantly amplify strategic advantage.
2025-03-02 01:13:01 - INFO - ===
2025-03-02 01:13:03 - INFO - ===
2025-03-02 01:13:03 - INFO - Query: Discussions related to werewolves.
2025-03-02 01:13:03 - INFO - Retrieved similar documents: 
2025-03-02 01:13:03 - INFO - ===
2025-03-02 01:13:05 - INFO - ===
2025-03-02 01:13:05 - INFO - Query: Discussions related to werewolves.
2025-03-02 01:13:05 - INFO - Retrieved similar documents: Moderator: Okay, the role of Player1 is a werewolf.
Player3: {"thought": "I need to gather more information to identify the werewolves. I suspect one of the other players might be a werewolf, so I will check Player1 tonight.", "speak": "Player1"}
2025-03-02 01:13:05 - INFO - ===
2025-03-02 01:13:07 - INFO - ===
2025-03-02 01:13:07 - INFO - Query: Discussions related to werewolves.
2025-03-02 01:13:07 - INFO - Retrieved similar documents: Player4: {"thought": "It seems that Player2 has been targeted for elimination, which might suggest they pose a threat to the werewolves. However, as the witch, I have the power to save them. Saving Player2 could help gather more information or clarify their role in the upcoming discussions.", "speak": "I will resurrect Player2 because they might provide valuable insight into the game's current dynamics if they are still alive, and I want to ensure that we have as many players as possible to discuss and figure out who the werewolves are.", "resurrect": true}
2025-03-02 01:13:07 - INFO - ===
2025-03-02 01:13:09 - INFO - Survivors Discussion: It's great to see Player2 back in the game! I think we need to analyze everyone's actions and statements carefully. Let's discuss who we feel might be suspicious.
2025-03-02 01:13:09 - INFO - Moderator: Given the game rules and your role, based on the situation and the information you gain, to win the game, it's time to vote one player eliminated among the alive players. Which player do you vote to kill?
2025-03-02 01:13:09 - INFO - ===
2025-03-02 01:13:09 - INFO - Query: Discussions related to villagers, seer, witch.
2025-03-02 01:13:09 - INFO - Retrieved similar documents: From these decisions made by Player1, several strategic implications can be drawn for future games of Werewolf:

1. **Subtlety and Redirection**: Player1 aims to divert suspicion away from themselves and their partner by calling out another player, Player2, for being quiet. This is a classic maneuver in social deduction games where any lull in participation can be misconstrued as suspicious. It's crucial for werewolves to master the art of subtlety and redirection, ensuring that suspicion consistently lands on others rather than themselves.

2. **Observation and Alliance Monitoring**: Player1 is intent on monitoring the dynamics between players—who is forming alliances and making accusations. This awareness is integral for any strategic player, as understanding the web of relationships can provide critical insights into who might be villagers, special roles, or even threats to the werewolf team.

3. **Coordinated Eliminations**: The importance of coordination between werewolves is underscored here. Player1 recognizes the necessity of collaborating with their fellow werewolf to make effective elimination choices, even when information about special roles is limited.

4. **Managing Uncertainty**: With an uncertainty score of 0.7, Player1 acknowledges the inherent uncertainty in their decisions, particularly because they have no clear information about special roles. This highlights the careful balance between decisive action and adaptive strategy, crucial for long-term survival and victory.

For future strategic decisions, maintaining the balance of deception and alliance management is key. Werewolves should continue to work on blending in seamlessly, leveraging misdirection tactics while coordinating discreetly for eliminations. Moreover, enhancing skills in reading player intentions and alliance formations can significantly amplify strategic advantage.
2025-03-02 01:13:09 - INFO - ===
2025-03-02 01:13:10 - INFO - ===
2025-03-02 01:13:10 - INFO - Fast Response: {"thought": "I suspect Player2 as they have been quieter than usual, which might indicate they're hiding something. I believe redirecting attention toward them could benefit us.", "vote": "Player2", "uncertainty_score": "0.3"}
2025-03-02 01:13:10 - INFO - Fast Uncertainty: 0.3
2025-03-02 01:13:10 - INFO - ===
2025-03-02 01:13:11 - INFO - ===
2025-03-02 01:13:11 - INFO - Slow Response: {"thought": "I need to divert attention from myself and my partner while considering who might be more suspicious or have special roles that could threaten us. Player2 has been particularly quiet, which could indicate a special role or just an attempt to avoid drawing attention as a werewolf.", "vote": "Player2", "uncertainty_score": 0.6}
2025-03-02 01:13:11 - INFO - ===
2025-03-02 01:13:12 - INFO - ===
2025-03-02 01:13:12 - INFO - Query: Discussions related to werewolves.
2025-03-02 01:13:12 - INFO - Retrieved similar documents: Player2: {"thought": "Player1 is throwing suspicion on me, which might be a strategy to deflect attention from themselves or to align with another player. I need to respond carefully to avoid drawing further suspicion while trying to gather more information about the others.", "speak": "I understand your concerns, Player1. It's true that I haven't been very vocal yet, but I have been observing the discussions. Perhaps we should discuss the actions of Player3 and Player4 as well, to see if we can identify any inconsistencies in their statements."}
Player2: {"thought": "Player1 is throwing suspicion on me, which might be a strategy to deflect attention from themselves or to align with another player. I need to respond carefully to avoid drawing further suspicion while trying to gather more information about the others.", "speak": "I understand your concerns, Player1. It's true that I haven't been very vocal yet, but I have been observing the discussions. Perhaps we should discuss the actions of Player3 and Player4 as well, to see if we can identify any inconsistencies in their statements."}
2025-03-02 01:13:12 - INFO - ===
2025-03-02 01:13:14 - INFO - ===
2025-03-02 01:13:14 - INFO - Query: Discussions related to werewolves.
2025-03-02 01:13:14 - INFO - Retrieved similar documents: Moderator: Okay, the role of Player1 is a werewolf.
Player3: {"thought": "I need to gather more information to identify the werewolves. I suspect one of the other players might be a werewolf, so I will check Player1 tonight.", "speak": "Player1"}
2025-03-02 01:13:14 - INFO - ===
2025-03-02 01:13:15 - INFO - ===
2025-03-02 01:13:15 - INFO - Query: Discussions related to werewolves.
2025-03-02 01:13:15 - INFO - Retrieved similar documents: Player4: {"thought": "I need to play this strategically. Since I saved Player2, I have to gauge how the others react to their return. I must remain cautious about revealing my role as the witch, but I want to keep the discussions going to understand who might be the werewolves.", "speak": "It's great to see Player2 back in the game! I think we need to analyze everyone's actions and statements carefully. Let's discuss who we feel might be suspicious."}
2025-03-02 01:13:15 - INFO - ===
2025-03-02 01:13:23 - INFO - Moderator: Player1 has been voted out.
2025-03-02 01:13:23 - INFO - Moderator: The game is over. The werewolves have been defeated, and the village is safe once again!
2025-03-02 01:13:23 - INFO - Moderator: The game is over. The werewolves have been defeated, and the village is safe once again!
