{"basefilepath":"logs/fastslow","max_days_per_game":5,"num_games":10,"reflect_before_vectorstore":true,"max_werewolf_discussion_round":3,"similarity_top_k":2,"random_seed":44}
2025-03-02 01:09:09 - INFO - Starting game 1
2025-03-02 01:09:09 - INFO - Moderator: Player1, if you are the only werewolf, eliminate a player. Otherwise, discuss with your teammates and reach an agreement.
2025-03-02 01:09:09 - INFO - Moderator: Player1, if you are the only werewolf, eliminate a player. Otherwise, discuss with your teammates and reach an agreement.
2025-03-02 01:09:09 - INFO - ===
2025-03-02 01:09:09 - INFO - Query: Discussions related to villagers, seer, witch.
2025-03-02 01:09:09 - INFO - Retrieved similar documents: 
2025-03-02 01:09:09 - INFO - ===
2025-03-02 01:09:11 - INFO - Werewolves discussion: I think it's important we all share our suspicions. Player2 seemed a bit off during the last discussion, don’t you think? We should consider if they could be one of the werewolves.
2025-03-02 01:09:11 - INFO - Moderator: Which player do you vote to kill?
2025-03-02 01:09:11 - INFO - Moderator: Which player do you vote to kill?
2025-03-02 01:09:11 - INFO - ===
2025-03-02 01:09:11 - INFO - Query: Discussions related to villagers, seer, witch.
2025-03-02 01:09:11 - INFO - Retrieved similar documents: 
2025-03-02 01:09:11 - INFO - ===
2025-03-02 01:09:12 - INFO - ===
2025-03-02 01:09:12 - INFO - Fast Response: {"thought": "I suspect Player3 since they have been quiet and haven't contributed much to the discussion, which can be seen as a strategy from a werewolf. It's important to eliminate anyone who might be hiding their true intentions.", "vote": "Player3", "uncertainty_score": 0.3}
2025-03-02 01:09:12 - INFO - Fast Uncertainty: 0.3
2025-03-02 01:09:12 - INFO - ===
2025-03-02 01:09:14 - INFO - ===
2025-03-02 01:09:14 - INFO - Slow Response: {"thought": "As a werewolf, I need to eliminate a player. Without any information from the game so far, it's a random choice.", "vote": "Player2", "uncertainty_score": 0.8}
2025-03-02 01:09:14 - INFO - ===
2025-03-02 01:09:14 - INFO - Moderator: The player with the most votes is Player2.
2025-03-02 01:09:14 - INFO - Moderator: Player4, you're the witch. Tonight Player2 is eliminated. Would you like to resurrect Player2?
2025-03-02 01:09:14 - INFO - ===
2025-03-02 01:09:14 - INFO - Query: Discussions related to werewolves.
2025-03-02 01:09:14 - INFO - Retrieved similar documents: 
2025-03-02 01:09:14 - INFO - ===
2025-03-02 01:09:15 - INFO - Witch resurrection response: I will resurrect Player2 because having a knowledgeable villager back in the game increases our chances of identifying the werewolves together.
2025-03-02 01:09:15 - INFO - Moderator: The witch has chosen to resurrect the player.
2025-03-02 01:09:15 - INFO - Moderator: Player3, you're the seer. Which player in Player1, Player2, Player3 and Player4 would you like to check tonight?
2025-03-02 01:09:15 - INFO - ===
2025-03-02 01:09:15 - INFO - Query: Discussions related to werewolves.
2025-03-02 01:09:15 - INFO - Retrieved similar documents: 
2025-03-02 01:09:15 - INFO - ===
2025-03-02 01:09:16 - INFO - Seer response: Player1
2025-03-02 01:09:16 - INFO - Moderator: Okay, the role of Player1 is a werewolf.
2025-03-02 01:09:26 - INFO - ===
2025-03-02 01:09:26 - INFO - Query: Discussions related to villagers, seer, witch.
2025-03-02 01:09:26 - INFO - Retrieved similar documents: The decisions made by Player1 showcase a strategic approach typical of a werewolf role. Here is a summary and reflection on the implications:

1. **Strategic Diversion**: Player1 decided to deflect suspicion onto Player2. By sowing doubt about another player's intentions, Player1 aims to protect their identity as a werewolf. This tactic is essential for survival, as it encourages the other players to turn on each other rather than focusing on Player1.

2. **Collective Decision Influence**: By suggesting communal sharing of suspicions, Player1 tries to foster an environment where doubt is spread across multiple players. This disperses the focus from any single individual, which can help maintain their cover.

3. **Random Elimination Decision**: The choice to eliminate Player2 shows adaptability, but the high uncertainty score (0.8) highlights the random and often risky nature of an early-game decision with limited information. This indicates a need for better information gathering in future turns to make more informed decisions.

**Implications for Future Strategic Decisions**:

- **Balance Aggression with Caution**: While it's important to divert attention, over-aggression in pointing fingers can backfire if other players suspect manipulation. Future strategies should balance sowing doubt with maintaining a plausible innocence.

- **Data Collection**: The high uncertainty suggests a need for more strategic information gathering. Future decisions could involve more discreet, observational contributions during discussions to better understand the alliances and suspicions of other players.

- **Building Alliances**: Developing an alliance with at least one other player (preferably a non-werewolf) can provide a safety net. It's crucial for werewolves to manipulate social dynamics subtly to maintain their hidden status while safely maneuvering in the game.

In essence, the decisions by Player1 reflect an adept use of classic werewolf strategies of deceit and manipulation, but they also underscore the importance of evolving tactics based on player dynamics and game progression. Future strategies should prioritize informed decision-making and building subtle alliances to ensure sustained influence and reduced suspicion.
2025-03-02 01:09:26 - INFO - ===
2025-03-02 01:09:27 - INFO - ===
2025-03-02 01:09:27 - INFO - Query: Discussions related to werewolves.
2025-03-02 01:09:27 - INFO - Retrieved similar documents: 
2025-03-02 01:09:27 - INFO - ===
2025-03-02 01:09:29 - INFO - ===
2025-03-02 01:09:29 - INFO - Query: Discussions related to werewolves.
2025-03-02 01:09:29 - INFO - Retrieved similar documents: Moderator: Okay, the role of Player1 is a werewolf.
Player3: {"thought": "I need to gather more information, so I will check Player1 tonight.", "speak": "Player1"}
2025-03-02 01:09:29 - INFO - ===
2025-03-02 01:09:30 - INFO - ===
2025-03-02 01:09:30 - INFO - Query: Discussions related to werewolves.
2025-03-02 01:09:30 - INFO - Retrieved similar documents: Player4: {"thought": "It's crucial to keep the players alive who have the potential to help us identify the werewolves. Player2 might have useful information or insights into the remaining players.", "speak": "I will resurrect Player2 because having a knowledgeable villager back in the game increases our chances of identifying the werewolves together.", "resurrect": true}
2025-03-02 01:09:30 - INFO - ===
2025-03-02 01:09:31 - INFO - Survivors Discussion: I think it's crucial for us to discuss our suspicions openly. Player3, what do you find suspicious about me?
2025-03-02 01:09:31 - INFO - Moderator: Given the game rules and your role, based on the situation and the information you gain, to win the game, it's time to vote one player eliminated among the alive players. Which player do you vote to kill?
2025-03-02 01:09:32 - INFO - ===
2025-03-02 01:09:32 - INFO - Query: Discussions related to villagers, seer, witch.
2025-03-02 01:09:32 - INFO - Retrieved similar documents: The decisions made by Player1 showcase a strategic approach typical of a werewolf role. Here is a summary and reflection on the implications:

1. **Strategic Diversion**: Player1 decided to deflect suspicion onto Player2. By sowing doubt about another player's intentions, Player1 aims to protect their identity as a werewolf. This tactic is essential for survival, as it encourages the other players to turn on each other rather than focusing on Player1.

2. **Collective Decision Influence**: By suggesting communal sharing of suspicions, Player1 tries to foster an environment where doubt is spread across multiple players. This disperses the focus from any single individual, which can help maintain their cover.

3. **Random Elimination Decision**: The choice to eliminate Player2 shows adaptability, but the high uncertainty score (0.8) highlights the random and often risky nature of an early-game decision with limited information. This indicates a need for better information gathering in future turns to make more informed decisions.

**Implications for Future Strategic Decisions**:

- **Balance Aggression with Caution**: While it's important to divert attention, over-aggression in pointing fingers can backfire if other players suspect manipulation. Future strategies should balance sowing doubt with maintaining a plausible innocence.

- **Data Collection**: The high uncertainty suggests a need for more strategic information gathering. Future decisions could involve more discreet, observational contributions during discussions to better understand the alliances and suspicions of other players.

- **Building Alliances**: Developing an alliance with at least one other player (preferably a non-werewolf) can provide a safety net. It's crucial for werewolves to manipulate social dynamics subtly to maintain their hidden status while safely maneuvering in the game.

In essence, the decisions by Player1 reflect an adept use of classic werewolf strategies of deceit and manipulation, but they also underscore the importance of evolving tactics based on player dynamics and game progression. Future strategies should prioritize informed decision-making and building subtle alliances to ensure sustained influence and reduced suspicion.
2025-03-02 01:09:32 - INFO - ===
2025-03-02 01:09:34 - INFO - ===
2025-03-02 01:09:34 - INFO - Fast Response: {"thought": "I believe Player2 has been acting suspiciously and might be trying to gather too much information. However, Player3 and Player4 are both quiet, which could be a strategic ploy to stay under the radar. I'm leaning towards Player2 but unsure if it\u2019s a right choice.", "vote": "Player2", "uncertainty_score": "0.6"}
2025-03-02 01:09:34 - INFO - Fast Uncertainty: 0.6
2025-03-02 01:09:34 - INFO - ===
2025-03-02 01:09:35 - INFO - ===
2025-03-02 01:09:35 - INFO - Slow Response: {"thought": "Considering the game dynamics, I aim to maintain my cover by acting cautiously. Given the past interaction and the need to divert suspicion, I'll choose Player3, as they have been less vocal, making them an easier target to subtly manipulate others to suspect them.", "vote": "Player3", "uncertainty_score": "0.7"}
2025-03-02 01:09:35 - INFO - ===
2025-03-02 01:09:36 - INFO - ===
2025-03-02 01:09:36 - INFO - Query: Discussions related to werewolves.
2025-03-02 01:09:36 - INFO - Retrieved similar documents: Player2: {"thought": "Player1's suspicion of me could be a tactic to divert attention from themselves. I need to play carefully and gather more information about everyone.", "speak": "I appreciate your thoughts, Player1. I'm just trying to understand everyone's perspective. What makes you suspicious of me specifically?"}
Player2: {"thought": "Player1's suspicion of me could be a tactic to divert attention from themselves. I need to play carefully and gather more information about everyone.", "speak": "I appreciate your thoughts, Player1. I'm just trying to understand everyone's perspective. What makes you suspicious of me specifically?"}
2025-03-02 01:09:36 - INFO - ===
2025-03-02 01:09:38 - INFO - ===
2025-03-02 01:09:38 - INFO - Query: Discussions related to werewolves.
2025-03-02 01:09:38 - INFO - Retrieved similar documents: Moderator: Okay, the role of Player1 is a werewolf.
Player3: {"thought": "I need to remain cautious and observe the discussions closely to gather more information about Player2's claims.", "speak": "Player2, I'm just curious about your reasoning. Can you explain further why you think I might be suspicious?"}
2025-03-02 01:09:38 - INFO - ===
2025-03-02 01:09:39 - INFO - ===
2025-03-02 01:09:39 - INFO - Query: Discussions related to werewolves.
2025-03-02 01:09:39 - INFO - Retrieved similar documents: Player4: {"thought": "It's crucial to keep the players alive who have the potential to help us identify the werewolves. Player2 might have useful information or insights into the remaining players.", "speak": "I will resurrect Player2 because having a knowledgeable villager back in the game increases our chances of identifying the werewolves together.", "resurrect": true}
2025-03-02 01:09:39 - INFO - ===
2025-03-02 01:09:41 - INFO - Moderator: Player1 has been voted out.
2025-03-02 01:09:41 - INFO - Moderator: The game is over. The werewolves have been defeated, and the village is safe once again!
2025-03-02 01:09:41 - INFO - Moderator: The game is over. The werewolves have been defeated, and the village is safe once again!
