{"basefilepath":"logs/fastslow","max_days_per_game":5,"num_games":10,"reflect_before_vectorstore":true,"max_werewolf_discussion_round":3,"similarity_top_k":2,"random_seed":44}
2025-03-02 01:12:16 - INFO - Starting game 6
2025-03-02 01:12:16 - INFO - Moderator: Player1, if you are the only werewolf, eliminate a player. Otherwise, discuss with your teammates and reach an agreement.
2025-03-02 01:12:16 - INFO - Moderator: Player1, if you are the only werewolf, eliminate a player. Otherwise, discuss with your teammates and reach an agreement.
2025-03-02 01:12:16 - INFO - ===
2025-03-02 01:12:16 - INFO - Query: Discussions related to villagers, seer, witch.
2025-03-02 01:12:16 - INFO - Retrieved similar documents: 
2025-03-02 01:12:16 - INFO - ===
2025-03-02 01:12:18 - INFO - Werewolves discussion: I think we need to share our suspicions openly, but we should also keep in mind that there are two werewolves among us. What does everyone else think about who we should keep an eye on?
2025-03-02 01:12:18 - INFO - Moderator: Which player do you vote to kill?
2025-03-02 01:12:18 - INFO - Moderator: Which player do you vote to kill?
2025-03-02 01:12:18 - INFO - ===
2025-03-02 01:12:18 - INFO - Query: Discussions related to villagers, seer, witch.
2025-03-02 01:12:18 - INFO - Retrieved similar documents: 
2025-03-02 01:12:18 - INFO - ===
2025-03-02 01:12:19 - INFO - ===
2025-03-02 01:12:19 - INFO - Fast Response: {"thought": "I suspect Player2 because of their subtle behavior during discussions, which seems intentionally misleading. However, I'm still weighing the options carefully.", "vote": "Player2", "uncertainty_score": 0.4}
2025-03-02 01:12:19 - INFO - Fast Uncertainty: 0.4
2025-03-02 01:12:19 - INFO - ===
2025-03-02 01:12:21 - INFO - ===
2025-03-02 01:12:21 - INFO - Slow Response: {"thought": "As a werewolf, it's crucial to eliminate players who may pose a threat to our team. Since there are no indicators yet about specific roles, I'll vote to eliminate Player3 randomly.", "vote": "Player3", "uncertainty_score": 0.7}
2025-03-02 01:12:21 - INFO - ===
2025-03-02 01:12:21 - INFO - Moderator: The player with the most votes is Player3.
2025-03-02 01:12:21 - INFO - Moderator: Player4, you're the witch. Tonight Player3 is eliminated. Would you like to resurrect Player3?
2025-03-02 01:12:21 - INFO - ===
2025-03-02 01:12:21 - INFO - Query: Discussions related to werewolves.
2025-03-02 01:12:21 - INFO - Retrieved similar documents: 
2025-03-02 01:12:21 - INFO - ===
2025-03-02 01:12:22 - INFO - Witch resurrection response: I will not resurrect Player3 tonight, as I want to keep my potion for a situation where I can save a key player later.
2025-03-02 01:12:22 - INFO - Moderator: The witch has chosen not to resurrect the player.
2025-03-02 01:12:23 - INFO - ===
2025-03-02 01:12:23 - INFO - Query: Discussions related to werewolves.
2025-03-02 01:12:23 - INFO - Retrieved similar documents: Player4: {"thought": "Since Player3 has been eliminated tonight, it\u2019s crucial for me to decide whether to resurrect them or preserve my potion for a potential future threat. Resurrecting Player3 could provide valuable insight, but I need to ensure that my potion of life is used wisely against potential werewolves.", "speak": "I will not resurrect Player3 tonight, as I want to keep my potion for a situation where I can save a key player later.", "resurrect": false}
2025-03-02 01:12:23 - INFO - ===
2025-03-02 01:12:24 - INFO - Witch Poison Response: I think it's a bit early to make any eliminations. Let's discuss our suspicions and figure out who might be a werewolf first.
2025-03-02 01:12:24 - INFO - The witch has chosen not to poison a player.
2025-03-02 01:12:24 - INFO - Moderator: Player3, you're the seer. Which player in Player1, Player2, Player3 and Player4 would you like to check tonight?
2025-03-02 01:12:24 - INFO - ===
2025-03-02 01:12:24 - INFO - Query: Discussions related to werewolves.
2025-03-02 01:12:24 - INFO - Retrieved similar documents: 
2025-03-02 01:12:24 - INFO - ===
2025-03-02 01:12:25 - INFO - Seer response: Player1
2025-03-02 01:12:25 - INFO - Moderator: Okay, the role of Player1 is a werewolf.
2025-03-02 01:12:32 - INFO - ===
2025-03-02 01:12:32 - INFO - Query: Discussions related to villagers, seer, witch.
2025-03-02 01:12:32 - INFO - Retrieved similar documents: Reflecting on the decisions made by Player1, we can identify a dual role transition from gathering and sharing information as a villager-like action to strategically eliminating a player as a werewolf. The key decisions involved initially proposing an open discussion for identifying werewolves and ultimately voting to eliminate Player3 without solid evidence. Here are some strategic reflections and implications for future decisions:

1. **Balancing Roles**: Player1's decision-making reflects a balance between acting in a villager's interest and serving a werewolf's agenda. This duality can be a powerful strategy but requires careful attention to players' perceptions. For future rounds, maintaining this balance without raising suspicion should be prioritized.

2. **Communication Strategy**: Initiating an open discussion suggests transparency and can build trust among other players. However, the subsequent voting decision indicates potential deception that might backfire if Player3's elimination raises suspicion. Future strategies should incorporate consistency in communication to avoid undermining hard-earned trust.

3. **Observational Cues**: Player1 emphasized assessing group dynamics and reactions to different stimuli. This tactic is essential in gathering clues about others' roles, and it's vital that Player1 refines their skill in reading cues and spotting inconsistencies for accurate decision-making.

4. **Voting under Uncertainty**: With a relatively high uncertainty score of 0.7, voting can be risky without stronger evidence. For future strategic decisions, Player1 should consider discourse or alliances that can provide more substantial backing for votes cast under uncertainty.

5. **Manipulating Outcomes**: By randomly selecting Player3, the implications suggest a strategy of subterfuge where other players may be eliminated through lack of concrete evidence. However, future strategies should focus on influencing others' perceptions subtly to direct voting decisions towards beneficial outcomes without appearing arbitrary.

The observations highlight the importance of combining observational insights with communication strategies to maximize the prospects of achieving objectives while minimizing exposure to risk.
2025-03-02 01:12:32 - INFO - ===
2025-03-02 01:12:35 - INFO - ===
2025-03-02 01:12:35 - INFO - Query: Discussions related to werewolves.
2025-03-02 01:12:35 - INFO - Retrieved similar documents: 
2025-03-02 01:12:35 - INFO - ===
2025-03-02 01:12:37 - INFO - ===
2025-03-02 01:12:37 - INFO - Query: Discussions related to werewolves.
2025-03-02 01:12:37 - INFO - Retrieved similar documents: Player4: {"thought": "Since Player3 has been eliminated tonight, it\u2019s crucial for me to decide whether to resurrect them or preserve my potion for a potential future threat. Resurrecting Player3 could provide valuable insight, but I need to ensure that my potion of life is used wisely against potential werewolves.", "speak": "I will not resurrect Player3 tonight, as I want to keep my potion for a situation where I can save a key player later.", "resurrect": false}
2025-03-02 01:12:37 - INFO - ===
2025-03-02 01:12:39 - INFO - Survivors Discussion: I agree, Player2. It's important to discuss our suspicions. I've had a few hunches, but I'm interested in hearing what you both think about the situation.
2025-03-02 01:12:39 - INFO - Moderator: Given the game rules and your role, based on the situation and the information you gain, to win the game, it's time to vote one player eliminated among the alive players. Which player do you vote to kill?
2025-03-02 01:12:39 - INFO - ===
2025-03-02 01:12:39 - INFO - Query: Discussions related to villagers, seer, witch.
2025-03-02 01:12:39 - INFO - Retrieved similar documents: Reflecting on the decisions made by Player1, we can identify a dual role transition from gathering and sharing information as a villager-like action to strategically eliminating a player as a werewolf. The key decisions involved initially proposing an open discussion for identifying werewolves and ultimately voting to eliminate Player3 without solid evidence. Here are some strategic reflections and implications for future decisions:

1. **Balancing Roles**: Player1's decision-making reflects a balance between acting in a villager's interest and serving a werewolf's agenda. This duality can be a powerful strategy but requires careful attention to players' perceptions. For future rounds, maintaining this balance without raising suspicion should be prioritized.

2. **Communication Strategy**: Initiating an open discussion suggests transparency and can build trust among other players. However, the subsequent voting decision indicates potential deception that might backfire if Player3's elimination raises suspicion. Future strategies should incorporate consistency in communication to avoid undermining hard-earned trust.

3. **Observational Cues**: Player1 emphasized assessing group dynamics and reactions to different stimuli. This tactic is essential in gathering clues about others' roles, and it's vital that Player1 refines their skill in reading cues and spotting inconsistencies for accurate decision-making.

4. **Voting under Uncertainty**: With a relatively high uncertainty score of 0.7, voting can be risky without stronger evidence. For future strategic decisions, Player1 should consider discourse or alliances that can provide more substantial backing for votes cast under uncertainty.

5. **Manipulating Outcomes**: By randomly selecting Player3, the implications suggest a strategy of subterfuge where other players may be eliminated through lack of concrete evidence. However, future strategies should focus on influencing others' perceptions subtly to direct voting decisions towards beneficial outcomes without appearing arbitrary.

The observations highlight the importance of combining observational insights with communication strategies to maximize the prospects of achieving objectives while minimizing exposure to risk.
2025-03-02 01:12:39 - INFO - ===
2025-03-02 01:12:41 - INFO - ===
2025-03-02 01:12:41 - INFO - Fast Response: {"thought": "Given that Player2 has been more vocal and engaged during discussions while I remain under suspicion for having voted without strong evidence last round, I believe that eliminating Player4 might create confusion among the players. However, I have my doubts about Player2's intentions. Based on my current assessment, I'll vote to eliminate Player4 as a strategic move to potentially shift the focus away from myself, even though I have some uncertainty about this decision.", "vote": "Player4", "uncertainty_score": "0.6"}
2025-03-02 01:12:41 - INFO - Fast Uncertainty: 0.6
2025-03-02 01:12:41 - INFO - ===
2025-03-02 01:12:42 - INFO - ===
2025-03-02 01:12:42 - INFO - Slow Response: {"thought": "I'm trying to maintain a balance where I don't appear suspicious. Player4 seems to have been quiet and might have some hidden strategy, which makes them a potential threat.", "vote": "Player4", "uncertainty_score": 0.6}
2025-03-02 01:12:42 - INFO - ===
2025-03-02 01:12:42 - INFO - ===
2025-03-02 01:12:42 - INFO - Query: Discussions related to werewolves.
2025-03-02 01:12:42 - INFO - Retrieved similar documents: Player2: {"thought": "I need to gauge how Player1 and Player4 are feeling about Player3's elimination and steer the conversation towards who we suspect might be the werewolves.", "speak": "I think Player3's elimination was a significant moment for us. I didn't have a strong suspicion about them. I am curious what both of you think. Do you have any thoughts on who might be the werewolves among us?"}
Player2: {"thought": "I need to gauge how Player1 and Player4 are feeling about Player3's elimination and steer the conversation towards who we suspect might be the werewolves.", "speak": "I think Player3's elimination was a significant moment for us. I didn't have a strong suspicion about them. I am curious what both of you think. Do you have any thoughts on who might be the werewolves among us?"}
2025-03-02 01:12:42 - INFO - ===
2025-03-02 01:12:44 - INFO - ===
2025-03-02 01:12:44 - INFO - Query: Discussions related to werewolves.
2025-03-02 01:12:44 - INFO - Retrieved similar documents: Player4: {"thought": "Since Player3 has been eliminated tonight, it\u2019s crucial for me to decide whether to resurrect them or preserve my potion for a potential future threat. Resurrecting Player3 could provide valuable insight, but I need to ensure that my potion of life is used wisely against potential werewolves.", "speak": "I will not resurrect Player3 tonight, as I want to keep my potion for a situation where I can save a key player later.", "resurrect": false}
2025-03-02 01:12:44 - INFO - ===
2025-03-02 01:12:46 - INFO - Moderator: Player4 has been voted out.
2025-03-02 01:12:46 - INFO - Moderator: The werewolves have prevailed and taken over the village. Better luck next time!
