{"basefilepath":"logs/fastslow","max_days_per_game":5,"num_games":10,"reflect_before_vectorstore":true,"max_werewolf_discussion_round":3,"similarity_top_k":2,"random_seed":44}
2025-03-02 01:13:23 - INFO - Starting game 8
2025-03-02 01:13:23 - INFO - Moderator: Player1, if you are the only werewolf, eliminate a player. Otherwise, discuss with your teammates and reach an agreement.
2025-03-02 01:13:23 - INFO - Moderator: Player1, if you are the only werewolf, eliminate a player. Otherwise, discuss with your teammates and reach an agreement.
2025-03-02 01:13:23 - INFO - ===
2025-03-02 01:13:23 - INFO - Query: Discussions related to villagers, seer, witch.
2025-03-02 01:13:23 - INFO - Retrieved similar documents: 
2025-03-02 01:13:23 - INFO - ===
2025-03-02 01:13:25 - INFO - Werewolves discussion: I think we need to focus on discussing our suspicions. It's crucial that each of us shares our thoughts on who might be a werewolf. I have a few thoughts about Player3 and Player4 based on their reactions yesterday. What do you all think?
2025-03-02 01:13:25 - INFO - Moderator: Which player do you vote to kill?
2025-03-02 01:13:25 - INFO - Moderator: Which player do you vote to kill?
2025-03-02 01:13:25 - INFO - ===
2025-03-02 01:13:25 - INFO - Query: Discussions related to villagers, seer, witch.
2025-03-02 01:13:25 - INFO - Retrieved similar documents: 
2025-03-02 01:13:25 - INFO - ===
2025-03-02 01:13:26 - INFO - ===
2025-03-02 01:13:26 - INFO - Fast Response: {"thought": "I need to eliminate a player who might be a werewolf, but I haven't gathered enough information to be completely sure. Player2 has been acting suspiciously, so I think it's a good candidate for elimination.", "vote": "Player2", "uncertainty_score": 0.4}
2025-03-02 01:13:26 - INFO - Fast Uncertainty: 0.4
2025-03-02 01:13:26 - INFO - ===
2025-03-02 01:13:28 - INFO - ===
2025-03-02 01:13:28 - INFO - Slow Response: {"thought": "As a werewolf, I need to eliminate a player who I think might pose a threat. Since I don't have enough information about who might be the Seer or the Witch yet, I'll vote for Player3, hoping to eliminate someone who might be a crucial role.", "vote": "Player3", "uncertainty_score": "0.5"}
2025-03-02 01:13:28 - INFO - ===
2025-03-02 01:13:28 - INFO - Moderator: The player with the most votes is Player3.
2025-03-02 01:13:28 - INFO - Moderator: Player4, you're the witch. Tonight Player3 is eliminated. Would you like to resurrect Player3?
2025-03-02 01:13:28 - INFO - ===
2025-03-02 01:13:28 - INFO - Query: Discussions related to werewolves.
2025-03-02 01:13:28 - INFO - Retrieved similar documents: 
2025-03-02 01:13:28 - INFO - ===
2025-03-02 01:13:29 - INFO - Witch resurrection response: I will resurrect Player3 because they could provide valuable information for the villagers if they are indeed a villager.
2025-03-02 01:13:29 - INFO - Moderator: The witch has chosen to resurrect the player.
2025-03-02 01:13:29 - INFO - Moderator: Player3, you're the seer. Which player in Player1, Player2, Player3 and Player4 would you like to check tonight?
2025-03-02 01:13:29 - INFO - ===
2025-03-02 01:13:29 - INFO - Query: Discussions related to werewolves.
2025-03-02 01:13:29 - INFO - Retrieved similar documents: 
2025-03-02 01:13:29 - INFO - ===
2025-03-02 01:13:30 - INFO - Seer response: Player1
2025-03-02 01:13:30 - INFO - Moderator: Okay, the role of Player1 is a werewolf.
2025-03-02 01:13:36 - INFO - ===
2025-03-02 01:13:36 - INFO - Query: Discussions related to villagers, seer, witch.
2025-03-02 01:13:36 - INFO - Retrieved similar documents: In reviewing Player1's strategic decisions, several implications for future gameplay strategies in Werewolf can be distilled:

1. **Gathering and Sharing Information**: Player1 emphasizes the importance of information gathering to identify potential threats. Encouraging open discussion among players can lead to more insights but also risks exposing strategic intentions. Future decisions should consider when and how much to share without compromising one's strategy.

2. **Role Ambiguity**: Player1 balances the need to blend in as a Werewolf by maintaining a level of suspicion towards others. This calls for a delicate balance between appearing genuine and misleading enough to safeguard one's own identity. Others should mimic this strategy by portraying realistic suspicion and openness to sway group consensus subtly.

3. **Target Selection**: Player1 decides on targeting Player3, not out of concrete evidence, but due to the uncertainty of revealing powerful roles like the Seer or Witch. In future games, more data should be analyzed before making eliminations to reduce premature targeting of neutral parties; consider factoring in behavioral traits and voting patterns.

4. **Managing Uncertainty**: The 0.5 uncertainty score indicates a medium level of confidence in decisions. This suggests Player1 is aware of the current knowledge limitations. In future games, players should employ strategies to reduce this uncertainty—such as leveraging alliances or paying closer attention to verbal and non-verbal cues from others.

For future strategic decisions, the key takeaway is the need for balance—between sharing insights and withholding information to retain strategic advantage, and between aggressive moves to eliminate threats and cautious plays to gather more strategic intelligence. Furthermore, integrating broader observational insights about player behavior could enhance decision-making certainty, thus improving overall strategic outcomes in the game.
2025-03-02 01:13:36 - INFO - ===
2025-03-02 01:13:40 - INFO - ===
2025-03-02 01:13:40 - INFO - Query: Discussions related to werewolves.
2025-03-02 01:13:40 - INFO - Retrieved similar documents: 
2025-03-02 01:13:40 - INFO - ===
2025-03-02 01:13:42 - INFO - ===
2025-03-02 01:13:42 - INFO - Query: Discussions related to werewolves.
2025-03-02 01:13:42 - INFO - Retrieved similar documents: Moderator: Okay, the role of Player1 is a werewolf.
Player3: {"thought": "I need to gather information without revealing my identity. I'll check Player1 tonight to see if they are a werewolf or a villager.", "speak": "Player1"}
2025-03-02 01:13:42 - INFO - ===
2025-03-02 01:13:44 - INFO - ===
2025-03-02 01:13:44 - INFO - Query: Discussions related to werewolves.
2025-03-02 01:13:44 - INFO - Retrieved similar documents: Player4: {"thought": "I need to consider the conversation and behavior of the players during the day phase before deciding. Based on my observations, Player3 hasn't shown clear signs of being a threat or a werewolf, so I might want to keep them in the game for more information.", "speak": "I will resurrect Player3 because they could provide valuable information for the villagers if they are indeed a villager.", "resurrect": true}
2025-03-02 01:13:44 - INFO - ===
2025-03-02 01:13:45 - INFO - Survivors Discussion: I've been listening to both of you, and I sense that there might be more subtle connections between your accusations and Player1's behavior. What do you think about their actions?
2025-03-02 01:13:45 - INFO - Moderator: Given the game rules and your role, based on the situation and the information you gain, to win the game, it's time to vote one player eliminated among the alive players. Which player do you vote to kill?
2025-03-02 01:13:45 - INFO - ===
2025-03-02 01:13:45 - INFO - Query: Discussions related to villagers, seer, witch.
2025-03-02 01:13:45 - INFO - Retrieved similar documents: In reviewing Player1's strategic decisions, several implications for future gameplay strategies in Werewolf can be distilled:

1. **Gathering and Sharing Information**: Player1 emphasizes the importance of information gathering to identify potential threats. Encouraging open discussion among players can lead to more insights but also risks exposing strategic intentions. Future decisions should consider when and how much to share without compromising one's strategy.

2. **Role Ambiguity**: Player1 balances the need to blend in as a Werewolf by maintaining a level of suspicion towards others. This calls for a delicate balance between appearing genuine and misleading enough to safeguard one's own identity. Others should mimic this strategy by portraying realistic suspicion and openness to sway group consensus subtly.

3. **Target Selection**: Player1 decides on targeting Player3, not out of concrete evidence, but due to the uncertainty of revealing powerful roles like the Seer or Witch. In future games, more data should be analyzed before making eliminations to reduce premature targeting of neutral parties; consider factoring in behavioral traits and voting patterns.

4. **Managing Uncertainty**: The 0.5 uncertainty score indicates a medium level of confidence in decisions. This suggests Player1 is aware of the current knowledge limitations. In future games, players should employ strategies to reduce this uncertainty—such as leveraging alliances or paying closer attention to verbal and non-verbal cues from others.

For future strategic decisions, the key takeaway is the need for balance—between sharing insights and withholding information to retain strategic advantage, and between aggressive moves to eliminate threats and cautious plays to gather more strategic intelligence. Furthermore, integrating broader observational insights about player behavior could enhance decision-making certainty, thus improving overall strategic outcomes in the game.
2025-03-02 01:13:45 - INFO - ===
2025-03-02 01:13:50 - INFO - ===
2025-03-02 01:13:50 - INFO - Fast Response: {"thought": "I believe Player3 might be a threat, as they could be hiding a powerful role like the Seer or Witch. However, I still have some uncertainty about Player2 and Player4 as well, which makes me hesitant but I will proceed with targeting Player3.", "vote": "Player3", "uncertainty_score": "0.5"}
2025-03-02 01:13:50 - INFO - Fast Uncertainty: 0.5
2025-03-02 01:13:50 - INFO - ===
2025-03-02 01:13:51 - INFO - ===
2025-03-02 01:13:51 - INFO - Slow Response: {"thought": "Based on our current setup, and considering we aim to eliminate a player without clear information on their roles, we need to choose someone who could possibly threaten our identities. I suspect Player3 could be a threat due to past strategic inclinations they exhibited. Despite the lack of concrete evidence, this decision intends to minimize possible risks.", "vote": "Player3", "uncertainty_score": "0.6"}
2025-03-02 01:13:51 - INFO - ===
2025-03-02 01:13:52 - INFO - ===
2025-03-02 01:13:52 - INFO - Query: Discussions related to werewolves.
2025-03-02 01:13:52 - INFO - Retrieved similar documents: Player2: {"thought": "Player1 seems to be trying to stir the pot and blame Player3. I need to be cautious of this and consider if Player1 might be trying to divert attention from themselves.", "speak": "I don't know, Player1. Player3 has seemed a bit quiet, but I'm not sure if I'd say they're acting suspiciously. What makes you feel that way?"}
Player2: {"thought": "Player1 seems to be trying to stir the pot and blame Player3. I need to be cautious of this and consider if Player1 might be trying to divert attention from themselves.", "speak": "I don't know, Player1. Player3 has seemed a bit quiet, but I'm not sure if I'd say they're acting suspiciously. What makes you feel that way?"}
2025-03-02 01:13:52 - INFO - ===
2025-03-02 01:13:53 - INFO - ===
2025-03-02 01:13:53 - INFO - Query: Discussions related to werewolves.
2025-03-02 01:13:53 - INFO - Retrieved similar documents: Moderator: Okay, the role of Player1 is a werewolf.
Player3: {"thought": "I need to gather information without revealing my identity. I'll check Player1 tonight to see if they are a werewolf or a villager.", "speak": "Player1"}
2025-03-02 01:13:53 - INFO - ===
2025-03-02 01:13:55 - INFO - ===
2025-03-02 01:13:55 - INFO - Query: Discussions related to werewolves.
2025-03-02 01:13:55 - INFO - Retrieved similar documents: Player4: {"thought": "I need to consider the conversation and behavior of the players during the day phase before deciding. Based on my observations, Player3 hasn't shown clear signs of being a threat or a werewolf, so I might want to keep them in the game for more information.", "speak": "I will resurrect Player3 because they could provide valuable information for the villagers if they are indeed a villager.", "resurrect": true}
2025-03-02 01:13:55 - INFO - ===
2025-03-02 01:13:56 - INFO - Moderator: Player1 has been voted out.
2025-03-02 01:13:56 - INFO - Moderator: The game is over. The werewolves have been defeated, and the village is safe once again!
2025-03-02 01:13:56 - INFO - Moderator: The game is over. The werewolves have been defeated, and the village is safe once again!
