{"basefilepath":"logs/fastslow","max_days_per_game":5,"num_games":10,"reflect_before_vectorstore":true,"max_werewolf_discussion_round":3,"similarity_top_k":2,"random_seed":44}
2025-03-02 01:13:57 - INFO - Starting game 9
2025-03-02 01:13:57 - INFO - Moderator: Player1, if you are the only werewolf, eliminate a player. Otherwise, discuss with your teammates and reach an agreement.
2025-03-02 01:13:57 - INFO - Moderator: Player1, if you are the only werewolf, eliminate a player. Otherwise, discuss with your teammates and reach an agreement.
2025-03-02 01:13:57 - INFO - ===
2025-03-02 01:13:57 - INFO - Query: Discussions related to villagers, seer, witch.
2025-03-02 01:13:57 - INFO - Retrieved similar documents: 
2025-03-02 01:13:57 - INFO - ===
2025-03-02 01:13:58 - INFO - Werewolves discussion: I think we should analyze our suspicions carefully. Maybe Player2 had an odd reaction last night. What did everyone think? Any gut feelings about who we should keep an eye on?
2025-03-02 01:13:58 - INFO - Moderator: Which player do you vote to kill?
2025-03-02 01:13:58 - INFO - Moderator: Which player do you vote to kill?
2025-03-02 01:13:58 - INFO - ===
2025-03-02 01:13:58 - INFO - Query: Discussions related to villagers, seer, witch.
2025-03-02 01:13:58 - INFO - Retrieved similar documents: 
2025-03-02 01:13:58 - INFO - ===
2025-03-02 01:14:00 - INFO - ===
2025-03-02 01:14:00 - INFO - Fast Response: {"thought": "I need to observe the discussions and behaviors of the other players closely. I'm still trying to gauge who might be a werewolf. Player2 has seemed a bit defensive, which could indicate guilt, but Player3 and Player4 are also quiet, making it hard to draw concrete conclusions. I will vote for Player2 to see how the others react to this decision.", "vote": "Player2", "uncertainty_score": "0.5"}
2025-03-02 01:14:00 - INFO - Fast Uncertainty: 0.5
2025-03-02 01:14:00 - INFO - ===
2025-03-02 01:14:01 - INFO - ===
2025-03-02 01:14:01 - INFO - Slow Response: {"thought": "As a werewolf, I want to eliminate a player who might be a significant threat to my team's success. Player2 has been quite observant during discussions, so I think it's best to vote for them.", "vote": "Player2", "uncertainty_score": 0.4}
2025-03-02 01:14:01 - INFO - ===
2025-03-02 01:14:01 - INFO - Moderator: The player with the most votes is Player2.
2025-03-02 01:14:01 - INFO - Moderator: Player4, you're the witch. Tonight Player2 is eliminated. Would you like to resurrect Player2?
2025-03-02 01:14:01 - INFO - ===
2025-03-02 01:14:01 - INFO - Query: Discussions related to werewolves.
2025-03-02 01:14:01 - INFO - Retrieved similar documents: 
2025-03-02 01:14:01 - INFO - ===
2025-03-02 01:14:02 - INFO - Witch resurrection response: I choose to resurrect Player2, as their input could be crucial for identifying the werewolves and making a more informed decision.
2025-03-02 01:14:02 - INFO - Moderator: The witch has chosen to resurrect the player.
2025-03-02 01:14:02 - INFO - Moderator: Player3, you're the seer. Which player in Player1, Player2, Player3 and Player4 would you like to check tonight?
2025-03-02 01:14:02 - INFO - ===
2025-03-02 01:14:02 - INFO - Query: Discussions related to werewolves.
2025-03-02 01:14:02 - INFO - Retrieved similar documents: 
2025-03-02 01:14:02 - INFO - ===
2025-03-02 01:14:03 - INFO - Seer response: Player1
2025-03-02 01:14:03 - INFO - Moderator: Okay, the role of Player1 is a werewolf.
2025-03-02 01:14:11 - INFO - ===
2025-03-02 01:14:11 - INFO - Query: Discussions related to villagers, seer, witch.
2025-03-02 01:14:11 - INFO - Retrieved similar documents: In this scenario, Player1, a werewolf, successfully employs a strategy of subtly sewing doubt among the villagers by questioning Player2's behavior, while ostensibly maintaining a cooperative demeanor. Player1's strategic decision-making involves influencing the group's perceptions without raising suspicion of being a werewolf. By questioning Player2’s reactions and suggesting a careful analysis of suspicions, Player1 aims to create doubt and potentially guide the group's suspicion towards someone else, thus diverting attention from themselves. 

Furthermore, Player1 strategically votes for Player2, who they perceive as a threat due to their observance. The decision to target an observant player suggests that Player1 is aware of the importance of silencing individuals who might accurately identify the werewolf, indicating an understanding of the group's social dynamics.

**Important Implications for Future Strategic Decisions:**

1. **Balancing Influence and Suspicion:** A key implication is recognizing the fine line between influencing the group's decision and not appearing too aggressive or controlling, which could raise suspicion about Player1's intentions. In future, maintaining this balance should remain a focus for strategic interactions.

2. **Target Selection:** The decision to vote for observant players implies the need to consistently evaluate which other players pose a strategic threat. Future decisions should involve identifying and assessing the threat level of each player based on their insights and influence.

3. **Pressure and Deflection Tactics:** Sowing seeds of doubt by questioning others' behaviors while maintaining a guise of a concerned villager is a valuable tactic. Developing skills to subtly shift conversations and doubt onto others should be cultivated for future games.

4. **Uncertainty Management:** Player1’s uncertainty score of 0.4 suggests some confidence but reflects potential hesitancy or the challenge in controlling group perceptions fully. Continuing to refine the ability to predict group reactions and adjust accordingly is vital.

Overall, maintaining a balance in influencing group dynamics without raising suspicion and effectively identifying and targeting players who pose significant threats can crucially improve might provide preferences for future similar strategic scenarios.
2025-03-02 01:14:11 - INFO - ===
2025-03-02 01:14:13 - INFO - ===
2025-03-02 01:14:13 - INFO - Query: Discussions related to werewolves.
2025-03-02 01:14:13 - INFO - Retrieved similar documents: 
2025-03-02 01:14:13 - INFO - ===
2025-03-02 01:14:15 - INFO - ===
2025-03-02 01:14:15 - INFO - Query: Discussions related to werewolves.
2025-03-02 01:14:15 - INFO - Retrieved similar documents: Moderator: Okay, the role of Player1 is a werewolf.
Player3: {"thought": "I need to gather information to help identify the werewolves, so I'll check Player1 tonight to see their role.", "speak": "Player1"}
2025-03-02 01:14:15 - INFO - ===
2025-03-02 01:14:17 - INFO - ===
2025-03-02 01:14:17 - INFO - Query: Discussions related to werewolves.
2025-03-02 01:14:17 - INFO - Retrieved similar documents: Player4: {"thought": "As the witch, I need to consider the implications of resurrecting Player2. If they come back with useful information, it could tip the scales in our favor. However, if they were eliminated as a suspect of being a werewolf, bringing them back may not be beneficial.", "speak": "I choose to resurrect Player2, as their input could be crucial for identifying the werewolves and making a more informed decision.", "resurrect": true}
2025-03-02 01:14:17 - INFO - ===
2025-03-02 01:14:18 - INFO - Survivors Discussion: Player1, can you elaborate on your actions? I think it's important for us to understand each other's perspectives during this phase.
2025-03-02 01:14:18 - INFO - Moderator: Given the game rules and your role, based on the situation and the information you gain, to win the game, it's time to vote one player eliminated among the alive players. Which player do you vote to kill?
2025-03-02 01:14:19 - INFO - ===
2025-03-02 01:14:19 - INFO - Query: Discussions related to villagers, seer, witch.
2025-03-02 01:14:19 - INFO - Retrieved similar documents: In this scenario, Player1, a werewolf, successfully employs a strategy of subtly sewing doubt among the villagers by questioning Player2's behavior, while ostensibly maintaining a cooperative demeanor. Player1's strategic decision-making involves influencing the group's perceptions without raising suspicion of being a werewolf. By questioning Player2’s reactions and suggesting a careful analysis of suspicions, Player1 aims to create doubt and potentially guide the group's suspicion towards someone else, thus diverting attention from themselves. 

Furthermore, Player1 strategically votes for Player2, who they perceive as a threat due to their observance. The decision to target an observant player suggests that Player1 is aware of the importance of silencing individuals who might accurately identify the werewolf, indicating an understanding of the group's social dynamics.

**Important Implications for Future Strategic Decisions:**

1. **Balancing Influence and Suspicion:** A key implication is recognizing the fine line between influencing the group's decision and not appearing too aggressive or controlling, which could raise suspicion about Player1's intentions. In future, maintaining this balance should remain a focus for strategic interactions.

2. **Target Selection:** The decision to vote for observant players implies the need to consistently evaluate which other players pose a strategic threat. Future decisions should involve identifying and assessing the threat level of each player based on their insights and influence.

3. **Pressure and Deflection Tactics:** Sowing seeds of doubt by questioning others' behaviors while maintaining a guise of a concerned villager is a valuable tactic. Developing skills to subtly shift conversations and doubt onto others should be cultivated for future games.

4. **Uncertainty Management:** Player1’s uncertainty score of 0.4 suggests some confidence but reflects potential hesitancy or the challenge in controlling group perceptions fully. Continuing to refine the ability to predict group reactions and adjust accordingly is vital.

Overall, maintaining a balance in influencing group dynamics without raising suspicion and effectively identifying and targeting players who pose significant threats can crucially improve might provide preferences for future similar strategic scenarios.
2025-03-02 01:14:19 - INFO - ===
2025-03-02 01:14:20 - INFO - ===
2025-03-02 01:14:20 - INFO - Fast Response: {"thought": "Player2 seems observant and may pose a threat if they remain in the game. I need to stay focused on influencing the group away from myself, and eliminating Player2 will help with that.", "vote": "Player2", "uncertainty_score": "0.3"}
2025-03-02 01:14:20 - INFO - Fast Uncertainty: 0.3
2025-03-02 01:14:20 - INFO - ===
2025-03-02 01:14:22 - INFO - ===
2025-03-02 01:14:22 - INFO - Slow Response: {"thought": "Given the past strategy, I should maintain the appearance of a concerned villager. Player2 was previously perceived as a threat due to their observant nature, which means they are likely a strategic thinker capable of influencing the group. It might be beneficial to continue voting for them to decrease the number of potential threats. However, I must remain cautious not to raise too much suspicion towards myself.", "vote": "Player2", "uncertainty_score": "0.3"}
2025-03-02 01:14:22 - INFO - ===
2025-03-02 01:14:22 - INFO - ===
2025-03-02 01:14:22 - INFO - Query: Discussions related to werewolves.
2025-03-02 01:14:22 - INFO - Retrieved similar documents: Player2: {"thought": "Player1 is trying to deflect suspicion onto me. I need to be cautious and gather more information before responding defensively. It's also possible that Player1 is a werewolf trying to sow distrust among the villagers.", "speak": "I understand your concerns, Player1, but it's important that we all share our thoughts openly. I'm here to work with you and the others to figure out who the werewolves are. What specific actions of mine seem suspicious to you?"}
Player2: {"thought": "Player1 is trying to deflect suspicion onto me. I need to be cautious and gather more information before responding defensively. It's also possible that Player1 is a werewolf trying to sow distrust among the villagers.", "speak": "I understand your concerns, Player1, but it's important that we all share our thoughts openly. I'm here to work with you and the others to figure out who the werewolves are. What specific actions of mine seem suspicious to you?"}
2025-03-02 01:14:22 - INFO - ===
2025-03-02 01:14:24 - INFO - ===
2025-03-02 01:14:24 - INFO - Query: Discussions related to werewolves.
2025-03-02 01:14:24 - INFO - Retrieved similar documents: Moderator: Okay, the role of Player1 is a werewolf.
Player3: {"thought": "I need to gather information to help identify the werewolves, so I'll check Player1 tonight to see their role.", "speak": "Player1"}
2025-03-02 01:14:24 - INFO - ===
2025-03-02 01:14:25 - INFO - ===
2025-03-02 01:14:25 - INFO - Query: Discussions related to werewolves.
2025-03-02 01:14:25 - INFO - Retrieved similar documents: Player4: {"thought": "I need to gauge Player1's reactions and help guide the conversation towards identifying potential werewolves more clearly. It's crucial that we work together to find the truth.", "speak": "Player1, can you elaborate on your actions? I think it's important for us to understand each other's perspectives during this phase."}
2025-03-02 01:14:25 - INFO - ===
2025-03-02 01:14:26 - INFO - Moderator: Player1 has been voted out.
2025-03-02 01:14:26 - INFO - Moderator: The game is over. The werewolves have been defeated, and the village is safe once again!
2025-03-02 01:14:26 - INFO - Moderator: The game is over. The werewolves have been defeated, and the village is safe once again!
