{"basefilepath":"logs/fastslow","max_days_per_game":5,"num_games":10,"reflect_before_vectorstore":true,"max_werewolf_discussion_round":3,"similarity_top_k":2,"random_seed":44}
2025-03-02 01:11:41 - INFO - Starting game 5
2025-03-02 01:11:41 - INFO - Moderator: Player1, if you are the only werewolf, eliminate a player. Otherwise, discuss with your teammates and reach an agreement.
2025-03-02 01:11:41 - INFO - Moderator: Player1, if you are the only werewolf, eliminate a player. Otherwise, discuss with your teammates and reach an agreement.
2025-03-02 01:11:41 - INFO - ===
2025-03-02 01:11:41 - INFO - Query: Discussions related to villagers, seer, witch.
2025-03-02 01:11:41 - INFO - Retrieved similar documents: 
2025-03-02 01:11:41 - INFO - ===
2025-03-02 01:11:43 - INFO - Werewolves discussion: I feel like Player2 has been acting a bit suspicious lately. What do you all think about their behavior? Have you noticed anything odd?
2025-03-02 01:11:43 - INFO - Moderator: Which player do you vote to kill?
2025-03-02 01:11:43 - INFO - Moderator: Which player do you vote to kill?
2025-03-02 01:11:43 - INFO - ===
2025-03-02 01:11:43 - INFO - Query: Discussions related to villagers, seer, witch.
2025-03-02 01:11:43 - INFO - Retrieved similar documents: 
2025-03-02 01:11:43 - INFO - ===
2025-03-02 01:11:45 - INFO - ===
2025-03-02 01:11:45 - INFO - Fast Response: {"thought": "I need to observe Player2's reactions and contributions as they might be trying to steer the conversation away from their involvement. There's a chance they could be a werewolf, but I still have doubts about Player3 and Player4 too. I will take a shot at Player2 for now, as their behavior seems the most suspect.", "vote": "Player2", "uncertainty_score": 0.3}
2025-03-02 01:11:45 - INFO - Fast Uncertainty: 0.3
2025-03-02 01:11:45 - INFO - ===
2025-03-02 01:11:46 - INFO - ===
2025-03-02 01:11:46 - INFO - Slow Response: {"thought": "As a werewolf, I need to eliminate a villager while maintaining my cover. Since there is no prior conversation or information about suspicions, I will randomly choose Player3 as my target tonight. I need to be cautious and unpredictable to avoid being identified by the villagers.", "vote": "Player3", "uncertainty_score": 0.8}
2025-03-02 01:11:46 - INFO - ===
2025-03-02 01:11:46 - INFO - Moderator: The player with the most votes is Player3.
2025-03-02 01:11:46 - INFO - Moderator: Player4, you're the witch. Tonight Player3 is eliminated. Would you like to resurrect Player3?
2025-03-02 01:11:46 - INFO - ===
2025-03-02 01:11:46 - INFO - Query: Discussions related to werewolves.
2025-03-02 01:11:46 - INFO - Retrieved similar documents: 
2025-03-02 01:11:46 - INFO - ===
2025-03-02 01:11:48 - INFO - Witch resurrection response: I will choose to resurrect Player3 since it can strengthen our numbers and potentially give us more insights.
2025-03-02 01:11:48 - INFO - Moderator: The witch has chosen to resurrect the player.
2025-03-02 01:11:48 - INFO - Moderator: Player3, you're the seer. Which player in Player1, Player2, Player3 and Player4 would you like to check tonight?
2025-03-02 01:11:48 - INFO - ===
2025-03-02 01:11:48 - INFO - Query: Discussions related to werewolves.
2025-03-02 01:11:48 - INFO - Retrieved similar documents: 
2025-03-02 01:11:48 - INFO - ===
2025-03-02 01:11:49 - INFO - Seer response: Player1
2025-03-02 01:11:49 - INFO - Moderator: Okay, the role of Player1 is a werewolf.
2025-03-02 01:11:59 - INFO - ===
2025-03-02 01:11:59 - INFO - Query: Discussions related to villagers, seer, witch.
2025-03-02 01:11:59 - INFO - Retrieved similar documents: In the game scenario provided, Player1 is adopting a cautious and manipulative strategy, attempting to deflect attention from themselves while sowing seeds of doubt about others. As a reported werewolf, Player1's strategy involves both influencing the village discussion to target Player2 and secretly voting to eliminate Player3. This approach reflects several important considerations:

1. **Social Manipulation and Deception**: Player1 demonstrates a strong understanding of how to manipulate the social dynamics of the game by directing suspicion towards others rather than onto themselves. This includes fostering discussions that cast doubt on Player2's motives without revealing their werewolf identity.

2. **Managing Uncertainty**: With an uncertainty score of 0.8, Player1 acknowledges a high level of uncertainty, indicating a conscious effort to make decisions in a complex environment with limited information. This informs their decision to choose a target randomly for elimination, which is both a cautious step to avoid detectability and an acknowledgment of their inability to safely predict which player the group suspects or favors.

3. **Risk Mitigation**: Strategically, Player1 attempts to maintain a low profile and avoid becoming a target themselves. By guiding conversation towards Player2 and attacking Player3 covertly, they aim to mitigate the risk of being labeled as suspicious by others.

**Implications for Future Strategic Decisions:**

- **Balancing Proactivity and Caution**: Future strategies should continue to balance taking proactive actions (e.g., leading discussions, making strategic votes) with maintaining a level of caution to avoid detection. This involves carefully selecting when to make bold moves versus when to blend into the background.

- **Adapting to New Information**: Strategies should remain adaptable to evolving dynamics, such as changes in group suspicion or new information coming to light. Being too rigid may result in exposure or failed opportunities.

- **Leveraging Uncertainty as a Tool**: Embrace uncertainty not only as a challenge but as an opportunity to misdirect or mislead other players. The higher the uncertainty in others, the better opportunity for a werewolf to exploit inform whole group dynamics to their advantage.

Reflecting on Player1's approach, a refined balance of deception, adaptability, and strategic aggression, while maintaining awareness of the overall game environment, will be critical for future decision-making.
2025-03-02 01:11:59 - INFO - ===
2025-03-02 01:12:02 - INFO - ===
2025-03-02 01:12:02 - INFO - Query: Discussions related to werewolves.
2025-03-02 01:12:02 - INFO - Retrieved similar documents: 
2025-03-02 01:12:02 - INFO - ===
2025-03-02 01:12:04 - INFO - ===
2025-03-02 01:12:04 - INFO - Query: Discussions related to werewolves.
2025-03-02 01:12:04 - INFO - Retrieved similar documents: Moderator: Okay, the role of Player1 is a werewolf.
Player3: {"thought": "I want to check Player1 tonight. I have a suspicion based on their previous comments during the day phase.", "speak": "Player1"}
2025-03-02 01:12:04 - INFO - ===
2025-03-02 01:12:06 - INFO - ===
2025-03-02 01:12:06 - INFO - Query: Discussions related to werewolves.
2025-03-02 01:12:06 - INFO - Retrieved similar documents: Player4: {"thought": "I see that Player3 has been eliminated, and I must decide whether to use my resurrection ability. Given that there are two werewolves among us, I need to think strategically. If Player3 was a villager, resurrecting them might help us identify the wolves better since they can share valuable information. However, if Player3 was a wolf, I risk bringing back a threat.", "speak": "I will choose to resurrect Player3 since it can strengthen our numbers and potentially give us more insights.", "resurrect": true}
2025-03-02 01:12:06 - INFO - ===
2025-03-02 01:12:08 - INFO - Survivors Discussion: I'm interested to hear your thoughts, Player1 and Player2. Who do you suspect might be among the werewolves?
2025-03-02 01:12:08 - INFO - Moderator: Given the game rules and your role, based on the situation and the information you gain, to win the game, it's time to vote one player eliminated among the alive players. Which player do you vote to kill?
2025-03-02 01:12:08 - INFO - ===
2025-03-02 01:12:08 - INFO - Query: Discussions related to villagers, seer, witch.
2025-03-02 01:12:08 - INFO - Retrieved similar documents: In the game scenario provided, Player1 is adopting a cautious and manipulative strategy, attempting to deflect attention from themselves while sowing seeds of doubt about others. As a reported werewolf, Player1's strategy involves both influencing the village discussion to target Player2 and secretly voting to eliminate Player3. This approach reflects several important considerations:

1. **Social Manipulation and Deception**: Player1 demonstrates a strong understanding of how to manipulate the social dynamics of the game by directing suspicion towards others rather than onto themselves. This includes fostering discussions that cast doubt on Player2's motives without revealing their werewolf identity.

2. **Managing Uncertainty**: With an uncertainty score of 0.8, Player1 acknowledges a high level of uncertainty, indicating a conscious effort to make decisions in a complex environment with limited information. This informs their decision to choose a target randomly for elimination, which is both a cautious step to avoid detectability and an acknowledgment of their inability to safely predict which player the group suspects or favors.

3. **Risk Mitigation**: Strategically, Player1 attempts to maintain a low profile and avoid becoming a target themselves. By guiding conversation towards Player2 and attacking Player3 covertly, they aim to mitigate the risk of being labeled as suspicious by others.

**Implications for Future Strategic Decisions:**

- **Balancing Proactivity and Caution**: Future strategies should continue to balance taking proactive actions (e.g., leading discussions, making strategic votes) with maintaining a level of caution to avoid detection. This involves carefully selecting when to make bold moves versus when to blend into the background.

- **Adapting to New Information**: Strategies should remain adaptable to evolving dynamics, such as changes in group suspicion or new information coming to light. Being too rigid may result in exposure or failed opportunities.

- **Leveraging Uncertainty as a Tool**: Embrace uncertainty not only as a challenge but as an opportunity to misdirect or mislead other players. The higher the uncertainty in others, the better opportunity for a werewolf to exploit inform whole group dynamics to their advantage.

Reflecting on Player1's approach, a refined balance of deception, adaptability, and strategic aggression, while maintaining awareness of the overall game environment, will be critical for future decision-making.
2025-03-02 01:12:08 - INFO - ===
2025-03-02 01:12:09 - INFO - ===
2025-03-02 01:12:09 - INFO - Fast Response: {"thought": "I'm feeling uncertain about our discussions, but I still think we should target Player2. They've been acting suspiciously and directing attention away from themselves. This may create some chaos and might allow me to remain in the shadows a bit longer.", "vote": "Player2", "uncertainty_score": 0.7}
2025-03-02 01:12:09 - INFO - Fast Uncertainty: 0.7
2025-03-02 01:12:09 - INFO - ===
2025-03-02 01:12:11 - INFO - ===
2025-03-02 01:12:11 - INFO - Slow Response: {"thought": "I think directing suspicion towards Player2 might still be beneficial. During previous discussions, it seemed like they might be open to scrutiny by the other players. I plan to continue subtly guiding the conversation towards them, while covertly taking action against Player3 who might pose more of an indirect threat if they're a special role or just a keen villager.", "vote": "Player3", "uncertainty_score": 0.7}
2025-03-02 01:12:11 - INFO - ===
2025-03-02 01:12:11 - INFO - ===
2025-03-02 01:12:11 - INFO - Query: Discussions related to werewolves.
2025-03-02 01:12:11 - INFO - Retrieved similar documents: Player2: {"thought": "Player1 is trying to divert attention towards me. I need to defend myself while still participating in the discussion to gather more information.", "speak": "I appreciate your input, Player1, but I think we should be cautious about jumping to conclusions. Can you share what made you suspect me specifically? I'm open to discussing our thoughts."}
Player2: {"thought": "Player1 is trying to divert attention towards me. I need to defend myself while still participating in the discussion to gather more information.", "speak": "I appreciate your input, Player1, but I think we should be cautious about jumping to conclusions. Can you share what made you suspect me specifically? I'm open to discussing our thoughts."}
2025-03-02 01:12:11 - INFO - ===
2025-03-02 01:12:13 - INFO - ===
2025-03-02 01:12:13 - INFO - Query: Discussions related to werewolves.
2025-03-02 01:12:13 - INFO - Retrieved similar documents: Moderator: Okay, the role of Player1 is a werewolf.
Player3: {"thought": "I need to be careful with my words and steer the conversation towards Player1 while keeping a low profile, as I am the Seer.", "speak": "I agree, we should share our thoughts and reasons behind our suspicions. I would like to hear Player2's reasoning as well."}
2025-03-02 01:12:13 - INFO - ===
2025-03-02 01:12:14 - INFO - ===
2025-03-02 01:12:14 - INFO - Query: Discussions related to werewolves.
2025-03-02 01:12:14 - INFO - Retrieved similar documents: Player4: {"thought": "I believe Player1 and Player2 will provide insights into their suspicions, and I can gather information to decide who to trust more. Our team now feels stronger with Player3 resurrected.", "speak": "I'm interested to hear your thoughts, Player1 and Player2. Who do you suspect might be among the werewolves?"}
2025-03-02 01:12:14 - INFO - ===
2025-03-02 01:12:16 - INFO - Moderator: Player1 has been voted out.
2025-03-02 01:12:16 - INFO - Moderator: The game is over. The werewolves have been defeated, and the village is safe once again!
2025-03-02 01:12:16 - INFO - Moderator: The game is over. The werewolves have been defeated, and the village is safe once again!
