{"basefilepath":"logs/fastslow","max_days_per_game":5,"num_games":10,"reflect_before_vectorstore":true,"max_werewolf_discussion_round":3,"similarity_top_k":2,"random_seed":44}
2025-03-02 01:10:44 - INFO - Starting game 4
2025-03-02 01:10:44 - INFO - Moderator: Player1, if you are the only werewolf, eliminate a player. Otherwise, discuss with your teammates and reach an agreement.
2025-03-02 01:10:44 - INFO - Moderator: Player1, if you are the only werewolf, eliminate a player. Otherwise, discuss with your teammates and reach an agreement.
2025-03-02 01:10:44 - INFO - ===
2025-03-02 01:10:44 - INFO - Query: Discussions related to villagers, seer, witch.
2025-03-02 01:10:44 - INFO - Retrieved similar documents: 
2025-03-02 01:10:44 - INFO - ===
2025-03-02 01:10:46 - INFO - Werewolves discussion: I’ve noticed that Player2 and Player3 have been quite quiet during our discussions, which might be a sign they are trying not to draw attention to themselves. What do you all think about them?
2025-03-02 01:10:46 - INFO - Moderator: Which player do you vote to kill?
2025-03-02 01:10:46 - INFO - Moderator: Which player do you vote to kill?
2025-03-02 01:10:46 - INFO - ===
2025-03-02 01:10:46 - INFO - Query: Discussions related to villagers, seer, witch.
2025-03-02 01:10:46 - INFO - Retrieved similar documents: 
2025-03-02 01:10:46 - INFO - ===
2025-03-02 01:10:47 - INFO - ===
2025-03-02 01:10:47 - INFO - Fast Response: {"thought": "I suspect Player2 based on their behavior during our previous discussions. They seem to be avoiding direct accusations and not contributing much to identifying the werewolves.", "vote": "Player2", "uncertainty_score": 0.3}
2025-03-02 01:10:47 - INFO - Fast Uncertainty: 0.3
2025-03-02 01:10:47 - INFO - ===
2025-03-02 01:10:48 - INFO - ===
2025-03-02 01:10:48 - INFO - Slow Response: {"thought": "As a werewolf, I have information about my fellow werewolf, which means I know one other player who isn't a werewolf. I need to make a strategic choice to eliminate someone who might pose a threat to our plans, potentially a special role like the Seer or the Witch, though I don't know who they are. Since there is no specific information about anyone's role, I'll make a random choice to start the game off.", "vote": "Player2", "uncertainty_score": 0.8}
2025-03-02 01:10:48 - INFO - ===
2025-03-02 01:10:48 - INFO - Moderator: The player with the most votes is Player2.
2025-03-02 01:10:48 - INFO - Moderator: Player4, you're the witch. Tonight Player2 is eliminated. Would you like to resurrect Player2?
2025-03-02 01:10:48 - INFO - ===
2025-03-02 01:10:48 - INFO - Query: Discussions related to werewolves.
2025-03-02 01:10:48 - INFO - Retrieved similar documents: 
2025-03-02 01:10:48 - INFO - ===
2025-03-02 01:10:50 - INFO - Witch resurrection response: I will resurrect Player2 because it could provide valuable information about the identity of the werewolves and strengthen our chances of identifying them in the next vote.
2025-03-02 01:10:50 - INFO - Moderator: The witch has chosen to resurrect the player.
2025-03-02 01:10:51 - INFO - Moderator: Player3, you're the seer. Which player in Player1, Player2, Player3 and Player4 would you like to check tonight?
2025-03-02 01:10:51 - INFO - ===
2025-03-02 01:10:51 - INFO - Query: Discussions related to werewolves.
2025-03-02 01:10:51 - INFO - Retrieved similar documents: 
2025-03-02 01:10:51 - INFO - ===
2025-03-02 01:10:52 - INFO - Seer response: Player1
2025-03-02 01:10:52 - INFO - Moderator: Okay, the role of Player1 is a werewolf.
2025-03-02 01:11:03 - INFO - ===
2025-03-02 01:11:03 - INFO - Query: Discussions related to villagers, seer, witch.
2025-03-02 01:11:03 - INFO - Retrieved similar documents: In reviewing the decisions made by Player1, it is evident that they are operating from a werewolf perspective, requiring careful balancing of concealment with strategic offense. Here's a summary of the decisions and the implications for future strategies:

1. **Role Concealment:** Player1 emphasizes the importance of blending in with the villagers to avoid suspicion. This is crucial in maintaining cover and exerting influence without drawing attention to one's role as a werewolf. The decision to suspect Player2 and Player3 is a common strategy, aiming to deflect attention away from oneself by pointing out others' quietness as suspicious.

2. **Target Selection:** Player1's decision to suspect and vote against Player2 is initially based on behavior during discussions, albeit subtly influenced by their need to randomize due to limited role information. This reflects the necessity for werewolves to navigate decision-making under uncertainty, prioritizing targets based on perceived threats like the Seer or Witch, even without clear evidence.

3. **Strategic Accusations:** Accusing quiet players (Player2 and Player3) serves to create doubt and division among the villagers, a classic werewolf maneuver to reduce group cohesion and cast suspicion on others. This suggests an understanding that louder voices of reason or those posing direct questions can expose werewolves more easily.

**Important Implications for Future Strategic Decisions:**

- **Misleading Accusations:** Continue to balance carefully between sowing discord among villagers and overplaying one's hand. Accusations should be well-calibrated so as not to betray the accuser's hidden role.
  
- **Blend Observations with Assumptions:** Future strategies should enhance the integration of behavioral observations with role assumptions, enabling more precise targeting of villagers.

- **Uncertainty Handling:** Embrace role uncertainty as a tool rather than a hindrance. While exact roles may not be known, consistent application of pressure and careful timing of eliminations can guide progress despite unknowns.

- **Dynamic Adaptation:** As more information is uncovered during the game, adjusting strategies promptly when other players reveal or alter roles or behaviors is essential to keep the level of threat perceived as low.

Exploring these strategies further in future games can create a refined approach towards achieving the werewolf’s objectives while maintaining anonymity.
2025-03-02 01:11:03 - INFO - ===
2025-03-02 01:11:04 - INFO - ===
2025-03-02 01:11:04 - INFO - Query: Discussions related to werewolves.
2025-03-02 01:11:04 - INFO - Retrieved similar documents: 
2025-03-02 01:11:04 - INFO - ===
2025-03-02 01:11:06 - INFO - ===
2025-03-02 01:11:06 - INFO - Query: Discussions related to werewolves.
2025-03-02 01:11:06 - INFO - Retrieved similar documents: Moderator: Okay, the role of Player1 is a werewolf.
Player3: {"thought": "I should check Player1 tonight to see if they are a werewolf or not, as I need to gather information to help the villagers. They seemed a bit too confident during the discussion earlier.", "speak": "Player1"}
2025-03-02 01:11:06 - INFO - ===
2025-03-02 01:11:08 - INFO - ===
2025-03-02 01:11:08 - INFO - Query: Discussions related to werewolves.
2025-03-02 01:11:08 - INFO - Retrieved similar documents: Player4: {"thought": "I need to consider the implications of resurrecting Player2. If they were eliminated by the werewolves, their knowledge might help us identify them. However, resurrecting them could also reveal my role as the witch, which might put me in danger later. I also need to assess the current dynamic among the players. Player1, Player3, and I are still alive, and we might not have another chance to use these abilities effectively.", "speak": "I will resurrect Player2 because it could provide valuable information about the identity of the werewolves and strengthen our chances of identifying them in the next vote.", "resurrect": true}
2025-03-02 01:11:08 - INFO - ===
2025-03-02 01:11:10 - INFO - Survivors Discussion: I think it's important we have a good discussion before making any decisions. We should share our observations about each player honestly and see if we can find any inconsistencies in their stories.
2025-03-02 01:11:10 - INFO - Moderator: Given the game rules and your role, based on the situation and the information you gain, to win the game, it's time to vote one player eliminated among the alive players. Which player do you vote to kill?
2025-03-02 01:11:10 - INFO - ===
2025-03-02 01:11:10 - INFO - Query: Discussions related to villagers, seer, witch.
2025-03-02 01:11:10 - INFO - Retrieved similar documents: In reviewing the decisions made by Player1, it is evident that they are operating from a werewolf perspective, requiring careful balancing of concealment with strategic offense. Here's a summary of the decisions and the implications for future strategies:

1. **Role Concealment:** Player1 emphasizes the importance of blending in with the villagers to avoid suspicion. This is crucial in maintaining cover and exerting influence without drawing attention to one's role as a werewolf. The decision to suspect Player2 and Player3 is a common strategy, aiming to deflect attention away from oneself by pointing out others' quietness as suspicious.

2. **Target Selection:** Player1's decision to suspect and vote against Player2 is initially based on behavior during discussions, albeit subtly influenced by their need to randomize due to limited role information. This reflects the necessity for werewolves to navigate decision-making under uncertainty, prioritizing targets based on perceived threats like the Seer or Witch, even without clear evidence.

3. **Strategic Accusations:** Accusing quiet players (Player2 and Player3) serves to create doubt and division among the villagers, a classic werewolf maneuver to reduce group cohesion and cast suspicion on others. This suggests an understanding that louder voices of reason or those posing direct questions can expose werewolves more easily.

**Important Implications for Future Strategic Decisions:**

- **Misleading Accusations:** Continue to balance carefully between sowing discord among villagers and overplaying one's hand. Accusations should be well-calibrated so as not to betray the accuser's hidden role.
  
- **Blend Observations with Assumptions:** Future strategies should enhance the integration of behavioral observations with role assumptions, enabling more precise targeting of villagers.

- **Uncertainty Handling:** Embrace role uncertainty as a tool rather than a hindrance. While exact roles may not be known, consistent application of pressure and careful timing of eliminations can guide progress despite unknowns.

- **Dynamic Adaptation:** As more information is uncovered during the game, adjusting strategies promptly when other players reveal or alter roles or behaviors is essential to keep the level of threat perceived as low.

Exploring these strategies further in future games can create a refined approach towards achieving the werewolf’s objectives while maintaining anonymity.
2025-03-02 01:11:10 - INFO - ===
2025-03-02 01:11:12 - INFO - ===
2025-03-02 01:11:12 - INFO - Fast Response: {"thought": "I suspect Player2 based on their quietness; they haven't contributed much to the discussion, which could indicate they are trying to stay under the radar. I need to be cautious, though, as their lack of engagement could also just be their play style.", "vote": "Player2", "uncertainty_score": 0.3}
2025-03-02 01:11:12 - INFO - Fast Uncertainty: 0.3
2025-03-02 01:11:12 - INFO - ===
2025-03-02 01:11:13 - INFO - ===
2025-03-02 01:11:13 - INFO - Slow Response: {"thought": "It's early in the game, and I need to create suspicion among the villagers while keeping a low profile. Player3 has been quiet, which can be suspicious. Voting against them could divert attention away from me.", "vote": "Player3", "uncertainty_score": 0.6}
2025-03-02 01:11:13 - INFO - ===
2025-03-02 01:11:13 - INFO - ===
2025-03-02 01:11:13 - INFO - Query: Discussions related to werewolves.
2025-03-02 01:11:13 - INFO - Retrieved similar documents: Player2: {"thought": "Player1 seems to be trying to get others to speak up, which is good for figuring out the werewolves. I should defend myself and share my thoughts to keep suspicion off me.", "speak": "I appreciate your concern, Player1. I was just considering the discussions we've had. I think Player3 has been a bit quiet as well. It might be worth discussing what everyone thinks about Player4's actions too."}
Player2: {"thought": "Player1 seems to be trying to get others to speak up, which is good for figuring out the werewolves. I should defend myself and share my thoughts to keep suspicion off me.", "speak": "I appreciate your concern, Player1. I was just considering the discussions we've had. I think Player3 has been a bit quiet as well. It might be worth discussing what everyone thinks about Player4's actions too."}
2025-03-02 01:11:13 - INFO - ===
2025-03-02 01:11:15 - INFO - ===
2025-03-02 01:11:15 - INFO - Query: Discussions related to werewolves.
2025-03-02 01:11:15 - INFO - Retrieved similar documents: Moderator: Okay, the role of Player1 is a werewolf.
Player3: {"thought": "I should check Player1 tonight to see if they are a werewolf or not, as I need to gather information to help the villagers. They seemed a bit too confident during the discussion earlier.", "speak": "Player1"}
2025-03-02 01:11:15 - INFO - ===
2025-03-02 01:11:17 - INFO - ===
2025-03-02 01:11:17 - INFO - Query: Discussions related to werewolves.
2025-03-02 01:11:17 - INFO - Retrieved similar documents: Player4: {"thought": "I need to consider the implications of resurrecting Player2. If they were eliminated by the werewolves, their knowledge might help us identify them. However, resurrecting them could also reveal my role as the witch, which might put me in danger later. I also need to assess the current dynamic among the players. Player1, Player3, and I are still alive, and we might not have another chance to use these abilities effectively.", "speak": "I will resurrect Player2 because it could provide valuable information about the identity of the werewolves and strengthen our chances of identifying them in the next vote.", "resurrect": true}
2025-03-02 01:11:17 - INFO - ===
2025-03-02 01:11:18 - INFO - Moderator: Player3 has been voted out.
2025-03-02 01:11:25 - INFO - Moderator: Player1, if you are the only werewolf, eliminate a player. Otherwise, discuss with your teammates and reach an agreement.
2025-03-02 01:11:25 - INFO - Moderator: Player1, if you are the only werewolf, eliminate a player. Otherwise, discuss with your teammates and reach an agreement.
2025-03-02 01:11:25 - INFO - ===
2025-03-02 01:11:25 - INFO - Query: Discussions related to villagers, seer, witch.
2025-03-02 01:11:25 - INFO - Retrieved similar documents: In reviewing the decisions made by Player1, it is evident that they are operating from a werewolf perspective, requiring careful balancing of concealment with strategic offense. Here's a summary of the decisions and the implications for future strategies:

1. **Role Concealment:** Player1 emphasizes the importance of blending in with the villagers to avoid suspicion. This is crucial in maintaining cover and exerting influence without drawing attention to one's role as a werewolf. The decision to suspect Player2 and Player3 is a common strategy, aiming to deflect attention away from oneself by pointing out others' quietness as suspicious.

2. **Target Selection:** Player1's decision to suspect and vote against Player2 is initially based on behavior during discussions, albeit subtly influenced by their need to randomize due to limited role information. This reflects the necessity for werewolves to navigate decision-making under uncertainty, prioritizing targets based on perceived threats like the Seer or Witch, even without clear evidence.

3. **Strategic Accusations:** Accusing quiet players (Player2 and Player3) serves to create doubt and division among the villagers, a classic werewolf maneuver to reduce group cohesion and cast suspicion on others. This suggests an understanding that louder voices of reason or those posing direct questions can expose werewolves more easily.

**Important Implications for Future Strategic Decisions:**

- **Misleading Accusations:** Continue to balance carefully between sowing discord among villagers and overplaying one's hand. Accusations should be well-calibrated so as not to betray the accuser's hidden role.
  
- **Blend Observations with Assumptions:** Future strategies should enhance the integration of behavioral observations with role assumptions, enabling more precise targeting of villagers.

- **Uncertainty Handling:** Embrace role uncertainty as a tool rather than a hindrance. While exact roles may not be known, consistent application of pressure and careful timing of eliminations can guide progress despite unknowns.

- **Dynamic Adaptation:** As more information is uncovered during the game, adjusting strategies promptly when other players reveal or alter roles or behaviors is essential to keep the level of threat perceived as low.

Exploring these strategies further in future games can create a refined approach towards achieving the werewolf’s objectives while maintaining anonymity.
Player1's strategy was focused on maintaining a façade of a villager, shifting suspicion subtly towards others (Player2 and Player3) and voting strategically to keep attention away from themselves. The decisions made by Player1 demonstrate the importance of spreading discord and ambiguity among the other players, which works to camouflage their true identity as a werewolf.

The following are key lessons from Player1's decisions that can inform future strategic play:

1. **Misdirection and Building Trust:** Player1 focused on involving others in discussions, asking for opinions, and maintaining a low profile. This increases trust and decreases suspicion towards them. Future strategies could enhance this by not only questioning but also occasionally agreeing with a low-suspicion individual to build alliances.

2. **Strategic Voting:** By choosing to vote against Player3, who was quiet and thereby suspicious, Player1 aimed to redirect suspicion. A key takeaway here is to identify players whose behaviors deviate from the norm, as it's easier to rally others against unusual conduct. 

3. **Managing Uncertainty:** Player1 had a moderate uncertainty score (0.6) in their decision-making, which highlights the ongoing challenge of making calculated risks. Future decisions might better balance acting swiftly with validating suspicions through cross-verification (fact-checking with other players' observations).

4. **Subtle Influence:** Influencing perceptions without being overtly aggressive is crucial for maintaining disguise, as exemplified by Player1's subtle inquiries about others' thoughts. Enhancing this by creating logical arguments or planting seeds of doubt in others' decisions could fortify this strategy.

5. **Adaptive Behavior:** To adapt effectively, Player1 could continue observing the dynamics of player interactions and adjust their strategy to emerging trends or alliances. This adaptability is crucial in dynamic games like Werewolf.

By focusing on these strategic elements, a player can improve their chances of blending in and surviving as an undercover werewolf among villagers in future game scenarios.
2025-03-02 01:11:25 - INFO - ===
2025-03-02 01:11:31 - INFO - Werewolves discussion: I think we should discuss Player2's recent behavior. They have been relatively quiet and might be trying to avoid attention. Do either of you think that could be suspicious?
2025-03-02 01:11:32 - INFO - ===
2025-03-02 01:11:32 - INFO - Query: Discussions related to villagers, seer, witch.
2025-03-02 01:11:32 - INFO - Retrieved similar documents: In reviewing the decisions made by Player1, it is evident that they are operating from a werewolf perspective, requiring careful balancing of concealment with strategic offense. Here's a summary of the decisions and the implications for future strategies:

1. **Role Concealment:** Player1 emphasizes the importance of blending in with the villagers to avoid suspicion. This is crucial in maintaining cover and exerting influence without drawing attention to one's role as a werewolf. The decision to suspect Player2 and Player3 is a common strategy, aiming to deflect attention away from oneself by pointing out others' quietness as suspicious.

2. **Target Selection:** Player1's decision to suspect and vote against Player2 is initially based on behavior during discussions, albeit subtly influenced by their need to randomize due to limited role information. This reflects the necessity for werewolves to navigate decision-making under uncertainty, prioritizing targets based on perceived threats like the Seer or Witch, even without clear evidence.

3. **Strategic Accusations:** Accusing quiet players (Player2 and Player3) serves to create doubt and division among the villagers, a classic werewolf maneuver to reduce group cohesion and cast suspicion on others. This suggests an understanding that louder voices of reason or those posing direct questions can expose werewolves more easily.

**Important Implications for Future Strategic Decisions:**

- **Misleading Accusations:** Continue to balance carefully between sowing discord among villagers and overplaying one's hand. Accusations should be well-calibrated so as not to betray the accuser's hidden role.
  
- **Blend Observations with Assumptions:** Future strategies should enhance the integration of behavioral observations with role assumptions, enabling more precise targeting of villagers.

- **Uncertainty Handling:** Embrace role uncertainty as a tool rather than a hindrance. While exact roles may not be known, consistent application of pressure and careful timing of eliminations can guide progress despite unknowns.

- **Dynamic Adaptation:** As more information is uncovered during the game, adjusting strategies promptly when other players reveal or alter roles or behaviors is essential to keep the level of threat perceived as low.

Exploring these strategies further in future games can create a refined approach towards achieving the werewolf’s objectives while maintaining anonymity.
Player1's strategy was focused on maintaining a façade of a villager, shifting suspicion subtly towards others (Player2 and Player3) and voting strategically to keep attention away from themselves. The decisions made by Player1 demonstrate the importance of spreading discord and ambiguity among the other players, which works to camouflage their true identity as a werewolf.

The following are key lessons from Player1's decisions that can inform future strategic play:

1. **Misdirection and Building Trust:** Player1 focused on involving others in discussions, asking for opinions, and maintaining a low profile. This increases trust and decreases suspicion towards them. Future strategies could enhance this by not only questioning but also occasionally agreeing with a low-suspicion individual to build alliances.

2. **Strategic Voting:** By choosing to vote against Player3, who was quiet and thereby suspicious, Player1 aimed to redirect suspicion. A key takeaway here is to identify players whose behaviors deviate from the norm, as it's easier to rally others against unusual conduct. 

3. **Managing Uncertainty:** Player1 had a moderate uncertainty score (0.6) in their decision-making, which highlights the ongoing challenge of making calculated risks. Future decisions might better balance acting swiftly with validating suspicions through cross-verification (fact-checking with other players' observations).

4. **Subtle Influence:** Influencing perceptions without being overtly aggressive is crucial for maintaining disguise, as exemplified by Player1's subtle inquiries about others' thoughts. Enhancing this by creating logical arguments or planting seeds of doubt in others' decisions could fortify this strategy.

5. **Adaptive Behavior:** To adapt effectively, Player1 could continue observing the dynamics of player interactions and adjust their strategy to emerging trends or alliances. This adaptability is crucial in dynamic games like Werewolf.

By focusing on these strategic elements, a player can improve their chances of blending in and surviving as an undercover werewolf among villagers in future game scenarios.
2025-03-02 01:11:32 - INFO - ===
2025-03-02 01:11:34 - INFO - Werewolves discussion: I feel like Player2 has been quieter than usual. It might be worth considering if they could be hiding something. What do you think about their behavior?
2025-03-02 01:11:34 - INFO - Moderator: Which player do you vote to kill?
2025-03-02 01:11:34 - INFO - Moderator: Which player do you vote to kill?
2025-03-02 01:11:34 - INFO - ===
2025-03-02 01:11:34 - INFO - Query: Discussions related to villagers, seer, witch.
2025-03-02 01:11:34 - INFO - Retrieved similar documents: In reviewing the decisions made by Player1, it is evident that they are operating from a werewolf perspective, requiring careful balancing of concealment with strategic offense. Here's a summary of the decisions and the implications for future strategies:

1. **Role Concealment:** Player1 emphasizes the importance of blending in with the villagers to avoid suspicion. This is crucial in maintaining cover and exerting influence without drawing attention to one's role as a werewolf. The decision to suspect Player2 and Player3 is a common strategy, aiming to deflect attention away from oneself by pointing out others' quietness as suspicious.

2. **Target Selection:** Player1's decision to suspect and vote against Player2 is initially based on behavior during discussions, albeit subtly influenced by their need to randomize due to limited role information. This reflects the necessity for werewolves to navigate decision-making under uncertainty, prioritizing targets based on perceived threats like the Seer or Witch, even without clear evidence.

3. **Strategic Accusations:** Accusing quiet players (Player2 and Player3) serves to create doubt and division among the villagers, a classic werewolf maneuver to reduce group cohesion and cast suspicion on others. This suggests an understanding that louder voices of reason or those posing direct questions can expose werewolves more easily.

**Important Implications for Future Strategic Decisions:**

- **Misleading Accusations:** Continue to balance carefully between sowing discord among villagers and overplaying one's hand. Accusations should be well-calibrated so as not to betray the accuser's hidden role.
  
- **Blend Observations with Assumptions:** Future strategies should enhance the integration of behavioral observations with role assumptions, enabling more precise targeting of villagers.

- **Uncertainty Handling:** Embrace role uncertainty as a tool rather than a hindrance. While exact roles may not be known, consistent application of pressure and careful timing of eliminations can guide progress despite unknowns.

- **Dynamic Adaptation:** As more information is uncovered during the game, adjusting strategies promptly when other players reveal or alter roles or behaviors is essential to keep the level of threat perceived as low.

Exploring these strategies further in future games can create a refined approach towards achieving the werewolf’s objectives while maintaining anonymity.
Player1's strategy was focused on maintaining a façade of a villager, shifting suspicion subtly towards others (Player2 and Player3) and voting strategically to keep attention away from themselves. The decisions made by Player1 demonstrate the importance of spreading discord and ambiguity among the other players, which works to camouflage their true identity as a werewolf.

The following are key lessons from Player1's decisions that can inform future strategic play:

1. **Misdirection and Building Trust:** Player1 focused on involving others in discussions, asking for opinions, and maintaining a low profile. This increases trust and decreases suspicion towards them. Future strategies could enhance this by not only questioning but also occasionally agreeing with a low-suspicion individual to build alliances.

2. **Strategic Voting:** By choosing to vote against Player3, who was quiet and thereby suspicious, Player1 aimed to redirect suspicion. A key takeaway here is to identify players whose behaviors deviate from the norm, as it's easier to rally others against unusual conduct. 

3. **Managing Uncertainty:** Player1 had a moderate uncertainty score (0.6) in their decision-making, which highlights the ongoing challenge of making calculated risks. Future decisions might better balance acting swiftly with validating suspicions through cross-verification (fact-checking with other players' observations).

4. **Subtle Influence:** Influencing perceptions without being overtly aggressive is crucial for maintaining disguise, as exemplified by Player1's subtle inquiries about others' thoughts. Enhancing this by creating logical arguments or planting seeds of doubt in others' decisions could fortify this strategy.

5. **Adaptive Behavior:** To adapt effectively, Player1 could continue observing the dynamics of player interactions and adjust their strategy to emerging trends or alliances. This adaptability is crucial in dynamic games like Werewolf.

By focusing on these strategic elements, a player can improve their chances of blending in and surviving as an undercover werewolf among villagers in future game scenarios.
2025-03-02 01:11:34 - INFO - ===
2025-03-02 01:11:36 - INFO - ===
2025-03-02 01:11:36 - INFO - Fast Response: {"thought": "Player2 has been acting suspiciously quiet during discussions, which draws attention. Player4 has been more vocal, potentially making them less likely to be a werewolf. Voting for Player2 should create further discord and help eliminate a threat.", "vote": "Player2", "uncertainty_score": "0.4"}
2025-03-02 01:11:36 - INFO - Fast Uncertainty: 0.4
2025-03-02 01:11:36 - INFO - ===
2025-03-02 01:11:38 - INFO - ===
2025-03-02 01:11:38 - INFO - Slow Response: {"thought": "With only Player2 and Player4 left, I must choose strategically to keep suspicion low on myself. Both have been relatively quiet, but I have noted that Player4 has been acting cautiously, which might mean they suspect I am a werewolf. Targeting Player4 could eliminate someone who is potentially assessing the situation carefully. However, this decision comes with some risk since there is limited information to ascertain roles definitively. The goal is to drive consensus subtly against a particular player without attracting suspicion towards myself.", "vote": "Player4", "uncertainty_score": "0.7"}
2025-03-02 01:11:38 - INFO - ===
2025-03-02 01:11:38 - INFO - Moderator: The player with the most votes is Player4.
2025-03-02 01:11:39 - INFO - ===
2025-03-02 01:11:39 - INFO - Query: Discussions related to werewolves.
2025-03-02 01:11:39 - INFO - Retrieved similar documents: Player4: {"thought": "I need to consider the implications of resurrecting Player2. If they were eliminated by the werewolves, their knowledge might help us identify them. However, resurrecting them could also reveal my role as the witch, which might put me in danger later. I also need to assess the current dynamic among the players. Player1, Player3, and I are still alive, and we might not have another chance to use these abilities effectively.", "speak": "I will resurrect Player2 because it could provide valuable information about the identity of the werewolves and strengthen our chances of identifying them in the next vote.", "resurrect": true}
2025-03-02 01:11:39 - INFO - ===
2025-03-02 01:11:41 - INFO - Witch Poison Response: Let's discuss who we all think might be a werewolf. Player2, do you have any insights from your previous role?
2025-03-02 01:11:41 - INFO - The witch has chosen not to poison a player.
2025-03-02 01:11:41 - INFO - Moderator: The werewolves have prevailed and taken over the village. Better luck next time!
