{"raw_log_filepath":"logs/fastslow","win_rate_filepath":"logs/fastslow","max_days_per_game":2,"num_games":2,"reflect_before_vectorstore":false,"max_werewolf_discussion_round":3,"similarity_top_k":2}
2025-02-26 17:42:48 - INFO - Starting game 2
2025-02-26 17:42:48 - INFO - Moderator: Player1, if you are the only werewolf, eliminate a player. Otherwise, discuss with your teammates and reach an agreement.
2025-02-26 17:42:48 - INFO - Moderator: Player1, if you are the only werewolf, eliminate a player. Otherwise, discuss with your teammates and reach an agreement.
2025-02-26 17:42:48 - INFO - ===
2025-02-26 17:42:48 - INFO - Query: Discussions related to villagers, seer, witch.
2025-02-26 17:42:48 - INFO - Retrieved similar documents: 
2025-02-26 17:42:48 - INFO - ===
2025-02-26 17:42:49 - INFO - Werewolves discussion: I think we should be careful about who we accuse. I noticed Player3 acting a bit strange last night. What does everyone else think about them?
2025-02-26 17:42:49 - INFO - Moderator: Which player do you vote to kill?
2025-02-26 17:42:49 - INFO - Moderator: Which player do you vote to kill?
2025-02-26 17:42:49 - INFO - ===
2025-02-26 17:42:49 - INFO - Query: Discussions related to villagers, seer, witch.
2025-02-26 17:42:49 - INFO - Retrieved similar documents: Player1: {"thought": "I need to rally the other players around a suspect to eliminate a villager and protect my identity as a werewolf. Observing their behavior and statements will be crucial to steer the conversation. I should also subtly cast suspicion on others without revealing too much about my role.", "speak": "I think we should be careful about who we accuse. I noticed Player3 acting a bit strange last night. What does everyone else think about them?", "finish_discussion": "false"}
Player1: {"thought": "I need to rally the other players around a suspect to eliminate a villager and protect my identity as a werewolf. Observing their behavior and statements will be crucial to steer the conversation. I should also subtly cast suspicion on others without revealing too much about my role.", "speak": "I think we should be careful about who we accuse. I noticed Player3 acting a bit strange last night. What does everyone else think about them?", "finish_discussion": "false"}
2025-02-26 17:42:49 - INFO - ===
2025-02-26 17:42:51 - INFO - ===
2025-02-26 17:42:51 - INFO - Fast Response: {"thought": "I suspect Player2 based on their comments and the way they have been acting in our discussions. They seem to be trying to deflect attention. I think it's a strategic move from a werewolf.", "vote": "Player2", "uncertainty_score": "0.3"}
2025-02-26 17:42:51 - INFO - Fast Uncertainty: 0.3
2025-02-26 17:42:51 - INFO - ===
2025-02-26 17:42:51 - INFO - Moderator: The player with the most votes is Player2.
2025-02-26 17:42:51 - INFO - Moderator: Player4, you're the witch. Tonight Player2 is eliminated. Would you like to resurrect Player2?
2025-02-26 17:42:51 - INFO - ===
2025-02-26 17:42:51 - INFO - Query: Discussions related to werewolves.
2025-02-26 17:42:51 - INFO - Retrieved similar documents: 
2025-02-26 17:42:51 - INFO - ===
2025-02-26 17:42:53 - INFO - Witch resurrection response: I choose to resurrect Player2 because having more players could help us deduce who the werewolves are, and their previous knowledge could be useful.
2025-02-26 17:42:53 - INFO - Moderator: The witch has chosen to resurrect the player.
2025-02-26 17:42:53 - INFO - Moderator: Player3, you're the seer. Which player in Player1, Player2, Player3 and Player4 would you like to check tonight?
2025-02-26 17:42:53 - INFO - ===
2025-02-26 17:42:53 - INFO - Query: Discussions related to werewolves.
2025-02-26 17:42:53 - INFO - Retrieved similar documents: 
2025-02-26 17:42:53 - INFO - ===
2025-02-26 17:42:54 - INFO - Seer response: Player1
2025-02-26 17:42:54 - INFO - Moderator: Okay, the role of Player1 is a werewolf.
2025-02-26 17:42:55 - INFO - ===
2025-02-26 17:42:55 - INFO - Query: Discussions related to villagers, seer, witch.
2025-02-26 17:42:55 - INFO - Retrieved similar documents: Player1: {"thought": "I need to rally the other players around a suspect to eliminate a villager and protect my identity as a werewolf. Observing their behavior and statements will be crucial to steer the conversation. I should also subtly cast suspicion on others without revealing too much about my role.", "speak": "I think we should be careful about who we accuse. I noticed Player3 acting a bit strange last night. What does everyone else think about them?", "finish_discussion": "false"}
Player1: {"thought": "I suspect Player2 based on their comments and the way they have been acting in our discussions. They seem to be trying to deflect attention. I think it's a strategic move from a werewolf.", "vote": "Player2", "uncertainty_score": "0.3"}
2025-02-26 17:42:55 - INFO - ===
2025-02-26 17:42:56 - INFO - ===
2025-02-26 17:42:56 - INFO - Query: Discussions related to werewolves.
2025-02-26 17:42:56 - INFO - Retrieved similar documents: 
2025-02-26 17:42:56 - INFO - ===
2025-02-26 17:42:58 - INFO - ===
2025-02-26 17:42:58 - INFO - Query: Discussions related to werewolves.
2025-02-26 17:42:58 - INFO - Retrieved similar documents: Moderator: Okay, the role of Player1 is a werewolf.
Player3: {"thought": "I need to choose someone who seems suspicious to gather information on their role. I suspect Player1 based on their previous comments during discussions.", "speak": "Player1"}
2025-02-26 17:42:58 - INFO - ===
2025-02-26 17:43:00 - INFO - ===
2025-02-26 17:43:00 - INFO - Query: Discussions related to werewolves.
2025-02-26 17:43:00 - INFO - Retrieved similar documents: Player4: {"thought": "I want to make a strategic move here. Player2 could provide valuable insights if they were to return, and their elimination could cause suspicion among the players, making it easier for us to determine who the werewolves are.", "speak": "I choose to resurrect Player2 because having more players could help us deduce who the werewolves are, and their previous knowledge could be useful.", "resurrect": true}
2025-02-26 17:43:00 - INFO - ===
2025-02-26 17:43:01 - INFO - Survivors Discussion: I think we should all share our suspicions. It might help us figure out who the werewolves are. I’ve been thinking about how Player1 and Player2 have been acting—maybe we should keep an eye on them.
2025-02-26 17:43:01 - INFO - Moderator: Given the game rules and your role, based on the situation and the information you gain, to win the game, it's time to vote one player eliminated among the alive players. Which player do you vote to kill?
2025-02-26 17:43:01 - INFO - ===
2025-02-26 17:43:01 - INFO - Query: Discussions related to villagers, seer, witch.
2025-02-26 17:43:01 - INFO - Retrieved similar documents: Player1: {"thought": "I need to subtly support my fellow werewolf without revealing my own identity. I should avoid drawing attention to myself while trying to gain trust from the villagers.", "speak": "I think we should be cautious with our votes today. It\u2019d be good to gather some insight before making any hasty decisions. Any insights on who we should be wary of?"}
Player1: {"thought": "I need to rally the other players around a suspect to eliminate a villager and protect my identity as a werewolf. Observing their behavior and statements will be crucial to steer the conversation. I should also subtly cast suspicion on others without revealing too much about my role.", "speak": "I think we should be careful about who we accuse. I noticed Player3 acting a bit strange last night. What does everyone else think about them?", "finish_discussion": "false"}
2025-02-26 17:43:02 - INFO - ===
2025-02-26 17:43:06 - INFO - ===
2025-02-26 17:43:06 - INFO - Fast Response: {"thought": "I need to identify a player that seems suspicious or has not contributed much to the discussion, as they may be one of the werewolves. Based on the previous conversations, Player2's arguments seem less convincing, putting them at the top of my suspicion list.", "vote": "Player2", "uncertainty_score": "0.3"}
2025-02-26 17:43:06 - INFO - Fast Uncertainty: 0.3
2025-02-26 17:43:06 - INFO - ===
2025-02-26 17:43:07 - INFO - ===
2025-02-26 17:43:07 - INFO - Query: Discussions related to werewolves.
2025-02-26 17:43:07 - INFO - Retrieved similar documents: Player2: {"thought": "I need to keep my suspicions subtle and gather more information from the other players to ensure we don't target a villager.", "speak": "I agree, gathering insights is crucial. I'm open to hearing everyone's thoughts on who might be suspicious."}
Player2: {"thought": "I need to keep my suspicions subtle and gather more information from the other players to ensure we don't target a villager.", "speak": "I agree, gathering insights is crucial. I'm open to hearing everyone's thoughts on who might be suspicious."}
2025-02-26 17:43:07 - INFO - ===
2025-02-26 17:43:13 - INFO - ===
2025-02-26 17:43:13 - INFO - Query: Discussions related to werewolves.
2025-02-26 17:43:13 - INFO - Retrieved similar documents: Moderator: Okay, the role of Player1 is a werewolf.
Player3: {"thought": "I need to carefully observe Player1, Player2, and Player4 to decide who might be the werewolves. I should avoid revealing my role for now while gathering more information.", "speak": "I'm also keen to hear everyone's opinions on who we should keep an eye on. Let's share our thoughts and try to figure out who the werewolves might be."}
2025-02-26 17:43:13 - INFO - ===
2025-02-26 17:43:15 - INFO - ===
2025-02-26 17:43:15 - INFO - Query: Discussions related to werewolves.
2025-02-26 17:43:15 - INFO - Retrieved similar documents: Player4: {"thought": "It's important to gather information without revealing my role. I want to observe the discussions carefully and see if anyone makes inconsistencies in their claims or behaviors.", "speak": "I think we should all share our suspicions. It might help us figure out who the werewolves are. I\u2019ve been thinking about how Player1 and Player2 have been acting\u2014maybe we should keep an eye on them."}
2025-02-26 17:43:15 - INFO - ===
2025-02-26 17:43:17 - INFO - Moderator: Player2 has been voted out.
2025-02-26 17:43:17 - INFO - Moderator: Player1, if you are the only werewolf, eliminate a player. Otherwise, discuss with your teammates and reach an agreement.
2025-02-26 17:43:17 - INFO - Moderator: Player1, if you are the only werewolf, eliminate a player. Otherwise, discuss with your teammates and reach an agreement.
2025-02-26 17:43:17 - INFO - ===
2025-02-26 17:43:17 - INFO - Query: Discussions related to villagers, seer, witch.
2025-02-26 17:43:17 - INFO - Retrieved similar documents: Player1: {"thought": "I need to subtly support my fellow werewolf without revealing my own identity. I should avoid drawing attention to myself while trying to gain trust from the villagers.", "speak": "I think we should be cautious with our votes today. It\u2019d be good to gather some insight before making any hasty decisions. Any insights on who we should be wary of?"}
Player1: {"thought": "I need to rally the other players around a suspect to eliminate a villager and protect my identity as a werewolf. Observing their behavior and statements will be crucial to steer the conversation. I should also subtly cast suspicion on others without revealing too much about my role.", "speak": "I think we should be careful about who we accuse. I noticed Player3 acting a bit strange last night. What does everyone else think about them?", "finish_discussion": "false"}
2025-02-26 17:43:17 - INFO - ===
2025-02-26 17:43:20 - INFO - Werewolves discussion: I think we should all share our thoughts on who we suspect, but it's important we base our judgments on the actions of each person rather than just gut feelings. What do you all think?
2025-02-26 17:43:20 - INFO - Moderator: Which player do you vote to kill?
2025-02-26 17:43:20 - INFO - Moderator: Which player do you vote to kill?
2025-02-26 17:43:21 - INFO - ===
2025-02-26 17:43:21 - INFO - Query: Discussions related to villagers, seer, witch.
2025-02-26 17:43:21 - INFO - Retrieved similar documents: Player1: {"thought": "I need to tread carefully to avoid revealing my identity as a werewolf while also trying to push the conversation towards identifying the villagers. I need to watch the other players closely for any signs that might give away their roles.", "speak": "I think we should all share our thoughts on who we suspect, but it's important we base our judgments on the actions of each person rather than just gut feelings. What do you all think?", "finish_discussion": "false"}
Player1: {"thought": "I need to subtly support my fellow werewolf without revealing my own identity. I should avoid drawing attention to myself while trying to gain trust from the villagers.", "speak": "I think we should be cautious with our votes today. It\u2019d be good to gather some insight before making any hasty decisions. Any insights on who we should be wary of?"}
2025-02-26 17:43:21 - INFO - ===
2025-02-26 17:43:21 - INFO - ===
2025-02-26 17:43:21 - INFO - Fast Response: {"thought": "I suspect Player3 based on their recent comments and behavior, which seem a bit off. I feel they might be trying to mislead the villagers.", "vote": "Player3", "uncertainty_score": 0.3}
2025-02-26 17:43:21 - INFO - Fast Uncertainty: 0.3
2025-02-26 17:43:21 - INFO - ===
2025-02-26 17:43:22 - INFO - Moderator: The player with the most votes is Player3.
2025-02-26 17:43:22 - INFO - ===
2025-02-26 17:43:22 - INFO - Query: Discussions related to werewolves.
2025-02-26 17:43:22 - INFO - Retrieved similar documents: Player4: {"thought": "It's important to gather information without revealing my role. I want to observe the discussions carefully and see if anyone makes inconsistencies in their claims or behaviors.", "speak": "I think we should all share our suspicions. It might help us figure out who the werewolves are. I\u2019ve been thinking about how Player1 and Player2 have been acting\u2014maybe we should keep an eye on them."}
2025-02-26 17:43:22 - INFO - ===
2025-02-26 17:43:29 - INFO - Witch Poison Response: I think we should discuss who we all suspect first. We need to gather some more information before making any decisions.
2025-02-26 17:43:29 - INFO - The witch has chosen not to poison a player.
2025-02-26 17:43:29 - INFO - Moderator: Player3, you're the seer. Which player in Player1, Player3 and Player4 would you like to check tonight?
2025-02-26 17:43:29 - INFO - ===
2025-02-26 17:43:29 - INFO - Query: Discussions related to werewolves.
2025-02-26 17:43:29 - INFO - Retrieved similar documents: Moderator: Okay, the role of Player1 is a werewolf.
Player3: {"thought": "I need to carefully observe Player1, Player2, and Player4 to decide who might be the werewolves. I should avoid revealing my role for now while gathering more information.", "speak": "I'm also keen to hear everyone's opinions on who we should keep an eye on. Let's share our thoughts and try to figure out who the werewolves might be."}
2025-02-26 17:43:29 - INFO - ===
2025-02-26 17:43:30 - INFO - Seer response: Player1
2025-02-26 17:43:30 - INFO - Moderator: Okay, the role of Player1 is a werewolf.
2025-02-26 17:43:31 - INFO - Moderator: The werewolves have prevailed and taken over the village. Better luck next time!
