{"raw_log_filepath":"logs/fastslow","win_rate_filepath":"logs/fastslow","max_days_per_game":2,"num_games":2,"reflect_before_vectorstore":false,"max_werewolf_discussion_round":3,"similarity_top_k":2}
2025-02-26 17:42:09 - INFO - Starting game 1
2025-02-26 17:42:09 - INFO - Moderator: Player1, if you are the only werewolf, eliminate a player. Otherwise, discuss with your teammates and reach an agreement.
2025-02-26 17:42:09 - INFO - Moderator: Player1, if you are the only werewolf, eliminate a player. Otherwise, discuss with your teammates and reach an agreement.
2025-02-26 17:42:09 - INFO - ===
2025-02-26 17:42:09 - INFO - Query: Discussions related to villagers, seer, witch.
2025-02-26 17:42:09 - INFO - Retrieved similar documents: 
2025-02-26 17:42:09 - INFO - ===
2025-02-26 17:42:11 - INFO - Werewolves discussion: I think we should consider who has been the most quiet. Sometimes those who don't speak up can be the most suspicious. Maybe Player3 or Player4 are hiding something? What do you all think?
2025-02-26 17:42:11 - INFO - ===
2025-02-26 17:42:11 - INFO - Query: Discussions related to villagers, seer, witch.
2025-02-26 17:42:11 - INFO - Retrieved similar documents: Player1: {"thought": "I need to gauge the suspicions of the other players while remaining covert. It's important to deflect attention away from myself and my teammate.", "speak": "I think we should consider who has been the most quiet. Sometimes those who don't speak up can be the most suspicious. Maybe Player3 or Player4 are hiding something? What do you all think?", "finish_discussion": false}
Player1: {"thought": "I need to gauge the suspicions of the other players while remaining covert. It's important to deflect attention away from myself and my teammate.", "speak": "I think we should consider who has been the most quiet. Sometimes those who don't speak up can be the most suspicious. Maybe Player3 or Player4 are hiding something? What do you all think?", "finish_discussion": false}
2025-02-26 17:42:11 - INFO - ===
2025-02-26 17:42:13 - INFO - Werewolves discussion: I think it's important we consider Player2's actions last night. They seemed a bit off, don't you agree? Maybe we should take a closer look at them?
2025-02-26 17:42:13 - INFO - Moderator: Which player do you vote to kill?
2025-02-26 17:42:13 - INFO - Moderator: Which player do you vote to kill?
2025-02-26 17:42:13 - INFO - ===
2025-02-26 17:42:13 - INFO - Query: Discussions related to villagers, seer, witch.
2025-02-26 17:42:13 - INFO - Retrieved similar documents: Player1: {"thought": "I'm considering how to play my role as a werewolf while not raising suspicion. I need to be careful with my words and possibly deflect blame onto the other players.", "speak": "I think it's important we consider Player2's actions last night. They seemed a bit off, don't you agree? Maybe we should take a closer look at them?", "finish_discussion": "false"}
Player1: {"thought": "I need to gauge the suspicions of the other players while remaining covert. It's important to deflect attention away from myself and my teammate.", "speak": "I think we should consider who has been the most quiet. Sometimes those who don't speak up can be the most suspicious. Maybe Player3 or Player4 are hiding something? What do you all think?", "finish_discussion": false}
2025-02-26 17:42:13 - INFO - ===
2025-02-26 17:42:15 - INFO - ===
2025-02-26 17:42:15 - INFO - Fast Response: {"thought": "I need to eliminate a player who seems suspicious. Based on the discussions so far, I suspect Player3 might be one of the werewolves, as they have been evasive in their responses. I will vote for Player3.", "vote": "Player3", "uncertainty_score": "0.3"}
2025-02-26 17:42:15 - INFO - Fast Uncertainty: 0.3
2025-02-26 17:42:15 - INFO - ===
2025-02-26 17:42:15 - INFO - Moderator: The player with the most votes is Player3.
2025-02-26 17:42:15 - INFO - Moderator: Player4, you're the witch. Tonight Player3 is eliminated. Would you like to resurrect Player3?
2025-02-26 17:42:15 - INFO - ===
2025-02-26 17:42:15 - INFO - Query: Discussions related to werewolves.
2025-02-26 17:42:15 - INFO - Retrieved similar documents: 
2025-02-26 17:42:15 - INFO - ===
2025-02-26 17:42:18 - INFO - Witch resurrection response: I choose to resurrect Player3. We need more information to identify the werewolves, and Player3 can help us in our discussions.
2025-02-26 17:42:18 - INFO - Moderator: The witch has chosen to resurrect the player.
2025-02-26 17:42:18 - INFO - Moderator: Player3, you're the seer. Which player in Player1, Player2, Player3 and Player4 would you like to check tonight?
2025-02-26 17:42:18 - INFO - ===
2025-02-26 17:42:18 - INFO - Query: Discussions related to werewolves.
2025-02-26 17:42:18 - INFO - Retrieved similar documents: 
2025-02-26 17:42:18 - INFO - ===
2025-02-26 17:42:19 - INFO - Seer response: Player1
2025-02-26 17:42:19 - INFO - Moderator: Okay, the role of Player1 is a werewolf.
2025-02-26 17:42:20 - INFO - ===
2025-02-26 17:42:20 - INFO - Query: Discussions related to villagers, seer, witch.
2025-02-26 17:42:20 - INFO - Retrieved similar documents: Player1: {"thought": "I'm considering how to play my role as a werewolf while not raising suspicion. I need to be careful with my words and possibly deflect blame onto the other players.", "speak": "I think it's important we consider Player2's actions last night. They seemed a bit off, don't you agree? Maybe we should take a closer look at them?", "finish_discussion": "false"}
Player1: {"thought": "I need to eliminate a player who seems suspicious. Based on the discussions so far, I suspect Player3 might be one of the werewolves, as they have been evasive in their responses. I will vote for Player3.", "vote": "Player3", "uncertainty_score": "0.3"}
2025-02-26 17:42:20 - INFO - ===
2025-02-26 17:42:22 - INFO - ===
2025-02-26 17:42:22 - INFO - Query: Discussions related to werewolves.
2025-02-26 17:42:22 - INFO - Retrieved similar documents: 
2025-02-26 17:42:22 - INFO - ===
2025-02-26 17:42:24 - INFO - ===
2025-02-26 17:42:24 - INFO - Query: Discussions related to werewolves.
2025-02-26 17:42:24 - INFO - Retrieved similar documents: Moderator: Okay, the role of Player1 is a werewolf.
Player3: {"thought": "I should check Player1 tonight to gain some insight into their role. They seem to be quite vocal, which could indicate confidence or a strategy to deflect suspicion.", "speak": "Player1"}
2025-02-26 17:42:24 - INFO - ===
2025-02-26 17:42:25 - INFO - ===
2025-02-26 17:42:25 - INFO - Query: Discussions related to werewolves.
2025-02-26 17:42:25 - INFO - Retrieved similar documents: Player4: {"thought": "Player3 might have been a villager, but I don't have enough information to confirm their role. Resurrecting them could provide me with more insight about the group dynamics and give villagers a chance to share their thoughts during the day phase.", "speak": "I choose to resurrect Player3. We need more information to identify the werewolves, and Player3 can help us in our discussions.", "resurrect": true}
2025-02-26 17:42:25 - INFO - ===
2025-02-26 17:42:28 - INFO - Survivors Discussion: That's a great idea, Player3. Analyzing the votes and the reasoning behind them can really help us identify any suspicious behavior. We should also keep in mind how everyone has been acting throughout the game.
2025-02-26 17:42:28 - INFO - Moderator: Given the game rules and your role, based on the situation and the information you gain, to win the game, it's time to vote one player eliminated among the alive players. Which player do you vote to kill?
2025-02-26 17:42:28 - INFO - ===
2025-02-26 17:42:28 - INFO - Query: Discussions related to villagers, seer, witch.
2025-02-26 17:42:28 - INFO - Retrieved similar documents: Player1: {"thought": "I need to be cautious and strategic about my discussions. It's essential not to reveal my identity as a werewolf and to blend in with the villagers while subtly leading them to suspect someone else, ideally another player who may be less experienced.", "speak": "I think we should focus on who has been acting suspiciously during the discussions. It might help us narrow down our choices. What does everyone else think?"}
Player1: {"thought": "I'm considering how to play my role as a werewolf while not raising suspicion. I need to be careful with my words and possibly deflect blame onto the other players.", "speak": "I think it's important we consider Player2's actions last night. They seemed a bit off, don't you agree? Maybe we should take a closer look at them?", "finish_discussion": "false"}
2025-02-26 17:42:28 - INFO - ===
2025-02-26 17:42:35 - INFO - ===
2025-02-26 17:42:35 - INFO - Fast Response: {"thought": "I suspect Player3 is acting suspiciously and might be one of the werewolves. They seem to be guiding the conversation to deflect suspicion from themselves.", "vote": "Player3", "uncertainty_score": "0.3"}
2025-02-26 17:42:35 - INFO - Fast Uncertainty: 0.3
2025-02-26 17:42:35 - INFO - ===
2025-02-26 17:42:36 - INFO - ===
2025-02-26 17:42:36 - INFO - Query: Discussions related to werewolves.
2025-02-26 17:42:36 - INFO - Retrieved similar documents: Player2: {"thought": "I agree with Player1 that we need to analyze everyone's behavior critically. We should look for any inconsistencies or odd patterns in their discussions to find the werewolves.", "speak": "I completely agree, Player1. It's important that we pay attention to how each player has been acting. Maybe we can point out any inconsistencies in their stories or voting patterns."}
Player2: {"thought": "I agree with Player1 that we need to analyze everyone's behavior critically. We should look for any inconsistencies or odd patterns in their discussions to find the werewolves.", "speak": "I completely agree, Player1. It's important that we pay attention to how each player has been acting. Maybe we can point out any inconsistencies in their stories or voting patterns."}
2025-02-26 17:42:36 - INFO - ===
2025-02-26 17:42:38 - INFO - ===
2025-02-26 17:42:38 - INFO - Query: Discussions related to werewolves.
2025-02-26 17:42:38 - INFO - Retrieved similar documents: Moderator: Okay, the role of Player1 is a werewolf.
Player3: {"thought": "I need to be cautious about revealing too much since I have valuable information as the seer. I have to keep in mind that the werewolves are trying to blend in and eliminate villagers. It's crucial that we identify them without exposing my role.", "speak": "I think we should consider the timeline of our votes and any jumps in logic from each player. Perhaps we can discuss any unusual behavior from anyone here that might give us clues about the werewolves."}
2025-02-26 17:42:38 - INFO - ===
2025-02-26 17:42:40 - INFO - ===
2025-02-26 17:42:40 - INFO - Query: Discussions related to werewolves.
2025-02-26 17:42:40 - INFO - Retrieved similar documents: Player4: {"thought": "Player3 might have been a villager, but I don't have enough information to confirm their role. Resurrecting them could provide me with more insight about the group dynamics and give villagers a chance to share their thoughts during the day phase.", "speak": "I choose to resurrect Player3. We need more information to identify the werewolves, and Player3 can help us in our discussions.", "resurrect": true}
2025-02-26 17:42:40 - INFO - ===
2025-02-26 17:42:41 - INFO - Moderator: Player3 has been voted out.
2025-02-26 17:42:41 - INFO - Moderator: Player1, if you are the only werewolf, eliminate a player. Otherwise, discuss with your teammates and reach an agreement.
2025-02-26 17:42:41 - INFO - Moderator: Player1, if you are the only werewolf, eliminate a player. Otherwise, discuss with your teammates and reach an agreement.
2025-02-26 17:42:41 - INFO - ===
2025-02-26 17:42:41 - INFO - Query: Discussions related to villagers, seer, witch.
2025-02-26 17:42:41 - INFO - Retrieved similar documents: Player1: {"thought": "I need to be cautious and strategic about my discussions. It's essential not to reveal my identity as a werewolf and to blend in with the villagers while subtly leading them to suspect someone else, ideally another player who may be less experienced.", "speak": "I think we should focus on who has been acting suspiciously during the discussions. It might help us narrow down our choices. What does everyone else think?"}
Player1: {"thought": "I'm considering how to play my role as a werewolf while not raising suspicion. I need to be careful with my words and possibly deflect blame onto the other players.", "speak": "I think it's important we consider Player2's actions last night. They seemed a bit off, don't you agree? Maybe we should take a closer look at them?", "finish_discussion": "false"}
2025-02-26 17:42:41 - INFO - ===
2025-02-26 17:42:43 - INFO - Werewolves discussion: I think it’s crucial we strategize carefully about who we suspect might be the werewolves. Player3's behavior has seemed a bit off to me. What do you all think about them?
2025-02-26 17:42:43 - INFO - Moderator: Which player do you vote to kill?
2025-02-26 17:42:43 - INFO - Moderator: Which player do you vote to kill?
2025-02-26 17:42:44 - INFO - ===
2025-02-26 17:42:44 - INFO - Query: Discussions related to villagers, seer, witch.
2025-02-26 17:42:44 - INFO - Retrieved similar documents: Player1: {"thought": "I need to be cautious and strategic about my discussions. It's essential not to reveal my identity as a werewolf and to blend in with the villagers while subtly leading them to suspect someone else, ideally another player who may be less experienced.", "speak": "I think we should focus on who has been acting suspiciously during the discussions. It might help us narrow down our choices. What does everyone else think?"}
Player1: {"thought": "We need to create doubt among the villagers and maintain a low profile. I should also observe the reactions of the others to detect if anyone is acting suspiciously. It\u2019s important to divert any suspicion from myself and my teammate.", "speak": "I think it\u2019s crucial we strategize carefully about who we suspect might be the werewolves. Player3's behavior has seemed a bit off to me. What do you all think about them?", "finish_discussion": "false"}
2025-02-26 17:42:44 - INFO - ===
2025-02-26 17:42:45 - INFO - ===
2025-02-26 17:42:45 - INFO - Fast Response: {"thought": "I believe Player2 is suspicious based on their behavior last night. They seem to be trying to divert attention away from themselves.", "vote": "Player2", "uncertainty_score": "0.2"}
2025-02-26 17:42:45 - INFO - Fast Uncertainty: 0.2
2025-02-26 17:42:45 - INFO - ===
2025-02-26 17:42:45 - INFO - Moderator: The player with the most votes is Player2.
2025-02-26 17:42:45 - INFO - ===
2025-02-26 17:42:45 - INFO - Query: Discussions related to werewolves.
2025-02-26 17:42:45 - INFO - Retrieved similar documents: Player4: {"thought": "Player3 might have been a villager, but I don't have enough information to confirm their role. Resurrecting them could provide me with more insight about the group dynamics and give villagers a chance to share their thoughts during the day phase.", "speak": "I choose to resurrect Player3. We need more information to identify the werewolves, and Player3 can help us in our discussions.", "resurrect": true}
2025-02-26 17:42:45 - INFO - ===
2025-02-26 17:42:47 - INFO - Witch Poison Response: I think it's crucial to carefully observe the actions of everyone today. We need to discuss our suspicions openly to identify any werewolves among us.
2025-02-26 17:42:47 - INFO - The witch has chosen not to poison a player.
2025-02-26 17:42:47 - INFO - Moderator: The werewolves have prevailed and taken over the village. Better luck next time!
