{"basefilepath":"logs/fastslow","max_days_per_game":2,"num_games":2,"reflect_before_vectorstore":false,"max_werewolf_discussion_round":3,"similarity_top_k":2,"random_seed":42}
2025-02-27 11:07:33 - INFO - Starting game 1
2025-02-27 11:07:33 - INFO - Moderator: Player1, if you are the only werewolf, eliminate a player. Otherwise, discuss with your teammates and reach an agreement.
2025-02-27 11:07:33 - INFO - Moderator: Player1, if you are the only werewolf, eliminate a player. Otherwise, discuss with your teammates and reach an agreement.
2025-02-27 11:07:33 - INFO - ===
2025-02-27 11:07:33 - INFO - Query: Discussions related to villagers, seer, witch.
2025-02-27 11:07:33 - INFO - Retrieved similar documents: 
2025-02-27 11:07:33 - INFO - ===
2025-02-27 11:07:37 - INFO - Werewolves discussion: I think we should discuss who we all suspect might be acting oddly. Player3 seemed a bit defensive last night, what do you all think about that?
2025-02-27 11:07:37 - INFO - Moderator: Which player do you vote to kill?
2025-02-27 11:07:37 - INFO - Moderator: Which player do you vote to kill?
2025-02-27 11:07:37 - INFO - ===
2025-02-27 11:07:37 - INFO - Query: Discussions related to villagers, seer, witch.
2025-02-27 11:07:37 - INFO - Retrieved similar documents: Player1: {"thought": "I need to be careful with my words. I cannot reveal my identity as a werewolf, and I must stay in the shadows while strategically guiding the discussion towards eliminating a villager. Observing others' behaviors and statements will help me identify if there's a seer or witch among them.", "speak": "I think we should discuss who we all suspect might be acting oddly. Player3 seemed a bit defensive last night, what do you all think about that?", "finish_discussion": "false"}
Player1: {"thought": "I need to be careful with my words. I cannot reveal my identity as a werewolf, and I must stay in the shadows while strategically guiding the discussion towards eliminating a villager. Observing others' behaviors and statements will help me identify if there's a seer or witch among them.", "speak": "I think we should discuss who we all suspect might be acting oddly. Player3 seemed a bit defensive last night, what do you all think about that?", "finish_discussion": "false"}
2025-02-27 11:07:37 - INFO - ===
2025-02-27 11:07:38 - INFO - ===
2025-02-27 11:07:38 - INFO - Fast Response: {"thought": "I suspect Player2 might be a werewolf based on their behavior during discussions. They seem distracted and haven't contributed much to the conversations. It's important to eliminate potential threats early on.", "vote": "Player2", "uncertainty_score": "0.3"}
2025-02-27 11:07:38 - INFO - Fast Uncertainty: 0.3
2025-02-27 11:07:38 - INFO - ===
2025-02-27 11:07:39 - INFO - Moderator: The player with the most votes is Player2.
2025-02-27 11:07:39 - INFO - Moderator: Player4, you're the witch. Tonight Player2 is eliminated. Would you like to resurrect Player2?
2025-02-27 11:07:39 - INFO - ===
2025-02-27 11:07:39 - INFO - Query: Discussions related to werewolves.
2025-02-27 11:07:39 - INFO - Retrieved similar documents: 
2025-02-27 11:07:39 - INFO - ===
2025-02-27 11:07:41 - INFO - Witch resurrection response: I will not resurrect Player2. We need to keep a low profile right now and avoid revealing the witch's power too early. It might benefit us later in the game.
2025-02-27 11:07:41 - INFO - Moderator: The witch has chosen not to resurrect the player.
2025-02-27 11:07:41 - INFO - ===
2025-02-27 11:07:41 - INFO - Query: Discussions related to werewolves.
2025-02-27 11:07:41 - INFO - Retrieved similar documents: Player4: {"thought": "Player2 might have been a villager, but I need to consider if it's worth bringing them back. If they were a villager, their knowledge could help the remaining players. However, I also have to think about potential suspicion being cast on me for resurrecting them, as it might reveal my role too soon.", "speak": "I will not resurrect Player2. We need to keep a low profile right now and avoid revealing the witch's power too early. It might benefit us later in the game.", "resurrect": false}
2025-02-27 11:07:41 - INFO - ===
2025-02-27 11:07:48 - INFO - Witch Poison Response: I think we should focus our discussions on who has been acting suspiciously. It's essential to figure out who the werewolves might be before it's too late.
2025-02-27 11:07:48 - INFO - The witch has chosen not to poison a player.
2025-02-27 11:07:48 - INFO - Moderator: Player3, you're the seer. Which player in Player1, Player2, Player3 and Player4 would you like to check tonight?
2025-02-27 11:07:48 - INFO - ===
2025-02-27 11:07:48 - INFO - Query: Discussions related to werewolves.
2025-02-27 11:07:48 - INFO - Retrieved similar documents: 
2025-02-27 11:07:48 - INFO - ===
2025-02-27 11:07:51 - INFO - Seer response: Player1
2025-02-27 11:07:51 - INFO - Moderator: Okay, the role of Player1 is a werewolf.
2025-02-27 11:07:52 - INFO - ===
2025-02-27 11:07:52 - INFO - Query: Discussions related to villagers, seer, witch.
2025-02-27 11:07:52 - INFO - Retrieved similar documents: Player1: {"thought": "I need to be careful with my words. I cannot reveal my identity as a werewolf, and I must stay in the shadows while strategically guiding the discussion towards eliminating a villager. Observing others' behaviors and statements will help me identify if there's a seer or witch among them.", "speak": "I think we should discuss who we all suspect might be acting oddly. Player3 seemed a bit defensive last night, what do you all think about that?", "finish_discussion": "false"}
Player1: {"thought": "I suspect Player2 might be a werewolf based on their behavior during discussions. They seem distracted and haven't contributed much to the conversations. It's important to eliminate potential threats early on.", "vote": "Player2", "uncertainty_score": "0.3"}
2025-02-27 11:07:52 - INFO - ===
2025-02-27 11:07:54 - INFO - ===
2025-02-27 11:07:54 - INFO - Query: Discussions related to werewolves.
2025-02-27 11:07:54 - INFO - Retrieved similar documents: Moderator: Okay, the role of Player1 is a werewolf.
Player3: {"thought": "I need to check one of the players to gather information about their roles. I suspect Player1 might be a werewolf based on their suspicious comments earlier. However, I also want to consider Player2, since they seemed defensive during our last discussion. I'll check Player1 tonight for more clarity.", "speak": "Player1"}
2025-02-27 11:07:54 - INFO - ===
2025-02-27 11:07:56 - INFO - ===
2025-02-27 11:07:57 - INFO - Query: Discussions related to werewolves.
2025-02-27 11:07:57 - INFO - Retrieved similar documents: Player4: {"thought": "It's crucial to be strategic here. I need to evaluate who is most dangerous based on the discussions. If I can save or eliminate effectively, it could sway the game in favor of the villagers.", "speak": "I think we should focus our discussions on who has been acting suspiciously. It's essential to figure out who the werewolves might be before it's too late.", "eliminate": false}
2025-02-27 11:07:57 - INFO - ===
2025-02-27 11:07:59 - INFO - Survivors Discussion: I think that's a great idea, Player3. I have some observations that could help us identify potential suspects. What did you see last night?
2025-02-27 11:07:59 - INFO - Moderator: Given the game rules and your role, based on the situation and the information you gain, to win the game, it's time to vote one player eliminated among the alive players. Which player do you vote to kill?
2025-02-27 11:07:59 - INFO - ===
2025-02-27 11:07:59 - INFO - Query: Discussions related to villagers, seer, witch.
2025-02-27 11:07:59 - INFO - Retrieved similar documents: Player1: {"thought": "I need to be careful with my words. I cannot reveal my identity as a werewolf, and I must stay in the shadows while strategically guiding the discussion towards eliminating a villager. Observing others' behaviors and statements will help me identify if there's a seer or witch among them.", "speak": "I think we should discuss who we all suspect might be acting oddly. Player3 seemed a bit defensive last night, what do you all think about that?", "finish_discussion": "false"}
Player1: {"thought": "I need to blend in as a villager while subtly guiding suspicions away from myself and my teammate. I should observe the discussions carefully to identify who could be a potential threat to us as werewolves.", "speak": "I think we should focus on discussing the actions of each player last night. Has anyone noticed anything unusual or suspicious? It might help us identify the werewolves."}
2025-02-27 11:07:59 - INFO - ===
2025-02-27 11:08:01 - INFO - ===
2025-02-27 11:08:01 - INFO - Fast Response: {"thought": "It seems like Player2 has been acting suspiciously and trying to divert attention away from themselves. I think it's best to vote to eliminate them this round to keep the villagers safe.", "vote": "Player2", "uncertainty_score": 0.3}
2025-02-27 11:08:01 - INFO - Fast Uncertainty: 0.3
2025-02-27 11:08:01 - INFO - ===
2025-02-27 11:08:01 - INFO - ===
2025-02-27 11:08:01 - INFO - Query: Discussions related to werewolves.
2025-02-27 11:08:01 - INFO - Retrieved similar documents: Moderator: Okay, the role of Player1 is a werewolf.
Player3: {"thought": "I need to check one of the players to gather information about their roles. I suspect Player1 might be a werewolf based on their suspicious comments earlier. However, I also want to consider Player2, since they seemed defensive during our last discussion. I'll check Player1 tonight for more clarity.", "speak": "Player1"}
2025-02-27 11:08:01 - INFO - ===
2025-02-27 11:08:03 - INFO - ===
2025-02-27 11:08:03 - INFO - Query: Discussions related to werewolves.
2025-02-27 11:08:03 - INFO - Retrieved similar documents: Player4: {"thought": "It's crucial to be strategic here. I need to evaluate who is most dangerous based on the discussions. If I can save or eliminate effectively, it could sway the game in favor of the villagers.", "speak": "I think we should focus our discussions on who has been acting suspiciously. It's essential to figure out who the werewolves might be before it's too late.", "eliminate": false}
2025-02-27 11:08:03 - INFO - ===
2025-02-27 11:08:05 - INFO - Moderator: Player2 has been voted out.
2025-02-27 11:08:05 - INFO - Moderator: Player1, if you are the only werewolf, eliminate a player. Otherwise, discuss with your teammates and reach an agreement.
2025-02-27 11:08:05 - INFO - Moderator: Player1, if you are the only werewolf, eliminate a player. Otherwise, discuss with your teammates and reach an agreement.
2025-02-27 11:08:06 - INFO - ===
2025-02-27 11:08:06 - INFO - Query: Discussions related to villagers, seer, witch.
2025-02-27 11:08:06 - INFO - Retrieved similar documents: Player1: {"thought": "I need to be careful with my words. I cannot reveal my identity as a werewolf, and I must stay in the shadows while strategically guiding the discussion towards eliminating a villager. Observing others' behaviors and statements will help me identify if there's a seer or witch among them.", "speak": "I think we should discuss who we all suspect might be acting oddly. Player3 seemed a bit defensive last night, what do you all think about that?", "finish_discussion": "false"}
Player1: {"thought": "I need to blend in as a villager while subtly guiding suspicions away from myself and my teammate. I should observe the discussions carefully to identify who could be a potential threat to us as werewolves.", "speak": "I think we should focus on discussing the actions of each player last night. Has anyone noticed anything unusual or suspicious? It might help us identify the werewolves."}
2025-02-27 11:08:06 - INFO - ===
2025-02-27 11:08:08 - INFO - Werewolves discussion: I think Player3 has been acting a bit suspicious. They seem to dodge questions about their actions last night. What does everyone else think?
2025-02-27 11:08:08 - INFO - Moderator: Which player do you vote to kill?
2025-02-27 11:08:08 - INFO - Moderator: Which player do you vote to kill?
2025-02-27 11:08:08 - INFO - ===
2025-02-27 11:08:08 - INFO - Query: Discussions related to villagers, seer, witch.
2025-02-27 11:08:08 - INFO - Retrieved similar documents: Player1: {"thought": "I need to be careful with my words. I cannot reveal my identity as a werewolf, and I must stay in the shadows while strategically guiding the discussion towards eliminating a villager. Observing others' behaviors and statements will help me identify if there's a seer or witch among them.", "speak": "I think we should discuss who we all suspect might be acting oddly. Player3 seemed a bit defensive last night, what do you all think about that?", "finish_discussion": "false"}
Player1: {"thought": "I need to align with the villagers while subtly guiding the discussion to identify the other werewolf without exposing myself. It\u2019s crucial that we don\u2019t inadvertently vote out a villager, especially if there is a seer or witch among us. I should be cautious in my accusations and try to amplify doubt towards other players.", "speak": "I think Player3 has been acting a bit suspicious. They seem to dodge questions about their actions last night. What does everyone else think?", "finish_discussion": "false"}
2025-02-27 11:08:08 - INFO - ===
2025-02-27 11:08:10 - INFO - ===
2025-02-27 11:08:10 - INFO - Fast Response: {"thought": "I suspect Player2 based on their voting behavior and lack of strong arguments during the discussions. They seem to be trying to deflect attention. Judging from the night's events, it's a calculated risk to target them now.", "vote": "Player2", "uncertainty_score": 0.3}
2025-02-27 11:08:10 - INFO - Fast Uncertainty: 0.3
2025-02-27 11:08:10 - INFO - ===
2025-02-27 11:08:11 - INFO - Moderator: The player with the most votes is Player2.
2025-02-27 11:08:11 - INFO - Moderator: Player4, you're the witch. Tonight Player2 is eliminated. Would you like to resurrect Player2?
2025-02-27 11:08:11 - INFO - ===
2025-02-27 11:08:11 - INFO - Query: Discussions related to werewolves.
2025-02-27 11:08:11 - INFO - Retrieved similar documents: Player4: {"thought": "It's crucial to be strategic here. I need to evaluate who is most dangerous based on the discussions. If I can save or eliminate effectively, it could sway the game in favor of the villagers.", "speak": "I think we should focus our discussions on who has been acting suspiciously. It's essential to figure out who the werewolves might be before it's too late.", "eliminate": false}
2025-02-27 11:08:11 - INFO - ===
2025-02-27 11:08:16 - INFO - Witch resurrection response: I will resurrect Player2 because having them back in the game could be advantageous for our strategy as villagers.
2025-02-27 11:08:16 - INFO - Moderator: The witch has chosen to resurrect the player.
2025-02-27 11:08:16 - INFO - Moderator: Player3, you're the seer. Which player in Player1, Player3 and Player4 would you like to check tonight?
2025-02-27 11:08:17 - INFO - ===
2025-02-27 11:08:17 - INFO - Query: Discussions related to werewolves.
2025-02-27 11:08:17 - INFO - Retrieved similar documents: Moderator: Okay, the role of Player1 is a werewolf.
Player3: {"thought": "I need to carefully consider who I suspect could be a werewolf based on the discussions and behaviors observed during the day phase. Currently, I'm leaning towards Player1 as they have displayed some suspicious behavior that could indicate they are covering for a werewolf.", "vote": "Player1", "uncertainty_score": "0.3"}
2025-02-27 11:08:17 - INFO - ===
2025-02-27 11:08:18 - INFO - Seer response: Player1
2025-02-27 11:08:18 - INFO - Moderator: Okay, the role of Player1 is a werewolf.
2025-02-27 11:08:19 - INFO - ===
2025-02-27 11:08:19 - INFO - Query: Discussions related to villagers, seer, witch.
2025-02-27 11:08:19 - INFO - Retrieved similar documents: Player1: {"thought": "I need to be careful with my words. I cannot reveal my identity as a werewolf, and I must stay in the shadows while strategically guiding the discussion towards eliminating a villager. Observing others' behaviors and statements will help me identify if there's a seer or witch among them.", "speak": "I think we should discuss who we all suspect might be acting oddly. Player3 seemed a bit defensive last night, what do you all think about that?", "finish_discussion": "false"}
Player1: {"thought": "I need to align with the villagers while subtly guiding the discussion to identify the other werewolf without exposing myself. It\u2019s crucial that we don\u2019t inadvertently vote out a villager, especially if there is a seer or witch among us. I should be cautious in my accusations and try to amplify doubt towards other players.", "speak": "I think Player3 has been acting a bit suspicious. They seem to dodge questions about their actions last night. What does everyone else think?", "finish_discussion": "false"}
2025-02-27 11:08:19 - INFO - ===
2025-02-27 11:08:23 - INFO - ===
2025-02-27 11:08:23 - INFO - Query: Discussions related to werewolves.
2025-02-27 11:08:23 - INFO - Retrieved similar documents: Moderator: Okay, the role of Player1 is a werewolf.
Moderator: Okay, the role of Player1 is a werewolf.
2025-02-27 11:08:23 - INFO - ===
2025-02-27 11:08:26 - INFO - ===
2025-02-27 11:08:26 - INFO - Query: Discussions related to werewolves.
2025-02-27 11:08:26 - INFO - Retrieved similar documents: Player4: {"thought": "It's crucial to be strategic here. I need to evaluate who is most dangerous based on the discussions. If I can save or eliminate effectively, it could sway the game in favor of the villagers.", "speak": "I think we should focus our discussions on who has been acting suspiciously. It's essential to figure out who the werewolves might be before it's too late.", "eliminate": false}
2025-02-27 11:08:26 - INFO - ===
2025-02-27 11:08:29 - INFO - Survivors Discussion: I agree with Player3 about analyzing past actions. I think we should also consider Player1's silence last night. It can sometimes be a red flag. Do you think any of us should come forward with any insights or suspicions?
2025-02-27 11:08:29 - INFO - Moderator: Given the game rules and your role, based on the situation and the information you gain, to win the game, it's time to vote one player eliminated among the alive players. Which player do you vote to kill?
2025-02-27 11:08:29 - INFO - ===
2025-02-27 11:08:29 - INFO - Query: Discussions related to villagers, seer, witch.
2025-02-27 11:08:29 - INFO - Retrieved similar documents: Player1: {"thought": "I need to be careful with my words. I cannot reveal my identity as a werewolf, and I must stay in the shadows while strategically guiding the discussion towards eliminating a villager. Observing others' behaviors and statements will help me identify if there's a seer or witch among them.", "speak": "I think we should discuss who we all suspect might be acting oddly. Player3 seemed a bit defensive last night, what do you all think about that?", "finish_discussion": "false"}
Player1: {"thought": "I need to align with the villagers while subtly guiding the discussion to identify the other werewolf without exposing myself. It\u2019s crucial that we don\u2019t inadvertently vote out a villager, especially if there is a seer or witch among us. I should be cautious in my accusations and try to amplify doubt towards other players.", "speak": "I think Player3 has been acting a bit suspicious. They seem to dodge questions about their actions last night. What does everyone else think?", "finish_discussion": "false"}
2025-02-27 11:08:29 - INFO - ===
2025-02-27 11:08:31 - INFO - ===
2025-02-27 11:08:31 - INFO - Fast Response: {"thought": "I believe Player2 is acting suspiciously, and they could potentially be one of the werewolves. I need to take the risk and vote them out to protect the villagers.", "vote": "Player2", "uncertainty_score": "0.3"}
2025-02-27 11:08:31 - INFO - Fast Uncertainty: 0.3
2025-02-27 11:08:31 - INFO - ===
2025-02-27 11:08:31 - INFO - ===
2025-02-27 11:08:31 - INFO - Query: Discussions related to werewolves.
2025-02-27 11:08:31 - INFO - Retrieved similar documents: Moderator: Okay, the role of Player1 is a werewolf.
Moderator: Okay, the role of Player1 is a werewolf.
2025-02-27 11:08:31 - INFO - ===
2025-02-27 11:08:34 - INFO - ===
2025-02-27 11:08:34 - INFO - Query: Discussions related to werewolves.
2025-02-27 11:08:34 - INFO - Retrieved similar documents: Player4: {"thought": "It's crucial to be strategic here. I need to evaluate who is most dangerous based on the discussions. If I can save or eliminate effectively, it could sway the game in favor of the villagers.", "speak": "I think we should focus our discussions on who has been acting suspiciously. It's essential to figure out who the werewolves might be before it's too late.", "eliminate": false}
2025-02-27 11:08:34 - INFO - ===
2025-02-27 11:08:35 - INFO - Moderator: Player2 has been voted out.
