{"basefilepath":"logs/fastslow","max_days_per_game":2,"num_games":2,"reflect_before_vectorstore":false,"max_werewolf_discussion_round":3,"similarity_top_k":2,"random_seed":42}
2025-02-27 11:06:31 - INFO - Starting game 0
2025-02-27 11:06:31 - INFO - Moderator: Player1, if you are the only werewolf, eliminate a player. Otherwise, discuss with your teammates and reach an agreement.
2025-02-27 11:06:31 - INFO - Moderator: Player1, if you are the only werewolf, eliminate a player. Otherwise, discuss with your teammates and reach an agreement.
2025-02-27 11:06:31 - INFO - ===
2025-02-27 11:06:31 - INFO - Query: Discussions related to villagers, seer, witch.
2025-02-27 11:06:31 - INFO - Retrieved similar documents: 
2025-02-27 11:06:31 - INFO - ===
2025-02-27 11:06:34 - INFO - Werewolves discussion: I think we need to focus on the behavior of Player2 and Player3. I've noticed some odd comments from them that could suggest they're hiding something. What do you all think?
2025-02-27 11:06:34 - INFO - Moderator: Which player do you vote to kill?
2025-02-27 11:06:34 - INFO - Moderator: Which player do you vote to kill?
2025-02-27 11:06:35 - INFO - ===
2025-02-27 11:06:35 - INFO - Query: Discussions related to villagers, seer, witch.
2025-02-27 11:06:35 - INFO - Retrieved similar documents: Player1: {"thought": "I need to gain the trust of the other players while subtly pushing suspicion away from myself. I should also consider who might be the seer or witch based on their comments. It's important to identify the real threats without revealing my own role.", "speak": "I think we need to focus on the behavior of Player2 and Player3. I've noticed some odd comments from them that could suggest they're hiding something. What do you all think?", "finish_discussion": "false"}
Player1: {"thought": "I need to gain the trust of the other players while subtly pushing suspicion away from myself. I should also consider who might be the seer or witch based on their comments. It's important to identify the real threats without revealing my own role.", "speak": "I think we need to focus on the behavior of Player2 and Player3. I've noticed some odd comments from them that could suggest they're hiding something. What do you all think?", "finish_discussion": "false"}
2025-02-27 11:06:35 - INFO - ===
2025-02-27 11:06:37 - INFO - ===
2025-02-27 11:06:37 - INFO - Fast Response: {"thought": "I suspect Player3 based on their behavior during discussions; they seem to be deflecting attention and not contributing much to finding the werewolves. However, I'm not completely certain as I can't rule out Player2 either.", "vote": "Player3", "uncertainty_score": "0.4"}
2025-02-27 11:06:37 - INFO - Fast Uncertainty: 0.4
2025-02-27 11:06:37 - INFO - ===
2025-02-27 11:06:38 - INFO - Moderator: The player with the most votes is Player3.
2025-02-27 11:06:38 - INFO - Moderator: Player4, you're the witch. Tonight Player3 is eliminated. Would you like to resurrect Player3?
2025-02-27 11:06:38 - INFO - ===
2025-02-27 11:06:38 - INFO - Query: Discussions related to werewolves.
2025-02-27 11:06:38 - INFO - Retrieved similar documents: 
2025-02-27 11:06:38 - INFO - ===
2025-02-27 11:06:40 - INFO - Witch resurrection response: I believe Player3 could be valuable to us in identifying the werewolves, so I will use my power to resurrect them. This could help us gain more insights moving forward.
2025-02-27 11:06:40 - INFO - Moderator: The witch has chosen to resurrect the player.
2025-02-27 11:06:40 - INFO - Moderator: Player3, you're the seer. Which player in Player1, Player2, Player3 and Player4 would you like to check tonight?
2025-02-27 11:06:40 - INFO - ===
2025-02-27 11:06:40 - INFO - Query: Discussions related to werewolves.
2025-02-27 11:06:40 - INFO - Retrieved similar documents: 
2025-02-27 11:06:40 - INFO - ===
2025-02-27 11:06:43 - INFO - Seer response: Player1
2025-02-27 11:06:43 - INFO - Moderator: Okay, the role of Player1 is a werewolf.
2025-02-27 11:06:44 - INFO - ===
2025-02-27 11:06:44 - INFO - Query: Discussions related to villagers, seer, witch.
2025-02-27 11:06:44 - INFO - Retrieved similar documents: Player1: {"thought": "I need to gain the trust of the other players while subtly pushing suspicion away from myself. I should also consider who might be the seer or witch based on their comments. It's important to identify the real threats without revealing my own role.", "speak": "I think we need to focus on the behavior of Player2 and Player3. I've noticed some odd comments from them that could suggest they're hiding something. What do you all think?", "finish_discussion": "false"}
Player1: {"thought": "I suspect Player3 based on their behavior during discussions; they seem to be deflecting attention and not contributing much to finding the werewolves. However, I'm not completely certain as I can't rule out Player2 either.", "vote": "Player3", "uncertainty_score": "0.4"}
2025-02-27 11:06:44 - INFO - ===
2025-02-27 11:06:46 - INFO - ===
2025-02-27 11:06:46 - INFO - Query: Discussions related to werewolves.
2025-02-27 11:06:46 - INFO - Retrieved similar documents: 
2025-02-27 11:06:46 - INFO - ===
2025-02-27 11:06:49 - INFO - ===
2025-02-27 11:06:49 - INFO - Query: Discussions related to werewolves.
2025-02-27 11:06:49 - INFO - Retrieved similar documents: Moderator: Okay, the role of Player1 is a werewolf.
Player3: {"thought": "I need to determine who the werewolves are to guide the villagers and protect them. Since there are two werewolves, I need to focus on someone who seems suspicious. I'll check Player1 tonight, as they have been quiet and might be trying to blend in.", "speak": "Player1"}
2025-02-27 11:06:49 - INFO - ===
2025-02-27 11:06:52 - INFO - ===
2025-02-27 11:06:52 - INFO - Query: Discussions related to werewolves.
2025-02-27 11:06:52 - INFO - Retrieved similar documents: Player4: {"thought": "Since I am the witch, I have the unique opportunity to protect a player or eliminate another. I need to consider strategically whether resurrecting Player3 could provide us with more information about the identity of the werewolves, or whether I should preserve my potion for a later round to save a valuable player.", "speak": "I believe Player3 could be valuable to us in identifying the werewolves, so I will use my power to resurrect them. This could help us gain more insights moving forward.", "resurrect": true}
2025-02-27 11:06:52 - INFO - ===
2025-02-27 11:06:54 - INFO - Survivors Discussion: That's interesting, Player3. What did you learn about Player1? We need all the information we can get to make a solid decision.
2025-02-27 11:06:54 - INFO - Moderator: Given the game rules and your role, based on the situation and the information you gain, to win the game, it's time to vote one player eliminated among the alive players. Which player do you vote to kill?
2025-02-27 11:06:55 - INFO - ===
2025-02-27 11:06:55 - INFO - Query: Discussions related to villagers, seer, witch.
2025-02-27 11:06:55 - INFO - Retrieved similar documents: Player1: {"thought": "I need to carefully navigate the discussions and insinuations, keeping my role hidden while trying to blend in with the villagers. I will need to be cautious and observant of who is drawing suspicion and how others are reacting.", "speak": "Let's talk about who we think might be acting suspiciously. I feel like Player4 has been a bit quiet lately. What does everyone else think?"}
Player1: {"thought": "I need to gain the trust of the other players while subtly pushing suspicion away from myself. I should also consider who might be the seer or witch based on their comments. It's important to identify the real threats without revealing my own role.", "speak": "I think we need to focus on the behavior of Player2 and Player3. I've noticed some odd comments from them that could suggest they're hiding something. What do you all think?", "finish_discussion": "false"}
2025-02-27 11:06:55 - INFO - ===
2025-02-27 11:06:56 - INFO - ===
2025-02-27 11:06:56 - INFO - Fast Response: {"thought": "I need to eliminate a player who seems like a potential threat, given that there are two werewolves among us. I suspect Player3 has been acting suspiciously during our discussions, so I will vote to eliminate them.", "vote": "Player3", "uncertainty_score": "0.2"}
2025-02-27 11:06:56 - INFO - Fast Uncertainty: 0.2
2025-02-27 11:06:56 - INFO - ===
2025-02-27 11:06:57 - INFO - ===
2025-02-27 11:06:57 - INFO - Query: Discussions related to werewolves.
2025-02-27 11:06:57 - INFO - Retrieved similar documents: Player2: {"thought": "Player4 is being pointed out as suspicious, which could be a deflection or genuine suspicion. I need to assess everyone's reactions and be careful with my accusation.", "speak": "I see your point about Player4. They've been quiet, but it\u2019s hard to judge based on that alone. I think we should keep an eye on all of us and not just focus on one person too early."}
Player2: {"thought": "Player4 is being pointed out as suspicious, which could be a deflection or genuine suspicion. I need to assess everyone's reactions and be careful with my accusation.", "speak": "I see your point about Player4. They've been quiet, but it\u2019s hard to judge based on that alone. I think we should keep an eye on all of us and not just focus on one person too early."}
2025-02-27 11:06:57 - INFO - ===
2025-02-27 11:07:00 - INFO - ===
2025-02-27 11:07:00 - INFO - Query: Discussions related to werewolves.
2025-02-27 11:07:00 - INFO - Retrieved similar documents: Moderator: Okay, the role of Player1 is a werewolf.
Player3: {"thought": "I need to determine who the werewolves are to guide the villagers and protect them. Since there are two werewolves, I need to focus on someone who seems suspicious. I'll check Player1 tonight, as they have been quiet and might be trying to blend in.", "speak": "Player1"}
2025-02-27 11:07:00 - INFO - ===
2025-02-27 11:07:02 - INFO - ===
2025-02-27 11:07:02 - INFO - Query: Discussions related to werewolves.
2025-02-27 11:07:02 - INFO - Retrieved similar documents: Player4: {"thought": "Since I am the witch, I have the unique opportunity to protect a player or eliminate another. I need to consider strategically whether resurrecting Player3 could provide us with more information about the identity of the werewolves, or whether I should preserve my potion for a later round to save a valuable player.", "speak": "I believe Player3 could be valuable to us in identifying the werewolves, so I will use my power to resurrect them. This could help us gain more insights moving forward.", "resurrect": true}
2025-02-27 11:07:02 - INFO - ===
2025-02-27 11:07:04 - INFO - Moderator: Player3 has been voted out.
2025-02-27 11:07:04 - INFO - Moderator: Player1, if you are the only werewolf, eliminate a player. Otherwise, discuss with your teammates and reach an agreement.
2025-02-27 11:07:04 - INFO - Moderator: Player1, if you are the only werewolf, eliminate a player. Otherwise, discuss with your teammates and reach an agreement.
2025-02-27 11:07:04 - INFO - ===
2025-02-27 11:07:04 - INFO - Query: Discussions related to villagers, seer, witch.
2025-02-27 11:07:04 - INFO - Retrieved similar documents: Player1: {"thought": "I need to carefully navigate the discussions and insinuations, keeping my role hidden while trying to blend in with the villagers. I will need to be cautious and observant of who is drawing suspicion and how others are reacting.", "speak": "Let's talk about who we think might be acting suspiciously. I feel like Player4 has been a bit quiet lately. What does everyone else think?"}
Player1: {"thought": "I need to gain the trust of the other players while subtly pushing suspicion away from myself. I should also consider who might be the seer or witch based on their comments. It's important to identify the real threats without revealing my own role.", "speak": "I think we need to focus on the behavior of Player2 and Player3. I've noticed some odd comments from them that could suggest they're hiding something. What do you all think?", "finish_discussion": "false"}
2025-02-27 11:07:04 - INFO - ===
2025-02-27 11:07:06 - INFO - Werewolves discussion: I think we should focus on looking for patterns in how everyone is discussing their suspicions. Have any of you noticed anyone being evasive about their thoughts? Perhaps we should share our suspicions.
2025-02-27 11:07:06 - INFO - Moderator: Which player do you vote to kill?
2025-02-27 11:07:06 - INFO - Moderator: Which player do you vote to kill?
2025-02-27 11:07:07 - INFO - ===
2025-02-27 11:07:07 - INFO - Query: Discussions related to villagers, seer, witch.
2025-02-27 11:07:07 - INFO - Retrieved similar documents: Player1: {"thought": "I need to carefully navigate the discussions and insinuations, keeping my role hidden while trying to blend in with the villagers. I will need to be cautious and observant of who is drawing suspicion and how others are reacting.", "speak": "Let's talk about who we think might be acting suspiciously. I feel like Player4 has been a bit quiet lately. What does everyone else think?"}
Player1: {"thought": "I need to gain the trust of the other players while subtly pushing suspicion away from myself. I should also consider who might be the seer or witch based on their comments. It's important to identify the real threats without revealing my own role.", "speak": "I think we need to focus on the behavior of Player2 and Player3. I've noticed some odd comments from them that could suggest they're hiding something. What do you all think?", "finish_discussion": "false"}
2025-02-27 11:07:07 - INFO - ===
2025-02-27 11:07:13 - INFO - ===
2025-02-27 11:07:13 - INFO - Fast Response: {"thought": "I think Player3 has been acting suspiciously and might be a werewolf, so I will vote for them to eliminate this potential threat.", "vote": "Player3", "uncertainty_score": "0.3"}
2025-02-27 11:07:13 - INFO - Fast Uncertainty: 0.3
2025-02-27 11:07:13 - INFO - ===
2025-02-27 11:07:14 - INFO - Moderator: The player with the most votes is Player3.
2025-02-27 11:07:14 - INFO - ===
2025-02-27 11:07:14 - INFO - Query: Discussions related to werewolves.
2025-02-27 11:07:14 - INFO - Retrieved similar documents: Player4: {"thought": "Since I am the witch, I have the unique opportunity to protect a player or eliminate another. I need to consider strategically whether resurrecting Player3 could provide us with more information about the identity of the werewolves, or whether I should preserve my potion for a later round to save a valuable player.", "speak": "I believe Player3 could be valuable to us in identifying the werewolves, so I will use my power to resurrect them. This could help us gain more insights moving forward.", "resurrect": true}
2025-02-27 11:07:14 - INFO - ===
2025-02-27 11:07:16 - INFO - Witch Poison Response: I think we need to discuss our suspicions openly. We can't let the werewolves win by making rushed decisions.
2025-02-27 11:07:16 - INFO - The witch has chosen not to poison a player.
2025-02-27 11:07:17 - INFO - ===
2025-02-27 11:07:17 - INFO - Query: Discussions related to villagers, seer, witch.
2025-02-27 11:07:17 - INFO - Retrieved similar documents: Player1: {"thought": "I need to carefully navigate the discussions and insinuations, keeping my role hidden while trying to blend in with the villagers. I will need to be cautious and observant of who is drawing suspicion and how others are reacting.", "speak": "Let's talk about who we think might be acting suspiciously. I feel like Player4 has been a bit quiet lately. What does everyone else think?"}
Player1: {"thought": "I need to gain the trust of the other players while subtly pushing suspicion away from myself. I should also consider who might be the seer or witch based on their comments. It's important to identify the real threats without revealing my own role.", "speak": "I think we need to focus on the behavior of Player2 and Player3. I've noticed some odd comments from them that could suggest they're hiding something. What do you all think?", "finish_discussion": "false"}
2025-02-27 11:07:17 - INFO - ===
2025-02-27 11:07:19 - INFO - ===
2025-02-27 11:07:19 - INFO - Query: Discussions related to werewolves.
2025-02-27 11:07:19 - INFO - Retrieved similar documents: Player2: {"thought": "I'm not completely sure who the werewolves are, but based on the discussions, Player3 seems suspicious of trying to deflect attention from themselves. I'm going to vote for Player3.", "vote": "Player3", "uncertainty_score": 0.4}
Player2: {"thought": "Player4 is being pointed out as suspicious, which could be a deflection or genuine suspicion. I need to assess everyone's reactions and be careful with my accusation.", "speak": "I see your point about Player4. They've been quiet, but it\u2019s hard to judge based on that alone. I think we should keep an eye on all of us and not just focus on one person too early."}
2025-02-27 11:07:19 - INFO - ===
2025-02-27 11:07:22 - INFO - ===
2025-02-27 11:07:22 - INFO - Query: Discussions related to werewolves.
2025-02-27 11:07:22 - INFO - Retrieved similar documents: Player4: {"thought": "I need to carefully consider who to eliminate. There are two werewolves among us, and I have to avoid targeting a villager. I might be able to deduce some identities based on discussions and votes during the day phase.", "speak": "I think we need to discuss our suspicions openly. We can't let the werewolves win by making rushed decisions.", "eliminate": false}
2025-02-27 11:07:22 - INFO - ===
2025-02-27 11:07:24 - INFO - Survivors Discussion: I agree, Player2. Sharing our observations could help us identify any suspicious behavior. I think it's important we pay attention to how everyone reacts during the discussions.
2025-02-27 11:07:24 - INFO - Moderator: Given the game rules and your role, based on the situation and the information you gain, to win the game, it's time to vote one player eliminated among the alive players. Which player do you vote to kill?
2025-02-27 11:07:24 - INFO - ===
2025-02-27 11:07:24 - INFO - Query: Discussions related to villagers, seer, witch.
2025-02-27 11:07:24 - INFO - Retrieved similar documents: Player1: {"thought": "I need to gather information during discussions and find a way to persuade the other players to trust me while also targeting the villagers. It's essential to identify who the seer and witch could be to eliminate them first and secure our advantage.", "speak": "I think we need to be cautious about who we accuse. It's easy to jump to conclusions, but let's share our suspicions and see if we can find any patterns in each other's behavior."}
Player1: {"thought": "I need to carefully navigate the discussions and insinuations, keeping my role hidden while trying to blend in with the villagers. I will need to be cautious and observant of who is drawing suspicion and how others are reacting.", "speak": "Let's talk about who we think might be acting suspiciously. I feel like Player4 has been a bit quiet lately. What does everyone else think?"}
2025-02-27 11:07:24 - INFO - ===
2025-02-27 11:07:26 - INFO - ===
2025-02-27 11:07:26 - INFO - Fast Response: {"thought": "I believe Player2 is acting suspiciously and could potentially be a werewolf. Based on their actions during the day phase, I feel it\u2019s a calculated risk to vote for them.", "vote": "Player2", "uncertainty_score": "0.3"}
2025-02-27 11:07:26 - INFO - Fast Uncertainty: 0.3
2025-02-27 11:07:26 - INFO - ===
2025-02-27 11:07:27 - INFO - ===
2025-02-27 11:07:27 - INFO - Query: Discussions related to werewolves.
2025-02-27 11:07:27 - INFO - Retrieved similar documents: Player2: {"thought": "I agree with Player1. It's important to gather thoughts from everyone to identify inconsistencies. We need to keep an open mind while discussing and avoid making hasty accusations. As a villager, my goal is to collaborate with others and deduce who the werewolves are based on our discussions.", "speak": "That's a good point, Player1. I think we should all share our suspicions and what we've observed so far. It might help us find patterns that could reveal the werewolves."}
Player2: {"thought": "I'm not completely sure who the werewolves are, but based on the discussions, Player3 seems suspicious of trying to deflect attention from themselves. I'm going to vote for Player3.", "vote": "Player3", "uncertainty_score": 0.4}
2025-02-27 11:07:27 - INFO - ===
2025-02-27 11:07:30 - INFO - ===
2025-02-27 11:07:30 - INFO - Query: Discussions related to werewolves.
2025-02-27 11:07:30 - INFO - Retrieved similar documents: Player4: {"thought": "I need to carefully consider who to eliminate. There are two werewolves among us, and I have to avoid targeting a villager. I might be able to deduce some identities based on discussions and votes during the day phase.", "speak": "I think we need to discuss our suspicions openly. We can't let the werewolves win by making rushed decisions.", "eliminate": false}
2025-02-27 11:07:30 - INFO - ===
2025-02-27 11:07:32 - INFO - Moderator: Player2 has been voted out.
2025-02-27 11:07:32 - INFO - Moderator: The werewolves have prevailed and taken over the village. Better luck next time!
