In this Werewolf game scenario, Player1, who is secretly a werewolf, is attempting to strategically navigate discussions to conceal their identity while casting suspicion onto others. Player1 adopted a two-pronged argument strategy, targeting Player4 for their silence and Player3 for their suspicious behavior and avoidance of confrontation.

**Strategic Decisions:**
1. **Initial Observation Strategy:** Player1 opted to initiate the discussion by suggesting observing behaviors from the previous night, subtly encouraging others to share their thoughts without overtly pointing fingers initially. This strategy helps Player1 to align with the group and appear genuinely invested in finding the werewolf.

2. **Accusation Tactics:**
   - **Targeting Player4:** Player1 crafted an argument emphasizing Player4's quietness and lack of contribution. The rationale is that such behavior might suggest an effort to remain undetected, a plausible tactic for a werewolf, although this argument lacked direct incriminating evidence.
   - **Targeting Player3:** Player1 advanced the argument against Player3 based on their suspicious behavior and avoiding confrontation. The reasoning here was stronger, as Player1 noted that identifying and eliminating a werewolf among them would significantly benefit the villagers' chances of winning.

3. **Final Decision:** Ultimately, Player1 decided to vote for Player3, rationalizing that Player3's observed behavior was more indicative of werewolf activity and posed a greater threat than Player4's passive approach.

**Implications for Future Strategic Decisions:**
- **Balance between Contribution and Accusation:** Player1's method of stimulating conversation and then subtly directing suspicion elsewhere can be a powerful strategy. Future strategic decisions should continue to balance genuine participation with thoughtful accusations to avoid revealing werewolf identity.
  
- **Evaluating Threats:** When prioritizing targets, Player1 demonstrated the value of weighing direct evidence against behaviors that could genuinely impact the game (e.g., reducing a direct threat posed by suspicious actions). This approach should be continued to strengthen future strategic voting decisions.

- **Importance of Reasonable Doubt:** Player1 avoided voting for the quieter player due to insufficient direct evidence. Maintaining this principle of reasonable doubt ensures accusations remain credible, reducing the risk of exposure.

In future scenarios, maintaining a consistent appearance of alignment with the villagers' goals while carefully selecting and justifying targets is critical for a werewolf seeking to survive and manipulate the game's outcome effectively.
Reflecting on Player1's strategic decisions, there are several key insights and implications for future gameplay in Werewolf:

1. **Target Selection Strategy**:
   - Player1 aimed to maintain their cover by casting suspicion on others, specifically targeting Player3 initially. This suggests that deflection can be an effective strategy for those attempting to hide their werewolf identity.
   - For future decisions, players should be cautious of those who heavily accuse others without presenting solid evidence, as this might be a deflection tactic.

2. **Behavioral Observations**:
   - Player1 relied heavily on the behavior (e.g., evasion, quietness) of other players to build suspicion. This can serve as a reminder that observing and analyzing player behavior is crucial in identifying potential werewolves.
   - Effective strategic decisions in future games should involve careful monitoring of participation levels and engagement in discussions, as these can reveal hidden motives.

3. **Balancing Silence and Participation**:
   - Player1 ultimately decided to vote against Player4 due to their silence, interpreting it as a common trait among werewolves seeking to avoid detection. This highlights the importance of balancing silence and participation.
   - Future players should strive to participate actively and contribute meaningfully to discussions to avoid suspicion. Additionally, strategic silence should be used sparingly to avoid becoming a target.

4. **The Dynamics of Argument and Persuasion**:
   - By targeting both Player2 and Player4 with arguments of suspicion, Player1 was attempting to persuade others and shift the game dynamics in their favor. It underscores the importance of argument strength and persuasion in strategic decisions.
   - In future games, developing strong, evidence-based arguments when suspecting other players — and being persuasive about it — can be key to swaying group decisions.

5. **Adaptability and Reactions**:
   - Player1's approach involved watching how others responded to their claims, indicating the adaptability of strategy based on reactions. This can help refine strategic choices in real-time.
   - Future strategic decisions should involve adaptability, being responsive to evolving discussions, and re-assessing tactics as new information becomes available.

Overall, these reflections emphasize the importance of choosing targets carefully, using behavioral cues for suspicion, balancing engagement, and crafting persuasive arguments. Players should remain adaptable and observant of group dynamics to effectively navigate and influence the game's outcome.
In the scenario described, Player1 is the werewolf, attempting to balance their dual objectives: maintaining their cover while influencing the group to eliminate threats to their survival. Here's a breakdown of the strategic decisions and their implications:

1. **Maintaining Cover and Diverting Suspicion**: 
   - **Decision**: Player1 strategically emphasizes Player3's suspicious behavior and Player4's lack of participation while raising concerns about Player2's inconsistencies. The aim is to divert attention from themselves and keep the focus on other players.
   - **Implication**: This decision underlines the importance of creating plausible narratives and sowing doubt among the participants to divert suspicion away from the werewolf. In future games, the effectiveness of these tactics could be crucial in prolonging the werewolf's anonymity.

2. **Targeting Players for Elimination**:
   - **Decision**: The argument initially targets Player2 due to their suspicious behavior but ultimately decides that Player4's silence is a more immediate threat.
   - **Implication**: This suggests a tactical approach to prioritizing targets not solely based on suspicion but also on perceived danger to the werewolf's survival. Future strategic decisions should weigh the potential impact of each player's presence on the game's outcome, considering both short-term cover strategies and long-term survival.

3. **Balancing Assertiveness and Subtlety**:
   - **Decision**: Player1 uses assertive tactics to steer the discussion but remains subtle enough not to appear overly aggressive.
   - **Implication**: The balance between being assertive and subtle is crucial. Being too aggressive might expose the werewolf, while being too passive may not effectively influence the game. Future strategies could benefit from calibrating this balance to the dynamics of each game, adapting assertiveness based on group responsiveness and the remaining players.

Overall, the key implications for future strategic decisions are the necessity of crafting convincing narratives to divert suspicion, prioritizing targets based on threat levels, and maintaining a balance between assertiveness and subtlety to avoid exposure while guiding the game towards favorable outcomes.