## Decision Summary:

**Key Decision Points:**
1. **Role and Objectives**: Player1 is a werewolf and needs to keep their identity concealed while deflecting suspicion onto others. They are also tasked with protecting their partner and subtly influencing the village towards missteps.
   
2. **Communication Strategy**: Player1 focuses on sowing doubt about other players’ behavior, targeting Player3 and Player2. Player1 aims to deflect suspicion from themselves by actively participating in discussions and appearing helpful, even suggesting that Player3's quietness could be suspicious.

3. **Target Selection for Elimination**: 
   - Player1 deliberates between Player2 and Player3. Through their thought process, Player1 decides to cast greater suspicion on Player2 due to their lack of participation and what seems like an attempt to integrate unnoticed with the villagers. 

4. **Prioritization of Threat**: Ultimately, Player1 focuses on eliminating Player2, believing this will reduce potential threats while muddying the waters about themselves, providing cover for their fellow werewolf.

## Strategic Reflections and Implications:

1. **Maintaining Concealment**:
   - Going forward, Player1 must ensure they maintain a balance of active participation and strategic suspicion-casting. This strategy effectively keeps Player1 under the radar and seeds division among the villagers.
  
2. **Exploiting Visibility**: 
   - Drawing attention to quieter players, as Player1 did, can shift focus away from Player1 and become a tactic to destabilize trust within the village group. Future strategy could benefit from not only targeting quiet but also inconsistent behaviors in other players to exploit vulnerabilities in the team's cohesion.

3. **Decision Adaptability**:
   - As conditions change, Player1 will need to remain flexible in their accusations and be prepared to abandon targets if suspicions backfire toward them. It is necessary to adapt quickly to the unfolding social dynamics and use misdirection effectively.

4. **Consistent Narrative**: 
   - Building a consistent story or reasoning for suspecting other players, as demonstrated by targeting Player2 and Player3, helps in maintaining credibility. Moving forward, a coherent narrative serves to validate Player1’s actions and engages villagers in focusing their suspicions elsewhere.

5. **Identifying Leaders**:
   - Special attention should be given to identifying influential or persuasive villagers who pose a significant risk due to their leadership capabilities. Targeting them early or discrediting them can avert coordinated actions against werewolves.

By analyzing Player1’s past strategic decisions, future games should emphasize subtlety, adaptability, and crafting credible narratives to continue evading capture and protecting their alliance.
In reviewing Player1's decision-making strategy, it's evident that they focused on manipulating perceptions and creating doubt among other players to protect their position. Player1 aimed to keep themselves under the radar while directing suspicion towards others, specifically targeting Player2 due to their lack of participation. This decision-making process involved the following key strategies:

1. **Creating and Maintaining Suspicion:** Player1 strategically highlighted Player2's silence as suspicious behavior, suggesting it as a tactic to blend into the group without drawing attention. This allowed Player1 to plant seeds of doubt regarding Player2's intentions and potentially their role in the game.

2. **Deflection Technique:** By focusing on another player (Player2), Player1 aimed to divert attention from themselves, reducing the risk of being targeted in future rounds. The end goal was to influence the group's perception and direct the vote towards someone else.

3. **Strategic Elimination:** Player1 believed that eliminating quieter, less participatory players would disrupt potential village alliances and maintain control over the game's narrative. Choosing Player2 allowed Player1 to weaken what they perceived as organized resistance while maintaining their standing in the group.

The most important implications for future strategic decisions in Werewolf based on Player1's approach include:

- **Importance of Participation:** Staying actively involved in discussions can protect players from being targeted based on inactivity, which is often associated with suspicious behavior.
  
- **Effective Use of Attention Deflection:** Successfully shifting focus from oneself to others is crucial to survival in deception games. Future players must master the art of navigating conversations to subtly impact group dynamics.

- **Adapting to Group Dynamics:** Understanding how group perceptions can be swayed is vital. Relying solely on one player's inactivity could backfire if the group becomes aware of this manipulation tactic.

Overall, Player1's strategy underscores the importance of balancing assertive engagement with careful misdirection to survive and potentially thrive in strategic group games like Werewolf.