{"basefilepath":"logs/fastslow","max_days_per_game":2,"num_games":2,"reflect_before_vectorstore":false,"max_werewolf_discussion_round":3,"similarity_top_k":2,"random_seed":42}
2025-02-27 12:30:57 - INFO - Starting game 0
2025-02-27 12:30:57 - INFO - Moderator: Player1, if you are the only werewolf, eliminate a player. Otherwise, discuss with your teammates and reach an agreement.
2025-02-27 12:30:57 - INFO - Moderator: Player1, if you are the only werewolf, eliminate a player. Otherwise, discuss with your teammates and reach an agreement.
2025-02-27 12:30:57 - INFO - ===
2025-02-27 12:30:57 - INFO - Query: Discussions related to villagers, seer, witch.
2025-02-27 12:30:57 - INFO - Retrieved similar documents: 
2025-02-27 12:30:57 - INFO - ===
2025-02-27 12:31:00 - INFO - Werewolves discussion: I think we should look closely at how everyone is acting. Player2 seemed a bit nervous during the last discussion, and it's worth mentioning.
2025-02-27 12:31:01 - INFO - ===
2025-02-27 12:31:01 - INFO - Query: Discussions related to villagers, seer, witch.
2025-02-27 12:31:01 - INFO - Retrieved similar documents: Player1: {"thought": "I need to gauge the suspicions of the other players and steer the discussion away from myself and my partner. It's important to blend in while gathering information.", "speak": "I think we should look closely at how everyone is acting. Player2 seemed a bit nervous during the last discussion, and it's worth mentioning.", "finish_discussion": false}
Player1: {"thought": "I need to gauge the suspicions of the other players and steer the discussion away from myself and my partner. It's important to blend in while gathering information.", "speak": "I think we should look closely at how everyone is acting. Player2 seemed a bit nervous during the last discussion, and it's worth mentioning.", "finish_discussion": false}
2025-02-27 12:31:01 - INFO - ===
2025-02-27 12:31:03 - INFO - Werewolves discussion: I think we should vote to eliminate someone based on the conversations we've had. Player2 seemed a bit defensive earlier, which could indicate they might be hiding something. What do you all think?
2025-02-27 12:31:03 - INFO - Moderator: Which player do you vote to kill?
2025-02-27 12:31:03 - INFO - Moderator: Which player do you vote to kill?
2025-02-27 12:31:03 - INFO - ===
2025-02-27 12:31:03 - INFO - Query: Discussions related to villagers, seer, witch.
2025-02-27 12:31:03 - INFO - Retrieved similar documents: Player1: {"thought": "I need to be cautious about my choices. It's crucial to identify who might be the seer or witch while keeping my werewolf identity hidden. I'm analyzing the others' reactions and statements carefully to avoid suspicion myself.", "speak": "I think we should vote to eliminate someone based on the conversations we've had. Player2 seemed a bit defensive earlier, which could indicate they might be hiding something. What do you all think?", "finish_discussion": "false"}
Player1: {"thought": "I need to gauge the suspicions of the other players and steer the discussion away from myself and my partner. It's important to blend in while gathering information.", "speak": "I think we should look closely at how everyone is acting. Player2 seemed a bit nervous during the last discussion, and it's worth mentioning.", "finish_discussion": false}
2025-02-27 12:31:03 - INFO - ===
2025-02-27 12:31:05 - INFO - ===
2025-02-27 12:31:05 - INFO - Fast Response: {"thought": "I think Player3 seems suspicious based on their previous actions and comments. They haven't contributed much to the discussion, which makes me wary. I believe they could be one of the werewolves.", "vote": "Player3", "uncertainty_score": "0.2"}
2025-02-27 12:31:05 - INFO - Fast Uncertainty: 0.2
2025-02-27 12:31:05 - INFO - ===
2025-02-27 12:31:05 - INFO - Moderator: The player with the most votes is Player3.
2025-02-27 12:31:05 - INFO - Moderator: Player4, you're the witch. Tonight Player3 is eliminated. Would you like to resurrect Player3?
2025-02-27 12:31:05 - INFO - ===
2025-02-27 12:31:05 - INFO - Query: Discussions related to werewolves.
2025-02-27 12:31:05 - INFO - Retrieved similar documents: 
2025-02-27 12:31:05 - INFO - ===
2025-02-27 12:31:08 - INFO - Witch resurrection response: I will choose to resurrect Player3 because they could provide insights into who the werewolves are, and it strengthens our chances of identifying them during the day phase.
2025-02-27 12:31:08 - INFO - Moderator: The witch has chosen to resurrect the player.
2025-02-27 12:31:08 - INFO - Moderator: Player3, you're the seer. Which player in Player1, Player2, Player3 and Player4 would you like to check tonight?
2025-02-27 12:31:08 - INFO - ===
2025-02-27 12:31:08 - INFO - Query: Discussions related to werewolves.
2025-02-27 12:31:08 - INFO - Retrieved similar documents: 
2025-02-27 12:31:08 - INFO - ===
2025-02-27 12:31:09 - INFO - Seer response: Player4
2025-02-27 12:31:09 - INFO - Moderator: Okay, the role of Player4 is a witch.
2025-02-27 12:31:11 - INFO - ===
2025-02-27 12:31:11 - INFO - Query: Discussions related to villagers, seer, witch.
2025-02-27 12:31:11 - INFO - Retrieved similar documents: Player1: {"thought": "I need to be cautious about my choices. It's crucial to identify who might be the seer or witch while keeping my werewolf identity hidden. I'm analyzing the others' reactions and statements carefully to avoid suspicion myself.", "speak": "I think we should vote to eliminate someone based on the conversations we've had. Player2 seemed a bit defensive earlier, which could indicate they might be hiding something. What do you all think?", "finish_discussion": "false"}
Player1: {"thought": "I need to gauge the suspicions of the other players and steer the discussion away from myself and my partner. It's important to blend in while gathering information.", "speak": "I think we should look closely at how everyone is acting. Player2 seemed a bit nervous during the last discussion, and it's worth mentioning.", "finish_discussion": false}
2025-02-27 12:31:11 - INFO - ===
2025-02-27 12:31:13 - INFO - ===
2025-02-27 12:31:13 - INFO - Query: Discussions related to werewolves.
2025-02-27 12:31:13 - INFO - Retrieved similar documents: 
2025-02-27 12:31:13 - INFO - ===
2025-02-27 12:31:15 - INFO - ===
2025-02-27 12:31:15 - INFO - Query: Discussions related to werewolves.
2025-02-27 12:31:15 - INFO - Retrieved similar documents: Player3: {"thought": "I need to gather crucial information to protect the villagers. I suspect Player4 might be a werewolf based on their previous comments, so I will check Player4's role.", "speak": "Player4"}
Moderator: Okay, the role of Player4 is a witch.
2025-02-27 12:31:15 - INFO - ===
2025-02-27 12:31:17 - INFO - ===
2025-02-27 12:31:17 - INFO - Query: Discussions related to werewolves.
2025-02-27 12:31:17 - INFO - Retrieved similar documents: Player4: {"thought": "I need to carefully consider whether resurrecting Player3 is a good strategic move. If they have useful information or are a villager, it could help us. However, I must also weigh the risk of exposing my role as a witch.", "speak": "I will choose to resurrect Player3 because they could provide insights into who the werewolves are, and it strengthens our chances of identifying them during the day phase.", "resurrect": true}
2025-02-27 12:31:17 - INFO - ===
2025-02-27 12:31:20 - INFO - Survivors Discussion: I understand your concerns, Player3. I'm just trying to gather as much information as I can. Each of us has our own perspective, and it’s crucial that we share what we think.
2025-02-27 12:31:20 - INFO - Moderator: Given the game rules and your role, based on the situation and the information you gain, to win the game, it's time to vote one player eliminated among the alive players. Which player do you vote to kill?
2025-02-27 12:31:21 - INFO - ===
2025-02-27 12:31:21 - INFO - Query: Discussions related to villagers, seer, witch.
2025-02-27 12:31:21 - INFO - Retrieved similar documents: Player1: {"thought": "I need to be cautious about my choices. It's crucial to identify who might be the seer or witch while keeping my werewolf identity hidden. I'm analyzing the others' reactions and statements carefully to avoid suspicion myself.", "speak": "I think we should vote to eliminate someone based on the conversations we've had. Player2 seemed a bit defensive earlier, which could indicate they might be hiding something. What do you all think?", "finish_discussion": "false"}
Player1: {"thought": "I need to assess the situation carefully. I have to figure out who the werewolves might be while protecting my own identity. There are only a few of us, so suspicion can easily fall on any player. I should also think about how to subtly guide the conversation without revealing too much about my own role.", "speak": "Alright everyone, let's discuss what we think has happened during the night. Did anyone have any suspicious encounters or observations? I think it's important to evaluate who we can trust."}
2025-02-27 12:31:21 - INFO - ===
2025-02-27 12:31:22 - INFO - ===
2025-02-27 12:31:22 - INFO - Fast Response: {"thought": "I need to eliminate a player who seems suspicious while being cautious not to reveal my own identity. Based on the previous discussions, Player3 has been acting a bit defensively, which raises my suspicion.", "vote": "Player3", "uncertainty_score": "0.3"}
2025-02-27 12:31:22 - INFO - Fast Uncertainty: 0.3
2025-02-27 12:31:22 - INFO - ===
2025-02-27 12:31:23 - INFO - ===
2025-02-27 12:31:23 - INFO - Query: Discussions related to werewolves.
2025-02-27 12:31:23 - INFO - Retrieved similar documents: Player2: {"thought": "Player1 seems eager to discuss the night phase, which is good, but I need to be cautious. I shouldn't reveal too much about my thoughts yet and observe everyone's reactions.", "speak": "I agree, Player1. It's crucial to examine everyone's behavior. I didn't witness anything unusual, but let's see who stands out in this discussion."}
Player2: {"thought": "Player1 seems eager to discuss the night phase, which is good, but I need to be cautious. I shouldn't reveal too much about my thoughts yet and observe everyone's reactions.", "speak": "I agree, Player1. It's crucial to examine everyone's behavior. I didn't witness anything unusual, but let's see who stands out in this discussion."}
2025-02-27 12:31:23 - INFO - ===
2025-02-27 12:31:26 - INFO - ===
2025-02-27 12:31:26 - INFO - Query: Discussions related to werewolves.
2025-02-27 12:31:26 - INFO - Retrieved similar documents: Player3: {"thought": "I need to gather crucial information to protect the villagers. I suspect Player4 might be a werewolf based on their previous comments, so I will check Player4's role.", "speak": "Player4"}
Moderator: Okay, the role of Player4 is a witch.
2025-02-27 12:31:26 - INFO - ===
2025-02-27 12:31:28 - INFO - ===
2025-02-27 12:31:28 - INFO - Query: Discussions related to werewolves.
2025-02-27 12:31:28 - INFO - Retrieved similar documents: Player4: {"thought": "I need to carefully consider whether resurrecting Player3 is a good strategic move. If they have useful information or are a villager, it could help us. However, I must also weigh the risk of exposing my role as a witch.", "speak": "I will choose to resurrect Player3 because they could provide insights into who the werewolves are, and it strengthens our chances of identifying them during the day phase.", "resurrect": true}
2025-02-27 12:31:28 - INFO - ===
2025-02-27 12:31:30 - INFO - Moderator: Player3 has been voted out.
2025-02-27 12:31:30 - INFO - Moderator: Player1, if you are the only werewolf, eliminate a player. Otherwise, discuss with your teammates and reach an agreement.
2025-02-27 12:31:30 - INFO - Moderator: Player1, if you are the only werewolf, eliminate a player. Otherwise, discuss with your teammates and reach an agreement.
2025-02-27 12:31:30 - INFO - ===
2025-02-27 12:31:30 - INFO - Query: Discussions related to villagers, seer, witch.
2025-02-27 12:31:30 - INFO - Retrieved similar documents: Player1: {"thought": "I need to be cautious about my choices. It's crucial to identify who might be the seer or witch while keeping my werewolf identity hidden. I'm analyzing the others' reactions and statements carefully to avoid suspicion myself.", "speak": "I think we should vote to eliminate someone based on the conversations we've had. Player2 seemed a bit defensive earlier, which could indicate they might be hiding something. What do you all think?", "finish_discussion": "false"}
Player1: {"thought": "I need to assess the situation carefully. I have to figure out who the werewolves might be while protecting my own identity. There are only a few of us, so suspicion can easily fall on any player. I should also think about how to subtly guide the conversation without revealing too much about my own role.", "speak": "Alright everyone, let's discuss what we think has happened during the night. Did anyone have any suspicious encounters or observations? I think it's important to evaluate who we can trust."}
2025-02-27 12:31:30 - INFO - ===
2025-02-27 12:31:32 - INFO - Werewolves discussion: I feel like there are some inconsistencies in how Player3 is presenting their thoughts. We should pay close attention to who they seem to target. What do you all think?
2025-02-27 12:31:32 - INFO - Moderator: Which player do you vote to kill?
2025-02-27 12:31:32 - INFO - Moderator: Which player do you vote to kill?
2025-02-27 12:31:33 - INFO - ===
2025-02-27 12:31:33 - INFO - Query: Discussions related to villagers, seer, witch.
2025-02-27 12:31:33 - INFO - Retrieved similar documents: Player1: {"thought": "I need to be cautious about my choices. It's crucial to identify who might be the seer or witch while keeping my werewolf identity hidden. I'm analyzing the others' reactions and statements carefully to avoid suspicion myself.", "speak": "I think we should vote to eliminate someone based on the conversations we've had. Player2 seemed a bit defensive earlier, which could indicate they might be hiding something. What do you all think?", "finish_discussion": "false"}
Player1: {"thought": "I need to gauge the suspicions of the other players and steer the discussion towards eliminating a villager without revealing myself as a werewolf. It's crucial to create doubt among them without raising their suspicions toward me.", "speak": "I feel like there are some inconsistencies in how Player3 is presenting their thoughts. We should pay close attention to who they seem to target. What do you all think?", "finish_discussion": "false"}
2025-02-27 12:31:33 - INFO - ===
2025-02-27 12:31:35 - INFO - ===
2025-02-27 12:31:35 - INFO - Fast Response: {"thought": "I need to eliminate a player who seems suspicious. Player2 has been quiet and not contributing much to the discussion, which raises my suspicion. I believe it's a good strategy to vote for them.", "vote": "Player2", "uncertainty_score": 0.3}
2025-02-27 12:31:35 - INFO - Fast Uncertainty: 0.3
2025-02-27 12:31:35 - INFO - ===
2025-02-27 12:31:35 - INFO - Moderator: The player with the most votes is Player2.
2025-02-27 12:31:35 - INFO - ===
2025-02-27 12:31:35 - INFO - Query: Discussions related to werewolves.
2025-02-27 12:31:35 - INFO - Retrieved similar documents: Player4: {"thought": "I need to carefully consider whether resurrecting Player3 is a good strategic move. If they have useful information or are a villager, it could help us. However, I must also weigh the risk of exposing my role as a witch.", "speak": "I will choose to resurrect Player3 because they could provide insights into who the werewolves are, and it strengthens our chances of identifying them during the day phase.", "resurrect": true}
2025-02-27 12:31:35 - INFO - ===
2025-02-27 12:31:38 - INFO - Witch Poison Response: We need to discuss who we suspect might be a werewolf. I've been observing everyone closely, and I think we should focus our attention on Player1 for now. What do you all think?
2025-02-27 12:31:38 - INFO - The witch has chosen not to poison a player.
2025-02-27 12:31:38 - INFO - Moderator: The werewolves have prevailed and taken over the village. Better luck next time!
