{"basefilepath":"logs/fastslow","max_days_per_game":2,"num_games":2,"reflect_before_vectorstore":false,"max_werewolf_discussion_round":3,"similarity_top_k":2,"random_seed":42}
2025-02-27 12:31:39 - INFO - Starting game 1
2025-02-27 12:31:39 - INFO - Moderator: Player1, if you are the only werewolf, eliminate a player. Otherwise, discuss with your teammates and reach an agreement.
2025-02-27 12:31:39 - INFO - Moderator: Player1, if you are the only werewolf, eliminate a player. Otherwise, discuss with your teammates and reach an agreement.
2025-02-27 12:31:39 - INFO - ===
2025-02-27 12:31:39 - INFO - Query: Discussions related to villagers, seer, witch.
2025-02-27 12:31:39 - INFO - Retrieved similar documents: 
2025-02-27 12:31:39 - INFO - ===
2025-02-27 12:31:41 - INFO - Werewolves discussion: I've noticed that Player3 has been a bit quiet during our discussions. Maybe it's worth questioning their alibi or perspective on who the werewolves might be? What do you all think?
2025-02-27 12:31:41 - INFO - ===
2025-02-27 12:31:41 - INFO - Query: Discussions related to villagers, seer, witch.
2025-02-27 12:31:41 - INFO - Retrieved similar documents: Player1: {"thought": "I need to carefully observe the others and gather information to hide my identity as a werewolf. Player2 seems to be suspicious of Player3, so I might try to redirect the suspicion towards them.", "speak": "I've noticed that Player3 has been a bit quiet during our discussions. Maybe it's worth questioning their alibi or perspective on who the werewolves might be? What do you all think?", "finish_discussion": false}
Player1: {"thought": "I need to carefully observe the others and gather information to hide my identity as a werewolf. Player2 seems to be suspicious of Player3, so I might try to redirect the suspicion towards them.", "speak": "I've noticed that Player3 has been a bit quiet during our discussions. Maybe it's worth questioning their alibi or perspective on who the werewolves might be? What do you all think?", "finish_discussion": false}
2025-02-27 12:31:41 - INFO - ===
2025-02-27 12:31:44 - INFO - Werewolves discussion: I think Player2 is acting a bit suspiciously. They seemed hesitant during the last vote. What does everyone else think about that?
2025-02-27 12:31:44 - INFO - Moderator: Which player do you vote to kill?
2025-02-27 12:31:44 - INFO - Moderator: Which player do you vote to kill?
2025-02-27 12:31:44 - INFO - ===
2025-02-27 12:31:44 - INFO - Query: Discussions related to villagers, seer, witch.
2025-02-27 12:31:44 - INFO - Retrieved similar documents: Player1: {"thought": "I need to blend in with the villagers and support a shared suspicion to avoid drawing attention to myself as a werewolf. Observing the dynamics between the players will help me assess who might be a threat or ally.", "speak": "I think Player2 is acting a bit suspiciously. They seemed hesitant during the last vote. What does everyone else think about that?", "finish_discussion": "false"}
Player1: {"thought": "I need to carefully observe the others and gather information to hide my identity as a werewolf. Player2 seems to be suspicious of Player3, so I might try to redirect the suspicion towards them.", "speak": "I've noticed that Player3 has been a bit quiet during our discussions. Maybe it's worth questioning their alibi or perspective on who the werewolves might be? What do you all think?", "finish_discussion": false}
2025-02-27 12:31:44 - INFO - ===
2025-02-27 12:31:46 - INFO - ===
2025-02-27 12:31:46 - INFO - Fast Response: {"thought": "I believe Player2 is acting suspiciously, and their behavior doesn't align with that of a villager. It's essential to eliminate potential threats to ensure the villagers' safety.", "vote": "Player2", "uncertainty_score": 0.2}
2025-02-27 12:31:46 - INFO - Fast Uncertainty: 0.2
2025-02-27 12:31:46 - INFO - ===
2025-02-27 12:31:46 - INFO - Moderator: The player with the most votes is Player2.
2025-02-27 12:31:46 - INFO - Moderator: Player4, you're the witch. Tonight Player2 is eliminated. Would you like to resurrect Player2?
2025-02-27 12:31:46 - INFO - ===
2025-02-27 12:31:46 - INFO - Query: Discussions related to werewolves.
2025-02-27 12:31:46 - INFO - Retrieved similar documents: 
2025-02-27 12:31:46 - INFO - ===
2025-02-27 12:31:48 - INFO - Witch resurrection response: I choose to resurrect Player2 because we need all the helpful voices we can get to identify the werewolves and ensure the villagers have a chance to win.
2025-02-27 12:31:48 - INFO - Moderator: The witch has chosen to resurrect the player.
2025-02-27 12:31:48 - INFO - Moderator: Player3, you're the seer. Which player in Player1, Player2, Player3 and Player4 would you like to check tonight?
2025-02-27 12:31:48 - INFO - ===
2025-02-27 12:31:48 - INFO - Query: Discussions related to werewolves.
2025-02-27 12:31:48 - INFO - Retrieved similar documents: 
2025-02-27 12:31:48 - INFO - ===
2025-02-27 12:31:49 - INFO - Seer response: Player1
2025-02-27 12:31:49 - INFO - Moderator: Okay, the role of Player1 is a werewolf.
2025-02-27 12:31:50 - INFO - ===
2025-02-27 12:31:50 - INFO - Query: Discussions related to villagers, seer, witch.
2025-02-27 12:31:50 - INFO - Retrieved similar documents: Player1: {"thought": "I need to blend in with the villagers and support a shared suspicion to avoid drawing attention to myself as a werewolf. Observing the dynamics between the players will help me assess who might be a threat or ally.", "speak": "I think Player2 is acting a bit suspiciously. They seemed hesitant during the last vote. What does everyone else think about that?", "finish_discussion": "false"}
Player1: {"thought": "I need to carefully observe the others and gather information to hide my identity as a werewolf. Player2 seems to be suspicious of Player3, so I might try to redirect the suspicion towards them.", "speak": "I've noticed that Player3 has been a bit quiet during our discussions. Maybe it's worth questioning their alibi or perspective on who the werewolves might be? What do you all think?", "finish_discussion": false}
2025-02-27 12:31:50 - INFO - ===
2025-02-27 12:31:52 - INFO - ===
2025-02-27 12:31:52 - INFO - Query: Discussions related to werewolves.
2025-02-27 12:31:52 - INFO - Retrieved similar documents: 
2025-02-27 12:31:52 - INFO - ===
2025-02-27 12:31:54 - INFO - ===
2025-02-27 12:31:54 - INFO - Query: Discussions related to werewolves.
2025-02-27 12:31:54 - INFO - Retrieved similar documents: Moderator: Okay, the role of Player1 is a werewolf.
Player3: {"thought": "I need to make a strategic choice about who to check tonight. I suspect that Player1 might be a werewolf, as they have been quiet and not contributing much. I want to see their role and gather more information.", "speak": "Player1"}
2025-02-27 12:31:54 - INFO - ===
2025-02-27 12:31:56 - INFO - ===
2025-02-27 12:31:56 - INFO - Query: Discussions related to werewolves.
2025-02-27 12:31:56 - INFO - Retrieved similar documents: Player4: {"thought": "Player2 might have valuable information that could help villagers identify the werewolves. Resurrecting them could provide a strategic advantage for the remaining players.", "speak": "I choose to resurrect Player2 because we need all the helpful voices we can get to identify the werewolves and ensure the villagers have a chance to win.", "resurrect": true}
2025-02-27 12:31:56 - INFO - ===
2025-02-27 12:31:57 - INFO - Survivors Discussion: I agree, it’s important to stay open-minded. We should gather more evidence before making any assumptions. How about we each share any observations we’ve made about each player?
2025-02-27 12:31:57 - INFO - Moderator: Given the game rules and your role, based on the situation and the information you gain, to win the game, it's time to vote one player eliminated among the alive players. Which player do you vote to kill?
2025-02-27 12:31:58 - INFO - ===
2025-02-27 12:31:58 - INFO - Query: Discussions related to villagers, seer, witch.
2025-02-27 12:31:58 - INFO - Retrieved similar documents: Player1: {"thought": "I need to keep my identity hidden while trying to figure out who the other werewolf is, or at least sow doubt among the villagers. I should pay attention to how Player2, Player3, and Player4 are acting and voting during the discussion.", "speak": "I think we should start discussing who seems suspicious. Player2, what are your thoughts on the recent events? Have you noticed anything odd about anyone?"}
Player1: {"thought": "I need to blend in with the villagers and support a shared suspicion to avoid drawing attention to myself as a werewolf. Observing the dynamics between the players will help me assess who might be a threat or ally.", "speak": "I think Player2 is acting a bit suspiciously. They seemed hesitant during the last vote. What does everyone else think about that?", "finish_discussion": "false"}
2025-02-27 12:31:58 - INFO - ===
2025-02-27 12:31:59 - INFO - ===
2025-02-27 12:31:59 - INFO - Fast Response: {"thought": "I suspect Player3 based on their behavior during the discussion; they seemed evasive and didn't provide solid reasons for their suspicions.", "vote": "Player3", "uncertainty_score": "0.3"}
2025-02-27 12:31:59 - INFO - Fast Uncertainty: 0.3
2025-02-27 12:31:59 - INFO - ===
2025-02-27 12:32:00 - INFO - ===
2025-02-27 12:32:00 - INFO - Query: Discussions related to werewolves.
2025-02-27 12:32:00 - INFO - Retrieved similar documents: Player2: {"thought": "I need to assess the group dynamics and see if anyone is acting unusually. Maybe I can find a clue about the werewolves by analyzing their behavior.", "speak": "I agree, Player1. I've been paying attention, and I feel like Player3 has been a bit too quiet. It might be worth considering if they are trying to blend in."}
Player2: {"thought": "I need to assess the group dynamics and see if anyone is acting unusually. Maybe I can find a clue about the werewolves by analyzing their behavior.", "speak": "I agree, Player1. I've been paying attention, and I feel like Player3 has been a bit too quiet. It might be worth considering if they are trying to blend in."}
2025-02-27 12:32:00 - INFO - ===
2025-02-27 12:32:01 - INFO - ===
2025-02-27 12:32:01 - INFO - Query: Discussions related to werewolves.
2025-02-27 12:32:01 - INFO - Retrieved similar documents: Moderator: Okay, the role of Player1 is a werewolf.
Player3: {"thought": "I need to make a strategic choice about who to check tonight. I suspect that Player1 might be a werewolf, as they have been quiet and not contributing much. I want to see their role and gather more information.", "speak": "Player1"}
2025-02-27 12:32:01 - INFO - ===
2025-02-27 12:32:04 - INFO - ===
2025-02-27 12:32:04 - INFO - Query: Discussions related to werewolves.
2025-02-27 12:32:04 - INFO - Retrieved similar documents: Player4: {"thought": "I need to be careful about how I present myself. If I come off too defensive, they might suspect I'm the witch or worse, a werewolf. I should try to blend in with the villagers and guide the conversation subtly.", "speak": "I agree, it\u2019s important to stay open-minded. We should gather more evidence before making any assumptions. How about we each share any observations we\u2019ve made about each player?"}
2025-02-27 12:32:04 - INFO - ===
2025-02-27 12:32:05 - INFO - Moderator: Player1 has been voted out.
2025-02-27 12:32:05 - INFO - Moderator: The game is over. The werewolves have been defeated, and the village is safe once again!
2025-02-27 12:32:05 - INFO - Moderator: The game is over. The werewolves have been defeated, and the village is safe once again!
