{"basefilepath":"logs/fastslow","max_days_per_game":2,"num_games":2,"reflect_before_vectorstore":false,"max_werewolf_discussion_round":3,"similarity_top_k":2,"random_seed":42}
2025-02-27 14:07:55 - INFO - Starting game 1
2025-02-27 14:07:55 - INFO - Moderator: Player1, if you are the only werewolf, eliminate a player. Otherwise, discuss with your teammates and reach an agreement.
2025-02-27 14:07:55 - INFO - Moderator: Player1, if you are the only werewolf, eliminate a player. Otherwise, discuss with your teammates and reach an agreement.
2025-02-27 14:07:55 - INFO - ===
2025-02-27 14:07:55 - INFO - Query: Discussions related to villagers, seer, witch.
2025-02-27 14:07:55 - INFO - Retrieved similar documents: 
2025-02-27 14:07:55 - INFO - ===
2025-02-27 14:08:01 - INFO - Werewolves discussion: I think we should take a moment to evaluate who has been acting suspiciously. Player2 mentioned something odd during our last conversation, which could be worth discussing further. What do you all think?
2025-02-27 14:08:01 - INFO - ===
2025-02-27 14:08:01 - INFO - Query: Discussions related to villagers, seer, witch.
2025-02-27 14:08:01 - INFO - Retrieved similar documents: Player1: {"thought": "I need to carefully strategize how to eliminate a villager without revealing my identity as a werewolf. I will try to gauge the suspicions of the other players and deflect attention away from myself and my teammate.", "speak": "I think we should take a moment to evaluate who has been acting suspiciously. Player2 mentioned something odd during our last conversation, which could be worth discussing further. What do you all think?", "finish_discussion": false}
Player1: {"thought": "I need to carefully strategize how to eliminate a villager without revealing my identity as a werewolf. I will try to gauge the suspicions of the other players and deflect attention away from myself and my teammate.", "speak": "I think we should take a moment to evaluate who has been acting suspiciously. Player2 mentioned something odd during our last conversation, which could be worth discussing further. What do you all think?", "finish_discussion": false}
2025-02-27 14:08:01 - INFO - ===
2025-02-27 14:08:03 - INFO - Werewolves discussion: I think we should closely examine how everyone has been acting during the night phase. Any suspicious behavior could indicate who the werewolves are. Let's also think about any unusual voting patterns from the last day's discussions.
2025-02-27 14:08:03 - INFO - Moderator: Which player do you vote to kill?
2025-02-27 14:08:03 - INFO - Moderator: Which player do you vote to kill?
2025-02-27 14:08:04 - INFO - ===
2025-02-27 14:08:04 - INFO - Query: Discussions related to villagers, seer, witch.
2025-02-27 14:08:04 - INFO - Retrieved similar documents: Player1: {"thought": "I need to carefully strategize how to eliminate a villager without revealing my identity as a werewolf. I will try to gauge the suspicions of the other players and deflect attention away from myself and my teammate.", "speak": "I think we should take a moment to evaluate who has been acting suspiciously. Player2 mentioned something odd during our last conversation, which could be worth discussing further. What do you all think?", "finish_discussion": false}
Player1: {"thought": "I need to carefully assess the players' behaviors to identify any potential werewolves, while also keeping my role hidden. It's crucial that I don't reveal too much too soon.", "speak": "I think we should closely examine how everyone has been acting during the night phase. Any suspicious behavior could indicate who the werewolves are. Let's also think about any unusual voting patterns from the last day's discussions.", "finish_discussion": "false"}
2025-02-27 14:08:04 - INFO - ===
2025-02-27 14:08:05 - INFO - ===
2025-02-27 14:08:05 - INFO - Fast Response: {"thought": "I want to eliminate someone who seems less likely to be a werewolf based on the discussion, as it's important to create some chaos among the villagers.", "vote": "Player2", "uncertainty_score": 0.4}
2025-02-27 14:08:05 - INFO - Fast Uncertainty: 0.4
2025-02-27 14:08:05 - INFO - ===
2025-02-27 14:08:05 - INFO - Moderator: The player with the most votes is Player2.
2025-02-27 14:08:05 - INFO - Moderator: Player4, you're the witch. Tonight Player2 is eliminated. Would you like to resurrect Player2?
2025-02-27 14:08:05 - INFO - ===
2025-02-27 14:08:05 - INFO - Query: Discussions related to werewolves.
2025-02-27 14:08:05 - INFO - Retrieved similar documents: 
2025-02-27 14:08:05 - INFO - ===
2025-02-27 14:08:06 - INFO - Witch resurrection response: I choose to resurrect Player2 because their insights could help the villagers and there's a chance they're not a werewolf.
2025-02-27 14:08:06 - INFO - Moderator: The witch has chosen to resurrect the player.
2025-02-27 14:08:06 - INFO - Moderator: Player3, you're the seer. Which player in Player1, Player2, Player3 and Player4 would you like to check tonight?
2025-02-27 14:08:06 - INFO - ===
2025-02-27 14:08:06 - INFO - Query: Discussions related to werewolves.
2025-02-27 14:08:06 - INFO - Retrieved similar documents: 
2025-02-27 14:08:06 - INFO - ===
2025-02-27 14:08:08 - INFO - Seer response: Player2
2025-02-27 14:08:08 - INFO - Moderator: Okay, the role of Player2 is a villager.
2025-02-27 14:08:09 - INFO - ===
2025-02-27 14:08:09 - INFO - Query: Discussions related to villagers, seer, witch.
2025-02-27 14:08:09 - INFO - Retrieved similar documents: Player1: {"thought": "I need to carefully strategize how to eliminate a villager without revealing my identity as a werewolf. I will try to gauge the suspicions of the other players and deflect attention away from myself and my teammate.", "speak": "I think we should take a moment to evaluate who has been acting suspiciously. Player2 mentioned something odd during our last conversation, which could be worth discussing further. What do you all think?", "finish_discussion": false}
Player1: {"thought": "I need to carefully assess the players' behaviors to identify any potential werewolves, while also keeping my role hidden. It's crucial that I don't reveal too much too soon.", "speak": "I think we should closely examine how everyone has been acting during the night phase. Any suspicious behavior could indicate who the werewolves are. Let's also think about any unusual voting patterns from the last day's discussions.", "finish_discussion": "false"}
2025-02-27 14:08:09 - INFO - ===
2025-02-27 14:08:11 - INFO - ===
2025-02-27 14:08:11 - INFO - Query: Discussions related to werewolves.
2025-02-27 14:08:11 - INFO - Retrieved similar documents: 
2025-02-27 14:08:11 - INFO - ===
2025-02-27 14:08:12 - INFO - ===
2025-02-27 14:08:12 - INFO - Query: Discussions related to werewolves.
2025-02-27 14:08:12 - INFO - Retrieved similar documents: Player3: {"thought": "I need to gather valuable information to help the villagers. Since I suspect Player2 could be a werewolf based on their previous behavior, I will check their role tonight.", "speak": "Player2"}
Moderator: Okay, the role of Player2 is a villager.
2025-02-27 14:08:12 - INFO - ===
2025-02-27 14:08:17 - INFO - ===
2025-02-27 14:08:17 - INFO - Query: Discussions related to werewolves.
2025-02-27 14:08:17 - INFO - Retrieved similar documents: Player4: {"thought": "Player2 might provide valuable information about the remaining players' identities if they are still alive. However, if they are a werewolf, it could be a risk to resurrect them.", "speak": "I choose to resurrect Player2 because their insights could help the villagers and there's a chance they're not a werewolf.", "resurrect": true}
2025-02-27 14:08:17 - INFO - ===
2025-02-27 14:08:19 - INFO - Survivors Discussion: I think we should all share our observations and suspicions openly. It’s important that we work together to identify any potential werewolf behavior.
2025-02-27 14:08:19 - INFO - Moderator: Given the game rules and your role, based on the situation and the information you gain, to win the game, it's time to vote one player eliminated among the alive players. Which player do you vote to kill?
2025-02-27 14:08:19 - INFO - ===
2025-02-27 14:08:19 - INFO - Query: Discussions related to villagers, seer, witch.
2025-02-27 14:08:19 - INFO - Retrieved similar documents: Player1: {"thought": "I need to carefully strategize how to eliminate a villager without revealing my identity as a werewolf. I will try to gauge the suspicions of the other players and deflect attention away from myself and my teammate.", "speak": "I think we should take a moment to evaluate who has been acting suspiciously. Player2 mentioned something odd during our last conversation, which could be worth discussing further. What do you all think?", "finish_discussion": false}
Player1: {"thought": "I need to be cautious about revealing too much while also trying to sow some doubt among the villagers. Keeping the focus away from me and hinting at suspicion towards Player2 could help maximize my chances of survival.", "speak": "I find it interesting how Player2 has been so quiet during the discussions. It makes me wonder if they are trying to blend in with the villagers or if there's a hidden agenda. What do you all think about Player2's behavior?"}
2025-02-27 14:08:19 - INFO - ===
2025-02-27 14:08:21 - INFO - ===
2025-02-27 14:08:21 - INFO - Fast Response: {"thought": "I suspect Player2 might be a werewolf based on their behavior during the discussion. They seemed dismissive of the evidence presented against them and haven't actively participated in the reasoning process.", "vote": "Player2", "uncertainty_score": "0.3"}
2025-02-27 14:08:21 - INFO - Fast Uncertainty: 0.3
2025-02-27 14:08:21 - INFO - ===
2025-02-27 14:08:22 - INFO - ===
2025-02-27 14:08:22 - INFO - Query: Discussions related to werewolves.
2025-02-27 14:08:22 - INFO - Retrieved similar documents: Player2: {"thought": "Player1 is already trying to point fingers at me. It's important to stay calm and gather more information about the other players' actions.", "speak": "I appreciate everyone's input, but I think we should focus on observing all players' behaviors rather than singling anyone out just yet."}
Player2: {"thought": "Player1 is already trying to point fingers at me. It's important to stay calm and gather more information about the other players' actions.", "speak": "I appreciate everyone's input, but I think we should focus on observing all players' behaviors rather than singling anyone out just yet."}
2025-02-27 14:08:22 - INFO - ===
2025-02-27 14:08:24 - INFO - ===
2025-02-27 14:08:24 - INFO - Query: Discussions related to werewolves.
2025-02-27 14:08:24 - INFO - Retrieved similar documents: Player3: {"thought": "I need to gather valuable information to help the villagers. Since I suspect Player2 could be a werewolf based on their previous behavior, I will check their role tonight.", "speak": "Player2"}
Moderator: Okay, the role of Player2 is a villager.
2025-02-27 14:08:24 - INFO - ===
2025-02-27 14:08:26 - INFO - ===
2025-02-27 14:08:26 - INFO - Query: Discussions related to werewolves.
2025-02-27 14:08:26 - INFO - Retrieved similar documents: Player4: {"thought": "Player3 is taking a cautious approach, which is good for collaboration. I need to stay engaged and subtly guide the discussion towards the werewolves without revealing my role as the witch.", "speak": "I think we should all share our observations and suspicions openly. It\u2019s important that we work together to identify any potential werewolf behavior."}
2025-02-27 14:08:26 - INFO - ===
2025-02-27 14:08:28 - INFO - Moderator: Player2 has been voted out.
2025-02-27 14:08:28 - INFO - Moderator: Player1, if you are the only werewolf, eliminate a player. Otherwise, discuss with your teammates and reach an agreement.
2025-02-27 14:08:28 - INFO - Moderator: Player1, if you are the only werewolf, eliminate a player. Otherwise, discuss with your teammates and reach an agreement.
2025-02-27 14:08:28 - INFO - ===
2025-02-27 14:08:28 - INFO - Query: Discussions related to villagers, seer, witch.
2025-02-27 14:08:28 - INFO - Retrieved similar documents: Player1: {"thought": "I need to carefully strategize how to eliminate a villager without revealing my identity as a werewolf. I will try to gauge the suspicions of the other players and deflect attention away from myself and my teammate.", "speak": "I think we should take a moment to evaluate who has been acting suspiciously. Player2 mentioned something odd during our last conversation, which could be worth discussing further. What do you all think?", "finish_discussion": false}
Player1: {"thought": "I need to be cautious about revealing too much while also trying to sow some doubt among the villagers. Keeping the focus away from me and hinting at suspicion towards Player2 could help maximize my chances of survival.", "speak": "I find it interesting how Player2 has been so quiet during the discussions. It makes me wonder if they are trying to blend in with the villagers or if there's a hidden agenda. What do you all think about Player2's behavior?"}
2025-02-27 14:08:28 - INFO - ===
2025-02-27 14:08:30 - INFO - Werewolves discussion: I think we should discuss who feels suspicious and why. Maybe we can pinpoint some behaviors that don't seem village-like.
2025-02-27 14:08:30 - INFO - Moderator: Which player do you vote to kill?
2025-02-27 14:08:30 - INFO - Moderator: Which player do you vote to kill?
2025-02-27 14:08:30 - INFO - ===
2025-02-27 14:08:30 - INFO - Query: Discussions related to villagers, seer, witch.
2025-02-27 14:08:30 - INFO - Retrieved similar documents: Player1: {"thought": "I need to carefully strategize how to eliminate a villager without revealing my identity as a werewolf. I will try to gauge the suspicions of the other players and deflect attention away from myself and my teammate.", "speak": "I think we should take a moment to evaluate who has been acting suspiciously. Player2 mentioned something odd during our last conversation, which could be worth discussing further. What do you all think?", "finish_discussion": false}
Player1: {"thought": "I need to maintain my cover while trying to figure out who the werewolves are. It's crucial to see if I can gather enough clues from the discussions without drawing suspicion on myself.", "speak": "I think we should discuss who feels suspicious and why. Maybe we can pinpoint some behaviors that don't seem village-like.", "finish_discussion": "false"}
2025-02-27 14:08:30 - INFO - ===
2025-02-27 14:08:31 - INFO - ===
2025-02-27 14:08:31 - INFO - Fast Response: {"thought": "I think Player2 is acting suspiciously and may be a werewolf. It's time to take a risk and eliminate someone.", "vote": "Player2", "uncertainty_score": "0.4"}
2025-02-27 14:08:31 - INFO - Fast Uncertainty: 0.4
2025-02-27 14:08:31 - INFO - ===
2025-02-27 14:08:31 - INFO - Moderator: The player with the most votes is Player2.
2025-02-27 14:08:32 - INFO - ===
2025-02-27 14:08:32 - INFO - Query: Discussions related to werewolves.
2025-02-27 14:08:32 - INFO - Retrieved similar documents: Player4: {"thought": "Player3 is taking a cautious approach, which is good for collaboration. I need to stay engaged and subtly guide the discussion towards the werewolves without revealing my role as the witch.", "speak": "I think we should all share our observations and suspicions openly. It\u2019s important that we work together to identify any potential werewolf behavior."}
2025-02-27 14:08:32 - INFO - ===
2025-02-27 14:08:34 - INFO - Witch Poison Response: I think we should discuss who seems the most suspicious among us before we make any decisions. Has anyone noticed any odd behavior?
2025-02-27 14:08:34 - INFO - The witch has chosen not to poison a player.
2025-02-27 14:08:34 - INFO - Moderator: Player3, you're the seer. Which player in Player1, Player3 and Player4 would you like to check tonight?
2025-02-27 14:08:34 - INFO - ===
2025-02-27 14:08:34 - INFO - Query: Discussions related to werewolves.
2025-02-27 14:08:34 - INFO - Retrieved similar documents: Player3: {"thought": "I need to gather valuable information to help the villagers. Since I suspect Player2 could be a werewolf based on their previous behavior, I will check their role tonight.", "speak": "Player2"}
Moderator: Okay, the role of Player2 is a villager.
2025-02-27 14:08:34 - INFO - ===
2025-02-27 14:08:35 - INFO - Seer response: Player1
2025-02-27 14:08:35 - INFO - Moderator: Okay, the role of Player1 is a werewolf.
2025-02-27 14:08:36 - INFO - ===
2025-02-27 14:08:36 - INFO - Query: Discussions related to villagers, seer, witch.
2025-02-27 14:08:36 - INFO - Retrieved similar documents: Player1: {"thought": "I need to carefully strategize how to eliminate a villager without revealing my identity as a werewolf. I will try to gauge the suspicions of the other players and deflect attention away from myself and my teammate.", "speak": "I think we should take a moment to evaluate who has been acting suspiciously. Player2 mentioned something odd during our last conversation, which could be worth discussing further. What do you all think?", "finish_discussion": false}
Player1: {"thought": "I need to maintain my cover while trying to figure out who the werewolves are. It's crucial to see if I can gather enough clues from the discussions without drawing suspicion on myself.", "speak": "I think we should discuss who feels suspicious and why. Maybe we can pinpoint some behaviors that don't seem village-like.", "finish_discussion": "false"}
2025-02-27 14:08:36 - INFO - ===
2025-02-27 14:08:38 - INFO - ===
2025-02-27 14:08:38 - INFO - Query: Discussions related to werewolves.
2025-02-27 14:08:38 - INFO - Retrieved similar documents: Moderator: Okay, the role of Player1 is a werewolf.
Player3: {"thought": "I need to gather information to help identify the werewolves. I will check Player1 tonight to see if they are a werewolf or not.", "speak": "Player1"}
2025-02-27 14:08:38 - INFO - ===
2025-02-27 14:08:40 - INFO - ===
2025-02-27 14:08:40 - INFO - Query: Discussions related to werewolves.
2025-02-27 14:08:40 - INFO - Retrieved similar documents: Player4: {"thought": "Player3 is taking a cautious approach, which is good for collaboration. I need to stay engaged and subtly guide the discussion towards the werewolves without revealing my role as the witch.", "speak": "I think we should all share our observations and suspicions openly. It\u2019s important that we work together to identify any potential werewolf behavior."}
2025-02-27 14:08:40 - INFO - ===
2025-02-27 14:08:41 - INFO - Survivors Discussion: I can see where you're coming from, Player3, but I think we should consider all players equally. Perhaps we should focus on Player2's reactions, as they seem a bit hesitant.
2025-02-27 14:08:41 - INFO - Moderator: Given the game rules and your role, based on the situation and the information you gain, to win the game, it's time to vote one player eliminated among the alive players. Which player do you vote to kill?
2025-02-27 14:08:42 - INFO - ===
2025-02-27 14:08:42 - INFO - Query: Discussions related to villagers, seer, witch.
2025-02-27 14:08:42 - INFO - Retrieved similar documents: Player1: {"thought": "I need to figure out who the other werewolf is while not revealing my identity. I should keep a close watch on Player2 and Player3, as they seem suspicious in their accusations and may either be villagers or the opposing werewolf. I have to blend in while subtly guiding the villagers to mistrust others.", "speak": "I think we should carefully consider Player3's behavior. They seem to be directing the conversation off of themselves, which makes me wonder if they might be trying to manipulate us."}
Player1: {"thought": "I need to carefully strategize how to eliminate a villager without revealing my identity as a werewolf. I will try to gauge the suspicions of the other players and deflect attention away from myself and my teammate.", "speak": "I think we should take a moment to evaluate who has been acting suspiciously. Player2 mentioned something odd during our last conversation, which could be worth discussing further. What do you all think?", "finish_discussion": false}
2025-02-27 14:08:42 - INFO - ===
2025-02-27 14:08:43 - INFO - ===
2025-02-27 14:08:43 - INFO - Fast Response: {"thought": "I suspect Player3 based on their behavior during discussions. They seem to be defending themselves too much without providing concrete reasons against others' suspicions.", "vote": "Player3", "uncertainty_score": "0.3"}
2025-02-27 14:08:43 - INFO - Fast Uncertainty: 0.3
2025-02-27 14:08:43 - INFO - ===
2025-02-27 14:08:43 - INFO - ===
2025-02-27 14:08:43 - INFO - Query: Discussions related to werewolves.
2025-02-27 14:08:43 - INFO - Retrieved similar documents: Moderator: Okay, the role of Player1 is a werewolf.
Player3: {"thought": "I need to gather information to help identify the werewolves. I will check Player1 tonight to see if they are a werewolf or not.", "speak": "Player1"}
2025-02-27 14:08:43 - INFO - ===
2025-02-27 14:08:46 - INFO - ===
2025-02-27 14:08:46 - INFO - Query: Discussions related to werewolves.
2025-02-27 14:08:46 - INFO - Retrieved similar documents: Player4: {"thought": "Player3 is taking a cautious approach, which is good for collaboration. I need to stay engaged and subtly guide the discussion towards the werewolves without revealing my role as the witch.", "speak": "I think we should all share our observations and suspicions openly. It\u2019s important that we work together to identify any potential werewolf behavior."}
2025-02-27 14:08:46 - INFO - ===
2025-02-27 14:08:47 - INFO - Moderator: Player3 has been voted out.
2025-02-27 14:08:47 - INFO - Moderator: The werewolves have prevailed and taken over the village. Better luck next time!
