{"basefilepath":"logs/fastslow","max_days_per_game":2,"num_games":2,"reflect_before_vectorstore":false,"max_werewolf_discussion_round":3,"similarity_top_k":2,"random_seed":42}
2025-02-27 14:06:57 - INFO - Starting game 0
2025-02-27 14:06:57 - INFO - Moderator: Player1, if you are the only werewolf, eliminate a player. Otherwise, discuss with your teammates and reach an agreement.
2025-02-27 14:06:57 - INFO - Moderator: Player1, if you are the only werewolf, eliminate a player. Otherwise, discuss with your teammates and reach an agreement.
2025-02-27 14:06:57 - INFO - ===
2025-02-27 14:06:57 - INFO - Query: Discussions related to villagers, seer, witch.
2025-02-27 14:06:57 - INFO - Retrieved similar documents: 
2025-02-27 14:06:57 - INFO - ===
2025-02-27 14:06:59 - INFO - Werewolves discussion: I think we should look closely at who has been too quiet or overly defensive during our discussions. It's suspicious when people don't engage in the conversation.
2025-02-27 14:06:59 - INFO - Moderator: Which player do you vote to kill?
2025-02-27 14:06:59 - INFO - Moderator: Which player do you vote to kill?
2025-02-27 14:07:00 - INFO - ===
2025-02-27 14:07:00 - INFO - Query: Discussions related to villagers, seer, witch.
2025-02-27 14:07:00 - INFO - Retrieved similar documents: Player1: {"thought": "I need to be cautious in my discussions. Since I am a werewolf, I must blend in while trying to identify the other werewolf without raising suspicion.", "speak": "I think we should look closely at who has been too quiet or overly defensive during our discussions. It's suspicious when people don't engage in the conversation.", "finish_discussion": "false"}
Player1: {"thought": "I need to be cautious in my discussions. Since I am a werewolf, I must blend in while trying to identify the other werewolf without raising suspicion.", "speak": "I think we should look closely at who has been too quiet or overly defensive during our discussions. It's suspicious when people don't engage in the conversation.", "finish_discussion": "false"}
2025-02-27 14:07:00 - INFO - ===
2025-02-27 14:07:02 - INFO - ===
2025-02-27 14:07:02 - INFO - Fast Response: {"thought": "I need to eliminate a player who seems suspicious based on our discussions and could potentially be a werewolf. I'm leaning towards Player3 because they have been acting unusually quiet and haven't contributed much to the conversation, which raises my suspicion.", "vote": "Player3", "uncertainty_score": 0.3}
2025-02-27 14:07:02 - INFO - Fast Uncertainty: 0.3
2025-02-27 14:07:02 - INFO - ===
2025-02-27 14:07:02 - INFO - Moderator: The player with the most votes is Player3.
2025-02-27 14:07:02 - INFO - Moderator: Player4, you're the witch. Tonight Player3 is eliminated. Would you like to resurrect Player3?
2025-02-27 14:07:02 - INFO - ===
2025-02-27 14:07:02 - INFO - Query: Discussions related to werewolves.
2025-02-27 14:07:02 - INFO - Retrieved similar documents: 
2025-02-27 14:07:02 - INFO - ===
2025-02-27 14:07:04 - INFO - Witch resurrection response: I think it's a good idea to resurrect Player3. They could provide valuable insights about their suspicions during the day phase.
2025-02-27 14:07:04 - INFO - Moderator: The witch has chosen to resurrect the player.
2025-02-27 14:07:04 - INFO - Moderator: Player3, you're the seer. Which player in Player1, Player2, Player3 and Player4 would you like to check tonight?
2025-02-27 14:07:04 - INFO - ===
2025-02-27 14:07:04 - INFO - Query: Discussions related to werewolves.
2025-02-27 14:07:04 - INFO - Retrieved similar documents: 
2025-02-27 14:07:04 - INFO - ===
2025-02-27 14:07:06 - INFO - Seer response: Player1
2025-02-27 14:07:06 - INFO - Moderator: Okay, the role of Player1 is a werewolf.
2025-02-27 14:07:07 - INFO - ===
2025-02-27 14:07:07 - INFO - Query: Discussions related to villagers, seer, witch.
2025-02-27 14:07:07 - INFO - Retrieved similar documents: Player1: {"thought": "I need to be cautious in my discussions. Since I am a werewolf, I must blend in while trying to identify the other werewolf without raising suspicion.", "speak": "I think we should look closely at who has been too quiet or overly defensive during our discussions. It's suspicious when people don't engage in the conversation.", "finish_discussion": "false"}
Player1: {"thought": "I need to eliminate a player who seems suspicious based on our discussions and could potentially be a werewolf. I'm leaning towards Player3 because they have been acting unusually quiet and haven't contributed much to the conversation, which raises my suspicion.", "vote": "Player3", "uncertainty_score": 0.3}
2025-02-27 14:07:07 - INFO - ===
2025-02-27 14:07:09 - INFO - ===
2025-02-27 14:07:09 - INFO - Query: Discussions related to werewolves.
2025-02-27 14:07:09 - INFO - Retrieved similar documents: 
2025-02-27 14:07:09 - INFO - ===
2025-02-27 14:07:11 - INFO - ===
2025-02-27 14:07:11 - INFO - Query: Discussions related to werewolves.
2025-02-27 14:07:11 - INFO - Retrieved similar documents: Moderator: Okay, the role of Player1 is a werewolf.
Player3: {"thought": "I need to gather more information to identify the werewolves. I'll check Player1 to see if they are a werewolf or not.", "speak": "Player1"}
2025-02-27 14:07:11 - INFO - ===
2025-02-27 14:07:14 - INFO - ===
2025-02-27 14:07:14 - INFO - Query: Discussions related to werewolves.
2025-02-27 14:07:14 - INFO - Retrieved similar documents: Player4: {"thought": "Player3 was eliminated during the night, and while it's crucial for me to save players, I must consider the overall strategy. It can be beneficial to resurrect Player3 as they could help gather information and strengthen our chances during the day phase. However, I need to assess how much information they have.", "speak": "I think it's a good idea to resurrect Player3. They could provide valuable insights about their suspicions during the day phase.", "resurrect": true}
2025-02-27 14:07:14 - INFO - ===
2025-02-27 14:07:21 - INFO - Survivors Discussion: I agree with Player3 that we should focus on the reasoning behind accusations. Player2, can you explain why you suspect Player3 so strongly? It's important for us to base our votes on solid evidence.
2025-02-27 14:07:21 - INFO - Moderator: Given the game rules and your role, based on the situation and the information you gain, to win the game, it's time to vote one player eliminated among the alive players. Which player do you vote to kill?
2025-02-27 14:07:21 - INFO - ===
2025-02-27 14:07:21 - INFO - Query: Discussions related to villagers, seer, witch.
2025-02-27 14:07:21 - INFO - Retrieved similar documents: Player1: {"thought": "I need to be careful during discussions because I don't want to reveal that I'm a werewolf. I should try to steer suspicion away from myself and my partner while subtly guiding the villagers to suspect the other players. I also need to keep track of who the seer and witch might be, as their roles are crucial in identifying werewolves.", "speak": "I think we should look closely at Player2's behavior; they've been pretty quiet and haven't contributed much to the discussion. It could be a sign that they're trying to avoid drawing attention to themselves."}
Player1: {"thought": "I need to be cautious in my discussions. Since I am a werewolf, I must blend in while trying to identify the other werewolf without raising suspicion.", "speak": "I think we should look closely at who has been too quiet or overly defensive during our discussions. It's suspicious when people don't engage in the conversation.", "finish_discussion": "false"}
2025-02-27 14:07:21 - INFO - ===
2025-02-27 14:07:22 - INFO - ===
2025-02-27 14:07:22 - INFO - Fast Response: {"thought": "I suspect Player2 based on their previous comments that seemed evasive and untrustworthy. I think they might be a werewolf trying to blend in.", "vote": "Player2", "uncertainty_score": "0.3"}
2025-02-27 14:07:22 - INFO - Fast Uncertainty: 0.3
2025-02-27 14:07:22 - INFO - ===
2025-02-27 14:07:23 - INFO - ===
2025-02-27 14:07:23 - INFO - Query: Discussions related to werewolves.
2025-02-27 14:07:23 - INFO - Retrieved similar documents: Player2: {"thought": "Player1 is trying to sow suspicion on me, which could be a tactic to distract from themselves. I need to defend myself and steer the conversation toward more suspicious behavior from others.", "speak": "I appreciate your input, Player1, but I think we should consider everyone\u2019s contributions equally. Player3 has been quite talkative but hasn't provided any real accusations or leads either. What do you think about Player3?"}
Player2: {"thought": "Player1 is trying to sow suspicion on me, which could be a tactic to distract from themselves. I need to defend myself and steer the conversation toward more suspicious behavior from others.", "speak": "I appreciate your input, Player1, but I think we should consider everyone\u2019s contributions equally. Player3 has been quite talkative but hasn't provided any real accusations or leads either. What do you think about Player3?"}
2025-02-27 14:07:23 - INFO - ===
2025-02-27 14:07:26 - INFO - ===
2025-02-27 14:07:26 - INFO - Query: Discussions related to werewolves.
2025-02-27 14:07:26 - INFO - Retrieved similar documents: Moderator: Okay, the role of Player1 is a werewolf.
Player3: {"thought": "I need to gather more information to identify the werewolves. I'll check Player1 to see if they are a werewolf or not.", "speak": "Player1"}
2025-02-27 14:07:26 - INFO - ===
2025-02-27 14:07:28 - INFO - ===
2025-02-27 14:07:28 - INFO - Query: Discussions related to werewolves.
2025-02-27 14:07:28 - INFO - Retrieved similar documents: Player4: {"thought": "Player3 is trying to direct attention away from themselves, which is suspicious. I need to be careful with my role as a witch and consider how I might use my powers later if needed.", "speak": "I agree with Player3 that we should focus on the reasoning behind accusations. Player2, can you explain why you suspect Player3 so strongly? It's important for us to base our votes on solid evidence."}
2025-02-27 14:07:28 - INFO - ===
2025-02-27 14:07:30 - INFO - Moderator: Player2 has been voted out.
2025-02-27 14:07:30 - INFO - Moderator: Player1, if you are the only werewolf, eliminate a player. Otherwise, discuss with your teammates and reach an agreement.
2025-02-27 14:07:30 - INFO - Moderator: Player1, if you are the only werewolf, eliminate a player. Otherwise, discuss with your teammates and reach an agreement.
2025-02-27 14:07:30 - INFO - ===
2025-02-27 14:07:30 - INFO - Query: Discussions related to villagers, seer, witch.
2025-02-27 14:07:30 - INFO - Retrieved similar documents: Player1: {"thought": "I need to be careful during discussions because I don't want to reveal that I'm a werewolf. I should try to steer suspicion away from myself and my partner while subtly guiding the villagers to suspect the other players. I also need to keep track of who the seer and witch might be, as their roles are crucial in identifying werewolves.", "speak": "I think we should look closely at Player2's behavior; they've been pretty quiet and haven't contributed much to the discussion. It could be a sign that they're trying to avoid drawing attention to themselves."}
Player1: {"thought": "I need to be cautious in my discussions. Since I am a werewolf, I must blend in while trying to identify the other werewolf without raising suspicion.", "speak": "I think we should look closely at who has been too quiet or overly defensive during our discussions. It's suspicious when people don't engage in the conversation.", "finish_discussion": "false"}
2025-02-27 14:07:30 - INFO - ===
2025-02-27 14:07:32 - INFO - Werewolves discussion: I think we should consider how each of us reacted last night. Did anyone notice anything unusual in the way the others voted or talked?
2025-02-27 14:07:32 - INFO - Moderator: Which player do you vote to kill?
2025-02-27 14:07:32 - INFO - Moderator: Which player do you vote to kill?
2025-02-27 14:07:32 - INFO - ===
2025-02-27 14:07:32 - INFO - Query: Discussions related to villagers, seer, witch.
2025-02-27 14:07:32 - INFO - Retrieved similar documents: Player1: {"thought": "I need to be careful during discussions because I don't want to reveal that I'm a werewolf. I should try to steer suspicion away from myself and my partner while subtly guiding the villagers to suspect the other players. I also need to keep track of who the seer and witch might be, as their roles are crucial in identifying werewolves.", "speak": "I think we should look closely at Player2's behavior; they've been pretty quiet and haven't contributed much to the discussion. It could be a sign that they're trying to avoid drawing attention to themselves."}
Player1: {"thought": "I need to be cautious in my discussions. Since I am a werewolf, I must blend in while trying to identify the other werewolf without raising suspicion.", "speak": "I think we should look closely at who has been too quiet or overly defensive during our discussions. It's suspicious when people don't engage in the conversation.", "finish_discussion": "false"}
2025-02-27 14:07:32 - INFO - ===
2025-02-27 14:07:34 - INFO - ===
2025-02-27 14:07:34 - INFO - Fast Response: {"thought": "I suspect Player2 based on their previous comments and behavior, which seemed evasive. I think it's strategic to vote against them to eliminate a potential werewolf.", "vote": "Player2", "uncertainty_score": "0.3"}
2025-02-27 14:07:34 - INFO - Fast Uncertainty: 0.3
2025-02-27 14:07:34 - INFO - ===
2025-02-27 14:07:34 - INFO - Moderator: The player with the most votes is Player2.
2025-02-27 14:07:35 - INFO - ===
2025-02-27 14:07:35 - INFO - Query: Discussions related to werewolves.
2025-02-27 14:07:35 - INFO - Retrieved similar documents: Player4: {"thought": "I need to identify a player who seems suspicious or has been giving off werewolf vibes. Given that I have seen multiple players interact, I think Player2 has been acting defensively and may be hiding something. It could be strategic to eliminate them.", "vote": "Player2", "uncertainty_score": "0.3"}
2025-02-27 14:07:35 - INFO - ===
2025-02-27 14:07:39 - INFO - Witch Poison Response: I think we need to consider who seems suspicious. Maybe we can discuss our thoughts on who we suspect the werewolves are.
2025-02-27 14:07:39 - INFO - The witch has chosen not to poison a player.
2025-02-27 14:07:39 - INFO - Moderator: Player3, you're the seer. Which player in Player1, Player3 and Player4 would you like to check tonight?
2025-02-27 14:07:39 - INFO - ===
2025-02-27 14:07:39 - INFO - Query: Discussions related to werewolves.
2025-02-27 14:07:39 - INFO - Retrieved similar documents: Moderator: Okay, the role of Player1 is a werewolf.
Player3: {"thought": "I need to gather more information to identify the werewolves. I'll check Player1 to see if they are a werewolf or not.", "speak": "Player1"}
2025-02-27 14:07:39 - INFO - ===
2025-02-27 14:07:41 - INFO - Seer response: Player1
2025-02-27 14:07:41 - INFO - Moderator: Okay, the role of Player1 is a werewolf.
2025-02-27 14:07:42 - INFO - ===
2025-02-27 14:07:42 - INFO - Query: Discussions related to villagers, seer, witch.
2025-02-27 14:07:42 - INFO - Retrieved similar documents: Player1: {"thought": "I need to be careful during discussions because I don't want to reveal that I'm a werewolf. I should try to steer suspicion away from myself and my partner while subtly guiding the villagers to suspect the other players. I also need to keep track of who the seer and witch might be, as their roles are crucial in identifying werewolves.", "speak": "I think we should look closely at Player2's behavior; they've been pretty quiet and haven't contributed much to the discussion. It could be a sign that they're trying to avoid drawing attention to themselves."}
Player1: {"thought": "I need to be cautious in my discussions. Since I am a werewolf, I must blend in while trying to identify the other werewolf without raising suspicion.", "speak": "I think we should look closely at who has been too quiet or overly defensive during our discussions. It's suspicious when people don't engage in the conversation.", "finish_discussion": "false"}
2025-02-27 14:07:42 - INFO - ===
2025-02-27 14:07:44 - INFO - ===
2025-02-27 14:07:44 - INFO - Query: Discussions related to werewolves.
2025-02-27 14:07:44 - INFO - Retrieved similar documents: Moderator: Okay, the role of Player1 is a werewolf.
Moderator: Okay, the role of Player1 is a werewolf.
2025-02-27 14:07:44 - INFO - ===
2025-02-27 14:07:46 - INFO - ===
2025-02-27 14:07:46 - INFO - Query: Discussions related to werewolves.
2025-02-27 14:07:46 - INFO - Retrieved similar documents: Player4: {"thought": "I need to be cautious about how I use my powers. Since I'm the witch, I have a potion of life and a potion of death, which are crucial to our victory. It might be wise to wait and see how the discussions unfold before making a decision on elimination.", "speak": "I think we need to consider who seems suspicious. Maybe we can discuss our thoughts on who we suspect the werewolves are.", "eliminate": false}
2025-02-27 14:07:46 - INFO - ===
2025-02-27 14:07:50 - INFO - Survivors Discussion: Absolutely, communication is crucial. I think we should all share our observations and be mindful of any strange behaviors. I'll definitely be keeping an eye on everyone.
2025-02-27 14:07:50 - INFO - Moderator: Given the game rules and your role, based on the situation and the information you gain, to win the game, it's time to vote one player eliminated among the alive players. Which player do you vote to kill?
2025-02-27 14:07:50 - INFO - ===
2025-02-27 14:07:50 - INFO - Query: Discussions related to villagers, seer, witch.
2025-02-27 14:07:50 - INFO - Retrieved similar documents: Player1: {"thought": "I need to be careful during discussions because I don't want to reveal that I'm a werewolf. I should try to steer suspicion away from myself and my partner while subtly guiding the villagers to suspect the other players. I also need to keep track of who the seer and witch might be, as their roles are crucial in identifying werewolves.", "speak": "I think we should look closely at Player2's behavior; they've been pretty quiet and haven't contributed much to the discussion. It could be a sign that they're trying to avoid drawing attention to themselves."}
Player1: {"thought": "I need to strategize carefully, as there are two werewolves and I need to maintain my cover while assessing the actions of the other players. I should observe how they behave during discussions to deduce their roles.", "speak": "I think we should discuss our suspicions and observations. It's crucial for us villagers to work together to figure out who the werewolves might be."}
2025-02-27 14:07:50 - INFO - ===
2025-02-27 14:07:51 - INFO - ===
2025-02-27 14:07:51 - INFO - Fast Response: {"thought": "I suspect Player3 based on their previous comments. They seem to be deflecting blame and not actively helping the villagers. It might be a good strategy to vote them out.", "vote": "Player3", "uncertainty_score": "0.3"}
2025-02-27 14:07:51 - INFO - Fast Uncertainty: 0.3
2025-02-27 14:07:51 - INFO - ===
2025-02-27 14:07:52 - INFO - ===
2025-02-27 14:07:52 - INFO - Query: Discussions related to werewolves.
2025-02-27 14:07:52 - INFO - Retrieved similar documents: Moderator: Okay, the role of Player1 is a werewolf.
Moderator: Okay, the role of Player1 is a werewolf.
2025-02-27 14:07:52 - INFO - ===
2025-02-27 14:07:53 - INFO - ===
2025-02-27 14:07:53 - INFO - Query: Discussions related to werewolves.
2025-02-27 14:07:53 - INFO - Retrieved similar documents: Player4: {"thought": "I need to be cautious about how I use my powers. Since I'm the witch, I have a potion of life and a potion of death, which are crucial to our victory. It might be wise to wait and see how the discussions unfold before making a decision on elimination.", "speak": "I think we need to consider who seems suspicious. Maybe we can discuss our thoughts on who we suspect the werewolves are.", "eliminate": false}
2025-02-27 14:07:53 - INFO - ===
2025-02-27 14:07:55 - INFO - Moderator: Player1 has been voted out.
2025-02-27 14:07:55 - INFO - Moderator: The game is over. The werewolves have been defeated, and the village is safe once again!
2025-02-27 14:07:55 - INFO - Moderator: The game is over. The werewolves have been defeated, and the village is safe once again!
