In this sequence of decisions, Player1 has adopted a strategic approach to identify potential threats within the group of survivors in a game of Werewolf. Player1 is attempting to balance suspicion between two players, Player2 and Player4, while masking their own identity. 

Firstly, Player1 uses misdirection by publicly casting doubt on Player3, potentially a strategic tactic to divert attention away from themselves and towards someone less implicated. However, during the argument stages, Player1 shifts their focus towards Player4 and Player2. For Player4, Player1 cites behavioral indicators such as lack of engagement and inconsistent voting patterns as suspicious. For Player2, the argument is based on avoidance of direct accusations, defensiveness, and lack of contributory insights, all of which suggest to Player1 that Player2 might be trying to blend in as a werewolf.

Player1 ultimately decides to recommend the elimination of Player2, due to their behavior that aligns more closely with strategies characteristic of a werewolf—attempting to integrate within the crowd without being too noticeable or helpful in solving the game.

**Strategic Implications:**

1. **Risk Management:** Player1's decision-making process shows the importance of balancing risks between acting too aggressively (which might reveal one's role) and being too passive (which might miss identifying threats). Player1's duel focus on Player2 and Player4 allows them to weigh different forms of potentially suspicious behavior before making a decision.

2. **Behavioral Analysis:** Player1 keenly observes behavioral patterns. This suggests that future strategies could benefit from developing an acute sense for behavioral cues, including voting patterns and participation levels, which can reveal more about individual roles than direct accusations.

3. **Misdirection Tactics:** The initial focus on Player3 highlights the use of misdirection as a strategic tool to protect one's status and eliminate contenders. Such tactics can be powerful if used judiciously, but they also carry the risk of backfiring if others catch on.

4. **Decision Confidence:** Player1 demonstrates a level of decisiveness backed by inference rather than hard evidence—a necessary skill in a game reliant on uncertainty and deduction. Future decisions can be informed by this willingness to commit to a choice even in the absence of concrete proof.

5. **Community Engagement:** The suspicion of players who refrain from community engagement underlines the importance of participation as a means of proving innocence. Such insights suggest that players should aim to maintain active, open participation to avoid being labeled suspicious.

By analyzing these dynamics, future strategic decisions can be made with a deeper understanding of how group behavior, individual engagement, and strategic deception play critical roles in the game of Werewolf.
In reviewing the decisions made by Player1, it's notable that they employed a dual strategy: subtly guiding suspicion toward Player2 while focusing attention on Player4 and Player3. The primary decisions involved targeting Player3 and Player4 due to their perceived lack of engagement and evasiveness, traits often associated with werewolves in such games. 

1. **Strategic Targeting:**
   - **Player2:** Player1 initiated suspicion here, citing defensiveness and lack of contributions. This targeted approach could create an environment where Player2 either defends themselves, revealing more about their role, or remains a distraction.
   - **Player4 and Player3:** Lack of engagement and inconsistent patterns were used as the basis for arguments. Player1 used these observations to potentially rally others against these players.

2. **Decision Making:**
   - **Vote for Player3:** Despite arguments also against Player4, Player1 settled on voting to eliminate Player3 due to broader consensus and noted evasiveness among other players. This decision underscores a reliance on collective suspicion and group dynamics, which are pivotal in games like Werewolf.

### Important Implications for Future Decisions:

- **Balancing Individual Insight vs. Group Consensus:** Player1 leveraged both their observations and the general sentiment among others to make a strategic decision. In future scenarios, weighing personal insights against group consensus can help align decisions with group dynamics, increasing the likelihood of successful outcomes.

- **Assessing Engagement Levels:** Lack of engagement, as seen with Player4 and Player3, can indicate defensiveness or an attempt to go unnoticed. This can be a critical aspect of role verification, emphasizing the importance of assessing both player behavior and conversation contribution levels in strategic decision making.

- **Subtle Manipulation and Diversion Strategies:** The initial focus on Player2 illustrates a subtle manipulation strategy that can distract or pressure a participant into revealing more information, beneficial for role clarification.

In conclusion, Player1's decision-making reflects an effective combination of observation and consensus-building, emphasizing the importance of strategic deception and alliance formation in game scenarios like Werewolf. These lessons should guide future strategies to distinguish potential threats accurately and align group objectives effectively for optimal outcomes.