In the decision-making process demonstrated by Player1, there are several strategic considerations and implications that can inform future decisions in the game of Werewolf.

### Decisions and Key Points:
1. **Observation and Engagement:** 
   - Player1 actively engages with the group by pointing out potential suspicious behaviors and seeks consensus or counterarguments, which is crucial for building trust and gathering information.
   - They maintain a low profile while still contributing, showing a balance between engagement and self-preservation.

2. **Argument Assessment:**
   - Player1 debates two main targets: Player3 and Player2. They base their suspicions on behavioral analysis such as evasiveness, contribution level, voting consistency, blame-shifting, and defensiveness.
   - The primary decision gravitates towards Player2 due to their defensive behavior and tendency to deflect suspicion, which Player1 interprets as signs of guilt or ulterior motives.

3. **Strategic Elimination Consideration:**
   - The choice to vote against Player2 is strategic, aiming to test the hypothesis that their behavior could indicate they are a werewolf. This decision is intended to leverage more information about the game's social dynamics.

### Implications for Future Decisions:

1. **Behavioral Cues:**
   - Observing behavioral patterns, such as deflection and defensiveness, can be crucial in identifying werewolves. However, it is important to consider that these behaviors might also stem from other psychological factors, like stress or the pressure of the game, not necessarily guilt.
   - Distinguish between genuine suspicion and behavioral bias by cross-referencing observations with tangible actions like voting patterns.

2. **Balancing Action and Inaction:**
   - Maintaining balance between vocal participation and staying under the radar can help in forming alliances without drawing unwanted attention.
   - Future decisions should take into account not only individual actions but how they fit within the broader group dynamics and historical interactions.

3. **Consensus Building:**
   - Seeking consensus among players, as Player1 does, can fortify alliances and make strategic elimination choices more resilient to backlash.
   - Building narrative and logic around votes can ensure decisions are cooperative rather than divisive, ensuring smoother transitions post-elimination.

By reflecting on these points, players can refine their strategies to more effectively detect deception while maintaining their position in the game, steering discussions, and making informed elimination decisions that enhance the villagers' chances of success.
From the decision-making process described, there are several key takeaways regarding strategic actions and their broader implications in future games. 

1. **Observation and Analysis**: Player1 effectively utilized close observation of behavior and discussion dynamics to identify suspicious actions. By focusing on Player2's defensiveness and tendency to shift blame, Player1 demonstrated an important strategic approach: leveraging behavioral inconsistencies to identify potential threats. The focus on observation can be a strong foundation for future decisions, as it emphasizes vigilance and attention to detail.

2. **Building Consensus**: Player1 sought to involve other players in analyzing Player2's behavior, attempting to build consensus or gather additional insights. This is strategic because it not only increases the chance of identifying the truth through multiple perspectives but also helps gain allies. Future strategic decisions should continue to involve other players to build trust and gather a broad spectrum of opinions, which could be more revealing and provide additional leverage for decision-making.

3. **Weighing Multiple Arguments**: The decision to weigh the arguments against both Player2 and Player4 exemplifies thorough consideration of all available data. Player1’s final choice leaned toward the elimination of Player2 to clarify Player3’s motives. This decision highlights the need to prioritize objectives—clarifying player dynamics versus addressing immediate threats. In future scenarios, strategic choices should continue to balance immediate suspicions with the potential outcomes of each action, fostering a deeper understanding of the remaining game dynamics.

4. **Understanding Consequences**: Player1 illustrates a clear view of the consequences of their actions, acknowledging that eliminating Player2 might reveal more about Player3’s intentions. This foresight is crucial: understanding the ripple effects of each decision can inform better strategies in evolving game contexts. Future decisions should aim for not just immediate benefits but the broader implications on the game's progress and alliance shifts.

**Implications for Future Strategic Decisions**:

- Consistently monitor and analyze player behavior for inconsistencies or defensive tactics that may indicate ulterior motives.
  
- Engage with other players to build consensus, gain allies, and refine your insights based on a collective assessment, which can also protect you from becoming a target.

- Consider multiple angles and potential outcomes of your decisions to ensure that actions taken can yield greater insight into the remaining players’ dynamics.

- Always have a strategic plan that anticipates the consequences of eliminating specific players, particularly how it will impact alliances, perceptions, and future voting rounds.

By continuing to employ these strategies, players can enhance their decision-making efficacy and potentially increase their chances of success in complex, dynamic environments like Werewolf.