Reflecting on Player1's decisions in Werewolf, we're able to glean several strategic insights into effective gameplay and the potential pitfalls faced during decision-making.

### Decisions:
1. **Conversation Steering**: Player1 aimed to subtly guide the discussion to unearth others' perceptions and gather information. This is a crucial strategic move to ensure that Player1 is engaged yet not overtly suspect.
   
2. **Targeting Suspicions**:
    - **Player4**: Player1 identified Player4 as suspicious due to their lack of involvement and inadequate defense. This indicates Player1's strategy of focusing on behavioral cues to deduce hidden roles.
    - **Player3**: Despite suspicions based on inconsistent responses, Player1 chose to prioritize eliminating Player4 based on broader implications for future game rounds.

### Reflective Insights:
- **Behavioral Analysis**: Player1 leveraged other players' behavioral cues—specifically, engagement levels and self-defense strategies—as a primary source for identifying potential threats. This suggests the importance of attentively monitoring player interactions and their active involvement in discussions.
  
- **Trade-offs and Prioritization**: The decision to focus on Player4 over Player3 highlights effective prioritization, emphasizing collective insights over isolated observations. The rationale was that removing Player4 could unearth clearer dynamics and aid in future strategizing.

- **Subtle Manipulation and Observation**: Maintaining a low profile while directing the conversation shows strategic foresight. It underscores a delicate balance between involvement and subtle influence—a critical skill for ensuring self-preservation while contributing strategically.

### Implications for Future Strategy:
- **Diversified Suspicions**: In future games, it would be beneficial to not only observe behavior patterns but to cross-reference with historical actions and reactions to vote patterns. A multi-faceted approach could improve accuracy in decision-making.
  
- **Enhanced Defense Mechanisms**: Analyzing how players defend themselves can offer insights into their potential roles. Encouraging more rigorous defenses may expose inconsistencies or strategies that would inform future decisions.

- **Encouraging Active Engagement**: By prompting and actively participating in the dialogue, players can derive more live data on suspect behavior. This could lead to illuminating contradictions and identifying potential alliances or adversaries.

As Player1 demonstrated, strategic influence blended with cautious exposure remains pivotal. Developing a nuanced understanding of player behaviors, while encouraging transparency and interaction, will greatly enhance both individual and group success in future rounds.
Player1 demonstrated a thoughtful strategic approach throughout the decision-making process. Key decisions include maintaining suspicion on Player4 while subtly encouraging group participation, emphasizing the importance of information gathering without drawing attention to oneself.

Implications and reflections on Player1's decisions:

1. **Balancing Suspicion and Engagement:** Player1's cautious attitude towards Player4, paired with encouraging broader group engagement, reflects a sophisticated strategy. This approach allows them to probe suspicions without isolating themselves, a common pitfall in group deduction games like Werewolf.

2. **Target Selection and Justification:** The choice to target Player3 over Player2 was based on perceived inconsistencies and a lack of contribution. By articulating clear reasoning, Player1 not only positions themselves as rational and methodical but also avoids emotional or baseless accusations which could backfire. For future strategic decisions, ensuring that accusations are well-founded helps maintain credibility.

3. **Diversifying Suspicion:** By spreading suspicion between two players (Player3 and Player2), Player1 managed to keep options open while fostering a climate of distrust that could be beneficial if they are indeed a werewolf trying to sow chaos. This tactic is a useful reflection for future games, where creating multiple threads of suspicion can confuse the group's consensus.

4. **Importance of Group Dynamics:** The objective of clarifying group dynamics through the elimination of Player3 suggests a priority on unraveling social ties rather than focusing solely on individual behaviors. Understanding these dynamics can offer insights into alliances and help better identify adversarial roles (e.g., werewolves).

Future Strategies:

- **Information Gathering:** Continue developing methods to subtly extract more information from other players. Asking probing questions without appearing aggressive or defensive can unveil hidden alliances or inconsistencies.

- **Adapting to Emerging Dynamics:** Remaining flexible to shift focus based on new evidence or changes in group behavior is crucial. Sticking rigidly to one line of thought may isolate or implicate oneself if others shift perspectives.

- **Maintaining Flexibility in Suspicion:** Keep the potential suspects fluid to avoid becoming predictable. This fluidity forces others to reassess their standing and may lead to inadvertent slips or revelations.

In conclusion, Player1's strategies reflected a nuanced understanding of group dynamics, suspicion management, and the importance of strategic communication without compromising their positioning. Future decisions should continue to iterate upon these elements, enhancing adaptability and perceptiveness in player analysis.