In the decision-making process observed from Player1's perspective, the player is focused on managing suspicion away from themselves and their werewolf partner while carefully navigating discussions to target other players. Player1 initiated the discussion by suggesting that players share observations from the last night, aiming to direct attention toward others' activities and perceptions.

Player1 presented arguments against two other players, Player3 and Player4, identifying them as potential threats based on their quiet behavior and inconsistent participation. Player1 expressed a belief that Player3, specifically, posed a greater threat due to their silence and vague accusations, which Player1 interpreted as a deliberate strategy to avoid suspicion and maintain ambiguity in discussions.

The final decision reflected Player1's intention to eliminate Player3, deemed the larger threat through their conduct, while holding on to the option of reevaluating Player4 in future rounds. 

Key Implications for Future Strategic Decisions:

1. **Behavior Analysis**: Recognizing and interpreting behavioral patterns, such as silence or vague contributions, as potential indicators of duplicity is crucial. This approach, however, must be carefully balanced with the understanding that players may strategically alter their level of engagement to mislead opponents.

2. **Argument Substantiation**: When presenting arguments against other players, it's important to provide clear, substantiated reasoning to convince others. Vague accusations can backfire if they appear manipulative or unjustified.

3. **Adaptability**: Keeping options open for reassessing other players (like Player4) underscores the importance of remaining adaptable. The dynamic nature of the game requires constant reevaluation of perceived threats based on new information.

4. **Manipulation of Attention**: Successfully diverting attention from oneself while directing suspicion toward others is a delicate balance. Deft manipulation requires persuasive communication and the ability to anticipate others' responses.

5. **Next Round Strategy**: Planning for successive rounds by considering the implications of each elimination decision provides a strategic layer that can influence the long-term outcome of the game. The focus on Player3 shows a preference for dealing with immediate threats while setting up future contingencies.
In the scenario provided, Player1 demonstrates a strategic approach to shifting suspicion away from themselves while targeting players that could be potential threats. Here are the key aspects of Player1's decision-making:

1. **Targeted Elimination**: Player1's main strategic decision was to focus on eliminating Player2, a more collaborative member of the village. This decision aligns with the goal of creating discord among the villagers, thus diverting attention from themselves.

2. **Strategic Arguments**: Player1 considered arguments against both Player4 and Player2, choosing to argue against Player4 as being inconsistent, while leveraging an argument against Player2 to weaken the villagers' group dynamic. However, ultimately, they decided against eliminating Player4, understanding the implication that sowing discord would benefit their position more than targeting potential threats.

3. **Maintaining Balance**: Player1 wisely balanced the need to accuse others while keeping a low profile themselves. They expressed the intention to balance suspicion among other players without drawing it toward themselves, which is crucial for a successful sabotage strategy among the villagers.

4. **Observation and Adaptation**: Player1 mentioned staying vigilant about Player4, suggesting an openness to adapt their strategy based on the other players' future actions and behaviors.

### Implications for Future Strategic Decisions:

- **Adaptability and Awareness**: Future decision-makers should maintain adaptability in their strategies, being ready to shift focus if a more beneficial target appears. They should also remain aware of the behavior dynamics within the group to take timely actions.

- **Balance in Accusations**: Charging others with suspicion is important in roles that require deception, but maintaining balance to avoid backfiring is crucial. Deliberate and measured accusations can help in sustaining the role and deflecting suspicion.

- **Use of Discord**: The strategic use of creating discord among opposing players can be a powerful tool in games like Werewolf. By weakening alliances and creating distrust, a player's survival is more likely, especially when being part of a smaller group or minority.

- **Thoughtful Player Evaluations**: Having attention to each player’s behavior and the impact of eliminating them helps in refining strategies to not only target those contributing to suspicion but also to benefit from their removal in terms of gameplay dynamics.

Hence, future games should incorporate a blend of acute observation, careful planning, and tactical eliminations to enhance strategic gameplay while maintaining concealment and misdirection efforts.